[2024/05/13 20:32:16] - Namespace(att_method='norm_steep', attack_iters=10, batch_size=128, beta=1.5, chkpt_iters=50, dataset='svhn', epochs=201, epsilon=0.03137254901960784, eq_vol=1, eval_method='sign', lr_chechpoint1=100, lr_chechpoint2=150, lr_max=0.01, lr_schedule='piecewise', manual_step=0, model='PreRes18_standard', momentum=0.9, norm='l_inf', pgd_alpha=1.0, random_init=1, resume=0, seed=2, train_mode='adv_train', weight_decay=0.0005, width_factor=10)
[2024/05/13 20:32:22] - Epoch 	 Train Time 	 Test Time 	 LR 	 	 Train Loss 	 Train Acc 	 Train Adv Loss 	 Train Adv Acc 	 Train Surrogate Loss 	 Train Surrogate Acc 	 Test Loss 	 Test Acc 	 Test Adv Loss 	 Test Adv Acc 	 Test Surrogate Loss 	 Test Surrogate Acc 
[2024/05/13 20:37:54] - 0 		 236.3 	 	 96.1 	 	 0.0100  		 2.2474 	 0.1873 	 	 2.2688  	 0.1837  	 	 2.2773 	 0.1827  	 	 2.2135 	 0.1965  	 	 2.2294 	 0.1958  	 	 2.2386 	 0.1953
[2024/05/13 20:43:20] - 1 		 230.1 	 	 95.8 	 	 0.0100  		 2.1012 	 0.2548 	 	 2.1796  	 0.2156  	 	 2.2386 	 0.1910  	 	 1.2845 	 0.6113  	 	 1.6824 	 0.4212  	 	 2.0231 	 0.2902
[2024/05/13 20:48:46] - 2 		 230.0 	 	 96.0 	 	 0.0100  		 0.8614 	 0.7691 	 	 1.3755  	 0.5255  	 	 1.8876 	 0.3611  	 	 0.5717 	 0.8513  	 	 1.1125 	 0.6259  	 	 1.7305 	 0.4290
[2024/05/13 20:54:12] - 3 		 230.0 	 	 96.1 	 	 0.0100  		 0.5818 	 0.8568 	 	 1.1122  	 0.6186  	 	 1.7019 	 0.4396  	 	 0.5685 	 0.8520  	 	 1.0964 	 0.6318  	 	 1.6974 	 0.4402
[2024/05/13 20:59:38] - 4 		 230.4 	 	 95.5 	 	 0.0100  		 0.5024 	 0.8807 	 	 1.0163  	 0.6507  	 	 1.6254 	 0.4684  	 	 0.4475 	 0.8914  	 	 0.9933 	 0.6658  	 	 1.7071 	 0.4481
[2024/05/13 21:05:04] - 5 		 230.4 	 	 95.4 	 	 0.0100  		 0.4588 	 0.8924 	 	 0.9616  	 0.6696  	 	 1.5878 	 0.4832  	 	 0.4041 	 0.9020  	 	 0.9462 	 0.6819  	 	 1.6865 	 0.4625
[2024/05/13 21:10:30] - 6 		 230.6 	 	 95.4 	 	 0.0100  		 0.4278 	 0.9009 	 	 0.9190  	 0.6821  	 	 1.5518 	 0.4965  	 	 0.4933 	 0.8845  	 	 0.9700 	 0.6732  	 	 1.5391 	 0.4823
[2024/05/13 21:15:55] - 7 		 230.4 	 	 95.3 	 	 0.0100  		 0.4022 	 0.9073 	 	 0.8843  	 0.6941  	 	 1.5239 	 0.5057  	 	 0.3927 	 0.9112  	 	 0.9157 	 0.6914  	 	 1.6457 	 0.4620
[2024/05/13 21:21:21] - 8 		 230.7 	 	 95.3 	 	 0.0100  		 0.3823 	 0.9134 	 	 0.8557  	 0.7025  	 	 1.5049 	 0.5142  	 	 0.4417 	 0.9096  	 	 0.9623 	 0.6864  	 	 1.6579 	 0.4571
[2024/05/13 21:26:48] - 9 		 230.8 	 	 95.3 	 	 0.0100  		 0.3651 	 0.9172 	 	 0.8313  	 0.7103  	 	 1.4850 	 0.5215  	 	 0.4367 	 0.9026  	 	 0.9237 	 0.6951  	 	 1.5362 	 0.5000
[2024/05/13 21:32:14] - 10 		 230.6 	 	 95.6 	 	 0.0100  		 0.3504 	 0.9219 	 	 0.8101  	 0.7159  	 	 1.4689 	 0.5269  	 	 0.3371 	 0.9216  	 	 0.9386 	 0.6714  	 	 1.9253 	 0.4065
[2024/05/13 21:37:40] - 11 		 230.6 	 	 95.6 	 	 0.0100  		 0.3349 	 0.9258 	 	 0.7871  	 0.7242  	 	 1.4519 	 0.5337  	 	 0.3347 	 0.9143  	 	 0.9162 	 0.6873  	 	 1.8190 	 0.4554
[2024/05/13 21:43:06] - 12 		 230.3 	 	 95.7 	 	 0.0100  		 0.3216 	 0.9287 	 	 0.7694  	 0.7291  	 	 1.4443 	 0.5355  	 	 0.3903 	 0.9052  	 	 0.9246 	 0.6840  	 	 1.6712 	 0.4658
[2024/05/13 21:48:32] - 13 		 230.5 	 	 95.3 	 	 0.0100  		 0.3082 	 0.9331 	 	 0.7491  	 0.7350  	 	 1.4250 	 0.5424  	 	 0.4104 	 0.9123  	 	 0.9362 	 0.6941  	 	 1.6591 	 0.4664
[2024/05/13 21:53:59] - 14 		 230.5 	 	 96.4 	 	 0.0100  		 0.2970 	 0.9353 	 	 0.7320  	 0.7392  	 	 1.4180 	 0.5474  	 	 0.3135 	 0.9296  	 	 0.8897 	 0.7011  	 	 1.8593 	 0.4358
[2024/05/13 21:59:25] - 15 		 230.2 	 	 96.0 	 	 0.0100  		 0.2862 	 0.9381 	 	 0.7150  	 0.7455  	 	 1.4039 	 0.5513  	 	 0.3157 	 0.9235  	 	 0.9292 	 0.6923  	 	 1.9343 	 0.4419
[2024/05/13 22:04:51] - 16 		 230.2 	 	 95.7 	 	 0.0100  		 0.2778 	 0.9404 	 	 0.7036  	 0.7488  	 	 1.3982 	 0.5538  	 	 0.3484 	 0.9152  	 	 0.9152 	 0.6891  	 	 1.7811 	 0.4624
[2024/05/13 22:10:16] - 17 		 230.0 	 	 95.6 	 	 0.0100  		 0.2667 	 0.9432 	 	 0.6857  	 0.7538  	 	 1.3844 	 0.5582  	 	 0.3314 	 0.9197  	 	 0.9388 	 0.6821  	 	 1.9427 	 0.4299
[2024/05/13 22:15:42] - 18 		 230.2 	 	 96.0 	 	 0.0100  		 0.2577 	 0.9457 	 	 0.6718  	 0.7592  	 	 1.3710 	 0.5653  	 	 0.3580 	 0.9183  	 	 0.8977 	 0.6990  	 	 1.7040 	 0.4661
[2024/05/13 22:21:08] - 19 		 230.2 	 	 95.7 	 	 0.0100  		 0.2472 	 0.9477 	 	 0.6558  	 0.7627  	 	 1.3623 	 0.5676  	 	 0.3072 	 0.9252  	 	 0.9305 	 0.6927  	 	 2.0114 	 0.4380
[2024/05/13 22:26:34] - 20 		 230.2 	 	 95.5 	 	 0.0100  		 0.2403 	 0.9498 	 	 0.6442  	 0.7665  	 	 1.3555 	 0.5710  	 	 0.3067 	 0.9149  	 	 1.0397 	 0.6784  	 	 2.3038 	 0.4410
[2024/05/13 22:32:00] - 21 		 230.4 	 	 95.4 	 	 0.0100  		 0.2310 	 0.9516 	 	 0.6288  	 0.7730  	 	 1.3397 	 0.5758  	 	 0.2808 	 0.9309  	 	 0.9350 	 0.6915  	 	 2.1069 	 0.4289
[2024/05/13 22:37:26] - 22 		 230.4 	 	 95.4 	 	 0.0100  		 0.2216 	 0.9538 	 	 0.6154  	 0.7750  	 	 1.3324 	 0.5798  	 	 0.2725 	 0.9291  	 	 0.9643 	 0.6884  	 	 2.2414 	 0.4264
[2024/05/13 22:42:52] - 23 		 230.4 	 	 95.5 	 	 0.0100  		 0.2151 	 0.9553 	 	 0.6047  	 0.7781  	 	 1.3237 	 0.5837  	 	 0.3156 	 0.9212  	 	 0.9362 	 0.6904  	 	 1.9540 	 0.4461
[2024/05/13 22:48:17] - 24 		 230.6 	 	 95.1 	 	 0.0100  		 0.2066 	 0.9576 	 	 0.5882  	 0.7834  	 	 1.3035 	 0.5893  	 	 0.3162 	 0.9181  	 	 0.9645 	 0.6867  	 	 2.0631 	 0.4373
[2024/05/13 22:53:43] - 25 		 230.5 	 	 95.4 	 	 0.0100  		 0.1976 	 0.9596 	 	 0.5753  	 0.7868  	 	 1.3011 	 0.5928  	 	 0.3228 	 0.9127  	 	 1.0702 	 0.6701  	 	 2.3758 	 0.4188
[2024/05/13 22:59:10] - 26 		 230.8 	 	 95.4 	 	 0.0100  		 0.1914 	 0.9613 	 	 0.5629  	 0.7904  	 	 1.2821 	 0.5989  	 	 0.3265 	 0.9158  	 	 0.9760 	 0.6846  	 	 2.0534 	 0.4491
[2024/05/13 23:04:36] - 27 		 230.5 	 	 95.5 	 	 0.0100  		 0.1843 	 0.9633 	 	 0.5534  	 0.7931  	 	 1.2805 	 0.6012  	 	 0.3189 	 0.9213  	 	 1.0115 	 0.6830  	 	 2.2293 	 0.4285
[2024/05/13 23:10:02] - 28 		 231.4 	 	 95.5 	 	 0.0100  		 0.1773 	 0.9653 	 	 0.5406  	 0.7957  	 	 1.2698 	 0.6056  	 	 0.3186 	 0.9138  	 	 1.0411 	 0.6776  	 	 2.2780 	 0.4363
[2024/05/13 23:15:29] - 29 		 230.7 	 	 95.9 	 	 0.0100  		 0.1679 	 0.9674 	 	 0.5226  	 0.8024  	 	 1.2423 	 0.6135  	 	 0.3407 	 0.9146  	 	 1.0112 	 0.6749  	 	 2.1058 	 0.4391
[2024/05/13 23:20:55] - 30 		 230.3 	 	 95.7 	 	 0.0100  		 0.1626 	 0.9688 	 	 0.5171  	 0.8036  	 	 1.2483 	 0.6127  	 	 0.3185 	 0.9129  	 	 1.0773 	 0.6702  	 	 2.3717 	 0.4293
[2024/05/13 23:26:21] - 31 		 230.2 	 	 96.0 	 	 0.0100  		 0.1560 	 0.9703 	 	 0.5058  	 0.8075  	 	 1.2402 	 0.6166  	 	 0.2913 	 0.9226  	 	 1.0651 	 0.6712  	 	 2.5041 	 0.4116
[2024/05/13 23:31:47] - 32 		 230.2 	 	 95.9 	 	 0.0100  		 0.1494 	 0.9717 	 	 0.4934  	 0.8122  	 	 1.2270 	 0.6202  	 	 0.3331 	 0.9117  	 	 1.0483 	 0.6752  	 	 2.2475 	 0.4385
[2024/05/13 23:37:13] - 33 		 230.0 	 	 95.7 	 	 0.0100  		 0.1429 	 0.9735 	 	 0.4804  	 0.8162  	 	 1.2108 	 0.6268  	 	 0.3173 	 0.9141  	 	 1.2209 	 0.6466  	 	 2.8448 	 0.3913
[2024/05/13 23:42:39] - 34 		 230.4 	 	 95.8 	 	 0.0100  		 0.1380 	 0.9749 	 	 0.4742  	 0.8174  	 	 1.2111 	 0.6301  	 	 0.3172 	 0.9128  	 	 1.2055 	 0.6570  	 	 2.8276 	 0.4005
[2024/05/13 23:48:05] - 35 		 230.5 	 	 95.3 	 	 0.0100  		 0.1325 	 0.9760 	 	 0.4633  	 0.8208  	 	 1.1975 	 0.6319  	 	 0.2832 	 0.9194  	 	 1.1466 	 0.6682  	 	 2.7308 	 0.4053
[2024/05/13 23:53:31] - 36 		 230.4 	 	 95.3 	 	 0.0100  		 0.1255 	 0.9783 	 	 0.4482  	 0.8261  	 	 1.1745 	 0.6395  	 	 0.3429 	 0.9101  	 	 1.1942 	 0.6380  	 	 2.6991 	 0.3755
[2024/05/13 23:58:57] - 37 		 230.6 	 	 95.5 	 	 0.0100  		 0.1206 	 0.9793 	 	 0.4410  	 0.8277  	 	 1.1748 	 0.6389  	 	 0.3719 	 0.8987  	 	 1.1776 	 0.6486  	 	 2.4740 	 0.4131
[2024/05/14 00:04:23] - 38 		 230.5 	 	 95.4 	 	 0.0100  		 0.1160 	 0.9799 	 	 0.4320  	 0.8319  	 	 1.1681 	 0.6434  	 	 0.3285 	 0.9095  	 	 1.1275 	 0.6544  	 	 2.4952 	 0.4010
[2024/05/14 00:09:49] - 39 		 230.4 	 	 95.3 	 	 0.0100  		 0.1106 	 0.9814 	 	 0.4227  	 0.8328  	 	 1.1577 	 0.6467  	 	 0.3725 	 0.8984  	 	 1.2698 	 0.6445  	 	 2.7649 	 0.4087
[2024/05/14 00:15:15] - 40 		 230.5 	 	 95.6 	 	 0.0100  		 0.1070 	 0.9825 	 	 0.4184  	 0.8337  	 	 1.1592 	 0.6467  	 	 0.3231 	 0.9103  	 	 1.1143 	 0.6609  	 	 2.4225 	 0.4213
[2024/05/14 00:20:41] - 41 		 230.6 	 	 95.3 	 	 0.0100  		 0.1022 	 0.9833 	 	 0.4059  	 0.8394  	 	 1.1397 	 0.6532  	 	 0.3366 	 0.9043  	 	 1.2456 	 0.6478  	 	 2.8127 	 0.4087
[2024/05/14 00:26:07] - 42 		 230.9 	 	 95.4 	 	 0.0100  		 0.0971 	 0.9839 	 	 0.3955  	 0.8432  	 	 1.1198 	 0.6590  	 	 0.3415 	 0.9052  	 	 1.3267 	 0.6411  	 	 3.0178 	 0.3961
[2024/05/14 00:31:33] - 43 		 230.4 	 	 95.3 	 	 0.0100  		 0.0924 	 0.9853 	 	 0.3883  	 0.8460  	 	 1.1195 	 0.6593  	 	 0.3420 	 0.9047  	 	 1.2113 	 0.6536  	 	 2.6678 	 0.4139
[2024/05/14 00:36:59] - 44 		 230.8 	 	 95.6 	 	 0.0100  		 0.0891 	 0.9862 	 	 0.3842  	 0.8473  	 	 1.1201 	 0.6596  	 	 0.3491 	 0.8997  	 	 1.2516 	 0.6420  	 	 2.7127 	 0.4058
[2024/05/14 00:42:25] - 45 		 230.4 	 	 96.0 	 	 0.0100  		 0.0861 	 0.9868 	 	 0.3760  	 0.8497  	 	 1.1038 	 0.6648  	 	 0.3284 	 0.9081  	 	 1.2879 	 0.6422  	 	 2.9182 	 0.3979
[2024/05/14 00:47:52] - 46 		 230.2 	 	 95.8 	 	 0.0100  		 0.0808 	 0.9877 	 	 0.3635  	 0.8548  	 	 1.0896 	 0.6696  	 	 0.3656 	 0.8999  	 	 1.2616 	 0.6293  	 	 2.7152 	 0.3924
[2024/05/14 00:53:18] - 47 		 230.0 	 	 96.2 	 	 0.0100  		 0.0785 	 0.9883 	 	 0.3626  	 0.8534  	 	 1.0986 	 0.6675  	 	 0.3352 	 0.9054  	 	 1.3904 	 0.6368  	 	 3.2086 	 0.3902
[2024/05/14 00:58:44] - 48 		 230.0 	 	 96.1 	 	 0.0100  		 0.0756 	 0.9885 	 	 0.3573  	 0.8563  	 	 1.0905 	 0.6713  	 	 0.3388 	 0.9087  	 	 1.4067 	 0.6414  	 	 3.2704 	 0.3944
[2024/05/14 01:04:10] - 49 		 230.4 	 	 95.6 	 	 0.0100  		 0.0723 	 0.9899 	 	 0.3499  	 0.8591  	 	 1.0800 	 0.6746  	 	 0.3286 	 0.9101  	 	 1.2261 	 0.6473  	 	 2.7318 	 0.4014
[2024/05/14 01:09:36] - 50 		 230.3 	 	 95.5 	 	 0.0100  		 0.0689 	 0.9907 	 	 0.3408  	 0.8617  	 	 1.0668 	 0.6771  	 	 0.3549 	 0.9017  	 	 1.3008 	 0.6227  	 	 2.8576 	 0.3787
[2024/05/14 01:15:02] - 51 		 230.6 	 	 95.3 	 	 0.0100  		 0.0647 	 0.9915 	 	 0.3313  	 0.8653  	 	 1.0582 	 0.6794  	 	 0.3603 	 0.8988  	 	 1.3418 	 0.6264  	 	 2.9424 	 0.3876
[2024/05/14 01:20:27] - 52 		 230.2 	 	 95.6 	 	 0.0100  		 0.0629 	 0.9919 	 	 0.3304  	 0.8659  	 	 1.0602 	 0.6804  	 	 0.3371 	 0.9057  	 	 1.4648 	 0.6255  	 	 3.3938 	 0.3774
[2024/05/14 01:25:53] - 53 		 230.3 	 	 95.4 	 	 0.0100  		 0.0598 	 0.9925 	 	 0.3229  	 0.8685  	 	 1.0520 	 0.6827  	 	 0.3336 	 0.9058  	 	 1.2677 	 0.6423  	 	 2.8304 	 0.3976
[2024/05/14 01:31:19] - 54 		 230.3 	 	 95.5 	 	 0.0100  		 0.0577 	 0.9929 	 	 0.3185  	 0.8694  	 	 1.0493 	 0.6861  	 	 0.3586 	 0.8999  	 	 1.3537 	 0.6358  	 	 2.9835 	 0.3978
[2024/05/14 01:36:45] - 55 		 230.6 	 	 95.4 	 	 0.0100  		 0.0567 	 0.9928 	 	 0.3176  	 0.8700  	 	 1.0474 	 0.6833  	 	 0.3684 	 0.8981  	 	 1.5460 	 0.6128  	 	 3.4402 	 0.3742
[2024/05/14 01:42:11] - 56 		 230.4 	 	 95.4 	 	 0.0100  		 0.0528 	 0.9934 	 	 0.3057  	 0.8746  	 	 1.0312 	 0.6904  	 	 0.3739 	 0.8926  	 	 1.3119 	 0.6230  	 	 2.7678 	 0.3947
[2024/05/14 01:47:36] - 57 		 230.4 	 	 95.3 	 	 0.0100  		 0.0509 	 0.9937 	 	 0.3014  	 0.8764  	 	 1.0230 	 0.6930  	 	 0.3863 	 0.8927  	 	 1.4065 	 0.6025  	 	 3.0347 	 0.3560
[2024/05/14 01:53:03] - 58 		 230.7 	 	 95.5 	 	 0.0100  		 0.0475 	 0.9947 	 	 0.2918  	 0.8813  	 	 1.0139 	 0.6954  	 	 0.3948 	 0.8894  	 	 1.5195 	 0.6182  	 	 3.2940 	 0.3915
[2024/05/14 01:58:29] - 59 		 230.6 	 	 95.6 	 	 0.0100  		 0.0467 	 0.9945 	 	 0.2891  	 0.8810  	 	 1.0074 	 0.6987  	 	 0.3649 	 0.8936  	 	 1.3387 	 0.6277  	 	 2.8690 	 0.3980
[2024/05/14 02:03:55] - 60 		 230.2 	 	 95.7 	 	 0.0100  		 0.0447 	 0.9949 	 	 0.2853  	 0.8830  	 	 1.0082 	 0.6993  	 	 0.3970 	 0.8861  	 	 1.5239 	 0.5954  	 	 3.3135 	 0.3611
[2024/05/14 02:09:21] - 61 		 230.2 	 	 95.8 	 	 0.0100  		 0.0438 	 0.9951 	 	 0.2858  	 0.8835  	 	 1.0085 	 0.6992  	 	 0.3413 	 0.9014  	 	 1.4147 	 0.6225  	 	 3.1174 	 0.3843
[2024/05/14 02:14:47] - 62 		 230.2 	 	 95.8 	 	 0.0100  		 0.0432 	 0.9954 	 	 0.2866  	 0.8819  	 	 1.0230 	 0.6955  	 	 0.3460 	 0.9009  	 	 1.3813 	 0.6211  	 	 3.0832 	 0.3800
[2024/05/14 02:20:13] - 63 		 230.3 	 	 95.6 	 	 0.0100  		 0.0410 	 0.9956 	 	 0.2771  	 0.8871  	 	 0.9983 	 0.7003  	 	 0.4087 	 0.8809  	 	 1.4568 	 0.6177  	 	 3.0510 	 0.3951
[2024/05/14 02:25:39] - 64 		 230.4 	 	 95.8 	 	 0.0100  		 0.0386 	 0.9961 	 	 0.2712  	 0.8887  	 	 0.9961 	 0.7032  	 	 0.3363 	 0.9063  	 	 1.4402 	 0.6261  	 	 3.2695 	 0.3859
[2024/05/14 02:31:05] - 65 		 230.3 	 	 95.8 	 	 0.0100  		 0.0379 	 0.9959 	 	 0.2707  	 0.8895  	 	 0.9975 	 0.7044  	 	 0.3524 	 0.8995  	 	 1.4338 	 0.6174  	 	 3.1689 	 0.3768
[2024/05/14 02:36:31] - 66 		 230.9 	 	 95.2 	 	 0.0100  		 0.0372 	 0.9963 	 	 0.2699  	 0.8894  	 	 0.9932 	 0.7051  	 	 0.3699 	 0.8966  	 	 1.4275 	 0.6260  	 	 3.0763 	 0.3946
[2024/05/14 02:41:57] - 67 		 230.4 	 	 95.3 	 	 0.0100  		 0.0358 	 0.9964 	 	 0.2647  	 0.8905  	 	 0.9855 	 0.7059  	 	 0.3708 	 0.8949  	 	 1.5232 	 0.6237  	 	 3.4045 	 0.3823
[2024/05/14 02:47:23] - 68 		 230.5 	 	 95.4 	 	 0.0100  		 0.0346 	 0.9966 	 	 0.2621  	 0.8933  	 	 0.9882 	 0.7078  	 	 0.4214 	 0.8820  	 	 1.5793 	 0.6146  	 	 3.3533 	 0.3846
[2024/05/14 02:52:49] - 69 		 230.9 	 	 95.6 	 	 0.0100  		 0.0338 	 0.9967 	 	 0.2608  	 0.8924  	 	 0.9918 	 0.7074  	 	 0.3105 	 0.9123  	 	 1.4526 	 0.6306  	 	 3.3842 	 0.3868
[2024/05/14 02:58:16] - 70 		 230.5 	 	 95.8 	 	 0.0100  		 0.0327 	 0.9967 	 	 0.2562  	 0.8951  	 	 0.9800 	 0.7095  	 	 0.3175 	 0.9089  	 	 1.4155 	 0.6369  	 	 3.2096 	 0.3985
[2024/05/14 03:03:42] - 71 		 230.6 	 	 95.2 	 	 0.0100  		 0.0319 	 0.9969 	 	 0.2546  	 0.8964  	 	 0.9786 	 0.7114  	 	 0.3467 	 0.9015  	 	 1.5061 	 0.6210  	 	 3.3699 	 0.3876
[2024/05/14 03:09:08] - 72 		 230.7 	 	 95.6 	 	 0.0100  		 0.0308 	 0.9969 	 	 0.2500  	 0.8986  	 	 0.9763 	 0.7127  	 	 0.3766 	 0.8904  	 	 1.5707 	 0.6063  	 	 3.4220 	 0.3713
[2024/05/14 03:14:35] - 73 		 230.7 	 	 95.4 	 	 0.0100  		 0.0307 	 0.9972 	 	 0.2506  	 0.8981  	 	 0.9651 	 0.7129  	 	 0.3112 	 0.9100  	 	 1.3767 	 0.6441  	 	 3.1757 	 0.4047
[2024/05/14 03:20:01] - 74 		 230.7 	 	 95.4 	 	 0.0100  		 0.0301 	 0.9971 	 	 0.2510  	 0.8976  	 	 0.9771 	 0.7131  	 	 0.3390 	 0.9046  	 	 1.4303 	 0.6252  	 	 3.2332 	 0.3841
[2024/05/14 03:25:27] - 75 		 230.6 	 	 95.3 	 	 0.0100  		 0.0284 	 0.9975 	 	 0.2447  	 0.9002  	 	 0.9728 	 0.7133  	 	 0.3444 	 0.9015  	 	 1.4229 	 0.6310  	 	 3.1290 	 0.3982
[2024/05/14 03:30:53] - 76 		 230.8 	 	 95.6 	 	 0.0100  		 0.0277 	 0.9973 	 	 0.2423  	 0.9009  	 	 0.9650 	 0.7160  	 	 0.3770 	 0.8916  	 	 1.4749 	 0.6232  	 	 3.1919 	 0.3980
[2024/05/14 03:36:19] - 77 		 230.5 	 	 95.4 	 	 0.0100  		 0.0265 	 0.9977 	 	 0.2387  	 0.9032  	 	 0.9618 	 0.7176  	 	 0.3819 	 0.8884  	 	 1.4602 	 0.6128  	 	 3.0886 	 0.3840
[2024/05/14 03:41:45] - 78 		 230.3 	 	 95.6 	 	 0.0100  		 0.0259 	 0.9977 	 	 0.2400  	 0.9012  	 	 0.9704 	 0.7140  	 	 0.3413 	 0.9029  	 	 1.5077 	 0.6250  	 	 3.4345 	 0.3921
[2024/05/14 03:47:11] - 79 		 230.3 	 	 95.6 	 	 0.0100  		 0.0247 	 0.9977 	 	 0.2313  	 0.9056  	 	 0.9564 	 0.7201  	 	 0.3639 	 0.8947  	 	 1.4301 	 0.6146  	 	 3.1054 	 0.3799
[2024/05/14 03:52:36] - 80 		 230.3 	 	 95.4 	 	 0.0100  		 0.0244 	 0.9977 	 	 0.2309  	 0.9061  	 	 0.9490 	 0.7229  	 	 0.3648 	 0.8930  	 	 1.6010 	 0.5945  	 	 3.4575 	 0.3665
[2024/05/14 03:58:02] - 81 		 230.5 	 	 95.2 	 	 0.0100  		 0.0233 	 0.9981 	 	 0.2273  	 0.9070  	 	 0.9463 	 0.7216  	 	 0.4003 	 0.8853  	 	 1.4997 	 0.6097  	 	 3.1524 	 0.3841
[2024/05/14 04:03:28] - 82 		 230.5 	 	 95.2 	 	 0.0100  		 0.0239 	 0.9978 	 	 0.2305  	 0.9058  	 	 0.9540 	 0.7223  	 	 0.4188 	 0.8820  	 	 1.6615 	 0.6106  	 	 3.5222 	 0.3868
[2024/05/14 04:08:54] - 83 		 230.6 	 	 95.6 	 	 0.0100  		 0.0230 	 0.9981 	 	 0.2292  	 0.9070  	 	 0.9506 	 0.7236  	 	 0.3934 	 0.8864  	 	 1.6180 	 0.5991  	 	 3.5165 	 0.3664
[2024/05/14 04:14:20] - 84 		 230.4 	 	 95.7 	 	 0.0100  		 0.0220 	 0.9982 	 	 0.2210  	 0.9100  	 	 0.9328 	 0.7272  	 	 0.4281 	 0.8786  	 	 1.6122 	 0.6023  	 	 3.3209 	 0.3856
[2024/05/14 04:19:47] - 85 		 230.4 	 	 95.9 	 	 0.0100  		 0.0211 	 0.9979 	 	 0.2200  	 0.9106  	 	 0.9389 	 0.7288  	 	 0.3598 	 0.8956  	 	 1.5938 	 0.6029  	 	 3.5340 	 0.3646
[2024/05/14 04:25:13] - 86 		 230.3 	 	 95.5 	 	 0.0100  		 0.0214 	 0.9982 	 	 0.2199  	 0.9114  	 	 0.9321 	 0.7278  	 	 0.3616 	 0.8959  	 	 1.4480 	 0.6296  	 	 3.1585 	 0.3963
[2024/05/14 04:30:39] - 87 		 230.3 	 	 95.9 	 	 0.0100  		 0.0201 	 0.9985 	 	 0.2177  	 0.9111  	 	 0.9394 	 0.7288  	 	 0.4121 	 0.8837  	 	 1.6361 	 0.6134  	 	 3.5074 	 0.3916
[2024/05/14 04:36:05] - 88 		 230.3 	 	 95.4 	 	 0.0100  		 0.0202 	 0.9984 	 	 0.2160  	 0.9125  	 	 0.9280 	 0.7308  	 	 0.3698 	 0.8997  	 	 1.5442 	 0.6186  	 	 3.4332 	 0.3800
[2024/05/14 04:41:31] - 89 		 230.8 	 	 95.3 	 	 0.0100  		 0.0197 	 0.9986 	 	 0.2136  	 0.9136  	 	 0.9225 	 0.7317  	 	 0.3834 	 0.8902  	 	 1.5815 	 0.6151  	 	 3.3903 	 0.3898
[2024/05/14 04:46:58] - 90 		 231.0 	 	 95.8 	 	 0.0100  		 0.0193 	 0.9984 	 	 0.2142  	 0.9129  	 	 0.9289 	 0.7298  	 	 0.4124 	 0.8837  	 	 1.6428 	 0.6101  	 	 3.4638 	 0.3878
[2024/05/14 04:52:24] - 91 		 230.7 	 	 95.4 	 	 0.0100  		 0.0189 	 0.9985 	 	 0.2122  	 0.9149  	 	 0.9261 	 0.7312  	 	 0.3790 	 0.8929  	 	 1.5247 	 0.6289  	 	 3.3145 	 0.3991
[2024/05/14 04:57:50] - 92 		 230.5 	 	 95.3 	 	 0.0100  		 0.0188 	 0.9985 	 	 0.2117  	 0.9135  	 	 0.9219 	 0.7317  	 	 0.4043 	 0.8843  	 	 1.5174 	 0.6179  	 	 3.1880 	 0.3960
[2024/05/14 05:03:16] - 93 		 230.3 	 	 95.6 	 	 0.0100  		 0.0178 	 0.9987 	 	 0.2082  	 0.9161  	 	 0.9296 	 0.7301  	 	 0.4116 	 0.8810  	 	 1.5721 	 0.6137  	 	 3.3411 	 0.3883
[2024/05/14 05:08:41] - 94 		 230.4 	 	 95.1 	 	 0.0100  		 0.0171 	 0.9987 	 	 0.2032  	 0.9172  	 	 0.9129 	 0.7366  	 	 0.3713 	 0.8960  	 	 1.6520 	 0.6174  	 	 3.6527 	 0.3874
[2024/05/14 05:14:07] - 95 		 230.5 	 	 95.2 	 	 0.0100  		 0.0179 	 0.9986 	 	 0.2111  	 0.9138  	 	 0.9319 	 0.7312  	 	 0.3641 	 0.8976  	 	 1.5740 	 0.6185  	 	 3.4447 	 0.3904
[2024/05/14 05:19:33] - 96 		 230.7 	 	 95.4 	 	 0.0100  		 0.0163 	 0.9987 	 	 0.2010  	 0.9190  	 	 0.9139 	 0.7356  	 	 0.4069 	 0.8873  	 	 1.6579 	 0.6081  	 	 3.5315 	 0.3862
[2024/05/14 05:24:59] - 97 		 230.5 	 	 95.3 	 	 0.0100  		 0.0159 	 0.9987 	 	 0.1970  	 0.9221  	 	 0.9019 	 0.7403  	 	 0.3622 	 0.8956  	 	 1.5296 	 0.6050  	 	 3.3483 	 0.3723
[2024/05/14 05:30:25] - 98 		 230.7 	 	 95.3 	 	 0.0100  		 0.0160 	 0.9987 	 	 0.1990  	 0.9192  	 	 0.9070 	 0.7384  	 	 0.4381 	 0.8749  	 	 1.6463 	 0.5989  	 	 3.3644 	 0.3854
[2024/05/14 05:35:51] - 99 		 230.4 	 	 95.4 	 	 0.0010  		 0.0162 	 0.9988 	 	 0.2050  	 0.9166  	 	 0.9269 	 0.7338  	 	 0.3869 	 0.8943  	 	 1.5662 	 0.6239  	 	 3.3788 	 0.3973
[2024/05/14 05:41:16] - 100 		 230.3 	 	 95.3 	 	 0.0010  		 0.0087 	 0.9996 	 	 0.1038  	 0.9639  	 	 0.6273 	 0.7912  	 	 0.3546 	 0.8982  	 	 1.5702 	 0.6250  	 	 3.4580 	 0.3992
[2024/05/14 05:46:42] - 101 		 230.4 	 	 95.1 	 	 0.0010  		 0.0053 	 0.9998 	 	 0.0656  	 0.9786  	 	 0.4892 	 0.8336  	 	 0.3309 	 0.9057  	 	 1.5664 	 0.6367  	 	 3.4560 	 0.4196
[2024/05/14 05:52:08] - 102 		 230.6 	 	 95.7 	 	 0.0010  		 0.0043 	 0.9998 	 	 0.0551  	 0.9815  	 	 0.4417 	 0.8499  	 	 0.3704 	 0.8994  	 	 1.7059 	 0.6393  	 	 3.6481 	 0.4386
[2024/05/14 05:57:34] - 103 		 230.1 	 	 95.4 	 	 0.0010  		 0.0037 	 0.9998 	 	 0.0481  	 0.9836  	 	 0.4107 	 0.8604  	 	 0.3360 	 0.9059  	 	 1.6011 	 0.6414  	 	 3.5381 	 0.4252
[2024/05/14 06:03:00] - 104 		 230.4 	 	 95.9 	 	 0.0010  		 0.0033 	 0.9998 	 	 0.0443  	 0.9851  	 	 0.3907 	 0.8689  	 	 0.3634 	 0.8983  	 	 1.6288 	 0.6382  	 	 3.5371 	 0.4233
[2024/05/14 06:08:26] - 105 		 230.1 	 	 95.7 	 	 0.0010  		 0.0029 	 0.9999 	 	 0.0397  	 0.9866  	 	 0.3742 	 0.8739  	 	 0.3664 	 0.8980  	 	 1.7023 	 0.6302  	 	 3.6860 	 0.4202
[2024/05/14 06:13:52] - 106 		 230.2 	 	 95.6 	 	 0.0010  		 0.0027 	 0.9999 	 	 0.0383  	 0.9874  	 	 0.3668 	 0.8780  	 	 0.3210 	 0.9088  	 	 1.6193 	 0.6461  	 	 3.6359 	 0.4328
[2024/05/14 06:19:18] - 107 		 230.5 	 	 95.6 	 	 0.0010  		 0.0025 	 0.9999 	 	 0.0359  	 0.9880  	 	 0.3551 	 0.8820  	 	 0.3172 	 0.9113  	 	 1.5869 	 0.6444  	 	 3.5625 	 0.4304
[2024/05/14 06:24:44] - 108 		 230.5 	 	 95.4 	 	 0.0010  		 0.0023 	 0.9999 	 	 0.0337  	 0.9891  	 	 0.3484 	 0.8847  	 	 0.3706 	 0.8944  	 	 1.7461 	 0.6225  	 	 3.7764 	 0.4101
[2024/05/14 06:30:09] - 109 		 230.3 	 	 95.2 	 	 0.0010  		 0.0022 	 0.9999 	 	 0.0316  	 0.9897  	 	 0.3390 	 0.8882  	 	 0.3399 	 0.9048  	 	 1.6905 	 0.6446  	 	 3.7127 	 0.4402
[2024/05/14 06:35:35] - 110 		 230.5 	 	 95.4 	 	 0.0010  		 0.0020 	 0.9999 	 	 0.0297  	 0.9906  	 	 0.3392 	 0.8887  	 	 0.3756 	 0.8974  	 	 1.6818 	 0.6500  	 	 3.5819 	 0.4491
[2024/05/14 06:41:01] - 111 		 230.3 	 	 95.3 	 	 0.0010  		 0.0019 	 0.9999 	 	 0.0292  	 0.9907  	 	 0.3341 	 0.8896  	 	 0.3423 	 0.9040  	 	 1.6629 	 0.6446  	 	 3.6234 	 0.4373
[2024/05/14 06:46:26] - 112 		 230.5 	 	 95.0 	 	 0.0010  		 0.0018 	 0.9999 	 	 0.0277  	 0.9911  	 	 0.3273 	 0.8925  	 	 0.3957 	 0.8926  	 	 1.7906 	 0.6314  	 	 3.7519 	 0.4376
[2024/05/14 06:51:52] - 113 		 230.2 	 	 95.4 	 	 0.0010  		 0.0017 	 0.9999 	 	 0.0262  	 0.9916  	 	 0.3232 	 0.8934  	 	 0.3471 	 0.9038  	 	 1.6667 	 0.6445  	 	 3.6463 	 0.4349
[2024/05/14 06:57:18] - 114 		 230.3 	 	 95.3 	 	 0.0010  		 0.0016 	 0.9999 	 	 0.0256  	 0.9919  	 	 0.3221 	 0.8947  	 	 0.3890 	 0.8965  	 	 1.7451 	 0.6364  	 	 3.7373 	 0.4333
[2024/05/14 07:02:43] - 115 		 230.3 	 	 95.6 	 	 0.0010  		 0.0015 	 0.9999 	 	 0.0246  	 0.9921  	 	 0.3151 	 0.8975  	 	 0.3791 	 0.8980  	 	 1.7205 	 0.6453  	 	 3.6689 	 0.4454
[2024/05/14 07:08:09] - 116 		 230.1 	 	 95.3 	 	 0.0010  		 0.0014 	 1.0000 	 	 0.0235  	 0.9928  	 	 0.3192 	 0.8957  	 	 0.3134 	 0.9118  	 	 1.6630 	 0.6437  	 	 3.7250 	 0.4319
[2024/05/14 07:13:35] - 117 		 230.2 	 	 95.4 	 	 0.0010  		 0.0014 	 1.0000 	 	 0.0235  	 0.9923  	 	 0.3167 	 0.8971  	 	 0.3762 	 0.8974  	 	 1.7765 	 0.6342  	 	 3.8731 	 0.4220
[2024/05/14 07:19:00] - 118 		 230.2 	 	 95.4 	 	 0.0010  		 0.0013 	 1.0000 	 	 0.0224  	 0.9932  	 	 0.3137 	 0.8986  	 	 0.3124 	 0.9121  	 	 1.6285 	 0.6502  	 	 3.6463 	 0.4393
[2024/05/14 07:24:26] - 119 		 230.3 	 	 95.3 	 	 0.0010  		 0.0013 	 1.0000 	 	 0.0214  	 0.9932  	 	 0.3073 	 0.8998  	 	 0.3312 	 0.9079  	 	 1.6996 	 0.6428  	 	 3.7747 	 0.4306
[2024/05/14 07:29:52] - 120 		 230.3 	 	 95.6 	 	 0.0010  		 0.0012 	 1.0000 	 	 0.0208  	 0.9935  	 	 0.3112 	 0.8993  	 	 0.3574 	 0.9031  	 	 1.7182 	 0.6504  	 	 3.7210 	 0.4429
[2024/05/14 07:35:17] - 121 		 230.2 	 	 95.0 	 	 0.0010  		 0.0012 	 1.0000 	 	 0.0201  	 0.9941  	 	 0.3087 	 0.9003  	 	 0.3627 	 0.9028  	 	 1.7264 	 0.6447  	 	 3.7081 	 0.4397
[2024/05/14 07:40:43] - 122 		 230.3 	 	 95.3 	 	 0.0010  		 0.0011 	 1.0000 	 	 0.0194  	 0.9942  	 	 0.3034 	 0.9016  	 	 0.3794 	 0.8950  	 	 1.8104 	 0.6279  	 	 3.9112 	 0.4171
[2024/05/14 07:46:08] - 123 		 230.2 	 	 95.3 	 	 0.0010  		 0.0011 	 1.0000 	 	 0.0192  	 0.9943  	 	 0.3055 	 0.9012  	 	 0.3484 	 0.9055  	 	 1.7150 	 0.6473  	 	 3.7932 	 0.4357
[2024/05/14 07:51:34] - 124 		 230.2 	 	 95.6 	 	 0.0010  		 0.0010 	 0.9999 	 	 0.0182  	 0.9942  	 	 0.2985 	 0.9033  	 	 0.3244 	 0.9081  	 	 1.6597 	 0.6491  	 	 3.6942 	 0.4397
[2024/05/14 07:56:59] - 125 		 230.3 	 	 95.3 	 	 0.0010  		 0.0010 	 1.0000 	 	 0.0182  	 0.9943  	 	 0.2981 	 0.9031  	 	 0.3703 	 0.9002  	 	 1.7463 	 0.6471  	 	 3.7451 	 0.4404
[2024/05/14 08:02:25] - 126 		 230.4 	 	 95.5 	 	 0.0010  		 0.0010 	 0.9999 	 	 0.0174  	 0.9951  	 	 0.3004 	 0.9024  	 	 0.3406 	 0.9058  	 	 1.7786 	 0.6378  	 	 3.9163 	 0.4253
[2024/05/14 08:07:51] - 127 		 230.4 	 	 95.4 	 	 0.0010  		 0.0009 	 1.0000 	 	 0.0171  	 0.9951  	 	 0.2993 	 0.9036  	 	 0.3590 	 0.8987  	 	 1.7898 	 0.6306  	 	 3.9012 	 0.4165
[2024/05/14 08:13:17] - 128 		 230.4 	 	 95.4 	 	 0.0010  		 0.0009 	 1.0000 	 	 0.0173  	 0.9950  	 	 0.2989 	 0.9048  	 	 0.4110 	 0.8902  	 	 1.7850 	 0.6403  	 	 3.7070 	 0.4443
[2024/05/14 08:18:43] - 129 		 230.4 	 	 95.4 	 	 0.0010  		 0.0009 	 1.0000 	 	 0.0162  	 0.9953  	 	 0.2935 	 0.9050  	 	 0.3371 	 0.9085  	 	 1.6996 	 0.6565  	 	 3.7078 	 0.4499
[2024/05/14 08:24:08] - 130 		 230.2 	 	 95.5 	 	 0.0010  		 0.0009 	 1.0000 	 	 0.0156  	 0.9954  	 	 0.2896 	 0.9068  	 	 0.3792 	 0.8964  	 	 1.8059 	 0.6376  	 	 3.8576 	 0.4337
[2024/05/14 08:29:34] - 131 		 230.1 	 	 95.7 	 	 0.0010  		 0.0009 	 1.0000 	 	 0.0152  	 0.9958  	 	 0.2844 	 0.9080  	 	 0.3899 	 0.8967  	 	 1.8266 	 0.6413  	 	 3.8909 	 0.4373
[2024/05/14 08:35:00] - 132 		 230.1 	 	 95.5 	 	 0.0010  		 0.0009 	 1.0000 	 	 0.0154  	 0.9955  	 	 0.2881 	 0.9075  	 	 0.3562 	 0.9031  	 	 1.7439 	 0.6434  	 	 3.7952 	 0.4360
[2024/05/14 08:40:26] - 133 		 230.1 	 	 95.7 	 	 0.0010  		 0.0008 	 1.0000 	 	 0.0146  	 0.9959  	 	 0.2892 	 0.9067  	 	 0.3674 	 0.9004  	 	 1.7906 	 0.6386  	 	 3.8445 	 0.4335
[2024/05/14 08:45:51] - 134 		 230.3 	 	 95.2 	 	 0.0010  		 0.0008 	 1.0000 	 	 0.0143  	 0.9960  	 	 0.2899 	 0.9067  	 	 0.3714 	 0.8985  	 	 1.7596 	 0.6411  	 	 3.7421 	 0.4423
[2024/05/14 08:51:17] - 135 		 230.3 	 	 95.2 	 	 0.0010  		 0.0008 	 1.0000 	 	 0.0139  	 0.9961  	 	 0.2798 	 0.9098  	 	 0.3973 	 0.8932  	 	 1.8689 	 0.6310  	 	 3.9433 	 0.4328
[2024/05/14 08:56:42] - 136 		 230.1 	 	 95.4 	 	 0.0010  		 0.0008 	 1.0000 	 	 0.0135  	 0.9962  	 	 0.2788 	 0.9094  	 	 0.3312 	 0.9096  	 	 1.6967 	 0.6516  	 	 3.6755 	 0.4516
[2024/05/14 09:02:08] - 137 		 230.6 	 	 95.2 	 	 0.0010  		 0.0008 	 1.0000 	 	 0.0138  	 0.9961  	 	 0.2855 	 0.9094  	 	 0.3884 	 0.8939  	 	 1.8558 	 0.6271  	 	 3.9706 	 0.4224
[2024/05/14 09:07:34] - 138 		 230.6 	 	 95.5 	 	 0.0010  		 0.0008 	 1.0000 	 	 0.0135  	 0.9962  	 	 0.2799 	 0.9099  	 	 0.3522 	 0.9035  	 	 1.8300 	 0.6323  	 	 3.9976 	 0.4227
[2024/05/14 09:13:00] - 139 		 230.4 	 	 95.7 	 	 0.0010  		 0.0007 	 1.0000 	 	 0.0128  	 0.9964  	 	 0.2778 	 0.9102  	 	 0.3309 	 0.9075  	 	 1.7062 	 0.6453  	 	 3.7450 	 0.4389
[2024/05/14 09:18:26] - 140 		 230.6 	 	 95.4 	 	 0.0010  		 0.0007 	 1.0000 	 	 0.0131  	 0.9963  	 	 0.2797 	 0.9093  	 	 0.3761 	 0.8990  	 	 1.7749 	 0.6416  	 	 3.7839 	 0.4380
[2024/05/14 09:23:52] - 141 		 230.4 	 	 95.5 	 	 0.0010  		 0.0007 	 1.0000 	 	 0.0128  	 0.9962  	 	 0.2787 	 0.9106  	 	 0.3359 	 0.9059  	 	 1.7672 	 0.6383  	 	 3.8547 	 0.4329
[2024/05/14 09:29:18] - 142 		 230.6 	 	 95.6 	 	 0.0010  		 0.0007 	 1.0000 	 	 0.0126  	 0.9965  	 	 0.2800 	 0.9105  	 	 0.4267 	 0.8905  	 	 1.9085 	 0.6386  	 	 3.9645 	 0.4423
[2024/05/14 09:34:44] - 143 		 230.3 	 	 95.5 	 	 0.0010  		 0.0007 	 1.0000 	 	 0.0122  	 0.9968  	 	 0.2793 	 0.9093  	 	 0.4030 	 0.8920  	 	 1.8917 	 0.6278  	 	 4.0428 	 0.4203
[2024/05/14 09:40:10] - 144 		 230.6 	 	 95.7 	 	 0.0010  		 0.0007 	 1.0000 	 	 0.0116  	 0.9969  	 	 0.2708 	 0.9131  	 	 0.3392 	 0.9101  	 	 1.7487 	 0.6500  	 	 3.7926 	 0.4445
[2024/05/14 09:45:37] - 145 		 230.3 	 	 95.8 	 	 0.0010  		 0.0007 	 1.0000 	 	 0.0120  	 0.9967  	 	 0.2798 	 0.9104  	 	 0.3248 	 0.9072  	 	 1.6917 	 0.6434  	 	 3.7369 	 0.4314
[2024/05/14 09:51:02] - 146 		 230.5 	 	 95.2 	 	 0.0010  		 0.0007 	 1.0000 	 	 0.0119  	 0.9968  	 	 0.2763 	 0.9114  	 	 0.3967 	 0.8945  	 	 1.8952 	 0.6332  	 	 3.9915 	 0.4319
[2024/05/14 09:56:33] - 147 		 230.2 	 	 100.0 	 	 0.0010  		 0.0007 	 1.0000 	 	 0.0118  	 0.9970  	 	 0.2740 	 0.9121  	 	 0.3381 	 0.9076  	 	 1.7091 	 0.6512  	 	 3.7129 	 0.4466
[2024/05/14 10:01:58] - 148 		 230.4 	 	 95.2 	 	 0.0010  		 0.0007 	 1.0000 	 	 0.0117  	 0.9968  	 	 0.2711 	 0.9122  	 	 0.3830 	 0.8963  	 	 1.8012 	 0.6383  	 	 3.8388 	 0.4344
[2024/05/14 10:07:24] - 149 		 230.4 	 	 95.4 	 	 0.0001  		 0.0006 	 1.0000 	 	 0.0109  	 0.9971  	 	 0.2674 	 0.9126  	 	 0.3800 	 0.8983  	 	 1.8184 	 0.6438  	 	 3.8119 	 0.4471
[2024/05/14 10:12:49] - 150 		 230.2 	 	 95.2 	 	 0.0001  		 0.0006 	 1.0000 	 	 0.0101  	 0.9974  	 	 0.2626 	 0.9139  	 	 0.3514 	 0.9035  	 	 1.7398 	 0.6485  	 	 3.7562 	 0.4432
[2024/05/14 10:18:15] - 151 		 230.2 	 	 95.7 	 	 0.0001  		 0.0006 	 1.0000 	 	 0.0094  	 0.9978  	 	 0.2577 	 0.9145  	 	 0.3236 	 0.9106  	 	 1.6700 	 0.6610  	 	 3.6509 	 0.4582
[2024/05/14 10:23:41] - 152 		 230.4 	 	 95.2 	 	 0.0001  		 0.0006 	 1.0000 	 	 0.0094  	 0.9978  	 	 0.2540 	 0.9161  	 	 0.3681 	 0.8985  	 	 1.7437 	 0.6477  	 	 3.7372 	 0.4414
[2024/05/14 10:29:07] - 153 		 230.2 	 	 95.5 	 	 0.0001  		 0.0006 	 1.0000 	 	 0.0093  	 0.9979  	 	 0.2566 	 0.9152  	 	 0.3441 	 0.9063  	 	 1.7028 	 0.6547  	 	 3.6619 	 0.4509
[2024/05/14 10:34:32] - 154 		 230.2 	 	 95.3 	 	 0.0001  		 0.0006 	 1.0000 	 	 0.0090  	 0.9979  	 	 0.2518 	 0.9179  	 	 0.3754 	 0.9002  	 	 1.7781 	 0.6496  	 	 3.7867 	 0.4496
[2024/05/14 10:39:58] - 155 		 230.4 	 	 95.4 	 	 0.0001  		 0.0006 	 1.0000 	 	 0.0086  	 0.9980  	 	 0.2507 	 0.9160  	 	 0.3730 	 0.8971  	 	 1.7983 	 0.6385  	 	 3.8597 	 0.4321
[2024/05/14 10:45:24] - 156 		 230.5 	 	 95.3 	 	 0.0001  		 0.0006 	 1.0000 	 	 0.0091  	 0.9978  	 	 0.2562 	 0.9157  	 	 0.3986 	 0.8971  	 	 1.8125 	 0.6432  	 	 3.8104 	 0.4418
[2024/05/14 10:50:50] - 157 		 230.2 	 	 95.8 	 	 0.0001  		 0.0006 	 1.0000 	 	 0.0088  	 0.9978  	 	 0.2497 	 0.9178  	 	 0.3872 	 0.8962  	 	 1.8264 	 0.6379  	 	 3.8280 	 0.4403
[2024/05/14 10:56:15] - 158 		 230.2 	 	 95.5 	 	 0.0001  		 0.0006 	 1.0000 	 	 0.0088  	 0.9980  	 	 0.2534 	 0.9153  	 	 0.3359 	 0.9080  	 	 1.7090 	 0.6477  	 	 3.7150 	 0.4416
[2024/05/14 11:01:41] - 159 		 230.2 	 	 95.7 	 	 0.0001  		 0.0006 	 1.0000 	 	 0.0086  	 0.9981  	 	 0.2537 	 0.9169  	 	 0.3689 	 0.9000  	 	 1.7788 	 0.6467  	 	 3.8096 	 0.4439
[2024/05/14 11:07:07] - 160 		 230.2 	 	 95.4 	 	 0.0001  		 0.0006 	 1.0000 	 	 0.0088  	 0.9979  	 	 0.2513 	 0.9159  	 	 0.3557 	 0.9033  	 	 1.7260 	 0.6503  	 	 3.7458 	 0.4419
[2024/05/14 11:12:32] - 161 		 230.2 	 	 95.3 	 	 0.0001  		 0.0006 	 1.0000 	 	 0.0087  	 0.9981  	 	 0.2506 	 0.9169  	 	 0.3695 	 0.8982  	 	 1.7505 	 0.6403  	 	 3.7465 	 0.4335
[2024/05/14 11:17:58] - 162 		 230.1 	 	 95.4 	 	 0.0001  		 0.0006 	 1.0000 	 	 0.0086  	 0.9980  	 	 0.2520 	 0.9166  	 	 0.3382 	 0.9057  	 	 1.6964 	 0.6487  	 	 3.6759 	 0.4445
[2024/05/14 11:23:24] - 163 		 230.4 	 	 95.1 	 	 0.0001  		 0.0006 	 1.0000 	 	 0.0086  	 0.9979  	 	 0.2463 	 0.9188  	 	 0.3541 	 0.9027  	 	 1.7339 	 0.6429  	 	 3.7363 	 0.4387
[2024/05/14 11:28:49] - 164 		 230.3 	 	 95.2 	 	 0.0001  		 0.0006 	 1.0000 	 	 0.0085  	 0.9981  	 	 0.2500 	 0.9173  	 	 0.3429 	 0.9040  	 	 1.7022 	 0.6454  	 	 3.7202 	 0.4329
[2024/05/14 11:34:15] - 165 		 230.4 	 	 95.2 	 	 0.0001  		 0.0006 	 1.0000 	 	 0.0085  	 0.9980  	 	 0.2492 	 0.9167  	 	 0.3529 	 0.9025  	 	 1.7364 	 0.6440  	 	 3.7658 	 0.4391
[2024/05/14 11:39:40] - 166 		 230.2 	 	 95.1 	 	 0.0001  		 0.0006 	 1.0000 	 	 0.0087  	 0.9979  	 	 0.2496 	 0.9169  	 	 0.3570 	 0.9025  	 	 1.7444 	 0.6510  	 	 3.7308 	 0.4485
[2024/05/14 11:45:06] - 167 		 230.4 	 	 95.5 	 	 0.0001  		 0.0006 	 1.0000 	 	 0.0086  	 0.9981  	 	 0.2553 	 0.9153  	 	 0.3711 	 0.9011  	 	 1.7912 	 0.6441  	 	 3.8634 	 0.4365
[2024/05/14 11:50:32] - 168 		 230.3 	 	 95.6 	 	 0.0001  		 0.0006 	 1.0000 	 	 0.0084  	 0.9981  	 	 0.2527 	 0.9168  	 	 0.3600 	 0.9020  	 	 1.7326 	 0.6457  	 	 3.7483 	 0.4395
[2024/05/14 11:55:57] - 169 		 230.2 	 	 95.2 	 	 0.0001  		 0.0006 	 1.0000 	 	 0.0088  	 0.9980  	 	 0.2521 	 0.9170  	 	 0.3654 	 0.9017  	 	 1.7408 	 0.6530  	 	 3.7090 	 0.4533
[2024/05/14 12:01:23] - 170 		 230.3 	 	 95.5 	 	 0.0001  		 0.0006 	 1.0000 	 	 0.0081  	 0.9983  	 	 0.2468 	 0.9176  	 	 0.3613 	 0.9014  	 	 1.7442 	 0.6505  	 	 3.7369 	 0.4475
[2024/05/14 12:06:49] - 171 		 230.5 	 	 95.5 	 	 0.0001  		 0.0006 	 1.0000 	 	 0.0087  	 0.9979  	 	 0.2530 	 0.9170  	 	 0.3582 	 0.9032  	 	 1.7439 	 0.6547  	 	 3.7172 	 0.4536
[2024/05/14 12:12:15] - 172 		 230.3 	 	 95.6 	 	 0.0001  		 0.0006 	 1.0000 	 	 0.0083  	 0.9981  	 	 0.2505 	 0.9172  	 	 0.3643 	 0.8999  	 	 1.8183 	 0.6335  	 	 3.9138 	 0.4271
[2024/05/14 12:17:41] - 173 		 230.2 	 	 95.7 	 	 0.0001  		 0.0006 	 1.0000 	 	 0.0082  	 0.9983  	 	 0.2494 	 0.9172  	 	 0.4398 	 0.8845  	 	 1.9150 	 0.6272  	 	 3.9677 	 0.4269
[2024/05/14 12:23:07] - 174 		 230.1 	 	 95.7 	 	 0.0001  		 0.0006 	 1.0000 	 	 0.0084  	 0.9981  	 	 0.2519 	 0.9160  	 	 0.3386 	 0.9061  	 	 1.7222 	 0.6470  	 	 3.7589 	 0.4383
[2024/05/14 12:28:33] - 175 		 230.0 	 	 95.6 	 	 0.0001  		 0.0006 	 1.0000 	 	 0.0080  	 0.9983  	 	 0.2487 	 0.9170  	 	 0.3949 	 0.8904  	 	 1.8031 	 0.6315  	 	 3.8169 	 0.4229
[2024/05/14 12:33:58] - 176 		 230.0 	 	 95.4 	 	 0.0001  		 0.0006 	 1.0000 	 	 0.0083  	 0.9981  	 	 0.2488 	 0.9180  	 	 0.3652 	 0.9013  	 	 1.7768 	 0.6466  	 	 3.7643 	 0.4494
[2024/05/14 12:39:24] - 177 		 230.6 	 	 94.9 	 	 0.0001  		 0.0006 	 1.0000 	 	 0.0083  	 0.9980  	 	 0.2482 	 0.9167  	 	 0.4008 	 0.8927  	 	 1.8356 	 0.6347  	 	 3.8617 	 0.4333
[2024/05/14 12:44:50] - 178 		 230.6 	 	 95.4 	 	 0.0001  		 0.0006 	 1.0000 	 	 0.0080  	 0.9983  	 	 0.2469 	 0.9169  	 	 0.3851 	 0.8961  	 	 1.8002 	 0.6431  	 	 3.8135 	 0.4414
[2024/05/14 12:50:16] - 179 		 230.6 	 	 95.5 	 	 0.0001  		 0.0006 	 1.0000 	 	 0.0080  	 0.9982  	 	 0.2488 	 0.9174  	 	 0.3411 	 0.9055  	 	 1.7181 	 0.6484  	 	 3.7483 	 0.4405
[2024/05/14 12:55:41] - 180 		 230.6 	 	 95.2 	 	 0.0001  		 0.0006 	 1.0000 	 	 0.0083  	 0.9980  	 	 0.2503 	 0.9163  	 	 0.3539 	 0.9047  	 	 1.7200 	 0.6549  	 	 3.6822 	 0.4568
[2024/05/14 13:01:09] - 181 		 232.0 	 	 95.4 	 	 0.0001  		 0.0006 	 1.0000 	 	 0.0081  	 0.9982  	 	 0.2505 	 0.9166  	 	 0.3493 	 0.9012  	 	 1.7275 	 0.6431  	 	 3.7638 	 0.4340
[2024/05/14 13:06:35] - 182 		 230.4 	 	 95.5 	 	 0.0001  		 0.0006 	 1.0000 	 	 0.0081  	 0.9983  	 	 0.2483 	 0.9182  	 	 0.3239 	 0.9101  	 	 1.7417 	 0.6473  	 	 3.8107 	 0.4486
[2024/05/14 13:12:01] - 183 		 230.5 	 	 95.9 	 	 0.0001  		 0.0006 	 1.0000 	 	 0.0080  	 0.9982  	 	 0.2474 	 0.9174  	 	 0.3772 	 0.8975  	 	 1.7670 	 0.6441  	 	 3.7598 	 0.4347
[2024/05/14 13:17:27] - 184 		 230.5 	 	 95.4 	 	 0.0001  		 0.0006 	 1.0000 	 	 0.0083  	 0.9980  	 	 0.2479 	 0.9185  	 	 0.3298 	 0.9065  	 	 1.6518 	 0.6488  	 	 3.5900 	 0.4381
[2024/05/14 13:22:54] - 185 		 230.6 	 	 95.7 	 	 0.0001  		 0.0006 	 1.0000 	 	 0.0081  	 0.9984  	 	 0.2494 	 0.9173  	 	 0.3384 	 0.9058  	 	 1.7049 	 0.6517  	 	 3.6576 	 0.4508
[2024/05/14 13:28:33] - 186 		 243.3 	 	 96.4 	 	 0.0001  		 0.0006 	 1.0000 	 	 0.0078  	 0.9983  	 	 0.2437 	 0.9190  	 	 0.3575 	 0.8989  	 	 1.7304 	 0.6411  	 	 3.7250 	 0.4348
[2024/05/14 13:34:01] - 187 		 231.8 	 	 96.1 	 	 0.0001  		 0.0006 	 1.0000 	 	 0.0078  	 0.9983  	 	 0.2451 	 0.9181  	 	 0.3505 	 0.9061  	 	 1.7250 	 0.6542  	 	 3.7436 	 0.4484
[2024/05/14 13:39:29] - 188 		 231.5 	 	 96.1 	 	 0.0001  		 0.0006 	 1.0000 	 	 0.0079  	 0.9984  	 	 0.2427 	 0.9183  	 	 0.3635 	 0.9009  	 	 1.6894 	 0.6547  	 	 3.6337 	 0.4523
[2024/05/14 13:44:56] - 189 		 230.6 	 	 96.0 	 	 0.0001  		 0.0006 	 1.0000 	 	 0.0078  	 0.9983  	 	 0.2447 	 0.9194  	 	 0.3564 	 0.9034  	 	 1.7944 	 0.6375  	 	 3.9147 	 0.4274
[2024/05/14 13:50:24] - 190 		 231.6 	 	 96.6 	 	 0.0001  		 0.0006 	 1.0000 	 	 0.0081  	 0.9981  	 	 0.2473 	 0.9186  	 	 0.3369 	 0.9055  	 	 1.6962 	 0.6505  	 	 3.7013 	 0.4420
[2024/05/14 13:55:49] - 191 		 231.3 	 	 94.1 	 	 0.0001  		 0.0006 	 1.0000 	 	 0.0079  	 0.9983  	 	 0.2468 	 0.9170  	 	 0.3782 	 0.8998  	 	 1.7461 	 0.6554  	 	 3.6487 	 0.4662
[2024/05/14 14:05:43] - 192 		 501.1 	 	 93.1 	 	 0.0001  		 0.0006 	 1.0000 	 	 0.0078  	 0.9984  	 	 0.2451 	 0.9185  	 	 0.3512 	 0.9027  	 	 1.7527 	 0.6402  	 	 3.7539 	 0.4387
[2024/05/14 14:13:21] - 193 		 362.5 	 	 95.6 	 	 0.0001  		 0.0006 	 1.0000 	 	 0.0079  	 0.9983  	 	 0.2428 	 0.9193  	 	 0.3728 	 0.8966  	 	 1.7357 	 0.6371  	 	 3.6684 	 0.4324
[2024/05/14 14:19:21] - 194 		 264.1 	 	 95.1 	 	 0.0001  		 0.0006 	 1.0000 	 	 0.0077  	 0.9984  	 	 0.2463 	 0.9180  	 	 0.3190 	 0.9098  	 	 1.6849 	 0.6486  	 	 3.7257 	 0.4339
[2024/05/14 14:25:06] - 195 		 252.4 	 	 92.9 	 	 0.0001  		 0.0006 	 1.0000 	 	 0.0079  	 0.9983  	 	 0.2477 	 0.9174  	 	 0.3248 	 0.9072  	 	 1.6853 	 0.6436  	 	 3.7100 	 0.4320
[2024/05/14 14:30:40] - 196 		 241.0 	 	 92.8 	 	 0.0001  		 0.0005 	 1.0000 	 	 0.0075  	 0.9984  	 	 0.2423 	 0.9191  	 	 0.3646 	 0.9015  	 	 1.7252 	 0.6520  	 	 3.7275 	 0.4457
[2024/05/14 14:39:40] - 197 		 440.9 	 	 99.6 	 	 0.0001  		 0.0006 	 1.0000 	 	 0.0081  	 0.9981  	 	 0.2477 	 0.9179  	 	 0.3722 	 0.9018  	 	 1.8175 	 0.6459  	 	 3.9078 	 0.4414
[2024/05/14 14:52:38] - 198 		 684.3 	 	 93.2 	 	 0.0001  		 0.0005 	 1.0000 	 	 0.0077  	 0.9983  	 	 0.2452 	 0.9179  	 	 0.3281 	 0.9084  	 	 1.6922 	 0.6497  	 	 3.7061 	 0.4401
[2024/05/14 14:58:19] - 199 		 247.4 	 	 93.2 	 	 0.0001  		 0.0006 	 1.0000 	 	 0.0078  	 0.9983  	 	 0.2477 	 0.9160  	 	 0.3508 	 0.9065  	 	 1.7111 	 0.6567  	 	 3.7076 	 0.4519
[2024/05/14 15:04:04] - 200 		 252.5 	 	 93.2 	 	 0.0001  		 0.0006 	 1.0000 	 	 0.0078  	 0.9983  	 	 0.2424 	 0.9185  	 	 0.3316 	 0.9094  	 	 1.7047 	 0.6558  	 	 3.7072 	 0.4522
