[2024/05/17 21:57:06] - Namespace(att_method='norm_steep', attack_iters=10, batch_size=128, beta=4.0, chkpt_iters=50, dataset='svhn', epochs=201, epsilon=0.03137254901960784, eq_vol=1, eval_method='sign', lr_chechpoint1=100, lr_chechpoint2=150, lr_max=0.01, lr_schedule='piecewise', manual_step=0, model='PreRes18_standard', momentum=0.9, norm='l_inf', pgd_alpha=1.0, random_init=1, resume=0, seed=1, train_mode='adv_train', weight_decay=0.0005, width_factor=10)
[2024/05/17 21:57:11] - Epoch 	 Train Time 	 Test Time 	 LR 	 	 Train Loss 	 Train Acc 	 Train Adv Loss 	 Train Adv Acc 	 Train Surrogate Loss 	 Train Surrogate Acc 	 Test Loss 	 Test Acc 	 Test Adv Loss 	 Test Adv Acc 	 Test Surrogate Loss 	 Test Surrogate Acc 
[2024/05/17 22:04:33] - 0 		 315.1 	 	 126.3 	 	 0.0100  		 2.2482 	 0.1859 	 	 2.2722  	 0.1822  	 	 2.2766 	 0.1817  	 	 2.2177 	 0.1966  	 	 2.2341 	 0.1960  	 	 2.2377 	 0.1959
[2024/05/17 22:11:50] - 1 		 316.1 	 	 121.0 	 	 0.0100  		 2.2070 	 0.2010 	 	 2.2347  	 0.1904  	 	 2.2405 	 0.1884  	 	 2.0141 	 0.3254  	 	 2.1392 	 0.2503  	 	 2.1686 	 0.2333
[2024/05/17 22:19:02] - 2 		 302.8 	 	 129.3 	 	 0.0100  		 1.3456 	 0.5991 	 	 1.7849  	 0.3753  	 	 1.8932 	 0.3355  	 	 0.8248 	 0.7981  	 	 1.4091 	 0.5299  	 	 1.5419 	 0.4814
[2024/05/17 22:26:32] - 3 		 321.8 	 	 128.0 	 	 0.0100  		 0.7371 	 0.8232 	 	 1.3531  	 0.5365  	 	 1.5064 	 0.4844  	 	 0.6347 	 0.8580  	 	 1.2866 	 0.5764  	 	 1.4455 	 0.5185
[2024/05/17 22:34:01] - 4 		 321.2 	 	 128.6 	 	 0.0100  		 0.6242 	 0.8554 	 	 1.2341  	 0.5774  	 	 1.3889 	 0.5227  	 	 0.5436 	 0.8686  	 	 1.2226 	 0.5867  	 	 1.3977 	 0.5287
[2024/05/17 22:41:31] - 5 		 321.6 	 	 127.5 	 	 0.0100  		 0.5670 	 0.8720 	 	 1.1656  	 0.5990  	 	 1.3207 	 0.5449  	 	 0.5249 	 0.8770  	 	 1.1847 	 0.5984  	 	 1.3539 	 0.5448
[2024/05/17 22:49:00] - 6 		 320.2 	 	 129.4 	 	 0.0100  		 0.5331 	 0.8812 	 	 1.1241  	 0.6133  	 	 1.2803 	 0.5602  	 	 0.4646 	 0.8997  	 	 1.1770 	 0.6067  	 	 1.3751 	 0.5421
[2024/05/17 22:56:30] - 7 		 321.9 	 	 128.1 	 	 0.0100  		 0.5016 	 0.8896 	 	 1.0830  	 0.6260  	 	 1.2392 	 0.5733  	 	 0.4949 	 0.8900  	 	 1.1173 	 0.6247  	 	 1.2844 	 0.5687
[2024/05/17 23:04:24] - 8 		 342.4 	 	 132.0 	 	 0.0100  		 0.4785 	 0.8962 	 	 1.0544  	 0.6350  	 	 1.2122 	 0.5812  	 	 0.4005 	 0.9053  	 	 1.1249 	 0.6194  	 	 1.3346 	 0.5583
[2024/05/17 23:11:44] - 9 		 311.9 	 	 127.5 	 	 0.0100  		 0.4596 	 0.9010 	 	 1.0281  	 0.6424  	 	 1.1866 	 0.5895  	 	 0.4950 	 0.9014  	 	 1.1004 	 0.6369  	 	 1.2577 	 0.5837
[2024/05/17 23:19:13] - 10 		 319.8 	 	 128.8 	 	 0.0100  		 0.4436 	 0.9068 	 	 1.0071  	 0.6483  	 	 1.1661 	 0.5936  	 	 0.4654 	 0.9000  	 	 1.1166 	 0.6330  	 	 1.2924 	 0.5811
[2024/05/17 23:26:40] - 11 		 320.2 	 	 127.7 	 	 0.0100  		 0.4281 	 0.9090 	 	 0.9859  	 0.6570  	 	 1.1470 	 0.6014  	 	 0.5162 	 0.8748  	 	 1.1436 	 0.6150  	 	 1.3098 	 0.5600
[2024/05/17 23:34:28] - 12 		 333.4 	 	 133.7 	 	 0.0100  		 0.4149 	 0.9130 	 	 0.9664  	 0.6608  	 	 1.1276 	 0.6061  	 	 0.4056 	 0.9084  	 	 1.1271 	 0.6133  	 	 1.3463 	 0.5492
[2024/05/17 23:42:17] - 13 		 331.0 	 	 138.8 	 	 0.0100  		 0.4030 	 0.9152 	 	 0.9475  	 0.6683  	 	 1.1086 	 0.6134  	 	 0.4543 	 0.9038  	 	 1.1006 	 0.6300  	 	 1.2883 	 0.5648
[2024/05/17 23:50:30] - 14 		 353.7 	 	 138.5 	 	 0.0100  		 0.3918 	 0.9185 	 	 0.9308  	 0.6723  	 	 1.0932 	 0.6169  	 	 0.4225 	 0.9085  	 	 1.0598 	 0.6436  	 	 1.2327 	 0.5892
[2024/05/17 23:57:58] - 15 		 320.4 	 	 127.9 	 	 0.0100  		 0.3806 	 0.9216 	 	 0.9150  	 0.6782  	 	 1.0781 	 0.6211  	 	 0.3627 	 0.9194  	 	 1.0999 	 0.6301  	 	 1.3304 	 0.5603
[2024/05/18 00:05:26] - 16 		 319.8 	 	 128.1 	 	 0.0100  		 0.3705 	 0.9238 	 	 0.8991  	 0.6810  	 	 1.0630 	 0.6224  	 	 0.4136 	 0.9028  	 	 1.1065 	 0.6339  	 	 1.3086 	 0.5764
[2024/05/18 00:12:54] - 17 		 319.9 	 	 127.9 	 	 0.0100  		 0.3605 	 0.9265 	 	 0.8833  	 0.6855  	 	 1.0478 	 0.6277  	 	 0.3756 	 0.9201  	 	 1.0734 	 0.6482  	 	 1.2804 	 0.5867
[2024/05/18 00:20:20] - 18 		 318.1 	 	 128.0 	 	 0.0100  		 0.3499 	 0.9283 	 	 0.8685  	 0.6915  	 	 1.0342 	 0.6325  	 	 0.4640 	 0.8959  	 	 1.0860 	 0.6398  	 	 1.2619 	 0.5822
[2024/05/18 00:27:46] - 19 		 318.2 	 	 127.9 	 	 0.0100  		 0.3420 	 0.9300 	 	 0.8537  	 0.6943  	 	 1.0194 	 0.6352  	 	 0.3947 	 0.9200  	 	 1.0749 	 0.6427  	 	 1.2761 	 0.5809
[2024/05/18 00:35:12] - 20 		 318.6 	 	 127.6 	 	 0.0100  		 0.3333 	 0.9332 	 	 0.8408  	 0.6984  	 	 1.0074 	 0.6391  	 	 0.3643 	 0.9142  	 	 1.1444 	 0.6189  	 	 1.3937 	 0.5505
[2024/05/18 00:42:39] - 21 		 319.0 	 	 128.0 	 	 0.0100  		 0.3247 	 0.9347 	 	 0.8293  	 0.7017  	 	 0.9978 	 0.6428  	 	 0.3257 	 0.9216  	 	 1.1840 	 0.6164  	 	 1.4751 	 0.5434
[2024/05/18 00:50:07] - 22 		 318.7 	 	 128.7 	 	 0.0100  		 0.3175 	 0.9377 	 	 0.8154  	 0.7045  	 	 0.9842 	 0.6440  	 	 0.3603 	 0.9136  	 	 1.1517 	 0.6217  	 	 1.4067 	 0.5568
[2024/05/18 00:57:33] - 23 		 317.7 	 	 128.2 	 	 0.0100  		 0.3082 	 0.9387 	 	 0.8000  	 0.7092  	 	 0.9699 	 0.6477  	 	 0.4330 	 0.9062  	 	 1.0653 	 0.6418  	 	 1.2436 	 0.5875
[2024/05/18 01:05:12] - 24 		 318.8 	 	 140.0 	 	 0.0100  		 0.2999 	 0.9406 	 	 0.7868  	 0.7128  	 	 0.9575 	 0.6524  	 	 0.4274 	 0.9068  	 	 1.0962 	 0.6281  	 	 1.2982 	 0.5655
[2024/05/18 01:12:54] - 25 		 333.9 	 	 128.0 	 	 0.0100  		 0.2930 	 0.9431 	 	 0.7771  	 0.7162  	 	 0.9488 	 0.6545  	 	 0.3339 	 0.9227  	 	 1.1408 	 0.6263  	 	 1.4103 	 0.5575
[2024/05/18 01:20:20] - 26 		 318.9 	 	 127.5 	 	 0.0100  		 0.2858 	 0.9444 	 	 0.7641  	 0.7207  	 	 0.9361 	 0.6574  	 	 0.3835 	 0.9106  	 	 1.1763 	 0.6170  	 	 1.4240 	 0.5522
[2024/05/18 01:27:38] - 27 		 304.1 	 	 134.1 	 	 0.0100  		 0.2766 	 0.9464 	 	 0.7458  	 0.7258  	 	 0.9180 	 0.6630  	 	 0.3763 	 0.9027  	 	 1.2582 	 0.6006  	 	 1.5442 	 0.5338
[2024/05/18 01:35:01] - 28 		 314.9 	 	 127.4 	 	 0.0100  		 0.2701 	 0.9474 	 	 0.7374  	 0.7275  	 	 0.9105 	 0.6639  	 	 0.3916 	 0.9085  	 	 1.1073 	 0.6305  	 	 1.3347 	 0.5663
[2024/05/18 01:42:13] - 29 		 308.3 	 	 123.8 	 	 0.0100  		 0.2617 	 0.9499 	 	 0.7237  	 0.7305  	 	 0.8979 	 0.6672  	 	 0.4205 	 0.9020  	 	 1.1494 	 0.6360  	 	 1.3735 	 0.5712
[2024/05/18 01:49:36] - 30 		 315.6 	 	 127.8 	 	 0.0100  		 0.2546 	 0.9523 	 	 0.7094  	 0.7350  	 	 0.8834 	 0.6716  	 	 0.3496 	 0.9152  	 	 1.1923 	 0.6145  	 	 1.4844 	 0.5451
[2024/05/18 01:57:04] - 31 		 320.0 	 	 128.1 	 	 0.0100  		 0.2481 	 0.9528 	 	 0.6996  	 0.7375  	 	 0.8747 	 0.6744  	 	 0.3118 	 0.9208  	 	 1.2449 	 0.6195  	 	 1.5863 	 0.5451
[2024/05/18 02:04:33] - 32 		 320.1 	 	 128.5 	 	 0.0100  		 0.2392 	 0.9548 	 	 0.6828  	 0.7431  	 	 0.8580 	 0.6780  	 	 0.3424 	 0.9151  	 	 1.2863 	 0.6094  	 	 1.6132 	 0.5376
[2024/05/18 02:11:59] - 33 		 319.0 	 	 127.2 	 	 0.0100  		 0.2346 	 0.9561 	 	 0.6776  	 0.7434  	 	 0.8555 	 0.6778  	 	 0.4021 	 0.9071  	 	 1.1703 	 0.6236  	 	 1.4222 	 0.5571
[2024/05/18 02:19:09] - 34 		 308.3 	 	 120.8 	 	 0.0100  		 0.2270 	 0.9578 	 	 0.6617  	 0.7480  	 	 0.8387 	 0.6819  	 	 0.3765 	 0.9150  	 	 1.1793 	 0.6237  	 	 1.4495 	 0.5536
[2024/05/18 02:26:10] - 35 		 300.7 	 	 120.5 	 	 0.0100  		 0.2213 	 0.9599 	 	 0.6505  	 0.7512  	 	 0.8274 	 0.6848  	 	 0.4008 	 0.8996  	 	 1.2273 	 0.6157  	 	 1.5045 	 0.5514
[2024/05/18 02:33:11] - 36 		 300.4 	 	 120.9 	 	 0.0100  		 0.2145 	 0.9609 	 	 0.6392  	 0.7553  	 	 0.8170 	 0.6876  	 	 0.3441 	 0.9117  	 	 1.3261 	 0.6004  	 	 1.6965 	 0.5211
[2024/05/18 02:40:14] - 37 		 302.6 	 	 119.8 	 	 0.0100  		 0.2092 	 0.9620 	 	 0.6311  	 0.7578  	 	 0.8104 	 0.6905  	 	 0.3338 	 0.9158  	 	 1.3313 	 0.6063  	 	 1.6914 	 0.5345
[2024/05/18 02:47:16] - 38 		 300.9 	 	 121.2 	 	 0.0100  		 0.2054 	 0.9634 	 	 0.6255  	 0.7595  	 	 0.8054 	 0.6914  	 	 0.3737 	 0.9060  	 	 1.2534 	 0.6135  	 	 1.5671 	 0.5424
[2024/05/18 02:54:20] - 39 		 304.5 	 	 120.0 	 	 0.0100  		 0.1989 	 0.9645 	 	 0.6123  	 0.7629  	 	 0.7926 	 0.6946  	 	 0.3327 	 0.9171  	 	 1.3456 	 0.6015  	 	 1.7122 	 0.5292
[2024/05/18 03:01:19] - 40 		 298.4 	 	 120.5 	 	 0.0100  		 0.1918 	 0.9661 	 	 0.5979  	 0.7673  	 	 0.7780 	 0.6978  	 	 0.3821 	 0.9083  	 	 1.2562 	 0.6112  	 	 1.5662 	 0.5426
[2024/05/18 03:08:24] - 41 		 302.6 	 	 121.5 	 	 0.0100  		 0.1856 	 0.9676 	 	 0.5886  	 0.7691  	 	 0.7695 	 0.7011  	 	 0.4009 	 0.8987  	 	 1.3127 	 0.6001  	 	 1.6375 	 0.5332
[2024/05/18 03:15:26] - 42 		 301.1 	 	 121.3 	 	 0.0100  		 0.1803 	 0.9691 	 	 0.5775  	 0.7731  	 	 0.7587 	 0.7045  	 	 0.3814 	 0.8992  	 	 1.3424 	 0.6023  	 	 1.6881 	 0.5294
[2024/05/18 03:22:29] - 43 		 301.8 	 	 121.4 	 	 0.0100  		 0.1756 	 0.9705 	 	 0.5693  	 0.7759  	 	 0.7511 	 0.7069  	 	 0.3624 	 0.9075  	 	 1.3516 	 0.6020  	 	 1.7164 	 0.5293
[2024/05/18 03:29:30] - 44 		 301.2 	 	 119.2 	 	 0.0100  		 0.1720 	 0.9717 	 	 0.5627  	 0.7767  	 	 0.7454 	 0.7066  	 	 0.3334 	 0.9139  	 	 1.3194 	 0.6050  	 	 1.6899 	 0.5287
[2024/05/18 03:36:37] - 45 		 306.2 	 	 121.2 	 	 0.0100  		 0.1668 	 0.9724 	 	 0.5545  	 0.7790  	 	 0.7386 	 0.7084  	 	 0.3775 	 0.9088  	 	 1.2818 	 0.6037  	 	 1.6075 	 0.5293
[2024/05/18 03:43:40] - 46 		 301.5 	 	 121.1 	 	 0.0100  		 0.1633 	 0.9736 	 	 0.5488  	 0.7792  	 	 0.7342 	 0.7088  	 	 0.3540 	 0.9066  	 	 1.3638 	 0.5995  	 	 1.7377 	 0.5275
[2024/05/18 03:51:14] - 47 		 324.2 	 	 129.6 	 	 0.0100  		 0.1546 	 0.9753 	 	 0.5276  	 0.7885  	 	 0.7105 	 0.7177  	 	 0.4041 	 0.8976  	 	 1.3101 	 0.6101  	 	 1.6320 	 0.5416
[2024/05/18 03:58:53] - 48 		 323.3 	 	 135.6 	 	 0.0100  		 0.1524 	 0.9755 	 	 0.5272  	 0.7884  	 	 0.7129 	 0.7169  	 	 0.3804 	 0.8984  	 	 1.4148 	 0.5896  	 	 1.7949 	 0.5200
[2024/05/18 04:06:33] - 49 		 330.8 	 	 129.5 	 	 0.0100  		 0.1495 	 0.9766 	 	 0.5222  	 0.7880  	 	 0.7082 	 0.7172  	 	 0.3248 	 0.9121  	 	 1.5650 	 0.5778  	 	 2.0496 	 0.4965
[2024/05/18 04:14:07] - 50 		 324.6 	 	 129.3 	 	 0.0100  		 0.1448 	 0.9779 	 	 0.5155  	 0.7920  	 	 0.7044 	 0.7180  	 	 0.3557 	 0.9055  	 	 1.4640 	 0.5929  	 	 1.8736 	 0.5184
[2024/05/18 04:21:40] - 51 		 323.6 	 	 129.5 	 	 0.0100  		 0.1408 	 0.9786 	 	 0.5047  	 0.7943  	 	 0.6916 	 0.7224  	 	 0.3773 	 0.8931  	 	 1.4207 	 0.5904  	 	 1.7988 	 0.5195
[2024/05/18 04:29:13] - 52 		 324.0 	 	 129.1 	 	 0.0100  		 0.1365 	 0.9789 	 	 0.4991  	 0.7960  	 	 0.6879 	 0.7221  	 	 0.3669 	 0.9032  	 	 1.5121 	 0.5772  	 	 1.9581 	 0.4954
[2024/05/18 04:36:48] - 53 		 324.3 	 	 129.9 	 	 0.0100  		 0.1326 	 0.9803 	 	 0.4878  	 0.7990  	 	 0.6739 	 0.7271  	 	 0.3709 	 0.9031  	 	 1.3887 	 0.5947  	 	 1.7660 	 0.5231
[2024/05/18 04:43:58] - 54 		 304.3 	 	 126.4 	 	 0.0100  		 0.1292 	 0.9812 	 	 0.4818  	 0.8009  	 	 0.6688 	 0.7268  	 	 0.3431 	 0.9073  	 	 1.5591 	 0.5606  	 	 2.0304 	 0.4801
[2024/05/18 04:51:31] - 55 		 323.1 	 	 129.7 	 	 0.0100  		 0.1256 	 0.9818 	 	 0.4771  	 0.8034  	 	 0.6659 	 0.7294  	 	 0.3896 	 0.8974  	 	 1.3470 	 0.6017  	 	 1.6888 	 0.5305
[2024/05/18 04:59:04] - 56 		 323.6 	 	 129.1 	 	 0.0100  		 0.1249 	 0.9819 	 	 0.4784  	 0.8026  	 	 0.6700 	 0.7283  	 	 0.3553 	 0.9065  	 	 1.5310 	 0.5781  	 	 1.9934 	 0.4954
[2024/05/18 05:06:37] - 57 		 323.4 	 	 129.8 	 	 0.0100  		 0.1201 	 0.9830 	 	 0.4656  	 0.8079  	 	 0.6559 	 0.7316  	 	 0.3757 	 0.8963  	 	 1.5385 	 0.5854  	 	 1.9675 	 0.5157
[2024/05/18 05:14:10] - 58 		 324.1 	 	 128.8 	 	 0.0100  		 0.1153 	 0.9842 	 	 0.4553  	 0.8108  	 	 0.6432 	 0.7356  	 	 0.3750 	 0.8951  	 	 1.5200 	 0.5806  	 	 1.9424 	 0.5081
[2024/05/18 05:21:43] - 59 		 324.0 	 	 129.2 	 	 0.0100  		 0.1136 	 0.9841 	 	 0.4558  	 0.8117  	 	 0.6484 	 0.7335  	 	 0.3793 	 0.8973  	 	 1.5882 	 0.5710  	 	 2.0323 	 0.4982
[2024/05/18 05:29:17] - 60 		 324.6 	 	 128.8 	 	 0.0100  		 0.1129 	 0.9846 	 	 0.4548  	 0.8092  	 	 0.6465 	 0.7317  	 	 0.3996 	 0.8941  	 	 1.5709 	 0.5731  	 	 2.0056 	 0.4979
[2024/05/18 05:36:49] - 61 		 323.6 	 	 128.9 	 	 0.0100  		 0.1088 	 0.9856 	 	 0.4427  	 0.8142  	 	 0.6328 	 0.7376  	 	 0.3773 	 0.9014  	 	 1.4163 	 0.5886  	 	 1.7903 	 0.5174
[2024/05/18 05:44:03] - 62 		 306.3 	 	 127.4 	 	 0.0100  		 0.1057 	 0.9861 	 	 0.4396  	 0.8146  	 	 0.6328 	 0.7375  	 	 0.3835 	 0.8934  	 	 1.5937 	 0.5664  	 	 2.0464 	 0.4906
[2024/05/18 05:51:31] - 63 		 320.1 	 	 127.6 	 	 0.0100  		 0.1025 	 0.9869 	 	 0.4312  	 0.8175  	 	 0.6225 	 0.7420  	 	 0.3320 	 0.9088  	 	 1.5453 	 0.5763  	 	 2.0107 	 0.5022
[2024/05/18 05:59:01] - 64 		 320.8 	 	 128.9 	 	 0.0100  		 0.1017 	 0.9871 	 	 0.4291  	 0.8189  	 	 0.6211 	 0.7408  	 	 0.3252 	 0.9105  	 	 1.6024 	 0.5637  	 	 2.1119 	 0.4821
[2024/05/18 06:06:26] - 65 		 317.0 	 	 127.7 	 	 0.0100  		 0.1000 	 0.9869 	 	 0.4303  	 0.8185  	 	 0.6263 	 0.7399  	 	 0.4462 	 0.8807  	 	 1.4267 	 0.5818  	 	 1.7772 	 0.5127
[2024/05/18 06:13:55] - 66 		 319.9 	 	 128.9 	 	 0.0100  		 0.0978 	 0.9876 	 	 0.4257  	 0.8212  	 	 0.6214 	 0.7389  	 	 0.3736 	 0.8970  	 	 1.6142 	 0.5649  	 	 2.0920 	 0.4863
[2024/05/18 06:21:50] - 67 		 336.6 	 	 138.7 	 	 0.0100  		 0.0959 	 0.9879 	 	 0.4223  	 0.8215  	 	 0.6183 	 0.7417  	 	 0.3651 	 0.8995  	 	 1.5812 	 0.5778  	 	 2.0414 	 0.4984
[2024/05/18 06:30:03] - 68 		 350.5 	 	 142.2 	 	 0.0100  		 0.0924 	 0.9887 	 	 0.4133  	 0.8253  	 	 0.6078 	 0.7452  	 	 0.3568 	 0.9021  	 	 1.5613 	 0.5764  	 	 2.0232 	 0.4993
[2024/05/18 06:38:18] - 69 		 352.8 	 	 142.3 	 	 0.0100  		 0.0898 	 0.9890 	 	 0.4040  	 0.8287  	 	 0.5971 	 0.7487  	 	 0.3453 	 0.9054  	 	 1.5291 	 0.5830  	 	 1.9779 	 0.5055
[2024/05/18 06:46:38] - 70 		 359.0 	 	 140.8 	 	 0.0100  		 0.0882 	 0.9895 	 	 0.4050  	 0.8285  	 	 0.6000 	 0.7484  	 	 0.4166 	 0.8830  	 	 1.6589 	 0.5676  	 	 2.1102 	 0.4963
[2024/05/18 06:54:59] - 71 		 359.2 	 	 142.4 	 	 0.0100  		 0.0882 	 0.9894 	 	 0.4093  	 0.8262  	 	 0.6073 	 0.7445  	 	 0.3870 	 0.8917  	 	 1.5315 	 0.5797  	 	 1.9552 	 0.5062
[2024/05/18 07:03:24] - 72 		 360.5 	 	 144.0 	 	 0.0100  		 0.0860 	 0.9897 	 	 0.4022  	 0.8293  	 	 0.5995 	 0.7469  	 	 0.3464 	 0.9027  	 	 1.5701 	 0.5809  	 	 2.0483 	 0.5017
[2024/05/18 07:11:49] - 73 		 368.0 	 	 136.4 	 	 0.0100  		 0.0827 	 0.9902 	 	 0.3921  	 0.8330  	 	 0.5876 	 0.7520  	 	 0.3764 	 0.8978  	 	 1.7415 	 0.5631  	 	 2.2663 	 0.4856
[2024/05/18 07:20:19] - 74 		 365.1 	 	 144.8 	 	 0.0100  		 0.0810 	 0.9909 	 	 0.3896  	 0.8328  	 	 0.5857 	 0.7538  	 	 0.3500 	 0.9023  	 	 1.5366 	 0.5680  	 	 2.0069 	 0.4874
[2024/05/18 07:28:35] - 75 		 352.2 	 	 144.4 	 	 0.0100  		 0.0806 	 0.9912 	 	 0.3911  	 0.8316  	 	 0.5910 	 0.7497  	 	 0.3587 	 0.9053  	 	 1.5209 	 0.5736  	 	 1.9767 	 0.4926
[2024/05/18 07:36:58] - 76 		 363.6 	 	 138.8 	 	 0.0100  		 0.0797 	 0.9911 	 	 0.3867  	 0.8342  	 	 0.5850 	 0.7527  	 	 0.3525 	 0.9021  	 	 1.6787 	 0.5746  	 	 2.1835 	 0.4956
[2024/05/18 07:45:18] - 77 		 353.9 	 	 145.9 	 	 0.0100  		 0.0774 	 0.9916 	 	 0.3834  	 0.8351  	 	 0.5814 	 0.7537  	 	 0.3294 	 0.9101  	 	 1.6129 	 0.5772  	 	 2.1175 	 0.4999
[2024/05/18 07:53:34] - 78 		 353.1 	 	 143.4 	 	 0.0100  		 0.0760 	 0.9917 	 	 0.3781  	 0.8370  	 	 0.5755 	 0.7559  	 	 0.4099 	 0.8865  	 	 1.6453 	 0.5554  	 	 2.1134 	 0.4802
[2024/05/18 08:02:01] - 79 		 363.0 	 	 143.2 	 	 0.0100  		 0.0750 	 0.9920 	 	 0.3803  	 0.8366  	 	 0.5816 	 0.7531  	 	 0.3703 	 0.8974  	 	 1.5990 	 0.5537  	 	 2.0855 	 0.4736
[2024/05/18 08:10:30] - 80 		 365.1 	 	 144.2 	 	 0.0100  		 0.0717 	 0.9926 	 	 0.3676  	 0.8409  	 	 0.5647 	 0.7577  	 	 0.3865 	 0.8952  	 	 1.5868 	 0.5707  	 	 2.0346 	 0.4939
[2024/05/18 08:18:55] - 81 		 363.5 	 	 141.6 	 	 0.0100  		 0.0722 	 0.9924 	 	 0.3723  	 0.8396  	 	 0.5706 	 0.7576  	 	 0.3358 	 0.9074  	 	 1.7333 	 0.5649  	 	 2.2824 	 0.4847
[2024/05/18 08:27:14] - 82 		 354.4 	 	 143.8 	 	 0.0100  		 0.0713 	 0.9928 	 	 0.3708  	 0.8413  	 	 0.5717 	 0.7553  	 	 0.3732 	 0.8983  	 	 1.6453 	 0.5723  	 	 2.1326 	 0.4957
[2024/05/18 08:35:33] - 83 		 355.8 	 	 143.5 	 	 0.0100  		 0.0690 	 0.9925 	 	 0.3622  	 0.8448  	 	 0.5601 	 0.7620  	 	 0.3534 	 0.9020  	 	 1.7864 	 0.5587  	 	 2.3468 	 0.4789
[2024/05/18 08:43:58] - 84 		 360.7 	 	 144.0 	 	 0.0100  		 0.0665 	 0.9928 	 	 0.3553  	 0.8459  	 	 0.5515 	 0.7640  	 	 0.3749 	 0.8981  	 	 1.7011 	 0.5621  	 	 2.2008 	 0.4865
[2024/05/18 08:52:09] - 85 		 346.7 	 	 144.1 	 	 0.0100  		 0.0679 	 0.9927 	 	 0.3636  	 0.8433  	 	 0.5641 	 0.7593  	 	 0.4126 	 0.8860  	 	 1.6917 	 0.5629  	 	 2.1756 	 0.4860
[2024/05/18 09:00:35] - 86 		 362.4 	 	 143.8 	 	 0.0100  		 0.0662 	 0.9934 	 	 0.3562  	 0.8477  	 	 0.5547 	 0.7647  	 	 0.3647 	 0.8998  	 	 1.6875 	 0.5715  	 	 2.1871 	 0.4925
[2024/05/18 09:08:53] - 87 		 358.4 	 	 140.0 	 	 0.0100  		 0.0645 	 0.9933 	 	 0.3545  	 0.8454  	 	 0.5548 	 0.7628  	 	 0.3634 	 0.9001  	 	 1.7037 	 0.5626  	 	 2.2285 	 0.4818
[2024/05/18 09:17:10] - 88 		 352.1 	 	 144.5 	 	 0.0100  		 0.0631 	 0.9938 	 	 0.3488  	 0.8488  	 	 0.5478 	 0.7655  	 	 0.3527 	 0.9000  	 	 1.6851 	 0.5824  	 	 2.1992 	 0.5071
[2024/05/18 09:25:32] - 89 		 358.2 	 	 143.4 	 	 0.0100  		 0.0620 	 0.9936 	 	 0.3467  	 0.8497  	 	 0.5458 	 0.7663  	 	 0.3825 	 0.8914  	 	 1.8463 	 0.5544  	 	 2.4162 	 0.4741
[2024/05/18 09:33:49] - 90 		 354.4 	 	 142.7 	 	 0.0100  		 0.0605 	 0.9937 	 	 0.3435  	 0.8509  	 	 0.5438 	 0.7656  	 	 0.3821 	 0.8929  	 	 1.6710 	 0.5677  	 	 2.1527 	 0.4925
[2024/05/18 09:42:22] - 91 		 368.4 	 	 144.2 	 	 0.0100  		 0.0599 	 0.9940 	 	 0.3410  	 0.8526  	 	 0.5394 	 0.7665  	 	 0.3660 	 0.8994  	 	 1.6562 	 0.5652  	 	 2.1468 	 0.4890
[2024/05/18 09:50:47] - 92 		 360.3 	 	 144.7 	 	 0.0100  		 0.0596 	 0.9945 	 	 0.3433  	 0.8507  	 	 0.5443 	 0.7659  	 	 0.3292 	 0.9092  	 	 1.6023 	 0.5693  	 	 2.0984 	 0.4890
[2024/05/18 09:59:12] - 93 		 361.6 	 	 143.6 	 	 0.0100  		 0.0592 	 0.9940 	 	 0.3442  	 0.8512  	 	 0.5471 	 0.7664  	 	 0.3709 	 0.8952  	 	 1.7570 	 0.5570  	 	 2.2996 	 0.4765
[2024/05/18 10:07:40] - 94 		 363.1 	 	 145.1 	 	 0.0100  		 0.0573 	 0.9945 	 	 0.3366  	 0.8538  	 	 0.5380 	 0.7702  	 	 0.3883 	 0.8905  	 	 1.7196 	 0.5609  	 	 2.2336 	 0.4853
[2024/05/18 10:16:01] - 95 		 355.5 	 	 144.8 	 	 0.0100  		 0.0566 	 0.9942 	 	 0.3336  	 0.8540  	 	 0.5336 	 0.7687  	 	 0.3901 	 0.8892  	 	 1.8077 	 0.5519  	 	 2.3513 	 0.4732
[2024/05/18 10:24:24] - 96 		 358.6 	 	 144.3 	 	 0.0100  		 0.0565 	 0.9945 	 	 0.3408  	 0.8518  	 	 0.5462 	 0.7644  	 	 0.3955 	 0.8863  	 	 1.7299 	 0.5505  	 	 2.2365 	 0.4758
[2024/05/18 10:32:41] - 97 		 354.2 	 	 143.0 	 	 0.0100  		 0.0555 	 0.9950 	 	 0.3321  	 0.8545  	 	 0.5320 	 0.7696  	 	 0.3901 	 0.8899  	 	 1.6676 	 0.5664  	 	 2.1478 	 0.4903
[2024/05/18 10:41:01] - 98 		 356.2 	 	 143.8 	 	 0.0100  		 0.0536 	 0.9950 	 	 0.3251  	 0.8587  	 	 0.5242 	 0.7732  	 	 0.4054 	 0.8855  	 	 1.6436 	 0.5589  	 	 2.1081 	 0.4836
[2024/05/18 10:49:20] - 99 		 355.0 	 	 143.8 	 	 0.0010  		 0.0525 	 0.9952 	 	 0.3204  	 0.8603  	 	 0.5191 	 0.7745  	 	 0.3430 	 0.9034  	 	 1.5903 	 0.5776  	 	 2.0827 	 0.4969
[2024/05/18 10:57:36] - 100 		 352.8 	 	 143.6 	 	 0.0010  		 0.0327 	 0.9976 	 	 0.1988  	 0.9169  	 	 0.3340 	 0.8439  	 	 0.3176 	 0.9074  	 	 1.7193 	 0.5773  	 	 2.2682 	 0.4987
[2024/05/18 11:05:57] - 101 		 357.7 	 	 143.3 	 	 0.0010  		 0.0231 	 0.9986 	 	 0.1525  	 0.9342  	 	 0.2644 	 0.8740  	 	 0.3138 	 0.9094  	 	 1.6933 	 0.5753  	 	 2.2372 	 0.4995
[2024/05/18 11:14:17] - 102 		 354.9 	 	 144.7 	 	 0.0010  		 0.0196 	 0.9988 	 	 0.1358  	 0.9406  	 	 0.2405 	 0.8852  	 	 0.3673 	 0.8954  	 	 1.8258 	 0.5762  	 	 2.3783 	 0.5037
[2024/05/18 11:22:38] - 103 		 357.2 	 	 144.3 	 	 0.0010  		 0.0173 	 0.9989 	 	 0.1244  	 0.9460  	 	 0.2242 	 0.8923  	 	 0.3583 	 0.8977  	 	 1.7975 	 0.5735  	 	 2.3456 	 0.5014
[2024/05/18 11:30:55] - 104 		 353.7 	 	 143.4 	 	 0.0010  		 0.0155 	 0.9990 	 	 0.1153  	 0.9499  	 	 0.2117 	 0.8979  	 	 0.3429 	 0.9010  	 	 1.8547 	 0.5792  	 	 2.4394 	 0.5060
[2024/05/18 11:39:17] - 105 		 357.6 	 	 144.3 	 	 0.0010  		 0.0142 	 0.9992 	 	 0.1089  	 0.9529  	 	 0.2034 	 0.9017  	 	 0.3602 	 0.8969  	 	 1.8879 	 0.5726  	 	 2.4668 	 0.4990
[2024/05/18 11:47:33] - 106 		 353.0 	 	 142.3 	 	 0.0010  		 0.0129 	 0.9993 	 	 0.1035  	 0.9547  	 	 0.1972 	 0.9041  	 	 0.3619 	 0.8989  	 	 1.9704 	 0.5768  	 	 2.5902 	 0.5045
[2024/05/18 11:55:49] - 107 		 351.1 	 	 145.2 	 	 0.0010  		 0.0121 	 0.9993 	 	 0.0989  	 0.9570  	 	 0.1901 	 0.9073  	 	 0.3547 	 0.8983  	 	 1.9737 	 0.5626  	 	 2.5975 	 0.4894
[2024/05/18 12:04:13] - 108 		 363.8 	 	 140.2 	 	 0.0010  		 0.0110 	 0.9994 	 	 0.0942  	 0.9597  	 	 0.1845 	 0.9109  	 	 0.3922 	 0.8929  	 	 2.1488 	 0.5681  	 	 2.8165 	 0.4951
[2024/05/18 12:12:41] - 109 		 363.0 	 	 145.3 	 	 0.0010  		 0.0103 	 0.9995 	 	 0.0909  	 0.9609  	 	 0.1810 	 0.9126  	 	 0.3290 	 0.9077  	 	 1.9738 	 0.5758  	 	 2.5959 	 0.5054
[2024/05/18 12:21:03] - 110 		 358.7 	 	 143.0 	 	 0.0010  		 0.0096 	 0.9995 	 	 0.0871  	 0.9626  	 	 0.1761 	 0.9161  	 	 0.3349 	 0.9053  	 	 1.8845 	 0.5770  	 	 2.4849 	 0.5045
[2024/05/18 12:29:24] - 111 		 357.4 	 	 143.2 	 	 0.0010  		 0.0090 	 0.9996 	 	 0.0832  	 0.9650  	 	 0.1708 	 0.9184  	 	 0.3629 	 0.8977  	 	 2.0555 	 0.5599  	 	 2.6975 	 0.4861
[2024/05/18 12:37:49] - 112 		 361.0 	 	 144.5 	 	 0.0010  		 0.0086 	 0.9995 	 	 0.0815  	 0.9652  	 	 0.1698 	 0.9194  	 	 0.3233 	 0.9065  	 	 1.8483 	 0.5790  	 	 2.4399 	 0.5067
[2024/05/18 12:46:19] - 113 		 366.9 	 	 143.3 	 	 0.0010  		 0.0080 	 0.9997 	 	 0.0783  	 0.9670  	 	 0.1659 	 0.9225  	 	 0.4163 	 0.8881  	 	 2.0812 	 0.5671  	 	 2.6983 	 0.4945
[2024/05/18 12:54:38] - 114 		 353.3 	 	 144.8 	 	 0.0010  		 0.0076 	 0.9996 	 	 0.0759  	 0.9679  	 	 0.1632 	 0.9235  	 	 0.4047 	 0.8905  	 	 2.2219 	 0.5619  	 	 2.9011 	 0.4899
[2024/05/18 13:03:01] - 115 		 358.6 	 	 144.6 	 	 0.0010  		 0.0072 	 0.9996 	 	 0.0732  	 0.9697  	 	 0.1585 	 0.9258  	 	 0.3560 	 0.8994  	 	 2.0301 	 0.5658  	 	 2.6749 	 0.4915
[2024/05/18 13:11:20] - 116 		 355.3 	 	 143.8 	 	 0.0010  		 0.0068 	 0.9997 	 	 0.0705  	 0.9706  	 	 0.1561 	 0.9276  	 	 0.3966 	 0.8898  	 	 2.1557 	 0.5595  	 	 2.8333 	 0.4847
[2024/05/18 13:19:41] - 117 		 358.5 	 	 142.3 	 	 0.0010  		 0.0064 	 0.9997 	 	 0.0691  	 0.9715  	 	 0.1565 	 0.9275  	 	 0.3454 	 0.9038  	 	 2.0691 	 0.5723  	 	 2.7284 	 0.4977
[2024/05/18 13:28:05] - 118 		 360.8 	 	 142.7 	 	 0.0010  		 0.0062 	 0.9998 	 	 0.0678  	 0.9717  	 	 0.1543 	 0.9286  	 	 0.3869 	 0.8942  	 	 2.1450 	 0.5634  	 	 2.8118 	 0.4891
[2024/05/18 13:36:28] - 119 		 359.9 	 	 143.6 	 	 0.0010  		 0.0058 	 0.9998 	 	 0.0650  	 0.9738  	 	 0.1506 	 0.9308  	 	 0.3615 	 0.8965  	 	 2.0969 	 0.5578  	 	 2.7695 	 0.4838
[2024/05/18 13:44:51] - 120 		 358.7 	 	 144.0 	 	 0.0010  		 0.0056 	 0.9998 	 	 0.0630  	 0.9746  	 	 0.1472 	 0.9327  	 	 0.3504 	 0.9021  	 	 2.0579 	 0.5721  	 	 2.7055 	 0.5022
[2024/05/18 13:53:08] - 121 		 352.1 	 	 144.3 	 	 0.0010  		 0.0053 	 0.9998 	 	 0.0614  	 0.9756  	 	 0.1456 	 0.9334  	 	 0.4129 	 0.8886  	 	 2.2172 	 0.5560  	 	 2.8827 	 0.4854
[2024/05/18 14:01:29] - 122 		 358.0 	 	 143.0 	 	 0.0010  		 0.0050 	 0.9998 	 	 0.0602  	 0.9762  	 	 0.1464 	 0.9340  	 	 0.3645 	 0.8978  	 	 2.1052 	 0.5720  	 	 2.7584 	 0.5052
[2024/05/18 14:09:53] - 123 		 359.9 	 	 144.1 	 	 0.0010  		 0.0049 	 0.9998 	 	 0.0587  	 0.9770  	 	 0.1438 	 0.9358  	 	 0.3458 	 0.9030  	 	 2.0455 	 0.5760  	 	 2.6939 	 0.5029
[2024/05/18 14:18:12] - 124 		 355.2 	 	 143.9 	 	 0.0010  		 0.0047 	 0.9999 	 	 0.0582  	 0.9768  	 	 0.1423 	 0.9361  	 	 0.3935 	 0.8924  	 	 2.1623 	 0.5668  	 	 2.8270 	 0.4947
[2024/05/18 14:26:40] - 125 		 364.9 	 	 142.9 	 	 0.0010  		 0.0044 	 0.9998 	 	 0.0556  	 0.9785  	 	 0.1392 	 0.9380  	 	 0.3606 	 0.8992  	 	 2.1065 	 0.5693  	 	 2.7712 	 0.4987
[2024/05/18 14:35:11] - 126 		 367.5 	 	 144.1 	 	 0.0010  		 0.0043 	 0.9998 	 	 0.0549  	 0.9784  	 	 0.1381 	 0.9390  	 	 0.3542 	 0.8987  	 	 2.1374 	 0.5631  	 	 2.8197 	 0.4896
[2024/05/18 14:43:29] - 127 		 353.1 	 	 144.1 	 	 0.0010  		 0.0041 	 0.9998 	 	 0.0527  	 0.9795  	 	 0.1357 	 0.9404  	 	 0.3846 	 0.8933  	 	 2.1604 	 0.5695  	 	 2.8087 	 0.4991
[2024/05/18 14:51:51] - 128 		 358.6 	 	 143.3 	 	 0.0010  		 0.0039 	 0.9999 	 	 0.0523  	 0.9796  	 	 0.1361 	 0.9404  	 	 0.4258 	 0.8863  	 	 2.2845 	 0.5597  	 	 2.9822 	 0.4886
[2024/05/18 15:00:11] - 129 		 357.0 	 	 143.2 	 	 0.0010  		 0.0038 	 0.9998 	 	 0.0508  	 0.9803  	 	 0.1338 	 0.9404  	 	 0.3813 	 0.8946  	 	 2.2394 	 0.5567  	 	 2.9421 	 0.4851
[2024/05/18 15:08:27] - 130 		 352.7 	 	 142.9 	 	 0.0010  		 0.0037 	 0.9998 	 	 0.0503  	 0.9812  	 	 0.1345 	 0.9417  	 	 0.3760 	 0.8947  	 	 2.2369 	 0.5590  	 	 2.9507 	 0.4841
[2024/05/18 15:16:44] - 131 		 354.9 	 	 142.7 	 	 0.0010  		 0.0036 	 0.9998 	 	 0.0491  	 0.9813  	 	 0.1319 	 0.9427  	 	 0.3441 	 0.9006  	 	 2.0616 	 0.5724  	 	 2.7121 	 0.5015
[2024/05/18 15:25:07] - 132 		 358.2 	 	 143.9 	 	 0.0010  		 0.0034 	 0.9999 	 	 0.0476  	 0.9819  	 	 0.1301 	 0.9432  	 	 0.3643 	 0.8994  	 	 2.1320 	 0.5800  	 	 2.7972 	 0.5119
[2024/05/18 15:33:21] - 133 		 350.1 	 	 143.7 	 	 0.0010  		 0.0033 	 0.9999 	 	 0.0467  	 0.9819  	 	 0.1303 	 0.9441  	 	 0.3905 	 0.8942  	 	 2.2689 	 0.5665  	 	 2.9674 	 0.4973
[2024/05/18 15:41:38] - 134 		 352.8 	 	 144.5 	 	 0.0010  		 0.0032 	 0.9999 	 	 0.0451  	 0.9832  	 	 0.1258 	 0.9454  	 	 0.3966 	 0.8901  	 	 2.2248 	 0.5556  	 	 2.9214 	 0.4848
[2024/05/18 15:49:58] - 135 		 357.4 	 	 142.3 	 	 0.0010  		 0.0031 	 0.9999 	 	 0.0453  	 0.9833  	 	 0.1279 	 0.9443  	 	 0.4217 	 0.8869  	 	 2.3277 	 0.5577  	 	 3.0253 	 0.4901
[2024/05/18 15:58:18] - 136 		 358.7 	 	 141.2 	 	 0.0010  		 0.0029 	 0.9999 	 	 0.0442  	 0.9833  	 	 0.1271 	 0.9459  	 	 0.3591 	 0.9008  	 	 2.1474 	 0.5714  	 	 2.8353 	 0.4997
[2024/05/18 16:06:41] - 137 		 361.0 	 	 142.6 	 	 0.0010  		 0.0029 	 0.9999 	 	 0.0430  	 0.9842  	 	 0.1246 	 0.9460  	 	 0.3905 	 0.8921  	 	 2.1997 	 0.5688  	 	 2.8755 	 0.4994
[2024/05/18 16:14:59] - 138 		 354.2 	 	 143.2 	 	 0.0010  		 0.0028 	 0.9999 	 	 0.0412  	 0.9844  	 	 0.1216 	 0.9480  	 	 0.3674 	 0.8997  	 	 2.2343 	 0.5757  	 	 2.9198 	 0.5075
[2024/05/18 16:23:24] - 139 		 362.5 	 	 143.0 	 	 0.0010  		 0.0028 	 0.9999 	 	 0.0427  	 0.9840  	 	 0.1230 	 0.9489  	 	 0.3959 	 0.8924  	 	 2.2526 	 0.5713  	 	 2.9326 	 0.5000
[2024/05/18 16:31:46] - 140 		 357.9 	 	 143.3 	 	 0.0010  		 0.0027 	 0.9999 	 	 0.0412  	 0.9854  	 	 0.1233 	 0.9473  	 	 0.3934 	 0.8924  	 	 2.2552 	 0.5684  	 	 2.9296 	 0.5031
[2024/05/18 16:40:09] - 141 		 360.5 	 	 142.5 	 	 0.0010  		 0.0027 	 0.9999 	 	 0.0404  	 0.9853  	 	 0.1213 	 0.9487  	 	 0.3598 	 0.8991  	 	 2.1925 	 0.5652  	 	 2.8846 	 0.4934
[2024/05/18 16:48:30] - 142 		 357.5 	 	 143.6 	 	 0.0010  		 0.0025 	 0.9999 	 	 0.0397  	 0.9859  	 	 0.1206 	 0.9494  	 	 0.3773 	 0.9008  	 	 2.2017 	 0.5808  	 	 2.8827 	 0.5100
[2024/05/18 16:57:03] - 143 		 367.5 	 	 145.0 	 	 0.0010  		 0.0025 	 0.9999 	 	 0.0390  	 0.9860  	 	 0.1191 	 0.9501  	 	 0.3652 	 0.8970  	 	 2.2425 	 0.5585  	 	 2.9633 	 0.4864
[2024/05/18 17:05:32] - 144 		 366.1 	 	 143.0 	 	 0.0010  		 0.0024 	 0.9999 	 	 0.0376  	 0.9868  	 	 0.1167 	 0.9509  	 	 0.4362 	 0.8849  	 	 2.2917 	 0.5676  	 	 2.9648 	 0.5001
[2024/05/18 17:14:03] - 145 		 367.2 	 	 143.6 	 	 0.0010  		 0.0023 	 0.9999 	 	 0.0373  	 0.9870  	 	 0.1176 	 0.9512  	 	 0.3459 	 0.9029  	 	 2.1139 	 0.5677  	 	 2.7936 	 0.4989
[2024/05/18 17:22:24] - 146 		 358.8 	 	 142.9 	 	 0.0010  		 0.0023 	 0.9999 	 	 0.0362  	 0.9871  	 	 0.1152 	 0.9522  	 	 0.3882 	 0.8956  	 	 2.2420 	 0.5788  	 	 2.9350 	 0.5074
[2024/05/18 17:30:42] - 147 		 352.8 	 	 144.6 	 	 0.0010  		 0.0022 	 0.9999 	 	 0.0358  	 0.9873  	 	 0.1153 	 0.9516  	 	 0.4157 	 0.8891  	 	 2.3282 	 0.5635  	 	 3.0503 	 0.4891
[2024/05/18 17:38:58] - 148 		 352.6 	 	 143.7 	 	 0.0010  		 0.0022 	 0.9999 	 	 0.0365  	 0.9871  	 	 0.1168 	 0.9519  	 	 0.3793 	 0.8954  	 	 2.2482 	 0.5671  	 	 2.9499 	 0.4940
[2024/05/18 17:47:17] - 149 		 355.5 	 	 143.0 	 	 0.0001  		 0.0022 	 0.9999 	 	 0.0361  	 0.9874  	 	 0.1166 	 0.9519  	 	 0.3260 	 0.9083  	 	 2.0870 	 0.5785  	 	 2.7659 	 0.5093
[2024/05/18 17:55:46] - 150 		 363.8 	 	 145.0 	 	 0.0001  		 0.0020 	 0.9999 	 	 0.0304  	 0.9899  	 	 0.1024 	 0.9567  	 	 0.3558 	 0.9010  	 	 2.1762 	 0.5675  	 	 2.8784 	 0.4919
