[2024/05/17 22:12:18] - Namespace(att_method='norm_steep', attack_iters=10, batch_size=128, beta=6.0, chkpt_iters=50, dataset='svhn', epochs=201, epsilon=0.03137254901960784, eq_vol=1, eval_method='sign', lr_chechpoint1=100, lr_chechpoint2=150, lr_max=0.01, lr_schedule='piecewise', manual_step=0, model='PreRes18_standard', momentum=0.9, norm='l_inf', pgd_alpha=1.0, random_init=1, resume=0, seed=1, train_mode='adv_train', weight_decay=0.0005, width_factor=10)
[2024/05/17 22:12:23] - Epoch 	 Train Time 	 Test Time 	 LR 	 	 Train Loss 	 Train Acc 	 Train Adv Loss 	 Train Adv Acc 	 Train Surrogate Loss 	 Train Surrogate Acc 	 Test Loss 	 Test Acc 	 Test Adv Loss 	 Test Adv Acc 	 Test Surrogate Loss 	 Test Surrogate Acc 
[2024/05/17 22:19:25] - 0 		 303.5 	 	 118.2 	 	 0.0100  		 2.2480 	 0.1862 	 	 2.2724  	 0.1825  	 	 2.2759 	 0.1821  	 	 2.2187 	 0.1963  	 	 2.2349 	 0.1959  	 	 2.2378 	 0.1958
[2024/05/17 22:26:20] - 1 		 297.5 	 	 117.9 	 	 0.0100  		 2.2125 	 0.1973 	 	 2.2368  	 0.1899  	 	 2.2409 	 0.1884  	 	 2.0643 	 0.2919  	 	 2.1598 	 0.2378  	 	 2.1771 	 0.2278
[2024/05/17 22:33:16] - 2 		 297.1 	 	 118.3 	 	 0.0100  		 1.4338 	 0.5625 	 	 1.8395  	 0.3553  	 	 1.9179 	 0.3255  	 	 0.8456 	 0.7914  	 	 1.4331 	 0.5227  	 	 1.5370 	 0.4829
[2024/05/17 22:40:12] - 3 		 298.2 	 	 118.0 	 	 0.0100  		 0.7556 	 0.8175 	 	 1.3755  	 0.5296  	 	 1.4954 	 0.4886  	 	 0.6536 	 0.8569  	 	 1.3087 	 0.5712  	 	 1.4326 	 0.5229
[2024/05/17 22:47:08] - 4 		 297.4 	 	 118.0 	 	 0.0100  		 0.6346 	 0.8530 	 	 1.2509  	 0.5723  	 	 1.3727 	 0.5286  	 	 0.5453 	 0.8695  	 	 1.2387 	 0.5792  	 	 1.3773 	 0.5340
[2024/05/17 22:54:05] - 5 		 297.9 	 	 118.9 	 	 0.0100  		 0.5756 	 0.8700 	 	 1.1819  	 0.5941  	 	 1.3041 	 0.5526  	 	 0.5253 	 0.8745  	 	 1.1982 	 0.5964  	 	 1.3316 	 0.5534
[2024/05/17 23:01:00] - 6 		 297.5 	 	 118.1 	 	 0.0100  		 0.5403 	 0.8793 	 	 1.1387  	 0.6104  	 	 1.2613 	 0.5673  	 	 0.4834 	 0.8952  	 	 1.1938 	 0.6039  	 	 1.3446 	 0.5522
[2024/05/17 23:07:56] - 7 		 297.8 	 	 117.8 	 	 0.0100  		 0.5099 	 0.8878 	 	 1.0993  	 0.6221  	 	 1.2216 	 0.5800  	 	 0.5016 	 0.8905  	 	 1.1284 	 0.6245  	 	 1.2569 	 0.5794
[2024/05/17 23:14:52] - 8 		 297.4 	 	 118.8 	 	 0.0100  		 0.4865 	 0.8943 	 	 1.0708  	 0.6319  	 	 1.1941 	 0.5879  	 	 0.4072 	 0.9045  	 	 1.1315 	 0.6229  	 	 1.2897 	 0.5737
[2024/05/17 23:21:48] - 9 		 298.0 	 	 118.0 	 	 0.0100  		 0.4683 	 0.8989 	 	 1.0450  	 0.6394  	 	 1.1686 	 0.5973  	 	 0.5035 	 0.8962  	 	 1.1156 	 0.6334  	 	 1.2348 	 0.5912
[2024/05/17 23:28:45] - 10 		 297.9 	 	 118.8 	 	 0.0100  		 0.4521 	 0.9038 	 	 1.0239  	 0.6449  	 	 1.1474 	 0.6014  	 	 0.4723 	 0.8975  	 	 1.1254 	 0.6295  	 	 1.2575 	 0.5878
[2024/05/17 23:35:41] - 11 		 298.1 	 	 118.3 	 	 0.0100  		 0.4363 	 0.9074 	 	 1.0014  	 0.6541  	 	 1.1260 	 0.6094  	 	 0.5158 	 0.8721  	 	 1.1628 	 0.6074  	 	 1.2935 	 0.5651
[2024/05/17 23:42:37] - 12 		 297.5 	 	 118.2 	 	 0.0100  		 0.4236 	 0.9106 	 	 0.9821  	 0.6578  	 	 1.1066 	 0.6145  	 	 0.4177 	 0.9056  	 	 1.1393 	 0.6122  	 	 1.3040 	 0.5595
[2024/05/17 23:49:33] - 13 		 297.4 	 	 118.2 	 	 0.0100  		 0.4132 	 0.9130 	 	 0.9667  	 0.6646  	 	 1.0914 	 0.6198  	 	 0.4692 	 0.9040  	 	 1.1135 	 0.6307  	 	 1.2540 	 0.5806
[2024/05/17 23:56:29] - 14 		 297.7 	 	 118.9 	 	 0.0100  		 0.4010 	 0.9164 	 	 0.9500  	 0.6683  	 	 1.0758 	 0.6243  	 	 0.4280 	 0.9060  	 	 1.0726 	 0.6382  	 	 1.2059 	 0.5966
[2024/05/18 00:03:25] - 15 		 298.2 	 	 117.8 	 	 0.0100  		 0.3907 	 0.9188 	 	 0.9344  	 0.6737  	 	 1.0599 	 0.6281  	 	 0.3558 	 0.9200  	 	 1.1085 	 0.6273  	 	 1.2857 	 0.5747
[2024/05/18 00:10:22] - 16 		 298.0 	 	 118.1 	 	 0.0100  		 0.3796 	 0.9217 	 	 0.9178  	 0.6770  	 	 1.0440 	 0.6316  	 	 0.4091 	 0.9040  	 	 1.1177 	 0.6307  	 	 1.2760 	 0.5834
[2024/05/18 00:17:17] - 17 		 297.7 	 	 118.0 	 	 0.0100  		 0.3699 	 0.9245 	 	 0.9034  	 0.6817  	 	 1.0305 	 0.6366  	 	 0.3843 	 0.9170  	 	 1.0977 	 0.6402  	 	 1.2573 	 0.5914
[2024/05/18 00:24:14] - 18 		 297.7 	 	 118.8 	 	 0.0100  		 0.3604 	 0.9264 	 	 0.8896  	 0.6846  	 	 1.0173 	 0.6399  	 	 0.4747 	 0.8959  	 	 1.0839 	 0.6419  	 	 1.2112 	 0.6003
[2024/05/18 00:31:09] - 19 		 297.3 	 	 118.2 	 	 0.0100  		 0.3530 	 0.9287 	 	 0.8759  	 0.6901  	 	 1.0033 	 0.6445  	 	 0.4050 	 0.9150  	 	 1.0829 	 0.6400  	 	 1.2323 	 0.5924
[2024/05/18 00:38:05] - 20 		 297.8 	 	 118.1 	 	 0.0100  		 0.3442 	 0.9306 	 	 0.8622  	 0.6938  	 	 0.9900 	 0.6476  	 	 0.3645 	 0.9149  	 	 1.1298 	 0.6152  	 	 1.3144 	 0.5613
[2024/05/18 00:45:02] - 21 		 297.4 	 	 118.9 	 	 0.0100  		 0.3359 	 0.9318 	 	 0.8508  	 0.6963  	 	 0.9795 	 0.6501  	 	 0.3316 	 0.9212  	 	 1.1737 	 0.6188  	 	 1.3843 	 0.5661
[2024/05/18 00:51:57] - 22 		 297.6 	 	 118.0 	 	 0.0100  		 0.3286 	 0.9350 	 	 0.8369  	 0.6996  	 	 0.9657 	 0.6532  	 	 0.3612 	 0.9172  	 	 1.1559 	 0.6233  	 	 1.3468 	 0.5706
[2024/05/18 00:58:53] - 23 		 297.5 	 	 118.1 	 	 0.0100  		 0.3211 	 0.9360 	 	 0.8248  	 0.7024  	 	 0.9548 	 0.6560  	 	 0.4529 	 0.9030  	 	 1.0675 	 0.6463  	 	 1.1952 	 0.6064
[2024/05/18 01:05:49] - 24 		 298.0 	 	 118.6 	 	 0.0100  		 0.3123 	 0.9388 	 	 0.8110  	 0.7072  	 	 0.9414 	 0.6610  	 	 0.4331 	 0.9069  	 	 1.1114 	 0.6241  	 	 1.2636 	 0.5757
[2024/05/18 01:12:46] - 25 		 298.1 	 	 118.0 	 	 0.0100  		 0.3048 	 0.9406 	 	 0.7997  	 0.7117  	 	 0.9301 	 0.6639  	 	 0.3470 	 0.9204  	 	 1.1407 	 0.6279  	 	 1.3352 	 0.5754
[2024/05/18 01:19:42] - 26 		 297.9 	 	 118.3 	 	 0.0100  		 0.2995 	 0.9417 	 	 0.7908  	 0.7139  	 	 0.9220 	 0.6642  	 	 0.3886 	 0.9110  	 	 1.1713 	 0.6200  	 	 1.3550 	 0.5703
[2024/05/18 01:26:38] - 27 		 297.4 	 	 118.8 	 	 0.0100  		 0.2900 	 0.9437 	 	 0.7725  	 0.7191  	 	 0.9036 	 0.6700  	 	 0.3857 	 0.9044  	 	 1.2332 	 0.6041  	 	 1.4370 	 0.5531
[2024/05/18 01:33:34] - 28 		 298.0 	 	 118.1 	 	 0.0100  		 0.2838 	 0.9445 	 	 0.7633  	 0.7215  	 	 0.8950 	 0.6727  	 	 0.4145 	 0.9040  	 	 1.1173 	 0.6315  	 	 1.2802 	 0.5827
[2024/05/18 01:40:30] - 29 		 297.4 	 	 118.2 	 	 0.0100  		 0.2760 	 0.9468 	 	 0.7528  	 0.7234  	 	 0.8855 	 0.6730  	 	 0.4288 	 0.9029  	 	 1.1439 	 0.6363  	 	 1.3036 	 0.5908
[2024/05/18 01:47:26] - 30 		 297.6 	 	 118.1 	 	 0.0100  		 0.2688 	 0.9489 	 	 0.7382  	 0.7281  	 	 0.8709 	 0.6789  	 	 0.3616 	 0.9115  	 	 1.1923 	 0.6122  	 	 1.4036 	 0.5588
[2024/05/18 01:54:22] - 31 		 297.9 	 	 118.0 	 	 0.0100  		 0.2611 	 0.9494 	 	 0.7249  	 0.7330  	 	 0.8578 	 0.6830  	 	 0.3281 	 0.9193  	 	 1.1973 	 0.6219  	 	 1.4316 	 0.5676
[2024/05/18 02:01:18] - 32 		 297.4 	 	 118.9 	 	 0.0100  		 0.2543 	 0.9514 	 	 0.7119  	 0.7358  	 	 0.8449 	 0.6849  	 	 0.3614 	 0.9127  	 	 1.2497 	 0.6154  	 	 1.4761 	 0.5592
[2024/05/18 02:08:14] - 33 		 298.2 	 	 118.2 	 	 0.0100  		 0.2482 	 0.9536 	 	 0.7039  	 0.7362  	 	 0.8384 	 0.6854  	 	 0.4246 	 0.9005  	 	 1.1803 	 0.6237  	 	 1.3636 	 0.5744
[2024/05/18 02:15:10] - 34 		 297.6 	 	 118.0 	 	 0.0100  		 0.2426 	 0.9544 	 	 0.6929  	 0.7400  	 	 0.8270 	 0.6871  	 	 0.3840 	 0.9106  	 	 1.1514 	 0.6315  	 	 1.3377 	 0.5809
[2024/05/18 02:22:06] - 35 		 297.4 	 	 118.7 	 	 0.0100  		 0.2366 	 0.9563 	 	 0.6823  	 0.7430  	 	 0.8174 	 0.6911  	 	 0.4028 	 0.9004  	 	 1.1928 	 0.6216  	 	 1.3897 	 0.5709
[2024/05/18 02:29:02] - 36 		 297.9 	 	 118.0 	 	 0.0100  		 0.2302 	 0.9562 	 	 0.6690  	 0.7476  	 	 0.8038 	 0.6949  	 	 0.3506 	 0.9138  	 	 1.2884 	 0.6031  	 	 1.5453 	 0.5412
[2024/05/18 02:35:59] - 37 		 298.4 	 	 118.7 	 	 0.0100  		 0.2240 	 0.9581 	 	 0.6620  	 0.7505  	 	 0.7981 	 0.6989  	 	 0.3269 	 0.9196  	 	 1.2758 	 0.6171  	 	 1.5309 	 0.5630
[2024/05/18 02:42:56] - 38 		 297.7 	 	 118.8 	 	 0.0100  		 0.2194 	 0.9602 	 	 0.6529  	 0.7529  	 	 0.7893 	 0.7004  	 	 0.3739 	 0.9080  	 	 1.2067 	 0.6222  	 	 1.4224 	 0.5698
[2024/05/18 02:49:51] - 39 		 297.6 	 	 118.1 	 	 0.0100  		 0.2139 	 0.9617 	 	 0.6413  	 0.7564  	 	 0.7773 	 0.7037  	 	 0.3352 	 0.9216  	 	 1.3047 	 0.6121  	 	 1.5712 	 0.5519
[2024/05/18 02:56:49] - 40 		 298.5 	 	 119.0 	 	 0.0100  		 0.2074 	 0.9628 	 	 0.6301  	 0.7586  	 	 0.7666 	 0.7053  	 	 0.3675 	 0.9118  	 	 1.2326 	 0.6194  	 	 1.4588 	 0.5668
[2024/05/18 03:03:45] - 41 		 298.1 	 	 118.1 	 	 0.0100  		 0.2022 	 0.9638 	 	 0.6217  	 0.7604  	 	 0.7599 	 0.7062  	 	 0.4087 	 0.8980  	 	 1.2830 	 0.6041  	 	 1.5090 	 0.5523
[2024/05/18 03:10:42] - 42 		 298.5 	 	 118.1 	 	 0.0100  		 0.1975 	 0.9657 	 	 0.6111  	 0.7637  	 	 0.7480 	 0.7111  	 	 0.3957 	 0.8957  	 	 1.3581 	 0.5920  	 	 1.6110 	 0.5383
[2024/05/18 03:17:38] - 43 		 297.7 	 	 118.7 	 	 0.0100  		 0.1921 	 0.9661 	 	 0.6006  	 0.7671  	 	 0.7375 	 0.7142  	 	 0.3476 	 0.9135  	 	 1.2705 	 0.6137  	 	 1.5204 	 0.5572
[2024/05/18 03:24:34] - 44 		 297.9 	 	 118.3 	 	 0.0100  		 0.1863 	 0.9685 	 	 0.5899  	 0.7700  	 	 0.7279 	 0.7161  	 	 0.3337 	 0.9151  	 	 1.2750 	 0.6156  	 	 1.5296 	 0.5605
[2024/05/18 03:31:31] - 45 		 298.2 	 	 118.0 	 	 0.0100  		 0.1819 	 0.9687 	 	 0.5836  	 0.7706  	 	 0.7224 	 0.7169  	 	 0.3814 	 0.9100  	 	 1.2692 	 0.6016  	 	 1.5083 	 0.5437
[2024/05/18 03:38:27] - 46 		 297.6 	 	 119.2 	 	 0.0100  		 0.1790 	 0.9698 	 	 0.5789  	 0.7741  	 	 0.7184 	 0.7187  	 	 0.3719 	 0.9040  	 	 1.3760 	 0.6030  	 	 1.6487 	 0.5460
[2024/05/18 03:45:25] - 47 		 299.0 	 	 118.6 	 	 0.0100  		 0.1716 	 0.9717 	 	 0.5644  	 0.7790  	 	 0.7028 	 0.7234  	 	 0.4072 	 0.8954  	 	 1.3137 	 0.6109  	 	 1.5484 	 0.5602
[2024/05/18 03:52:22] - 48 		 298.0 	 	 118.6 	 	 0.0100  		 0.1687 	 0.9718 	 	 0.5609  	 0.7779  	 	 0.7012 	 0.7225  	 	 0.3816 	 0.8985  	 	 1.4114 	 0.5918  	 	 1.6914 	 0.5390
[2024/05/18 03:59:18] - 49 		 297.4 	 	 119.2 	 	 0.0100  		 0.1663 	 0.9721 	 	 0.5569  	 0.7774  	 	 0.6987 	 0.7224  	 	 0.3311 	 0.9118  	 	 1.4647 	 0.5907  	 	 1.7863 	 0.5314
[2024/05/18 04:06:16] - 50 		 299.4 	 	 118.2 	 	 0.0100  		 0.1613 	 0.9740 	 	 0.5450  	 0.7831  	 	 0.6858 	 0.7267  	 	 0.3598 	 0.9057  	 	 1.4806 	 0.5919  	 	 1.7914 	 0.5357
[2024/05/18 04:13:12] - 51 		 297.6 	 	 118.3 	 	 0.0100  		 0.1564 	 0.9750 	 	 0.5364  	 0.7860  	 	 0.6786 	 0.7281  	 	 0.3856 	 0.8966  	 	 1.3892 	 0.5911  	 	 1.6617 	 0.5342
[2024/05/18 04:20:08] - 52 		 298.0 	 	 117.9 	 	 0.0100  		 0.1515 	 0.9752 	 	 0.5273  	 0.7898  	 	 0.6679 	 0.7326  	 	 0.3735 	 0.9049  	 	 1.4757 	 0.5825  	 	 1.7895 	 0.5210
[2024/05/18 04:27:04] - 53 		 298.2 	 	 118.2 	 	 0.0100  		 0.1490 	 0.9757 	 	 0.5218  	 0.7894  	 	 0.6632 	 0.7340  	 	 0.3945 	 0.9015  	 	 1.3265 	 0.5993  	 	 1.5760 	 0.5437
[2024/05/18 04:34:01] - 54 		 298.0 	 	 119.2 	 	 0.0100  		 0.1453 	 0.9776 	 	 0.5142  	 0.7922  	 	 0.6549 	 0.7342  	 	 0.3562 	 0.9056  	 	 1.5796 	 0.5649  	 	 1.9284 	 0.5070
[2024/05/18 04:40:58] - 55 		 298.5 	 	 118.3 	 	 0.0100  		 0.1424 	 0.9783 	 	 0.5125  	 0.7940  	 	 0.6563 	 0.7340  	 	 0.3780 	 0.9044  	 	 1.3037 	 0.6055  	 	 1.5488 	 0.5521
[2024/05/18 04:47:55] - 56 		 298.5 	 	 118.3 	 	 0.0100  		 0.1403 	 0.9785 	 	 0.5091  	 0.7931  	 	 0.6521 	 0.7347  	 	 0.3434 	 0.9126  	 	 1.5059 	 0.5882  	 	 1.8517 	 0.5239
[2024/05/18 04:54:51] - 57 		 298.0 	 	 118.6 	 	 0.0100  		 0.1384 	 0.9790 	 	 0.5074  	 0.7929  	 	 0.6517 	 0.7357  	 	 0.4090 	 0.8869  	 	 1.5517 	 0.5808  	 	 1.8609 	 0.5257
[2024/05/18 05:01:48] - 58 		 298.3 	 	 118.0 	 	 0.0100  		 0.1340 	 0.9803 	 	 0.4954  	 0.7978  	 	 0.6384 	 0.7386  	 	 0.3739 	 0.8983  	 	 1.4318 	 0.5899  	 	 1.7170 	 0.5347
[2024/05/18 05:08:46] - 59 		 299.2 	 	 118.7 	 	 0.0100  		 0.1288 	 0.9808 	 	 0.4835  	 0.8026  	 	 0.6249 	 0.7444  	 	 0.3834 	 0.8944  	 	 1.5208 	 0.5743  	 	 1.8299 	 0.5202
[2024/05/18 05:15:42] - 60 		 298.1 	 	 118.1 	 	 0.0100  		 0.1259 	 0.9820 	 	 0.4775  	 0.8035  	 	 0.6191 	 0.7452  	 	 0.4180 	 0.8871  	 	 1.5565 	 0.5666  	 	 1.8626 	 0.5100
[2024/05/18 05:22:38] - 61 		 298.1 	 	 118.3 	 	 0.0100  		 0.1233 	 0.9826 	 	 0.4739  	 0.8051  	 	 0.6173 	 0.7465  	 	 0.3817 	 0.9035  	 	 1.4357 	 0.5832  	 	 1.7238 	 0.5269
[2024/05/18 05:29:35] - 62 		 297.6 	 	 118.6 	 	 0.0100  		 0.1219 	 0.9828 	 	 0.4733  	 0.8035  	 	 0.6181 	 0.7444  	 	 0.3663 	 0.8999  	 	 1.5407 	 0.5696  	 	 1.8698 	 0.5109
[2024/05/18 05:36:31] - 63 		 298.1 	 	 118.1 	 	 0.0100  		 0.1199 	 0.9833 	 	 0.4687  	 0.8057  	 	 0.6139 	 0.7474  	 	 0.3123 	 0.9129  	 	 1.4941 	 0.5871  	 	 1.8342 	 0.5275
[2024/05/18 05:43:28] - 64 		 298.6 	 	 118.2 	 	 0.0100  		 0.1166 	 0.9836 	 	 0.4609  	 0.8084  	 	 0.6059 	 0.7493  	 	 0.3409 	 0.9081  	 	 1.5770 	 0.5684  	 	 1.9327 	 0.5043
[2024/05/18 05:50:24] - 65 		 297.9 	 	 118.4 	 	 0.0100  		 0.1154 	 0.9840 	 	 0.4616  	 0.8097  	 	 0.6076 	 0.7483  	 	 0.4342 	 0.8830  	 	 1.4457 	 0.5879  	 	 1.7207 	 0.5349
[2024/05/18 05:57:20] - 66 		 298.0 	 	 118.0 	 	 0.0100  		 0.1141 	 0.9841 	 	 0.4596  	 0.8103  	 	 0.6061 	 0.7499  	 	 0.3704 	 0.9006  	 	 1.5872 	 0.5742  	 	 1.9390 	 0.5144
[2024/05/18 06:04:16] - 67 		 298.0 	 	 118.1 	 	 0.0100  		 0.1101 	 0.9847 	 	 0.4510  	 0.8129  	 	 0.5972 	 0.7515  	 	 0.3672 	 0.8998  	 	 1.5345 	 0.5879  	 	 1.8541 	 0.5275
[2024/05/18 06:11:13] - 68 		 297.8 	 	 118.4 	 	 0.0100  		 0.1071 	 0.9854 	 	 0.4420  	 0.8160  	 	 0.5875 	 0.7541  	 	 0.3430 	 0.9085  	 	 1.5431 	 0.5873  	 	 1.8857 	 0.5257
[2024/05/18 06:18:09] - 69 		 297.9 	 	 118.3 	 	 0.0100  		 0.1071 	 0.9856 	 	 0.4463  	 0.8140  	 	 0.5934 	 0.7521  	 	 0.3379 	 0.9103  	 	 1.5377 	 0.5818  	 	 1.8835 	 0.5212
[2024/05/18 06:25:05] - 70 		 297.7 	 	 118.8 	 	 0.0100  		 0.1040 	 0.9863 	 	 0.4365  	 0.8177  	 	 0.5822 	 0.7558  	 	 0.4034 	 0.8888  	 	 1.6444 	 0.5732  	 	 1.9805 	 0.5177
[2024/05/18 06:32:02] - 71 		 298.4 	 	 118.2 	 	 0.0100  		 0.1022 	 0.9865 	 	 0.4360  	 0.8187  	 	 0.5830 	 0.7572  	 	 0.3829 	 0.8944  	 	 1.5340 	 0.5782  	 	 1.8534 	 0.5217
[2024/05/18 06:38:58] - 72 		 297.9 	 	 118.2 	 	 0.0100  		 0.1000 	 0.9871 	 	 0.4300  	 0.8197  	 	 0.5761 	 0.7574  	 	 0.3472 	 0.9053  	 	 1.5999 	 0.5703  	 	 1.9774 	 0.5031
[2024/05/18 06:45:55] - 73 		 298.0 	 	 118.7 	 	 0.0100  		 0.0981 	 0.9876 	 	 0.4280  	 0.8211  	 	 0.5763 	 0.7591  	 	 0.3956 	 0.8934  	 	 1.6822 	 0.5716  	 	 2.0415 	 0.5134
[2024/05/18 06:52:51] - 74 		 298.5 	 	 118.0 	 	 0.0100  		 0.0962 	 0.9875 	 	 0.4215  	 0.8224  	 	 0.5671 	 0.7604  	 	 0.3384 	 0.9067  	 	 1.4853 	 0.5813  	 	 1.8178 	 0.5208
[2024/05/18 06:59:47] - 75 		 297.9 	 	 118.1 	 	 0.0100  		 0.0955 	 0.9881 	 	 0.4223  	 0.8215  	 	 0.5696 	 0.7584  	 	 0.3548 	 0.9062  	 	 1.5428 	 0.5696  	 	 1.8918 	 0.5057
[2024/05/18 07:06:45] - 76 		 298.3 	 	 118.9 	 	 0.0100  		 0.0938 	 0.9885 	 	 0.4168  	 0.8240  	 	 0.5646 	 0.7611  	 	 0.3473 	 0.9028  	 	 1.6075 	 0.5849  	 	 1.9531 	 0.5277
[2024/05/18 07:13:41] - 77 		 297.9 	 	 118.2 	 	 0.0100  		 0.0916 	 0.9892 	 	 0.4111  	 0.8254  	 	 0.5570 	 0.7629  	 	 0.3219 	 0.9123  	 	 1.6538 	 0.5747  	 	 2.0512 	 0.5141
[2024/05/18 07:20:38] - 78 		 298.2 	 	 118.6 	 	 0.0100  		 0.0914 	 0.9888 	 	 0.4142  	 0.8253  	 	 0.5634 	 0.7606  	 	 0.4040 	 0.8906  	 	 1.5598 	 0.5683  	 	 1.8832 	 0.5081
[2024/05/18 07:27:34] - 79 		 297.9 	 	 118.9 	 	 0.0100  		 0.0881 	 0.9899 	 	 0.4061  	 0.8276  	 	 0.5539 	 0.7640  	 	 0.3550 	 0.9008  	 	 1.5914 	 0.5666  	 	 1.9468 	 0.5063
[2024/05/18 07:34:31] - 80 		 298.0 	 	 118.2 	 	 0.0100  		 0.0860 	 0.9899 	 	 0.3996  	 0.8313  	 	 0.5467 	 0.7677  	 	 0.3473 	 0.9097  	 	 1.4780 	 0.5869  	 	 1.7979 	 0.5264
[2024/05/18 07:41:27] - 81 		 297.8 	 	 118.6 	 	 0.0100  		 0.0866 	 0.9894 	 	 0.4046  	 0.8286  	 	 0.5530 	 0.7649  	 	 0.3458 	 0.9054  	 	 1.6483 	 0.5764  	 	 2.0175 	 0.5178
[2024/05/18 07:48:33] - 82 		 299.9 	 	 126.0 	 	 0.0100  		 0.0846 	 0.9904 	 	 0.4010  	 0.8300  	 	 0.5504 	 0.7640  	 	 0.3778 	 0.8981  	 	 1.5913 	 0.5708  	 	 1.9420 	 0.5088
[2024/05/18 07:55:29] - 83 		 297.8 	 	 118.0 	 	 0.0100  		 0.0830 	 0.9901 	 	 0.3949  	 0.8321  	 	 0.5445 	 0.7675  	 	 0.3509 	 0.9035  	 	 1.7240 	 0.5661  	 	 2.1248 	 0.5048
[2024/05/18 08:02:27] - 84 		 295.8 	 	 122.9 	 	 0.0100  		 0.0821 	 0.9905 	 	 0.3957  	 0.8313  	 	 0.5445 	 0.7688  	 	 0.3536 	 0.9023  	 	 1.6547 	 0.5686  	 	 2.0254 	 0.5100
[2024/05/18 08:09:25] - 85 		 299.0 	 	 118.4 	 	 0.0100  		 0.0819 	 0.9909 	 	 0.3929  	 0.8303  	 	 0.5419 	 0.7667  	 	 0.3905 	 0.8959  	 	 1.6160 	 0.5630  	 	 1.9611 	 0.5021
[2024/05/18 08:16:19] - 86 		 297.3 	 	 117.2 	 	 0.0100  		 0.0794 	 0.9911 	 	 0.3865  	 0.8359  	 	 0.5337 	 0.7715  	 	 0.3650 	 0.8991  	 	 1.6448 	 0.5696  	 	 2.0043 	 0.5062
[2024/05/18 08:23:12] - 87 		 296.4 	 	 116.7 	 	 0.0100  		 0.0780 	 0.9912 	 	 0.3850  	 0.8361  	 	 0.5340 	 0.7712  	 	 0.3435 	 0.9077  	 	 1.6029 	 0.5663  	 	 1.9753 	 0.5021
[2024/05/18 08:30:07] - 88 		 296.7 	 	 117.4 	 	 0.0100  		 0.0776 	 0.9914 	 	 0.3822  	 0.8371  	 	 0.5316 	 0.7711  	 	 0.3220 	 0.9106  	 	 1.6307 	 0.5835  	 	 2.0185 	 0.5226
[2024/05/18 08:36:59] - 89 		 295.2 	 	 116.6 	 	 0.0100  		 0.0757 	 0.9915 	 	 0.3793  	 0.8371  	 	 0.5291 	 0.7718  	 	 0.3715 	 0.8944  	 	 1.7089 	 0.5582  	 	 2.1037 	 0.4943
[2024/05/18 08:43:51] - 90 		 295.2 	 	 116.8 	 	 0.0100  		 0.0739 	 0.9916 	 	 0.3763  	 0.8389  	 	 0.5264 	 0.7745  	 	 0.3806 	 0.8932  	 	 1.6423 	 0.5651  	 	 2.0015 	 0.5072
[2024/05/18 08:50:43] - 91 		 295.2 	 	 116.7 	 	 0.0100  		 0.0725 	 0.9920 	 	 0.3734  	 0.8396  	 	 0.5216 	 0.7745  	 	 0.3480 	 0.9050  	 	 1.5793 	 0.5743  	 	 1.9342 	 0.5134
[2024/05/18 08:57:36] - 92 		 296.6 	 	 116.6 	 	 0.0100  		 0.0725 	 0.9922 	 	 0.3727  	 0.8405  	 	 0.5225 	 0.7753  	 	 0.3416 	 0.9058  	 	 1.6058 	 0.5708  	 	 1.9674 	 0.5116
[2024/05/18 09:04:27] - 93 		 294.7 	 	 116.8 	 	 0.0100  		 0.0718 	 0.9924 	 	 0.3732  	 0.8413  	 	 0.5232 	 0.7763  	 	 0.3825 	 0.8940  	 	 1.6642 	 0.5628  	 	 2.0354 	 0.5017
[2024/05/18 09:11:20] - 94 		 294.9 	 	 117.6 	 	 0.0100  		 0.0698 	 0.9927 	 	 0.3667  	 0.8427  	 	 0.5149 	 0.7773  	 	 0.3819 	 0.8941  	 	 1.6647 	 0.5692  	 	 2.0328 	 0.5106
[2024/05/18 09:18:12] - 95 		 295.2 	 	 116.8 	 	 0.0100  		 0.0687 	 0.9927 	 	 0.3642  	 0.8428  	 	 0.5133 	 0.7786  	 	 0.3623 	 0.8986  	 	 1.7653 	 0.5619  	 	 2.1680 	 0.4997
[2024/05/18 09:25:04] - 96 		 294.9 	 	 117.4 	 	 0.0100  		 0.0669 	 0.9933 	 	 0.3587  	 0.8456  	 	 0.5064 	 0.7805  	 	 0.3900 	 0.8883  	 	 1.6531 	 0.5624  	 	 2.0088 	 0.5027
[2024/05/18 09:31:56] - 97 		 295.4 	 	 116.9 	 	 0.0100  		 0.0669 	 0.9934 	 	 0.3612  	 0.8439  	 	 0.5113 	 0.7782  	 	 0.3803 	 0.8933  	 	 1.5819 	 0.5684  	 	 1.9253 	 0.5085
[2024/05/18 09:38:51] - 98 		 297.1 	 	 117.2 	 	 0.0100  		 0.0676 	 0.9931 	 	 0.3625  	 0.8446  	 	 0.5136 	 0.7786  	 	 0.3979 	 0.8906  	 	 1.5898 	 0.5680  	 	 1.9243 	 0.5113
[2024/05/18 09:45:44] - 99 		 295.1 	 	 118.0 	 	 0.0010  		 0.0652 	 0.9931 	 	 0.3556  	 0.8464  	 	 0.5052 	 0.7795  	 	 0.3500 	 0.9019  	 	 1.6278 	 0.5657  	 	 2.0035 	 0.5025
[2024/05/18 09:52:37] - 100 		 296.7 	 	 116.9 	 	 0.0010  		 0.0426 	 0.9966 	 	 0.2296  	 0.9029  	 	 0.3309 	 0.8473  	 	 0.3095 	 0.9110  	 	 1.6951 	 0.5802  	 	 2.1017 	 0.5193
[2024/05/18 09:59:29] - 101 		 294.9 	 	 116.9 	 	 0.0010  		 0.0306 	 0.9975 	 	 0.1789  	 0.9228  	 	 0.2639 	 0.8739  	 	 0.3025 	 0.9144  	 	 1.6495 	 0.5802  	 	 2.0477 	 0.5197
[2024/05/18 10:06:21] - 102 		 294.9 	 	 117.2 	 	 0.0010  		 0.0265 	 0.9980 	 	 0.1618  	 0.9281  	 	 0.2421 	 0.8834  	 	 0.3608 	 0.8984  	 	 1.8344 	 0.5733  	 	 2.2539 	 0.5169
[2024/05/18 10:13:14] - 103 		 295.2 	 	 117.0 	 	 0.0010  		 0.0234 	 0.9984 	 	 0.1493  	 0.9340  	 	 0.2261 	 0.8904  	 	 0.3487 	 0.8992  	 	 1.7859 	 0.5748  	 	 2.1956 	 0.5177
[2024/05/18 10:20:05] - 104 		 294.6 	 	 116.6 	 	 0.0010  		 0.0211 	 0.9984 	 	 0.1394  	 0.9382  	 	 0.2147 	 0.8957  	 	 0.3330 	 0.9035  	 	 1.8146 	 0.5773  	 	 2.2457 	 0.5181
[2024/05/18 10:26:58] - 105 		 295.7 	 	 117.7 	 	 0.0010  		 0.0193 	 0.9987 	 	 0.1321  	 0.9412  	 	 0.2052 	 0.8989  	 	 0.3555 	 0.8992  	 	 1.8826 	 0.5729  	 	 2.3162 	 0.5156
[2024/05/18 10:33:50] - 106 		 294.9 	 	 117.0 	 	 0.0010  		 0.0179 	 0.9987 	 	 0.1267  	 0.9436  	 	 0.1985 	 0.9034  	 	 0.3465 	 0.9039  	 	 1.9590 	 0.5755  	 	 2.4251 	 0.5176
[2024/05/18 10:40:42] - 107 		 294.6 	 	 116.8 	 	 0.0010  		 0.0166 	 0.9988 	 	 0.1208  	 0.9460  	 	 0.1915 	 0.9063  	 	 0.3426 	 0.9006  	 	 1.9125 	 0.5625  	 	 2.3647 	 0.5033
[2024/05/18 10:47:34] - 108 		 294.6 	 	 117.6 	 	 0.0010  		 0.0154 	 0.9990 	 	 0.1155  	 0.9485  	 	 0.1847 	 0.9088  	 	 0.3729 	 0.8946  	 	 2.1023 	 0.5635  	 	 2.6028 	 0.5047
[2024/05/18 10:54:26] - 109 		 295.3 	 	 116.6 	 	 0.0010  		 0.0145 	 0.9990 	 	 0.1116  	 0.9504  	 	 0.1815 	 0.9114  	 	 0.3324 	 0.9070  	 	 1.9629 	 0.5716  	 	 2.4276 	 0.5128
[2024/05/18 11:01:20] - 110 		 295.6 	 	 118.2 	 	 0.0010  		 0.0135 	 0.9992 	 	 0.1080  	 0.9520  	 	 0.1774 	 0.9128  	 	 0.3398 	 0.9037  	 	 1.8964 	 0.5746  	 	 2.3475 	 0.5166
[2024/05/18 11:08:11] - 111 		 294.8 	 	 116.9 	 	 0.0010  		 0.0127 	 0.9992 	 	 0.1031  	 0.9547  	 	 0.1710 	 0.9170  	 	 0.3540 	 0.8994  	 	 2.0015 	 0.5560  	 	 2.4746 	 0.5007
[2024/05/18 11:15:03] - 112 		 294.5 	 	 116.8 	 	 0.0010  		 0.0121 	 0.9993 	 	 0.1013  	 0.9558  	 	 0.1701 	 0.9179  	 	 0.3182 	 0.9082  	 	 1.8556 	 0.5793  	 	 2.3018 	 0.5224
[2024/05/18 11:21:55] - 113 		 295.0 	 	 117.4 	 	 0.0010  		 0.0114 	 0.9994 	 	 0.0982  	 0.9569  	 	 0.1669 	 0.9200  	 	 0.3845 	 0.8939  	 	 2.0119 	 0.5693  	 	 2.4692 	 0.5127
[2024/05/18 11:28:49] - 114 		 295.6 	 	 118.1 	 	 0.0010  		 0.0108 	 0.9994 	 	 0.0938  	 0.9591  	 	 0.1608 	 0.9226  	 	 0.3797 	 0.8954  	 	 2.1773 	 0.5612  	 	 2.6893 	 0.5042
[2024/05/18 11:35:42] - 115 		 295.9 	 	 117.0 	 	 0.0010  		 0.0101 	 0.9993 	 	 0.0905  	 0.9608  	 	 0.1569 	 0.9251  	 	 0.3408 	 0.9019  	 	 1.9860 	 0.5615  	 	 2.4651 	 0.5048
[2024/05/18 11:42:35] - 116 		 295.5 	 	 117.1 	 	 0.0010  		 0.0097 	 0.9994 	 	 0.0889  	 0.9616  	 	 0.1562 	 0.9254  	 	 0.3756 	 0.8942  	 	 2.1091 	 0.5580  	 	 2.6179 	 0.4996
[2024/05/18 11:49:28] - 117 		 295.6 	 	 117.7 	 	 0.0010  		 0.0092 	 0.9995 	 	 0.0863  	 0.9629  	 	 0.1535 	 0.9268  	 	 0.3381 	 0.9041  	 	 2.0357 	 0.5673  	 	 2.5250 	 0.5109
[2024/05/18 11:56:20] - 118 		 295.5 	 	 117.1 	 	 0.0010  		 0.0088 	 0.9996 	 	 0.0846  	 0.9633  	 	 0.1520 	 0.9278  	 	 0.3842 	 0.8933  	 	 2.1642 	 0.5597  	 	 2.6692 	 0.5035
[2024/05/18 12:03:13] - 119 		 295.3 	 	 117.1 	 	 0.0010  		 0.0083 	 0.9997 	 	 0.0828  	 0.9646  	 	 0.1495 	 0.9294  	 	 0.3456 	 0.8999  	 	 2.0588 	 0.5576  	 	 2.5659 	 0.4967
[2024/05/18 12:10:06] - 120 		 295.2 	 	 117.5 	 	 0.0010  		 0.0079 	 0.9996 	 	 0.0796  	 0.9670  	 	 0.1451 	 0.9308  	 	 0.3429 	 0.9028  	 	 2.0555 	 0.5691  	 	 2.5496 	 0.5129
[2024/05/18 12:16:59] - 121 		 295.8 	 	 117.2 	 	 0.0010  		 0.0076 	 0.9996 	 	 0.0779  	 0.9671  	 	 0.1428 	 0.9324  	 	 0.3946 	 0.8931  	 	 2.1866 	 0.5564  	 	 2.6954 	 0.4999
[2024/05/18 12:23:51] - 122 		 295.2 	 	 117.1 	 	 0.0010  		 0.0072 	 0.9997 	 	 0.0758  	 0.9685  	 	 0.1412 	 0.9337  	 	 0.3585 	 0.9011  	 	 2.0924 	 0.5738  	 	 2.5820 	 0.5210
[2024/05/18 12:30:44] - 123 		 295.5 	 	 117.7 	 	 0.0010  		 0.0070 	 0.9997 	 	 0.0746  	 0.9687  	 	 0.1417 	 0.9339  	 	 0.3290 	 0.9071  	 	 2.0467 	 0.5722  	 	 2.5446 	 0.5144
[2024/05/18 12:37:37] - 124 		 295.5 	 	 117.1 	 	 0.0010  		 0.0067 	 0.9998 	 	 0.0728  	 0.9699  	 	 0.1386 	 0.9354  	 	 0.3796 	 0.8943  	 	 2.1974 	 0.5625  	 	 2.7152 	 0.5073
[2024/05/18 12:44:30] - 125 		 295.7 	 	 117.2 	 	 0.0010  		 0.0064 	 0.9998 	 	 0.0715  	 0.9701  	 	 0.1370 	 0.9364  	 	 0.3497 	 0.9007  	 	 2.1132 	 0.5665  	 	 2.6205 	 0.5121
[2024/05/18 12:51:24] - 126 		 296.3 	 	 117.8 	 	 0.0010  		 0.0061 	 0.9997 	 	 0.0693  	 0.9716  	 	 0.1333 	 0.9383  	 	 0.3433 	 0.9011  	 	 2.0969 	 0.5586  	 	 2.6032 	 0.5016
[2024/05/18 12:58:16] - 127 		 295.6 	 	 117.1 	 	 0.0010  		 0.0060 	 0.9998 	 	 0.0683  	 0.9719  	 	 0.1338 	 0.9393  	 	 0.3837 	 0.8939  	 	 2.1628 	 0.5619  	 	 2.6520 	 0.5103
[2024/05/18 13:05:10] - 128 		 295.6 	 	 117.5 	 	 0.0010  		 0.0057 	 0.9998 	 	 0.0659  	 0.9729  	 	 0.1311 	 0.9402  	 	 0.4147 	 0.8883  	 	 2.2936 	 0.5560  	 	 2.8273 	 0.5002
[2024/05/18 13:12:02] - 129 		 295.5 	 	 117.1 	 	 0.0010  		 0.0055 	 0.9998 	 	 0.0649  	 0.9733  	 	 0.1292 	 0.9415  	 	 0.3528 	 0.9014  	 	 2.1705 	 0.5560  	 	 2.6952 	 0.4986
[2024/05/18 13:18:54] - 130 		 295.0 	 	 117.2 	 	 0.0010  		 0.0053 	 0.9998 	 	 0.0645  	 0.9741  	 	 0.1294 	 0.9410  	 	 0.3693 	 0.8942  	 	 2.1939 	 0.5529  	 	 2.7237 	 0.4944
[2024/05/18 13:25:47] - 131 		 295.2 	 	 117.3 	 	 0.0010  		 0.0052 	 0.9998 	 	 0.0632  	 0.9747  	 	 0.1268 	 0.9425  	 	 0.3304 	 0.9057  	 	 2.0718 	 0.5692  	 	 2.5736 	 0.5139
[2024/05/18 13:32:39] - 132 		 295.3 	 	 117.1 	 	 0.0010  		 0.0048 	 0.9998 	 	 0.0606  	 0.9753  	 	 0.1240 	 0.9436  	 	 0.3480 	 0.9032  	 	 2.1151 	 0.5775  	 	 2.6219 	 0.5216
[2024/05/18 13:39:32] - 133 		 295.5 	 	 117.0 	 	 0.0010  		 0.0048 	 0.9998 	 	 0.0596  	 0.9759  	 	 0.1234 	 0.9443  	 	 0.3910 	 0.8923  	 	 2.3058 	 0.5584  	 	 2.8492 	 0.5048
[2024/05/18 13:46:25] - 134 		 295.4 	 	 117.8 	 	 0.0010  		 0.0046 	 0.9999 	 	 0.0591  	 0.9761  	 	 0.1219 	 0.9442  	 	 0.3939 	 0.8893  	 	 2.2647 	 0.5468  	 	 2.7994 	 0.4910
[2024/05/18 13:53:18] - 135 		 295.5 	 	 117.1 	 	 0.0010  		 0.0046 	 0.9999 	 	 0.0586  	 0.9762  	 	 0.1226 	 0.9458  	 	 0.4309 	 0.8819  	 	 2.3706 	 0.5515  	 	 2.8995 	 0.4972
[2024/05/18 14:00:11] - 136 		 295.8 	 	 117.0 	 	 0.0010  		 0.0043 	 0.9998 	 	 0.0571  	 0.9780  	 	 0.1209 	 0.9468  	 	 0.3625 	 0.8999  	 	 2.1345 	 0.5679  	 	 2.6485 	 0.5101
[2024/05/18 14:07:04] - 137 		 295.5 	 	 117.6 	 	 0.0010  		 0.0042 	 0.9998 	 	 0.0560  	 0.9775  	 	 0.1195 	 0.9467  	 	 0.3811 	 0.8937  	 	 2.1859 	 0.5650  	 	 2.6934 	 0.5112
[2024/05/18 14:13:56] - 138 		 295.6 	 	 116.9 	 	 0.0010  		 0.0041 	 0.9998 	 	 0.0558  	 0.9779  	 	 0.1186 	 0.9476  	 	 0.3699 	 0.8987  	 	 2.2556 	 0.5685  	 	 2.7858 	 0.5103
[2024/05/18 14:20:49] - 139 		 295.3 	 	 117.1 	 	 0.0010  		 0.0040 	 0.9999 	 	 0.0540  	 0.9787  	 	 0.1166 	 0.9486  	 	 0.3800 	 0.8957  	 	 2.2459 	 0.5665  	 	 2.7699 	 0.5101
[2024/05/18 14:27:42] - 140 		 295.5 	 	 117.4 	 	 0.0010  		 0.0039 	 0.9999 	 	 0.0537  	 0.9788  	 	 0.1172 	 0.9483  	 	 0.3637 	 0.8992  	 	 2.1762 	 0.5696  	 	 2.6754 	 0.5162
[2024/05/18 14:34:34] - 141 		 295.4 	 	 116.9 	 	 0.0010  		 0.0038 	 0.9999 	 	 0.0520  	 0.9797  	 	 0.1151 	 0.9494  	 	 0.3579 	 0.8997  	 	 2.2245 	 0.5625  	 	 2.7632 	 0.5055
[2024/05/18 14:41:26] - 142 		 295.2 	 	 117.0 	 	 0.0010  		 0.0036 	 0.9999 	 	 0.0520  	 0.9796  	 	 0.1164 	 0.9486  	 	 0.3809 	 0.9006  	 	 2.2806 	 0.5687  	 	 2.8244 	 0.5159
[2024/05/18 14:48:19] - 143 		 295.1 	 	 117.3 	 	 0.0010  		 0.0036 	 0.9999 	 	 0.0514  	 0.9800  	 	 0.1136 	 0.9495  	 	 0.3516 	 0.9014  	 	 2.2460 	 0.5575  	 	 2.8008 	 0.5014
[2024/05/18 14:55:12] - 144 		 295.3 	 	 117.6 	 	 0.0010  		 0.0034 	 0.9998 	 	 0.0501  	 0.9805  	 	 0.1115 	 0.9512  	 	 0.4519 	 0.8802  	 	 2.3123 	 0.5568  	 	 2.8265 	 0.5030
[2024/05/18 15:02:05] - 145 		 295.9 	 	 117.0 	 	 0.0010  		 0.0034 	 0.9999 	 	 0.0499  	 0.9802  	 	 0.1127 	 0.9512  	 	 0.3306 	 0.9067  	 	 2.1074 	 0.5716  	 	 2.6240 	 0.5154
[2024/05/18 15:08:57] - 146 		 295.2 	 	 117.1 	 	 0.0010  		 0.0033 	 0.9999 	 	 0.0483  	 0.9817  	 	 0.1109 	 0.9513  	 	 0.3907 	 0.8950  	 	 2.2365 	 0.5703  	 	 2.7557 	 0.5171
[2024/05/18 15:15:50] - 147 		 295.3 	 	 117.2 	 	 0.0010  		 0.0032 	 0.9999 	 	 0.0475  	 0.9819  	 	 0.1091 	 0.9523  	 	 0.3950 	 0.8919  	 	 2.2871 	 0.5547  	 	 2.8303 	 0.5005
[2024/05/18 15:22:45] - 148 		 297.9 	 	 117.1 	 	 0.0010  		 0.0032 	 0.9999 	 	 0.0477  	 0.9818  	 	 0.1101 	 0.9515  	 	 0.3816 	 0.8941  	 	 2.3013 	 0.5573  	 	 2.8490 	 0.5033
[2024/05/18 15:29:37] - 149 		 295.5 	 	 117.4 	 	 0.0001  		 0.0031 	 0.9999 	 	 0.0465  	 0.9825  	 	 0.1077 	 0.9534  	 	 0.3159 	 0.9106  	 	 2.1335 	 0.5757  	 	 2.6650 	 0.5190
[2024/05/18 15:36:35] - 150 		 300.2 	 	 117.4 	 	 0.0001  		 0.0028 	 0.9999 	 	 0.0396  	 0.9856  	 	 0.0940 	 0.9584  	 	 0.3472 	 0.9033  	 	 2.1744 	 0.5653  	 	 2.7107 	 0.5050
[2024/05/18 15:43:29] - 151 		 296.3 	 	 118.0 	 	 0.0001  		 0.0027 	 0.9999 	 	 0.0377  	 0.9864  	 	 0.0907 	 0.9606  	 	 0.3679 	 0.9001  	 	 2.2179 	 0.5679  	 	 2.7160 	 0.5165
[2024/05/18 15:51:26] - 152 		 357.9 	 	 119.0 	 	 0.0001  		 0.0026 	 0.9999 	 	 0.0366  	 0.9868  	 	 0.0881 	 0.9621  	 	 0.3700 	 0.8964  	 	 2.2126 	 0.5679  	 	 2.7383 	 0.5144
[2024/05/18 15:58:36] - 153 		 309.1 	 	 120.2 	 	 0.0001  		 0.0025 	 0.9999 	 	 0.0359  	 0.9870  	 	 0.0881 	 0.9618  	 	 0.4249 	 0.8866  	 	 2.3881 	 0.5579  	 	 2.9366 	 0.5032
[2024/05/18 16:05:41] - 154 		 305.7 	 	 119.7 	 	 0.0001  		 0.0025 	 0.9999 	 	 0.0352  	 0.9871  	 	 0.0860 	 0.9629  	 	 0.3461 	 0.9014  	 	 2.2191 	 0.5650  	 	 2.7601 	 0.5102
[2024/05/18 16:12:47] - 155 		 305.1 	 	 120.7 	 	 0.0001  		 0.0024 	 0.9999 	 	 0.0352  	 0.9874  	 	 0.0862 	 0.9633  	 	 0.3391 	 0.9046  	 	 2.1815 	 0.5701  	 	 2.7110 	 0.5154
[2024/05/18 16:19:53] - 156 		 304.5 	 	 121.7 	 	 0.0001  		 0.0024 	 0.9999 	 	 0.0345  	 0.9876  	 	 0.0841 	 0.9639  	 	 0.3309 	 0.9065  	 	 2.1510 	 0.5631  	 	 2.6820 	 0.5069
[2024/05/18 16:27:00] - 157 		 305.0 	 	 121.7 	 	 0.0001  		 0.0024 	 0.9999 	 	 0.0342  	 0.9878  	 	 0.0838 	 0.9643  	 	 0.3614 	 0.8999  	 	 2.3143 	 0.5613  	 	 2.8762 	 0.5041
[2024/05/18 16:34:07] - 158 		 303.9 	 	 122.7 	 	 0.0001  		 0.0023 	 0.9999 	 	 0.0337  	 0.9878  	 	 0.0832 	 0.9649  	 	 0.3737 	 0.9004  	 	 2.2557 	 0.5710  	 	 2.7825 	 0.5165
[2024/05/18 16:41:12] - 159 		 303.8 	 	 121.9 	 	 0.0001  		 0.0023 	 0.9999 	 	 0.0339  	 0.9878  	 	 0.0833 	 0.9644  	 	 0.3254 	 0.9082  	 	 2.1923 	 0.5684  	 	 2.7202 	 0.5140
[2024/05/18 16:48:17] - 160 		 302.9 	 	 121.4 	 	 0.0001  		 0.0023 	 0.9999 	 	 0.0334  	 0.9882  	 	 0.0832 	 0.9646  	 	 0.3710 	 0.8976  	 	 2.2872 	 0.5611  	 	 2.8409 	 0.5048
[2024/05/18 16:55:23] - 161 		 304.7 	 	 121.1 	 	 0.0001  		 0.0023 	 0.9999 	 	 0.0326  	 0.9885  	 	 0.0805 	 0.9653  	 	 0.3453 	 0.9027  	 	 2.2029 	 0.5667  	 	 2.7351 	 0.5129
[2024/05/18 17:02:30] - 162 		 305.7 	 	 121.8 	 	 0.0001  		 0.0023 	 0.9999 	 	 0.0331  	 0.9881  	 	 0.0820 	 0.9653  	 	 0.4218 	 0.8896  	 	 2.3679 	 0.5615  	 	 2.9157 	 0.5059
[2024/05/18 17:09:35] - 163 		 305.1 	 	 120.2 	 	 0.0001  		 0.0023 	 0.9999 	 	 0.0328  	 0.9885  	 	 0.0828 	 0.9642  	 	 0.3264 	 0.9064  	 	 2.1736 	 0.5696  	 	 2.7079 	 0.5140
[2024/05/18 17:16:40] - 164 		 305.1 	 	 119.6 	 	 0.0001  		 0.0023 	 0.9999 	 	 0.0322  	 0.9888  	 	 0.0805 	 0.9664  	 	 0.3897 	 0.8939  	 	 2.3312 	 0.5559  	 	 2.8784 	 0.5008
[2024/05/18 17:23:47] - 165 		 306.9 	 	 119.8 	 	 0.0001  		 0.0022 	 0.9999 	 	 0.0323  	 0.9887  	 	 0.0814 	 0.9654  	 	 0.3630 	 0.9000  	 	 2.2695 	 0.5675  	 	 2.8141 	 0.5133
[2024/05/18 17:30:52] - 166 		 305.1 	 	 120.1 	 	 0.0001  		 0.0022 	 0.9999 	 	 0.0321  	 0.9887  	 	 0.0805 	 0.9654  	 	 0.3367 	 0.9050  	 	 2.1950 	 0.5652  	 	 2.7342 	 0.5098
[2024/05/18 17:37:59] - 167 		 305.6 	 	 121.6 	 	 0.0001  		 0.0022 	 1.0000 	 	 0.0319  	 0.9887  	 	 0.0814 	 0.9655  	 	 0.3550 	 0.9004  	 	 2.2475 	 0.5679  	 	 2.7875 	 0.5143
[2024/05/18 17:45:05] - 168 		 304.2 	 	 121.8 	 	 0.0001  		 0.0022 	 0.9999 	 	 0.0319  	 0.9886  	 	 0.0810 	 0.9654  	 	 0.3378 	 0.9052  	 	 2.1868 	 0.5664  	 	 2.7258 	 0.5117
[2024/05/18 17:52:11] - 169 		 304.5 	 	 121.5 	 	 0.0001  		 0.0022 	 0.9999 	 	 0.0313  	 0.9890  	 	 0.0792 	 0.9661  	 	 0.3850 	 0.8955  	 	 2.3847 	 0.5608  	 	 2.9442 	 0.5060
[2024/05/18 17:59:18] - 170 		 303.6 	 	 122.8 	 	 0.0001  		 0.0021 	 0.9999 	 	 0.0315  	 0.9887  	 	 0.0799 	 0.9661  	 	 0.3435 	 0.9049  	 	 2.2408 	 0.5689  	 	 2.7907 	 0.5113
[2024/05/18 18:06:23] - 171 		 302.9 	 	 122.2 	 	 0.0001  		 0.0021 	 0.9999 	 	 0.0310  	 0.9889  	 	 0.0789 	 0.9663  	 	 0.3845 	 0.8985  	 	 2.2814 	 0.5662  	 	 2.8258 	 0.5071
