[2024/04/07 01:19:00] - Namespace(att_method='tanh', attack_iters=10, batch_size=128, beta=100000.0, chkpt_iters=50, dataset='svhn', epochs=201, epsilon=0.03137254901960784, lr_chechpoint1=100, lr_chechpoint2=150, lr_max=0.01, lr_schedule='piecewise', model='PreRes18_standard', momentum=0.9, norm='l_inf', pgd_alpha=1.0, random_init=1, resume=0, seed=1, train_mode='adv_train', weight_decay=0.0005, width_factor=10)
[2024/04/07 01:19:09] - Epoch 	 Train Time 	 Test Time 	 LR 	 	 Train Loss 	 Train Acc 	 Train Adv Loss 	 Train Adv Acc 	 Train Sgn-PGD Loss 	 Train Sgn-PGD Acc 	 Test Loss 	 Test Acc 	 Test Adv Loss 	 Test Adv Acc 	 Test Sgn-PGD Loss 	 Test Sgn-PGD Acc 
[2024/04/07 01:24:33] - 0 		 232.9 	 	 91.4 	 	 0.0100 	 	  2.2446 	 0.1868 	 	 2.2706  	 0.1828  	 	 2.2764 	 0.1817  	 	 2.2046 	 0.1959  	 	 2.2279 	 0.1958  	 	 2.2345 	 0.1958
[2024/04/07 01:29:52] - 1 		 227.6 	 	 91.4 	 	 0.0100 	 	  2.0508 	 0.2826 	 	 2.1790  	 0.2176  	 	 2.1888 	 0.2138  	 	 1.3428 	 0.6288  	 	 1.8560 	 0.3674  	 	 1.8630 	 0.3644
[2024/04/07 01:35:12] - 2 		 227.7 	 	 91.8 	 	 0.0100 	 	  1.0630 	 0.7235 	 	 1.6479  	 0.4339  	 	 1.6576 	 0.4302  	 	 0.8414 	 0.8064  	 	 1.4508 	 0.5276  	 	 1.4594 	 0.5245
[2024/04/07 01:40:31] - 3 		 227.9 	 	 91.5 	 	 0.0100 	 	  0.7649 	 0.8193 	 	 1.4079  	 0.5221  	 	 1.4177 	 0.5183  	 	 0.6824 	 0.8514  	 	 1.3794 	 0.5476  	 	 1.3886 	 0.5448
[2024/04/07 01:45:52] - 4 		 229.4 	 	 91.0 	 	 0.0100 	 	  0.6748 	 0.8467 	 	 1.3160  	 0.5524  	 	 1.3260 	 0.5492  	 	 0.5817 	 0.8589  	 	 1.3164 	 0.5589  	 	 1.3271 	 0.5546
[2024/04/07 01:51:11] - 5 		 228.3 	 	 91.0 	 	 0.0100 	 	  0.6218 	 0.8621 	 	 1.2564  	 0.5730  	 	 1.2668 	 0.5685  	 	 0.5762 	 0.8641  	 	 1.2803 	 0.5685  	 	 1.2906 	 0.5670
[2024/04/07 01:56:30] - 6 		 227.9 	 	 91.0 	 	 0.0100 	 	  0.5877 	 0.8710 	 	 1.2177  	 0.5881  	 	 1.2282 	 0.5837  	 	 0.5199 	 0.8851  	 	 1.2804 	 0.5787  	 	 1.2921 	 0.5761
[2024/04/07 02:01:49] - 7 		 228.3 	 	 90.9 	 	 0.0100 	 	  0.5586 	 0.8790 	 	 1.1805  	 0.5995  	 	 1.1911 	 0.5950  	 	 0.5692 	 0.8727  	 	 1.2247 	 0.5987  	 	 1.2349 	 0.5963
[2024/04/07 02:07:08] - 8 		 228.0 	 	 90.9 	 	 0.0100 	 	  0.5362 	 0.8844 	 	 1.1547  	 0.6092  	 	 1.1655 	 0.6053  	 	 0.4423 	 0.9004  	 	 1.2091 	 0.5997  	 	 1.2211 	 0.5960
[2024/04/07 02:12:27] - 9 		 228.0 	 	 91.0 	 	 0.0100 	 	  0.5178 	 0.8895 	 	 1.1308  	 0.6150  	 	 1.1418 	 0.6114  	 	 0.5620 	 0.8873  	 	 1.2066 	 0.6109  	 	 1.2171 	 0.6087
[2024/04/07 02:17:46] - 10 		 228.0 	 	 90.6 	 	 0.0100 	 	  0.5017 	 0.8941 	 	 1.1104  	 0.6216  	 	 1.1210 	 0.6177  	 	 0.5077 	 0.8883  	 	 1.2190 	 0.6072  	 	 1.2300 	 0.6054
[2024/04/07 02:23:05] - 11 		 228.1 	 	 91.1 	 	 0.0100 	 	  0.4879 	 0.8972 	 	 1.0908  	 0.6297  	 	 1.1019 	 0.6247  	 	 0.5723 	 0.8579  	 	 1.2478 	 0.5803  	 	 1.2586 	 0.5780
[2024/04/07 02:28:24] - 12 		 228.0 	 	 90.9 	 	 0.0100 	 	  0.4748 	 0.9009 	 	 1.0721  	 0.6323  	 	 1.0832 	 0.6280  	 	 0.4583 	 0.8983  	 	 1.2195 	 0.5907  	 	 1.2319 	 0.5882
[2024/04/07 02:33:43] - 13 		 228.2 	 	 91.0 	 	 0.0100 	 	  0.4626 	 0.9036 	 	 1.0553  	 0.6380  	 	 1.0665 	 0.6338  	 	 0.5188 	 0.8907  	 	 1.2100 	 0.5974  	 	 1.2209 	 0.5950
[2024/04/07 02:39:02] - 14 		 228.0 	 	 91.0 	 	 0.0100 	 	  0.4520 	 0.9062 	 	 1.0399  	 0.6433  	 	 1.0510 	 0.6390  	 	 0.4728 	 0.8993  	 	 1.1517 	 0.6222  	 	 1.1628 	 0.6202
[2024/04/07 02:44:21] - 15 		 228.4 	 	 90.7 	 	 0.0100 	 	  0.4405 	 0.9095 	 	 1.0241  	 0.6486  	 	 1.0354 	 0.6444  	 	 0.4046 	 0.9127  	 	 1.1866 	 0.6079  	 	 1.2005 	 0.6029
[2024/04/07 02:49:41] - 16 		 228.4 	 	 91.0 	 	 0.0100 	 	  0.4300 	 0.9118 	 	 1.0096  	 0.6509  	 	 1.0209 	 0.6465  	 	 0.4449 	 0.8964  	 	 1.1855 	 0.6129  	 	 1.1981 	 0.6113
[2024/04/07 02:55:00] - 17 		 228.2 	 	 90.8 	 	 0.0100 	 	  0.4200 	 0.9145 	 	 0.9947  	 0.6572  	 	 1.0062 	 0.6527  	 	 0.4160 	 0.9090  	 	 1.1656 	 0.6199  	 	 1.1783 	 0.6168
[2024/04/07 03:00:19] - 18 		 228.1 	 	 91.0 	 	 0.0100 	 	  0.4107 	 0.9169 	 	 0.9811  	 0.6612  	 	 0.9927 	 0.6568  	 	 0.5388 	 0.8826  	 	 1.1796 	 0.6157  	 	 1.1901 	 0.6127
[2024/04/07 03:05:38] - 19 		 228.2 	 	 90.8 	 	 0.0100 	 	  0.4037 	 0.9183 	 	 0.9692  	 0.6656  	 	 0.9809 	 0.6605  	 	 0.4454 	 0.9087  	 	 1.1636 	 0.6183  	 	 1.1752 	 0.6159
[2024/04/07 03:10:57] - 20 		 228.2 	 	 91.0 	 	 0.0100 	 	  0.3952 	 0.9205 	 	 0.9559  	 0.6668  	 	 0.9676 	 0.6621  	 	 0.4152 	 0.9027  	 	 1.2261 	 0.5890  	 	 1.2393 	 0.5860
[2024/04/07 03:16:17] - 21 		 228.1 	 	 91.7 	 	 0.0100 	 	  0.3870 	 0.9221 	 	 0.9451  	 0.6723  	 	 0.9567 	 0.6674  	 	 0.3704 	 0.9109  	 	 1.2941 	 0.5875  	 	 1.3112 	 0.5837
[2024/04/07 03:21:37] - 22 		 227.7 	 	 92.9 	 	 0.0100 	 	  0.3811 	 0.9245 	 	 0.9322  	 0.6738  	 	 0.9439 	 0.6688  	 	 0.3994 	 0.9082  	 	 1.2188 	 0.5986  	 	 1.2331 	 0.5945
[2024/04/07 03:26:57] - 23 		 227.6 	 	 92.1 	 	 0.0100 	 	  0.3727 	 0.9265 	 	 0.9203  	 0.6783  	 	 0.9326 	 0.6729  	 	 0.5060 	 0.8983  	 	 1.1491 	 0.6268  	 	 1.1599 	 0.6232
[2024/04/07 03:32:16] - 24 		 227.7 	 	 91.3 	 	 0.0100 	 	  0.3635 	 0.9298 	 	 0.9074  	 0.6817  	 	 0.9199 	 0.6773  	 	 0.4932 	 0.8955  	 	 1.1867 	 0.6000  	 	 1.1976 	 0.5979
[2024/04/07 03:37:36] - 25 		 227.8 	 	 91.9 	 	 0.0100 	 	  0.3562 	 0.9310 	 	 0.8959  	 0.6862  	 	 0.9080 	 0.6817  	 	 0.3830 	 0.9141  	 	 1.2160 	 0.6056  	 	 1.2307 	 0.6018
[2024/04/07 03:42:55] - 26 		 227.9 	 	 91.4 	 	 0.0100 	 	  0.3505 	 0.9317 	 	 0.8866  	 0.6886  	 	 0.8986 	 0.6836  	 	 0.4379 	 0.8979  	 	 1.2583 	 0.5905  	 	 1.2714 	 0.5874
[2024/04/07 03:48:14] - 27 		 228.2 	 	 91.0 	 	 0.0100 	 	  0.3420 	 0.9338 	 	 0.8717  	 0.6937  	 	 0.8841 	 0.6885  	 	 0.4203 	 0.8942  	 	 1.2927 	 0.5855  	 	 1.3065 	 0.5811
[2024/04/07 03:53:35] - 28 		 229.2 	 	 91.0 	 	 0.0100 	 	  0.3358 	 0.9350 	 	 0.8624  	 0.6946  	 	 0.8751 	 0.6892  	 	 0.4470 	 0.9043  	 	 1.1624 	 0.6115  	 	 1.1749 	 0.6100
[2024/04/07 03:58:54] - 29 		 228.2 	 	 91.0 	 	 0.0100 	 	  0.3279 	 0.9374 	 	 0.8502  	 0.6971  	 	 0.8631 	 0.6928  	 	 0.4667 	 0.8939  	 	 1.2098 	 0.6134  	 	 1.2215 	 0.6115
[2024/04/07 04:04:13] - 30 		 228.5 	 	 91.0 	 	 0.0100 	 	  0.3214 	 0.9388 	 	 0.8377  	 0.7012  	 	 0.8505 	 0.6964  	 	 0.4003 	 0.9085  	 	 1.2264 	 0.5969  	 	 1.2399 	 0.5930
[2024/04/07 04:09:33] - 31 		 228.3 	 	 90.9 	 	 0.0100 	 	  0.3140 	 0.9402 	 	 0.8269  	 0.7042  	 	 0.8395 	 0.6989  	 	 0.3639 	 0.9119  	 	 1.2704 	 0.6009  	 	 1.2868 	 0.5970
[2024/04/07 04:14:52] - 32 		 228.3 	 	 91.1 	 	 0.0100 	 	  0.3066 	 0.9411 	 	 0.8140  	 0.7088  	 	 0.8270 	 0.7040  	 	 0.3940 	 0.9072  	 	 1.3321 	 0.5975  	 	 1.3480 	 0.5937
[2024/04/07 04:20:11] - 33 		 228.3 	 	 90.8 	 	 0.0100 	 	  0.3028 	 0.9431 	 	 0.8097  	 0.7089  	 	 0.8225 	 0.7038  	 	 0.4438 	 0.9005  	 	 1.2275 	 0.6099  	 	 1.2394 	 0.6062
[2024/04/07 04:25:31] - 34 		 228.7 	 	 91.0 	 	 0.0100 	 	  0.2951 	 0.9446 	 	 0.7940  	 0.7135  	 	 0.8068 	 0.7085  	 	 0.4407 	 0.9006  	 	 1.2327 	 0.6045  	 	 1.2450 	 0.6017
[2024/04/07 04:30:50] - 35 		 228.5 	 	 90.6 	 	 0.0100 	 	  0.2912 	 0.9460 	 	 0.7858  	 0.7163  	 	 0.7992 	 0.7115  	 	 0.4365 	 0.8959  	 	 1.2369 	 0.6069  	 	 1.2497 	 0.6049
[2024/04/07 04:36:10] - 36 		 228.5 	 	 91.2 	 	 0.0100 	 	  0.2838 	 0.9469 	 	 0.7749  	 0.7195  	 	 0.7886 	 0.7142  	 	 0.3504 	 0.9161  	 	 1.3520 	 0.5811  	 	 1.3702 	 0.5769
[2024/04/07 04:41:29] - 37 		 228.7 	 	 90.9 	 	 0.0100 	 	  0.2783 	 0.9483 	 	 0.7668  	 0.7213  	 	 0.7803 	 0.7156  	 	 0.3619 	 0.9138  	 	 1.3514 	 0.5953  	 	 1.3700 	 0.5896
[2024/04/07 04:46:48] - 38 		 228.4 	 	 90.9 	 	 0.0100 	 	  0.2748 	 0.9490 	 	 0.7594  	 0.7232  	 	 0.7731 	 0.7174  	 	 0.4331 	 0.8932  	 	 1.3068 	 0.5888  	 	 1.3211 	 0.5853
[2024/04/07 04:52:08] - 39 		 228.3 	 	 91.0 	 	 0.0100 	 	  0.2681 	 0.9502 	 	 0.7474  	 0.7268  	 	 0.7608 	 0.7222  	 	 0.3557 	 0.9157  	 	 1.3693 	 0.5904  	 	 1.3872 	 0.5856
[2024/04/07 04:57:27] - 40 		 228.3 	 	 91.3 	 	 0.0100 	 	  0.2617 	 0.9523 	 	 0.7362  	 0.7297  	 	 0.7501 	 0.7237  	 	 0.4266 	 0.9064  	 	 1.2742 	 0.6016  	 	 1.2873 	 0.5984
[2024/04/07 05:02:47] - 41 		 228.4 	 	 91.1 	 	 0.0100 	 	  0.2565 	 0.9532 	 	 0.7269  	 0.7326  	 	 0.7406 	 0.7278  	 	 0.4347 	 0.8946  	 	 1.3390 	 0.5789  	 	 1.3538 	 0.5751
[2024/04/07 05:08:06] - 42 		 228.4 	 	 91.1 	 	 0.0100 	 	  0.2512 	 0.9541 	 	 0.7189  	 0.7349  	 	 0.7333 	 0.7286  	 	 0.4278 	 0.8920  	 	 1.3354 	 0.5929  	 	 1.3500 	 0.5896
[2024/04/07 05:13:26] - 43 		 228.3 	 	 90.9 	 	 0.0100 	 	  0.2458 	 0.9561 	 	 0.7069  	 0.7374  	 	 0.7211 	 0.7322  	 	 0.3907 	 0.9061  	 	 1.3279 	 0.5955  	 	 1.3431 	 0.5908
[2024/04/07 05:18:45] - 44 		 228.4 	 	 91.2 	 	 0.0100 	 	  0.2407 	 0.9571 	 	 0.6971  	 0.7406  	 	 0.7118 	 0.7346  	 	 0.3470 	 0.9110  	 	 1.3175 	 0.5952  	 	 1.3346 	 0.5904
[2024/04/07 05:24:04] - 45 		 228.3 	 	 90.9 	 	 0.0100 	 	  0.2367 	 0.9580 	 	 0.6918  	 0.7425  	 	 0.7067 	 0.7361  	 	 0.4049 	 0.9063  	 	 1.2983 	 0.5902  	 	 1.3125 	 0.5866
[2024/04/07 05:29:24] - 46 		 228.2 	 	 91.0 	 	 0.0100 	 	  0.2334 	 0.9591 	 	 0.6867  	 0.7441  	 	 0.7016 	 0.7376  	 	 0.3965 	 0.8995  	 	 1.3650 	 0.5891  	 	 1.3821 	 0.5855
[2024/04/07 05:34:43] - 47 		 228.4 	 	 91.2 	 	 0.0100 	 	  0.2272 	 0.9601 	 	 0.6762  	 0.7481  	 	 0.6909 	 0.7414  	 	 0.4469 	 0.8881  	 	 1.3325 	 0.5946  	 	 1.3457 	 0.5920
[2024/04/07 05:40:03] - 48 		 228.5 	 	 91.1 	 	 0.0100 	 	  0.2243 	 0.9608 	 	 0.6697  	 0.7493  	 	 0.6846 	 0.7428  	 	 0.3986 	 0.8953  	 	 1.4055 	 0.5818  	 	 1.4227 	 0.5769
[2024/04/07 05:45:22] - 49 		 228.4 	 	 91.0 	 	 0.0100 	 	  0.2214 	 0.9610 	 	 0.6671  	 0.7490  	 	 0.6825 	 0.7425  	 	 0.3380 	 0.9083  	 	 1.5474 	 0.5745  	 	 1.5708 	 0.5669
[2024/04/07 05:50:44] - 50 		 228.4 	 	 91.0 	 	 0.0100 	 	  0.2157 	 0.9631 	 	 0.6542  	 0.7530  	 	 0.6701 	 0.7456  	 	 0.3531 	 0.9086  	 	 1.4533 	 0.5850  	 	 1.4754 	 0.5770
[2024/04/07 05:56:04] - 51 		 228.7 	 	 91.2 	 	 0.0100 	 	  0.2107 	 0.9638 	 	 0.6445  	 0.7554  	 	 0.6599 	 0.7494  	 	 0.4058 	 0.8952  	 	 1.3964 	 0.5758  	 	 1.4124 	 0.5730
[2024/04/07 06:01:23] - 52 		 228.1 	 	 91.1 	 	 0.0100 	 	  0.2068 	 0.9649 	 	 0.6411  	 0.7568  	 	 0.6568 	 0.7492  	 	 0.3811 	 0.9012  	 	 1.4551 	 0.5776  	 	 1.4726 	 0.5723
[2024/04/07 06:06:43] - 53 		 228.3 	 	 90.8 	 	 0.0100 	 	  0.2022 	 0.9660 	 	 0.6292  	 0.7597  	 	 0.6451 	 0.7531  	 	 0.4206 	 0.8997  	 	 1.3573 	 0.5901  	 	 1.3719 	 0.5860
[2024/04/07 06:12:02] - 54 		 228.6 	 	 90.7 	 	 0.0100 	 	  0.1985 	 0.9669 	 	 0.6224  	 0.7623  	 	 0.6383 	 0.7555  	 	 0.3816 	 0.9044  	 	 1.5771 	 0.5580  	 	 1.5983 	 0.5516
[2024/04/07 06:17:21] - 55 		 228.2 	 	 91.2 	 	 0.0100 	 	  0.1958 	 0.9673 	 	 0.6209  	 0.7625  	 	 0.6376 	 0.7551  	 	 0.4164 	 0.8967  	 	 1.3864 	 0.5869  	 	 1.4016 	 0.5845
[2024/04/07 06:22:40] - 56 		 227.7 	 	 91.2 	 	 0.0100 	 	  0.1915 	 0.9683 	 	 0.6114  	 0.7660  	 	 0.6280 	 0.7585  	 	 0.3749 	 0.9085  	 	 1.5357 	 0.5647  	 	 1.5581 	 0.5583
[2024/04/07 06:28:00] - 57 		 227.8 	 	 91.5 	 	 0.0100 	 	  0.1904 	 0.9686 	 	 0.6130  	 0.7651  	 	 0.6298 	 0.7587  	 	 0.4179 	 0.8863  	 	 1.5703 	 0.5690  	 	 1.5896 	 0.5640
[2024/04/07 06:33:19] - 58 		 227.6 	 	 91.3 	 	 0.0100 	 	  0.1874 	 0.9698 	 	 0.6054  	 0.7677  	 	 0.6221 	 0.7607  	 	 0.3905 	 0.8944  	 	 1.4785 	 0.5769  	 	 1.4975 	 0.5716
[2024/04/07 06:38:38] - 59 		 227.5 	 	 91.9 	 	 0.0100 	 	  0.1824 	 0.9704 	 	 0.5968  	 0.7699  	 	 0.6137 	 0.7629  	 	 0.3895 	 0.8951  	 	 1.5209 	 0.5654  	 	 1.5416 	 0.5589
[2024/04/07 06:43:57] - 60 		 227.5 	 	 91.2 	 	 0.0100 	 	  0.1801 	 0.9714 	 	 0.5923  	 0.7708  	 	 0.6096 	 0.7639  	 	 0.4140 	 0.8912  	 	 1.5328 	 0.5608  	 	 1.5495 	 0.5556
[2024/04/07 06:49:16] - 61 		 228.0 	 	 90.7 	 	 0.0100 	 	  0.1780 	 0.9718 	 	 0.5886  	 0.7732  	 	 0.6058 	 0.7656  	 	 0.4065 	 0.9018  	 	 1.4094 	 0.5795  	 	 1.4247 	 0.5762
[2024/04/07 06:54:34] - 62 		 227.9 	 	 91.0 	 	 0.0100 	 	  0.1733 	 0.9728 	 	 0.5792  	 0.7742  	 	 0.5974 	 0.7663  	 	 0.4001 	 0.8927  	 	 1.5455 	 0.5621  	 	 1.5655 	 0.5562
[2024/04/07 06:59:54] - 63 		 228.3 	 	 90.8 	 	 0.0100 	 	  0.1713 	 0.9733 	 	 0.5770  	 0.7763  	 	 0.5951 	 0.7689  	 	 0.3380 	 0.9111  	 	 1.5344 	 0.5680  	 	 1.5570 	 0.5616
[2024/04/07 07:05:13] - 64 		 227.9 	 	 90.9 	 	 0.0100 	 	  0.1685 	 0.9737 	 	 0.5707  	 0.7777  	 	 0.5891 	 0.7698  	 	 0.3341 	 0.9108  	 	 1.5935 	 0.5545  	 	 1.6187 	 0.5472
[2024/04/07 07:10:32] - 65 		 228.3 	 	 90.7 	 	 0.0100 	 	  0.1659 	 0.9746 	 	 0.5707  	 0.7781  	 	 0.5894 	 0.7689  	 	 0.4371 	 0.8870  	 	 1.4655 	 0.5743  	 	 1.4814 	 0.5710
[2024/04/07 07:15:51] - 66 		 228.3 	 	 90.9 	 	 0.0100 	 	  0.1639 	 0.9748 	 	 0.5660  	 0.7782  	 	 0.5846 	 0.7701  	 	 0.3706 	 0.9035  	 	 1.5315 	 0.5640  	 	 1.5521 	 0.5598
[2024/04/07 07:21:10] - 67 		 227.9 	 	 91.1 	 	 0.0100 	 	  0.1620 	 0.9754 	 	 0.5614  	 0.7796  	 	 0.5805 	 0.7719  	 	 0.3772 	 0.9001  	 	 1.5505 	 0.5638  	 	 1.5715 	 0.5574
[2024/04/07 07:26:29] - 68 		 227.9 	 	 91.2 	 	 0.0100 	 	  0.1586 	 0.9758 	 	 0.5509  	 0.7825  	 	 0.5701 	 0.7743  	 	 0.3630 	 0.9056  	 	 1.5763 	 0.5673  	 	 1.6027 	 0.5590
[2024/04/07 07:31:48] - 69 		 227.9 	 	 91.1 	 	 0.0100 	 	  0.1551 	 0.9766 	 	 0.5444  	 0.7865  	 	 0.5637 	 0.7790  	 	 0.3698 	 0.9054  	 	 1.5087 	 0.5715  	 	 1.5271 	 0.5652
[2024/04/07 07:37:07] - 70 		 228.4 	 	 90.6 	 	 0.0100 	 	  0.1546 	 0.9772 	 	 0.5482  	 0.7848  	 	 0.5675 	 0.7765  	 	 0.4465 	 0.8771  	 	 1.6826 	 0.5575  	 	 1.7024 	 0.5526
[2024/04/07 07:42:26] - 71 		 228.0 	 	 90.9 	 	 0.0100 	 	  0.1536 	 0.9773 	 	 0.5479  	 0.7844  	 	 0.5672 	 0.7756  	 	 0.4086 	 0.8942  	 	 1.5160 	 0.5673  	 	 1.5340 	 0.5627
[2024/04/07 07:47:45] - 72 		 228.2 	 	 91.0 	 	 0.0100 	 	  0.1508 	 0.9775 	 	 0.5411  	 0.7847  	 	 0.5615 	 0.7769  	 	 0.3751 	 0.9021  	 	 1.5643 	 0.5595  	 	 1.5844 	 0.5537
[2024/04/07 07:53:04] - 73 		 228.0 	 	 90.9 	 	 0.0100 	 	  0.1484 	 0.9774 	 	 0.5374  	 0.7862  	 	 0.5576 	 0.7781  	 	 0.4273 	 0.8839  	 	 1.7288 	 0.5469  	 	 1.7514 	 0.5415
[2024/04/07 07:58:23] - 74 		 228.0 	 	 91.1 	 	 0.0100 	 	  0.1465 	 0.9791 	 	 0.5306  	 0.7890  	 	 0.5505 	 0.7806  	 	 0.3575 	 0.9058  	 	 1.5357 	 0.5587  	 	 1.5572 	 0.5529
[2024/04/07 08:03:42] - 75 		 228.0 	 	 91.1 	 	 0.0100 	 	  0.1460 	 0.9791 	 	 0.5346  	 0.7872  	 	 0.5546 	 0.7794  	 	 0.3869 	 0.8981  	 	 1.5162 	 0.5661  	 	 1.5345 	 0.5590
[2024/04/07 08:09:01] - 76 		 227.8 	 	 91.0 	 	 0.0100 	 	  0.1442 	 0.9799 	 	 0.5284  	 0.7878  	 	 0.5483 	 0.7793  	 	 0.4024 	 0.8872  	 	 1.6677 	 0.5588  	 	 1.6903 	 0.5524
[2024/04/07 08:14:20] - 77 		 228.2 	 	 90.9 	 	 0.0100 	 	  0.1409 	 0.9802 	 	 0.5187  	 0.7922  	 	 0.5396 	 0.7827  	 	 0.3356 	 0.9087  	 	 1.7005 	 0.5675  	 	 1.7333 	 0.5563
[2024/04/07 08:19:39] - 78 		 227.9 	 	 90.8 	 	 0.0100 	 	  0.1386 	 0.9804 	 	 0.5162  	 0.7928  	 	 0.5372 	 0.7838  	 	 0.4347 	 0.8833  	 	 1.6277 	 0.5449  	 	 1.6464 	 0.5393
[2024/04/07 08:24:58] - 79 		 228.1 	 	 90.9 	 	 0.0100 	 	  0.1367 	 0.9806 	 	 0.5119  	 0.7946  	 	 0.5324 	 0.7866  	 	 0.3779 	 0.9034  	 	 1.5332 	 0.5593  	 	 1.5515 	 0.5528
[2024/04/07 08:30:17] - 80 		 228.4 	 	 90.9 	 	 0.0100 	 	  0.1334 	 0.9814 	 	 0.5045  	 0.7967  	 	 0.5258 	 0.7887  	 	 0.3846 	 0.8991  	 	 1.5602 	 0.5641  	 	 1.5818 	 0.5581
[2024/04/07 08:35:37] - 81 		 228.2 	 	 91.6 	 	 0.0100 	 	  0.1336 	 0.9813 	 	 0.5071  	 0.7964  	 	 0.5287 	 0.7883  	 	 0.3529 	 0.9045  	 	 1.6622 	 0.5634  	 	 1.6907 	 0.5552
[2024/04/07 08:40:56] - 82 		 227.8 	 	 91.4 	 	 0.0100 	 	  0.1339 	 0.9818 	 	 0.5082  	 0.7959  	 	 0.5297 	 0.7866  	 	 0.3900 	 0.8978  	 	 1.5630 	 0.5597  	 	 1.5823 	 0.5532
[2024/04/07 08:46:15] - 83 		 227.7 	 	 91.2 	 	 0.0100 	 	  0.1311 	 0.9818 	 	 0.5028  	 0.7980  	 	 0.5240 	 0.7884  	 	 0.3710 	 0.8979  	 	 1.8766 	 0.5427  	 	 1.9134 	 0.5304
[2024/04/07 08:51:34] - 84 		 227.7 	 	 91.5 	 	 0.0100 	 	  0.1290 	 0.9820 	 	 0.4954  	 0.7999  	 	 0.5173 	 0.7916  	 	 0.3910 	 0.8977  	 	 1.7040 	 0.5477  	 	 1.7280 	 0.5409
[2024/04/07 08:56:53] - 85 		 227.7 	 	 91.2 	 	 0.0100 	 	  0.1293 	 0.9826 	 	 0.4987  	 0.7979  	 	 0.5203 	 0.7889  	 	 0.4004 	 0.8937  	 	 1.5778 	 0.5578  	 	 1.5963 	 0.5531
[2024/04/07 09:02:12] - 86 		 227.6 	 	 91.4 	 	 0.0100 	 	  0.1275 	 0.9827 	 	 0.4983  	 0.8000  	 	 0.5210 	 0.7892  	 	 0.3992 	 0.8908  	 	 1.6878 	 0.5512  	 	 1.7127 	 0.5431
[2024/04/07 09:07:31] - 87 		 227.8 	 	 91.2 	 	 0.0100 	 	  0.1261 	 0.9833 	 	 0.4940  	 0.8018  	 	 0.5159 	 0.7919  	 	 0.3709 	 0.9012  	 	 1.7265 	 0.5540  	 	 1.7534 	 0.5442
[2024/04/07 09:12:50] - 88 		 228.2 	 	 90.8 	 	 0.0100 	 	  0.1249 	 0.9836 	 	 0.4946  	 0.7996  	 	 0.5176 	 0.7901  	 	 0.3500 	 0.9035  	 	 1.6233 	 0.5711  	 	 1.6509 	 0.5617
[2024/04/07 09:18:09] - 89 		 228.1 	 	 90.9 	 	 0.0100 	 	  0.1234 	 0.9833 	 	 0.4861  	 0.8039  	 	 0.5081 	 0.7942  	 	 0.4012 	 0.8879  	 	 1.7140 	 0.5419  	 	 1.7367 	 0.5356
[2024/04/07 09:23:28] - 90 		 227.9 	 	 91.1 	 	 0.0100 	 	  0.1217 	 0.9832 	 	 0.4829  	 0.8052  	 	 0.5060 	 0.7956  	 	 0.3966 	 0.8918  	 	 1.6431 	 0.5507  	 	 1.6639 	 0.5443
[2024/04/07 09:28:47] - 91 		 227.9 	 	 91.0 	 	 0.0100 	 	  0.1191 	 0.9842 	 	 0.4784  	 0.8056  	 	 0.5012 	 0.7960  	 	 0.3770 	 0.8980  	 	 1.6738 	 0.5467  	 	 1.6983 	 0.5387
[2024/04/07 09:34:06] - 92 		 228.1 	 	 91.0 	 	 0.0100 	 	  0.1177 	 0.9847 	 	 0.4717  	 0.8076  	 	 0.4953 	 0.7980  	 	 0.3538 	 0.9031  	 	 1.6355 	 0.5594  	 	 1.6606 	 0.5516
[2024/04/07 09:39:25] - 93 		 228.1 	 	 90.8 	 	 0.0100 	 	  0.1179 	 0.9846 	 	 0.4771  	 0.8054  	 	 0.5001 	 0.7956  	 	 0.4006 	 0.8899  	 	 1.7857 	 0.5292  	 	 1.8100 	 0.5208
[2024/04/07 09:44:44] - 94 		 228.0 	 	 90.9 	 	 0.0100 	 	  0.1155 	 0.9850 	 	 0.4729  	 0.8081  	 	 0.4960 	 0.7979  	 	 0.3768 	 0.8977  	 	 1.6835 	 0.5494  	 	 1.7069 	 0.5444
[2024/04/07 09:50:03] - 95 		 228.1 	 	 90.9 	 	 0.0100 	 	  0.1130 	 0.9855 	 	 0.4613  	 0.8110  	 	 0.4844 	 0.8011  	 	 0.3742 	 0.8972  	 	 1.7488 	 0.5513  	 	 1.7759 	 0.5434
[2024/04/07 09:55:22] - 96 		 228.0 	 	 91.0 	 	 0.0100 	 	  0.1127 	 0.9856 	 	 0.4633  	 0.8091  	 	 0.4863 	 0.8005  	 	 0.4008 	 0.8903  	 	 1.7408 	 0.5423  	 	 1.7641 	 0.5369
[2024/04/07 10:00:41] - 97 		 227.9 	 	 91.0 	 	 0.0100 	 	  0.1126 	 0.9859 	 	 0.4666  	 0.8088  	 	 0.4899 	 0.7987  	 	 0.4129 	 0.8856  	 	 1.5729 	 0.5610  	 	 1.5921 	 0.5565
[2024/04/07 10:06:01] - 98 		 228.3 	 	 91.0 	 	 0.0100 	 	  0.1122 	 0.9858 	 	 0.4641  	 0.8090  	 	 0.4871 	 0.7994  	 	 0.4404 	 0.8801  	 	 1.5891 	 0.5436  	 	 1.6044 	 0.5390
[2024/04/07 10:11:20] - 99 		 228.0 	 	 91.0 	 	 0.0010 	 	  0.1112 	 0.9860 	 	 0.4649  	 0.8083  	 	 0.4891 	 0.7979  	 	 0.3904 	 0.8951  	 	 1.6445 	 0.5478  	 	 1.6658 	 0.5408
[2024/04/07 10:16:41] - 100 		 228.3 	 	 91.1 	 	 0.0010 	 	  0.0790 	 0.9919 	 	 0.3224  	 0.8665  	 	 0.3465 	 0.8569  	 	 0.3297 	 0.9063  	 	 1.7626 	 0.5515  	 	 1.7968 	 0.5414
[2024/04/07 10:22:01] - 101 		 228.2 	 	 90.9 	 	 0.0010 	 	  0.0617 	 0.9936 	 	 0.2649  	 0.8854  	 	 0.2884 	 0.8775  	 	 0.3251 	 0.9082  	 	 1.7024 	 0.5595  	 	 1.7321 	 0.5477
[2024/04/07 10:27:20] - 102 		 228.3 	 	 91.0 	 	 0.0010 	 	  0.0552 	 0.9947 	 	 0.2438  	 0.8937  	 	 0.2679 	 0.8848  	 	 0.3757 	 0.8946  	 	 1.8577 	 0.5484  	 	 1.8889 	 0.5382
[2024/04/07 10:32:39] - 103 		 228.5 	 	 90.8 	 	 0.0010 	 	  0.0503 	 0.9953 	 	 0.2286  	 0.8995  	 	 0.2530 	 0.8909  	 	 0.3818 	 0.8906  	 	 1.8445 	 0.5428  	 	 1.8727 	 0.5335
[2024/04/07 10:37:58] - 104 		 227.7 	 	 91.1 	 	 0.0010 	 	  0.0463 	 0.9955 	 	 0.2168  	 0.9039  	 	 0.2418 	 0.8944  	 	 0.3529 	 0.8985  	 	 1.8558 	 0.5489  	 	 1.8908 	 0.5381
[2024/04/07 10:43:17] - 105 		 228.0 	 	 91.1 	 	 0.0010 	 	  0.0436 	 0.9960 	 	 0.2082  	 0.9073  	 	 0.2330 	 0.8981  	 	 0.3634 	 0.8953  	 	 1.9182 	 0.5461  	 	 1.9529 	 0.5342
[2024/04/07 10:48:37] - 106 		 227.8 	 	 92.0 	 	 0.0010 	 	  0.0408 	 0.9965 	 	 0.1998  	 0.9100  	 	 0.2258 	 0.9010  	 	 0.3705 	 0.8963  	 	 1.9856 	 0.5485  	 	 2.0271 	 0.5336
[2024/04/07 10:53:56] - 107 		 227.7 	 	 91.5 	 	 0.0010 	 	  0.0383 	 0.9967 	 	 0.1926  	 0.9131  	 	 0.2187 	 0.9037  	 	 0.3563 	 0.8969  	 	 1.9577 	 0.5408  	 	 1.9953 	 0.5272
[2024/04/07 10:59:15] - 108 		 227.6 	 	 90.9 	 	 0.0010 	 	  0.0364 	 0.9970 	 	 0.1859  	 0.9159  	 	 0.2128 	 0.9059  	 	 0.3921 	 0.8904  	 	 2.2264 	 0.5411  	 	 2.2860 	 0.5179
[2024/04/07 11:04:33] - 109 		 227.6 	 	 91.1 	 	 0.0010 	 	  0.0346 	 0.9971 	 	 0.1806  	 0.9187  	 	 0.2081 	 0.9086  	 	 0.3457 	 0.9017  	 	 2.0421 	 0.5454  	 	 2.0908 	 0.5280
[2024/04/07 11:09:52] - 110 		 227.6 	 	 91.1 	 	 0.0010 	 	  0.0328 	 0.9974 	 	 0.1745  	 0.9215  	 	 0.2026 	 0.9110  	 	 0.3370 	 0.9022  	 	 1.9337 	 0.5500  	 	 1.9776 	 0.5341
[2024/04/07 11:15:11] - 111 		 227.5 	 	 91.2 	 	 0.0010 	 	  0.0310 	 0.9975 	 	 0.1685  	 0.9250  	 	 0.1976 	 0.9134  	 	 0.3647 	 0.8941  	 	 2.1057 	 0.5308  	 	 2.1542 	 0.5142
[2024/04/07 11:20:30] - 112 		 227.5 	 	 91.4 	 	 0.0010 	 	  0.0298 	 0.9976 	 	 0.1637  	 0.9260  	 	 0.1935 	 0.9156  	 	 0.3268 	 0.9053  	 	 1.9611 	 0.5506  	 	 2.0105 	 0.5330
[2024/04/07 11:25:48] - 113 		 228.0 	 	 90.7 	 	 0.0010 	 	  0.0284 	 0.9979 	 	 0.1593  	 0.9283  	 	 0.1904 	 0.9166  	 	 0.4012 	 0.8864  	 	 2.0483 	 0.5353  	 	 2.0882 	 0.5220
[2024/04/07 11:31:07] - 114 		 228.0 	 	 90.9 	 	 0.0010 	 	  0.0270 	 0.9979 	 	 0.1547  	 0.9305  	 	 0.1859 	 0.9190  	 	 0.4211 	 0.8815  	 	 2.2982 	 0.5253  	 	 2.3510 	 0.5069
[2024/04/07 11:36:26] - 115 		 227.9 	 	 90.8 	 	 0.0010 	 	  0.0256 	 0.9980 	 	 0.1492  	 0.9329  	 	 0.1808 	 0.9213  	 	 0.3695 	 0.8942  	 	 2.1508 	 0.5297  	 	 2.2006 	 0.5126
[2024/04/07 11:41:45] - 116 		 227.9 	 	 90.8 	 	 0.0010 	 	  0.0247 	 0.9982 	 	 0.1471  	 0.9339  	 	 0.1804 	 0.9208  	 	 0.3940 	 0.8870  	 	 2.2471 	 0.5230  	 	 2.3033 	 0.5015
[2024/04/07 11:47:03] - 117 		 227.9 	 	 90.9 	 	 0.0010 	 	  0.0237 	 0.9985 	 	 0.1427  	 0.9357  	 	 0.1766 	 0.9222  	 	 0.3514 	 0.8995  	 	 2.1231 	 0.5432  	 	 2.1799 	 0.5245
[2024/04/07 11:52:22] - 118 		 228.1 	 	 90.6 	 	 0.0010 	 	  0.0228 	 0.9984 	 	 0.1396  	 0.9370  	 	 0.1745 	 0.9235  	 	 0.4056 	 0.8861  	 	 2.3295 	 0.5288  	 	 2.3924 	 0.5065
[2024/04/07 11:57:41] - 119 		 227.8 	 	 90.7 	 	 0.0010 	 	  0.0217 	 0.9986 	 	 0.1349  	 0.9392  	 	 0.1708 	 0.9262  	 	 0.3642 	 0.8940  	 	 2.1946 	 0.5248  	 	 2.2519 	 0.5048
[2024/04/07 12:02:59] - 120 		 227.8 	 	 90.9 	 	 0.0010 	 	  0.0208 	 0.9986 	 	 0.1311  	 0.9411  	 	 0.1681 	 0.9272  	 	 0.3567 	 0.8964  	 	 2.1795 	 0.5415  	 	 2.2395 	 0.5195
[2024/04/07 12:08:18] - 121 		 228.0 	 	 90.9 	 	 0.0010 	 	  0.0202 	 0.9986 	 	 0.1284  	 0.9427  	 	 0.1663 	 0.9277  	 	 0.4097 	 0.8852  	 	 2.3059 	 0.5247  	 	 2.3610 	 0.5043
[2024/04/07 12:13:37] - 122 		 227.8 	 	 91.0 	 	 0.0010 	 	  0.0192 	 0.9987 	 	 0.1252  	 0.9442  	 	 0.1640 	 0.9299  	 	 0.3869 	 0.8892  	 	 2.2789 	 0.5337  	 	 2.3401 	 0.5103
[2024/04/07 12:18:56] - 123 		 227.8 	 	 90.8 	 	 0.0010 	 	  0.0186 	 0.9989 	 	 0.1228  	 0.9458  	 	 0.1637 	 0.9296  	 	 0.3446 	 0.8995  	 	 2.1688 	 0.5429  	 	 2.2312 	 0.5206
[2024/04/07 12:24:15] - 124 		 228.0 	 	 90.8 	 	 0.0010 	 	  0.0180 	 0.9990 	 	 0.1199  	 0.9476  	 	 0.1600 	 0.9318  	 	 0.4124 	 0.8843  	 	 2.3642 	 0.5323  	 	 2.4334 	 0.5080
[2024/04/07 12:29:33] - 125 		 227.9 	 	 90.9 	 	 0.0010 	 	  0.0174 	 0.9989 	 	 0.1175  	 0.9477  	 	 0.1590 	 0.9320  	 	 0.3780 	 0.8916  	 	 2.2536 	 0.5320  	 	 2.3130 	 0.5089
[2024/04/07 12:34:52] - 126 		 227.8 	 	 90.8 	 	 0.0010 	 	  0.0166 	 0.9990 	 	 0.1140  	 0.9490  	 	 0.1568 	 0.9330  	 	 0.3684 	 0.8919  	 	 2.2287 	 0.5236  	 	 2.2900 	 0.5033
[2024/04/07 12:40:11] - 127 		 227.9 	 	 91.0 	 	 0.0010 	 	  0.0160 	 0.9992 	 	 0.1102  	 0.9518  	 	 0.1540 	 0.9349  	 	 0.4040 	 0.8858  	 	 2.3842 	 0.5292  	 	 2.4508 	 0.5068
[2024/04/07 12:45:29] - 128 		 227.8 	 	 90.9 	 	 0.0010 	 	  0.0156 	 0.9991 	 	 0.1099  	 0.9519  	 	 0.1556 	 0.9343  	 	 0.4308 	 0.8813  	 	 2.4363 	 0.5235  	 	 2.5024 	 0.4967
[2024/04/07 12:50:48] - 129 		 227.8 	 	 91.1 	 	 0.0010 	 	  0.0149 	 0.9992 	 	 0.1052  	 0.9534  	 	 0.1508 	 0.9355  	 	 0.3721 	 0.8943  	 	 2.3254 	 0.5237  	 	 2.3912 	 0.5004
[2024/04/07 12:56:07] - 130 		 227.7 	 	 90.9 	 	 0.0010 	 	  0.0144 	 0.9990 	 	 0.1037  	 0.9551  	 	 0.1513 	 0.9359  	 	 0.3771 	 0.8906  	 	 2.3161 	 0.5204  	 	 2.3820 	 0.4975
[2024/04/07 13:01:26] - 131 		 227.9 	 	 91.2 	 	 0.0010 	 	  0.0141 	 0.9992 	 	 0.1020  	 0.9557  	 	 0.1494 	 0.9373  	 	 0.3476 	 0.8993  	 	 2.2388 	 0.5371  	 	 2.3119 	 0.5120
[2024/04/07 13:06:45] - 132 		 227.7 	 	 91.2 	 	 0.0010 	 	  0.0132 	 0.9992 	 	 0.0969  	 0.9573  	 	 0.1470 	 0.9376  	 	 0.3638 	 0.8966  	 	 2.2777 	 0.5464  	 	 2.3549 	 0.5193
[2024/04/07 13:12:04] - 133 		 227.7 	 	 91.1 	 	 0.0010 	 	  0.0130 	 0.9993 	 	 0.0956  	 0.9583  	 	 0.1454 	 0.9389  	 	 0.3937 	 0.8884  	 	 2.3817 	 0.5332  	 	 2.4532 	 0.5076
[2024/04/07 13:17:23] - 134 		 227.6 	 	 91.3 	 	 0.0010 	 	  0.0124 	 0.9994 	 	 0.0930  	 0.9590  	 	 0.1434 	 0.9401  	 	 0.4113 	 0.8823  	 	 2.4251 	 0.5130  	 	 2.4904 	 0.4901
[2024/04/07 13:22:42] - 135 		 227.6 	 	 91.4 	 	 0.0010 	 	  0.0121 	 0.9993 	 	 0.0917  	 0.9593  	 	 0.1450 	 0.9392  	 	 0.4535 	 0.8732  	 	 2.5312 	 0.5091  	 	 2.5912 	 0.4892
[2024/04/07 13:28:01] - 136 		 227.6 	 	 91.4 	 	 0.0010 	 	  0.0117 	 0.9995 	 	 0.0897  	 0.9604  	 	 0.1444 	 0.9390  	 	 0.3756 	 0.8937  	 	 2.3008 	 0.5344  	 	 2.3706 	 0.5103
[2024/04/07 13:33:20] - 137 		 227.6 	 	 91.5 	 	 0.0010 	 	  0.0114 	 0.9995 	 	 0.0872  	 0.9611  	 	 0.1426 	 0.9397  	 	 0.3975 	 0.8868  	 	 2.3236 	 0.5337  	 	 2.3935 	 0.5083
[2024/04/07 13:38:39] - 138 		 227.5 	 	 91.3 	 	 0.0010 	 	  0.0111 	 0.9994 	 	 0.0857  	 0.9628  	 	 0.1412 	 0.9400  	 	 0.3761 	 0.8940  	 	 2.4410 	 0.5392  	 	 2.5375 	 0.5066
[2024/04/07 13:43:58] - 139 		 227.8 	 	 91.0 	 	 0.0010 	 	  0.0108 	 0.9995 	 	 0.0842  	 0.9635  	 	 0.1411 	 0.9415  	 	 0.4056 	 0.8849  	 	 2.4143 	 0.5306  	 	 2.4900 	 0.5027
[2024/04/07 13:49:17] - 140 		 228.0 	 	 91.0 	 	 0.0010 	 	  0.0104 	 0.9995 	 	 0.0825  	 0.9640  	 	 0.1410 	 0.9415  	 	 0.4032 	 0.8869  	 	 2.3732 	 0.5309  	 	 2.4377 	 0.5083
[2024/04/07 13:54:35] - 141 		 227.8 	 	 90.7 	 	 0.0010 	 	  0.0102 	 0.9995 	 	 0.0805  	 0.9642  	 	 0.1401 	 0.9417  	 	 0.3716 	 0.8937  	 	 2.3619 	 0.5226  	 	 2.4328 	 0.4995
[2024/04/07 13:59:54] - 142 		 228.0 	 	 90.9 	 	 0.0010 	 	  0.0099 	 0.9996 	 	 0.0813  	 0.9646  	 	 0.1411 	 0.9408  	 	 0.4106 	 0.8908  	 	 2.4479 	 0.5411  	 	 2.5350 	 0.5091
[2024/04/07 14:05:13] - 143 		 228.0 	 	 90.7 	 	 0.0010 	 	  0.0096 	 0.9996 	 	 0.0772  	 0.9664  	 	 0.1375 	 0.9427  	 	 0.3682 	 0.8943  	 	 2.4392 	 0.5304  	 	 2.5330 	 0.4978
[2024/04/07 14:10:32] - 144 		 228.2 	 	 90.9 	 	 0.0010 	 	  0.0092 	 0.9996 	 	 0.0749  	 0.9679  	 	 0.1367 	 0.9434  	 	 0.4625 	 0.8734  	 	 2.4837 	 0.5197  	 	 2.5509 	 0.4975
[2024/04/07 14:15:50] - 145 		 227.8 	 	 90.7 	 	 0.0010 	 	  0.0091 	 0.9996 	 	 0.0741  	 0.9680  	 	 0.1369 	 0.9424  	 	 0.3584 	 0.8968  	 	 2.3211 	 0.5359  	 	 2.4015 	 0.5087
[2024/04/07 14:21:09] - 146 		 227.8 	 	 90.9 	 	 0.0010 	 	  0.0088 	 0.9996 	 	 0.0712  	 0.9695  	 	 0.1349 	 0.9440  	 	 0.3958 	 0.8894  	 	 2.3895 	 0.5429  	 	 2.4694 	 0.5143
[2024/04/07 14:26:28] - 147 		 227.9 	 	 90.8 	 	 0.0010 	 	  0.0086 	 0.9995 	 	 0.0706  	 0.9698  	 	 0.1367 	 0.9437  	 	 0.3991 	 0.8874  	 	 2.5076 	 0.5233  	 	 2.5911 	 0.4942
[2024/04/07 14:31:47] - 148 		 228.1 	 	 90.9 	 	 0.0010 	 	  0.0084 	 0.9997 	 	 0.0693  	 0.9706  	 	 0.1351 	 0.9444  	 	 0.3993 	 0.8874  	 	 2.5059 	 0.5343  	 	 2.6004 	 0.4997
[2024/04/07 14:37:05] - 149 		 227.8 	 	 91.0 	 	 0.0001 	 	  0.0082 	 0.9996 	 	 0.0671  	 0.9706  	 	 0.1337 	 0.9435  	 	 0.3385 	 0.9016  	 	 2.3577 	 0.5374  	 	 2.4516 	 0.5068
[2024/04/07 14:42:27] - 150 		 227.8 	 	 91.0 	 	 0.0001 	 	  0.0073 	 0.9998 	 	 0.0567  	 0.9762  	 	 0.1219 	 0.9510  	 	 0.3637 	 0.8937  	 	 2.3852 	 0.5257  	 	 2.4696 	 0.4975
[2024/04/07 14:47:45] - 151 		 227.7 	 	 91.0 	 	 0.0001 	 	  0.0068 	 0.9997 	 	 0.0531  	 0.9773  	 	 0.1187 	 0.9532  	 	 0.4324 	 0.8826  	 	 2.5380 	 0.5196  	 	 2.6049 	 0.4973
[2024/04/07 14:53:04] - 152 		 227.8 	 	 91.1 	 	 0.0001 	 	  0.0067 	 0.9997 	 	 0.0512  	 0.9777  	 	 0.1176 	 0.9537  	 	 0.3928 	 0.8879  	 	 2.4080 	 0.5321  	 	 2.4882 	 0.5043
[2024/04/07 14:58:23] - 153 		 227.8 	 	 91.0 	 	 0.0001 	 	  0.0066 	 0.9997 	 	 0.0508  	 0.9780  	 	 0.1180 	 0.9537  	 	 0.4457 	 0.8760  	 	 2.5714 	 0.5195  	 	 2.6463 	 0.4934
[2024/04/07 15:03:42] - 154 		 227.9 	 	 90.8 	 	 0.0001 	 	  0.0064 	 0.9998 	 	 0.0489  	 0.9787  	 	 0.1145 	 0.9555  	 	 0.3684 	 0.8939  	 	 2.4041 	 0.5340  	 	 2.4939 	 0.5028
[2024/04/07 15:09:00] - 155 		 227.7 	 	 90.8 	 	 0.0001 	 	  0.0063 	 0.9998 	 	 0.0486  	 0.9788  	 	 0.1165 	 0.9541  	 	 0.3646 	 0.8935  	 	 2.4232 	 0.5348  	 	 2.5153 	 0.5027
[2024/04/07 15:14:19] - 156 		 227.6 	 	 90.9 	 	 0.0001 	 	  0.0063 	 0.9998 	 	 0.0483  	 0.9785  	 	 0.1166 	 0.9538  	 	 0.3566 	 0.8966  	 	 2.3759 	 0.5229  	 	 2.4570 	 0.4966
[2024/04/07 15:19:38] - 157 		 228.0 	 	 90.9 	 	 0.0001 	 	  0.0062 	 0.9998 	 	 0.0482  	 0.9788  	 	 0.1158 	 0.9547  	 	 0.3813 	 0.8890  	 	 2.4895 	 0.5305  	 	 2.5833 	 0.4986
[2024/04/07 15:24:57] - 158 		 227.8 	 	 90.9 	 	 0.0001 	 	  0.0061 	 0.9998 	 	 0.0469  	 0.9796  	 	 0.1142 	 0.9555  	 	 0.3865 	 0.8909  	 	 2.4261 	 0.5376  	 	 2.5162 	 0.5078
[2024/04/07 15:30:15] - 159 		 227.7 	 	 90.7 	 	 0.0001 	 	  0.0060 	 0.9998 	 	 0.0470  	 0.9794  	 	 0.1150 	 0.9552  	 	 0.3415 	 0.9004  	 	 2.3451 	 0.5379  	 	 2.4305 	 0.5096
[2024/04/07 15:35:34] - 160 		 227.7 	 	 91.2 	 	 0.0001 	 	  0.0060 	 0.9998 	 	 0.0464  	 0.9796  	 	 0.1140 	 0.9544  	 	 0.3993 	 0.8877  	 	 2.5117 	 0.5290  	 	 2.6051 	 0.4965
[2024/04/07 15:40:52] - 161 		 227.7 	 	 90.8 	 	 0.0001 	 	  0.0059 	 0.9998 	 	 0.0454  	 0.9802  	 	 0.1140 	 0.9559  	 	 0.3756 	 0.8914  	 	 2.4354 	 0.5378  	 	 2.5244 	 0.5066
[2024/04/07 15:46:11] - 162 		 227.8 	 	 90.9 	 	 0.0001 	 	  0.0059 	 0.9998 	 	 0.0462  	 0.9800  	 	 0.1162 	 0.9550  	 	 0.4421 	 0.8795  	 	 2.6028 	 0.5285  	 	 2.6926 	 0.4977
[2024/04/07 15:51:30] - 163 		 228.0 	 	 91.1 	 	 0.0001 	 	  0.0058 	 0.9998 	 	 0.0453  	 0.9806  	 	 0.1150 	 0.9545  	 	 0.3467 	 0.8994  	 	 2.4291 	 0.5352  	 	 2.5269 	 0.5024
[2024/04/07 15:56:49] - 164 		 227.7 	 	 90.8 	 	 0.0001 	 	  0.0058 	 0.9998 	 	 0.0460  	 0.9803  	 	 0.1146 	 0.9554  	 	 0.4000 	 0.8868  	 	 2.5234 	 0.5229  	 	 2.6078 	 0.4948
[2024/04/07 16:02:07] - 165 		 227.8 	 	 91.0 	 	 0.0001 	 	  0.0057 	 0.9998 	 	 0.0443  	 0.9808  	 	 0.1138 	 0.9559  	 	 0.3787 	 0.8909  	 	 2.4641 	 0.5344  	 	 2.5622 	 0.5015
[2024/04/07 16:07:26] - 166 		 227.5 	 	 91.2 	 	 0.0001 	 	  0.0057 	 0.9998 	 	 0.0443  	 0.9808  	 	 0.1134 	 0.9555  	 	 0.3523 	 0.8980  	 	 2.4174 	 0.5392  	 	 2.5179 	 0.5052
[2024/04/07 16:12:45] - 167 		 227.4 	 	 91.0 	 	 0.0001 	 	  0.0055 	 0.9998 	 	 0.0435  	 0.9810  	 	 0.1144 	 0.9547  	 	 0.3805 	 0.8922  	 	 2.5003 	 0.5416  	 	 2.6071 	 0.5056
[2024/04/07 16:18:03] - 168 		 227.4 	 	 91.1 	 	 0.0001 	 	  0.0056 	 0.9999 	 	 0.0437  	 0.9805  	 	 0.1158 	 0.9541  	 	 0.3566 	 0.8958  	 	 2.3825 	 0.5332  	 	 2.4716 	 0.5022
[2024/04/07 16:23:22] - 169 		 227.5 	 	 91.0 	 	 0.0001 	 	  0.0055 	 0.9998 	 	 0.0435  	 0.9810  	 	 0.1149 	 0.9551  	 	 0.4010 	 0.8878  	 	 2.5619 	 0.5325  	 	 2.6614 	 0.4993
[2024/04/07 16:28:40] - 170 		 227.5 	 	 90.9 	 	 0.0001 	 	  0.0055 	 0.9998 	 	 0.0437  	 0.9804  	 	 0.1151 	 0.9552  	 	 0.3602 	 0.8967  	 	 2.4348 	 0.5289  	 	 2.5288 	 0.4977
[2024/04/07 16:33:59] - 171 		 227.7 	 	 90.9 	 	 0.0001 	 	  0.0054 	 0.9998 	 	 0.0424  	 0.9812  	 	 0.1141 	 0.9550  	 	 0.4168 	 0.8866  	 	 2.5283 	 0.5292  	 	 2.6202 	 0.4985
[2024/04/07 16:39:17] - 172 		 227.8 	 	 90.9 	 	 0.0001 	 	  0.0054 	 0.9999 	 	 0.0428  	 0.9814  	 	 0.1144 	 0.9558  	 	 0.3983 	 0.8872  	 	 2.5208 	 0.5270  	 	 2.6142 	 0.4959
[2024/04/07 16:44:36] - 173 		 227.7 	 	 91.0 	 	 0.0001 	 	  0.0054 	 0.9998 	 	 0.0427  	 0.9815  	 	 0.1150 	 0.9543  	 	 0.4138 	 0.8840  	 	 2.6149 	 0.5322  	 	 2.7216 	 0.4970
[2024/04/07 16:49:55] - 174 		 227.7 	 	 91.1 	 	 0.0001 	 	  0.0053 	 0.9998 	 	 0.0421  	 0.9816  	 	 0.1156 	 0.9546  	 	 0.3674 	 0.8936  	 	 2.4680 	 0.5363  	 	 2.5677 	 0.5015
[2024/04/07 16:55:14] - 175 		 228.0 	 	 90.8 	 	 0.0001 	 	  0.0053 	 0.9998 	 	 0.0423  	 0.9816  	 	 0.1140 	 0.9549  	 	 0.3813 	 0.8921  	 	 2.5137 	 0.5334  	 	 2.6118 	 0.5012
[2024/04/07 17:00:32] - 176 		 227.8 	 	 90.7 	 	 0.0001 	 	  0.0053 	 0.9998 	 	 0.0421  	 0.9813  	 	 0.1145 	 0.9556  	 	 0.3704 	 0.8934  	 	 2.3799 	 0.5361  	 	 2.4645 	 0.5086
[2024/04/07 17:05:51] - 177 		 228.0 	 	 90.6 	 	 0.0001 	 	  0.0053 	 0.9998 	 	 0.0420  	 0.9815  	 	 0.1154 	 0.9539  	 	 0.3935 	 0.8899  	 	 2.5020 	 0.5435  	 	 2.6088 	 0.5086
[2024/04/07 17:11:10] - 178 		 227.7 	 	 90.8 	 	 0.0001 	 	  0.0052 	 0.9998 	 	 0.0411  	 0.9823  	 	 0.1155 	 0.9546  	 	 0.4219 	 0.8820  	 	 2.6002 	 0.5291  	 	 2.6933 	 0.4965
[2024/04/07 17:16:28] - 179 		 227.7 	 	 90.8 	 	 0.0001 	 	  0.0052 	 0.9999 	 	 0.0406  	 0.9826  	 	 0.1142 	 0.9551  	 	 0.4111 	 0.8851  	 	 2.4376 	 0.5403  	 	 2.5183 	 0.5124
[2024/04/07 17:21:47] - 180 		 227.7 	 	 90.9 	 	 0.0001 	 	  0.0052 	 0.9998 	 	 0.0411  	 0.9823  	 	 0.1161 	 0.9544  	 	 0.3786 	 0.8915  	 	 2.5314 	 0.5088  	 	 2.6103 	 0.4824
[2024/04/07 17:27:06] - 181 		 227.9 	 	 90.8 	 	 0.0001 	 	  0.0051 	 0.9998 	 	 0.0412  	 0.9823  	 	 0.1158 	 0.9550  	 	 0.4351 	 0.8797  	 	 2.4858 	 0.5287  	 	 2.5589 	 0.5039
[2024/04/07 17:32:24] - 182 		 227.6 	 	 91.0 	 	 0.0001 	 	  0.0051 	 0.9998 	 	 0.0409  	 0.9825  	 	 0.1145 	 0.9554  	 	 0.3726 	 0.8909  	 	 2.4724 	 0.5225  	 	 2.5598 	 0.4932
[2024/04/07 17:37:43] - 183 		 227.8 	 	 90.9 	 	 0.0001 	 	  0.0051 	 0.9999 	 	 0.0406  	 0.9822  	 	 0.1161 	 0.9551  	 	 0.4072 	 0.8881  	 	 2.6135 	 0.5208  	 	 2.7077 	 0.4908
[2024/04/07 17:43:02] - 184 		 228.0 	 	 91.0 	 	 0.0001 	 	  0.0050 	 0.9999 	 	 0.0403  	 0.9823  	 	 0.1163 	 0.9545  	 	 0.3983 	 0.8866  	 	 2.4793 	 0.5294  	 	 2.5581 	 0.5028
[2024/04/07 17:48:20] - 185 		 227.7 	 	 90.7 	 	 0.0001 	 	  0.0050 	 0.9999 	 	 0.0400  	 0.9827  	 	 0.1153 	 0.9554  	 	 0.3666 	 0.8942  	 	 2.4607 	 0.5366  	 	 2.5602 	 0.5022
[2024/04/07 17:53:39] - 186 		 227.8 	 	 90.9 	 	 0.0001 	 	  0.0050 	 0.9998 	 	 0.0401  	 0.9828  	 	 0.1170 	 0.9538  	 	 0.3560 	 0.8969  	 	 2.4230 	 0.5363  	 	 2.5224 	 0.5018
[2024/04/07 17:58:58] - 187 		 227.7 	 	 91.0 	 	 0.0001 	 	  0.0050 	 0.9999 	 	 0.0398  	 0.9830  	 	 0.1157 	 0.9550  	 	 0.3774 	 0.8913  	 	 2.5342 	 0.5312  	 	 2.6390 	 0.4954
[2024/04/07 18:04:16] - 188 		 227.5 	 	 91.1 	 	 0.0001 	 	  0.0050 	 0.9998 	 	 0.0396  	 0.9830  	 	 0.1169 	 0.9552  	 	 0.3913 	 0.8897  	 	 2.5109 	 0.5308  	 	 2.6040 	 0.5000
[2024/04/07 18:09:35] - 189 		 227.4 	 	 91.1 	 	 0.0001 	 	  0.0049 	 0.9999 	 	 0.0392  	 0.9829  	 	 0.1161 	 0.9550  	 	 0.3632 	 0.8972  	 	 2.4105 	 0.5434  	 	 2.5051 	 0.5125
[2024/04/07 18:14:54] - 190 		 227.5 	 	 91.2 	 	 0.0001 	 	  0.0048 	 0.9998 	 	 0.0387  	 0.9832  	 	 0.1153 	 0.9555  	 	 0.3676 	 0.8952  	 	 2.4051 	 0.5449  	 	 2.4985 	 0.5133
[2024/04/07 18:20:13] - 191 		 227.6 	 	 91.3 	 	 0.0001 	 	  0.0048 	 0.9999 	 	 0.0388  	 0.9832  	 	 0.1143 	 0.9559  	 	 0.3837 	 0.8901  	 	 2.4501 	 0.5318  	 	 2.5388 	 0.5007
[2024/04/07 18:25:31] - 192 		 227.7 	 	 90.9 	 	 0.0001 	 	  0.0048 	 0.9999 	 	 0.0385  	 0.9832  	 	 0.1162 	 0.9547  	 	 0.3971 	 0.8880  	 	 2.4702 	 0.5361  	 	 2.5602 	 0.5076
[2024/04/07 18:30:50] - 193 		 228.1 	 	 90.5 	 	 0.0001 	 	  0.0048 	 0.9998 	 	 0.0382  	 0.9835  	 	 0.1150 	 0.9551  	 	 0.3613 	 0.8966  	 	 2.4153 	 0.5417  	 	 2.5137 	 0.5105
[2024/04/07 18:36:08] - 194 		 227.6 	 	 90.7 	 	 0.0001 	 	  0.0047 	 0.9998 	 	 0.0382  	 0.9837  	 	 0.1164 	 0.9546  	 	 0.3779 	 0.8904  	 	 2.5278 	 0.5065  	 	 2.6108 	 0.4803
[2024/04/07 18:41:27] - 195 		 228.0 	 	 91.3 	 	 0.0001 	 	  0.0047 	 0.9998 	 	 0.0382  	 0.9832  	 	 0.1158 	 0.9545  	 	 0.3838 	 0.8886  	 	 2.5235 	 0.5186  	 	 2.6147 	 0.4888
[2024/04/07 18:46:47] - 196 		 228.1 	 	 91.3 	 	 0.0001 	 	  0.0047 	 0.9999 	 	 0.0381  	 0.9832  	 	 0.1171 	 0.9545  	 	 0.3732 	 0.8943  	 	 2.4667 	 0.5384  	 	 2.5690 	 0.5051
[2024/04/07 18:52:06] - 197 		 228.0 	 	 91.2 	 	 0.0001 	 	  0.0047 	 0.9999 	 	 0.0375  	 0.9837  	 	 0.1164 	 0.9542  	 	 0.3953 	 0.8893  	 	 2.4784 	 0.5401  	 	 2.5714 	 0.5105
[2024/04/07 18:57:25] - 198 		 227.9 	 	 91.2 	 	 0.0001 	 	  0.0046 	 0.9999 	 	 0.0374  	 0.9840  	 	 0.1156 	 0.9557  	 	 0.3808 	 0.8935  	 	 2.4524 	 0.5346  	 	 2.5400 	 0.5065
[2024/04/07 19:02:44] - 199 		 227.8 	 	 91.0 	 	 0.0001 	 	  0.0046 	 0.9998 	 	 0.0375  	 0.9839  	 	 0.1165 	 0.9543  	 	 0.3863 	 0.8901  	 	 2.5394 	 0.5268  	 	 2.6351 	 0.4953
[2024/04/07 19:08:03] - 200 		 227.9 	 	 91.2 	 	 0.0001 	 	  0.0046 	 0.9999 	 	 0.0374  	 0.9843  	 	 0.1174 	 0.9548  	 	 0.3987 	 0.8886  	 	 2.5359 	 0.5390  	 	 2.6383 	 0.5030
