[2024/04/07 00:48:30] - Namespace(att_method='tanh', attack_iters=10, batch_size=128, beta=100.0, chkpt_iters=50, dataset='svhn', epochs=201, epsilon=0.03137254901960784, lr_chechpoint1=100, lr_chechpoint2=150, lr_max=0.01, lr_schedule='piecewise', model='PreRes18_standard', momentum=0.9, norm='l_inf', pgd_alpha=1.0, random_init=1, resume=0, seed=1, train_mode='adv_train', weight_decay=0.0005, width_factor=10)
[2024/04/07 00:48:41] - Epoch 	 Train Time 	 Test Time 	 LR 	 	 Train Loss 	 Train Acc 	 Train Adv Loss 	 Train Adv Acc 	 Train Sgn-PGD Loss 	 Train Sgn-PGD Acc 	 Test Loss 	 Test Acc 	 Test Adv Loss 	 Test Adv Acc 	 Test Sgn-PGD Loss 	 Test Sgn-PGD Acc 
[2024/04/07 00:54:10] - 0 		 234.1 	 	 94.1 	 	 0.0100 	 	  1.1132 	 0.6292 	 	 1.2505  	 0.5778  	 	 3.1102 	 0.2149  	 	 0.3851 	 0.8898  	 	 0.7082 	 0.7923  	 	 4.2654 	 0.1628
[2024/04/07 00:59:32] - 1 		 229.0 	 	 93.7 	 	 0.0100 	 	  0.3565 	 0.9005 	 	 0.5323  	 0.8354  	 	 3.2164 	 0.3859  	 	 0.2760 	 0.9240  	 	 0.4812 	 0.8582  	 	 3.4636 	 0.2218
[2024/04/07 01:04:55] - 2 		 229.0 	 	 94.0 	 	 0.0100 	 	  0.2885 	 0.9233 	 	 0.4513  	 0.8620  	 	 3.1581 	 0.4215  	 	 0.2436 	 0.9358  	 	 0.4113 	 0.8772  	 	 3.1825 	 0.2617
[2024/04/07 01:10:17] - 3 		 227.5 	 	 94.5 	 	 0.0100 	 	  0.2508 	 0.9349 	 	 0.4033  	 0.8783  	 	 3.1194 	 0.4444  	 	 0.2191 	 0.9419  	 	 0.4703 	 0.8725  	 	 4.1518 	 0.2113
[2024/04/07 01:15:40] - 4 		 228.5 	 	 93.9 	 	 0.0100 	 	  0.2284 	 0.9408 	 	 0.3734  	 0.8875  	 	 3.1388 	 0.4552  	 	 0.2529 	 0.9289  	 	 0.5465 	 0.8645  	 	 4.1535 	 0.2407
[2024/04/07 01:21:02] - 5 		 228.3 	 	 93.6 	 	 0.0100 	 	  0.2098 	 0.9479 	 	 0.3507  	 0.8953  	 	 3.1375 	 0.4655  	 	 0.2459 	 0.9340  	 	 0.4297 	 0.8761  	 	 3.2505 	 0.2777
[2024/04/07 01:26:23] - 6 		 228.1 	 	 93.7 	 	 0.0100 	 	  0.1930 	 0.9522 	 	 0.3303  	 0.9009  	 	 3.1809 	 0.4742  	 	 0.2048 	 0.9462  	 	 0.4781 	 0.8804  	 	 4.4762 	 0.2032
[2024/04/07 01:31:46] - 7 		 228.7 	 	 93.7 	 	 0.0100 	 	  0.1799 	 0.9556 	 	 0.3117  	 0.9080  	 	 3.1865 	 0.4806  	 	 0.2072 	 0.9445  	 	 0.3850 	 0.8899  	 	 3.4085 	 0.2631
[2024/04/07 01:37:07] - 8 		 228.5 	 	 93.2 	 	 0.0100 	 	  0.1668 	 0.9602 	 	 0.2959  	 0.9123  	 	 3.2207 	 0.4858  	 	 0.1864 	 0.9498  	 	 0.4195 	 0.8885  	 	 4.1205 	 0.2287
[2024/04/07 01:42:30] - 9 		 228.8 	 	 93.5 	 	 0.0100 	 	  0.1546 	 0.9633 	 	 0.2815  	 0.9153  	 	 3.2495 	 0.4929  	 	 0.1977 	 0.9509  	 	 0.3783 	 0.8939  	 	 3.6493 	 0.2334
[2024/04/07 01:47:51] - 10 		 227.8 	 	 93.8 	 	 0.0100 	 	  0.1457 	 0.9655 	 	 0.2691  	 0.9186  	 	 3.2962 	 0.4938  	 	 0.2176 	 0.9398  	 	 0.4597 	 0.8818  	 	 3.9199 	 0.2454
[2024/04/07 01:53:15] - 11 		 229.5 	 	 93.8 	 	 0.0100 	 	  0.1367 	 0.9677 	 	 0.2589  	 0.9226  	 	 3.3272 	 0.4983  	 	 0.2042 	 0.9438  	 	 0.4458 	 0.8825  	 	 4.0303 	 0.2471
[2024/04/07 01:58:37] - 12 		 228.7 	 	 93.8 	 	 0.0100 	 	  0.1270 	 0.9707 	 	 0.2449  	 0.9265  	 	 3.3479 	 0.5043  	 	 0.2084 	 0.9417  	 	 0.5450 	 0.8800  	 	 4.9172 	 0.2090
[2024/04/07 02:04:00] - 13 		 228.6 	 	 93.9 	 	 0.0100 	 	  0.1202 	 0.9727 	 	 0.2367  	 0.9308  	 	 3.3867 	 0.5041  	 	 0.2111 	 0.9440  	 	 0.4788 	 0.8757  	 	 4.4965 	 0.2163
[2024/04/07 02:09:22] - 14 		 228.3 	 	 93.8 	 	 0.0100 	 	  0.1125 	 0.9753 	 	 0.2252  	 0.9325  	 	 3.3978 	 0.5100  	 	 0.1981 	 0.9470  	 	 0.4353 	 0.8886  	 	 4.0512 	 0.2334
[2024/04/07 02:14:44] - 15 		 228.5 	 	 93.9 	 	 0.0100 	 	  0.1067 	 0.9764 	 	 0.2179  	 0.9359  	 	 3.4339 	 0.5104  	 	 0.2065 	 0.9428  	 	 0.4765 	 0.8830  	 	 4.4713 	 0.2099
[2024/04/07 02:20:07] - 16 		 228.5 	 	 94.0 	 	 0.0100 	 	  0.0989 	 0.9783 	 	 0.2078  	 0.9386  	 	 3.4691 	 0.5149  	 	 0.2147 	 0.9406  	 	 0.5447 	 0.8801  	 	 4.6983 	 0.2389
[2024/04/07 02:25:30] - 17 		 228.4 	 	 94.5 	 	 0.0100 	 	  0.0926 	 0.9804 	 	 0.1978  	 0.9415  	 	 3.4625 	 0.5195  	 	 0.1912 	 0.9467  	 	 0.4959 	 0.8869  	 	 4.6070 	 0.2135
[2024/04/07 02:30:52] - 18 		 227.7 	 	 94.6 	 	 0.0100 	 	  0.0875 	 0.9815 	 	 0.1906  	 0.9432  	 	 3.5040 	 0.5198  	 	 0.2134 	 0.9420  	 	 0.5144 	 0.8787  	 	 4.5317 	 0.2226
[2024/04/07 02:36:15] - 19 		 227.7 	 	 94.7 	 	 0.0100 	 	  0.0833 	 0.9825 	 	 0.1837  	 0.9452  	 	 3.4973 	 0.5242  	 	 0.1962 	 0.9472  	 	 0.4804 	 0.8873  	 	 4.4936 	 0.2316
[2024/04/07 02:41:37] - 20 		 227.6 	 	 94.6 	 	 0.0100 	 	  0.0777 	 0.9843 	 	 0.1751  	 0.9482  	 	 3.5148 	 0.5286  	 	 0.1993 	 0.9450  	 	 0.5719 	 0.8805  	 	 5.2231 	 0.2095
[2024/04/07 02:46:59] - 21 		 227.6 	 	 94.8 	 	 0.0100 	 	  0.0735 	 0.9850 	 	 0.1693  	 0.9500  	 	 3.5303 	 0.5291  	 	 0.2002 	 0.9452  	 	 0.6329 	 0.8799  	 	 5.5667 	 0.1977
[2024/04/07 02:52:22] - 22 		 228.8 	 	 93.9 	 	 0.0100 	 	  0.0689 	 0.9865 	 	 0.1626  	 0.9519  	 	 3.5531 	 0.5294  	 	 0.2140 	 0.9420  	 	 0.5949 	 0.8780  	 	 5.1152 	 0.2039
[2024/04/07 02:57:45] - 23 		 229.1 	 	 93.8 	 	 0.0100 	 	  0.0658 	 0.9874 	 	 0.1585  	 0.9535  	 	 3.5602 	 0.5308  	 	 0.2060 	 0.9428  	 	 0.4987 	 0.8832  	 	 4.5485 	 0.2350
[2024/04/07 03:03:07] - 24 		 228.7 	 	 93.8 	 	 0.0100 	 	  0.0625 	 0.9881 	 	 0.1522  	 0.9558  	 	 3.5578 	 0.5344  	 	 0.2072 	 0.9441  	 	 0.4847 	 0.8815  	 	 4.3845 	 0.2330
[2024/04/07 03:08:30] - 25 		 228.8 	 	 93.9 	 	 0.0100 	 	  0.0585 	 0.9893 	 	 0.1452  	 0.9579  	 	 3.5287 	 0.5368  	 	 0.2202 	 0.9392  	 	 0.6979 	 0.8690  	 	 5.8526 	 0.1961
[2024/04/07 03:13:53] - 26 		 229.3 	 	 93.9 	 	 0.0100 	 	  0.0563 	 0.9899 	 	 0.1432  	 0.9580  	 	 3.5677 	 0.5370  	 	 0.2216 	 0.9395  	 	 0.6658 	 0.8686  	 	 5.5319 	 0.2066
[2024/04/07 03:19:16] - 27 		 229.0 	 	 94.0 	 	 0.0100 	 	  0.0521 	 0.9909 	 	 0.1332  	 0.9615  	 	 3.5801 	 0.5408  	 	 0.2610 	 0.9295  	 	 0.7145 	 0.8612  	 	 5.2606 	 0.2102
[2024/04/07 03:24:40] - 28 		 228.9 	 	 94.9 	 	 0.0100 	 	  0.0509 	 0.9908 	 	 0.1339  	 0.9617  	 	 3.5582 	 0.5404  	 	 0.2111 	 0.9413  	 	 0.5204 	 0.8798  	 	 4.5203 	 0.2164
[2024/04/07 03:30:03] - 29 		 229.1 	 	 94.2 	 	 0.0100 	 	  0.0513 	 0.9910 	 	 0.1351  	 0.9611  	 	 3.5544 	 0.5369  	 	 0.2464 	 0.9334  	 	 0.6839 	 0.8743  	 	 5.0665 	 0.2400
[2024/04/07 03:35:26] - 30 		 228.7 	 	 93.9 	 	 0.0100 	 	  0.0470 	 0.9924 	 	 0.1268  	 0.9640  	 	 3.5638 	 0.5404  	 	 0.2223 	 0.9389  	 	 0.6850 	 0.8736  	 	 5.6444 	 0.2157
[2024/04/07 03:40:48] - 31 		 228.7 	 	 93.8 	 	 0.0100 	 	  0.0447 	 0.9926 	 	 0.1209  	 0.9657  	 	 3.5458 	 0.5418  	 	 0.2226 	 0.9410  	 	 0.7349 	 0.8786  	 	 5.9396 	 0.2149
[2024/04/07 03:46:11] - 32 		 228.4 	 	 94.1 	 	 0.0100 	 	  0.0426 	 0.9931 	 	 0.1169  	 0.9667  	 	 3.5100 	 0.5471  	 	 0.2241 	 0.9383  	 	 0.7501 	 0.8709  	 	 6.0117 	 0.1960
[2024/04/07 03:51:34] - 33 		 228.6 	 	 94.6 	 	 0.0100 	 	  0.0391 	 0.9938 	 	 0.1101  	 0.9689  	 	 3.5663 	 0.5485  	 	 0.2403 	 0.9323  	 	 0.6368 	 0.8672  	 	 4.8752 	 0.2230
[2024/04/07 03:56:57] - 34 		 228.0 	 	 94.4 	 	 0.0100 	 	  0.0380 	 0.9943 	 	 0.1101  	 0.9690  	 	 3.5393 	 0.5509  	 	 0.2629 	 0.9279  	 	 0.7864 	 0.8552  	 	 5.7095 	 0.1804
[2024/04/07 04:02:19] - 35 		 228.1 	 	 94.4 	 	 0.0100 	 	  0.0378 	 0.9947 	 	 0.1089  	 0.9690  	 	 3.5492 	 0.5471  	 	 0.2000 	 0.9458  	 	 0.6062 	 0.8877  	 	 5.0728 	 0.2439
[2024/04/07 04:07:42] - 36 		 227.9 	 	 94.6 	 	 0.0100 	 	  0.0364 	 0.9946 	 	 0.1059  	 0.9706  	 	 3.5327 	 0.5494  	 	 0.2012 	 0.9443  	 	 0.6530 	 0.8774  	 	 5.5993 	 0.1990
[2024/04/07 04:13:04] - 37 		 227.8 	 	 94.6 	 	 0.0100 	 	  0.0354 	 0.9948 	 	 0.1052  	 0.9703  	 	 3.5292 	 0.5489  	 	 0.2067 	 0.9433  	 	 0.7240 	 0.8785  	 	 6.2350 	 0.1808
[2024/04/07 04:18:26] - 38 		 228.0 	 	 94.4 	 	 0.0100 	 	  0.0361 	 0.9945 	 	 0.1069  	 0.9703  	 	 3.5502 	 0.5426  	 	 0.2200 	 0.9391  	 	 0.6605 	 0.8762  	 	 5.1457 	 0.2301
[2024/04/07 04:23:49] - 39 		 228.6 	 	 93.9 	 	 0.0100 	 	  0.0336 	 0.9954 	 	 0.1011  	 0.9721  	 	 3.5086 	 0.5502  	 	 0.2212 	 0.9389  	 	 0.7697 	 0.8689  	 	 6.1670 	 0.1792
[2024/04/07 04:29:12] - 40 		 229.2 	 	 93.9 	 	 0.0100 	 	  0.0323 	 0.9956 	 	 0.0995  	 0.9723  	 	 3.4892 	 0.5532  	 	 0.2113 	 0.9411  	 	 0.6476 	 0.8773  	 	 5.4076 	 0.2097
[2024/04/07 04:34:35] - 41 		 228.5 	 	 94.1 	 	 0.0100 	 	  0.0311 	 0.9959 	 	 0.0946  	 0.9743  	 	 3.4849 	 0.5525  	 	 0.2203 	 0.9380  	 	 0.6142 	 0.8750  	 	 4.7563 	 0.2371
[2024/04/07 04:39:57] - 42 		 228.5 	 	 94.0 	 	 0.0100 	 	  0.0304 	 0.9960 	 	 0.0934  	 0.9747  	 	 3.4882 	 0.5540  	 	 0.2253 	 0.9385  	 	 0.7026 	 0.8748  	 	 5.4508 	 0.2103
[2024/04/07 04:45:20] - 43 		 228.5 	 	 94.1 	 	 0.0100 	 	  0.0303 	 0.9960 	 	 0.0940  	 0.9745  	 	 3.4555 	 0.5544  	 	 0.2234 	 0.9380  	 	 0.6473 	 0.8774  	 	 5.0560 	 0.2249
[2024/04/07 04:50:43] - 44 		 228.9 	 	 94.0 	 	 0.0100 	 	  0.0289 	 0.9964 	 	 0.0908  	 0.9754  	 	 3.5014 	 0.5507  	 	 0.2081 	 0.9425  	 	 0.6692 	 0.8808  	 	 5.4664 	 0.2165
[2024/04/07 04:56:05] - 45 		 228.9 	 	 93.9 	 	 0.0100 	 	  0.0286 	 0.9962 	 	 0.0898  	 0.9755  	 	 3.4583 	 0.5542  	 	 0.2420 	 0.9337  	 	 0.7481 	 0.8627  	 	 5.5204 	 0.2127
[2024/04/07 05:01:28] - 46 		 228.8 	 	 93.9 	 	 0.0100 	 	  0.0296 	 0.9961 	 	 0.0942  	 0.9748  	 	 3.4544 	 0.5543  	 	 0.2517 	 0.9284  	 	 0.7359 	 0.8597  	 	 5.3992 	 0.2097
[2024/04/07 05:06:51] - 47 		 228.9 	 	 93.9 	 	 0.0100 	 	  0.0267 	 0.9969 	 	 0.0853  	 0.9770  	 	 3.4845 	 0.5536  	 	 0.2231 	 0.9378  	 	 0.6331 	 0.8746  	 	 4.8678 	 0.2337
[2024/04/07 05:12:14] - 48 		 228.8 	 	 94.0 	 	 0.0100 	 	  0.0278 	 0.9967 	 	 0.0891  	 0.9759  	 	 3.4991 	 0.5542  	 	 0.2198 	 0.9385  	 	 0.7625 	 0.8728  	 	 5.9750 	 0.1737
[2024/04/07 05:17:37] - 49 		 228.9 	 	 94.0 	 	 0.0100 	 	  0.0290 	 0.9962 	 	 0.0927  	 0.9755  	 	 3.4080 	 0.5552  	 	 0.2019 	 0.9450  	 	 0.6551 	 0.8822  	 	 5.3525 	 0.2134
[2024/04/07 05:23:01] - 50 		 228.3 	 	 93.8 	 	 0.0100 	 	  0.0252 	 0.9968 	 	 0.0817  	 0.9783  	 	 3.4332 	 0.5585  	 	 0.2089 	 0.9420  	 	 0.6540 	 0.8798  	 	 5.0425 	 0.2454
[2024/04/07 05:28:24] - 51 		 228.5 	 	 94.5 	 	 0.0100 	 	  0.0276 	 0.9961 	 	 0.0884  	 0.9766  	 	 3.3998 	 0.5577  	 	 0.2192 	 0.9392  	 	 0.6271 	 0.8789  	 	 4.8057 	 0.2591
[2024/04/07 05:33:47] - 52 		 227.6 	 	 94.5 	 	 0.0100 	 	  0.0255 	 0.9970 	 	 0.0840  	 0.9780  	 	 3.4001 	 0.5578  	 	 0.2350 	 0.9349  	 	 0.7425 	 0.8717  	 	 5.4829 	 0.2136
[2024/04/07 05:39:09] - 53 		 227.8 	 	 94.9 	 	 0.0100 	 	  0.0240 	 0.9972 	 	 0.0794  	 0.9791  	 	 3.4019 	 0.5612  	 	 0.2464 	 0.9312  	 	 0.7253 	 0.8650  	 	 5.2291 	 0.2193
[2024/04/07 05:44:32] - 54 		 227.6 	 	 95.4 	 	 0.0100 	 	  0.0256 	 0.9967 	 	 0.0840  	 0.9779  	 	 3.3953 	 0.5584  	 	 0.2360 	 0.9362  	 	 0.8042 	 0.8617  	 	 5.9593 	 0.2062
[2024/04/07 05:49:55] - 55 		 228.4 	 	 93.8 	 	 0.0100 	 	  0.0240 	 0.9971 	 	 0.0797  	 0.9788  	 	 3.3869 	 0.5602  	 	 0.1977 	 0.9447  	 	 0.5792 	 0.8815  	 	 4.7472 	 0.2506
[2024/04/07 05:55:17] - 56 		 228.3 	 	 93.9 	 	 0.0100 	 	  0.0268 	 0.9968 	 	 0.0877  	 0.9765  	 	 3.3719 	 0.5557  	 	 0.2195 	 0.9381  	 	 0.7205 	 0.8669  	 	 5.6007 	 0.1965
[2024/04/07 06:00:39] - 57 		 228.5 	 	 93.9 	 	 0.0100 	 	  0.0247 	 0.9969 	 	 0.0802  	 0.9790  	 	 3.3709 	 0.5546  	 	 0.2416 	 0.9328  	 	 0.7522 	 0.8627  	 	 5.4330 	 0.2119
[2024/04/07 06:06:01] - 58 		 228.3 	 	 94.0 	 	 0.0100 	 	  0.0239 	 0.9973 	 	 0.0797  	 0.9791  	 	 3.3393 	 0.5613  	 	 0.2253 	 0.9383  	 	 0.6982 	 0.8741  	 	 5.1757 	 0.2368
[2024/04/07 06:11:24] - 59 		 228.4 	 	 94.0 	 	 0.0100 	 	  0.0240 	 0.9972 	 	 0.0794  	 0.9793  	 	 3.3767 	 0.5575  	 	 0.2474 	 0.9330  	 	 0.7744 	 0.8612  	 	 5.3755 	 0.2384
[2024/04/07 06:16:46] - 60 		 228.5 	 	 93.9 	 	 0.0100 	 	  0.0247 	 0.9969 	 	 0.0832  	 0.9784  	 	 3.3426 	 0.5594  	 	 0.2384 	 0.9345  	 	 0.7294 	 0.8719  	 	 5.1156 	 0.2469
[2024/04/07 06:22:09] - 61 		 228.7 	 	 93.9 	 	 0.0100 	 	  0.0259 	 0.9971 	 	 0.0850  	 0.9775  	 	 3.3357 	 0.5560  	 	 0.2244 	 0.9377  	 	 0.6598 	 0.8684  	 	 5.1215 	 0.2142
[2024/04/07 06:27:32] - 62 		 228.8 	 	 93.8 	 	 0.0100 	 	  0.0239 	 0.9974 	 	 0.0798  	 0.9793  	 	 3.3348 	 0.5590  	 	 0.2184 	 0.9404  	 	 0.7209 	 0.8716  	 	 5.4555 	 0.2177
[2024/04/07 06:32:54] - 63 		 228.3 	 	 93.8 	 	 0.0100 	 	  0.0238 	 0.9973 	 	 0.0791  	 0.9796  	 	 3.3255 	 0.5593  	 	 0.2105 	 0.9425  	 	 0.6889 	 0.8783  	 	 5.4715 	 0.2080
[2024/04/07 06:38:16] - 64 		 228.8 	 	 94.0 	 	 0.0100 	 	  0.0245 	 0.9972 	 	 0.0826  	 0.9784  	 	 3.3260 	 0.5598  	 	 0.2081 	 0.9421  	 	 0.6605 	 0.8740  	 	 5.3089 	 0.2149
[2024/04/07 06:43:39] - 65 		 228.9 	 	 93.9 	 	 0.0100 	 	  0.0250 	 0.9971 	 	 0.0821  	 0.9788  	 	 3.3194 	 0.5559  	 	 0.2208 	 0.9386  	 	 0.6061 	 0.8752  	 	 4.4532 	 0.2519
[2024/04/07 06:49:03] - 66 		 228.8 	 	 95.4 	 	 0.0100 	 	  0.0233 	 0.9973 	 	 0.0779  	 0.9799  	 	 3.3018 	 0.5590  	 	 0.2392 	 0.9319  	 	 0.7316 	 0.8642  	 	 5.2831 	 0.2177
[2024/04/07 06:54:25] - 67 		 227.8 	 	 94.2 	 	 0.0100 	 	  0.0253 	 0.9969 	 	 0.0833  	 0.9783  	 	 3.2899 	 0.5603  	 	 0.2281 	 0.9363  	 	 0.6706 	 0.8717  	 	 5.0286 	 0.2092
[2024/04/07 06:59:48] - 68 		 227.6 	 	 94.8 	 	 0.0100 	 	  0.0227 	 0.9973 	 	 0.0746  	 0.9812  	 	 3.2779 	 0.5641  	 	 0.1988 	 0.9450  	 	 0.6636 	 0.8788  	 	 5.3942 	 0.2093
[2024/04/07 07:05:10] - 69 		 227.9 	 	 94.6 	 	 0.0100 	 	  0.0229 	 0.9974 	 	 0.0770  	 0.9804  	 	 3.3060 	 0.5587  	 	 0.2346 	 0.9360  	 	 0.7208 	 0.8691  	 	 5.2875 	 0.2340
[2024/04/07 07:10:33] - 70 		 227.6 	 	 94.9 	 	 0.0100 	 	  0.0237 	 0.9974 	 	 0.0794  	 0.9795  	 	 3.2780 	 0.5617  	 	 0.2736 	 0.9268  	 	 0.8207 	 0.8599  	 	 5.3229 	 0.2193
[2024/04/07 07:15:56] - 71 		 227.7 	 	 95.2 	 	 0.0100 	 	  0.0221 	 0.9975 	 	 0.0758  	 0.9805  	 	 3.2946 	 0.5627  	 	 0.2204 	 0.9387  	 	 0.6590 	 0.8758  	 	 4.9895 	 0.2367
[2024/04/07 07:21:18] - 72 		 228.6 	 	 93.9 	 	 0.0100 	 	  0.0214 	 0.9976 	 	 0.0716  	 0.9820  	 	 3.2814 	 0.5665  	 	 0.1969 	 0.9455  	 	 0.6392 	 0.8825  	 	 5.0821 	 0.2343
[2024/04/07 07:26:41] - 73 		 228.8 	 	 93.9 	 	 0.0100 	 	  0.0248 	 0.9971 	 	 0.0835  	 0.9781  	 	 3.2782 	 0.5604  	 	 0.2205 	 0.9401  	 	 0.6570 	 0.8783  	 	 4.9793 	 0.2318
[2024/04/07 07:32:03] - 74 		 228.3 	 	 93.8 	 	 0.0100 	 	  0.0218 	 0.9978 	 	 0.0739  	 0.9811  	 	 3.2868 	 0.5599  	 	 0.2007 	 0.9447  	 	 0.6426 	 0.8789  	 	 5.0769 	 0.2411
[2024/04/07 07:37:25] - 75 		 228.2 	 	 93.8 	 	 0.0100 	 	  0.0240 	 0.9972 	 	 0.0823  	 0.9792  	 	 3.2794 	 0.5632  	 	 0.2239 	 0.9383  	 	 0.7084 	 0.8678  	 	 5.3470 	 0.2115
[2024/04/07 07:42:47] - 76 		 228.4 	 	 93.8 	 	 0.0100 	 	  0.0235 	 0.9972 	 	 0.0778  	 0.9797  	 	 3.2683 	 0.5616  	 	 0.2653 	 0.9259  	 	 0.8105 	 0.8597  	 	 5.1972 	 0.2414
[2024/04/07 07:48:10] - 77 		 228.4 	 	 93.7 	 	 0.0100 	 	  0.0225 	 0.9976 	 	 0.0765  	 0.9805  	 	 3.2698 	 0.5629  	 	 0.2242 	 0.9392  	 	 0.7449 	 0.8758  	 	 5.4798 	 0.2340
[2024/04/07 07:53:32] - 78 		 228.2 	 	 93.9 	 	 0.0100 	 	  0.0242 	 0.9971 	 	 0.0813  	 0.9790  	 	 3.2852 	 0.5591  	 	 0.2174 	 0.9400  	 	 0.6539 	 0.8719  	 	 4.9676 	 0.2417
[2024/04/07 07:58:54] - 79 		 228.3 	 	 93.8 	 	 0.0100 	 	  0.0235 	 0.9975 	 	 0.0791  	 0.9791  	 	 3.2612 	 0.5624  	 	 0.2035 	 0.9429  	 	 0.6327 	 0.8771  	 	 5.0726 	 0.2326
[2024/04/07 08:04:16] - 80 		 228.2 	 	 93.9 	 	 0.0100 	 	  0.0232 	 0.9972 	 	 0.0776  	 0.9799  	 	 3.2621 	 0.5613  	 	 0.2159 	 0.9406  	 	 0.6425 	 0.8769  	 	 4.8927 	 0.2372
[2024/04/07 08:09:38] - 81 		 228.0 	 	 93.8 	 	 0.0100 	 	  0.0225 	 0.9974 	 	 0.0749  	 0.9805  	 	 3.2687 	 0.5621  	 	 0.2237 	 0.9380  	 	 0.7827 	 0.8670  	 	 5.8285 	 0.1928
[2024/04/07 08:15:00] - 82 		 228.2 	 	 93.8 	 	 0.0100 	 	  0.0217 	 0.9975 	 	 0.0755  	 0.9808  	 	 3.2772 	 0.5652  	 	 0.2181 	 0.9398  	 	 0.6575 	 0.8748  	 	 5.0645 	 0.2203
[2024/04/07 08:20:23] - 83 		 228.4 	 	 94.4 	 	 0.0100 	 	  0.0233 	 0.9974 	 	 0.0776  	 0.9798  	 	 3.2822 	 0.5586  	 	 0.2072 	 0.9440  	 	 0.7187 	 0.8806  	 	 5.6902 	 0.1997
[2024/04/07 08:25:45] - 84 		 227.7 	 	 94.3 	 	 0.0100 	 	  0.0229 	 0.9973 	 	 0.0754  	 0.9808  	 	 3.2319 	 0.5624  	 	 0.2302 	 0.9360  	 	 0.7783 	 0.8679  	 	 5.7186 	 0.1970
[2024/04/07 08:31:07] - 85 		 227.8 	 	 94.4 	 	 0.0100 	 	  0.0227 	 0.9973 	 	 0.0776  	 0.9803  	 	 3.2654 	 0.5604  	 	 0.2579 	 0.9294  	 	 0.7268 	 0.8626  	 	 4.9600 	 0.2331
[2024/04/07 08:36:29] - 86 		 227.7 	 	 94.3 	 	 0.0100 	 	  0.0219 	 0.9976 	 	 0.0734  	 0.9816  	 	 3.2353 	 0.5656  	 	 0.2257 	 0.9390  	 	 0.7235 	 0.8731  	 	 5.1865 	 0.2355
[2024/04/07 08:41:51] - 87 		 227.7 	 	 94.4 	 	 0.0100 	 	  0.0222 	 0.9977 	 	 0.0755  	 0.9805  	 	 3.2542 	 0.5623  	 	 0.1982 	 0.9446  	 	 0.6365 	 0.8869  	 	 5.0973 	 0.2418
[2024/04/07 08:47:13] - 88 		 228.2 	 	 93.8 	 	 0.0100 	 	  0.0209 	 0.9976 	 	 0.0709  	 0.9819  	 	 3.2476 	 0.5660  	 	 0.2226 	 0.9399  	 	 0.7426 	 0.8801  	 	 5.3468 	 0.2323
[2024/04/07 08:52:35] - 89 		 228.2 	 	 93.9 	 	 0.0100 	 	  0.0222 	 0.9975 	 	 0.0761  	 0.9805  	 	 3.2387 	 0.5619  	 	 0.2033 	 0.9416  	 	 0.6567 	 0.8784  	 	 5.2198 	 0.2172
[2024/04/07 08:57:58] - 90 		 228.6 	 	 94.0 	 	 0.0100 	 	  0.0207 	 0.9977 	 	 0.0697  	 0.9825  	 	 3.2254 	 0.5678  	 	 0.2130 	 0.9407  	 	 0.6552 	 0.8776  	 	 4.9788 	 0.2467
[2024/04/07 09:03:20] - 91 		 227.9 	 	 94.0 	 	 0.0100 	 	  0.0209 	 0.9979 	 	 0.0727  	 0.9816  	 	 3.2396 	 0.5663  	 	 0.2248 	 0.9371  	 	 0.7097 	 0.8702  	 	 5.2398 	 0.2312
[2024/04/07 09:08:42] - 92 		 228.2 	 	 93.9 	 	 0.0100 	 	  0.0219 	 0.9975 	 	 0.0726  	 0.9814  	 	 3.2600 	 0.5622  	 	 0.1990 	 0.9443  	 	 0.6338 	 0.8791  	 	 5.0077 	 0.2422
[2024/04/07 09:14:04] - 93 		 228.5 	 	 93.9 	 	 0.0100 	 	  0.0222 	 0.9974 	 	 0.0763  	 0.9811  	 	 3.2408 	 0.5660  	 	 0.2154 	 0.9398  	 	 0.7347 	 0.8750  	 	 5.5429 	 0.2148
[2024/04/07 09:19:27] - 94 		 228.9 	 	 93.7 	 	 0.0100 	 	  0.0204 	 0.9980 	 	 0.0693  	 0.9821  	 	 3.2005 	 0.5690  	 	 0.2270 	 0.9372  	 	 0.6572 	 0.8760  	 	 4.7285 	 0.2660
[2024/04/07 09:24:49] - 95 		 228.2 	 	 93.8 	 	 0.0100 	 	  0.0205 	 0.9981 	 	 0.0711  	 0.9823  	 	 3.2240 	 0.5682  	 	 0.2221 	 0.9392  	 	 0.7308 	 0.8765  	 	 5.3133 	 0.2296
[2024/04/07 09:30:11] - 96 		 228.2 	 	 93.9 	 	 0.0100 	 	  0.0217 	 0.9976 	 	 0.0742  	 0.9807  	 	 3.2100 	 0.5684  	 	 0.1977 	 0.9456  	 	 0.6011 	 0.8830  	 	 4.9147 	 0.2307
[2024/04/07 09:35:33] - 97 		 228.1 	 	 93.8 	 	 0.0100 	 	  0.0207 	 0.9977 	 	 0.0693  	 0.9824  	 	 3.1823 	 0.5705  	 	 0.2063 	 0.9424  	 	 0.6361 	 0.8815  	 	 4.8518 	 0.2613
[2024/04/07 09:40:55] - 98 		 228.3 	 	 93.9 	 	 0.0100 	 	  0.0189 	 0.9980 	 	 0.0651  	 0.9838  	 	 3.1984 	 0.5742  	 	 0.2064 	 0.9435  	 	 0.5724 	 0.8831  	 	 4.3866 	 0.2809
[2024/04/07 09:46:17] - 99 		 227.9 	 	 94.3 	 	 0.0010 	 	  0.0202 	 0.9974 	 	 0.0680  	 0.9830  	 	 3.2209 	 0.5685  	 	 0.2031 	 0.9440  	 	 0.7213 	 0.8790  	 	 5.6320 	 0.2284
[2024/04/07 09:51:41] - 100 		 227.9 	 	 94.1 	 	 0.0010 	 	  0.0098 	 0.9995 	 	 0.0251  	 0.9947  	 	 3.0631 	 0.5916  	 	 0.1730 	 0.9524  	 	 0.6136 	 0.8969  	 	 5.2669 	 0.2547
[2024/04/07 09:57:04] - 101 		 228.0 	 	 94.1 	 	 0.0010 	 	  0.0059 	 0.9998 	 	 0.0122  	 0.9979  	 	 3.0258 	 0.6041  	 	 0.1631 	 0.9542  	 	 0.6056 	 0.8983  	 	 5.3534 	 0.2545
[2024/04/07 10:02:25] - 102 		 227.8 	 	 94.0 	 	 0.0010 	 	  0.0046 	 0.9999 	 	 0.0089  	 0.9987  	 	 3.0300 	 0.6119  	 	 0.1768 	 0.9516  	 	 0.6169 	 0.8974  	 	 5.0426 	 0.2727
[2024/04/07 10:07:47] - 103 		 227.6 	 	 94.3 	 	 0.0010 	 	  0.0041 	 0.9998 	 	 0.0074  	 0.9990  	 	 3.0266 	 0.6167  	 	 0.1858 	 0.9500  	 	 0.6310 	 0.8966  	 	 5.0032 	 0.2895
[2024/04/07 10:13:09] - 104 		 228.0 	 	 93.9 	 	 0.0010 	 	  0.0036 	 1.0000 	 	 0.0060  	 0.9993  	 	 3.0401 	 0.6179  	 	 0.1750 	 0.9525  	 	 0.6261 	 0.8987  	 	 5.1214 	 0.2789
[2024/04/07 10:18:31] - 105 		 228.2 	 	 93.9 	 	 0.0010 	 	  0.0033 	 1.0000 	 	 0.0055  	 0.9993  	 	 3.0205 	 0.6222  	 	 0.1942 	 0.9487  	 	 0.6756 	 0.8922  	 	 5.2162 	 0.2710
[2024/04/07 10:23:53] - 106 		 228.0 	 	 93.8 	 	 0.0010 	 	  0.0031 	 0.9999 	 	 0.0058  	 0.9992  	 	 3.0090 	 0.6249  	 	 0.1997 	 0.9499  	 	 0.7709 	 0.8987  	 	 6.0238 	 0.2613
[2024/04/07 10:29:15] - 107 		 228.0 	 	 94.1 	 	 0.0010 	 	  0.0029 	 1.0000 	 	 0.0047  	 0.9996  	 	 3.0017 	 0.6275  	 	 0.1652 	 0.9559  	 	 0.6145 	 0.9024  	 	 5.3391 	 0.2755
[2024/04/07 10:34:37] - 108 		 228.0 	 	 93.8 	 	 0.0010 	 	  0.0029 	 0.9999 	 	 0.0049  	 0.9994  	 	 2.9965 	 0.6297  	 	 0.1916 	 0.9510  	 	 0.7039 	 0.8974  	 	 5.4507 	 0.2882
[2024/04/07 10:39:59] - 109 		 228.2 	 	 93.7 	 	 0.0010 	 	  0.0026 	 0.9999 	 	 0.0043  	 0.9996  	 	 3.0079 	 0.6306  	 	 0.1709 	 0.9551  	 	 0.6662 	 0.9011  	 	 5.6705 	 0.2552
[2024/04/07 10:45:21] - 110 		 228.2 	 	 93.9 	 	 0.0010 	 	  0.0025 	 0.9999 	 	 0.0038  	 0.9996  	 	 2.9803 	 0.6335  	 	 0.1717 	 0.9556  	 	 0.6543 	 0.9029  	 	 5.4219 	 0.2909
[2024/04/07 10:50:43] - 111 		 228.1 	 	 93.7 	 	 0.0010 	 	  0.0024 	 0.9999 	 	 0.0034  	 0.9997  	 	 2.9808 	 0.6341  	 	 0.1874 	 0.9511  	 	 0.7409 	 0.8945  	 	 5.9269 	 0.2582
[2024/04/07 10:56:04] - 112 		 228.2 	 	 93.4 	 	 0.0010 	 	  0.0023 	 1.0000 	 	 0.0030  	 0.9998  	 	 2.9921 	 0.6347  	 	 0.1575 	 0.9571  	 	 0.5759 	 0.9076  	 	 5.0843 	 0.2926
[2024/04/07 11:01:26] - 113 		 228.1 	 	 93.6 	 	 0.0010 	 	  0.0023 	 0.9999 	 	 0.0030  	 0.9998  	 	 2.9770 	 0.6380  	 	 0.2060 	 0.9465  	 	 0.7379 	 0.8920  	 	 5.3701 	 0.2941
[2024/04/07 11:06:48] - 114 		 228.0 	 	 93.8 	 	 0.0010 	 	  0.0022 	 1.0000 	 	 0.0031  	 0.9997  	 	 2.9948 	 0.6357  	 	 0.1979 	 0.9499  	 	 0.7660 	 0.8977  	 	 5.7775 	 0.2778
[2024/04/07 11:12:11] - 115 		 228.8 	 	 94.3 	 	 0.0010 	 	  0.0021 	 1.0000 	 	 0.0029  	 0.9998  	 	 2.9803 	 0.6361  	 	 0.1685 	 0.9553  	 	 0.6486 	 0.9038  	 	 5.3966 	 0.2945
[2024/04/07 11:17:33] - 116 		 228.1 	 	 94.2 	 	 0.0010 	 	  0.0021 	 1.0000 	 	 0.0030  	 0.9998  	 	 2.9705 	 0.6404  	 	 0.1866 	 0.9513  	 	 0.6547 	 0.8990  	 	 5.1124 	 0.3082
[2024/04/07 11:22:56] - 117 		 228.0 	 	 94.4 	 	 0.0010 	 	  0.0021 	 1.0000 	 	 0.0027  	 0.9998  	 	 2.9715 	 0.6399  	 	 0.1718 	 0.9548  	 	 0.6461 	 0.9026  	 	 5.3664 	 0.2870
[2024/04/07 11:28:18] - 118 		 228.1 	 	 94.4 	 	 0.0010 	 	  0.0021 	 0.9999 	 	 0.0029  	 0.9997  	 	 2.9809 	 0.6385  	 	 0.2050 	 0.9468  	 	 0.7287 	 0.8951  	 	 5.2887 	 0.3049
[2024/04/07 11:33:41] - 119 		 228.1 	 	 94.3 	 	 0.0010 	 	  0.0020 	 1.0000 	 	 0.0026  	 0.9999  	 	 2.9652 	 0.6393  	 	 0.1630 	 0.9563  	 	 0.6087 	 0.9043  	 	 5.2151 	 0.2932
[2024/04/07 11:39:03] - 120 		 228.2 	 	 94.0 	 	 0.0010 	 	  0.0019 	 1.0000 	 	 0.0028  	 0.9998  	 	 2.9660 	 0.6414  	 	 0.1660 	 0.9551  	 	 0.6116 	 0.9060  	 	 5.1835 	 0.3017
[2024/04/07 11:44:25] - 121 		 228.4 	 	 94.1 	 	 0.0010 	 	  0.0020 	 0.9999 	 	 0.0027  	 0.9998  	 	 2.9515 	 0.6420  	 	 0.2061 	 0.9477  	 	 0.7279 	 0.8952  	 	 5.3256 	 0.2981
[2024/04/07 11:49:48] - 122 		 228.3 	 	 94.1 	 	 0.0010 	 	  0.0019 	 1.0000 	 	 0.0027  	 0.9998  	 	 2.9403 	 0.6433  	 	 0.1855 	 0.9499  	 	 0.6904 	 0.8982  	 	 5.2422 	 0.3060
[2024/04/07 11:55:10] - 123 		 228.2 	 	 93.9 	 	 0.0010 	 	  0.0019 	 1.0000 	 	 0.0024  	 0.9999  	 	 2.9493 	 0.6437  	 	 0.1646 	 0.9567  	 	 0.6685 	 0.9032  	 	 5.7311 	 0.2664
[2024/04/07 12:00:32] - 124 		 228.3 	 	 94.0 	 	 0.0010 	 	  0.0019 	 1.0000 	 	 0.0027  	 0.9998  	 	 2.9203 	 0.6449  	 	 0.1882 	 0.9504  	 	 0.6739 	 0.8983  	 	 5.1788 	 0.3086
[2024/04/07 12:05:54] - 125 		 228.4 	 	 94.1 	 	 0.0010 	 	  0.0019 	 1.0000 	 	 0.0023  	 0.9999  	 	 2.9200 	 0.6470  	 	 0.1711 	 0.9538  	 	 0.6402 	 0.9043  	 	 5.2050 	 0.3054
[2024/04/07 12:11:17] - 126 		 228.3 	 	 93.8 	 	 0.0010 	 	  0.0018 	 1.0000 	 	 0.0022  	 0.9999  	 	 2.9379 	 0.6439  	 	 0.1667 	 0.9550  	 	 0.6322 	 0.9026  	 	 5.2479 	 0.2967
[2024/04/07 12:16:39] - 127 		 228.0 	 	 94.0 	 	 0.0010 	 	  0.0019 	 1.0000 	 	 0.0025  	 0.9998  	 	 2.9309 	 0.6446  	 	 0.1958 	 0.9484  	 	 0.7213 	 0.8958  	 	 5.2906 	 0.3100
[2024/04/07 12:22:01] - 128 		 228.3 	 	 94.0 	 	 0.0010 	 	  0.0018 	 1.0000 	 	 0.0025  	 0.9998  	 	 2.9327 	 0.6448  	 	 0.1999 	 0.9488  	 	 0.6944 	 0.8992  	 	 5.0739 	 0.3274
[2024/04/07 12:27:23] - 129 		 228.4 	 	 94.1 	 	 0.0010 	 	  0.0019 	 1.0000 	 	 0.0024  	 0.9998  	 	 2.9356 	 0.6443  	 	 0.1791 	 0.9541  	 	 0.6952 	 0.8997  	 	 5.5815 	 0.2901
[2024/04/07 12:32:45] - 130 		 228.1 	 	 93.9 	 	 0.0010 	 	  0.0018 	 1.0000 	 	 0.0022  	 0.9999  	 	 2.9133 	 0.6456  	 	 0.1789 	 0.9524  	 	 0.6451 	 0.9017  	 	 5.1193 	 0.3112
[2024/04/07 12:38:08] - 131 		 228.4 	 	 94.2 	 	 0.0010 	 	  0.0018 	 1.0000 	 	 0.0021  	 0.9999  	 	 2.9153 	 0.6464  	 	 0.1680 	 0.9553  	 	 0.6399 	 0.9049  	 	 5.2847 	 0.3004
[2024/04/07 12:43:31] - 132 		 228.2 	 	 94.3 	 	 0.0010 	 	  0.0018 	 1.0000 	 	 0.0022  	 0.9998  	 	 2.8986 	 0.6466  	 	 0.1828 	 0.9533  	 	 0.6833 	 0.9033  	 	 5.2231 	 0.3028
[2024/04/07 12:48:53] - 133 		 228.1 	 	 94.1 	 	 0.0010 	 	  0.0018 	 1.0000 	 	 0.0023  	 0.9998  	 	 2.9183 	 0.6447  	 	 0.1785 	 0.9531  	 	 0.6548 	 0.9022  	 	 5.1424 	 0.3142
[2024/04/07 12:54:15] - 134 		 228.0 	 	 94.1 	 	 0.0010 	 	  0.0018 	 1.0000 	 	 0.0021  	 0.9999  	 	 2.9293 	 0.6428  	 	 0.1859 	 0.9505  	 	 0.7154 	 0.8968  	 	 5.5442 	 0.2923
[2024/04/07 12:59:37] - 135 		 228.1 	 	 94.4 	 	 0.0010 	 	  0.0018 	 0.9999 	 	 0.0022  	 0.9999  	 	 2.9219 	 0.6434  	 	 0.1981 	 0.9473  	 	 0.7160 	 0.8947  	 	 5.0960 	 0.3184
[2024/04/07 13:04:59] - 136 		 228.1 	 	 93.9 	 	 0.0010 	 	  0.0018 	 1.0000 	 	 0.0022  	 0.9999  	 	 2.9191 	 0.6432  	 	 0.1637 	 0.9565  	 	 0.6273 	 0.9076  	 	 5.2555 	 0.3095
[2024/04/07 13:10:22] - 137 		 228.7 	 	 94.2 	 	 0.0010 	 	  0.0018 	 1.0000 	 	 0.0020  	 0.9999  	 	 2.8969 	 0.6460  	 	 0.1794 	 0.9526  	 	 0.6404 	 0.9012  	 	 4.9789 	 0.3211
[2024/04/07 13:15:45] - 138 		 228.4 	 	 94.1 	 	 0.0010 	 	  0.0018 	 0.9999 	 	 0.0022  	 0.9998  	 	 2.8758 	 0.6474  	 	 0.1776 	 0.9542  	 	 0.6852 	 0.9018  	 	 5.4707 	 0.2979
[2024/04/07 13:21:07] - 139 		 228.4 	 	 94.0 	 	 0.0010 	 	  0.0018 	 1.0000 	 	 0.0023  	 0.9999  	 	 2.8828 	 0.6489  	 	 0.1802 	 0.9532  	 	 0.6596 	 0.9037  	 	 5.1519 	 0.3173
[2024/04/07 13:26:30] - 140 		 228.3 	 	 94.1 	 	 0.0010 	 	  0.0018 	 1.0000 	 	 0.0023  	 0.9999  	 	 2.8707 	 0.6470  	 	 0.1814 	 0.9527  	 	 0.6859 	 0.9001  	 	 5.2588 	 0.3096
[2024/04/07 13:31:52] - 141 		 228.4 	 	 94.0 	 	 0.0010 	 	  0.0018 	 1.0000 	 	 0.0023  	 0.9999  	 	 2.8715 	 0.6488  	 	 0.1688 	 0.9554  	 	 0.6791 	 0.9036  	 	 5.6452 	 0.2923
[2024/04/07 13:37:15] - 142 		 228.5 	 	 94.0 	 	 0.0010 	 	  0.0018 	 1.0000 	 	 0.0021  	 0.9999  	 	 2.8676 	 0.6493  	 	 0.1928 	 0.9506  	 	 0.6970 	 0.9027  	 	 5.2986 	 0.3132
[2024/04/07 13:42:37] - 143 		 228.1 	 	 94.0 	 	 0.0010 	 	  0.0018 	 1.0000 	 	 0.0021  	 0.9999  	 	 2.8667 	 0.6475  	 	 0.1719 	 0.9542  	 	 0.6529 	 0.9037  	 	 5.2648 	 0.3169
[2024/04/07 13:47:59] - 144 		 228.4 	 	 94.0 	 	 0.0010 	 	  0.0018 	 1.0000 	 	 0.0020  	 0.9999  	 	 2.8764 	 0.6482  	 	 0.1896 	 0.9513  	 	 0.6765 	 0.9014  	 	 4.9201 	 0.3339
[2024/04/07 13:53:22] - 145 		 228.5 	 	 94.1 	 	 0.0010 	 	  0.0018 	 1.0000 	 	 0.0021  	 0.9999  	 	 2.8505 	 0.6499  	 	 0.1590 	 0.9576  	 	 0.6157 	 0.9075  	 	 5.1199 	 0.3215
[2024/04/07 13:58:44] - 146 		 228.3 	 	 93.8 	 	 0.0010 	 	  0.0017 	 1.0000 	 	 0.0021  	 0.9999  	 	 2.8598 	 0.6496  	 	 0.1782 	 0.9538  	 	 0.6513 	 0.9054  	 	 5.0305 	 0.3367
[2024/04/07 14:04:06] - 147 		 228.5 	 	 93.9 	 	 0.0010 	 	  0.0018 	 1.0000 	 	 0.0022  	 0.9999  	 	 2.8373 	 0.6516  	 	 0.1809 	 0.9525  	 	 0.6485 	 0.9029  	 	 5.0665 	 0.3349
[2024/04/07 14:09:29] - 148 		 228.4 	 	 94.0 	 	 0.0010 	 	  0.0018 	 1.0000 	 	 0.0023  	 0.9999  	 	 2.8569 	 0.6494  	 	 0.1798 	 0.9514  	 	 0.6559 	 0.9010  	 	 5.0568 	 0.3183
[2024/04/07 14:14:51] - 149 		 228.4 	 	 93.8 	 	 0.0001 	 	  0.0017 	 1.0000 	 	 0.0019  	 0.9999  	 	 2.8427 	 0.6491  	 	 0.1528 	 0.9589  	 	 0.6028 	 0.9086  	 	 5.2497 	 0.3092
[2024/04/07 14:20:14] - 150 		 228.3 	 	 94.2 	 	 0.0001 	 	  0.0018 	 1.0000 	 	 0.0021  	 0.9999  	 	 2.8553 	 0.6489  	 	 0.1602 	 0.9576  	 	 0.6471 	 0.9077  	 	 5.6416 	 0.2893
[2024/04/07 14:25:37] - 151 		 228.2 	 	 94.7 	 	 0.0001 	 	  0.0017 	 1.0000 	 	 0.0022  	 0.9999  	 	 2.8588 	 0.6478  	 	 0.1815 	 0.9519  	 	 0.7149 	 0.8954  	 	 5.3318 	 0.2991
[2024/04/07 14:30:59] - 152 		 228.0 	 	 94.4 	 	 0.0001 	 	  0.0017 	 1.0000 	 	 0.0020  	 0.9999  	 	 2.8478 	 0.6495  	 	 0.1717 	 0.9554  	 	 0.6254 	 0.9058  	 	 4.8992 	 0.3417
[2024/04/07 14:36:22] - 153 		 228.1 	 	 94.3 	 	 0.0001 	 	  0.0018 	 1.0000 	 	 0.0022  	 0.9999  	 	 2.8538 	 0.6482  	 	 0.2000 	 0.9488  	 	 0.7103 	 0.8979  	 	 5.0382 	 0.3347
[2024/04/07 14:41:44] - 154 		 228.1 	 	 94.5 	 	 0.0001 	 	  0.0018 	 1.0000 	 	 0.0022  	 0.9999  	 	 2.8319 	 0.6514  	 	 0.1587 	 0.9576  	 	 0.5855 	 0.9080  	 	 4.9080 	 0.3326
[2024/04/07 14:47:07] - 155 		 228.1 	 	 94.3 	 	 0.0001 	 	  0.0017 	 1.0000 	 	 0.0022  	 0.9999  	 	 2.8503 	 0.6487  	 	 0.1660 	 0.9546  	 	 0.6070 	 0.9058  	 	 4.9571 	 0.3277
[2024/04/07 14:52:29] - 156 		 228.2 	 	 94.0 	 	 0.0001 	 	  0.0018 	 0.9999 	 	 0.0022  	 0.9999  	 	 2.8500 	 0.6499  	 	 0.1644 	 0.9556  	 	 0.6473 	 0.9033  	 	 5.4224 	 0.3014
[2024/04/07 14:57:51] - 157 		 228.4 	 	 94.0 	 	 0.0001 	 	  0.0018 	 1.0000 	 	 0.0020  	 0.9999  	 	 2.8491 	 0.6480  	 	 0.1680 	 0.9560  	 	 0.6845 	 0.9052  	 	 5.6180 	 0.2977
[2024/04/07 15:03:14] - 158 		 228.7 	 	 94.0 	 	 0.0001 	 	  0.0017 	 1.0000 	 	 0.0020  	 0.9999  	 	 2.8607 	 0.6466  	 	 0.1858 	 0.9526  	 	 0.6913 	 0.9027  	 	 5.2341 	 0.3113
[2024/04/07 15:08:36] - 159 		 228.3 	 	 94.0 	 	 0.0001 	 	  0.0017 	 1.0000 	 	 0.0021  	 0.9999  	 	 2.8567 	 0.6478  	 	 0.1567 	 0.9576  	 	 0.6344 	 0.9079  	 	 5.4062 	 0.3045
[2024/04/07 15:13:59] - 160 		 228.6 	 	 94.1 	 	 0.0001 	 	  0.0017 	 1.0000 	 	 0.0020  	 0.9999  	 	 2.8378 	 0.6509  	 	 0.1778 	 0.9530  	 	 0.6796 	 0.9042  	 	 5.3820 	 0.3164
[2024/04/07 15:19:22] - 161 		 228.4 	 	 94.1 	 	 0.0001 	 	  0.0017 	 1.0000 	 	 0.0021  	 0.9999  	 	 2.8420 	 0.6500  	 	 0.1664 	 0.9557  	 	 0.6513 	 0.9056  	 	 5.2909 	 0.3180
[2024/04/07 15:24:44] - 162 		 228.2 	 	 93.9 	 	 0.0001 	 	  0.0017 	 1.0000 	 	 0.0022  	 0.9999  	 	 2.8422 	 0.6506  	 	 0.2112 	 0.9455  	 	 0.7324 	 0.8968  	 	 4.9683 	 0.3443
[2024/04/07 15:30:06] - 163 		 228.4 	 	 94.0 	 	 0.0001 	 	  0.0017 	 1.0000 	 	 0.0021  	 0.9999  	 	 2.8408 	 0.6488  	 	 0.1536 	 0.9600  	 	 0.5945 	 0.9100  	 	 5.2666 	 0.3074
[2024/04/07 15:35:28] - 164 		 228.4 	 	 94.0 	 	 0.0001 	 	  0.0018 	 1.0000 	 	 0.0021  	 0.9999  	 	 2.8439 	 0.6478  	 	 0.1777 	 0.9541  	 	 0.6947 	 0.9024  	 	 5.6232 	 0.3019
[2024/04/07 15:40:51] - 165 		 228.3 	 	 93.9 	 	 0.0001 	 	  0.0017 	 1.0000 	 	 0.0020  	 0.9999  	 	 2.8491 	 0.6486  	 	 0.1690 	 0.9559  	 	 0.6281 	 0.9063  	 	 5.0057 	 0.3282
[2024/04/07 15:46:13] - 166 		 228.4 	 	 94.0 	 	 0.0001 	 	  0.0018 	 1.0000 	 	 0.0022  	 0.9999  	 	 2.8419 	 0.6498  	 	 0.1540 	 0.9599  	 	 0.6098 	 0.9109  	 	 5.2500 	 0.3162
[2024/04/07 15:51:36] - 167 		 228.3 	 	 94.1 	 	 0.0001 	 	  0.0017 	 1.0000 	 	 0.0021  	 0.9999  	 	 2.8401 	 0.6487  	 	 0.1719 	 0.9542  	 	 0.6117 	 0.9045  	 	 4.8110 	 0.3384
[2024/04/07 15:56:58] - 168 		 228.2 	 	 94.2 	 	 0.0001 	 	  0.0017 	 1.0000 	 	 0.0021  	 0.9999  	 	 2.8479 	 0.6493  	 	 0.1661 	 0.9564  	 	 0.6320 	 0.9081  	 	 5.3005 	 0.3122
[2024/04/07 16:02:20] - 169 		 228.1 	 	 94.3 	 	 0.0001 	 	  0.0017 	 1.0000 	 	 0.0020  	 0.9999  	 	 2.8399 	 0.6498  	 	 0.1729 	 0.9551  	 	 0.6720 	 0.9032  	 	 5.3194 	 0.3090
[2024/04/07 16:07:43] - 170 		 228.2 	 	 94.2 	 	 0.0001 	 	  0.0017 	 1.0000 	 	 0.0019  	 0.9999  	 	 2.8338 	 0.6497  	 	 0.1717 	 0.9558  	 	 0.6547 	 0.9058  	 	 5.3191 	 0.3168
[2024/04/07 16:13:05] - 171 		 228.0 	 	 94.1 	 	 0.0001 	 	  0.0017 	 1.0000 	 	 0.0021  	 0.9999  	 	 2.8443 	 0.6491  	 	 0.1984 	 0.9495  	 	 0.7069 	 0.9038  	 	 5.2191 	 0.3286
[2024/04/07 16:18:27] - 172 		 227.6 	 	 94.3 	 	 0.0001 	 	  0.0017 	 1.0000 	 	 0.0024  	 0.9999  	 	 2.8249 	 0.6514  	 	 0.1778 	 0.9535  	 	 0.6641 	 0.9026  	 	 5.3099 	 0.3080
[2024/04/07 16:23:49] - 173 		 228.2 	 	 94.4 	 	 0.0001 	 	  0.0017 	 1.0000 	 	 0.0020  	 0.9999  	 	 2.8351 	 0.6496  	 	 0.1817 	 0.9516  	 	 0.6683 	 0.9016  	 	 5.0637 	 0.3295
[2024/04/07 16:29:12] - 174 		 228.2 	 	 94.1 	 	 0.0001 	 	  0.0017 	 1.0000 	 	 0.0020  	 0.9999  	 	 2.8313 	 0.6507  	 	 0.1604 	 0.9559  	 	 0.6065 	 0.9060  	 	 5.1190 	 0.3131
[2024/04/07 16:34:34] - 175 		 228.2 	 	 94.0 	 	 0.0001 	 	  0.0017 	 1.0000 	 	 0.0021  	 0.9999  	 	 2.8316 	 0.6492  	 	 0.1838 	 0.9514  	 	 0.6865 	 0.9035  	 	 5.3596 	 0.3194
[2024/04/07 16:39:56] - 176 		 228.4 	 	 94.1 	 	 0.0001 	 	  0.0017 	 1.0000 	 	 0.0019  	 0.9999  	 	 2.8325 	 0.6498  	 	 0.1705 	 0.9556  	 	 0.6453 	 0.9066  	 	 5.1983 	 0.3175
[2024/04/07 16:45:19] - 177 		 228.6 	 	 94.0 	 	 0.0001 	 	  0.0017 	 1.0000 	 	 0.0022  	 0.9999  	 	 2.8362 	 0.6503  	 	 0.1807 	 0.9534  	 	 0.6565 	 0.9046  	 	 5.0987 	 0.3318
[2024/04/07 16:50:41] - 178 		 228.4 	 	 93.9 	 	 0.0001 	 	  0.0017 	 1.0000 	 	 0.0019  	 0.9999  	 	 2.8257 	 0.6507  	 	 0.1863 	 0.9518  	 	 0.6859 	 0.8999  	 	 5.1922 	 0.3178
[2024/04/07 16:56:04] - 179 		 228.5 	 	 94.0 	 	 0.0001 	 	  0.0018 	 1.0000 	 	 0.0022  	 0.9999  	 	 2.8282 	 0.6509  	 	 0.1835 	 0.9527  	 	 0.6933 	 0.9029  	 	 5.2363 	 0.3237
[2024/04/07 17:01:26] - 180 		 228.4 	 	 94.1 	 	 0.0001 	 	  0.0017 	 1.0000 	 	 0.0021  	 0.9999  	 	 2.8381 	 0.6499  	 	 0.1708 	 0.9555  	 	 0.7404 	 0.9015  	 	 6.0875 	 0.2677
[2024/04/07 17:06:48] - 181 		 228.3 	 	 94.0 	 	 0.0001 	 	  0.0017 	 0.9999 	 	 0.0020  	 0.9999  	 	 2.8253 	 0.6523  	 	 0.1892 	 0.9517  	 	 0.6924 	 0.9020  	 	 5.1523 	 0.3292
[2024/04/07 17:12:11] - 182 		 228.4 	 	 94.0 	 	 0.0001 	 	  0.0017 	 1.0000 	 	 0.0020  	 0.9999  	 	 2.8400 	 0.6496  	 	 0.1654 	 0.9562  	 	 0.6403 	 0.9048  	 	 5.2956 	 0.3159
[2024/04/07 17:17:33] - 183 		 228.3 	 	 94.0 	 	 0.0001 	 	  0.0017 	 1.0000 	 	 0.0019  	 1.0000  	 	 2.8327 	 0.6504  	 	 0.1814 	 0.9528  	 	 0.7028 	 0.9007  	 	 5.3543 	 0.3167
[2024/04/07 17:22:55] - 184 		 228.2 	 	 93.8 	 	 0.0001 	 	  0.0017 	 1.0000 	 	 0.0019  	 0.9999  	 	 2.8419 	 0.6495  	 	 0.1724 	 0.9539  	 	 0.6434 	 0.9036  	 	 5.0715 	 0.3209
[2024/04/07 17:28:18] - 185 		 228.6 	 	 94.4 	 	 0.0001 	 	  0.0017 	 1.0000 	 	 0.0019  	 0.9999  	 	 2.8275 	 0.6516  	 	 0.1573 	 0.9582  	 	 0.5963 	 0.9095  	 	 5.1327 	 0.3135
[2024/04/07 17:33:41] - 186 		 228.2 	 	 94.2 	 	 0.0001 	 	  0.0018 	 1.0000 	 	 0.0019  	 0.9999  	 	 2.8266 	 0.6503  	 	 0.1542 	 0.9594  	 	 0.6072 	 0.9085  	 	 5.3703 	 0.2941
[2024/04/07 17:39:03] - 187 		 228.0 	 	 94.1 	 	 0.0001 	 	  0.0017 	 1.0000 	 	 0.0018  	 1.0000  	 	 2.8395 	 0.6495  	 	 0.1790 	 0.9537  	 	 0.6630 	 0.9049  	 	 5.1687 	 0.3268
[2024/04/07 17:44:25] - 188 		 228.2 	 	 94.3 	 	 0.0001 	 	  0.0018 	 1.0000 	 	 0.0020  	 0.9999  	 	 2.8405 	 0.6483  	 	 0.1769 	 0.9533  	 	 0.6492 	 0.9030  	 	 5.0464 	 0.3265
[2024/04/07 17:49:48] - 189 		 228.1 	 	 94.3 	 	 0.0001 	 	  0.0017 	 1.0000 	 	 0.0020  	 1.0000  	 	 2.8366 	 0.6502  	 	 0.1699 	 0.9565  	 	 0.6639 	 0.9082  	 	 5.4820 	 0.3092
[2024/04/07 17:55:10] - 190 		 228.0 	 	 94.3 	 	 0.0001 	 	  0.0017 	 1.0000 	 	 0.0019  	 0.9999  	 	 2.8409 	 0.6496  	 	 0.1681 	 0.9570  	 	 0.6686 	 0.9071  	 	 5.4381 	 0.3084
[2024/04/07 18:00:32] - 191 		 228.0 	 	 94.4 	 	 0.0001 	 	  0.0017 	 1.0000 	 	 0.0020  	 1.0000  	 	 2.8447 	 0.6476  	 	 0.1655 	 0.9559  	 	 0.6136 	 0.9060  	 	 5.0195 	 0.3226
[2024/04/07 18:05:55] - 192 		 228.4 	 	 94.1 	 	 0.0001 	 	  0.0017 	 1.0000 	 	 0.0021  	 0.9999  	 	 2.8306 	 0.6512  	 	 0.1928 	 0.9506  	 	 0.6937 	 0.9003  	 	 5.1561 	 0.3285
[2024/04/07 18:11:17] - 193 		 228.5 	 	 93.9 	 	 0.0001 	 	  0.0017 	 1.0000 	 	 0.0019  	 0.9999  	 	 2.8452 	 0.6491  	 	 0.1604 	 0.9584  	 	 0.6438 	 0.9073  	 	 5.4088 	 0.3031
[2024/04/07 18:16:39] - 194 		 228.4 	 	 93.9 	 	 0.0001 	 	  0.0017 	 1.0000 	 	 0.0021  	 0.9999  	 	 2.8286 	 0.6502  	 	 0.1645 	 0.9557  	 	 0.6411 	 0.9055  	 	 5.3264 	 0.3116
[2024/04/07 18:22:02] - 195 		 228.5 	 	 94.0 	 	 0.0001 	 	  0.0017 	 1.0000 	 	 0.0021  	 0.9999  	 	 2.8318 	 0.6505  	 	 0.1698 	 0.9545  	 	 0.6541 	 0.9025  	 	 5.3205 	 0.3034
[2024/04/07 18:27:24] - 196 		 228.3 	 	 93.8 	 	 0.0001 	 	  0.0017 	 0.9999 	 	 0.0019  	 0.9999  	 	 2.8258 	 0.6513  	 	 0.1711 	 0.9548  	 	 0.6238 	 0.9075  	 	 4.9258 	 0.3420
[2024/04/07 18:32:46] - 197 		 228.2 	 	 94.1 	 	 0.0001 	 	  0.0017 	 1.0000 	 	 0.0020  	 0.9999  	 	 2.8326 	 0.6505  	 	 0.1683 	 0.9562  	 	 0.6444 	 0.9077  	 	 5.2314 	 0.3161
[2024/04/07 18:38:09] - 198 		 228.3 	 	 94.0 	 	 0.0001 	 	  0.0017 	 1.0000 	 	 0.0020  	 0.9999  	 	 2.8269 	 0.6511  	 	 0.1827 	 0.9526  	 	 0.7033 	 0.9001  	 	 5.2709 	 0.3184
[2024/04/07 18:43:31] - 199 		 228.4 	 	 94.0 	 	 0.0001 	 	  0.0018 	 1.0000 	 	 0.0021  	 0.9999  	 	 2.8309 	 0.6512  	 	 0.1724 	 0.9552  	 	 0.6719 	 0.9043  	 	 5.3187 	 0.3172
[2024/04/07 18:48:54] - 200 		 228.2 	 	 93.9 	 	 0.0001 	 	  0.0017 	 1.0000 	 	 0.0019  	 0.9999  	 	 2.8400 	 0.6489  	 	 0.1633 	 0.9572  	 	 0.5949 	 0.9088  	 	 4.8829 	 0.3334
