[2024/05/13 20:32:16] - Namespace(att_method='norm_steep', attack_iters=10, batch_size=128, beta=1.0, chkpt_iters=50, dataset='svhn', epochs=201, epsilon=0.03137254901960784, eq_vol=1, eval_method='sign', lr_chechpoint1=100, lr_chechpoint2=150, lr_max=0.01, lr_schedule='piecewise', manual_step=0, model='PreRes18_standard', momentum=0.9, norm='l_inf', pgd_alpha=1.0, random_init=1, resume=0, seed=2, train_mode='adv_train', weight_decay=0.0005, width_factor=10)
[2024/05/13 20:32:21] - Epoch 	 Train Time 	 Test Time 	 LR 	 	 Train Loss 	 Train Acc 	 Train Adv Loss 	 Train Adv Acc 	 Train Surrogate Loss 	 Train Surrogate Acc 	 Test Loss 	 Test Acc 	 Test Adv Loss 	 Test Adv Acc 	 Test Surrogate Loss 	 Test Surrogate Acc 
[2024/05/13 20:37:54] - 0 		 239.0 	 	 93.5 	 	 0.0100  		 0.7966 	 0.7366 	 	 0.8172  	 0.7289  	 	 5.1572 	 0.1819  	 	 0.3538 	 0.8909  	 	 0.3717 	 0.8849  	 	 7.6079 	 0.0986
[2024/05/13 20:43:19] - 1 		 232.4 	 	 92.8 	 	 0.0100  		 0.2945 	 0.9101 	 	 0.3143  	 0.9028  	 	 6.1472 	 0.2868  	 	 0.2306 	 0.9332  	 	 0.2437 	 0.9294  	 	 8.1036 	 0.1004
[2024/05/13 20:48:44] - 2 		 232.2 	 	 92.9 	 	 0.0100  		 0.2399 	 0.9297 	 	 0.2584  	 0.9231  	 	 6.1834 	 0.3131  	 	 0.2176 	 0.9367  	 	 0.2298 	 0.9331  	 	 8.1758 	 0.0964
[2024/05/13 20:54:10] - 3 		 232.3 	 	 93.4 	 	 0.0100  		 0.2113 	 0.9385 	 	 0.2288  	 0.9318  	 	 6.3203 	 0.3218  	 	 0.2002 	 0.9442  	 	 0.2115 	 0.9409  	 	 8.3778 	 0.1018
[2024/05/13 20:59:35] - 4 		 232.4 	 	 92.7 	 	 0.0100  		 0.1868 	 0.9456 	 	 0.2026  	 0.9408  	 	 6.5069 	 0.3222  	 	 0.1903 	 0.9479  	 	 0.2020 	 0.9443  	 	 9.4584 	 0.0841
[2024/05/13 21:05:01] - 5 		 232.3 	 	 93.3 	 	 0.0100  		 0.1703 	 0.9507 	 	 0.1855  	 0.9457  	 	 6.6584 	 0.3276  	 	 0.1810 	 0.9500  	 	 0.1908 	 0.9474  	 	 8.8011 	 0.0910
[2024/05/13 21:10:26] - 6 		 232.3 	 	 93.0 	 	 0.0100  		 0.1581 	 0.9543 	 	 0.1732  	 0.9489  	 	 6.7110 	 0.3348  	 	 0.1684 	 0.9528  	 	 0.1786 	 0.9496  	 	 8.2698 	 0.1000
[2024/05/13 21:15:52] - 7 		 232.4 	 	 93.7 	 	 0.0100  		 0.1436 	 0.9584 	 	 0.1577  	 0.9535  	 	 7.0097 	 0.3276  	 	 0.1925 	 0.9472  	 	 0.2034 	 0.9426  	 	 9.0877 	 0.0962
[2024/05/13 21:21:18] - 8 		 232.4 	 	 93.4 	 	 0.0100  		 0.1358 	 0.9616 	 	 0.1499  	 0.9562  	 	 6.9790 	 0.3366  	 	 0.1912 	 0.9480  	 	 0.2013 	 0.9452  	 	 9.4293 	 0.1091
[2024/05/13 21:26:44] - 9 		 232.5 	 	 93.3 	 	 0.0100  		 0.1247 	 0.9633 	 	 0.1387  	 0.9585  	 	 7.1455 	 0.3398  	 	 0.1989 	 0.9457  	 	 0.2102 	 0.9426  	 	 9.9400 	 0.0910
[2024/05/13 21:32:10] - 10 		 232.5 	 	 93.2 	 	 0.0100  		 0.1143 	 0.9669 	 	 0.1276  	 0.9618  	 	 7.2886 	 0.3378  	 	 0.2446 	 0.9347  	 	 0.2612 	 0.9284  	 	 12.3259 	 0.0798
[2024/05/13 21:37:36] - 11 		 232.9 	 	 93.0 	 	 0.0100  		 0.1086 	 0.9677 	 	 0.1219  	 0.9630  	 	 7.3288 	 0.3462  	 	 0.2287 	 0.9386  	 	 0.2424 	 0.9353  	 	 10.9782 	 0.0751
[2024/05/13 21:43:02] - 12 		 232.9 	 	 93.0 	 	 0.0100  		 0.1019 	 0.9700 	 	 0.1149  	 0.9656  	 	 7.4837 	 0.3436  	 	 0.2218 	 0.9398  	 	 0.2337 	 0.9366  	 	 10.4261 	 0.0865
[2024/05/13 21:48:28] - 13 		 233.0 	 	 93.1 	 	 0.0100  		 0.0947 	 0.9721 	 	 0.1075  	 0.9675  	 	 7.6321 	 0.3437  	 	 0.1771 	 0.9526  	 	 0.1858 	 0.9502  	 	 10.4816 	 0.0888
[2024/05/13 21:53:54] - 14 		 232.9 	 	 93.3 	 	 0.0100  		 0.0859 	 0.9747 	 	 0.0984  	 0.9698  	 	 7.7366 	 0.3483  	 	 0.1917 	 0.9525  	 	 0.2032 	 0.9494  	 	 12.0112 	 0.0808
[2024/05/13 21:59:20] - 15 		 232.4 	 	 93.8 	 	 0.0100  		 0.0830 	 0.9753 	 	 0.0954  	 0.9706  	 	 7.6261 	 0.3608  	 	 0.2091 	 0.9439  	 	 0.2234 	 0.9404  	 	 12.7808 	 0.0725
[2024/05/13 22:04:48] - 16 		 232.6 	 	 95.3 	 	 0.0100  		 0.0780 	 0.9767 	 	 0.0900  	 0.9725  	 	 7.7543 	 0.3591  	 	 0.2037 	 0.9483  	 	 0.2144 	 0.9454  	 	 11.5256 	 0.0997
[2024/05/13 22:10:15] - 17 		 232.6 	 	 93.8 	 	 0.0100  		 0.0718 	 0.9788 	 	 0.0842  	 0.9742  	 	 7.8890 	 0.3550  	 	 0.1951 	 0.9514  	 	 0.2070 	 0.9477  	 	 12.2635 	 0.0878
[2024/05/13 22:15:41] - 18 		 232.8 	 	 93.6 	 	 0.0100  		 0.0695 	 0.9793 	 	 0.0811  	 0.9751  	 	 7.8719 	 0.3536  	 	 0.1791 	 0.9531  	 	 0.1901 	 0.9499  	 	 10.9589 	 0.0832
[2024/05/13 22:21:07] - 19 		 232.8 	 	 92.9 	 	 0.0100  		 0.0671 	 0.9797 	 	 0.0792  	 0.9754  	 	 7.8578 	 0.3597  	 	 0.1861 	 0.9529  	 	 0.1988 	 0.9489  	 	 12.4800 	 0.0844
[2024/05/13 22:26:33] - 20 		 232.4 	 	 93.3 	 	 0.0100  		 0.0618 	 0.9813 	 	 0.0733  	 0.9769  	 	 7.8465 	 0.3619  	 	 0.1970 	 0.9513  	 	 0.2093 	 0.9484  	 	 12.4951 	 0.0736
[2024/05/13 22:31:59] - 21 		 232.8 	 	 93.6 	 	 0.0100  		 0.0576 	 0.9830 	 	 0.0688  	 0.9785  	 	 7.8981 	 0.3637  	 	 0.1823 	 0.9525  	 	 0.1937 	 0.9500  	 	 12.0159 	 0.0836
[2024/05/13 22:37:25] - 22 		 232.8 	 	 92.8 	 	 0.0100  		 0.0554 	 0.9830 	 	 0.0659  	 0.9790  	 	 7.9606 	 0.3647  	 	 0.2062 	 0.9489  	 	 0.2204 	 0.9447  	 	 13.2198 	 0.0574
[2024/05/13 22:42:51] - 23 		 232.7 	 	 93.2 	 	 0.0100  		 0.0565 	 0.9828 	 	 0.0671  	 0.9790  	 	 7.9423 	 0.3604  	 	 0.2056 	 0.9491  	 	 0.2196 	 0.9447  	 	 11.9919 	 0.0745
[2024/05/13 22:48:17] - 24 		 232.9 	 	 93.4 	 	 0.0100  		 0.0511 	 0.9846 	 	 0.0611  	 0.9806  	 	 7.8779 	 0.3658  	 	 0.2264 	 0.9448  	 	 0.2394 	 0.9411  	 	 12.7074 	 0.0616
[2024/05/13 22:53:43] - 25 		 233.1 	 	 93.3 	 	 0.0100  		 0.0460 	 0.9859 	 	 0.0564  	 0.9818  	 	 7.9454 	 0.3665  	 	 0.2582 	 0.9393  	 	 0.2742 	 0.9357  	 	 13.9974 	 0.0675
[2024/05/13 22:59:09] - 26 		 233.1 	 	 93.1 	 	 0.0100  		 0.0464 	 0.9856 	 	 0.0564  	 0.9821  	 	 8.0015 	 0.3621  	 	 0.2163 	 0.9465  	 	 0.2288 	 0.9434  	 	 12.2178 	 0.0921
[2024/05/13 23:04:36] - 27 		 232.8 	 	 93.5 	 	 0.0100  		 0.0445 	 0.9861 	 	 0.0545  	 0.9826  	 	 7.8257 	 0.3718  	 	 0.2575 	 0.9396  	 	 0.2741 	 0.9351  	 	 13.7150 	 0.0699
[2024/05/13 23:10:03] - 28 		 233.6 	 	 93.1 	 	 0.0100  		 0.0449 	 0.9860 	 	 0.0549  	 0.9827  	 	 7.7501 	 0.3807  	 	 0.2053 	 0.9504  	 	 0.2159 	 0.9474  	 	 11.7047 	 0.0884
[2024/05/13 23:15:32] - 29 		 232.5 	 	 97.3 	 	 0.0100  		 0.0380 	 0.9883 	 	 0.0466  	 0.9849  	 	 7.7815 	 0.3772  	 	 0.2089 	 0.9508  	 	 0.2222 	 0.9480  	 	 12.4806 	 0.0867
[2024/05/13 23:21:01] - 30 		 233.0 	 	 95.4 	 	 0.0100  		 0.0371 	 0.9882 	 	 0.0461  	 0.9851  	 	 7.8192 	 0.3769  	 	 0.2459 	 0.9435  	 	 0.2593 	 0.9400  	 	 12.5371 	 0.0826
[2024/05/13 23:26:32] - 31 		 233.3 	 	 97.7 	 	 0.0100  		 0.0394 	 0.9880 	 	 0.0484  	 0.9846  	 	 7.7438 	 0.3783  	 	 0.2127 	 0.9473  	 	 0.2262 	 0.9438  	 	 12.5515 	 0.0674
[2024/05/13 23:32:03] - 32 		 233.3 	 	 97.5 	 	 0.0100  		 0.0362 	 0.9890 	 	 0.0450  	 0.9857  	 	 7.7495 	 0.3757  	 	 0.2116 	 0.9479  	 	 0.2243 	 0.9445  	 	 11.7867 	 0.0911
[2024/05/13 23:37:32] - 33 		 233.7 	 	 95.3 	 	 0.0100  		 0.0357 	 0.9892 	 	 0.0447  	 0.9858  	 	 7.7406 	 0.3753  	 	 0.2539 	 0.9387  	 	 0.2679 	 0.9354  	 	 12.8297 	 0.0741
[2024/05/13 23:42:59] - 34 		 232.6 	 	 94.8 	 	 0.0100  		 0.0355 	 0.9888 	 	 0.0445  	 0.9855  	 	 7.7426 	 0.3738  	 	 0.2150 	 0.9504  	 	 0.2301 	 0.9469  	 	 12.8740 	 0.0872
[2024/05/13 23:48:29] - 35 		 233.0 	 	 96.4 	 	 0.0100  		 0.0335 	 0.9898 	 	 0.0414  	 0.9867  	 	 7.5132 	 0.3933  	 	 0.2105 	 0.9493  	 	 0.2247 	 0.9459  	 	 12.1043 	 0.0771
[2024/05/13 23:53:58] - 36 		 232.6 	 	 96.8 	 	 0.0100  		 0.0356 	 0.9889 	 	 0.0438  	 0.9861  	 	 7.5627 	 0.3818  	 	 0.2246 	 0.9486  	 	 0.2385 	 0.9445  	 	 13.1253 	 0.0715
[2024/05/13 23:59:23] - 37 		 232.6 	 	 92.8 	 	 0.0100  		 0.0322 	 0.9903 	 	 0.0401  	 0.9877  	 	 7.4153 	 0.3899  	 	 0.2050 	 0.9498  	 	 0.2154 	 0.9466  	 	 11.4966 	 0.0756
[2024/05/14 00:04:49] - 38 		 232.5 	 	 92.9 	 	 0.0100  		 0.0325 	 0.9901 	 	 0.0416  	 0.9865  	 	 7.4692 	 0.3837  	 	 0.2031 	 0.9510  	 	 0.2163 	 0.9481  	 	 11.5261 	 0.1058
[2024/05/14 00:10:14] - 39 		 232.7 	 	 93.0 	 	 0.0100  		 0.0327 	 0.9902 	 	 0.0403  	 0.9872  	 	 7.4184 	 0.3874  	 	 0.2343 	 0.9457  	 	 0.2458 	 0.9426  	 	 11.3239 	 0.0878
[2024/05/14 00:15:40] - 40 		 232.6 	 	 93.0 	 	 0.0100  		 0.0264 	 0.9918 	 	 0.0333  	 0.9895  	 	 7.3481 	 0.3937  	 	 0.2147 	 0.9496  	 	 0.2268 	 0.9470  	 	 11.5857 	 0.0789
[2024/05/14 00:21:06] - 41 		 232.5 	 	 93.2 	 	 0.0100  		 0.0320 	 0.9907 	 	 0.0400  	 0.9876  	 	 7.4648 	 0.3765  	 	 0.2252 	 0.9470  	 	 0.2391 	 0.9437  	 	 11.6338 	 0.0580
[2024/05/14 00:26:32] - 42 		 232.5 	 	 93.3 	 	 0.0100  		 0.0323 	 0.9900 	 	 0.0409  	 0.9866  	 	 7.2652 	 0.3906  	 	 0.2069 	 0.9505  	 	 0.2183 	 0.9479  	 	 11.4765 	 0.0867
[2024/05/14 00:31:57] - 43 		 232.2 	 	 93.3 	 	 0.0100  		 0.0290 	 0.9912 	 	 0.0363  	 0.9887  	 	 7.2683 	 0.3878  	 	 0.2115 	 0.9496  	 	 0.2247 	 0.9469  	 	 10.7851 	 0.1006
[2024/05/14 00:37:26] - 44 		 232.5 	 	 95.8 	 	 0.0100  		 0.0324 	 0.9903 	 	 0.0403  	 0.9875  	 	 7.1813 	 0.3942  	 	 0.2055 	 0.9520  	 	 0.2169 	 0.9502  	 	 11.4203 	 0.0992
[2024/05/14 00:42:52] - 45 		 233.4 	 	 93.4 	 	 0.0100  		 0.0327 	 0.9903 	 	 0.0416  	 0.9872  	 	 7.2938 	 0.3811  	 	 0.1980 	 0.9514  	 	 0.2113 	 0.9481  	 	 11.0209 	 0.0915
[2024/05/14 00:48:18] - 46 		 232.4 	 	 93.1 	 	 0.0100  		 0.0257 	 0.9928 	 	 0.0330  	 0.9900  	 	 7.0639 	 0.3992  	 	 0.2441 	 0.9438  	 	 0.2582 	 0.9398  	 	 11.4762 	 0.0950
[2024/05/14 00:53:44] - 47 		 232.6 	 	 93.1 	 	 0.0100  		 0.0292 	 0.9913 	 	 0.0370  	 0.9886  	 	 7.0828 	 0.3946  	 	 0.2238 	 0.9463  	 	 0.2385 	 0.9430  	 	 11.3735 	 0.0893
[2024/05/14 00:59:09] - 48 		 232.9 	 	 92.8 	 	 0.0100  		 0.0284 	 0.9913 	 	 0.0356  	 0.9887  	 	 7.0874 	 0.3933  	 	 0.2310 	 0.9451  	 	 0.2445 	 0.9413  	 	 10.9434 	 0.0822
[2024/05/14 01:04:35] - 49 		 232.6 	 	 93.0 	 	 0.0100  		 0.0284 	 0.9916 	 	 0.0366  	 0.9886  	 	 7.0375 	 0.3937  	 	 0.2008 	 0.9505  	 	 0.2127 	 0.9479  	 	 10.8838 	 0.0787
[2024/05/14 01:10:01] - 50 		 232.6 	 	 93.3 	 	 0.0100  		 0.0270 	 0.9920 	 	 0.0343  	 0.9894  	 	 6.9593 	 0.3997  	 	 0.2089 	 0.9509  	 	 0.2217 	 0.9476  	 	 11.2360 	 0.0946
[2024/05/14 01:15:27] - 51 		 233.1 	 	 93.3 	 	 0.0100  		 0.0264 	 0.9919 	 	 0.0335  	 0.9897  	 	 6.9050 	 0.4067  	 	 0.2313 	 0.9461  	 	 0.2470 	 0.9418  	 	 11.2305 	 0.0685
[2024/05/14 01:20:53] - 52 		 232.5 	 	 92.8 	 	 0.0100  		 0.0273 	 0.9919 	 	 0.0346  	 0.9892  	 	 6.8817 	 0.4070  	 	 0.2582 	 0.9425  	 	 0.2785 	 0.9375  	 	 12.1906 	 0.0940
[2024/05/14 01:26:18] - 53 		 232.6 	 	 93.1 	 	 0.0100  		 0.0275 	 0.9919 	 	 0.0351  	 0.9893  	 	 6.8992 	 0.4008  	 	 0.2191 	 0.9488  	 	 0.2319 	 0.9456  	 	 10.8076 	 0.1115
[2024/05/14 01:31:44] - 54 		 232.7 	 	 93.0 	 	 0.0100  		 0.0283 	 0.9916 	 	 0.0359  	 0.9891  	 	 6.8885 	 0.3981  	 	 0.2269 	 0.9459  	 	 0.2387 	 0.9416  	 	 10.7750 	 0.0975
[2024/05/14 01:37:09] - 55 		 232.5 	 	 92.8 	 	 0.0100  		 0.0286 	 0.9914 	 	 0.0363  	 0.9887  	 	 6.7643 	 0.4044  	 	 0.2240 	 0.9487  	 	 0.2351 	 0.9456  	 	 10.8766 	 0.0867
[2024/05/14 01:42:35] - 56 		 232.6 	 	 92.9 	 	 0.0100  		 0.0290 	 0.9913 	 	 0.0370  	 0.9884  	 	 6.7804 	 0.4031  	 	 0.2272 	 0.9466  	 	 0.2414 	 0.9428  	 	 10.7638 	 0.0870
[2024/05/14 01:48:01] - 57 		 232.5 	 	 93.2 	 	 0.0100  		 0.0249 	 0.9928 	 	 0.0321  	 0.9903  	 	 6.7055 	 0.4114  	 	 0.2226 	 0.9460  	 	 0.2369 	 0.9432  	 	 11.0444 	 0.0882
[2024/05/14 01:53:26] - 58 		 232.4 	 	 93.3 	 	 0.0100  		 0.0291 	 0.9915 	 	 0.0373  	 0.9882  	 	 6.7845 	 0.3998  	 	 0.2478 	 0.9407  	 	 0.2614 	 0.9387  	 	 10.6991 	 0.0809
[2024/05/14 01:58:52] - 59 		 232.4 	 	 93.3 	 	 0.0100  		 0.0268 	 0.9923 	 	 0.0338  	 0.9895  	 	 6.6612 	 0.4127  	 	 0.2104 	 0.9501  	 	 0.2217 	 0.9474  	 	 9.7360 	 0.1227
[2024/05/14 02:04:18] - 60 		 232.4 	 	 93.3 	 	 0.0100  		 0.0272 	 0.9919 	 	 0.0346  	 0.9893  	 	 6.6722 	 0.4085  	 	 0.2220 	 0.9467  	 	 0.2345 	 0.9435  	 	 10.2257 	 0.0917
[2024/05/14 02:09:43] - 61 		 232.2 	 	 93.2 	 	 0.0100  		 0.0256 	 0.9924 	 	 0.0324  	 0.9897  	 	 6.6189 	 0.4089  	 	 0.2283 	 0.9465  	 	 0.2426 	 0.9433  	 	 11.2806 	 0.0784
[2024/05/14 02:15:09] - 62 		 232.6 	 	 93.1 	 	 0.0100  		 0.0282 	 0.9917 	 	 0.0356  	 0.9891  	 	 6.6819 	 0.3990  	 	 0.2153 	 0.9504  	 	 0.2297 	 0.9468  	 	 11.2603 	 0.0898
[2024/05/14 02:20:35] - 63 		 232.6 	 	 93.1 	 	 0.0100  		 0.0255 	 0.9924 	 	 0.0324  	 0.9899  	 	 6.5985 	 0.4082  	 	 0.2174 	 0.9471  	 	 0.2291 	 0.9445  	 	 10.3654 	 0.0885
[2024/05/14 02:26:00] - 64 		 232.5 	 	 93.0 	 	 0.0100  		 0.0255 	 0.9923 	 	 0.0328  	 0.9892  	 	 6.6805 	 0.4041  	 	 0.2117 	 0.9499  	 	 0.2255 	 0.9462  	 	 10.8505 	 0.0926
[2024/05/14 02:31:26] - 65 		 232.6 	 	 92.8 	 	 0.0100  		 0.0288 	 0.9910 	 	 0.0360  	 0.9887  	 	 6.5916 	 0.4038  	 	 0.1978 	 0.9516  	 	 0.2107 	 0.9488  	 	 10.2152 	 0.1203
[2024/05/14 02:36:51] - 66 		 232.6 	 	 92.9 	 	 0.0100  		 0.0294 	 0.9910 	 	 0.0369  	 0.9883  	 	 6.6163 	 0.3975  	 	 0.2121 	 0.9478  	 	 0.2235 	 0.9450  	 	 10.3108 	 0.1068
[2024/05/14 02:42:17] - 67 		 232.7 	 	 93.0 	 	 0.0100  		 0.0266 	 0.9922 	 	 0.0339  	 0.9898  	 	 6.5768 	 0.4037  	 	 0.2285 	 0.9443  	 	 0.2440 	 0.9408  	 	 11.2051 	 0.0837
[2024/05/14 02:47:42] - 68 		 232.5 	 	 93.1 	 	 0.0100  		 0.0277 	 0.9918 	 	 0.0354  	 0.9891  	 	 6.6062 	 0.3955  	 	 0.3043 	 0.9323  	 	 0.3206 	 0.9298  	 	 11.2919 	 0.0835
[2024/05/14 02:53:08] - 69 		 232.4 	 	 93.0 	 	 0.0100  		 0.0261 	 0.9923 	 	 0.0330  	 0.9896  	 	 6.4558 	 0.4129  	 	 0.2254 	 0.9438  	 	 0.2403 	 0.9407  	 	 10.5833 	 0.0794
[2024/05/14 02:58:33] - 70 		 232.5 	 	 92.8 	 	 0.0100  		 0.0260 	 0.9920 	 	 0.0339  	 0.9891  	 	 6.4923 	 0.4066  	 	 0.2065 	 0.9489  	 	 0.2213 	 0.9451  	 	 11.3229 	 0.0754
[2024/05/14 03:03:59] - 71 		 232.5 	 	 93.1 	 	 0.0100  		 0.0258 	 0.9928 	 	 0.0330  	 0.9898  	 	 6.4653 	 0.4100  	 	 0.2455 	 0.9436  	 	 0.2616 	 0.9388  	 	 11.8054 	 0.0962
[2024/05/14 03:09:25] - 72 		 232.9 	 	 92.9 	 	 0.0100  		 0.0260 	 0.9919 	 	 0.0331  	 0.9894  	 	 6.4990 	 0.4060  	 	 0.2285 	 0.9462  	 	 0.2437 	 0.9437  	 	 10.6116 	 0.0691
[2024/05/14 03:14:50] - 73 		 232.4 	 	 93.1 	 	 0.0100  		 0.0276 	 0.9921 	 	 0.0349  	 0.9892  	 	 6.4480 	 0.4027  	 	 0.2020 	 0.9523  	 	 0.2155 	 0.9493  	 	 10.4576 	 0.1011
[2024/05/14 03:20:16] - 74 		 232.4 	 	 93.0 	 	 0.0100  		 0.0260 	 0.9924 	 	 0.0330  	 0.9894  	 	 6.4168 	 0.4108  	 	 0.2448 	 0.9423  	 	 0.2578 	 0.9400  	 	 10.3452 	 0.0948
[2024/05/14 03:25:41] - 75 		 232.4 	 	 93.4 	 	 0.0100  		 0.0277 	 0.9919 	 	 0.0353  	 0.9892  	 	 6.4769 	 0.3991  	 	 0.2012 	 0.9524  	 	 0.2142 	 0.9483  	 	 10.6686 	 0.0854
[2024/05/14 03:31:07] - 76 		 232.3 	 	 93.3 	 	 0.0100  		 0.0262 	 0.9921 	 	 0.0341  	 0.9893  	 	 6.4468 	 0.4017  	 	 0.2009 	 0.9520  	 	 0.2139 	 0.9496  	 	 10.0981 	 0.1062
[2024/05/14 03:36:33] - 77 		 232.5 	 	 92.9 	 	 0.0100  		 0.0259 	 0.9924 	 	 0.0337  	 0.9896  	 	 6.3749 	 0.4094  	 	 0.2100 	 0.9476  	 	 0.2217 	 0.9440  	 	 10.4525 	 0.0966
[2024/05/14 03:41:58] - 78 		 232.7 	 	 92.7 	 	 0.0100  		 0.0280 	 0.9916 	 	 0.0355  	 0.9888  	 	 6.4127 	 0.4069  	 	 0.2289 	 0.9451  	 	 0.2433 	 0.9420  	 	 11.0180 	 0.1049
[2024/05/14 03:47:24] - 79 		 232.6 	 	 92.6 	 	 0.0100  		 0.0261 	 0.9923 	 	 0.0332  	 0.9897  	 	 6.3894 	 0.4067  	 	 0.2337 	 0.9441  	 	 0.2459 	 0.9414  	 	 10.1917 	 0.1083
[2024/05/14 03:52:49] - 80 		 232.6 	 	 92.7 	 	 0.0100  		 0.0248 	 0.9927 	 	 0.0314  	 0.9903  	 	 6.4043 	 0.4081  	 	 0.2278 	 0.9447  	 	 0.2439 	 0.9407  	 	 11.0815 	 0.0885
[2024/05/14 03:58:14] - 81 		 232.5 	 	 92.3 	 	 0.0100  		 0.0250 	 0.9925 	 	 0.0324  	 0.9897  	 	 6.4666 	 0.4017  	 	 0.2054 	 0.9520  	 	 0.2177 	 0.9483  	 	 9.7331 	 0.1225
[2024/05/14 04:03:39] - 82 		 232.4 	 	 92.7 	 	 0.0100  		 0.0257 	 0.9922 	 	 0.0325  	 0.9897  	 	 6.3594 	 0.4115  	 	 0.2245 	 0.9459  	 	 0.2378 	 0.9421  	 	 9.7306 	 0.0995
[2024/05/14 04:09:04] - 83 		 232.4 	 	 92.7 	 	 0.0100  		 0.0266 	 0.9919 	 	 0.0340  	 0.9893  	 	 6.5089 	 0.3932  	 	 0.2322 	 0.9444  	 	 0.2448 	 0.9414  	 	 10.5478 	 0.0898
[2024/05/14 04:14:29] - 84 		 232.5 	 	 92.7 	 	 0.0100  		 0.0306 	 0.9906 	 	 0.0389  	 0.9876  	 	 6.4949 	 0.3909  	 	 0.2263 	 0.9445  	 	 0.2393 	 0.9416  	 	 8.9057 	 0.1162
[2024/05/14 04:19:55] - 85 		 232.8 	 	 92.8 	 	 0.0100  		 0.0258 	 0.9925 	 	 0.0330  	 0.9898  	 	 6.3562 	 0.4012  	 	 0.2381 	 0.9425  	 	 0.2543 	 0.9392  	 	 11.4582 	 0.0634
[2024/05/14 04:25:21] - 86 		 233.1 	 	 92.8 	 	 0.0100  		 0.0233 	 0.9935 	 	 0.0296  	 0.9911  	 	 6.3601 	 0.4051  	 	 0.2057 	 0.9504  	 	 0.2194 	 0.9468  	 	 10.4381 	 0.0906
[2024/05/14 04:30:46] - 87 		 232.6 	 	 92.8 	 	 0.0100  		 0.0231 	 0.9932 	 	 0.0301  	 0.9906  	 	 6.3194 	 0.4094  	 	 0.2311 	 0.9471  	 	 0.2448 	 0.9441  	 	 10.4159 	 0.1009
[2024/05/14 04:36:12] - 88 		 232.8 	 	 93.0 	 	 0.0100  		 0.0228 	 0.9933 	 	 0.0294  	 0.9909  	 	 6.2376 	 0.4197  	 	 0.2316 	 0.9496  	 	 0.2462 	 0.9465  	 	 11.0736 	 0.1060
[2024/05/14 04:41:37] - 89 		 232.3 	 	 93.0 	 	 0.0100  		 0.0285 	 0.9917 	 	 0.0361  	 0.9886  	 	 6.3829 	 0.3984  	 	 0.2204 	 0.9465  	 	 0.2344 	 0.9430  	 	 10.1639 	 0.1036
[2024/05/14 04:47:03] - 90 		 232.4 	 	 93.4 	 	 0.0100  		 0.0240 	 0.9929 	 	 0.0312  	 0.9903  	 	 6.3242 	 0.4102  	 	 0.2494 	 0.9432  	 	 0.2643 	 0.9395  	 	 10.9902 	 0.0922
[2024/05/14 04:52:29] - 91 		 232.2 	 	 93.2 	 	 0.0100  		 0.0269 	 0.9920 	 	 0.0343  	 0.9895  	 	 6.4462 	 0.3934  	 	 0.2380 	 0.9448  	 	 0.2515 	 0.9425  	 	 10.2785 	 0.1222
[2024/05/14 04:57:54] - 92 		 232.6 	 	 92.8 	 	 0.0100  		 0.0253 	 0.9927 	 	 0.0325  	 0.9900  	 	 6.3843 	 0.3989  	 	 0.2316 	 0.9466  	 	 0.2425 	 0.9438  	 	 9.5499 	 0.1477
[2024/05/14 05:03:19] - 93 		 232.5 	 	 92.7 	 	 0.0100  		 0.0219 	 0.9937 	 	 0.0279  	 0.9916  	 	 6.2818 	 0.4165  	 	 0.2581 	 0.9426  	 	 0.2716 	 0.9388  	 	 10.2010 	 0.1019
[2024/05/14 05:08:45] - 94 		 232.5 	 	 92.7 	 	 0.0100  		 0.0235 	 0.9930 	 	 0.0301  	 0.9904  	 	 6.3790 	 0.4049  	 	 0.2458 	 0.9434  	 	 0.2592 	 0.9397  	 	 10.9329 	 0.0990
[2024/05/14 05:14:10] - 95 		 232.5 	 	 92.8 	 	 0.0100  		 0.0239 	 0.9932 	 	 0.0308  	 0.9905  	 	 6.3579 	 0.4086  	 	 0.2352 	 0.9431  	 	 0.2503 	 0.9406  	 	 10.7647 	 0.1003
[2024/05/14 05:19:35] - 96 		 232.5 	 	 92.6 	 	 0.0100  		 0.0234 	 0.9929 	 	 0.0299  	 0.9905  	 	 6.2822 	 0.4144  	 	 0.2351 	 0.9437  	 	 0.2479 	 0.9406  	 	 10.2870 	 0.1101
[2024/05/14 05:25:00] - 97 		 232.5 	 	 92.6 	 	 0.0100  		 0.0264 	 0.9920 	 	 0.0327  	 0.9902  	 	 6.3629 	 0.4021  	 	 0.2201 	 0.9470  	 	 0.2336 	 0.9430  	 	 10.9905 	 0.0869
[2024/05/14 05:30:25] - 98 		 232.5 	 	 92.6 	 	 0.0100  		 0.0251 	 0.9925 	 	 0.0319  	 0.9902  	 	 6.3760 	 0.4013  	 	 0.2522 	 0.9410  	 	 0.2652 	 0.9374  	 	 10.2167 	 0.0948
[2024/05/14 05:35:50] - 99 		 232.5 	 	 92.7 	 	 0.0010  		 0.0257 	 0.9922 	 	 0.0329  	 0.9898  	 	 6.3718 	 0.4038  	 	 0.2511 	 0.9442  	 	 0.2659 	 0.9398  	 	 11.3839 	 0.0974
[2024/05/14 05:41:15] - 100 		 232.2 	 	 92.3 	 	 0.0010  		 0.0116 	 0.9972 	 	 0.0154  	 0.9958  	 	 6.1503 	 0.4250  	 	 0.1871 	 0.9570  	 	 0.1981 	 0.9540  	 	 10.1871 	 0.1281
[2024/05/14 05:46:40] - 101 		 232.3 	 	 92.8 	 	 0.0010  		 0.0056 	 0.9991 	 	 0.0075  	 0.9986  	 	 5.9852 	 0.4502  	 	 0.1707 	 0.9599  	 	 0.1816 	 0.9574  	 	 9.6574 	 0.1330
[2024/05/14 05:52:06] - 102 		 232.5 	 	 92.7 	 	 0.0010  		 0.0043 	 0.9992 	 	 0.0060  	 0.9988  	 	 5.8240 	 0.4685  	 	 0.1935 	 0.9572  	 	 0.2078 	 0.9535  	 	 10.5842 	 0.1077
[2024/05/14 05:57:31] - 103 		 232.5 	 	 92.8 	 	 0.0010  		 0.0034 	 0.9995 	 	 0.0050  	 0.9990  	 	 5.7793 	 0.4749  	 	 0.1775 	 0.9603  	 	 0.1893 	 0.9572  	 	 9.9514 	 0.1444
[2024/05/14 06:02:56] - 104 		 232.2 	 	 93.1 	 	 0.0010  		 0.0030 	 0.9997 	 	 0.0042  	 0.9994  	 	 5.7389 	 0.4789  	 	 0.1859 	 0.9582  	 	 0.1970 	 0.9555  	 	 9.3952 	 0.1616
[2024/05/14 06:08:21] - 105 		 232.3 	 	 92.7 	 	 0.0010  		 0.0027 	 0.9998 	 	 0.0039  	 0.9995  	 	 5.6715 	 0.4853  	 	 0.1810 	 0.9599  	 	 0.1911 	 0.9571  	 	 9.0014 	 0.1857
[2024/05/14 06:13:46] - 106 		 232.2 	 	 92.7 	 	 0.0010  		 0.0025 	 0.9998 	 	 0.0034  	 0.9995  	 	 5.6148 	 0.4917  	 	 0.1700 	 0.9619  	 	 0.1813 	 0.9591  	 	 9.3625 	 0.1640
[2024/05/14 06:19:12] - 107 		 232.2 	 	 93.3 	 	 0.0010  		 0.0022 	 0.9998 	 	 0.0031  	 0.9996  	 	 5.5698 	 0.4976  	 	 0.1707 	 0.9612  	 	 0.1809 	 0.9587  	 	 9.6438 	 0.1598
[2024/05/14 06:24:37] - 108 		 232.4 	 	 92.7 	 	 0.0010  		 0.0021 	 0.9998 	 	 0.0029  	 0.9997  	 	 5.5126 	 0.5014  	 	 0.1734 	 0.9611  	 	 0.1833 	 0.9586  	 	 9.0686 	 0.1899
[2024/05/14 06:30:02] - 109 		 232.7 	 	 92.7 	 	 0.0010  		 0.0021 	 0.9998 	 	 0.0029  	 0.9997  	 	 5.4969 	 0.5029  	 	 0.1831 	 0.9591  	 	 0.1938 	 0.9568  	 	 9.6939 	 0.1568
[2024/05/14 06:35:27] - 110 		 232.5 	 	 92.7 	 	 0.0010  		 0.0021 	 0.9998 	 	 0.0029  	 0.9996  	 	 5.5072 	 0.5008  	 	 0.1774 	 0.9602  	 	 0.1884 	 0.9581  	 	 9.2990 	 0.1565
[2024/05/14 06:40:53] - 111 		 232.6 	 	 92.7 	 	 0.0010  		 0.0019 	 0.9998 	 	 0.0027  	 0.9997  	 	 5.4992 	 0.5016  	 	 0.1659 	 0.9618  	 	 0.1756 	 0.9601  	 	 8.8857 	 0.1570
[2024/05/14 06:46:18] - 112 		 232.4 	 	 92.5 	 	 0.0010  		 0.0018 	 0.9999 	 	 0.0024  	 0.9998  	 	 5.4678 	 0.5038  	 	 0.1921 	 0.9566  	 	 0.2028 	 0.9534  	 	 9.0750 	 0.1500
[2024/05/14 06:51:43] - 113 		 232.4 	 	 92.7 	 	 0.0010  		 0.0018 	 0.9999 	 	 0.0026  	 0.9997  	 	 5.4357 	 0.5063  	 	 0.1735 	 0.9616  	 	 0.1831 	 0.9585  	 	 9.0713 	 0.1688
[2024/05/14 06:57:08] - 114 		 232.5 	 	 92.6 	 	 0.0010  		 0.0018 	 0.9999 	 	 0.0025  	 0.9998  	 	 5.4135 	 0.5072  	 	 0.1911 	 0.9589  	 	 0.2027 	 0.9563  	 	 9.0724 	 0.1746
[2024/05/14 07:02:33] - 115 		 232.4 	 	 92.5 	 	 0.0010  		 0.0017 	 1.0000 	 	 0.0023  	 0.9998  	 	 5.3932 	 0.5085  	 	 0.1910 	 0.9587  	 	 0.2036 	 0.9559  	 	 9.6594 	 0.1585
[2024/05/14 07:07:58] - 116 		 232.3 	 	 92.7 	 	 0.0010  		 0.0016 	 0.9999 	 	 0.0022  	 0.9998  	 	 5.3562 	 0.5111  	 	 0.1749 	 0.9609  	 	 0.1851 	 0.9584  	 	 9.8055 	 0.1745
[2024/05/14 07:13:23] - 117 		 232.7 	 	 92.4 	 	 0.0010  		 0.0016 	 0.9999 	 	 0.0022  	 0.9998  	 	 5.3350 	 0.5115  	 	 0.1742 	 0.9622  	 	 0.1848 	 0.9597  	 	 8.8725 	 0.2108
[2024/05/14 07:18:48] - 118 		 232.5 	 	 92.7 	 	 0.0010  		 0.0016 	 0.9999 	 	 0.0021  	 0.9998  	 	 5.3536 	 0.5092  	 	 0.1695 	 0.9623  	 	 0.1801 	 0.9597  	 	 9.4799 	 0.1681
[2024/05/14 07:24:15] - 119 		 232.9 	 	 94.0 	 	 0.0010  		 0.0015 	 1.0000 	 	 0.0019  	 0.9999  	 	 5.3127 	 0.5124  	 	 0.1720 	 0.9622  	 	 0.1835 	 0.9597  	 	 9.3643 	 0.1820
[2024/05/14 07:29:43] - 120 		 233.1 	 	 94.4 	 	 0.0010  		 0.0015 	 0.9999 	 	 0.0019  	 0.9998  	 	 5.2988 	 0.5136  	 	 0.1673 	 0.9628  	 	 0.1772 	 0.9601  	 	 8.7036 	 0.2029
[2024/05/14 07:35:10] - 121 		 233.0 	 	 94.0 	 	 0.0010  		 0.0015 	 0.9999 	 	 0.0020  	 0.9999  	 	 5.2864 	 0.5131  	 	 0.1893 	 0.9588  	 	 0.2009 	 0.9564  	 	 9.9935 	 0.1557
[2024/05/14 07:40:37] - 122 		 232.8 	 	 94.1 	 	 0.0010  		 0.0015 	 0.9999 	 	 0.0019  	 0.9999  	 	 5.2609 	 0.5128  	 	 0.1722 	 0.9610  	 	 0.1812 	 0.9586  	 	 8.1584 	 0.2271
[2024/05/14 07:46:04] - 123 		 233.0 	 	 94.1 	 	 0.0010  		 0.0015 	 0.9999 	 	 0.0019  	 0.9999  	 	 5.2327 	 0.5151  	 	 0.1625 	 0.9628  	 	 0.1739 	 0.9589  	 	 8.4598 	 0.1951
[2024/05/14 07:51:31] - 124 		 233.1 	 	 94.2 	 	 0.0010  		 0.0014 	 1.0000 	 	 0.0019  	 0.9999  	 	 5.2031 	 0.5167  	 	 0.1718 	 0.9599  	 	 0.1833 	 0.9578  	 	 8.6044 	 0.1975
[2024/05/14 07:56:58] - 125 		 232.8 	 	 94.3 	 	 0.0010  		 0.0015 	 0.9999 	 	 0.0019  	 0.9998  	 	 5.1948 	 0.5164  	 	 0.1803 	 0.9594  	 	 0.1910 	 0.9576  	 	 8.6924 	 0.1847
[2024/05/14 08:02:25] - 126 		 232.9 	 	 94.1 	 	 0.0010  		 0.0015 	 0.9999 	 	 0.0019  	 0.9999  	 	 5.1838 	 0.5172  	 	 0.1919 	 0.9581  	 	 0.2037 	 0.9556  	 	 9.9401 	 0.1738
[2024/05/14 08:07:52] - 127 		 232.9 	 	 94.1 	 	 0.0010  		 0.0014 	 1.0000 	 	 0.0018  	 0.9999  	 	 5.1694 	 0.5170  	 	 0.1698 	 0.9615  	 	 0.1778 	 0.9595  	 	 8.4943 	 0.2264
[2024/05/14 08:13:19] - 128 		 232.7 	 	 94.5 	 	 0.0010  		 0.0014 	 0.9999 	 	 0.0018  	 0.9999  	 	 5.1362 	 0.5186  	 	 0.1951 	 0.9567  	 	 0.2046 	 0.9546  	 	 8.1716 	 0.1916
[2024/05/14 08:18:46] - 129 		 232.7 	 	 94.2 	 	 0.0010  		 0.0015 	 0.9999 	 	 0.0019  	 0.9999  	 	 5.1208 	 0.5203  	 	 0.1800 	 0.9604  	 	 0.1921 	 0.9579  	 	 9.2198 	 0.1795
[2024/05/14 08:24:14] - 130 		 233.1 	 	 94.2 	 	 0.0010  		 0.0014 	 1.0000 	 	 0.0017  	 0.9999  	 	 5.1058 	 0.5204  	 	 0.1797 	 0.9608  	 	 0.1899 	 0.9582  	 	 8.0799 	 0.2283
[2024/05/14 08:29:40] - 131 		 232.8 	 	 93.8 	 	 0.0010  		 0.0014 	 0.9999 	 	 0.0018  	 0.9999  	 	 5.1103 	 0.5176  	 	 0.1903 	 0.9586  	 	 0.2000 	 0.9568  	 	 8.6376 	 0.2030
[2024/05/14 08:35:07] - 132 		 232.9 	 	 93.9 	 	 0.0010  		 0.0014 	 1.0000 	 	 0.0018  	 0.9999  	 	 5.0798 	 0.5198  	 	 0.1749 	 0.9618  	 	 0.1850 	 0.9597  	 	 8.1464 	 0.2167
[2024/05/14 08:40:34] - 133 		 232.9 	 	 93.8 	 	 0.0010  		 0.0014 	 0.9999 	 	 0.0018  	 0.9998  	 	 5.0730 	 0.5199  	 	 0.1676 	 0.9622  	 	 0.1777 	 0.9599  	 	 8.1390 	 0.2278
[2024/05/14 08:46:01] - 134 		 232.8 	 	 94.2 	 	 0.0010  		 0.0014 	 0.9999 	 	 0.0017  	 0.9999  	 	 5.0490 	 0.5198  	 	 0.1762 	 0.9610  	 	 0.1848 	 0.9593  	 	 8.2178 	 0.2347
[2024/05/14 08:51:28] - 135 		 233.0 	 	 94.2 	 	 0.0010  		 0.0014 	 1.0000 	 	 0.0018  	 0.9999  	 	 5.0141 	 0.5239  	 	 0.1852 	 0.9602  	 	 0.1957 	 0.9576  	 	 8.6021 	 0.2192
[2024/05/14 08:56:55] - 136 		 233.0 	 	 94.4 	 	 0.0010  		 0.0013 	 1.0000 	 	 0.0016  	 1.0000  	 	 5.0028 	 0.5236  	 	 0.1564 	 0.9642  	 	 0.1651 	 0.9624  	 	 7.8307 	 0.2398
[2024/05/14 09:02:22] - 137 		 232.7 	 	 94.2 	 	 0.0010  		 0.0013 	 1.0000 	 	 0.0016  	 0.9999  	 	 4.9802 	 0.5246  	 	 0.1724 	 0.9614  	 	 0.1825 	 0.9592  	 	 8.1486 	 0.2273
[2024/05/14 09:07:50] - 138 		 232.8 	 	 94.3 	 	 0.0010  		 0.0014 	 0.9999 	 	 0.0017  	 0.9999  	 	 4.9732 	 0.5234  	 	 0.1984 	 0.9575  	 	 0.2111 	 0.9549  	 	 9.7056 	 0.1797
[2024/05/14 09:13:16] - 139 		 232.7 	 	 94.2 	 	 0.0010  		 0.0014 	 1.0000 	 	 0.0016  	 0.9999  	 	 4.9584 	 0.5233  	 	 0.1760 	 0.9613  	 	 0.1847 	 0.9584  	 	 9.0207 	 0.2020
[2024/05/14 09:18:44] - 140 		 232.9 	 	 94.2 	 	 0.0010  		 0.0014 	 0.9999 	 	 0.0018  	 0.9999  	 	 4.9565 	 0.5215  	 	 0.1886 	 0.9592  	 	 0.1981 	 0.9572  	 	 8.1633 	 0.2439
[2024/05/14 09:24:11] - 141 		 232.7 	 	 94.2 	 	 0.0010  		 0.0014 	 1.0000 	 	 0.0017  	 1.0000  	 	 4.9371 	 0.5238  	 	 0.1626 	 0.9621  	 	 0.1717 	 0.9604  	 	 8.0646 	 0.2310
[2024/05/14 09:29:38] - 142 		 232.7 	 	 94.5 	 	 0.0010  		 0.0014 	 0.9999 	 	 0.0017  	 0.9999  	 	 4.9319 	 0.5228  	 	 0.1996 	 0.9570  	 	 0.2110 	 0.9537  	 	 8.5831 	 0.1880
[2024/05/14 09:35:05] - 143 		 232.7 	 	 94.4 	 	 0.0010  		 0.0014 	 1.0000 	 	 0.0017  	 1.0000  	 	 4.9222 	 0.5226  	 	 0.1816 	 0.9605  	 	 0.1911 	 0.9585  	 	 7.9724 	 0.2444
[2024/05/14 09:40:32] - 144 		 233.1 	 	 94.3 	 	 0.0010  		 0.0014 	 0.9999 	 	 0.0017  	 0.9999  	 	 4.8797 	 0.5253  	 	 0.1690 	 0.9620  	 	 0.1811 	 0.9596  	 	 8.8742 	 0.1855
[2024/05/14 09:46:00] - 145 		 233.0 	 	 94.1 	 	 0.0010  		 0.0014 	 1.0000 	 	 0.0017  	 1.0000  	 	 4.8709 	 0.5270  	 	 0.1639 	 0.9632  	 	 0.1744 	 0.9597  	 	 8.0115 	 0.2296
[2024/05/14 09:51:27] - 146 		 233.0 	 	 94.3 	 	 0.0010  		 0.0014 	 1.0000 	 	 0.0018  	 0.9999  	 	 4.8307 	 0.5284  	 	 0.1791 	 0.9602  	 	 0.1884 	 0.9586  	 	 7.7349 	 0.2269
[2024/05/14 09:56:54] - 147 		 233.0 	 	 93.9 	 	 0.0010  		 0.0014 	 1.0000 	 	 0.0017  	 0.9999  	 	 4.8207 	 0.5304  	 	 0.1622 	 0.9633  	 	 0.1707 	 0.9614  	 	 7.6520 	 0.2441
[2024/05/14 10:02:21] - 148 		 233.0 	 	 94.0 	 	 0.0010  		 0.0014 	 1.0000 	 	 0.0017  	 0.9999  	 	 4.8283 	 0.5273  	 	 0.1667 	 0.9630  	 	 0.1758 	 0.9609  	 	 7.7107 	 0.2409
[2024/05/14 10:07:48] - 149 		 233.2 	 	 94.1 	 	 0.0001  		 0.0014 	 1.0000 	 	 0.0017  	 0.9999  	 	 4.8339 	 0.5268  	 	 0.1655 	 0.9620  	 	 0.1759 	 0.9593  	 	 7.2481 	 0.2459
[2024/05/14 10:13:15] - 150 		 233.0 	 	 94.2 	 	 0.0001  		 0.0014 	 1.0000 	 	 0.0017  	 1.0000  	 	 4.8247 	 0.5263  	 	 0.1692 	 0.9614  	 	 0.1790 	 0.9594  	 	 7.8186 	 0.2385
[2024/05/14 10:18:43] - 151 		 233.1 	 	 94.2 	 	 0.0001  		 0.0014 	 0.9999 	 	 0.0017  	 0.9999  	 	 4.8236 	 0.5261  	 	 0.1562 	 0.9643  	 	 0.1685 	 0.9612  	 	 7.8981 	 0.2073
[2024/05/14 10:24:10] - 152 		 232.9 	 	 94.3 	 	 0.0001  		 0.0014 	 1.0000 	 	 0.0017  	 0.9999  	 	 4.8184 	 0.5270  	 	 0.1691 	 0.9615  	 	 0.1792 	 0.9588  	 	 7.6024 	 0.2394
[2024/05/14 10:29:37] - 153 		 233.0 	 	 94.2 	 	 0.0001  		 0.0014 	 1.0000 	 	 0.0017  	 1.0000  	 	 4.8257 	 0.5257  	 	 0.1652 	 0.9621  	 	 0.1753 	 0.9597  	 	 7.7937 	 0.2303
[2024/05/14 10:35:05] - 154 		 232.9 	 	 94.3 	 	 0.0001  		 0.0014 	 1.0000 	 	 0.0016  	 1.0000  	 	 4.8294 	 0.5231  	 	 0.1677 	 0.9622  	 	 0.1772 	 0.9598  	 	 7.4992 	 0.2326
[2024/05/14 10:40:31] - 155 		 232.7 	 	 94.1 	 	 0.0001  		 0.0014 	 1.0000 	 	 0.0016  	 1.0000  	 	 4.8327 	 0.5233  	 	 0.1721 	 0.9609  	 	 0.1808 	 0.9587  	 	 7.5742 	 0.2640
[2024/05/14 10:45:59] - 156 		 232.9 	 	 94.7 	 	 0.0001  		 0.0014 	 1.0000 	 	 0.0017  	 1.0000  	 	 4.8357 	 0.5246  	 	 0.1946 	 0.9579  	 	 0.2045 	 0.9561  	 	 7.9094 	 0.2357
[2024/05/14 10:51:26] - 157 		 232.7 	 	 94.5 	 	 0.0001  		 0.0014 	 1.0000 	 	 0.0017  	 1.0000  	 	 4.8285 	 0.5254  	 	 0.1749 	 0.9607  	 	 0.1849 	 0.9580  	 	 7.7890 	 0.2342
[2024/05/14 10:56:53] - 158 		 232.9 	 	 94.2 	 	 0.0001  		 0.0014 	 1.0000 	 	 0.0017  	 0.9999  	 	 4.8143 	 0.5257  	 	 0.1602 	 0.9630  	 	 0.1695 	 0.9603  	 	 7.9291 	 0.2270
[2024/05/14 11:02:20] - 159 		 233.1 	 	 93.7 	 	 0.0001  		 0.0014 	 1.0000 	 	 0.0017  	 0.9999  	 	 4.8387 	 0.5230  	 	 0.1724 	 0.9619  	 	 0.1827 	 0.9592  	 	 8.4121 	 0.2059
[2024/05/14 11:07:48] - 160 		 233.0 	 	 94.3 	 	 0.0001  		 0.0014 	 1.0000 	 	 0.0017  	 0.9999  	 	 4.8069 	 0.5269  	 	 0.1614 	 0.9619  	 	 0.1710 	 0.9601  	 	 7.2839 	 0.2602
[2024/05/14 11:13:15] - 161 		 233.0 	 	 94.1 	 	 0.0001  		 0.0014 	 1.0000 	 	 0.0017  	 1.0000  	 	 4.8104 	 0.5265  	 	 0.1801 	 0.9605  	 	 0.1891 	 0.9585  	 	 7.8971 	 0.2575
[2024/05/14 11:18:42] - 162 		 233.0 	 	 93.9 	 	 0.0001  		 0.0014 	 1.0000 	 	 0.0017  	 1.0000  	 	 4.8166 	 0.5263  	 	 0.1661 	 0.9620  	 	 0.1761 	 0.9601  	 	 8.0922 	 0.2217
[2024/05/14 11:24:09] - 163 		 232.9 	 	 94.3 	 	 0.0001  		 0.0014 	 0.9999 	 	 0.0017  	 0.9999  	 	 4.8151 	 0.5253  	 	 0.1649 	 0.9615  	 	 0.1735 	 0.9595  	 	 7.2354 	 0.2698
[2024/05/14 11:29:36] - 164 		 233.0 	 	 94.3 	 	 0.0001  		 0.0014 	 1.0000 	 	 0.0017  	 0.9999  	 	 4.8333 	 0.5233  	 	 0.1662 	 0.9625  	 	 0.1766 	 0.9600  	 	 7.7387 	 0.2447
[2024/05/14 11:35:04] - 165 		 233.0 	 	 94.3 	 	 0.0001  		 0.0014 	 1.0000 	 	 0.0017  	 1.0000  	 	 4.8260 	 0.5240  	 	 0.1721 	 0.9615  	 	 0.1821 	 0.9594  	 	 7.9710 	 0.2346
[2024/05/14 11:40:31] - 166 		 233.0 	 	 94.2 	 	 0.0001  		 0.0014 	 1.0000 	 	 0.0016  	 1.0000  	 	 4.8205 	 0.5236  	 	 0.1750 	 0.9599  	 	 0.1838 	 0.9583  	 	 7.2858 	 0.2585
[2024/05/14 11:45:58] - 167 		 232.7 	 	 94.5 	 	 0.0001  		 0.0014 	 0.9999 	 	 0.0017  	 1.0000  	 	 4.8210 	 0.5240  	 	 0.1845 	 0.9597  	 	 0.1938 	 0.9577  	 	 8.4023 	 0.2123
[2024/05/14 11:51:26] - 168 		 232.8 	 	 94.6 	 	 0.0001  		 0.0014 	 1.0000 	 	 0.0017  	 1.0000  	 	 4.7991 	 0.5272  	 	 0.1762 	 0.9609  	 	 0.1867 	 0.9582  	 	 8.1105 	 0.2394
[2024/05/14 11:56:54] - 169 		 233.4 	 	 94.4 	 	 0.0001  		 0.0014 	 1.0000 	 	 0.0017  	 1.0000  	 	 4.8130 	 0.5241  	 	 0.1751 	 0.9601  	 	 0.1843 	 0.9575  	 	 7.2915 	 0.2379
[2024/05/14 12:02:21] - 170 		 232.8 	 	 94.1 	 	 0.0001  		 0.0014 	 1.0000 	 	 0.0017  	 0.9999  	 	 4.8105 	 0.5262  	 	 0.1606 	 0.9631  	 	 0.1696 	 0.9612  	 	 7.4841 	 0.2368
[2024/05/14 12:07:48] - 171 		 232.8 	 	 94.2 	 	 0.0001  		 0.0014 	 1.0000 	 	 0.0017  	 1.0000  	 	 4.8029 	 0.5252  	 	 0.1718 	 0.9606  	 	 0.1812 	 0.9584  	 	 7.7366 	 0.2181
[2024/05/14 12:13:15] - 172 		 232.9 	 	 94.4 	 	 0.0001  		 0.0014 	 1.0000 	 	 0.0017  	 0.9999  	 	 4.8234 	 0.5240  	 	 0.1706 	 0.9610  	 	 0.1804 	 0.9586  	 	 8.0785 	 0.2241
[2024/05/14 12:18:42] - 173 		 232.7 	 	 93.8 	 	 0.0001  		 0.0014 	 1.0000 	 	 0.0017  	 0.9999  	 	 4.8190 	 0.5221  	 	 0.1920 	 0.9585  	 	 0.2022 	 0.9564  	 	 7.8087 	 0.2411
[2024/05/14 12:24:09] - 174 		 233.1 	 	 94.0 	 	 0.0001  		 0.0014 	 1.0000 	 	 0.0016  	 1.0000  	 	 4.8191 	 0.5242  	 	 0.1590 	 0.9635  	 	 0.1687 	 0.9619  	 	 7.3794 	 0.2619
[2024/05/14 12:29:36] - 175 		 233.1 	 	 94.4 	 	 0.0001  		 0.0014 	 1.0000 	 	 0.0017  	 1.0000  	 	 4.8093 	 0.5263  	 	 0.1743 	 0.9604  	 	 0.1830 	 0.9591  	 	 7.0487 	 0.2825
[2024/05/14 12:35:04] - 176 		 233.2 	 	 94.3 	 	 0.0001  		 0.0014 	 1.0000 	 	 0.0016  	 1.0000  	 	 4.7891 	 0.5270  	 	 0.1641 	 0.9628  	 	 0.1734 	 0.9609  	 	 7.7697 	 0.2380
[2024/05/14 12:40:31] - 177 		 233.5 	 	 94.0 	 	 0.0001  		 0.0014 	 1.0000 	 	 0.0017  	 0.9999  	 	 4.7871 	 0.5270  	 	 0.1951 	 0.9568  	 	 0.2041 	 0.9552  	 	 7.9312 	 0.2391
[2024/05/14 12:45:59] - 178 		 233.4 	 	 94.4 	 	 0.0001  		 0.0014 	 1.0000 	 	 0.0016  	 1.0000  	 	 4.7901 	 0.5255  	 	 0.1721 	 0.9618  	 	 0.1817 	 0.9595  	 	 7.3413 	 0.2556
[2024/05/14 12:51:27] - 179 		 233.3 	 	 94.3 	 	 0.0001  		 0.0014 	 1.0000 	 	 0.0017  	 1.0000  	 	 4.7932 	 0.5244  	 	 0.1671 	 0.9624  	 	 0.1779 	 0.9600  	 	 8.1541 	 0.2282
[2024/05/14 12:56:55] - 180 		 233.5 	 	 94.7 	 	 0.0001  		 0.0014 	 1.0000 	 	 0.0017  	 1.0000  	 	 4.7978 	 0.5236  	 	 0.1652 	 0.9628  	 	 0.1754 	 0.9606  	 	 8.1548 	 0.2105
[2024/05/14 13:02:24] - 181 		 235.0 	 	 94.4 	 	 0.0001  		 0.0014 	 1.0000 	 	 0.0017  	 0.9999  	 	 4.8144 	 0.5219  	 	 0.1694 	 0.9622  	 	 0.1797 	 0.9599  	 	 7.7781 	 0.2481
[2024/05/14 13:07:53] - 182 		 233.4 	 	 94.8 	 	 0.0001  		 0.0014 	 1.0000 	 	 0.0016  	 1.0000  	 	 4.7967 	 0.5246  	 	 0.1726 	 0.9619  	 	 0.1830 	 0.9599  	 	 8.7040 	 0.2156
[2024/05/14 13:13:20] - 183 		 233.3 	 	 94.4 	 	 0.0001  		 0.0014 	 1.0000 	 	 0.0017  	 0.9999  	 	 4.8162 	 0.5233  	 	 0.1837 	 0.9593  	 	 0.1937 	 0.9572  	 	 7.6051 	 0.2525
[2024/05/14 13:18:48] - 184 		 233.1 	 	 94.3 	 	 0.0001  		 0.0014 	 1.0000 	 	 0.0016  	 1.0000  	 	 4.7871 	 0.5257  	 	 0.1568 	 0.9633  	 	 0.1667 	 0.9615  	 	 7.5071 	 0.2430
[2024/05/14 13:24:18] - 185 		 233.2 	 	 96.5 	 	 0.0001  		 0.0014 	 1.0000 	 	 0.0017  	 1.0000  	 	 4.7868 	 0.5248  	 	 0.1633 	 0.9619  	 	 0.1720 	 0.9602  	 	 7.1989 	 0.2437
[2024/05/14 13:29:46] - 186 		 233.1 	 	 95.1 	 	 0.0001  		 0.0014 	 1.0000 	 	 0.0017  	 0.9999  	 	 4.7970 	 0.5253  	 	 0.1645 	 0.9624  	 	 0.1725 	 0.9606  	 	 7.7624 	 0.2422
[2024/05/14 13:35:14] - 187 		 234.1 	 	 94.4 	 	 0.0001  		 0.0014 	 0.9999 	 	 0.0018  	 0.9999  	 	 4.7812 	 0.5266  	 	 0.1668 	 0.9624  	 	 0.1753 	 0.9605  	 	 7.5183 	 0.2388
[2024/05/14 13:40:42] - 188 		 233.5 	 	 94.5 	 	 0.0001  		 0.0014 	 1.0000 	 	 0.0017  	 1.0000  	 	 4.7933 	 0.5254  	 	 0.1702 	 0.9615  	 	 0.1813 	 0.9584  	 	 7.4834 	 0.2549
[2024/05/14 13:46:10] - 189 		 233.5 	 	 94.3 	 	 0.0001  		 0.0014 	 1.0000 	 	 0.0016  	 1.0000  	 	 4.7915 	 0.5249  	 	 0.1866 	 0.9590  	 	 0.1960 	 0.9569  	 	 8.4201 	 0.2301
[2024/05/14 13:52:00] - 190 		 255.5 	 	 94.5 	 	 0.0001  		 0.0014 	 1.0000 	 	 0.0017  	 0.9999  	 	 4.8012 	 0.5231  	 	 0.1582 	 0.9637  	 	 0.1693 	 0.9611  	 	 7.7320 	 0.2431
[2024/05/14 14:02:11] - 191 		 238.9 	 	 371.8 	 	 0.0001  		 0.0014 	 1.0000 	 	 0.0017  	 0.9999  	 	 4.7849 	 0.5250  	 	 0.1779 	 0.9600  	 	 0.1891 	 0.9577  	 	 7.9106 	 0.1943
[2024/05/14 14:07:40] - 192 		 234.6 	 	 94.2 	 	 0.0001  		 0.0014 	 1.0000 	 	 0.0017  	 0.9999  	 	 4.7825 	 0.5269  	 	 0.1760 	 0.9612  	 	 0.1862 	 0.9587  	 	 8.2531 	 0.2351
[2024/05/14 14:15:43] - 193 		 319.1 	 	 163.7 	 	 0.0001  		 0.0014 	 1.0000 	 	 0.0017  	 1.0000  	 	 4.7732 	 0.5271  	 	 0.1780 	 0.9606  	 	 0.1876 	 0.9586  	 	 8.2437 	 0.2363
[2024/05/14 14:21:15] - 194 		 233.1 	 	 98.8 	 	 0.0001  		 0.0014 	 1.0000 	 	 0.0016  	 1.0000  	 	 4.7866 	 0.5246  	 	 0.1665 	 0.9626  	 	 0.1747 	 0.9602  	 	 8.1589 	 0.2286
[2024/05/14 14:27:09] - 195 		 242.7 	 	 111.4 	 	 0.0001  		 0.0014 	 1.0000 	 	 0.0017  	 0.9999  	 	 4.7708 	 0.5266  	 	 0.1647 	 0.9630  	 	 0.1748 	 0.9610  	 	 7.9779 	 0.2463
[2024/05/14 14:34:34] - 196 		 343.8 	 	 101.0 	 	 0.0001  		 0.0014 	 1.0000 	 	 0.0016  	 1.0000  	 	 4.7882 	 0.5253  	 	 0.1694 	 0.9622  	 	 0.1783 	 0.9594  	 	 7.5685 	 0.2474
[2024/05/14 14:47:24] - 197 		 246.9 	 	 523.8 	 	 0.0001  		 0.0014 	 1.0000 	 	 0.0017  	 1.0000  	 	 4.7602 	 0.5274  	 	 0.1786 	 0.9604  	 	 0.1899 	 0.9579  	 	 8.1686 	 0.2095
[2024/05/14 14:53:18] - 198 		 259.5 	 	 94.5 	 	 0.0001  		 0.0014 	 1.0000 	 	 0.0017  	 1.0000  	 	 4.7594 	 0.5272  	 	 0.1588 	 0.9633  	 	 0.1683 	 0.9611  	 	 7.8368 	 0.2399
[2024/05/14 14:58:48] - 199 		 234.5 	 	 94.8 	 	 0.0001  		 0.0014 	 1.0000 	 	 0.0017  	 1.0000  	 	 4.7732 	 0.5265  	 	 0.1693 	 0.9615  	 	 0.1771 	 0.9595  	 	 7.7506 	 0.2334
[2024/05/14 15:05:33] - 200 		 282.5 	 	 123.1 	 	 0.0001  		 0.0014 	 1.0000 	 	 0.0017  	 1.0000  	 	 4.7692 	 0.5267  	 	 0.1613 	 0.9632  	 	 0.1723 	 0.9604  	 	 7.7131 	 0.2243
