[2024/05/17 21:52:10] - Namespace(att_method='norm_steep', attack_iters=10, batch_size=128, beta=1.3, chkpt_iters=50, dataset='svhn', epochs=201, epsilon=0.03137254901960784, eq_vol=1, eval_method='sign', lr_chechpoint1=100, lr_chechpoint2=150, lr_max=0.01, lr_schedule='piecewise', manual_step=0, model='PreRes18_standard', momentum=0.9, norm='l_inf', pgd_alpha=1.0, random_init=1, resume=0, seed=1, train_mode='adv_train', weight_decay=0.0005, width_factor=10)
[2024/05/17 21:52:16] - Epoch 	 Train Time 	 Test Time 	 LR 	 	 Train Loss 	 Train Acc 	 Train Adv Loss 	 Train Adv Acc 	 Train Surrogate Loss 	 Train Surrogate Acc 	 Test Loss 	 Test Acc 	 Test Adv Loss 	 Test Adv Acc 	 Test Surrogate Loss 	 Test Surrogate Acc 
[2024/05/17 21:59:25] - 0 		 306.6 	 	 122.7 	 	 0.0100  		 2.2408 	 0.1888 	 	 2.2640  	 0.1839  	 	 2.2815 	 0.1802  	 	 2.1625 	 0.2167  	 	 2.2102 	 0.2099  	 	 2.2659 	 0.2004
[2024/05/17 22:06:21] - 1 		 296.4 	 	 119.4 	 	 0.0100  		 1.2066 	 0.6252 	 	 1.5617  	 0.4592  	 	 2.1850 	 0.2670  	 	 0.5540 	 0.8464  	 	 1.0419 	 0.6482  	 	 2.1089 	 0.3380
[2024/05/17 22:13:17] - 2 		 294.9 	 	 121.6 	 	 0.0100  		 0.5493 	 0.8593 	 	 1.0181  	 0.6523  	 	 1.9958 	 0.3930  	 	 0.4924 	 0.8832  	 	 0.9035 	 0.7039  	 	 1.7834 	 0.4058
[2024/05/17 22:20:12] - 3 		 294.7 	 	 119.9 	 	 0.0100  		 0.4543 	 0.8871 	 	 0.9017  	 0.6923  	 	 1.9197 	 0.4352  	 	 0.3582 	 0.9122  	 	 0.8379 	 0.7155  	 	 2.1714 	 0.3545
[2024/05/17 22:27:06] - 4 		 294.5 	 	 119.7 	 	 0.0100  		 0.4064 	 0.9004 	 	 0.8422  	 0.7131  	 	 1.8922 	 0.4507  	 	 0.3617 	 0.9026  	 	 0.8378 	 0.7198  	 	 2.1704 	 0.3762
[2024/05/17 22:34:00] - 5 		 294.0 	 	 120.0 	 	 0.0100  		 0.3751 	 0.9110 	 	 0.7980  	 0.7263  	 	 1.8643 	 0.4662  	 	 0.3684 	 0.9076  	 	 0.7990 	 0.7311  	 	 1.9396 	 0.4132
[2024/05/17 22:40:54] - 6 		 294.1 	 	 119.8 	 	 0.0100  		 0.3525 	 0.9157 	 	 0.7671  	 0.7367  	 	 1.8507 	 0.4769  	 	 0.3212 	 0.9219  	 	 0.8017 	 0.7315  	 	 2.2787 	 0.3642
[2024/05/17 22:47:54] - 7 		 294.2 	 	 119.7 	 	 0.0100  		 0.3296 	 0.9229 	 	 0.7341  	 0.7473  	 	 1.8292 	 0.4869  	 	 0.3440 	 0.9148  	 	 0.7714 	 0.7349  	 	 1.9435 	 0.4105
[2024/05/17 22:54:48] - 8 		 294.1 	 	 120.0 	 	 0.0100  		 0.3132 	 0.9268 	 	 0.7113  	 0.7536  	 	 1.8240 	 0.4943  	 	 0.2943 	 0.9247  	 	 0.7608 	 0.7431  	 	 2.2396 	 0.3945
[2024/05/17 23:01:48] - 9 		 294.0 	 	 119.7 	 	 0.0100  		 0.2958 	 0.9321 	 	 0.6870  	 0.7611  	 	 1.8136 	 0.5016  	 	 0.3293 	 0.9257  	 	 0.7466 	 0.7537  	 	 1.9250 	 0.4114
[2024/05/17 23:08:41] - 10 		 294.1 	 	 119.5 	 	 0.0100  		 0.2845 	 0.9350 	 	 0.6715  	 0.7670  	 	 1.8105 	 0.5052  	 	 0.3278 	 0.9167  	 	 0.7841 	 0.7410  	 	 2.0837 	 0.4111
[2024/05/17 23:15:36] - 11 		 294.0 	 	 120.8 	 	 0.0100  		 0.2689 	 0.9388 	 	 0.6492  	 0.7738  	 	 1.8052 	 0.5119  	 	 0.3313 	 0.9153  	 	 0.7724 	 0.7404  	 	 2.0010 	 0.4206
[2024/05/17 23:22:31] - 12 		 294.9 	 	 119.6 	 	 0.0100  		 0.2580 	 0.9417 	 	 0.6316  	 0.7799  	 	 1.7964 	 0.5187  	 	 0.2832 	 0.9250  	 	 0.7957 	 0.7324  	 	 2.5073 	 0.3683
[2024/05/17 23:29:25] - 13 		 294.1 	 	 119.8 	 	 0.0100  		 0.2477 	 0.9439 	 	 0.6171  	 0.7834  	 	 1.7931 	 0.5243  	 	 0.3362 	 0.9227  	 	 0.7942 	 0.7328  	 	 2.1719 	 0.3719
[2024/05/17 23:36:19] - 14 		 294.0 	 	 119.8 	 	 0.0100  		 0.2367 	 0.9467 	 	 0.6010  	 0.7877  	 	 1.7918 	 0.5286  	 	 0.2975 	 0.9230  	 	 0.7690 	 0.7420  	 	 2.2244 	 0.3896
[2024/05/17 23:43:13] - 15 		 294.4 	 	 120.3 	 	 0.0100  		 0.2270 	 0.9496 	 	 0.5861  	 0.7933  	 	 1.7870 	 0.5320  	 	 0.2737 	 0.9315  	 	 0.7957 	 0.7350  	 	 2.6072 	 0.3528
[2024/05/17 23:50:13] - 16 		 294.6 	 	 119.5 	 	 0.0100  		 0.2169 	 0.9520 	 	 0.5719  	 0.7964  	 	 1.7823 	 0.5395  	 	 0.3081 	 0.9189  	 	 0.8276 	 0.7308  	 	 2.4975 	 0.3753
[2024/05/17 23:57:07] - 17 		 294.6 	 	 119.8 	 	 0.0100  		 0.2083 	 0.9541 	 	 0.5573  	 0.8014  	 	 1.7728 	 0.5432  	 	 0.2767 	 0.9293  	 	 0.7677 	 0.7482  	 	 2.4294 	 0.3917
[2024/05/18 00:04:02] - 18 		 294.0 	 	 120.4 	 	 0.0100  		 0.1984 	 0.9569 	 	 0.5420  	 0.8070  	 	 1.7669 	 0.5491  	 	 0.3295 	 0.9112  	 	 0.8097 	 0.7283  	 	 2.2219 	 0.3942
[2024/05/18 00:10:56] - 19 		 294.8 	 	 119.7 	 	 0.0100  		 0.1906 	 0.9586 	 	 0.5297  	 0.8107  	 	 1.7682 	 0.5534  	 	 0.2882 	 0.9307  	 	 0.7934 	 0.7377  	 	 2.4276 	 0.3729
[2024/05/18 00:17:50] - 20 		 294.2 	 	 119.7 	 	 0.0100  		 0.1821 	 0.9607 	 	 0.5167  	 0.8139  	 	 1.7564 	 0.5582  	 	 0.2891 	 0.9268  	 	 0.8196 	 0.7332  	 	 2.6513 	 0.3591
[2024/05/18 00:24:45] - 21 		 294.4 	 	 120.5 	 	 0.0100  		 0.1750 	 0.9621 	 	 0.5051  	 0.8185  	 	 1.7611 	 0.5609  	 	 0.2530 	 0.9344  	 	 0.8538 	 0.7295  	 	 3.1849 	 0.3318
[2024/05/18 00:31:39] - 22 		 294.4 	 	 119.7 	 	 0.0100  		 0.1687 	 0.9643 	 	 0.4954  	 0.8198  	 	 1.7526 	 0.5670  	 	 0.3264 	 0.9118  	 	 0.9093 	 0.7109  	 	 2.8042 	 0.3610
[2024/05/18 00:38:39] - 23 		 294.3 	 	 119.9 	 	 0.0100  		 0.1618 	 0.9660 	 	 0.4836  	 0.8230  	 	 1.7450 	 0.5708  	 	 0.3191 	 0.9151  	 	 0.7974 	 0.7316  	 	 2.2333 	 0.4036
[2024/05/18 00:45:34] - 24 		 294.1 	 	 120.4 	 	 0.0100  		 0.1542 	 0.9683 	 	 0.4712  	 0.8281  	 	 1.7295 	 0.5762  	 	 0.3200 	 0.9210  	 	 0.8281 	 0.7268  	 	 2.3981 	 0.3730
[2024/05/18 00:52:28] - 25 		 294.2 	 	 119.8 	 	 0.0100  		 0.1477 	 0.9693 	 	 0.4604  	 0.8307  	 	 1.7295 	 0.5805  	 	 0.2735 	 0.9287  	 	 0.8553 	 0.7351  	 	 2.9694 	 0.3632
[2024/05/18 00:59:29] - 26 		 294.5 	 	 120.4 	 	 0.0100  		 0.1418 	 0.9707 	 	 0.4499  	 0.8334  	 	 1.7235 	 0.5862  	 	 0.3072 	 0.9186  	 	 0.8853 	 0.7240  	 	 2.8155 	 0.3703
[2024/05/18 01:06:23] - 27 		 294.4 	 	 119.7 	 	 0.0100  		 0.1337 	 0.9730 	 	 0.4338  	 0.8387  	 	 1.6982 	 0.5926  	 	 0.3018 	 0.9157  	 	 0.9538 	 0.7129  	 	 3.2010 	 0.3528
[2024/05/18 01:13:17] - 28 		 293.9 	 	 119.6 	 	 0.0100  		 0.1285 	 0.9741 	 	 0.4258  	 0.8413  	 	 1.6931 	 0.5974  	 	 0.3126 	 0.9156  	 	 0.8822 	 0.7226  	 	 2.6891 	 0.3760
[2024/05/18 01:20:11] - 29 		 293.9 	 	 120.4 	 	 0.0100  		 0.1232 	 0.9751 	 	 0.4176  	 0.8443  	 	 1.6932 	 0.6013  	 	 0.3455 	 0.9083  	 	 0.9121 	 0.7207  	 	 2.6289 	 0.3884
[2024/05/18 01:27:05] - 30 		 294.8 	 	 119.6 	 	 0.0100  		 0.1165 	 0.9774 	 	 0.4048  	 0.8488  	 	 1.6763 	 0.6065  	 	 0.2944 	 0.9195  	 	 0.9224 	 0.7180  	 	 3.0889 	 0.3574
[2024/05/18 01:34:05] - 31 		 294.4 	 	 119.8 	 	 0.0100  		 0.1104 	 0.9785 	 	 0.3937  	 0.8517  	 	 1.6692 	 0.6122  	 	 0.2744 	 0.9242  	 	 0.9704 	 0.7200  	 	 3.4351 	 0.3641
[2024/05/18 01:41:00] - 32 		 294.4 	 	 120.0 	 	 0.0100  		 0.1055 	 0.9796 	 	 0.3852  	 0.8549  	 	 1.6540 	 0.6158  	 	 0.2979 	 0.9183  	 	 1.0391 	 0.7089  	 	 3.6852 	 0.3362
[2024/05/18 01:47:53] - 33 		 293.9 	 	 119.8 	 	 0.0100  		 0.1013 	 0.9810 	 	 0.3794  	 0.8554  	 	 1.6510 	 0.6175  	 	 0.3312 	 0.9072  	 	 0.9657 	 0.7087  	 	 2.9833 	 0.3597
[2024/05/18 01:54:48] - 34 		 294.6 	 	 120.1 	 	 0.0100  		 0.0966 	 0.9823 	 	 0.3718  	 0.8578  	 	 1.6467 	 0.6195  	 	 0.3147 	 0.9127  	 	 0.9587 	 0.7098  	 	 3.0770 	 0.3524
[2024/05/18 02:01:43] - 35 		 294.2 	 	 120.4 	 	 0.0100  		 0.0917 	 0.9832 	 	 0.3601  	 0.8616  	 	 1.6344 	 0.6253  	 	 0.3271 	 0.9088  	 	 1.0094 	 0.7083  	 	 3.1730 	 0.3720
[2024/05/18 02:08:37] - 36 		 294.2 	 	 119.8 	 	 0.0100  		 0.0874 	 0.9839 	 	 0.3510  	 0.8664  	 	 1.6173 	 0.6301  	 	 0.2795 	 0.9227  	 	 0.9863 	 0.7119  	 	 3.4054 	 0.3558
[2024/05/18 02:15:31] - 37 		 294.3 	 	 120.1 	 	 0.0100  		 0.0830 	 0.9850 	 	 0.3442  	 0.8677  	 	 1.6125 	 0.6336  	 	 0.2790 	 0.9264  	 	 1.0051 	 0.7110  	 	 3.6729 	 0.3395
[2024/05/18 02:22:33] - 38 		 294.4 	 	 119.9 	 	 0.0100  		 0.0792 	 0.9866 	 	 0.3398  	 0.8693  	 	 1.6215 	 0.6325  	 	 0.3058 	 0.9195  	 	 0.9966 	 0.7136  	 	 3.2308 	 0.3752
[2024/05/18 02:29:28] - 39 		 294.9 	 	 120.0 	 	 0.0100  		 0.0741 	 0.9872 	 	 0.3267  	 0.8740  	 	 1.5973 	 0.6404  	 	 0.3106 	 0.9138  	 	 1.1299 	 0.6873  	 	 3.8577 	 0.3318
[2024/05/18 02:36:28] - 40 		 294.3 	 	 120.5 	 	 0.0100  		 0.0719 	 0.9883 	 	 0.3249  	 0.8741  	 	 1.5873 	 0.6405  	 	 0.3039 	 0.9182  	 	 1.0234 	 0.7032  	 	 3.3775 	 0.3542
[2024/05/18 02:43:22] - 41 		 294.1 	 	 120.0 	 	 0.0100  		 0.0679 	 0.9889 	 	 0.3157  	 0.8770  	 	 1.5881 	 0.6458  	 	 0.3339 	 0.9071  	 	 1.0729 	 0.6961  	 	 3.3535 	 0.3640
[2024/05/18 02:50:16] - 42 		 294.2 	 	 119.9 	 	 0.0100  		 0.0638 	 0.9897 	 	 0.3052  	 0.8822  	 	 1.5585 	 0.6508  	 	 0.3301 	 0.9071  	 	 1.0914 	 0.6932  	 	 3.4781 	 0.3488
[2024/05/18 02:57:15] - 43 		 294.1 	 	 120.3 	 	 0.0100  		 0.0621 	 0.9906 	 	 0.3007  	 0.8835  	 	 1.5460 	 0.6541  	 	 0.3158 	 0.9120  	 	 1.0939 	 0.7034  	 	 3.5968 	 0.3660
[2024/05/18 03:04:09] - 44 		 294.5 	 	 119.7 	 	 0.0100  		 0.0577 	 0.9906 	 	 0.2912  	 0.8870  	 	 1.5383 	 0.6576  	 	 0.2965 	 0.9150  	 	 1.0089 	 0.7142  	 	 3.3181 	 0.3743
[2024/05/18 03:11:03] - 45 		 294.8 	 	 119.9 	 	 0.0100  		 0.0555 	 0.9917 	 	 0.2879  	 0.8873  	 	 1.5333 	 0.6603  	 	 0.3553 	 0.9018  	 	 1.0869 	 0.6781  	 	 3.2701 	 0.3333
[2024/05/18 03:18:01] - 46 		 294.7 	 	 120.5 	 	 0.0100  		 0.0527 	 0.9917 	 	 0.2812  	 0.8901  	 	 1.5269 	 0.6604  	 	 0.3235 	 0.9110  	 	 1.1731 	 0.6870  	 	 3.8546 	 0.3471
[2024/05/18 03:24:55] - 47 		 294.6 	 	 119.9 	 	 0.0100  		 0.0493 	 0.9925 	 	 0.2736  	 0.8936  	 	 1.5134 	 0.6661  	 	 0.3624 	 0.8956  	 	 1.1303 	 0.6816  	 	 3.4002 	 0.3581
[2024/05/18 03:31:50] - 48 		 294.1 	 	 120.2 	 	 0.0100  		 0.0474 	 0.9932 	 	 0.2715  	 0.8927  	 	 1.5276 	 0.6649  	 	 0.3039 	 0.9151  	 	 1.1623 	 0.6955  	 	 3.8473 	 0.3629
[2024/05/18 03:38:45] - 49 		 294.3 	 	 119.9 	 	 0.0100  		 0.0466 	 0.9935 	 	 0.2729  	 0.8918  	 	 1.5258 	 0.6646  	 	 0.3077 	 0.9136  	 	 1.1919 	 0.6966  	 	 4.0340 	 0.3465
[2024/05/18 03:45:40] - 50 		 294.5 	 	 119.9 	 	 0.0100  		 0.0433 	 0.9944 	 	 0.2625  	 0.8968  	 	 1.4994 	 0.6684  	 	 0.3184 	 0.9115  	 	 1.1036 	 0.7067  	 	 3.5305 	 0.3702
[2024/05/18 03:52:35] - 51 		 294.6 	 	 120.1 	 	 0.0100  		 0.0404 	 0.9946 	 	 0.2481  	 0.9027  	 	 1.4644 	 0.6775  	 	 0.3210 	 0.9086  	 	 1.1081 	 0.6976  	 	 3.4836 	 0.3651
[2024/05/18 03:59:29] - 52 		 294.6 	 	 119.9 	 	 0.0100  		 0.0394 	 0.9952 	 	 0.2543  	 0.8999  	 	 1.5061 	 0.6733  	 	 0.3434 	 0.9031  	 	 1.2006 	 0.6837  	 	 3.8377 	 0.3453
[2024/05/18 04:06:24] - 53 		 294.6 	 	 120.4 	 	 0.0100  		 0.0375 	 0.9953 	 	 0.2460  	 0.9027  	 	 1.4732 	 0.6786  	 	 0.3673 	 0.8951  	 	 1.1764 	 0.6711  	 	 3.4506 	 0.3507
[2024/05/18 04:13:20] - 54 		 294.7 	 	 120.7 	 	 0.0100  		 0.0351 	 0.9955 	 	 0.2385  	 0.9065  	 	 1.4592 	 0.6824  	 	 0.3038 	 0.9140  	 	 1.2020 	 0.6821  	 	 4.0717 	 0.3390
[2024/05/18 04:20:17] - 55 		 295.3 	 	 120.0 	 	 0.0100  		 0.0345 	 0.9958 	 	 0.2419  	 0.9037  	 	 1.4780 	 0.6779  	 	 0.3544 	 0.9005  	 	 1.1217 	 0.6857  	 	 3.3813 	 0.3619
[2024/05/18 04:27:12] - 56 		 295.3 	 	 119.9 	 	 0.0100  		 0.0332 	 0.9959 	 	 0.2379  	 0.9063  	 	 1.4687 	 0.6813  	 	 0.2945 	 0.9202  	 	 1.1547 	 0.6931  	 	 3.9562 	 0.3452
[2024/05/18 04:34:08] - 57 		 294.7 	 	 120.5 	 	 0.0100  		 0.0313 	 0.9961 	 	 0.2285  	 0.9093  	 	 1.4368 	 0.6870  	 	 0.3761 	 0.8951  	 	 1.2604 	 0.6786  	 	 3.8373 	 0.3536
[2024/05/18 04:41:02] - 58 		 294.6 	 	 119.9 	 	 0.0100  		 0.0290 	 0.9969 	 	 0.2225  	 0.9123  	 	 1.4435 	 0.6872  	 	 0.3344 	 0.9056  	 	 1.1760 	 0.6938  	 	 3.7230 	 0.3662
[2024/05/18 04:47:57] - 59 		 294.7 	 	 120.0 	 	 0.0100  		 0.0282 	 0.9968 	 	 0.2198  	 0.9137  	 	 1.4315 	 0.6907  	 	 0.3613 	 0.9013  	 	 1.2471 	 0.6889  	 	 3.8657 	 0.3720
[2024/05/18 04:54:52] - 60 		 294.9 	 	 120.7 	 	 0.0100  		 0.0274 	 0.9973 	 	 0.2220  	 0.9125  	 	 1.4410 	 0.6893  	 	 0.3893 	 0.8936  	 	 1.2715 	 0.6731  	 	 3.7608 	 0.3520
[2024/05/18 05:01:47] - 61 		 295.1 	 	 120.0 	 	 0.0100  		 0.0264 	 0.9971 	 	 0.2168  	 0.9146  	 	 1.4296 	 0.6896  	 	 0.3402 	 0.9043  	 	 1.1181 	 0.6829  	 	 3.4402 	 0.3493
[2024/05/18 05:08:43] - 62 		 295.1 	 	 120.2 	 	 0.0100  		 0.0254 	 0.9972 	 	 0.2119  	 0.9166  	 	 1.4231 	 0.6919  	 	 0.3371 	 0.9064  	 	 1.1983 	 0.6871  	 	 3.7543 	 0.3581
[2024/05/18 05:15:47] - 63 		 294.6 	 	 120.0 	 	 0.0100  		 0.0246 	 0.9971 	 	 0.2093  	 0.9178  	 	 1.4131 	 0.6943  	 	 0.2795 	 0.9206  	 	 1.1542 	 0.6981  	 	 3.9237 	 0.3551
[2024/05/18 05:22:42] - 64 		 294.7 	 	 120.0 	 	 0.0100  		 0.0234 	 0.9976 	 	 0.2091  	 0.9172  	 	 1.4304 	 0.6924  	 	 0.3144 	 0.9103  	 	 1.1788 	 0.6907  	 	 3.8995 	 0.3518
[2024/05/18 05:29:37] - 65 		 294.6 	 	 120.3 	 	 0.0100  		 0.0226 	 0.9977 	 	 0.2051  	 0.9195  	 	 1.4121 	 0.6963  	 	 0.3872 	 0.8884  	 	 1.1893 	 0.6718  	 	 3.3785 	 0.3593
[2024/05/18 05:36:31] - 66 		 294.3 	 	 119.8 	 	 0.0100  		 0.0217 	 0.9978 	 	 0.2008  	 0.9210  	 	 1.4091 	 0.6971  	 	 0.3298 	 0.9073  	 	 1.2268 	 0.6826  	 	 3.9236 	 0.3508
[2024/05/18 05:43:25] - 67 		 294.0 	 	 120.0 	 	 0.0100  		 0.0215 	 0.9978 	 	 0.2023  	 0.9199  	 	 1.4258 	 0.6956  	 	 0.3613 	 0.9002  	 	 1.2705 	 0.6881  	 	 3.8743 	 0.3688
[2024/05/18 05:50:22] - 68 		 294.4 	 	 120.1 	 	 0.0100  		 0.0199 	 0.9980 	 	 0.1943  	 0.9248  	 	 1.4009 	 0.6986  	 	 0.3055 	 0.9133  	 	 1.2503 	 0.6844  	 	 4.1381 	 0.3430
[2024/05/18 05:57:16] - 69 		 294.5 	 	 119.9 	 	 0.0100  		 0.0195 	 0.9982 	 	 0.1923  	 0.9242  	 	 1.3891 	 0.7015  	 	 0.3290 	 0.9080  	 	 1.1919 	 0.6914  	 	 3.7751 	 0.3646
[2024/05/18 06:04:10] - 70 		 294.6 	 	 119.8 	 	 0.0100  		 0.0187 	 0.9981 	 	 0.1929  	 0.9242  	 	 1.3909 	 0.7013  	 	 0.4355 	 0.8830  	 	 1.3875 	 0.6693  	 	 3.9478 	 0.3680
[2024/05/18 06:11:11] - 71 		 294.2 	 	 120.5 	 	 0.0100  		 0.0180 	 0.9983 	 	 0.1888  	 0.9267  	 	 1.3889 	 0.7027  	 	 0.3701 	 0.8956  	 	 1.2128 	 0.6844  	 	 3.6029 	 0.3604
[2024/05/18 06:18:06] - 72 		 294.4 	 	 120.2 	 	 0.0100  		 0.0180 	 0.9982 	 	 0.1891  	 0.9255  	 	 1.3900 	 0.7025  	 	 0.3561 	 0.8991  	 	 1.2842 	 0.6808  	 	 3.8975 	 0.3659
[2024/05/18 06:25:00] - 73 		 294.3 	 	 119.8 	 	 0.0100  		 0.0174 	 0.9985 	 	 0.1878  	 0.9263  	 	 1.3955 	 0.7032  	 	 0.3809 	 0.8983  	 	 1.3617 	 0.6858  	 	 4.1428 	 0.3689
[2024/05/18 06:31:54] - 74 		 294.1 	 	 120.0 	 	 0.0100  		 0.0165 	 0.9986 	 	 0.1853  	 0.9285  	 	 1.3912 	 0.7059  	 	 0.3148 	 0.9106  	 	 1.1888 	 0.6855  	 	 3.7794 	 0.3579
[2024/05/18 06:38:49] - 75 		 294.5 	 	 120.0 	 	 0.0100  		 0.0162 	 0.9985 	 	 0.1861  	 0.9271  	 	 1.3915 	 0.7051  	 	 0.3561 	 0.8955  	 	 1.2715 	 0.6688  	 	 3.7710 	 0.3461
[2024/05/18 06:45:43] - 76 		 294.1 	 	 120.0 	 	 0.0100  		 0.0159 	 0.9987 	 	 0.1826  	 0.9286  	 	 1.3869 	 0.7060  	 	 0.3737 	 0.8940  	 	 1.3593 	 0.6684  	 	 4.0833 	 0.3507
[2024/05/18 06:52:37] - 77 		 294.6 	 	 119.8 	 	 0.0100  		 0.0149 	 0.9988 	 	 0.1788  	 0.9301  	 	 1.3848 	 0.7097  	 	 0.3316 	 0.9092  	 	 1.3196 	 0.6805  	 	 4.2276 	 0.3539
[2024/05/18 06:59:32] - 78 		 294.5 	 	 120.0 	 	 0.0100  		 0.0153 	 0.9987 	 	 0.1825  	 0.9288  	 	 1.3901 	 0.7043  	 	 0.3866 	 0.8888  	 	 1.2890 	 0.6608  	 	 3.7543 	 0.3485
[2024/05/18 07:06:26] - 79 		 294.0 	 	 120.3 	 	 0.0100  		 0.0134 	 0.9990 	 	 0.1675  	 0.9351  	 	 1.3382 	 0.7163  	 	 0.3388 	 0.9022  	 	 1.2562 	 0.6756  	 	 3.8609 	 0.3543
[2024/05/18 07:13:20] - 80 		 294.5 	 	 119.7 	 	 0.0100  		 0.0136 	 0.9986 	 	 0.1710  	 0.9344  	 	 1.3626 	 0.7126  	 	 0.3483 	 0.8996  	 	 1.2106 	 0.6830  	 	 3.6895 	 0.3624
[2024/05/18 07:20:14] - 81 		 293.8 	 	 119.6 	 	 0.0100  		 0.0131 	 0.9989 	 	 0.1686  	 0.9349  	 	 1.3502 	 0.7147  	 	 0.3291 	 0.9092  	 	 1.2912 	 0.6895  	 	 4.1057 	 0.3712
[2024/05/18 07:27:08] - 82 		 294.1 	 	 120.0 	 	 0.0100  		 0.0138 	 0.9989 	 	 0.1744  	 0.9325  	 	 1.3745 	 0.7102  	 	 0.3602 	 0.8989  	 	 1.2678 	 0.6805  	 	 3.8561 	 0.3624
[2024/05/18 07:34:02] - 83 		 294.0 	 	 119.6 	 	 0.0100  		 0.0128 	 0.9989 	 	 0.1684  	 0.9352  	 	 1.3499 	 0.7155  	 	 0.3123 	 0.9137  	 	 1.2577 	 0.6976  	 	 4.1234 	 0.3712
[2024/05/18 07:40:55] - 84 		 293.9 	 	 119.7 	 	 0.0100  		 0.0121 	 0.9991 	 	 0.1657  	 0.9358  	 	 1.3559 	 0.7149  	 	 0.3516 	 0.8990  	 	 1.3583 	 0.6636  	 	 4.2255 	 0.3385
[2024/05/18 07:47:49] - 85 		 294.3 	 	 119.9 	 	 0.0100  		 0.0122 	 0.9991 	 	 0.1672  	 0.9354  	 	 1.3605 	 0.7152  	 	 0.3799 	 0.8936  	 	 1.3543 	 0.6688  	 	 4.0163 	 0.3499
[2024/05/18 07:54:43] - 86 		 294.0 	 	 119.5 	 	 0.0100  		 0.0117 	 0.9989 	 	 0.1629  	 0.9373  	 	 1.3560 	 0.7167  	 	 0.3160 	 0.9113  	 	 1.2065 	 0.6983  	 	 3.8483 	 0.3790
[2024/05/18 08:01:37] - 87 		 294.2 	 	 119.8 	 	 0.0100  		 0.0115 	 0.9991 	 	 0.1638  	 0.9373  	 	 1.3567 	 0.7171  	 	 0.3224 	 0.9107  	 	 1.2648 	 0.6903  	 	 4.0485 	 0.3628
[2024/05/18 08:08:31] - 88 		 293.9 	 	 119.9 	 	 0.0100  		 0.0113 	 0.9991 	 	 0.1616  	 0.9379  	 	 1.3495 	 0.7170  	 	 0.3464 	 0.9004  	 	 1.2981 	 0.6839  	 	 3.9431 	 0.3702
[2024/05/18 08:15:25] - 89 		 294.4 	 	 119.6 	 	 0.0100  		 0.0115 	 0.9992 	 	 0.1663  	 0.9363  	 	 1.3569 	 0.7126  	 	 0.3650 	 0.8934  	 	 1.3557 	 0.6633  	 	 4.1056 	 0.3418
[2024/05/18 08:22:24] - 90 		 294.1 	 	 120.1 	 	 0.0100  		 0.0109 	 0.9990 	 	 0.1599  	 0.9395  	 	 1.3336 	 0.7192  	 	 0.4023 	 0.8904  	 	 1.3676 	 0.6751  	 	 4.0027 	 0.3652
[2024/05/18 08:29:18] - 91 		 294.2 	 	 119.7 	 	 0.0100  		 0.0101 	 0.9992 	 	 0.1516  	 0.9417  	 	 1.3136 	 0.7230  	 	 0.3359 	 0.9041  	 	 1.2408 	 0.6908  	 	 3.9205 	 0.3654
[2024/05/18 08:36:12] - 92 		 294.1 	 	 119.9 	 	 0.0100  		 0.0103 	 0.9992 	 	 0.1575  	 0.9394  	 	 1.3462 	 0.7187  	 	 0.3591 	 0.8969  	 	 1.3217 	 0.6776  	 	 4.0008 	 0.3586
[2024/05/18 08:43:07] - 93 		 294.2 	 	 120.0 	 	 0.0100  		 0.0101 	 0.9992 	 	 0.1569  	 0.9408  	 	 1.3563 	 0.7168  	 	 0.3530 	 0.9026  	 	 1.2866 	 0.6926  	 	 3.9286 	 0.3809
[2024/05/18 08:50:01] - 94 		 294.5 	 	 119.7 	 	 0.0100  		 0.0096 	 0.9993 	 	 0.1534  	 0.9412  	 	 1.3173 	 0.7237  	 	 0.3779 	 0.8933  	 	 1.3139 	 0.6719  	 	 3.8355 	 0.3582
[2024/05/18 08:56:55] - 95 		 294.4 	 	 119.5 	 	 0.0100  		 0.0099 	 0.9992 	 	 0.1559  	 0.9413  	 	 1.3286 	 0.7218  	 	 0.3570 	 0.9002  	 	 1.3219 	 0.6858  	 	 3.9923 	 0.3745
[2024/05/18 09:03:49] - 96 		 294.1 	 	 119.8 	 	 0.0100  		 0.0095 	 0.9993 	 	 0.1530  	 0.9413  	 	 1.3361 	 0.7188  	 	 0.3307 	 0.9068  	 	 1.2943 	 0.6860  	 	 4.0471 	 0.3621
[2024/05/18 09:10:43] - 97 		 294.1 	 	 119.8 	 	 0.0100  		 0.0094 	 0.9993 	 	 0.1552  	 0.9406  	 	 1.3455 	 0.7187  	 	 0.3507 	 0.9010  	 	 1.2534 	 0.6843  	 	 3.7345 	 0.3705
[2024/05/18 09:17:37] - 98 		 294.4 	 	 119.6 	 	 0.0100  		 0.0090 	 0.9993 	 	 0.1505  	 0.9428  	 	 1.3161 	 0.7240  	 	 0.3904 	 0.8861  	 	 1.2590 	 0.6721  	 	 3.5420 	 0.3667
[2024/05/18 09:24:30] - 99 		 293.9 	 	 120.0 	 	 0.0010  		 0.0084 	 0.9995 	 	 0.1460  	 0.9446  	 	 1.3224 	 0.7252  	 	 0.3144 	 0.9111  	 	 1.2571 	 0.6934  	 	 3.9815 	 0.3774
[2024/05/18 09:31:24] - 100 		 294.1 	 	 119.8 	 	 0.0010  		 0.0043 	 0.9998 	 	 0.0664  	 0.9788  	 	 0.9713 	 0.7720  	 	 0.3051 	 0.9138  	 	 1.2397 	 0.7067  	 	 3.9682 	 0.3920
[2024/05/18 09:38:19] - 101 		 294.4 	 	 119.7 	 	 0.0010  		 0.0025 	 0.9999 	 	 0.0404  	 0.9877  	 	 0.8406 	 0.7986  	 	 0.2787 	 0.9220  	 	 1.2004 	 0.7159  	 	 3.9849 	 0.4091
[2024/05/18 09:45:13] - 102 		 294.6 	 	 120.0 	 	 0.0010  		 0.0020 	 1.0000 	 	 0.0335  	 0.9895  	 	 0.7706 	 0.8178  	 	 0.3515 	 0.9054  	 	 1.3156 	 0.7047  	 	 3.8953 	 0.4157
[2024/05/18 09:52:08] - 103 		 294.6 	 	 119.8 	 	 0.0010  		 0.0018 	 1.0000 	 	 0.0287  	 0.9917  	 	 0.7374 	 0.8248  	 	 0.3499 	 0.9056  	 	 1.3552 	 0.6943  	 	 4.0243 	 0.4050
[2024/05/18 09:59:02] - 104 		 294.4 	 	 119.6 	 	 0.0010  		 0.0016 	 1.0000 	 	 0.0255  	 0.9922  	 	 0.7173 	 0.8297  	 	 0.3278 	 0.9117  	 	 1.3363 	 0.7069  	 	 4.0701 	 0.4183
[2024/05/18 10:05:56] - 105 		 294.3 	 	 119.8 	 	 0.0010  		 0.0014 	 0.9999 	 	 0.0228  	 0.9937  	 	 0.7035 	 0.8343  	 	 0.3518 	 0.9056  	 	 1.3640 	 0.7029  	 	 4.0781 	 0.4125
[2024/05/18 10:12:50] - 106 		 294.4 	 	 119.7 	 	 0.0010  		 0.0013 	 0.9999 	 	 0.0213  	 0.9936  	 	 0.6766 	 0.8413  	 	 0.3326 	 0.9150  	 	 1.3626 	 0.7177  	 	 4.2216 	 0.4287
[2024/05/18 10:19:44] - 107 		 294.4 	 	 119.5 	 	 0.0010  		 0.0012 	 1.0000 	 	 0.0197  	 0.9944  	 	 0.6681 	 0.8417  	 	 0.3174 	 0.9131  	 	 1.3292 	 0.7047  	 	 4.1536 	 0.4085
[2024/05/18 10:26:38] - 108 		 294.0 	 	 120.5 	 	 0.0010  		 0.0011 	 1.0000 	 	 0.0187  	 0.9945  	 	 0.6636 	 0.8451  	 	 0.3588 	 0.9076  	 	 1.4499 	 0.7053  	 	 4.4072 	 0.4136
[2024/05/18 10:33:32] - 109 		 294.4 	 	 119.4 	 	 0.0010  		 0.0010 	 1.0000 	 	 0.0174  	 0.9951  	 	 0.6559 	 0.8469  	 	 0.2978 	 0.9227  	 	 1.3286 	 0.7172  	 	 4.2412 	 0.4254
[2024/05/18 10:40:26] - 110 		 294.2 	 	 119.7 	 	 0.0010  		 0.0010 	 1.0000 	 	 0.0163  	 0.9955  	 	 0.6436 	 0.8484  	 	 0.3033 	 0.9194  	 	 1.2961 	 0.7232  	 	 4.1596 	 0.4305
[2024/05/18 10:47:20] - 111 		 294.4 	 	 119.8 	 	 0.0010  		 0.0009 	 1.0000 	 	 0.0155  	 0.9958  	 	 0.6318 	 0.8521  	 	 0.3202 	 0.9150  	 	 1.3966 	 0.7057  	 	 4.3771 	 0.4117
[2024/05/18 10:54:15] - 112 		 294.2 	 	 120.4 	 	 0.0010  		 0.0009 	 1.0000 	 	 0.0154  	 0.9955  	 	 0.6177 	 0.8546  	 	 0.2994 	 0.9183  	 	 1.2740 	 0.7178  	 	 4.0372 	 0.4258
[2024/05/18 11:01:09] - 113 		 294.3 	 	 120.1 	 	 0.0010  		 0.0009 	 0.9999 	 	 0.0150  	 0.9957  	 	 0.6266 	 0.8524  	 	 0.3687 	 0.9049  	 	 1.3893 	 0.7081  	 	 4.1193 	 0.4208
[2024/05/18 11:08:03] - 114 		 293.9 	 	 120.2 	 	 0.0010  		 0.0008 	 1.0000 	 	 0.0140  	 0.9962  	 	 0.6177 	 0.8531  	 	 0.3679 	 0.9067  	 	 1.4737 	 0.7062  	 	 4.4074 	 0.4218
[2024/05/18 11:14:58] - 115 		 294.3 	 	 119.8 	 	 0.0010  		 0.0008 	 1.0000 	 	 0.0137  	 0.9961  	 	 0.6064 	 0.8551  	 	 0.3329 	 0.9108  	 	 1.3730 	 0.7095  	 	 4.2995 	 0.4140
[2024/05/18 11:21:52] - 116 		 294.2 	 	 120.0 	 	 0.0010  		 0.0008 	 1.0000 	 	 0.0127  	 0.9964  	 	 0.6045 	 0.8563  	 	 0.3731 	 0.9022  	 	 1.4696 	 0.6966  	 	 4.3519 	 0.4045
[2024/05/18 11:28:46] - 117 		 294.4 	 	 119.7 	 	 0.0010  		 0.0007 	 1.0000 	 	 0.0125  	 0.9966  	 	 0.6076 	 0.8553  	 	 0.3257 	 0.9148  	 	 1.3682 	 0.7115  	 	 4.3029 	 0.4170
[2024/05/18 11:35:40] - 118 		 294.5 	 	 119.6 	 	 0.0010  		 0.0007 	 1.0000 	 	 0.0121  	 0.9967  	 	 0.6026 	 0.8580  	 	 0.3687 	 0.9043  	 	 1.4278 	 0.7013  	 	 4.2565 	 0.4140
[2024/05/18 11:42:34] - 119 		 294.8 	 	 119.6 	 	 0.0010  		 0.0007 	 1.0000 	 	 0.0116  	 0.9967  	 	 0.5974 	 0.8588  	 	 0.3188 	 0.9121  	 	 1.4101 	 0.7016  	 	 4.3550 	 0.4081
[2024/05/18 11:49:30] - 120 		 294.4 	 	 120.9 	 	 0.0010  		 0.0007 	 1.0000 	 	 0.0112  	 0.9970  	 	 0.5870 	 0.8617  	 	 0.3220 	 0.9127  	 	 1.3536 	 0.7140  	 	 4.2241 	 0.4196
[2024/05/18 11:56:24] - 121 		 294.4 	 	 120.0 	 	 0.0010  		 0.0007 	 1.0000 	 	 0.0115  	 0.9968  	 	 0.5950 	 0.8594  	 	 0.3697 	 0.9045  	 	 1.4425 	 0.7045  	 	 4.3116 	 0.4145
[2024/05/18 12:03:18] - 122 		 293.7 	 	 119.8 	 	 0.0010  		 0.0007 	 1.0000 	 	 0.0109  	 0.9972  	 	 0.5918 	 0.8594  	 	 0.3404 	 0.9103  	 	 1.4040 	 0.7134  	 	 4.2541 	 0.4302
[2024/05/18 12:10:12] - 123 		 294.1 	 	 119.9 	 	 0.0010  		 0.0006 	 1.0000 	 	 0.0100  	 0.9975  	 	 0.5853 	 0.8617  	 	 0.2967 	 0.9196  	 	 1.2937 	 0.7206  	 	 4.0853 	 0.4304
[2024/05/18 12:17:06] - 124 		 294.3 	 	 119.6 	 	 0.0010  		 0.0006 	 1.0000 	 	 0.0107  	 0.9971  	 	 0.5858 	 0.8596  	 	 0.3535 	 0.9069  	 	 1.4254 	 0.7032  	 	 4.2230 	 0.4215
[2024/05/18 12:23:59] - 125 		 294.0 	 	 119.7 	 	 0.0010  		 0.0006 	 1.0000 	 	 0.0099  	 0.9975  	 	 0.5809 	 0.8623  	 	 0.3219 	 0.9142  	 	 1.3553 	 0.7128  	 	 4.2013 	 0.4217
[2024/05/18 12:30:53] - 126 		 293.9 	 	 120.0 	 	 0.0010  		 0.0006 	 1.0000 	 	 0.0095  	 0.9976  	 	 0.5812 	 0.8611  	 	 0.3142 	 0.9127  	 	 1.3300 	 0.7106  	 	 4.1719 	 0.4111
[2024/05/18 12:37:47] - 127 		 294.2 	 	 119.8 	 	 0.0010  		 0.0006 	 1.0000 	 	 0.0092  	 0.9977  	 	 0.5672 	 0.8645  	 	 0.3407 	 0.9103  	 	 1.4224 	 0.7119  	 	 4.3255 	 0.4244
[2024/05/18 12:44:41] - 128 		 294.1 	 	 119.9 	 	 0.0010  		 0.0006 	 1.0000 	 	 0.0088  	 0.9979  	 	 0.5781 	 0.8626  	 	 0.3833 	 0.9018  	 	 1.4962 	 0.6971  	 	 4.4048 	 0.4123
[2024/05/18 12:51:35] - 129 		 294.3 	 	 119.7 	 	 0.0010  		 0.0006 	 1.0000 	 	 0.0091  	 0.9977  	 	 0.5695 	 0.8635  	 	 0.3289 	 0.9118  	 	 1.3897 	 0.7051  	 	 4.2868 	 0.4111
[2024/05/18 12:58:29] - 130 		 294.1 	 	 119.6 	 	 0.0010  		 0.0006 	 1.0000 	 	 0.0085  	 0.9980  	 	 0.5846 	 0.8606  	 	 0.3492 	 0.9060  	 	 1.4177 	 0.7004  	 	 4.2899 	 0.4060
[2024/05/18 13:05:23] - 131 		 294.3 	 	 119.9 	 	 0.0010  		 0.0005 	 1.0000 	 	 0.0088  	 0.9977  	 	 0.5737 	 0.8627  	 	 0.2998 	 0.9176  	 	 1.3015 	 0.7162  	 	 4.0528 	 0.4235
[2024/05/18 13:12:18] - 132 		 294.9 	 	 119.7 	 	 0.0010  		 0.0005 	 1.0000 	 	 0.0083  	 0.9980  	 	 0.5668 	 0.8644  	 	 0.3282 	 0.9148  	 	 1.3508 	 0.7246  	 	 4.0739 	 0.4469
[2024/05/18 13:19:12] - 133 		 294.2 	 	 119.5 	 	 0.0010  		 0.0005 	 1.0000 	 	 0.0079  	 0.9982  	 	 0.5653 	 0.8638  	 	 0.3560 	 0.9068  	 	 1.4578 	 0.7055  	 	 4.3235 	 0.4247
[2024/05/18 13:26:06] - 134 		 294.3 	 	 119.9 	 	 0.0010  		 0.0005 	 1.0000 	 	 0.0077  	 0.9983  	 	 0.5642 	 0.8645  	 	 0.3614 	 0.9047  	 	 1.4534 	 0.6953  	 	 4.3496 	 0.4110
[2024/05/18 13:33:00] - 135 		 294.1 	 	 119.7 	 	 0.0010  		 0.0005 	 1.0000 	 	 0.0078  	 0.9983  	 	 0.5645 	 0.8633  	 	 0.3772 	 0.9007  	 	 1.4725 	 0.6994  	 	 4.2760 	 0.4219
[2024/05/18 13:39:54] - 136 		 294.4 	 	 119.7 	 	 0.0010  		 0.0005 	 1.0000 	 	 0.0077  	 0.9983  	 	 0.5656 	 0.8641  	 	 0.3222 	 0.9149  	 	 1.3366 	 0.7189  	 	 4.1545 	 0.4292
[2024/05/18 13:46:49] - 137 		 294.4 	 	 120.4 	 	 0.0010  		 0.0005 	 1.0000 	 	 0.0072  	 0.9984  	 	 0.5571 	 0.8649  	 	 0.3518 	 0.9053  	 	 1.3910 	 0.7073  	 	 4.1019 	 0.4275
[2024/05/18 13:53:42] - 138 		 293.8 	 	 119.4 	 	 0.0010  		 0.0005 	 1.0000 	 	 0.0073  	 0.9984  	 	 0.5585 	 0.8657  	 	 0.3173 	 0.9165  	 	 1.3604 	 0.7219  	 	 4.1742 	 0.4360
[2024/05/18 14:00:37] - 139 		 294.8 	 	 120.1 	 	 0.0010  		 0.0005 	 1.0000 	 	 0.0077  	 0.9982  	 	 0.5497 	 0.8657  	 	 0.3386 	 0.9094  	 	 1.3701 	 0.7111  	 	 4.1186 	 0.4224
[2024/05/18 14:07:31] - 140 		 294.0 	 	 120.1 	 	 0.0010  		 0.0005 	 1.0000 	 	 0.0073  	 0.9985  	 	 0.5519 	 0.8651  	 	 0.3484 	 0.9091  	 	 1.4094 	 0.7112  	 	 4.2199 	 0.4337
[2024/05/18 14:14:25] - 141 		 294.0 	 	 119.7 	 	 0.0010  		 0.0005 	 1.0000 	 	 0.0076  	 0.9983  	 	 0.5499 	 0.8674  	 	 0.3014 	 0.9189  	 	 1.3159 	 0.7165  	 	 4.1255 	 0.4275
[2024/05/18 14:21:19] - 142 		 294.2 	 	 119.7 	 	 0.0010  		 0.0005 	 1.0000 	 	 0.0072  	 0.9985  	 	 0.5526 	 0.8659  	 	 0.3449 	 0.9153  	 	 1.3862 	 0.7237  	 	 4.2037 	 0.4393
[2024/05/18 14:28:13] - 143 		 294.3 	 	 120.2 	 	 0.0010  		 0.0005 	 1.0000 	 	 0.0072  	 0.9983  	 	 0.5455 	 0.8672  	 	 0.3188 	 0.9138  	 	 1.3709 	 0.7065  	 	 4.2819 	 0.4150
[2024/05/18 14:35:07] - 144 		 294.3 	 	 119.6 	 	 0.0010  		 0.0005 	 1.0000 	 	 0.0068  	 0.9986  	 	 0.5496 	 0.8678  	 	 0.3938 	 0.9004  	 	 1.4561 	 0.7070  	 	 4.1465 	 0.4373
[2024/05/18 14:42:01] - 145 		 293.7 	 	 119.8 	 	 0.0010  		 0.0005 	 1.0000 	 	 0.0068  	 0.9987  	 	 0.5547 	 0.8641  	 	 0.3184 	 0.9137  	 	 1.3372 	 0.7144  	 	 4.0792 	 0.4305
[2024/05/18 14:48:55] - 146 		 294.3 	 	 120.2 	 	 0.0010  		 0.0005 	 1.0000 	 	 0.0065  	 0.9987  	 	 0.5370 	 0.8686  	 	 0.3482 	 0.9075  	 	 1.3554 	 0.7160  	 	 4.0236 	 0.4368
[2024/05/18 14:55:50] - 147 		 294.9 	 	 119.6 	 	 0.0010  		 0.0005 	 1.0000 	 	 0.0065  	 0.9987  	 	 0.5502 	 0.8650  	 	 0.3732 	 0.9023  	 	 1.4591 	 0.6999  	 	 4.2872 	 0.4162
[2024/05/18 15:02:45] - 148 		 294.5 	 	 120.2 	 	 0.0010  		 0.0005 	 1.0000 	 	 0.0067  	 0.9985  	 	 0.5442 	 0.8675  	 	 0.3444 	 0.9085  	 	 1.3925 	 0.7101  	 	 4.1832 	 0.4206
[2024/05/18 15:09:39] - 149 		 294.5 	 	 119.7 	 	 0.0001  		 0.0005 	 1.0000 	 	 0.0063  	 0.9988  	 	 0.5400 	 0.8675  	 	 0.2835 	 0.9224  	 	 1.2742 	 0.7241  	 	 4.0111 	 0.4362
[2024/05/18 15:16:33] - 150 		 294.5 	 	 119.8 	 	 0.0001  		 0.0005 	 1.0000 	 	 0.0061  	 0.9988  	 	 0.5441 	 0.8642  	 	 0.3046 	 0.9179  	 	 1.3294 	 0.7181  	 	 4.1704 	 0.4221
[2024/05/18 15:23:27] - 151 		 294.0 	 	 120.1 	 	 0.0001  		 0.0005 	 1.0000 	 	 0.0060  	 0.9988  	 	 0.5404 	 0.8654  	 	 0.3213 	 0.9143  	 	 1.3493 	 0.7192  	 	 4.0936 	 0.4326
[2024/05/18 15:30:21] - 152 		 294.1 	 	 119.8 	 	 0.0001  		 0.0005 	 1.0000 	 	 0.0057  	 0.9991  	 	 0.5452 	 0.8653  	 	 0.3457 	 0.9085  	 	 1.3971 	 0.7091  	 	 4.1484 	 0.4297
[2024/05/18 15:37:15] - 153 		 294.4 	 	 119.6 	 	 0.0001  		 0.0005 	 1.0000 	 	 0.0058  	 0.9989  	 	 0.5332 	 0.8676  	 	 0.3829 	 0.9015  	 	 1.4437 	 0.7059  	 	 4.1667 	 0.4283
[2024/05/18 15:44:09] - 154 		 293.9 	 	 119.9 	 	 0.0001  		 0.0005 	 1.0000 	 	 0.0058  	 0.9987  	 	 0.5331 	 0.8664  	 	 0.3284 	 0.9111  	 	 1.3465 	 0.7124  	 	 4.1271 	 0.4227
[2024/05/18 15:51:03] - 155 		 294.0 	 	 119.5 	 	 0.0001  		 0.0005 	 1.0000 	 	 0.0057  	 0.9990  	 	 0.5295 	 0.8669  	 	 0.3129 	 0.9159  	 	 1.3606 	 0.7132  	 	 4.2151 	 0.4246
[2024/05/18 15:57:57] - 156 		 294.3 	 	 119.8 	 	 0.0001  		 0.0005 	 1.0000 	 	 0.0056  	 0.9991  	 	 0.5252 	 0.8681  	 	 0.2870 	 0.9207  	 	 1.2774 	 0.7196  	 	 4.0619 	 0.4277
[2024/05/18 16:04:52] - 157 		 294.5 	 	 120.4 	 	 0.0001  		 0.0005 	 1.0000 	 	 0.0054  	 0.9991  	 	 0.5299 	 0.8689  	 	 0.3218 	 0.9145  	 	 1.3891 	 0.7139  	 	 4.3119 	 0.4245
[2024/05/18 16:11:45] - 158 		 293.9 	 	 119.7 	 	 0.0001  		 0.0005 	 1.0000 	 	 0.0054  	 0.9992  	 	 0.5265 	 0.8682  	 	 0.3451 	 0.9111  	 	 1.3649 	 0.7187  	 	 4.0907 	 0.4366
[2024/05/18 16:18:41] - 159 		 294.3 	 	 121.2 	 	 0.0001  		 0.0005 	 1.0000 	 	 0.0055  	 0.9991  	 	 0.5276 	 0.8692  	 	 0.2699 	 0.9256  	 	 1.2462 	 0.7279  	 	 4.0064 	 0.4400
[2024/05/18 16:25:36] - 160 		 295.5 	 	 120.1 	 	 0.0001  		 0.0005 	 1.0000 	 	 0.0053  	 0.9991  	 	 0.5334 	 0.8659  	 	 0.3357 	 0.9097  	 	 1.3763 	 0.7067  	 	 4.1801 	 0.4166
[2024/05/18 16:32:31] - 161 		 294.8 	 	 120.0 	 	 0.0001  		 0.0005 	 1.0000 	 	 0.0052  	 0.9991  	 	 0.5248 	 0.8683  	 	 0.3168 	 0.9153  	 	 1.3651 	 0.7165  	 	 4.2095 	 0.4300
[2024/05/18 16:39:26] - 162 		 294.9 	 	 120.0 	 	 0.0001  		 0.0005 	 1.0000 	 	 0.0054  	 0.9991  	 	 0.5251 	 0.8681  	 	 0.4088 	 0.8964  	 	 1.4805 	 0.7032  	 	 4.2114 	 0.4241
[2024/05/18 16:46:22] - 163 		 294.9 	 	 120.7 	 	 0.0001  		 0.0005 	 1.0000 	 	 0.0054  	 0.9990  	 	 0.5259 	 0.8685  	 	 0.2913 	 0.9213  	 	 1.3014 	 0.7207  	 	 4.1341 	 0.4300
[2024/05/18 16:53:17] - 164 		 294.9 	 	 119.8 	 	 0.0001  		 0.0005 	 1.0000 	 	 0.0055  	 0.9991  	 	 0.5257 	 0.8676  	 	 0.3366 	 0.9088  	 	 1.3963 	 0.7062  	 	 4.2491 	 0.4160
[2024/05/18 17:00:12] - 165 		 294.8 	 	 120.5 	 	 0.0001  		 0.0005 	 1.0000 	 	 0.0053  	 0.9992  	 	 0.5259 	 0.8689  	 	 0.3362 	 0.9108  	 	 1.3941 	 0.7141  	 	 4.1538 	 0.4347
[2024/05/18 17:07:07] - 166 		 294.8 	 	 120.2 	 	 0.0001  		 0.0005 	 1.0000 	 	 0.0053  	 0.9990  	 	 0.5309 	 0.8661  	 	 0.2963 	 0.9180  	 	 1.3079 	 0.7164  	 	 4.0794 	 0.4253
[2024/05/18 17:14:03] - 167 		 295.2 	 	 121.2 	 	 0.0001  		 0.0005 	 1.0000 	 	 0.0054  	 0.9990  	 	 0.5300 	 0.8675  	 	 0.3409 	 0.9093  	 	 1.3712 	 0.7145  	 	 4.1543 	 0.4257
[2024/05/18 17:20:59] - 168 		 296.1 	 	 119.6 	 	 0.0001  		 0.0005 	 1.0000 	 	 0.0053  	 0.9992  	 	 0.5290 	 0.8678  	 	 0.3151 	 0.9151  	 	 1.3371 	 0.7143  	 	 4.1802 	 0.4219
[2024/05/18 17:27:55] - 169 		 295.5 	 	 120.4 	 	 0.0001  		 0.0005 	 1.0000 	 	 0.0051  	 0.9992  	 	 0.5290 	 0.8664  	 	 0.3398 	 0.9099  	 	 1.3958 	 0.7154  	 	 4.2535 	 0.4229
[2024/05/18 17:34:51] - 170 		 296.5 	 	 119.9 	 	 0.0001  		 0.0005 	 1.0000 	 	 0.0051  	 0.9993  	 	 0.5262 	 0.8687  	 	 0.3137 	 0.9159  	 	 1.3478 	 0.7154  	 	 4.1801 	 0.4232
[2024/05/18 17:41:46] - 171 		 294.5 	 	 120.0 	 	 0.0001  		 0.0005 	 1.0000 	 	 0.0051  	 0.9991  	 	 0.5207 	 0.8683  	 	 0.3692 	 0.9058  	 	 1.3984 	 0.7092  	 	 4.1520 	 0.4209
[2024/05/18 17:48:40] - 172 		 294.2 	 	 119.6 	 	 0.0001  		 0.0005 	 1.0000 	 	 0.0049  	 0.9993  	 	 0.5228 	 0.8686  	 	 0.3454 	 0.9099  	 	 1.4148 	 0.7081  	 	 4.2209 	 0.4247
