[2024/04/07 00:48:30] - Namespace(att_method='tanh', attack_iters=10, batch_size=128, beta=1000.0, chkpt_iters=50, dataset='svhn', epochs=201, epsilon=0.03137254901960784, lr_chechpoint1=100, lr_chechpoint2=150, lr_max=0.01, lr_schedule='piecewise', model='PreRes18_standard', momentum=0.9, norm='l_inf', pgd_alpha=1.0, random_init=1, resume=0, seed=1, train_mode='adv_train', weight_decay=0.0005, width_factor=10)
[2024/04/07 00:48:41] - Epoch 	 Train Time 	 Test Time 	 LR 	 	 Train Loss 	 Train Acc 	 Train Adv Loss 	 Train Adv Acc 	 Train Sgn-PGD Loss 	 Train Sgn-PGD Acc 	 Test Loss 	 Test Acc 	 Test Adv Loss 	 Test Adv Acc 	 Test Sgn-PGD Loss 	 Test Sgn-PGD Acc 
[2024/04/07 00:54:06] - 0 		 234.2 	 	 91.5 	 	 0.0100 	 	  1.6341 	 0.4478 	 	 1.8371  	 0.3561  	 	 2.3271 	 0.2021  	 	 0.6562 	 0.8186  	 	 1.5118 	 0.5325  	 	 2.6033 	 0.2360
[2024/04/07 00:59:24] - 1 		 227.6 	 	 90.4 	 	 0.0100 	 	  0.5862 	 0.8573 	 	 1.0150  	 0.6644  	 	 1.9077 	 0.3889  	 	 0.4453 	 0.8857  	 	 1.0407 	 0.6700  	 	 1.9414 	 0.3814
[2024/04/07 01:04:44] - 2 		 228.3 	 	 91.0 	 	 0.0100 	 	  0.4734 	 0.8904 	 	 0.8793  	 0.7110  	 	 1.7634 	 0.4347  	 	 0.4355 	 0.9042  	 	 0.8431 	 0.7239  	 	 1.6029 	 0.4516
[2024/04/07 01:10:03] - 3 		 227.9 	 	 91.1 	 	 0.0100 	 	  0.4196 	 0.9052 	 	 0.8066  	 0.7354  	 	 1.6861 	 0.4601  	 	 0.3570 	 0.9168  	 	 0.9164 	 0.7107  	 	 1.8844 	 0.3992
[2024/04/07 01:15:23] - 4 		 227.9 	 	 92.7 	 	 0.0100 	 	  0.3867 	 0.9140 	 	 0.7629  	 0.7503  	 	 1.6509 	 0.4718  	 	 0.3403 	 0.9120  	 	 0.9745 	 0.7153  	 	 1.9748 	 0.4057
[2024/04/07 01:20:42] - 5 		 228.1 	 	 90.5 	 	 0.0100 	 	  0.3625 	 0.9224 	 	 0.7298  	 0.7609  	 	 1.6247 	 0.4800  	 	 0.3528 	 0.9147  	 	 0.8524 	 0.7297  	 	 1.7051 	 0.4517
[2024/04/07 01:26:00] - 6 		 227.7 	 	 90.5 	 	 0.0100 	 	  0.3442 	 0.9261 	 	 0.7040  	 0.7696  	 	 1.6051 	 0.4889  	 	 0.2945 	 0.9299  	 	 0.9099 	 0.7299  	 	 1.9725 	 0.4064
[2024/04/07 01:31:18] - 7 		 228.0 	 	 90.1 	 	 0.0100 	 	  0.3257 	 0.9320 	 	 0.6759  	 0.7787  	 	 1.5799 	 0.4952  	 	 0.3270 	 0.9265  	 	 0.7985 	 0.7445  	 	 1.6734 	 0.4463
[2024/04/07 01:36:37] - 8 		 228.1 	 	 90.4 	 	 0.0100 	 	  0.3107 	 0.9355 	 	 0.6546  	 0.7841  	 	 1.5714 	 0.4985  	 	 0.2742 	 0.9329  	 	 0.9018 	 0.7387  	 	 1.9631 	 0.4237
[2024/04/07 01:41:55] - 9 		 228.2 	 	 90.2 	 	 0.0100 	 	  0.2958 	 0.9388 	 	 0.6335  	 0.7926  	 	 1.5620 	 0.5028  	 	 0.3269 	 0.9338  	 	 0.7977 	 0.7437  	 	 1.6854 	 0.4429
[2024/04/07 01:47:15] - 10 		 229.0 	 	 90.4 	 	 0.0100 	 	  0.2838 	 0.9419 	 	 0.6162  	 0.7983  	 	 1.5492 	 0.5074  	 	 0.3145 	 0.9259  	 	 0.8460 	 0.7401  	 	 1.7779 	 0.4430
[2024/04/07 01:52:33] - 11 		 228.1 	 	 90.4 	 	 0.0100 	 	  0.2721 	 0.9448 	 	 0.5993  	 0.8037  	 	 1.5489 	 0.5080  	 	 0.3125 	 0.9231  	 	 0.8508 	 0.7391  	 	 1.7613 	 0.4557
[2024/04/07 01:57:52] - 12 		 227.8 	 	 90.6 	 	 0.0100 	 	  0.2610 	 0.9489 	 	 0.5821  	 0.8098  	 	 1.5386 	 0.5132  	 	 0.3050 	 0.9247  	 	 0.9356 	 0.7296  	 	 2.0155 	 0.4065
[2024/04/07 02:03:10] - 13 		 228.0 	 	 90.4 	 	 0.0100 	 	  0.2520 	 0.9504 	 	 0.5659  	 0.8154  	 	 1.5367 	 0.5144  	 	 0.3239 	 0.9273  	 	 0.8411 	 0.7347  	 	 1.7959 	 0.4198
[2024/04/07 02:08:29] - 14 		 227.9 	 	 90.4 	 	 0.0100 	 	  0.2412 	 0.9531 	 	 0.5508  	 0.8190  	 	 1.5314 	 0.5203  	 	 0.2916 	 0.9273  	 	 0.8956 	 0.7331  	 	 1.9410 	 0.4140
[2024/04/07 02:13:47] - 15 		 227.8 	 	 90.5 	 	 0.0100 	 	  0.2313 	 0.9556 	 	 0.5365  	 0.8232  	 	 1.5330 	 0.5180  	 	 0.2776 	 0.9320  	 	 1.0332 	 0.7180  	 	 2.3074 	 0.3576
[2024/04/07 02:19:05] - 16 		 227.8 	 	 90.3 	 	 0.0100 	 	  0.2231 	 0.9569 	 	 0.5250  	 0.8264  	 	 1.5326 	 0.5228  	 	 0.3149 	 0.9191  	 	 0.9865 	 0.7294  	 	 2.0571 	 0.4089
[2024/04/07 02:24:23] - 17 		 227.7 	 	 90.5 	 	 0.0100 	 	  0.2154 	 0.9598 	 	 0.5111  	 0.8311  	 	 1.5257 	 0.5235  	 	 0.2827 	 0.9300  	 	 0.9552 	 0.7393  	 	 2.0498 	 0.4129
[2024/04/07 02:29:41] - 18 		 227.8 	 	 90.1 	 	 0.0100 	 	  0.2068 	 0.9614 	 	 0.4983  	 0.8369  	 	 1.5229 	 0.5264  	 	 0.3400 	 0.9176  	 	 0.8618 	 0.7356  	 	 1.7892 	 0.4356
[2024/04/07 02:35:00] - 19 		 228.0 	 	 90.5 	 	 0.0100 	 	  0.1986 	 0.9635 	 	 0.4851  	 0.8398  	 	 1.5188 	 0.5285  	 	 0.2952 	 0.9305  	 	 0.9445 	 0.7344  	 	 2.0469 	 0.4045
[2024/04/07 02:40:18] - 20 		 227.8 	 	 90.5 	 	 0.0100 	 	  0.1913 	 0.9647 	 	 0.4721  	 0.8437  	 	 1.5192 	 0.5323  	 	 0.2732 	 0.9338  	 	 0.9807 	 0.7290  	 	 2.2339 	 0.3687
[2024/04/07 02:45:37] - 21 		 228.1 	 	 90.5 	 	 0.0100 	 	  0.1826 	 0.9672 	 	 0.4592  	 0.8479  	 	 1.5213 	 0.5338  	 	 0.2535 	 0.9340  	 	 1.1146 	 0.7294  	 	 2.5483 	 0.3455
[2024/04/07 02:50:56] - 22 		 228.0 	 	 90.9 	 	 0.0100 	 	  0.1784 	 0.9685 	 	 0.4509  	 0.8504  	 	 1.5170 	 0.5347  	 	 0.2890 	 0.9258  	 	 1.0921 	 0.7245  	 	 2.3194 	 0.3843
[2024/04/07 02:56:14] - 23 		 227.5 	 	 90.7 	 	 0.0100 	 	  0.1707 	 0.9705 	 	 0.4381  	 0.8541  	 	 1.5231 	 0.5373  	 	 0.3194 	 0.9244  	 	 0.8512 	 0.7463  	 	 1.7839 	 0.4430
[2024/04/07 03:01:32] - 24 		 227.5 	 	 90.8 	 	 0.0100 	 	  0.1638 	 0.9722 	 	 0.4270  	 0.8586  	 	 1.5220 	 0.5398  	 	 0.3285 	 0.9257  	 	 0.9234 	 0.7207  	 	 1.9871 	 0.3871
[2024/04/07 03:06:50] - 25 		 227.5 	 	 90.8 	 	 0.0100 	 	  0.1566 	 0.9731 	 	 0.4142  	 0.8626  	 	 1.5205 	 0.5436  	 	 0.2550 	 0.9368  	 	 1.0419 	 0.7382  	 	 2.3464 	 0.3794
[2024/04/07 03:12:09] - 26 		 227.4 	 	 90.9 	 	 0.0100 	 	  0.1539 	 0.9748 	 	 0.4109  	 0.8632  	 	 1.5191 	 0.5434  	 	 0.2908 	 0.9257  	 	 1.0746 	 0.7247  	 	 2.3154 	 0.3749
[2024/04/07 03:17:27] - 27 		 227.6 	 	 91.0 	 	 0.0100 	 	  0.1446 	 0.9766 	 	 0.3921  	 0.8695  	 	 1.5137 	 0.5475  	 	 0.3165 	 0.9110  	 	 1.2767 	 0.7048  	 	 2.6011 	 0.3601
[2024/04/07 03:22:47] - 28 		 229.2 	 	 90.5 	 	 0.0100 	 	  0.1377 	 0.9783 	 	 0.3822  	 0.8737  	 	 1.5237 	 0.5502  	 	 0.3071 	 0.9179  	 	 1.0853 	 0.7248  	 	 2.2838 	 0.3866
[2024/04/07 03:28:06] - 29 		 228.8 	 	 90.5 	 	 0.0100 	 	  0.1327 	 0.9785 	 	 0.3715  	 0.8768  	 	 1.5232 	 0.5533  	 	 0.3130 	 0.9177  	 	 1.0824 	 0.7325  	 	 2.2270 	 0.4053
[2024/04/07 03:33:25] - 30 		 227.8 	 	 90.5 	 	 0.0100 	 	  0.1267 	 0.9803 	 	 0.3626  	 0.8795  	 	 1.5226 	 0.5542  	 	 0.2804 	 0.9233  	 	 1.2168 	 0.7290  	 	 2.6088 	 0.3752
[2024/04/07 03:38:43] - 31 		 228.0 	 	 90.3 	 	 0.0100 	 	  0.1227 	 0.9812 	 	 0.3548  	 0.8826  	 	 1.5213 	 0.5563  	 	 0.2639 	 0.9284  	 	 1.3263 	 0.7362  	 	 2.9140 	 0.3576
[2024/04/07 03:44:02] - 32 		 228.2 	 	 90.4 	 	 0.0100 	 	  0.1167 	 0.9832 	 	 0.3442  	 0.8846  	 	 1.5234 	 0.5580  	 	 0.3070 	 0.9155  	 	 1.5361 	 0.7089  	 	 3.2204 	 0.3177
[2024/04/07 03:49:19] - 33 		 227.8 	 	 90.2 	 	 0.0100 	 	  0.1115 	 0.9838 	 	 0.3348  	 0.8885  	 	 1.5274 	 0.5599  	 	 0.3025 	 0.9198  	 	 1.0779 	 0.7271  	 	 2.2802 	 0.3897
[2024/04/07 03:54:39] - 34 		 228.9 	 	 90.2 	 	 0.0100 	 	  0.1061 	 0.9850 	 	 0.3244  	 0.8932  	 	 1.5287 	 0.5628  	 	 0.3249 	 0.9130  	 	 1.2225 	 0.7024  	 	 2.5322 	 0.3523
[2024/04/07 03:59:57] - 35 		 227.8 	 	 90.4 	 	 0.0100 	 	  0.1008 	 0.9865 	 	 0.3158  	 0.8956  	 	 1.5346 	 0.5658  	 	 0.3276 	 0.9095  	 	 1.2288 	 0.7134  	 	 2.5188 	 0.3722
[2024/04/07 04:05:15] - 36 		 228.1 	 	 90.6 	 	 0.0100 	 	  0.0971 	 0.9871 	 	 0.3047  	 0.8987  	 	 1.5273 	 0.5684  	 	 0.2493 	 0.9320  	 	 1.3159 	 0.7375  	 	 2.9984 	 0.3354
[2024/04/07 04:10:34] - 37 		 227.9 	 	 90.4 	 	 0.0100 	 	  0.0932 	 0.9871 	 	 0.3007  	 0.9004  	 	 1.5494 	 0.5675  	 	 0.2628 	 0.9289  	 	 1.3567 	 0.7235  	 	 3.0048 	 0.3299
[2024/04/07 04:15:52] - 38 		 227.9 	 	 90.2 	 	 0.0100 	 	  0.0906 	 0.9885 	 	 0.2967  	 0.9021  	 	 1.5442 	 0.5684  	 	 0.2925 	 0.9197  	 	 1.2608 	 0.7309  	 	 2.6356 	 0.3786
[2024/04/07 04:21:10] - 39 		 227.9 	 	 90.4 	 	 0.0100 	 	  0.0850 	 0.9894 	 	 0.2823  	 0.9058  	 	 1.5388 	 0.5727  	 	 0.2931 	 0.9171  	 	 1.4685 	 0.7106  	 	 3.1057 	 0.3338
[2024/04/07 04:26:29] - 40 		 228.3 	 	 90.4 	 	 0.0100 	 	  0.0806 	 0.9907 	 	 0.2724  	 0.9095  	 	 1.5301 	 0.5781  	 	 0.2896 	 0.9203  	 	 1.3124 	 0.7170  	 	 2.8000 	 0.3461
[2024/04/07 04:31:48] - 41 		 228.2 	 	 90.3 	 	 0.0100 	 	  0.0801 	 0.9907 	 	 0.2770  	 0.9086  	 	 1.5590 	 0.5717  	 	 0.3037 	 0.9172  	 	 1.2132 	 0.7187  	 	 2.5296 	 0.3715
[2024/04/07 04:37:06] - 42 		 228.2 	 	 90.4 	 	 0.0100 	 	  0.0762 	 0.9912 	 	 0.2690  	 0.9124  	 	 1.5567 	 0.5711  	 	 0.3187 	 0.9120  	 	 1.2981 	 0.7127  	 	 2.6730 	 0.3556
[2024/04/07 04:42:25] - 43 		 228.1 	 	 90.6 	 	 0.0100 	 	  0.0724 	 0.9922 	 	 0.2575  	 0.9160  	 	 1.5348 	 0.5797  	 	 0.2791 	 0.9215  	 	 1.2958 	 0.7329  	 	 2.7526 	 0.3686
[2024/04/07 04:47:44] - 44 		 227.9 	 	 90.7 	 	 0.0100 	 	  0.0684 	 0.9928 	 	 0.2460  	 0.9202  	 	 1.5439 	 0.5803  	 	 0.2512 	 0.9319  	 	 1.2322 	 0.7406  	 	 2.7311 	 0.3726
[2024/04/07 04:53:02] - 45 		 227.7 	 	 90.6 	 	 0.0100 	 	  0.0656 	 0.9933 	 	 0.2432  	 0.9207  	 	 1.5580 	 0.5804  	 	 0.3154 	 0.9128  	 	 1.2903 	 0.7083  	 	 2.6859 	 0.3429
[2024/04/07 04:58:20] - 46 		 227.8 	 	 90.4 	 	 0.0100 	 	  0.0638 	 0.9937 	 	 0.2390  	 0.9228  	 	 1.5614 	 0.5797  	 	 0.2936 	 0.9153  	 	 1.4239 	 0.7242  	 	 2.9798 	 0.3596
[2024/04/07 05:03:39] - 47 		 228.0 	 	 90.4 	 	 0.0100 	 	  0.0581 	 0.9943 	 	 0.2258  	 0.9272  	 	 1.5604 	 0.5860  	 	 0.3185 	 0.9088  	 	 1.3519 	 0.7146  	 	 2.7129 	 0.3750
[2024/04/07 05:08:57] - 48 		 228.1 	 	 90.4 	 	 0.0100 	 	  0.0586 	 0.9946 	 	 0.2278  	 0.9259  	 	 1.5647 	 0.5837  	 	 0.2854 	 0.9180  	 	 1.4890 	 0.7186  	 	 3.1446 	 0.3342
[2024/04/07 05:14:16] - 49 		 228.1 	 	 90.3 	 	 0.0100 	 	  0.0563 	 0.9949 	 	 0.2229  	 0.9280  	 	 1.5553 	 0.5845  	 	 0.2924 	 0.9164  	 	 1.6061 	 0.7138  	 	 3.3846 	 0.3131
[2024/04/07 05:19:35] - 50 		 228.1 	 	 90.4 	 	 0.0100 	 	  0.0542 	 0.9956 	 	 0.2194  	 0.9299  	 	 1.5696 	 0.5821  	 	 0.2826 	 0.9189  	 	 1.3643 	 0.7319  	 	 2.8615 	 0.3706
[2024/04/07 05:24:53] - 51 		 227.9 	 	 90.5 	 	 0.0100 	 	  0.0510 	 0.9956 	 	 0.2090  	 0.9317  	 	 1.5685 	 0.5871  	 	 0.3001 	 0.9132  	 	 1.3166 	 0.7183  	 	 2.7282 	 0.3657
[2024/04/07 05:30:11] - 52 		 227.8 	 	 90.4 	 	 0.0100 	 	  0.0505 	 0.9960 	 	 0.2118  	 0.9323  	 	 1.5741 	 0.5856  	 	 0.2956 	 0.9160  	 	 1.3433 	 0.7179  	 	 2.8402 	 0.3430
[2024/04/07 05:35:30] - 53 		 227.9 	 	 90.3 	 	 0.0100 	 	  0.0476 	 0.9964 	 	 0.2001  	 0.9359  	 	 1.5721 	 0.5862  	 	 0.3239 	 0.9075  	 	 1.3292 	 0.7042  	 	 2.6841 	 0.3639
[2024/04/07 05:40:48] - 54 		 228.2 	 	 90.3 	 	 0.0100 	 	  0.0465 	 0.9966 	 	 0.1994  	 0.9370  	 	 1.5796 	 0.5883  	 	 0.2709 	 0.9234  	 	 1.4340 	 0.7129  	 	 3.1099 	 0.3258
[2024/04/07 05:46:07] - 55 		 228.0 	 	 90.3 	 	 0.0100 	 	  0.0417 	 0.9969 	 	 0.1819  	 0.9428  	 	 1.5758 	 0.5945  	 	 0.3033 	 0.9120  	 	 1.3140 	 0.7226  	 	 2.6886 	 0.3807
[2024/04/07 05:51:25] - 56 		 228.2 	 	 90.5 	 	 0.0100 	 	  0.0452 	 0.9969 	 	 0.1991  	 0.9370  	 	 1.5843 	 0.5880  	 	 0.2887 	 0.9195  	 	 1.5382 	 0.7149  	 	 3.3313 	 0.3069
[2024/04/07 05:56:44] - 57 		 228.3 	 	 90.4 	 	 0.0100 	 	  0.0415 	 0.9971 	 	 0.1841  	 0.9412  	 	 1.5882 	 0.5895  	 	 0.3384 	 0.9015  	 	 1.5383 	 0.7023  	 	 3.0483 	 0.3457
[2024/04/07 06:02:03] - 58 		 227.8 	 	 91.1 	 	 0.0100 	 	  0.0418 	 0.9974 	 	 0.1885  	 0.9403  	 	 1.5837 	 0.5908  	 	 0.3095 	 0.9130  	 	 1.4263 	 0.7170  	 	 2.9548 	 0.3480
[2024/04/07 06:07:22] - 59 		 227.5 	 	 91.3 	 	 0.0100 	 	  0.0404 	 0.9974 	 	 0.1828  	 0.9430  	 	 1.5772 	 0.5932  	 	 0.3074 	 0.9123  	 	 1.5040 	 0.7160  	 	 3.0802 	 0.3491
[2024/04/07 06:12:40] - 60 		 227.5 	 	 90.9 	 	 0.0100 	 	  0.0391 	 0.9979 	 	 0.1827  	 0.9427  	 	 1.5849 	 0.5923  	 	 0.3459 	 0.9004  	 	 1.5317 	 0.7037  	 	 2.9979 	 0.3524
[2024/04/07 06:17:59] - 61 		 227.5 	 	 91.0 	 	 0.0100 	 	  0.0386 	 0.9978 	 	 0.1783  	 0.9442  	 	 1.5851 	 0.5908  	 	 0.3015 	 0.9152  	 	 1.3038 	 0.7076  	 	 2.6817 	 0.3541
[2024/04/07 06:23:17] - 62 		 227.4 	 	 90.7 	 	 0.0100 	 	  0.0372 	 0.9980 	 	 0.1745  	 0.9462  	 	 1.5899 	 0.5927  	 	 0.2781 	 0.9184  	 	 1.4859 	 0.7326  	 	 3.1220 	 0.3567
[2024/04/07 06:28:35] - 63 		 227.4 	 	 90.7 	 	 0.0100 	 	  0.0348 	 0.9980 	 	 0.1670  	 0.9483  	 	 1.5860 	 0.5989  	 	 0.2721 	 0.9223  	 	 1.4451 	 0.7244  	 	 3.1441 	 0.3255
[2024/04/07 06:33:54] - 64 		 228.0 	 	 90.5 	 	 0.0100 	 	  0.0369 	 0.9979 	 	 0.1785  	 0.9449  	 	 1.6007 	 0.5925  	 	 0.2828 	 0.9203  	 	 1.4748 	 0.7243  	 	 3.1373 	 0.3428
[2024/04/07 06:39:12] - 65 		 228.3 	 	 90.3 	 	 0.0100 	 	  0.0360 	 0.9981 	 	 0.1741  	 0.9455  	 	 1.5970 	 0.5929  	 	 0.3265 	 0.9053  	 	 1.2537 	 0.7073  	 	 2.5110 	 0.3730
[2024/04/07 06:44:31] - 66 		 227.9 	 	 90.4 	 	 0.0100 	 	  0.0349 	 0.9983 	 	 0.1690  	 0.9476  	 	 1.5907 	 0.5907  	 	 0.2989 	 0.9152  	 	 1.4785 	 0.7181  	 	 3.0732 	 0.3428
[2024/04/07 06:49:49] - 67 		 227.9 	 	 90.4 	 	 0.0100 	 	  0.0349 	 0.9980 	 	 0.1704  	 0.9474  	 	 1.5968 	 0.5945  	 	 0.3030 	 0.9136  	 	 1.4665 	 0.7238  	 	 3.0196 	 0.3587
[2024/04/07 06:55:07] - 68 		 227.8 	 	 90.5 	 	 0.0100 	 	  0.0344 	 0.9980 	 	 0.1692  	 0.9483  	 	 1.5956 	 0.5946  	 	 0.2468 	 0.9289  	 	 1.3711 	 0.7381  	 	 3.1114 	 0.3299
[2024/04/07 07:00:26] - 69 		 228.0 	 	 90.5 	 	 0.0100 	 	  0.0317 	 0.9984 	 	 0.1590  	 0.9521  	 	 1.5813 	 0.6029  	 	 0.2877 	 0.9192  	 	 1.3837 	 0.7213  	 	 2.8788 	 0.3613
[2024/04/07 07:05:44] - 70 		 227.8 	 	 90.5 	 	 0.0100 	 	  0.0334 	 0.9984 	 	 0.1652  	 0.9496  	 	 1.5876 	 0.5951  	 	 0.3675 	 0.8938  	 	 1.5181 	 0.6997  	 	 2.9015 	 0.3617
[2024/04/07 07:11:02] - 71 		 228.1 	 	 90.2 	 	 0.0100 	 	  0.0318 	 0.9984 	 	 0.1583  	 0.9509  	 	 1.5858 	 0.5968  	 	 0.3254 	 0.9064  	 	 1.4040 	 0.7114  	 	 2.8238 	 0.3559
[2024/04/07 07:16:21] - 72 		 228.1 	 	 90.6 	 	 0.0100 	 	  0.0301 	 0.9984 	 	 0.1532  	 0.9541  	 	 1.5971 	 0.5961  	 	 0.2664 	 0.9228  	 	 1.3343 	 0.7320  	 	 2.8782 	 0.3655
[2024/04/07 07:21:40] - 73 		 227.9 	 	 90.6 	 	 0.0100 	 	  0.0300 	 0.9985 	 	 0.1522  	 0.9542  	 	 1.5919 	 0.5971  	 	 0.3248 	 0.9063  	 	 1.6146 	 0.7156  	 	 3.2290 	 0.3473
[2024/04/07 07:26:58] - 74 		 227.7 	 	 90.4 	 	 0.0100 	 	  0.0298 	 0.9986 	 	 0.1539  	 0.9536  	 	 1.6032 	 0.5981  	 	 0.2792 	 0.9196  	 	 1.4161 	 0.7212  	 	 3.0101 	 0.3428
[2024/04/07 07:32:16] - 75 		 227.8 	 	 90.5 	 	 0.0100 	 	  0.0291 	 0.9986 	 	 0.1498  	 0.9554  	 	 1.5819 	 0.6027  	 	 0.3020 	 0.9130  	 	 1.4374 	 0.7136  	 	 2.9957 	 0.3379
[2024/04/07 07:37:35] - 76 		 228.1 	 	 90.3 	 	 0.0100 	 	  0.0289 	 0.9987 	 	 0.1506  	 0.9547  	 	 1.5873 	 0.6014  	 	 0.2904 	 0.9135  	 	 1.4396 	 0.7336  	 	 2.9826 	 0.3688
[2024/04/07 07:42:53] - 77 		 227.7 	 	 90.4 	 	 0.0100 	 	  0.0290 	 0.9989 	 	 0.1508  	 0.9545  	 	 1.5994 	 0.5986  	 	 0.2592 	 0.9271  	 	 1.5037 	 0.7429  	 	 3.2797 	 0.3552
[2024/04/07 07:48:11] - 78 		 228.0 	 	 90.5 	 	 0.0100 	 	  0.0289 	 0.9987 	 	 0.1513  	 0.9546  	 	 1.6087 	 0.5975  	 	 0.3327 	 0.9028  	 	 1.4790 	 0.6943  	 	 2.9545 	 0.3409
[2024/04/07 07:53:30] - 79 		 227.8 	 	 90.4 	 	 0.0100 	 	  0.0282 	 0.9988 	 	 0.1486  	 0.9547  	 	 1.5961 	 0.5981  	 	 0.2957 	 0.9129  	 	 1.4657 	 0.7175  	 	 3.0334 	 0.3493
[2024/04/07 07:58:48] - 80 		 227.9 	 	 90.4 	 	 0.0100 	 	  0.0271 	 0.9989 	 	 0.1436  	 0.9576  	 	 1.5821 	 0.6034  	 	 0.3043 	 0.9116  	 	 1.4875 	 0.7187  	 	 3.0485 	 0.3518
[2024/04/07 08:04:06] - 81 		 227.8 	 	 90.4 	 	 0.0100 	 	  0.0282 	 0.9989 	 	 0.1485  	 0.9550  	 	 1.5935 	 0.6004  	 	 0.2691 	 0.9231  	 	 1.4859 	 0.7235  	 	 3.1721 	 0.3379
[2024/04/07 08:09:24] - 82 		 227.6 	 	 90.3 	 	 0.0100 	 	  0.0295 	 0.9987 	 	 0.1555  	 0.9531  	 	 1.5938 	 0.5988  	 	 0.3085 	 0.9100  	 	 1.5048 	 0.7192  	 	 3.0659 	 0.3523
[2024/04/07 08:14:43] - 83 		 228.1 	 	 90.6 	 	 0.0100 	 	  0.0288 	 0.9986 	 	 0.1535  	 0.9536  	 	 1.5968 	 0.5968  	 	 0.2723 	 0.9222  	 	 1.4493 	 0.7327  	 	 3.1287 	 0.3452
[2024/04/07 08:20:01] - 84 		 227.6 	 	 90.4 	 	 0.0100 	 	  0.0262 	 0.9988 	 	 0.1386  	 0.9588  	 	 1.5811 	 0.6058  	 	 0.2960 	 0.9141  	 	 1.5423 	 0.7135  	 	 3.2007 	 0.3390
[2024/04/07 08:25:20] - 85 		 227.9 	 	 91.1 	 	 0.0100 	 	  0.0278 	 0.9990 	 	 0.1495  	 0.9554  	 	 1.5919 	 0.5976  	 	 0.3368 	 0.9031  	 	 1.5284 	 0.7108  	 	 2.9945 	 0.3596
[2024/04/07 08:30:38] - 86 		 227.4 	 	 90.9 	 	 0.0100 	 	  0.0266 	 0.9988 	 	 0.1414  	 0.9576  	 	 1.5797 	 0.6029  	 	 0.2808 	 0.9195  	 	 1.4508 	 0.7293  	 	 3.0318 	 0.3577
[2024/04/07 08:35:57] - 87 		 227.6 	 	 90.8 	 	 0.0100 	 	  0.0249 	 0.9991 	 	 0.1362  	 0.9597  	 	 1.5901 	 0.6085  	 	 0.2938 	 0.9146  	 	 1.5304 	 0.7245  	 	 3.1317 	 0.3585
[2024/04/07 08:41:15] - 88 		 227.4 	 	 90.7 	 	 0.0100 	 	  0.0260 	 0.9991 	 	 0.1397  	 0.9583  	 	 1.5971 	 0.5988  	 	 0.2788 	 0.9193  	 	 1.4343 	 0.7427  	 	 3.0299 	 0.3720
[2024/04/07 08:46:33] - 89 		 227.5 	 	 90.9 	 	 0.0100 	 	  0.0273 	 0.9989 	 	 0.1461  	 0.9566  	 	 1.5813 	 0.6003  	 	 0.2929 	 0.9158  	 	 1.5146 	 0.7178  	 	 3.1770 	 0.3378
[2024/04/07 08:51:52] - 90 		 227.3 	 	 90.9 	 	 0.0100 	 	  0.0242 	 0.9990 	 	 0.1310  	 0.9613  	 	 1.5789 	 0.6083  	 	 0.3035 	 0.9107  	 	 1.4193 	 0.7104  	 	 2.9063 	 0.3488
[2024/04/07 08:57:10] - 91 		 227.4 	 	 90.7 	 	 0.0100 	 	  0.0237 	 0.9992 	 	 0.1303  	 0.9617  	 	 1.5653 	 0.6094  	 	 0.2740 	 0.9219  	 	 1.4173 	 0.7345  	 	 2.9690 	 0.3733
[2024/04/07 09:02:28] - 92 		 227.3 	 	 91.1 	 	 0.0100 	 	  0.0250 	 0.9992 	 	 0.1376  	 0.9580  	 	 1.5858 	 0.6016  	 	 0.2703 	 0.9222  	 	 1.4141 	 0.7196  	 	 2.9947 	 0.3474
[2024/04/07 09:07:47] - 93 		 227.9 	 	 90.4 	 	 0.0100 	 	  0.0262 	 0.9991 	 	 0.1454  	 0.9564  	 	 1.5995 	 0.6007  	 	 0.3012 	 0.9123  	 	 1.5554 	 0.7143  	 	 3.1901 	 0.3359
[2024/04/07 09:13:06] - 94 		 228.0 	 	 90.5 	 	 0.0100 	 	  0.0245 	 0.9991 	 	 0.1352  	 0.9598  	 	 1.5732 	 0.6051  	 	 0.3122 	 0.9101  	 	 1.4035 	 0.7166  	 	 2.8488 	 0.3621
[2024/04/07 09:18:24] - 95 		 227.9 	 	 90.5 	 	 0.0100 	 	  0.0244 	 0.9989 	 	 0.1346  	 0.9610  	 	 1.5957 	 0.6000  	 	 0.2828 	 0.9185  	 	 1.5365 	 0.7362  	 	 3.2041 	 0.3596
[2024/04/07 09:23:42] - 96 		 227.7 	 	 90.4 	 	 0.0100 	 	  0.0239 	 0.9991 	 	 0.1334  	 0.9613  	 	 1.5878 	 0.6040  	 	 0.3004 	 0.9119  	 	 1.5229 	 0.7283  	 	 3.1774 	 0.3556
[2024/04/07 09:29:00] - 97 		 227.8 	 	 90.3 	 	 0.0100 	 	  0.0238 	 0.9992 	 	 0.1346  	 0.9605  	 	 1.5941 	 0.6039  	 	 0.3237 	 0.9040  	 	 1.4275 	 0.7118  	 	 2.8487 	 0.3707
[2024/04/07 09:34:19] - 98 		 227.8 	 	 90.4 	 	 0.0100 	 	  0.0231 	 0.9991 	 	 0.1263  	 0.9633  	 	 1.5748 	 0.6095  	 	 0.3311 	 0.9012  	 	 1.3686 	 0.7042  	 	 2.7035 	 0.3683
[2024/04/07 09:39:37] - 99 		 227.8 	 	 90.6 	 	 0.0010 	 	  0.0241 	 0.9992 	 	 0.1349  	 0.9599  	 	 1.5897 	 0.6050  	 	 0.2758 	 0.9203  	 	 1.4177 	 0.7294  	 	 2.9873 	 0.3657
[2024/04/07 09:44:56] - 100 		 227.9 	 	 90.5 	 	 0.0010 	 	  0.0113 	 0.9998 	 	 0.0393  	 0.9901  	 	 1.3980 	 0.6345  	 	 0.2361 	 0.9330  	 	 1.3592 	 0.7610  	 	 3.0789 	 0.3783
[2024/04/07 09:50:15] - 101 		 227.9 	 	 90.6 	 	 0.0010 	 	  0.0063 	 0.9999 	 	 0.0150  	 0.9972  	 	 1.3671 	 0.6569  	 	 0.2228 	 0.9351  	 	 1.3768 	 0.7664  	 	 3.2072 	 0.3750
[2024/04/07 09:55:33] - 102 		 227.8 	 	 90.3 	 	 0.0010 	 	  0.0050 	 0.9999 	 	 0.0106  	 0.9982  	 	 1.3703 	 0.6712  	 	 0.2543 	 0.9290  	 	 1.4523 	 0.7732  	 	 3.2216 	 0.3929
[2024/04/07 10:00:51] - 103 		 227.7 	 	 90.5 	 	 0.0010 	 	  0.0043 	 0.9999 	 	 0.0084  	 0.9986  	 	 1.3805 	 0.6795  	 	 0.2527 	 0.9276  	 	 1.4584 	 0.7717  	 	 3.2412 	 0.3926
[2024/04/07 10:06:10] - 104 		 228.2 	 	 90.3 	 	 0.0010 	 	  0.0037 	 1.0000 	 	 0.0068  	 0.9989  	 	 1.3759 	 0.6870  	 	 0.2430 	 0.9300  	 	 1.4487 	 0.7764  	 	 3.2734 	 0.3976
[2024/04/07 10:11:28] - 105 		 227.9 	 	 90.5 	 	 0.0010 	 	  0.0034 	 1.0000 	 	 0.0060  	 0.9991  	 	 1.3739 	 0.6918  	 	 0.2614 	 0.9262  	 	 1.5188 	 0.7676  	 	 3.3330 	 0.3921
[2024/04/07 10:16:46] - 106 		 227.7 	 	 90.5 	 	 0.0010 	 	  0.0031 	 0.9999 	 	 0.0055  	 0.9992  	 	 1.3754 	 0.6964  	 	 0.2548 	 0.9309  	 	 1.5838 	 0.7852  	 	 3.6897 	 0.3797
[2024/04/07 10:22:04] - 107 		 227.7 	 	 90.4 	 	 0.0010 	 	  0.0029 	 1.0000 	 	 0.0051  	 0.9993  	 	 1.3795 	 0.6988  	 	 0.2277 	 0.9347  	 	 1.4683 	 0.7739  	 	 3.3930 	 0.3868
[2024/04/07 10:27:23] - 108 		 227.8 	 	 90.5 	 	 0.0010 	 	  0.0028 	 0.9999 	 	 0.0045  	 0.9995  	 	 1.3727 	 0.7026  	 	 0.2501 	 0.9312  	 	 1.5562 	 0.7838  	 	 3.5808 	 0.3889
[2024/04/07 10:32:42] - 109 		 228.0 	 	 90.6 	 	 0.0010 	 	  0.0026 	 1.0000 	 	 0.0043  	 0.9996  	 	 1.3914 	 0.7028  	 	 0.2251 	 0.9378  	 	 1.4993 	 0.7895  	 	 3.6568 	 0.3771
[2024/04/07 10:38:00] - 110 		 227.6 	 	 90.5 	 	 0.0010 	 	  0.0025 	 1.0000 	 	 0.0038  	 0.9996  	 	 1.3920 	 0.7047  	 	 0.2187 	 0.9377  	 	 1.4450 	 0.7955  	 	 3.5116 	 0.3970
[2024/04/07 10:43:18] - 111 		 227.8 	 	 90.3 	 	 0.0010 	 	  0.0024 	 1.0000 	 	 0.0036  	 0.9997  	 	 1.3837 	 0.7075  	 	 0.2393 	 0.9325  	 	 1.6154 	 0.7785  	 	 3.8010 	 0.3692
[2024/04/07 10:48:37] - 112 		 227.7 	 	 91.2 	 	 0.0010 	 	  0.0023 	 1.0000 	 	 0.0035  	 0.9997  	 	 1.3931 	 0.7096  	 	 0.2121 	 0.9396  	 	 1.3662 	 0.7951  	 	 3.3433 	 0.4023
[2024/04/07 10:53:55] - 113 		 227.4 	 	 91.0 	 	 0.0010 	 	  0.0023 	 1.0000 	 	 0.0036  	 0.9996  	 	 1.3917 	 0.7118  	 	 0.2719 	 0.9258  	 	 1.5534 	 0.7759  	 	 3.4248 	 0.3961
[2024/04/07 10:59:13] - 114 		 227.5 	 	 90.6 	 	 0.0010 	 	  0.0023 	 1.0000 	 	 0.0035  	 0.9997  	 	 1.3795 	 0.7124  	 	 0.2461 	 0.9319  	 	 1.5448 	 0.7873  	 	 3.6275 	 0.3877
[2024/04/07 11:04:32] - 115 		 227.4 	 	 90.8 	 	 0.0010 	 	  0.0022 	 1.0000 	 	 0.0031  	 0.9998  	 	 1.3829 	 0.7114  	 	 0.2404 	 0.9326  	 	 1.5426 	 0.7781  	 	 3.5694 	 0.3817
[2024/04/07 11:09:50] - 116 		 227.5 	 	 90.6 	 	 0.0010 	 	  0.0022 	 1.0000 	 	 0.0033  	 0.9997  	 	 1.3829 	 0.7148  	 	 0.2706 	 0.9255  	 	 1.5473 	 0.7694  	 	 3.3965 	 0.3934
[2024/04/07 11:15:08] - 117 		 227.4 	 	 91.1 	 	 0.0010 	 	  0.0021 	 1.0000 	 	 0.0026  	 0.9999  	 	 1.3980 	 0.7134  	 	 0.2227 	 0.9374  	 	 1.4326 	 0.7918  	 	 3.4600 	 0.3930
[2024/04/07 11:20:27] - 118 		 227.5 	 	 91.2 	 	 0.0010 	 	  0.0021 	 1.0000 	 	 0.0028  	 0.9997  	 	 1.4062 	 0.7137  	 	 0.2730 	 0.9253  	 	 1.6131 	 0.7783  	 	 3.6045 	 0.3909
[2024/04/07 11:25:45] - 119 		 227.9 	 	 90.5 	 	 0.0010 	 	  0.0020 	 1.0000 	 	 0.0027  	 0.9998  	 	 1.4036 	 0.7161  	 	 0.2233 	 0.9358  	 	 1.4521 	 0.7875  	 	 3.5024 	 0.3845
[2024/04/07 11:31:03] - 120 		 227.7 	 	 90.5 	 	 0.0010 	 	  0.0020 	 0.9999 	 	 0.0027  	 0.9998  	 	 1.4107 	 0.7165  	 	 0.2191 	 0.9382  	 	 1.4216 	 0.7945  	 	 3.4365 	 0.3989
[2024/04/07 11:36:22] - 121 		 227.7 	 	 90.5 	 	 0.0010 	 	  0.0020 	 0.9999 	 	 0.0027  	 0.9998  	 	 1.4121 	 0.7183  	 	 0.2729 	 0.9281  	 	 1.5789 	 0.7859  	 	 3.6110 	 0.3944
[2024/04/07 11:41:40] - 122 		 227.7 	 	 90.7 	 	 0.0010 	 	  0.0020 	 1.0000 	 	 0.0026  	 0.9998  	 	 1.3964 	 0.7203  	 	 0.2343 	 0.9346  	 	 1.4674 	 0.7928  	 	 3.4934 	 0.4017
[2024/04/07 11:46:58] - 123 		 227.6 	 	 90.7 	 	 0.0010 	 	  0.0019 	 1.0000 	 	 0.0025  	 0.9998  	 	 1.4058 	 0.7190  	 	 0.2101 	 0.9415  	 	 1.4699 	 0.7931  	 	 3.7025 	 0.3766
[2024/04/07 11:52:17] - 124 		 227.9 	 	 90.3 	 	 0.0010 	 	  0.0019 	 1.0000 	 	 0.0027  	 0.9998  	 	 1.3844 	 0.7215  	 	 0.2611 	 0.9262  	 	 1.5291 	 0.7787  	 	 3.4194 	 0.4074
[2024/04/07 11:57:34] - 125 		 227.6 	 	 90.2 	 	 0.0010 	 	  0.0019 	 1.0000 	 	 0.0025  	 0.9998  	 	 1.4011 	 0.7193  	 	 0.2226 	 0.9367  	 	 1.4141 	 0.7891  	 	 3.3677 	 0.3978
[2024/04/07 12:02:52] - 126 		 227.6 	 	 90.4 	 	 0.0010 	 	  0.0019 	 1.0000 	 	 0.0023  	 0.9998  	 	 1.4041 	 0.7215  	 	 0.2260 	 0.9350  	 	 1.4717 	 0.7833  	 	 3.5197 	 0.3834
[2024/04/07 12:08:11] - 127 		 227.9 	 	 90.7 	 	 0.0010 	 	  0.0019 	 1.0000 	 	 0.0026  	 0.9998  	 	 1.4045 	 0.7223  	 	 0.2365 	 0.9345  	 	 1.5185 	 0.7894  	 	 3.5655 	 0.4025
[2024/04/07 12:13:29] - 128 		 227.6 	 	 90.5 	 	 0.0010 	 	  0.0019 	 1.0000 	 	 0.0025  	 0.9998  	 	 1.4011 	 0.7212  	 	 0.2854 	 0.9221  	 	 1.5673 	 0.7785  	 	 3.4256 	 0.4078
[2024/04/07 12:18:47] - 129 		 227.6 	 	 90.5 	 	 0.0010 	 	  0.0019 	 1.0000 	 	 0.0026  	 0.9998  	 	 1.3980 	 0.7238  	 	 0.2317 	 0.9355  	 	 1.5504 	 0.7824  	 	 3.7050 	 0.3806
[2024/04/07 12:24:05] - 130 		 227.7 	 	 90.3 	 	 0.0010 	 	  0.0019 	 1.0000 	 	 0.0024  	 0.9998  	 	 1.4010 	 0.7215  	 	 0.2337 	 0.9323  	 	 1.4218 	 0.7812  	 	 3.3050 	 0.4017
[2024/04/07 12:29:23] - 131 		 227.6 	 	 90.6 	 	 0.0010 	 	  0.0019 	 1.0000 	 	 0.0025  	 0.9998  	 	 1.3897 	 0.7221  	 	 0.2200 	 0.9372  	 	 1.4342 	 0.7903  	 	 3.4743 	 0.3941
[2024/04/07 12:34:42] - 132 		 227.7 	 	 90.5 	 	 0.0010 	 	  0.0018 	 1.0000 	 	 0.0021  	 0.9999  	 	 1.4022 	 0.7224  	 	 0.2421 	 0.9337  	 	 1.4784 	 0.8007  	 	 3.5256 	 0.4086
[2024/04/07 12:40:00] - 133 		 227.7 	 	 90.4 	 	 0.0010 	 	  0.0019 	 1.0000 	 	 0.0023  	 0.9999  	 	 1.4026 	 0.7228  	 	 0.2367 	 0.9340  	 	 1.5029 	 0.7848  	 	 3.5057 	 0.4036
[2024/04/07 12:45:18] - 134 		 227.7 	 	 90.5 	 	 0.0010 	 	  0.0018 	 1.0000 	 	 0.0024  	 0.9998  	 	 1.4007 	 0.7242  	 	 0.2620 	 0.9288  	 	 1.6572 	 0.7705  	 	 3.7624 	 0.3755
[2024/04/07 12:50:36] - 135 		 227.6 	 	 90.7 	 	 0.0010 	 	  0.0019 	 0.9999 	 	 0.0022  	 0.9999  	 	 1.4013 	 0.7232  	 	 0.2733 	 0.9240  	 	 1.6138 	 0.7737  	 	 3.5432 	 0.4002
[2024/04/07 12:55:54] - 136 		 227.5 	 	 90.5 	 	 0.0010 	 	  0.0018 	 1.0000 	 	 0.0025  	 0.9998  	 	 1.4044 	 0.7246  	 	 0.2265 	 0.9368  	 	 1.4446 	 0.7924  	 	 3.4522 	 0.4010
[2024/04/07 13:01:13] - 137 		 227.8 	 	 90.7 	 	 0.0010 	 	  0.0018 	 1.0000 	 	 0.0022  	 0.9999  	 	 1.3890 	 0.7257  	 	 0.2400 	 0.9322  	 	 1.4487 	 0.7881  	 	 3.3476 	 0.4127
[2024/04/07 13:06:31] - 138 		 227.9 	 	 90.3 	 	 0.0010 	 	  0.0018 	 1.0000 	 	 0.0024  	 0.9998  	 	 1.3927 	 0.7248  	 	 0.2248 	 0.9372  	 	 1.4905 	 0.7938  	 	 3.6376 	 0.3931
[2024/04/07 13:11:49] - 139 		 227.8 	 	 90.6 	 	 0.0010 	 	  0.0018 	 1.0000 	 	 0.0023  	 0.9999  	 	 1.3985 	 0.7259  	 	 0.2418 	 0.9324  	 	 1.4824 	 0.7893  	 	 3.4653 	 0.4068
[2024/04/07 13:17:08] - 140 		 227.6 	 	 90.7 	 	 0.0010 	 	  0.0018 	 1.0000 	 	 0.0023  	 0.9999  	 	 1.3967 	 0.7259  	 	 0.2498 	 0.9300  	 	 1.5494 	 0.7785  	 	 3.5085 	 0.4006
[2024/04/07 13:22:26] - 141 		 227.5 	 	 90.6 	 	 0.0010 	 	  0.0018 	 1.0000 	 	 0.0023  	 0.9999  	 	 1.4004 	 0.7269  	 	 0.2161 	 0.9389  	 	 1.5248 	 0.7873  	 	 3.7466 	 0.3791
[2024/04/07 13:27:44] - 142 		 227.5 	 	 91.1 	 	 0.0010 	 	  0.0018 	 1.0000 	 	 0.0023  	 0.9998  	 	 1.3951 	 0.7254  	 	 0.2508 	 0.9333  	 	 1.5112 	 0.7935  	 	 3.5814 	 0.3977
[2024/04/07 13:33:03] - 143 		 227.4 	 	 90.9 	 	 0.0010 	 	  0.0018 	 1.0000 	 	 0.0022  	 0.9999  	 	 1.4064 	 0.7253  	 	 0.2343 	 0.9328  	 	 1.5386 	 0.7803  	 	 3.6263 	 0.3881
[2024/04/07 13:38:21] - 144 		 227.4 	 	 91.0 	 	 0.0010 	 	  0.0018 	 1.0000 	 	 0.0022  	 0.9998  	 	 1.4027 	 0.7252  	 	 0.2591 	 0.9278  	 	 1.5136 	 0.7864  	 	 3.3996 	 0.4163
[2024/04/07 13:43:39] - 145 		 227.4 	 	 90.7 	 	 0.0010 	 	  0.0018 	 1.0000 	 	 0.0023  	 0.9998  	 	 1.3939 	 0.7255  	 	 0.2120 	 0.9397  	 	 1.4210 	 0.7996  	 	 3.5502 	 0.4027
[2024/04/07 13:48:57] - 146 		 227.4 	 	 90.6 	 	 0.0010 	 	  0.0018 	 1.0000 	 	 0.0021  	 0.9999  	 	 1.3883 	 0.7268  	 	 0.2375 	 0.9334  	 	 1.4351 	 0.7969  	 	 3.3939 	 0.4169
[2024/04/07 13:54:16] - 147 		 227.6 	 	 90.6 	 	 0.0010 	 	  0.0018 	 0.9999 	 	 0.0023  	 0.9998  	 	 1.3879 	 0.7279  	 	 0.2479 	 0.9293  	 	 1.4925 	 0.7876  	 	 3.4352 	 0.4085
[2024/04/07 13:59:34] - 148 		 227.6 	 	 90.4 	 	 0.0010 	 	  0.0018 	 1.0000 	 	 0.0023  	 0.9999  	 	 1.4012 	 0.7272  	 	 0.2316 	 0.9350  	 	 1.4295 	 0.7916  	 	 3.3968 	 0.4035
[2024/04/07 14:04:52] - 149 		 227.8 	 	 90.5 	 	 0.0001 	 	  0.0018 	 1.0000 	 	 0.0021  	 0.9999  	 	 1.3930 	 0.7274  	 	 0.1932 	 0.9452  	 	 1.3403 	 0.8031  	 	 3.4586 	 0.4011
[2024/04/07 14:10:13] - 150 		 228.3 	 	 90.5 	 	 0.0001 	 	  0.0018 	 1.0000 	 	 0.0022  	 0.9999  	 	 1.3970 	 0.7263  	 	 0.2002 	 0.9437  	 	 1.3991 	 0.8025  	 	 3.6268 	 0.3878
[2024/04/07 14:15:32] - 151 		 227.9 	 	 90.5 	 	 0.0001 	 	  0.0018 	 1.0000 	 	 0.0022  	 0.9999  	 	 1.3992 	 0.7268  	 	 0.2381 	 0.9348  	 	 1.5442 	 0.7886  	 	 3.6496 	 0.3937
[2024/04/07 14:20:50] - 152 		 227.9 	 	 90.7 	 	 0.0001 	 	  0.0018 	 1.0000 	 	 0.0022  	 0.9999  	 	 1.3964 	 0.7273  	 	 0.2295 	 0.9350  	 	 1.4099 	 0.7948  	 	 3.3410 	 0.4161
[2024/04/07 14:26:09] - 153 		 227.9 	 	 90.7 	 	 0.0001 	 	  0.0018 	 1.0000 	 	 0.0024  	 0.9998  	 	 1.4040 	 0.7289  	 	 0.2663 	 0.9277  	 	 1.5468 	 0.7867  	 	 3.5177 	 0.4097
[2024/04/07 14:31:27] - 154 		 228.1 	 	 90.4 	 	 0.0001 	 	  0.0018 	 1.0000 	 	 0.0023  	 0.9998  	 	 1.3917 	 0.7284  	 	 0.2167 	 0.9384  	 	 1.3798 	 0.7944  	 	 3.3411 	 0.4086
[2024/04/07 14:36:46] - 155 		 228.0 	 	 90.3 	 	 0.0001 	 	  0.0018 	 1.0000 	 	 0.0022  	 0.9999  	 	 1.3945 	 0.7257  	 	 0.2162 	 0.9381  	 	 1.3648 	 0.7980  	 	 3.3571 	 0.4093
[2024/04/07 14:42:04] - 156 		 228.0 	 	 90.6 	 	 0.0001 	 	  0.0018 	 1.0000 	 	 0.0023  	 0.9998  	 	 1.3952 	 0.7259  	 	 0.2119 	 0.9402  	 	 1.4716 	 0.7869  	 	 3.6269 	 0.3847
[2024/04/07 14:47:23] - 157 		 227.9 	 	 90.4 	 	 0.0001 	 	  0.0018 	 1.0000 	 	 0.0022  	 0.9999  	 	 1.3916 	 0.7272  	 	 0.2136 	 0.9409  	 	 1.4591 	 0.8024  	 	 3.7247 	 0.3882
[2024/04/07 14:52:41] - 158 		 228.0 	 	 90.6 	 	 0.0001 	 	  0.0018 	 1.0000 	 	 0.0022  	 0.9999  	 	 1.3985 	 0.7260  	 	 0.2449 	 0.9337  	 	 1.5162 	 0.7951  	 	 3.5931 	 0.4043
[2024/04/07 14:58:00] - 159 		 227.9 	 	 90.6 	 	 0.0001 	 	  0.0018 	 1.0000 	 	 0.0021  	 0.9999  	 	 1.3935 	 0.7267  	 	 0.1934 	 0.9455  	 	 1.3827 	 0.8039  	 	 3.5969 	 0.3959
[2024/04/07 15:03:19] - 160 		 228.1 	 	 90.5 	 	 0.0001 	 	  0.0018 	 1.0000 	 	 0.0021  	 0.9999  	 	 1.3991 	 0.7266  	 	 0.2394 	 0.9340  	 	 1.5255 	 0.7910  	 	 3.6538 	 0.3912
[2024/04/07 15:08:37] - 161 		 228.0 	 	 90.6 	 	 0.0001 	 	  0.0018 	 1.0000 	 	 0.0021  	 0.9999  	 	 1.4013 	 0.7261  	 	 0.2202 	 0.9384  	 	 1.4487 	 0.7966  	 	 3.5569 	 0.3981
[2024/04/07 15:13:55] - 162 		 227.8 	 	 90.3 	 	 0.0001 	 	  0.0018 	 1.0000 	 	 0.0023  	 0.9998  	 	 1.3942 	 0.7279  	 	 0.2761 	 0.9254  	 	 1.5508 	 0.7865  	 	 3.4443 	 0.4153
[2024/04/07 15:19:14] - 163 		 228.3 	 	 90.3 	 	 0.0001 	 	  0.0018 	 1.0000 	 	 0.0020  	 0.9999  	 	 1.3902 	 0.7271  	 	 0.1941 	 0.9444  	 	 1.3523 	 0.8049  	 	 3.4988 	 0.3964
[2024/04/07 15:24:32] - 164 		 228.0 	 	 90.2 	 	 0.0001 	 	  0.0018 	 1.0000 	 	 0.0022  	 0.9999  	 	 1.3976 	 0.7270  	 	 0.2358 	 0.9347  	 	 1.5365 	 0.7869  	 	 3.7035 	 0.3869
[2024/04/07 15:29:51] - 165 		 227.9 	 	 90.7 	 	 0.0001 	 	  0.0018 	 1.0000 	 	 0.0021  	 0.9999  	 	 1.3894 	 0.7276  	 	 0.2208 	 0.9381  	 	 1.3990 	 0.8016  	 	 3.4223 	 0.4102
[2024/04/07 15:35:09] - 166 		 227.9 	 	 90.4 	 	 0.0001 	 	  0.0018 	 1.0000 	 	 0.0021  	 0.9999  	 	 1.3921 	 0.7277  	 	 0.1990 	 0.9443  	 	 1.3490 	 0.8075  	 	 3.5189 	 0.3996
[2024/04/07 15:40:27] - 167 		 227.9 	 	 90.6 	 	 0.0001 	 	  0.0018 	 1.0000 	 	 0.0021  	 0.9999  	 	 1.3944 	 0.7282  	 	 0.2347 	 0.9342  	 	 1.4360 	 0.7894  	 	 3.3534 	 0.4131
[2024/04/07 15:45:46] - 168 		 227.9 	 	 90.6 	 	 0.0001 	 	  0.0018 	 1.0000 	 	 0.0024  	 0.9998  	 	 1.3968 	 0.7292  	 	 0.2221 	 0.9374  	 	 1.4409 	 0.7954  	 	 3.5254 	 0.3952
[2024/04/07 15:51:05] - 169 		 228.2 	 	 90.6 	 	 0.0001 	 	  0.0018 	 1.0000 	 	 0.0020  	 0.9999  	 	 1.4003 	 0.7257  	 	 0.2233 	 0.9369  	 	 1.4529 	 0.7917  	 	 3.5177 	 0.3968
[2024/04/07 15:56:23] - 170 		 227.9 	 	 90.4 	 	 0.0001 	 	  0.0018 	 1.0000 	 	 0.0020  	 0.9999  	 	 1.4013 	 0.7267  	 	 0.2143 	 0.9398  	 	 1.4362 	 0.8001  	 	 3.5991 	 0.3992
[2024/04/07 16:01:42] - 171 		 228.1 	 	 90.5 	 	 0.0001 	 	  0.0018 	 1.0000 	 	 0.0025  	 0.9998  	 	 1.4019 	 0.7268  	 	 0.2591 	 0.9301  	 	 1.5068 	 0.7885  	 	 3.4824 	 0.4025
[2024/04/07 16:07:00] - 172 		 227.8 	 	 90.9 	 	 0.0001 	 	  0.0018 	 1.0000 	 	 0.0022  	 0.9999  	 	 1.3989 	 0.7269  	 	 0.2317 	 0.9349  	 	 1.4586 	 0.7959  	 	 3.5382 	 0.3966
[2024/04/07 16:12:19] - 173 		 227.8 	 	 90.7 	 	 0.0001 	 	  0.0018 	 1.0000 	 	 0.0020  	 0.9999  	 	 1.3932 	 0.7286  	 	 0.2364 	 0.9341  	 	 1.4539 	 0.7929  	 	 3.4763 	 0.4060
[2024/04/07 16:17:37] - 174 		 227.7 	 	 90.7 	 	 0.0001 	 	  0.0018 	 1.0000 	 	 0.0022  	 0.9999  	 	 1.3867 	 0.7279  	 	 0.2128 	 0.9385  	 	 1.4114 	 0.7961  	 	 3.5149 	 0.3967
[2024/04/07 16:22:56] - 175 		 227.7 	 	 91.0 	 	 0.0001 	 	  0.0018 	 1.0000 	 	 0.0021  	 0.9999  	 	 1.3980 	 0.7276  	 	 0.2401 	 0.9334  	 	 1.5299 	 0.7910  	 	 3.6841 	 0.3907
[2024/04/07 16:28:14] - 176 		 227.7 	 	 90.8 	 	 0.0001 	 	  0.0018 	 1.0000 	 	 0.0019  	 0.9999  	 	 1.3985 	 0.7258  	 	 0.2151 	 0.9413  	 	 1.4082 	 0.8019  	 	 3.5231 	 0.4018
[2024/04/07 16:33:33] - 177 		 227.7 	 	 90.6 	 	 0.0001 	 	  0.0018 	 1.0000 	 	 0.0022  	 0.9999  	 	 1.3930 	 0.7284  	 	 0.2428 	 0.9338  	 	 1.4841 	 0.7967  	 	 3.5145 	 0.4120
[2024/04/07 16:38:51] - 178 		 227.7 	 	 90.9 	 	 0.0001 	 	  0.0018 	 1.0000 	 	 0.0021  	 0.9999  	 	 1.4029 	 0.7275  	 	 0.2438 	 0.9319  	 	 1.4956 	 0.7871  	 	 3.4672 	 0.4081
[2024/04/07 16:44:10] - 179 		 227.9 	 	 90.5 	 	 0.0001 	 	  0.0018 	 1.0000 	 	 0.0021  	 0.9999  	 	 1.3912 	 0.7294  	 	 0.2499 	 0.9315  	 	 1.4875 	 0.7934  	 	 3.4335 	 0.4169
[2024/04/07 16:49:28] - 180 		 228.0 	 	 90.6 	 	 0.0001 	 	  0.0018 	 1.0000 	 	 0.0021  	 0.9999  	 	 1.3976 	 0.7286  	 	 0.2103 	 0.9408  	 	 1.5817 	 0.7817  	 	 3.9370 	 0.3606
[2024/04/07 16:54:47] - 181 		 228.1 	 	 90.7 	 	 0.0001 	 	  0.0018 	 1.0000 	 	 0.0022  	 0.9999  	 	 1.3958 	 0.7276  	 	 0.2472 	 0.9314  	 	 1.4757 	 0.7924  	 	 3.4196 	 0.4176
[2024/04/07 17:00:06] - 182 		 228.0 	 	 90.6 	 	 0.0001 	 	  0.0018 	 1.0000 	 	 0.0022  	 0.9999  	 	 1.3865 	 0.7292  	 	 0.2151 	 0.9394  	 	 1.4346 	 0.7862  	 	 3.4884 	 0.3893
[2024/04/07 17:05:25] - 183 		 228.1 	 	 90.6 	 	 0.0001 	 	  0.0018 	 1.0000 	 	 0.0021  	 0.9999  	 	 1.3995 	 0.7287  	 	 0.2356 	 0.9358  	 	 1.5319 	 0.7880  	 	 3.6285 	 0.3930
[2024/04/07 17:10:43] - 184 		 227.9 	 	 90.6 	 	 0.0001 	 	  0.0018 	 1.0000 	 	 0.0020  	 1.0000  	 	 1.4000 	 0.7268  	 	 0.2252 	 0.9366  	 	 1.4346 	 0.7922  	 	 3.4370 	 0.4076
[2024/04/07 17:16:02] - 185 		 228.0 	 	 90.6 	 	 0.0001 	 	  0.0018 	 1.0000 	 	 0.0020  	 0.9999  	 	 1.3963 	 0.7290  	 	 0.2115 	 0.9400  	 	 1.3846 	 0.8021  	 	 3.4648 	 0.4011
[2024/04/07 17:21:20] - 186 		 227.9 	 	 90.5 	 	 0.0001 	 	  0.0018 	 1.0000 	 	 0.0020  	 1.0000  	 	 1.3987 	 0.7305  	 	 0.1937 	 0.9447  	 	 1.3531 	 0.8045  	 	 3.4942 	 0.3988
[2024/04/07 17:26:39] - 187 		 228.1 	 	 90.5 	 	 0.0001 	 	  0.0018 	 1.0000 	 	 0.0020  	 0.9999  	 	 1.3976 	 0.7293  	 	 0.2371 	 0.9340  	 	 1.4669 	 0.7987  	 	 3.5619 	 0.4012
[2024/04/07 17:31:57] - 188 		 227.8 	 	 90.6 	 	 0.0001 	 	  0.0018 	 0.9999 	 	 0.0023  	 0.9999  	 	 1.3960 	 0.7278  	 	 0.2302 	 0.9362  	 	 1.4386 	 0.7914  	 	 3.4479 	 0.4026
[2024/04/07 17:37:16] - 189 		 227.9 	 	 90.5 	 	 0.0001 	 	  0.0018 	 1.0000 	 	 0.0020  	 0.9999  	 	 1.3985 	 0.7300  	 	 0.2077 	 0.9432  	 	 1.3967 	 0.8116  	 	 3.6184 	 0.4050
[2024/04/07 17:42:34] - 190 		 228.0 	 	 90.6 	 	 0.0001 	 	  0.0018 	 1.0000 	 	 0.0022  	 0.9999  	 	 1.4050 	 0.7270  	 	 0.2100 	 0.9421  	 	 1.3935 	 0.8046  	 	 3.5106 	 0.4051
[2024/04/07 17:47:52] - 191 		 227.7 	 	 90.4 	 	 0.0001 	 	  0.0018 	 1.0000 	 	 0.0021  	 0.9999  	 	 1.3990 	 0.7281  	 	 0.2188 	 0.9375  	 	 1.4031 	 0.7905  	 	 3.3834 	 0.4027
[2024/04/07 17:53:11] - 192 		 227.9 	 	 90.7 	 	 0.0001 	 	  0.0018 	 1.0000 	 	 0.0022  	 0.9999  	 	 1.3971 	 0.7269  	 	 0.2503 	 0.9311  	 	 1.5063 	 0.7938  	 	 3.5046 	 0.4112
[2024/04/07 17:58:29] - 193 		 227.9 	 	 90.6 	 	 0.0001 	 	  0.0018 	 1.0000 	 	 0.0021  	 0.9999  	 	 1.4004 	 0.7283  	 	 0.2002 	 0.9447  	 	 1.4022 	 0.8124  	 	 3.6963 	 0.3980
[2024/04/07 18:03:48] - 194 		 227.9 	 	 90.6 	 	 0.0001 	 	  0.0018 	 1.0000 	 	 0.0021  	 0.9999  	 	 1.3985 	 0.7275  	 	 0.2141 	 0.9389  	 	 1.4500 	 0.7895  	 	 3.5450 	 0.3929
[2024/04/07 18:09:06] - 195 		 227.6 	 	 90.6 	 	 0.0001 	 	  0.0018 	 1.0000 	 	 0.0020  	 0.9999  	 	 1.3923 	 0.7299  	 	 0.2210 	 0.9365  	 	 1.4337 	 0.7909  	 	 3.5141 	 0.3938
[2024/04/07 18:14:25] - 196 		 227.8 	 	 91.0 	 	 0.0001 	 	  0.0018 	 1.0000 	 	 0.0021  	 0.9999  	 	 1.3970 	 0.7293  	 	 0.2262 	 0.9363  	 	 1.3855 	 0.7963  	 	 3.3106 	 0.4161
[2024/04/07 18:19:44] - 197 		 227.7 	 	 91.1 	 	 0.0001 	 	  0.0018 	 1.0000 	 	 0.0020  	 1.0000  	 	 1.3997 	 0.7279  	 	 0.2319 	 0.9369  	 	 1.4719 	 0.7964  	 	 3.5623 	 0.4044
[2024/04/07 18:25:02] - 198 		 227.6 	 	 90.9 	 	 0.0001 	 	  0.0018 	 1.0000 	 	 0.0021  	 0.9999  	 	 1.3973 	 0.7286  	 	 0.2229 	 0.9388  	 	 1.4373 	 0.8027  	 	 3.5867 	 0.4045
[2024/04/07 18:30:21] - 199 		 227.6 	 	 91.0 	 	 0.0001 	 	  0.0018 	 1.0000 	 	 0.0022  	 0.9999  	 	 1.3983 	 0.7294  	 	 0.2267 	 0.9368  	 	 1.4926 	 0.7880  	 	 3.5812 	 0.3961
[2024/04/07 18:35:42] - 200 		 227.9 	 	 90.5 	 	 0.0001 	 	  0.0018 	 1.0000 	 	 0.0021  	 0.9999  	 	 1.4006 	 0.7289  	 	 0.2196 	 0.9374  	 	 1.3943 	 0.8018  	 	 3.3966 	 0.4170
