[2024/05/13 20:36:56] - Namespace(att_method='norm_steep', attack_iters=10, batch_size=128, beta=2.0, chkpt_iters=50, dataset='svhn', epochs=201, epsilon=0.03137254901960784, eq_vol=1, eval_method='sign', lr_chechpoint1=100, lr_chechpoint2=150, lr_max=0.01, lr_schedule='piecewise', manual_step=0, model='PreRes18_standard', momentum=0.9, norm='l_inf', pgd_alpha=1.0, random_init=1, resume=0, seed=2, train_mode='adv_train', weight_decay=0.0005, width_factor=10)
[2024/05/13 20:36:59] - Epoch 	 Train Time 	 Test Time 	 LR 	 	 Train Loss 	 Train Acc 	 Train Adv Loss 	 Train Adv Acc 	 Train Surrogate Loss 	 Train Surrogate Acc 	 Test Loss 	 Test Acc 	 Test Adv Loss 	 Test Adv Acc 	 Test Surrogate Loss 	 Test Surrogate Acc 
[2024/05/13 20:42:32] - 0 		 236.8 	 	 95.4 	 	 0.0100  		 2.2476 	 0.1871 	 	 2.2700  	 0.1837  	 	 2.2759 	 0.1827  	 	 2.2197 	 0.1959  	 	 2.2350 	 0.1959  	 	 2.2401 	 0.1959
[2024/05/13 20:47:57] - 1 		 230.4 	 	 94.5 	 	 0.0100  		 2.2199 	 0.1943 	 	 2.2384  	 0.1887  	 	 2.2448 	 0.1867  	 	 2.1043 	 0.2439  	 	 2.1794 	 0.2190  	 	 2.2076 	 0.2106
[2024/05/13 20:53:22] - 2 		 230.1 	 	 95.1 	 	 0.0100  		 1.4070 	 0.5662 	 	 1.7960  	 0.3707  	 	 1.9758 	 0.3034  	 	 0.7431 	 0.8035  	 	 1.3528 	 0.5459  	 	 1.6539 	 0.4461
[2024/05/13 20:58:47] - 3 		 230.1 	 	 94.9 	 	 0.0100  		 0.7106 	 0.8259 	 	 1.2990  	 0.5538  	 	 1.5952 	 0.4549  	 	 0.6890 	 0.8249  	 	 1.2698 	 0.5789  	 	 1.5574 	 0.4827
[2024/05/13 21:04:14] - 4 		 230.8 	 	 96.1 	 	 0.0100  		 0.5912 	 0.8609 	 	 1.1676  	 0.5964  	 	 1.4735 	 0.4970  	 	 0.5201 	 0.8793  	 	 1.1501 	 0.6094  	 	 1.5101 	 0.4916
[2024/05/13 21:09:40] - 5 		 230.6 	 	 96.0 	 	 0.0100  		 0.5352 	 0.8776 	 	 1.1025  	 0.6182  	 	 1.4168 	 0.5149  	 	 0.4736 	 0.8910  	 	 1.0963 	 0.6317  	 	 1.4600 	 0.5196
[2024/05/13 21:15:07] - 6 		 230.7 	 	 95.7 	 	 0.0100  		 0.4992 	 0.8857 	 	 1.0545  	 0.6344  	 	 1.3716 	 0.5308  	 	 0.5708 	 0.8711  	 	 1.1065 	 0.6304  	 	 1.3915 	 0.5315
[2024/05/13 21:20:28] - 7 		 229.3 	 	 92.1 	 	 0.0100  		 0.4687 	 0.8947 	 	 1.0150  	 0.6476  	 	 1.3355 	 0.5425  	 	 0.4552 	 0.9029  	 	 1.0515 	 0.6450  	 	 1.4074 	 0.5265
[2024/05/13 21:25:50] - 8 		 229.2 	 	 92.3 	 	 0.0100  		 0.4475 	 0.9006 	 	 0.9846  	 0.6559  	 	 1.3087 	 0.5499  	 	 0.5048 	 0.9030  	 	 1.0961 	 0.6446  	 	 1.4462 	 0.5223
[2024/05/13 21:31:13] - 9 		 230.2 	 	 92.9 	 	 0.0100  		 0.4288 	 0.9053 	 	 0.9590  	 0.6644  	 	 1.2865 	 0.5567  	 	 0.4903 	 0.8943  	 	 1.0515 	 0.6524  	 	 1.3708 	 0.5515
[2024/05/13 21:36:37] - 10 		 229.9 	 	 93.9 	 	 0.0100  		 0.4106 	 0.9107 	 	 0.9330  	 0.6724  	 	 1.2616 	 0.5630  	 	 0.3821 	 0.9180  	 	 1.0690 	 0.6278  	 	 1.5501 	 0.4819
[2024/05/13 21:41:59] - 11 		 229.4 	 	 93.3 	 	 0.0100  		 0.3948 	 0.9152 	 	 0.9115  	 0.6799  	 	 1.2437 	 0.5705  	 	 0.3790 	 0.9043  	 	 1.0501 	 0.6443  	 	 1.4976 	 0.5197
[2024/05/13 21:47:22] - 12 		 229.5 	 	 93.1 	 	 0.0100  		 0.3824 	 0.9181 	 	 0.8928  	 0.6846  	 	 1.2281 	 0.5741  	 	 0.4297 	 0.9026  	 	 1.0173 	 0.6549  	 	 1.3849 	 0.5367
[2024/05/13 21:52:44] - 13 		 229.4 	 	 92.6 	 	 0.0100  		 0.3666 	 0.9226 	 	 0.8708  	 0.6928  	 	 1.2076 	 0.5806  	 	 0.4521 	 0.9057  	 	 1.0428 	 0.6607  	 	 1.4112 	 0.5378
[2024/05/13 21:58:07] - 14 		 229.7 	 	 93.0 	 	 0.0100  		 0.3560 	 0.9250 	 	 0.8535  	 0.6956  	 	 1.1934 	 0.5824  	 	 0.3501 	 0.9244  	 	 1.0170 	 0.6541  	 	 1.4948 	 0.5160
[2024/05/13 22:03:30] - 15 		 229.8 	 	 93.3 	 	 0.0100  		 0.3440 	 0.9286 	 	 0.8360  	 0.7008  	 	 1.1776 	 0.5847  	 	 0.3559 	 0.9155  	 	 1.0518 	 0.6504  	 	 1.5325 	 0.5201
[2024/05/13 22:08:52] - 16 		 229.7 	 	 92.4 	 	 0.0100  		 0.3363 	 0.9305 	 	 0.8248  	 0.7046  	 	 1.1689 	 0.5904  	 	 0.3843 	 0.9056  	 	 1.0321 	 0.6423  	 	 1.4729 	 0.5218
[2024/05/13 22:14:14] - 17 		 229.3 	 	 92.7 	 	 0.0100  		 0.3249 	 0.9328 	 	 0.8060  	 0.7107  	 	 1.1520 	 0.5943  	 	 0.3617 	 0.9186  	 	 1.0273 	 0.6459  	 	 1.5078 	 0.5067
[2024/05/13 22:19:36] - 18 		 229.3 	 	 92.3 	 	 0.0100  		 0.3156 	 0.9351 	 	 0.7923  	 0.7143  	 	 1.1397 	 0.5997  	 	 0.4235 	 0.9109  	 	 1.0256 	 0.6558  	 	 1.4256 	 0.5272
[2024/05/13 22:24:57] - 19 		 229.2 	 	 92.2 	 	 0.0100  		 0.3036 	 0.9380 	 	 0.7739  	 0.7188  	 	 1.1228 	 0.6033  	 	 0.3358 	 0.9250  	 	 1.0337 	 0.6524  	 	 1.5602 	 0.5145
[2024/05/13 22:30:20] - 20 		 229.6 	 	 93.2 	 	 0.0100  		 0.2965 	 0.9389 	 	 0.7627  	 0.7242  	 	 1.1152 	 0.6052  	 	 0.3244 	 0.9141  	 	 1.1497 	 0.6356  	 	 1.7793 	 0.5057
[2024/05/13 22:35:42] - 21 		 229.7 	 	 92.4 	 	 0.0100  		 0.2873 	 0.9413 	 	 0.7465  	 0.7279  	 	 1.0983 	 0.6090  	 	 0.3147 	 0.9288  	 	 1.0235 	 0.6560  	 	 1.5729 	 0.5133
[2024/05/13 22:41:04] - 22 		 229.7 	 	 92.2 	 	 0.0100  		 0.2767 	 0.9442 	 	 0.7314  	 0.7324  	 	 1.0843 	 0.6139  	 	 0.3076 	 0.9238  	 	 1.0987 	 0.6377  	 	 1.7252 	 0.4936
[2024/05/13 22:46:29] - 23 		 230.1 	 	 95.2 	 	 0.0100  		 0.2698 	 0.9465 	 	 0.7196  	 0.7361  	 	 1.0753 	 0.6167  	 	 0.3397 	 0.9199  	 	 1.0372 	 0.6521  	 	 1.5483 	 0.5169
[2024/05/13 22:51:52] - 24 		 229.9 	 	 93.1 	 	 0.0100  		 0.2608 	 0.9482 	 	 0.7041  	 0.7397  	 	 1.0594 	 0.6220  	 	 0.3541 	 0.9146  	 	 1.0512 	 0.6469  	 	 1.5606 	 0.5212
[2024/05/13 22:57:18] - 25 		 230.6 	 	 95.0 	 	 0.0100  		 0.2511 	 0.9504 	 	 0.6882  	 0.7442  	 	 1.0464 	 0.6246  	 	 0.3577 	 0.9050  	 	 1.1954 	 0.6264  	 	 1.8442 	 0.4867
[2024/05/13 23:02:44] - 26 		 230.1 	 	 96.0 	 	 0.0100  		 0.2456 	 0.9520 	 	 0.6792  	 0.7481  	 	 1.0389 	 0.6283  	 	 0.3601 	 0.9136  	 	 1.0655 	 0.6460  	 	 1.5864 	 0.5162
[2024/05/13 23:08:07] - 27 		 230.3 	 	 92.9 	 	 0.0100  		 0.2367 	 0.9548 	 	 0.6664  	 0.7521  	 	 1.0275 	 0.6282  	 	 0.3211 	 0.9262  	 	 1.0784 	 0.6489  	 	 1.6779 	 0.5048
[2024/05/13 23:13:30] - 28 		 229.5 	 	 92.8 	 	 0.0100  		 0.2281 	 0.9553 	 	 0.6506  	 0.7548  	 	 1.0148 	 0.6314  	 	 0.3383 	 0.9166  	 	 1.0949 	 0.6432  	 	 1.6761 	 0.5082
[2024/05/13 23:18:55] - 29 		 230.9 	 	 95.0 	 	 0.0100  		 0.2208 	 0.9567 	 	 0.6376  	 0.7590  	 	 0.9998 	 0.6371  	 	 0.3669 	 0.9134  	 	 1.0669 	 0.6465  	 	 1.5835 	 0.5140
[2024/05/13 23:24:20] - 30 		 230.7 	 	 93.7 	 	 0.0100  		 0.2121 	 0.9594 	 	 0.6227  	 0.7639  	 	 0.9842 	 0.6432  	 	 0.3325 	 0.9146  	 	 1.2031 	 0.6326  	 	 1.9041 	 0.4894
[2024/05/13 23:29:44] - 31 		 230.5 	 	 93.4 	 	 0.0100  		 0.2070 	 0.9614 	 	 0.6139  	 0.7668  	 	 0.9785 	 0.6436  	 	 0.3131 	 0.9241  	 	 1.1643 	 0.6300  	 	 1.8694 	 0.4801
[2024/05/13 23:35:08] - 32 		 229.0 	 	 95.4 	 	 0.0100  		 0.1984 	 0.9626 	 	 0.5977  	 0.7724  	 	 0.9612 	 0.6488  	 	 0.3518 	 0.9107  	 	 1.1280 	 0.6434  	 	 1.7119 	 0.5161
[2024/05/13 23:40:31] - 33 		 230.1 	 	 93.0 	 	 0.0100  		 0.1926 	 0.9637 	 	 0.5898  	 0.7731  	 	 0.9571 	 0.6493  	 	 0.3112 	 0.9190  	 	 1.3272 	 0.6080  	 	 2.1502 	 0.4591
[2024/05/13 23:45:55] - 34 		 230.4 	 	 92.9 	 	 0.0100  		 0.1856 	 0.9666 	 	 0.5768  	 0.7762  	 	 0.9443 	 0.6534  	 	 0.3245 	 0.9150  	 	 1.2614 	 0.6301  	 	 2.0363 	 0.4859
[2024/05/13 23:51:18] - 35 		 230.0 	 	 93.0 	 	 0.0100  		 0.1798 	 0.9673 	 	 0.5678  	 0.7800  	 	 0.9368 	 0.6549  	 	 0.3092 	 0.9156  	 	 1.3279 	 0.6196  	 	 2.1973 	 0.4632
[2024/05/13 23:56:40] - 36 		 229.9 	 	 92.7 	 	 0.0100  		 0.1737 	 0.9693 	 	 0.5549  	 0.7829  	 	 0.9236 	 0.6585  	 	 0.3609 	 0.9059  	 	 1.3365 	 0.5910  	 	 2.1333 	 0.4400
[2024/05/14 00:02:02] - 37 		 229.6 	 	 92.6 	 	 0.0100  		 0.1684 	 0.9707 	 	 0.5480  	 0.7843  	 	 0.9209 	 0.6602  	 	 0.3727 	 0.9048  	 	 1.2125 	 0.6288  	 	 1.8599 	 0.4871
[2024/05/14 00:07:25] - 38 		 230.0 	 	 92.8 	 	 0.0100  		 0.1612 	 0.9726 	 	 0.5331  	 0.7891  	 	 0.9048 	 0.6651  	 	 0.3281 	 0.9161  	 	 1.1812 	 0.6246  	 	 1.8709 	 0.4785
[2024/05/14 00:12:48] - 39 		 229.7 	 	 93.4 	 	 0.0100  		 0.1557 	 0.9734 	 	 0.5228  	 0.7922  	 	 0.8940 	 0.6681  	 	 0.3745 	 0.9026  	 	 1.3053 	 0.6220  	 	 2.0440 	 0.4871
[2024/05/14 00:18:11] - 40 		 229.3 	 	 93.0 	 	 0.0100  		 0.1508 	 0.9752 	 	 0.5176  	 0.7933  	 	 0.8937 	 0.6693  	 	 0.3490 	 0.9077  	 	 1.2252 	 0.6226  	 	 1.9063 	 0.4874
[2024/05/14 00:23:33] - 41 		 229.2 	 	 93.0 	 	 0.0100  		 0.1451 	 0.9759 	 	 0.5035  	 0.7996  	 	 0.8767 	 0.6738  	 	 0.3397 	 0.9050  	 	 1.3281 	 0.6174  	 	 2.1359 	 0.4804
[2024/05/14 00:28:55] - 42 		 228.9 	 	 92.8 	 	 0.0100  		 0.1406 	 0.9766 	 	 0.4955  	 0.8016  	 	 0.8679 	 0.6770  	 	 0.3290 	 0.9099  	 	 1.3503 	 0.6004  	 	 2.2112 	 0.4491
[2024/05/14 00:34:16] - 43 		 229.5 	 	 92.2 	 	 0.0100  		 0.1354 	 0.9782 	 	 0.4875  	 0.8029  	 	 0.8629 	 0.6761  	 	 0.3765 	 0.8976  	 	 1.3129 	 0.6174  	 	 2.0502 	 0.4794
[2024/05/14 00:39:38] - 44 		 229.4 	 	 92.4 	 	 0.0100  		 0.1296 	 0.9795 	 	 0.4748  	 0.8073  	 	 0.8485 	 0.6812  	 	 0.3667 	 0.8977  	 	 1.3296 	 0.6119  	 	 2.0845 	 0.4774
[2024/05/14 00:45:00] - 45 		 229.0 	 	 92.4 	 	 0.0100  		 0.1256 	 0.9799 	 	 0.4693  	 0.8093  	 	 0.8438 	 0.6818  	 	 0.3493 	 0.9050  	 	 1.3284 	 0.6115  	 	 2.1042 	 0.4702
[2024/05/14 00:50:23] - 46 		 229.1 	 	 93.8 	 	 0.0100  		 0.1191 	 0.9820 	 	 0.4557  	 0.8142  	 	 0.8321 	 0.6858  	 	 0.3826 	 0.8949  	 	 1.3659 	 0.5972  	 	 2.1525 	 0.4549
[2024/05/14 00:55:46] - 47 		 230.2 	 	 93.5 	 	 0.0100  		 0.1158 	 0.9826 	 	 0.4518  	 0.8153  	 	 0.8313 	 0.6859  	 	 0.3354 	 0.9044  	 	 1.4840 	 0.5913  	 	 2.4434 	 0.4463
[2024/05/14 01:01:09] - 48 		 229.6 	 	 92.8 	 	 0.0100  		 0.1136 	 0.9834 	 	 0.4496  	 0.8158  	 	 0.8317 	 0.6860  	 	 0.3195 	 0.9142  	 	 1.5269 	 0.6052  	 	 2.5677 	 0.4532
[2024/05/14 01:06:31] - 49 		 229.5 	 	 93.1 	 	 0.0100  		 0.1082 	 0.9842 	 	 0.4378  	 0.8199  	 	 0.8172 	 0.6899  	 	 0.3354 	 0.9110  	 	 1.3294 	 0.6054  	 	 2.1435 	 0.4587
[2024/05/14 01:11:53] - 50 		 229.1 	 	 92.7 	 	 0.0100  		 0.1033 	 0.9852 	 	 0.4265  	 0.8222  	 	 0.8055 	 0.6951  	 	 0.3958 	 0.8955  	 	 1.4261 	 0.5735  	 	 2.2498 	 0.4215
[2024/05/14 01:17:15] - 51 		 229.0 	 	 92.5 	 	 0.0100  		 0.1015 	 0.9856 	 	 0.4253  	 0.8235  	 	 0.8067 	 0.6942  	 	 0.3572 	 0.9015  	 	 1.3901 	 0.5985  	 	 2.2230 	 0.4534
[2024/05/14 01:22:38] - 52 		 229.5 	 	 93.3 	 	 0.0100  		 0.0952 	 0.9870 	 	 0.4079  	 0.8319  	 	 0.7852 	 0.7009  	 	 0.3265 	 0.9104  	 	 1.5570 	 0.5976  	 	 2.6097 	 0.4471
[2024/05/14 01:28:02] - 53 		 230.6 	 	 93.4 	 	 0.0100  		 0.0937 	 0.9875 	 	 0.4088  	 0.8293  	 	 0.7898 	 0.6996  	 	 0.3590 	 0.9035  	 	 1.3811 	 0.6005  	 	 2.2291 	 0.4498
[2024/05/14 01:33:25] - 54 		 230.1 	 	 93.2 	 	 0.0100  		 0.0921 	 0.9874 	 	 0.4035  	 0.8327  	 	 0.7825 	 0.7034  	 	 0.3377 	 0.9079  	 	 1.4665 	 0.5923  	 	 2.3986 	 0.4434
[2024/05/14 01:38:48] - 55 		 229.6 	 	 92.7 	 	 0.0100  		 0.0890 	 0.9882 	 	 0.3998  	 0.8321  	 	 0.7814 	 0.7026  	 	 0.3708 	 0.8976  	 	 1.6747 	 0.5779  	 	 2.7373 	 0.4256
[2024/05/14 01:44:09] - 56 		 229.1 	 	 92.6 	 	 0.0100  		 0.0860 	 0.9887 	 	 0.3923  	 0.8364  	 	 0.7741 	 0.7057  	 	 0.3811 	 0.8961  	 	 1.4114 	 0.5914  	 	 2.2247 	 0.4498
[2024/05/14 01:49:36] - 57 		 231.2 	 	 95.5 	 	 0.0100  		 0.0835 	 0.9891 	 	 0.3892  	 0.8373  	 	 0.7757 	 0.7044  	 	 0.4003 	 0.8911  	 	 1.5309 	 0.5559  	 	 2.4437 	 0.3986
[2024/05/14 01:54:59] - 58 		 230.6 	 	 92.8 	 	 0.0100  		 0.0792 	 0.9901 	 	 0.3772  	 0.8419  	 	 0.7596 	 0.7093  	 	 0.3838 	 0.8925  	 	 1.5706 	 0.5794  	 	 2.5330 	 0.4335
[2024/05/14 02:00:21] - 59 		 229.3 	 	 92.7 	 	 0.0100  		 0.0758 	 0.9902 	 	 0.3685  	 0.8442  	 	 0.7492 	 0.7142  	 	 0.3606 	 0.8986  	 	 1.4147 	 0.6028  	 	 2.2615 	 0.4598
[2024/05/14 02:05:43] - 60 		 229.4 	 	 92.5 	 	 0.0100  		 0.0748 	 0.9906 	 	 0.3723  	 0.8436  	 	 0.7610 	 0.7097  	 	 0.3894 	 0.8901  	 	 1.4988 	 0.5827  	 	 2.3843 	 0.4427
[2024/05/14 02:11:06] - 61 		 229.9 	 	 92.4 	 	 0.0100  		 0.0734 	 0.9915 	 	 0.3677  	 0.8443  	 	 0.7534 	 0.7122  	 	 0.3351 	 0.9045  	 	 1.5420 	 0.5857  	 	 2.5249 	 0.4364
[2024/05/14 02:16:28] - 62 		 229.4 	 	 92.7 	 	 0.0100  		 0.0719 	 0.9916 	 	 0.3675  	 0.8449  	 	 0.7595 	 0.7084  	 	 0.3620 	 0.8985  	 	 1.5463 	 0.5738  	 	 2.5157 	 0.4202
[2024/05/14 02:21:51] - 63 		 229.5 	 	 93.2 	 	 0.0100  		 0.0685 	 0.9920 	 	 0.3561  	 0.8484  	 	 0.7421 	 0.7160  	 	 0.3859 	 0.8921  	 	 1.5258 	 0.5805  	 	 2.4218 	 0.4391
[2024/05/14 02:27:13] - 64 		 229.6 	 	 92.9 	 	 0.0100  		 0.0678 	 0.9920 	 	 0.3603  	 0.8483  	 	 0.7504 	 0.7129  	 	 0.3427 	 0.9029  	 	 1.5575 	 0.5816  	 	 2.5571 	 0.4282
[2024/05/14 02:32:35] - 65 		 229.1 	 	 92.5 	 	 0.0100  		 0.0646 	 0.9928 	 	 0.3467  	 0.8516  	 	 0.7309 	 0.7195  	 	 0.3711 	 0.8949  	 	 1.6287 	 0.5701  	 	 2.6470 	 0.4192
[2024/05/14 02:37:57] - 66 		 229.6 	 	 93.0 	 	 0.0100  		 0.0636 	 0.9933 	 	 0.3490  	 0.8513  	 	 0.7393 	 0.7172  	 	 0.3601 	 0.9015  	 	 1.5462 	 0.5856  	 	 2.5039 	 0.4407
[2024/05/14 02:43:20] - 67 		 229.9 	 	 92.8 	 	 0.0100  		 0.0614 	 0.9933 	 	 0.3430  	 0.8538  	 	 0.7330 	 0.7182  	 	 0.3636 	 0.9002  	 	 1.5697 	 0.5798  	 	 2.5610 	 0.4293
[2024/05/14 02:48:42] - 68 		 229.6 	 	 92.5 	 	 0.0100  		 0.0595 	 0.9937 	 	 0.3364  	 0.8565  	 	 0.7222 	 0.7223  	 	 0.4030 	 0.8887  	 	 1.6817 	 0.5760  	 	 2.6900 	 0.4405
[2024/05/14 02:54:04] - 69 		 229.3 	 	 92.8 	 	 0.0100  		 0.0577 	 0.9939 	 	 0.3300  	 0.8591  	 	 0.7133 	 0.7265  	 	 0.3398 	 0.9063  	 	 1.7581 	 0.5681  	 	 2.9661 	 0.4158
[2024/05/14 02:59:27] - 70 		 229.5 	 	 92.7 	 	 0.0100  		 0.0566 	 0.9944 	 	 0.3314  	 0.8578  	 	 0.7200 	 0.7234  	 	 0.3156 	 0.9111  	 	 1.5574 	 0.5831  	 	 2.5787 	 0.4344
[2024/05/14 03:04:49] - 71 		 229.7 	 	 92.4 	 	 0.0100  		 0.0563 	 0.9946 	 	 0.3313  	 0.8574  	 	 0.7221 	 0.7232  	 	 0.3397 	 0.9047  	 	 1.6268 	 0.5684  	 	 2.7031 	 0.4178
[2024/05/14 03:10:11] - 72 		 229.5 	 	 92.5 	 	 0.0100  		 0.0548 	 0.9944 	 	 0.3265  	 0.8610  	 	 0.7183 	 0.7257  	 	 0.3867 	 0.8911  	 	 1.7382 	 0.5622  	 	 2.8009 	 0.4196
[2024/05/14 03:15:34] - 73 		 229.9 	 	 93.0 	 	 0.0100  		 0.0539 	 0.9946 	 	 0.3243  	 0.8617  	 	 0.7126 	 0.7261  	 	 0.3331 	 0.9050  	 	 1.5738 	 0.5850  	 	 2.5890 	 0.4395
[2024/05/14 03:20:56] - 74 		 229.8 	 	 93.0 	 	 0.0100  		 0.0517 	 0.9947 	 	 0.3163  	 0.8655  	 	 0.7030 	 0.7320  	 	 0.3764 	 0.8944  	 	 1.7068 	 0.5719  	 	 2.7591 	 0.4246
[2024/05/14 03:26:18] - 75 		 229.3 	 	 92.6 	 	 0.0100  		 0.0497 	 0.9954 	 	 0.3134  	 0.8671  	 	 0.7025 	 0.7296  	 	 0.3556 	 0.9022  	 	 1.6087 	 0.5738  	 	 2.6202 	 0.4297
[2024/05/14 03:31:41] - 76 		 229.6 	 	 92.7 	 	 0.0100  		 0.0499 	 0.9950 	 	 0.3172  	 0.8648  	 	 0.7105 	 0.7279  	 	 0.3627 	 0.8974  	 	 1.5480 	 0.5850  	 	 2.5000 	 0.4463
[2024/05/14 03:37:03] - 77 		 229.7 	 	 92.5 	 	 0.0100  		 0.0481 	 0.9958 	 	 0.3114  	 0.8658  	 	 0.7035 	 0.7307  	 	 0.3886 	 0.8884  	 	 1.6090 	 0.5631  	 	 2.5664 	 0.4199
[2024/05/14 03:42:25] - 78 		 229.6 	 	 92.6 	 	 0.0100  		 0.0470 	 0.9957 	 	 0.3076  	 0.8687  	 	 0.6989 	 0.7317  	 	 0.3232 	 0.9096  	 	 1.6151 	 0.5788  	 	 2.6913 	 0.4351
[2024/05/14 03:47:48] - 79 		 229.4 	 	 92.9 	 	 0.0100  		 0.0458 	 0.9954 	 	 0.3045  	 0.8690  	 	 0.6953 	 0.7333  	 	 0.3851 	 0.8893  	 	 1.6258 	 0.5692  	 	 2.6062 	 0.4220
[2024/05/14 03:53:09] - 80 		 229.3 	 	 92.3 	 	 0.0100  		 0.0441 	 0.9959 	 	 0.3005  	 0.8719  	 	 0.6925 	 0.7342  	 	 0.3260 	 0.9082  	 	 1.6051 	 0.5853  	 	 2.6561 	 0.4357
[2024/05/14 03:58:31] - 81 		 229.0 	 	 92.5 	 	 0.0100  		 0.0426 	 0.9964 	 	 0.2935  	 0.8752  	 	 0.6826 	 0.7381  	 	 0.4038 	 0.8832  	 	 1.5957 	 0.5623  	 	 2.5263 	 0.4211
[2024/05/14 04:03:53] - 82 		 229.4 	 	 92.5 	 	 0.0100  		 0.0425 	 0.9960 	 	 0.2972  	 0.8725  	 	 0.6888 	 0.7378  	 	 0.4215 	 0.8791  	 	 1.8102 	 0.5637  	 	 2.8777 	 0.4219
[2024/05/14 04:09:15] - 83 		 229.4 	 	 92.9 	 	 0.0100  		 0.0413 	 0.9964 	 	 0.2927  	 0.8756  	 	 0.6853 	 0.7380  	 	 0.3930 	 0.8878  	 	 1.6850 	 0.5663  	 	 2.7215 	 0.4208
[2024/05/14 04:14:37] - 84 		 229.5 	 	 92.8 	 	 0.0100  		 0.0407 	 0.9966 	 	 0.2933  	 0.8749  	 	 0.6875 	 0.7394  	 	 0.4107 	 0.8828  	 	 1.7479 	 0.5674  	 	 2.7681 	 0.4315
[2024/05/14 04:20:00] - 85 		 229.7 	 	 92.8 	 	 0.0100  		 0.0393 	 0.9966 	 	 0.2874  	 0.8770  	 	 0.6792 	 0.7392  	 	 0.3484 	 0.8993  	 	 1.7094 	 0.5673  	 	 2.8227 	 0.4225
[2024/05/14 04:25:22] - 86 		 229.4 	 	 92.6 	 	 0.0100  		 0.0389 	 0.9965 	 	 0.2862  	 0.8779  	 	 0.6792 	 0.7407  	 	 0.3499 	 0.8995  	 	 1.5550 	 0.5868  	 	 2.5086 	 0.4459
[2024/05/14 04:30:44] - 87 		 229.6 	 	 93.0 	 	 0.0100  		 0.0386 	 0.9968 	 	 0.2901  	 0.8759  	 	 0.6895 	 0.7389  	 	 0.4129 	 0.8828  	 	 1.8299 	 0.5590  	 	 2.9427 	 0.4163
[2024/05/14 04:36:07] - 88 		 229.5 	 	 92.8 	 	 0.0100  		 0.0377 	 0.9970 	 	 0.2831  	 0.8789  	 	 0.6752 	 0.7430  	 	 0.3636 	 0.9002  	 	 1.6736 	 0.5670  	 	 2.7306 	 0.4181
[2024/05/14 04:41:29] - 89 		 229.4 	 	 92.5 	 	 0.0100  		 0.0362 	 0.9972 	 	 0.2805  	 0.8796  	 	 0.6751 	 0.7429  	 	 0.3883 	 0.8899  	 	 1.6747 	 0.5673  	 	 2.6812 	 0.4283
[2024/05/14 04:46:51] - 90 		 229.5 	 	 92.9 	 	 0.0100  		 0.0369 	 0.9969 	 	 0.2820  	 0.8804  	 	 0.6766 	 0.7430  	 	 0.4217 	 0.8806  	 	 1.8345 	 0.5480  	 	 2.9251 	 0.4077
[2024/05/14 04:52:14] - 91 		 229.5 	 	 93.0 	 	 0.0100  		 0.0344 	 0.9975 	 	 0.2696  	 0.8855  	 	 0.6558 	 0.7496  	 	 0.3635 	 0.8960  	 	 1.7240 	 0.5671  	 	 2.8325 	 0.4173
[2024/05/14 04:57:36] - 92 		 229.2 	 	 92.8 	 	 0.0100  		 0.0343 	 0.9971 	 	 0.2734  	 0.8832  	 	 0.6628 	 0.7484  	 	 0.4210 	 0.8786  	 	 1.7436 	 0.5535  	 	 2.7728 	 0.4172
[2024/05/14 05:02:58] - 93 		 229.3 	 	 93.2 	 	 0.0100  		 0.0340 	 0.9971 	 	 0.2776  	 0.8819  	 	 0.6757 	 0.7432  	 	 0.4261 	 0.8759  	 	 1.7667 	 0.5653  	 	 2.7906 	 0.4307
[2024/05/14 05:08:20] - 94 		 229.3 	 	 92.7 	 	 0.0100  		 0.0320 	 0.9975 	 	 0.2652  	 0.8863  	 	 0.6539 	 0.7513  	 	 0.3551 	 0.8989  	 	 1.7550 	 0.5706  	 	 2.8857 	 0.4251
[2024/05/14 05:13:42] - 95 		 229.5 	 	 92.9 	 	 0.0100  		 0.0331 	 0.9975 	 	 0.2763  	 0.8832  	 	 0.6755 	 0.7437  	 	 0.3823 	 0.8937  	 	 1.7164 	 0.5662  	 	 2.7731 	 0.4222
[2024/05/14 05:19:05] - 96 		 229.6 	 	 92.6 	 	 0.0100  		 0.0309 	 0.9977 	 	 0.2638  	 0.8886  	 	 0.6555 	 0.7491  	 	 0.4073 	 0.8845  	 	 1.8405 	 0.5568  	 	 2.9644 	 0.4181
[2024/05/14 05:24:27] - 97 		 229.5 	 	 92.6 	 	 0.0100  		 0.0309 	 0.9976 	 	 0.2618  	 0.8880  	 	 0.6524 	 0.7518  	 	 0.3839 	 0.8864  	 	 1.7711 	 0.5542  	 	 2.8933 	 0.4062
[2024/05/14 05:29:49] - 98 		 229.7 	 	 92.8 	 	 0.0100  		 0.0310 	 0.9978 	 	 0.2681  	 0.8857  	 	 0.6677 	 0.7468  	 	 0.4302 	 0.8770  	 	 1.7822 	 0.5609  	 	 2.8115 	 0.4215
[2024/05/14 05:35:12] - 99 		 229.9 	 	 92.9 	 	 0.0010  		 0.0296 	 0.9978 	 	 0.2548  	 0.8906  	 	 0.6433 	 0.7540  	 	 0.3945 	 0.8898  	 	 1.7338 	 0.5765  	 	 2.7735 	 0.4368
[2024/05/14 05:40:35] - 100 		 229.7 	 	 92.9 	 	 0.0010  		 0.0170 	 0.9992 	 	 0.1437  	 0.9444  	 	 0.4102 	 0.8243  	 	 0.3655 	 0.8959  	 	 1.8453 	 0.5691  	 	 3.0316 	 0.4301
[2024/05/14 05:45:57] - 101 		 229.7 	 	 92.6 	 	 0.0010  		 0.0110 	 0.9995 	 	 0.1015  	 0.9602  	 	 0.3149 	 0.8657  	 	 0.3455 	 0.9004  	 	 1.7768 	 0.5879  	 	 2.8897 	 0.4548
[2024/05/14 05:51:21] - 102 		 230.1 	 	 93.0 	 	 0.0010  		 0.0092 	 0.9996 	 	 0.0880  	 0.9655  	 	 0.2859 	 0.8784  	 	 0.3700 	 0.8958  	 	 1.9581 	 0.5838  	 	 3.1386 	 0.4597
[2024/05/14 05:56:43] - 103 		 229.8 	 	 92.5 	 	 0.0010  		 0.0078 	 0.9997 	 	 0.0787  	 0.9691  	 	 0.2642 	 0.8877  	 	 0.3433 	 0.9018  	 	 1.8014 	 0.5851  	 	 2.9661 	 0.4488
[2024/05/14 06:02:05] - 104 		 229.7 	 	 92.7 	 	 0.0010  		 0.0070 	 0.9997 	 	 0.0725  	 0.9716  	 	 0.2521 	 0.8935  	 	 0.3712 	 0.8945  	 	 1.8511 	 0.5839  	 	 2.9995 	 0.4495
[2024/05/14 06:07:27] - 105 		 229.2 	 	 92.7 	 	 0.0010  		 0.0063 	 0.9998 	 	 0.0670  	 0.9742  	 	 0.2387 	 0.8995  	 	 0.3699 	 0.8945  	 	 1.9036 	 0.5818  	 	 3.0870 	 0.4469
[2024/05/14 06:12:50] - 106 		 229.1 	 	 93.3 	 	 0.0010  		 0.0057 	 0.9997 	 	 0.0639  	 0.9749  	 	 0.2345 	 0.9018  	 	 0.3324 	 0.9028  	 	 1.8577 	 0.5879  	 	 3.0420 	 0.4561
[2024/05/14 06:18:12] - 107 		 229.1 	 	 93.3 	 	 0.0010  		 0.0052 	 0.9998 	 	 0.0595  	 0.9768  	 	 0.2250 	 0.9061  	 	 0.3299 	 0.9051  	 	 1.8663 	 0.5817  	 	 3.0785 	 0.4520
[2024/05/14 06:23:34] - 108 		 229.4 	 	 92.8 	 	 0.0010  		 0.0048 	 0.9999 	 	 0.0566  	 0.9783  	 	 0.2200 	 0.9094  	 	 0.3784 	 0.8901  	 	 1.9781 	 0.5710  	 	 3.1895 	 0.4393
[2024/05/14 06:28:57] - 109 		 229.8 	 	 92.6 	 	 0.0010  		 0.0046 	 0.9998 	 	 0.0544  	 0.9788  	 	 0.2130 	 0.9129  	 	 0.3608 	 0.8978  	 	 1.9566 	 0.5845  	 	 3.1538 	 0.4579
[2024/05/14 06:34:19] - 110 		 229.9 	 	 92.7 	 	 0.0010  		 0.0041 	 0.9998 	 	 0.0519  	 0.9808  	 	 0.2133 	 0.9120  	 	 0.3878 	 0.8916  	 	 1.9544 	 0.5926  	 	 3.1080 	 0.4702
[2024/05/14 06:39:42] - 111 		 229.8 	 	 92.6 	 	 0.0010  		 0.0039 	 0.9999 	 	 0.0496  	 0.9817  	 	 0.2061 	 0.9160  	 	 0.3536 	 0.8992  	 	 1.9095 	 0.5899  	 	 3.0877 	 0.4619
[2024/05/14 06:45:04] - 112 		 229.7 	 	 92.8 	 	 0.0010  		 0.0037 	 0.9999 	 	 0.0479  	 0.9818  	 	 0.2073 	 0.9163  	 	 0.4216 	 0.8832  	 	 2.0900 	 0.5782  	 	 3.2950 	 0.4554
[2024/05/14 06:50:27] - 113 		 229.7 	 	 92.7 	 	 0.0010  		 0.0034 	 0.9998 	 	 0.0456  	 0.9836  	 	 0.2007 	 0.9187  	 	 0.3534 	 0.8996  	 	 1.9202 	 0.5907  	 	 3.1201 	 0.4601
[2024/05/14 06:55:49] - 114 		 229.5 	 	 92.8 	 	 0.0010  		 0.0032 	 0.9999 	 	 0.0444  	 0.9837  	 	 0.2021 	 0.9186  	 	 0.4015 	 0.8900  	 	 2.0398 	 0.5780  	 	 3.2805 	 0.4516
[2024/05/14 07:01:11] - 115 		 229.4 	 	 92.8 	 	 0.0010  		 0.0031 	 0.9999 	 	 0.0428  	 0.9846  	 	 0.1982 	 0.9210  	 	 0.3979 	 0.8901  	 	 2.0122 	 0.5867  	 	 3.1943 	 0.4665
[2024/05/14 07:06:34] - 116 		 229.5 	 	 92.8 	 	 0.0010  		 0.0029 	 0.9999 	 	 0.0413  	 0.9852  	 	 0.1958 	 0.9219  	 	 0.3261 	 0.9063  	 	 1.9728 	 0.5818  	 	 3.2689 	 0.4486
[2024/05/14 07:11:56] - 117 		 229.4 	 	 92.6 	 	 0.0010  		 0.0027 	 0.9999 	 	 0.0406  	 0.9855  	 	 0.1976 	 0.9213  	 	 0.3810 	 0.8929  	 	 2.0833 	 0.5733  	 	 3.4036 	 0.4422
[2024/05/14 07:17:18] - 118 		 229.5 	 	 92.7 	 	 0.0010  		 0.0025 	 0.9999 	 	 0.0386  	 0.9867  	 	 0.1927 	 0.9238  	 	 0.3271 	 0.9055  	 	 1.9513 	 0.5892  	 	 3.2048 	 0.4606
[2024/05/14 07:22:40] - 119 		 229.6 	 	 92.9 	 	 0.0010  		 0.0024 	 0.9999 	 	 0.0377  	 0.9868  	 	 0.1936 	 0.9242  	 	 0.3463 	 0.9024  	 	 2.0295 	 0.5824  	 	 3.3237 	 0.4516
[2024/05/14 07:28:03] - 120 		 229.3 	 	 93.1 	 	 0.0010  		 0.0023 	 0.9999 	 	 0.0355  	 0.9877  	 	 0.1866 	 0.9270  	 	 0.3478 	 0.9016  	 	 1.9402 	 0.5947  	 	 3.1682 	 0.4639
[2024/05/14 07:33:25] - 121 		 229.4 	 	 92.9 	 	 0.0010  		 0.0022 	 0.9999 	 	 0.0352  	 0.9880  	 	 0.1889 	 0.9266  	 	 0.3878 	 0.8937  	 	 2.0299 	 0.5837  	 	 3.2423 	 0.4629
[2024/05/14 07:38:47] - 122 		 229.2 	 	 92.7 	 	 0.0010  		 0.0021 	 0.9999 	 	 0.0349  	 0.9875  	 	 0.1897 	 0.9259  	 	 0.3842 	 0.8933  	 	 2.1023 	 0.5743  	 	 3.4217 	 0.4413
[2024/05/14 07:44:09] - 123 		 229.5 	 	 92.4 	 	 0.0010  		 0.0020 	 0.9999 	 	 0.0329  	 0.9887  	 	 0.1843 	 0.9290  	 	 0.3637 	 0.8963  	 	 1.9834 	 0.5860  	 	 3.2322 	 0.4574
[2024/05/14 07:49:31] - 124 		 229.6 	 	 92.6 	 	 0.0010  		 0.0019 	 0.9999 	 	 0.0320  	 0.9892  	 	 0.1829 	 0.9297  	 	 0.3266 	 0.9069  	 	 1.9309 	 0.5942  	 	 3.1616 	 0.4658
[2024/05/14 07:54:53] - 125 		 229.5 	 	 92.7 	 	 0.0010  		 0.0019 	 0.9999 	 	 0.0311  	 0.9901  	 	 0.1805 	 0.9305  	 	 0.3885 	 0.8935  	 	 2.0821 	 0.5872  	 	 3.3342 	 0.4595
[2024/05/14 08:00:16] - 126 		 229.5 	 	 92.7 	 	 0.0010  		 0.0018 	 0.9999 	 	 0.0300  	 0.9900  	 	 0.1810 	 0.9304  	 	 0.3555 	 0.9004  	 	 2.0650 	 0.5799  	 	 3.3827 	 0.4484
[2024/05/14 08:05:38] - 127 		 229.6 	 	 92.7 	 	 0.0010  		 0.0017 	 0.9999 	 	 0.0301  	 0.9900  	 	 0.1821 	 0.9305  	 	 0.3634 	 0.8973  	 	 2.0875 	 0.5753  	 	 3.4149 	 0.4454
[2024/05/14 08:11:00] - 128 		 229.5 	 	 93.0 	 	 0.0010  		 0.0017 	 0.9999 	 	 0.0294  	 0.9902  	 	 0.1782 	 0.9321  	 	 0.4164 	 0.8873  	 	 2.0993 	 0.5837  	 	 3.3328 	 0.4617
[2024/05/14 08:16:23] - 129 		 229.6 	 	 92.9 	 	 0.0010  		 0.0016 	 1.0000 	 	 0.0288  	 0.9905  	 	 0.1800 	 0.9317  	 	 0.3560 	 0.9015  	 	 2.0236 	 0.5905  	 	 3.2645 	 0.4651
[2024/05/14 08:21:45] - 130 		 229.6 	 	 92.9 	 	 0.0010  		 0.0016 	 0.9999 	 	 0.0274  	 0.9911  	 	 0.1747 	 0.9331  	 	 0.4007 	 0.8905  	 	 2.1587 	 0.5765  	 	 3.4362 	 0.4582
[2024/05/14 08:27:08] - 131 		 229.8 	 	 92.5 	 	 0.0010  		 0.0015 	 0.9999 	 	 0.0272  	 0.9910  	 	 0.1723 	 0.9345  	 	 0.4116 	 0.8894  	 	 2.1662 	 0.5822  	 	 3.4794 	 0.4567
[2024/05/14 08:32:30] - 132 		 229.6 	 	 92.5 	 	 0.0010  		 0.0015 	 1.0000 	 	 0.0269  	 0.9913  	 	 0.1760 	 0.9334  	 	 0.3608 	 0.8988  	 	 2.0350 	 0.5874  	 	 3.2998 	 0.4589
[2024/05/14 08:37:52] - 133 		 229.2 	 	 92.7 	 	 0.0010  		 0.0015 	 0.9999 	 	 0.0262  	 0.9917  	 	 0.1699 	 0.9361  	 	 0.3699 	 0.8962  	 	 2.1065 	 0.5799  	 	 3.4081 	 0.4544
[2024/05/14 08:43:14] - 134 		 229.4 	 	 92.8 	 	 0.0010  		 0.0014 	 0.9999 	 	 0.0251  	 0.9917  	 	 0.1726 	 0.9348  	 	 0.3734 	 0.8957  	 	 2.0352 	 0.5898  	 	 3.2537 	 0.4654
[2024/05/14 08:48:37] - 135 		 229.4 	 	 93.0 	 	 0.0010  		 0.0013 	 1.0000 	 	 0.0248  	 0.9919  	 	 0.1708 	 0.9356  	 	 0.4047 	 0.8914  	 	 2.2060 	 0.5808  	 	 3.5372 	 0.4566
[2024/05/14 08:53:59] - 136 		 229.5 	 	 93.1 	 	 0.0010  		 0.0013 	 1.0000 	 	 0.0235  	 0.9926  	 	 0.1659 	 0.9371  	 	 0.3410 	 0.9035  	 	 2.0341 	 0.5958  	 	 3.3032 	 0.4693
[2024/05/14 08:59:21] - 137 		 229.3 	 	 92.8 	 	 0.0010  		 0.0013 	 1.0000 	 	 0.0237  	 0.9925  	 	 0.1654 	 0.9378  	 	 0.4152 	 0.8849  	 	 2.2327 	 0.5673  	 	 3.5797 	 0.4408
[2024/05/14 09:04:44] - 138 		 229.4 	 	 93.0 	 	 0.0010  		 0.0013 	 1.0000 	 	 0.0232  	 0.9929  	 	 0.1641 	 0.9389  	 	 0.3497 	 0.9015  	 	 2.0822 	 0.5791  	 	 3.3926 	 0.4504
[2024/05/14 09:10:06] - 139 		 229.2 	 	 93.1 	 	 0.0010  		 0.0012 	 1.0000 	 	 0.0228  	 0.9929  	 	 0.1658 	 0.9379  	 	 0.3536 	 0.9004  	 	 2.0702 	 0.5819  	 	 3.3619 	 0.4560
[2024/05/14 09:15:28] - 140 		 229.5 	 	 92.7 	 	 0.0010  		 0.0012 	 1.0000 	 	 0.0217  	 0.9935  	 	 0.1609 	 0.9390  	 	 0.3839 	 0.8947  	 	 2.1160 	 0.5841  	 	 3.4043 	 0.4584
[2024/05/14 09:20:51] - 141 		 229.6 	 	 92.8 	 	 0.0010  		 0.0012 	 0.9999 	 	 0.0220  	 0.9929  	 	 0.1655 	 0.9393  	 	 0.3534 	 0.8995  	 	 2.1347 	 0.5755  	 	 3.4789 	 0.4481
[2024/05/14 09:26:13] - 142 		 229.6 	 	 93.0 	 	 0.0010  		 0.0011 	 1.0000 	 	 0.0214  	 0.9934  	 	 0.1615 	 0.9400  	 	 0.4558 	 0.8824  	 	 2.2825 	 0.5796  	 	 3.5640 	 0.4604
[2024/05/14 09:31:36] - 143 		 229.6 	 	 92.8 	 	 0.0010  		 0.0011 	 1.0000 	 	 0.0210  	 0.9936  	 	 0.1618 	 0.9402  	 	 0.3912 	 0.8927  	 	 2.2437 	 0.5734  	 	 3.6452 	 0.4454
[2024/05/14 09:36:58] - 144 		 229.4 	 	 92.9 	 	 0.0010  		 0.0011 	 0.9999 	 	 0.0205  	 0.9936  	 	 0.1590 	 0.9417  	 	 0.3607 	 0.9013  	 	 2.0892 	 0.5896  	 	 3.3503 	 0.4652
[2024/05/14 09:42:20] - 145 		 229.5 	 	 92.7 	 	 0.0010  		 0.0011 	 1.0000 	 	 0.0203  	 0.9937  	 	 0.1613 	 0.9400  	 	 0.3475 	 0.9022  	 	 2.0625 	 0.5801  	 	 3.3781 	 0.4510
[2024/05/14 09:47:42] - 146 		 229.6 	 	 92.6 	 	 0.0010  		 0.0010 	 1.0000 	 	 0.0194  	 0.9942  	 	 0.1585 	 0.9418  	 	 0.4086 	 0.8898  	 	 2.2254 	 0.5821  	 	 3.5445 	 0.4566
[2024/05/14 09:53:05] - 147 		 229.6 	 	 92.8 	 	 0.0010  		 0.0010 	 1.0000 	 	 0.0197  	 0.9940  	 	 0.1585 	 0.9417  	 	 0.3464 	 0.9028  	 	 2.0435 	 0.5929  	 	 3.3191 	 0.4656
[2024/05/14 09:58:27] - 148 		 229.6 	 	 93.0 	 	 0.0010  		 0.0010 	 1.0000 	 	 0.0198  	 0.9939  	 	 0.1574 	 0.9428  	 	 0.4005 	 0.8904  	 	 2.1643 	 0.5812  	 	 3.4635 	 0.4542
[2024/05/14 10:03:50] - 149 		 229.6 	 	 93.0 	 	 0.0001  		 0.0010 	 1.0000 	 	 0.0190  	 0.9942  	 	 0.1543 	 0.9432  	 	 0.3811 	 0.8956  	 	 2.1137 	 0.5887  	 	 3.3917 	 0.4655
[2024/05/14 10:09:12] - 150 		 229.5 	 	 92.8 	 	 0.0001  		 0.0010 	 1.0000 	 	 0.0166  	 0.9954  	 	 0.1460 	 0.9450  	 	 0.3573 	 0.9000  	 	 2.0840 	 0.5911  	 	 3.3625 	 0.4646
[2024/05/14 10:14:35] - 151 		 229.3 	 	 92.8 	 	 0.0001  		 0.0009 	 1.0000 	 	 0.0158  	 0.9956  	 	 0.1399 	 0.9481  	 	 0.3440 	 0.9048  	 	 1.9999 	 0.6001  	 	 3.2327 	 0.4774
[2024/05/14 10:19:57] - 152 		 229.6 	 	 93.0 	 	 0.0001  		 0.0009 	 1.0000 	 	 0.0155  	 0.9957  	 	 0.1356 	 0.9489  	 	 0.3906 	 0.8926  	 	 2.1099 	 0.5878  	 	 3.3718 	 0.4643
[2024/05/14 10:25:19] - 153 		 229.3 	 	 92.9 	 	 0.0001  		 0.0009 	 1.0000 	 	 0.0151  	 0.9958  	 	 0.1363 	 0.9488  	 	 0.3495 	 0.9041  	 	 2.0568 	 0.5964  	 	 3.3284 	 0.4689
[2024/05/14 10:30:41] - 154 		 229.3 	 	 92.8 	 	 0.0001  		 0.0009 	 1.0000 	 	 0.0148  	 0.9962  	 	 0.1354 	 0.9490  	 	 0.3888 	 0.8945  	 	 2.1050 	 0.5925  	 	 3.3695 	 0.4672
[2024/05/14 10:36:04] - 155 		 229.2 	 	 93.1 	 	 0.0001  		 0.0009 	 1.0000 	 	 0.0142  	 0.9961  	 	 0.1325 	 0.9497  	 	 0.3905 	 0.8917  	 	 2.1620 	 0.5804  	 	 3.4734 	 0.4546
[2024/05/14 10:41:26] - 156 		 229.2 	 	 93.2 	 	 0.0001  		 0.0009 	 1.0000 	 	 0.0150  	 0.9956  	 	 0.1368 	 0.9496  	 	 0.3956 	 0.8937  	 	 2.1016 	 0.5909  	 	 3.3568 	 0.4653
[2024/05/14 10:46:49] - 157 		 229.6 	 	 92.8 	 	 0.0001  		 0.0009 	 1.0000 	 	 0.0142  	 0.9963  	 	 0.1318 	 0.9495  	 	 0.4036 	 0.8903  	 	 2.1636 	 0.5823  	 	 3.4355 	 0.4615
[2024/05/14 10:52:11] - 158 		 229.5 	 	 92.7 	 	 0.0001  		 0.0008 	 1.0000 	 	 0.0141  	 0.9963  	 	 0.1320 	 0.9496  	 	 0.3402 	 0.9043  	 	 2.0449 	 0.5927  	 	 3.3281 	 0.4647
[2024/05/14 10:57:33] - 159 		 229.5 	 	 93.0 	 	 0.0001  		 0.0008 	 1.0000 	 	 0.0141  	 0.9963  	 	 0.1349 	 0.9484  	 	 0.3508 	 0.9018  	 	 2.0525 	 0.5914  	 	 3.3353 	 0.4653
[2024/05/14 11:02:56] - 160 		 229.6 	 	 92.4 	 	 0.0001  		 0.0008 	 1.0000 	 	 0.0142  	 0.9961  	 	 0.1331 	 0.9496  	 	 0.3585 	 0.9007  	 	 2.0504 	 0.5922  	 	 3.3222 	 0.4663
[2024/05/14 11:08:18] - 161 		 229.5 	 	 92.8 	 	 0.0001  		 0.0008 	 1.0000 	 	 0.0141  	 0.9962  	 	 0.1335 	 0.9504  	 	 0.3755 	 0.8977  	 	 2.1041 	 0.5854  	 	 3.3885 	 0.4597
[2024/05/14 11:13:40] - 162 		 229.5 	 	 92.8 	 	 0.0001  		 0.0008 	 1.0000 	 	 0.0140  	 0.9962  	 	 0.1330 	 0.9495  	 	 0.3518 	 0.9013  	 	 2.0581 	 0.5890  	 	 3.3229 	 0.4663
[2024/05/14 11:19:02] - 163 		 229.5 	 	 92.7 	 	 0.0001  		 0.0008 	 1.0000 	 	 0.0139  	 0.9961  	 	 0.1310 	 0.9508  	 	 0.3603 	 0.8992  	 	 2.0508 	 0.5897  	 	 3.3007 	 0.4641
[2024/05/14 11:24:25] - 164 		 229.4 	 	 93.0 	 	 0.0001  		 0.0008 	 1.0000 	 	 0.0138  	 0.9964  	 	 0.1329 	 0.9492  	 	 0.3529 	 0.9021  	 	 2.0730 	 0.5913  	 	 3.3802 	 0.4617
[2024/05/14 11:29:48] - 165 		 229.7 	 	 92.9 	 	 0.0001  		 0.0008 	 1.0000 	 	 0.0137  	 0.9965  	 	 0.1317 	 0.9498  	 	 0.3629 	 0.8996  	 	 2.0706 	 0.5892  	 	 3.3556 	 0.4644
[2024/05/14 11:35:10] - 166 		 229.5 	 	 92.8 	 	 0.0001  		 0.0008 	 1.0000 	 	 0.0132  	 0.9966  	 	 0.1306 	 0.9503  	 	 0.3720 	 0.8974  	 	 2.0855 	 0.5960  	 	 3.3355 	 0.4744
[2024/05/14 11:40:32] - 167 		 229.5 	 	 92.4 	 	 0.0001  		 0.0008 	 1.0000 	 	 0.0136  	 0.9964  	 	 0.1333 	 0.9506  	 	 0.3951 	 0.8926  	 	 2.1523 	 0.5866  	 	 3.4715 	 0.4592
[2024/05/14 11:45:54] - 168 		 229.5 	 	 93.0 	 	 0.0001  		 0.0008 	 1.0000 	 	 0.0133  	 0.9967  	 	 0.1299 	 0.9514  	 	 0.3570 	 0.9017  	 	 2.0360 	 0.5883  	 	 3.3017 	 0.4630
[2024/05/14 11:51:17] - 169 		 229.3 	 	 93.1 	 	 0.0001  		 0.0008 	 1.0000 	 	 0.0138  	 0.9963  	 	 0.1342 	 0.9496  	 	 0.3971 	 0.8947  	 	 2.1056 	 0.5966  	 	 3.3564 	 0.4720
[2024/05/14 11:56:39] - 170 		 229.3 	 	 93.0 	 	 0.0001  		 0.0008 	 1.0000 	 	 0.0135  	 0.9965  	 	 0.1310 	 0.9498  	 	 0.3624 	 0.8993  	 	 2.0522 	 0.5922  	 	 3.3152 	 0.4652
[2024/05/14 12:02:01] - 171 		 229.1 	 	 93.3 	 	 0.0001  		 0.0008 	 1.0000 	 	 0.0134  	 0.9963  	 	 0.1324 	 0.9505  	 	 0.3837 	 0.8971  	 	 2.0887 	 0.5984  	 	 3.3101 	 0.4777
[2024/05/14 12:07:24] - 172 		 229.2 	 	 93.0 	 	 0.0001  		 0.0008 	 1.0000 	 	 0.0132  	 0.9964  	 	 0.1291 	 0.9511  	 	 0.3832 	 0.8926  	 	 2.1727 	 0.5739  	 	 3.4950 	 0.4488
[2024/05/14 12:12:46] - 173 		 229.6 	 	 93.0 	 	 0.0001  		 0.0008 	 1.0000 	 	 0.0133  	 0.9964  	 	 0.1290 	 0.9504  	 	 0.4465 	 0.8819  	 	 2.2883 	 0.5711  	 	 3.6228 	 0.4510
[2024/05/14 12:18:09] - 174 		 229.5 	 	 92.8 	 	 0.0001  		 0.0008 	 1.0000 	 	 0.0132  	 0.9966  	 	 0.1316 	 0.9497  	 	 0.3551 	 0.9002  	 	 2.0776 	 0.5890  	 	 3.3841 	 0.4614
[2024/05/14 12:23:31] - 175 		 229.6 	 	 92.4 	 	 0.0001  		 0.0008 	 1.0000 	 	 0.0131  	 0.9964  	 	 0.1291 	 0.9509  	 	 0.4106 	 0.8863  	 	 2.1450 	 0.5776  	 	 3.4363 	 0.4473
[2024/05/14 12:28:53] - 176 		 229.7 	 	 92.8 	 	 0.0001  		 0.0008 	 1.0000 	 	 0.0131  	 0.9967  	 	 0.1309 	 0.9512  	 	 0.3963 	 0.8931  	 	 2.1412 	 0.5927  	 	 3.3898 	 0.4730
[2024/05/14 12:34:15] - 177 		 229.5 	 	 92.4 	 	 0.0001  		 0.0008 	 1.0000 	 	 0.0130  	 0.9966  	 	 0.1299 	 0.9514  	 	 0.4117 	 0.8896  	 	 2.1911 	 0.5839  	 	 3.4784 	 0.4637
[2024/05/14 12:39:38] - 178 		 229.7 	 	 92.6 	 	 0.0001  		 0.0008 	 1.0000 	 	 0.0130  	 0.9966  	 	 0.1294 	 0.9515  	 	 0.3923 	 0.8929  	 	 2.1197 	 0.5902  	 	 3.3797 	 0.4690
[2024/05/14 12:45:00] - 179 		 229.8 	 	 93.1 	 	 0.0001  		 0.0008 	 1.0000 	 	 0.0131  	 0.9966  	 	 0.1278 	 0.9515  	 	 0.3568 	 0.8997  	 	 2.0743 	 0.5879  	 	 3.3742 	 0.4604
[2024/05/14 12:50:23] - 180 		 230.0 	 	 92.9 	 	 0.0001  		 0.0008 	 1.0000 	 	 0.0132  	 0.9966  	 	 0.1307 	 0.9502  	 	 0.3782 	 0.8967  	 	 2.0966 	 0.5948  	 	 3.3438 	 0.4751
[2024/05/14 12:55:46] - 181 		 229.9 	 	 92.8 	 	 0.0001  		 0.0008 	 1.0000 	 	 0.0129  	 0.9968  	 	 0.1321 	 0.9502  	 	 0.3641 	 0.8997  	 	 2.1133 	 0.5869  	 	 3.4236 	 0.4598
[2024/05/14 13:01:08] - 182 		 229.5 	 	 92.7 	 	 0.0001  		 0.0008 	 1.0000 	 	 0.0127  	 0.9966  	 	 0.1279 	 0.9510  	 	 0.3449 	 0.9059  	 	 2.1333 	 0.5864  	 	 3.4619 	 0.4663
[2024/05/14 13:06:31] - 183 		 229.6 	 	 92.6 	 	 0.0001  		 0.0008 	 1.0000 	 	 0.0128  	 0.9967  	 	 0.1279 	 0.9515  	 	 0.3962 	 0.8935  	 	 2.1313 	 0.5874  	 	 3.4213 	 0.4617
[2024/05/14 13:11:54] - 184 		 230.0 	 	 93.1 	 	 0.0001  		 0.0008 	 1.0000 	 	 0.0129  	 0.9965  	 	 0.1286 	 0.9516  	 	 0.3479 	 0.9038  	 	 1.9882 	 0.5940  	 	 3.2280 	 0.4678
[2024/05/14 13:17:16] - 185 		 229.4 	 	 93.0 	 	 0.0001  		 0.0008 	 1.0000 	 	 0.0128  	 0.9966  	 	 0.1292 	 0.9510  	 	 0.3469 	 0.9026  	 	 2.0011 	 0.5972  	 	 3.2061 	 0.4757
[2024/05/14 13:22:39] - 186 		 229.5 	 	 93.6 	 	 0.0001  		 0.0008 	 1.0000 	 	 0.0127  	 0.9968  	 	 0.1270 	 0.9523  	 	 0.3784 	 0.8948  	 	 2.0932 	 0.5837  	 	 3.3816 	 0.4555
[2024/05/14 13:28:02] - 187 		 229.7 	 	 93.3 	 	 0.0001  		 0.0008 	 1.0000 	 	 0.0122  	 0.9968  	 	 0.1255 	 0.9530  	 	 0.3688 	 0.9009  	 	 2.0888 	 0.5980  	 	 3.3745 	 0.4723
[2024/05/14 13:33:27] - 188 		 229.5 	 	 94.8 	 	 0.0001  		 0.0008 	 1.0000 	 	 0.0128  	 0.9966  	 	 0.1262 	 0.9523  	 	 0.3745 	 0.8971  	 	 2.0426 	 0.5960  	 	 3.2903 	 0.4714
[2024/05/14 13:39:00] - 189 		 241.1 	 	 92.6 	 	 0.0001  		 0.0008 	 1.0000 	 	 0.0124  	 0.9967  	 	 0.1260 	 0.9532  	 	 0.3822 	 0.8950  	 	 2.1748 	 0.5741  	 	 3.5167 	 0.4447
[2024/05/14 13:44:23] - 190 		 230.0 	 	 92.6 	 	 0.0001  		 0.0008 	 1.0000 	 	 0.0126  	 0.9967  	 	 0.1286 	 0.9517  	 	 0.3581 	 0.8993  	 	 2.0300 	 0.5883  	 	 3.2825 	 0.4623
[2024/05/14 13:50:01] - 191 		 230.3 	 	 107.5 	 	 0.0001  		 0.0008 	 1.0000 	 	 0.0125  	 0.9968  	 	 0.1293 	 0.9510  	 	 0.4149 	 0.8890  	 	 2.1225 	 0.5987  	 	 3.3183 	 0.4819
[2024/05/14 13:55:24] - 192 		 230.7 	 	 92.7 	 	 0.0001  		 0.0008 	 1.0000 	 	 0.0123  	 0.9970  	 	 0.1275 	 0.9517  	 	 0.3768 	 0.8953  	 	 2.1384 	 0.5809  	 	 3.4356 	 0.4564
[2024/05/14 14:05:20] - 193 		 502.2 	 	 93.0 	 	 0.0001  		 0.0008 	 1.0000 	 	 0.0122  	 0.9970  	 	 0.1250 	 0.9526  	 	 0.3734 	 0.8969  	 	 2.0732 	 0.5812  	 	 3.3145 	 0.4560
[2024/05/14 14:13:26] - 194 		 377.1 	 	 109.5 	 	 0.0001  		 0.0008 	 1.0000 	 	 0.0123  	 0.9970  	 	 0.1281 	 0.9519  	 	 0.3372 	 0.9048  	 	 2.0227 	 0.5872  	 	 3.2903 	 0.4591
[2024/05/14 14:19:30] - 195 		 257.8 	 	 105.5 	 	 0.0001  		 0.0007 	 1.0000 	 	 0.0121  	 0.9969  	 	 0.1259 	 0.9527  	 	 0.3354 	 0.9048  	 	 2.0535 	 0.5866  	 	 3.3658 	 0.4581
[2024/05/14 14:25:04] - 196 		 241.7 	 	 92.7 	 	 0.0001  		 0.0007 	 1.0000 	 	 0.0119  	 0.9971  	 	 0.1273 	 0.9521  	 	 0.3886 	 0.8951  	 	 2.1211 	 0.5898  	 	 3.4066 	 0.4645
[2024/05/14 14:30:31] - 197 		 234.6 	 	 92.8 	 	 0.0001  		 0.0007 	 1.0000 	 	 0.0122  	 0.9971  	 	 0.1265 	 0.9510  	 	 0.3836 	 0.8971  	 	 2.1884 	 0.5860  	 	 3.5065 	 0.4624
[2024/05/14 14:38:26] - 198 		 381.2 	 	 93.2 	 	 0.0001  		 0.0007 	 1.0000 	 	 0.0123  	 0.9970  	 	 0.1265 	 0.9529  	 	 0.3543 	 0.9007  	 	 2.0679 	 0.5878  	 	 3.3621 	 0.4620
[2024/05/14 14:49:19] - 199 		 550.6 	 	 102.9 	 	 0.0001  		 0.0007 	 1.0000 	 	 0.0122  	 0.9970  	 	 0.1252 	 0.9529  	 	 0.3603 	 0.9030  	 	 2.0790 	 0.5991  	 	 3.3651 	 0.4726
[2024/05/14 14:54:54] - 200 		 231.8 	 	 102.5 	 	 0.0001  		 0.0007 	 1.0000 	 	 0.0119  	 0.9970  	 	 0.1269 	 0.9529  	 	 0.3462 	 0.9055  	 	 2.0206 	 0.6025  	 	 3.2681 	 0.4756
