[2024/05/17 22:12:18] - Namespace(att_method='norm_steep', attack_iters=10, batch_size=128, beta=8.0, chkpt_iters=50, dataset='svhn', epochs=201, epsilon=0.03137254901960784, eq_vol=1, eval_method='sign', lr_chechpoint1=100, lr_chechpoint2=150, lr_max=0.01, lr_schedule='piecewise', manual_step=0, model='PreRes18_standard', momentum=0.9, norm='l_inf', pgd_alpha=1.0, random_init=1, resume=0, seed=1, train_mode='adv_train', weight_decay=0.0005, width_factor=10)
[2024/05/17 22:12:23] - Epoch 	 Train Time 	 Test Time 	 LR 	 	 Train Loss 	 Train Acc 	 Train Adv Loss 	 Train Adv Acc 	 Train Surrogate Loss 	 Train Surrogate Acc 	 Test Loss 	 Test Acc 	 Test Adv Loss 	 Test Adv Acc 	 Test Surrogate Loss 	 Test Surrogate Acc 
[2024/05/17 22:19:23] - 0 		 302.4 	 	 117.8 	 	 0.0100  		 2.2481 	 0.1862 	 	 2.2724  	 0.1828  	 	 2.2754 	 0.1823  	 	 2.2198 	 0.1960  	 	 2.2351 	 0.1960  	 	 2.2374 	 0.1960
[2024/05/17 22:26:15] - 1 		 295.2 	 	 117.1 	 	 0.0100  		 2.2219 	 0.1934 	 	 2.2399  	 0.1884  	 	 2.2425 	 0.1877  	 	 2.1364 	 0.2260  	 	 2.1904 	 0.2100  	 	 2.1985 	 0.2073
[2024/05/17 22:33:07] - 2 		 294.5 	 	 116.8 	 	 0.0100  		 1.6452 	 0.4692 	 	 1.9605  	 0.3077  	 	 2.0122 	 0.2871  	 	 0.9629 	 0.7585  	 	 1.5185 	 0.4953  	 	 1.6007 	 0.4631
[2024/05/17 22:39:59] - 3 		 294.6 	 	 117.2 	 	 0.0100  		 0.8089 	 0.8020 	 	 1.4278  	 0.5114  	 	 1.5292 	 0.4760  	 	 0.6783 	 0.8471  	 	 1.3372 	 0.5607  	 	 1.4401 	 0.5220
[2024/05/17 22:46:50] - 4 		 294.4 	 	 116.7 	 	 0.0100  		 0.6612 	 0.8455 	 	 1.2827  	 0.5623  	 	 1.3859 	 0.5245  	 	 0.5778 	 0.8592  	 	 1.2758 	 0.5676  	 	 1.3917 	 0.5268
[2024/05/17 22:53:41] - 5 		 294.5 	 	 116.9 	 	 0.0100  		 0.5951 	 0.8652 	 	 1.2068  	 0.5875  	 	 1.3098 	 0.5512  	 	 0.5442 	 0.8725  	 	 1.2132 	 0.5931  	 	 1.3230 	 0.5555
[2024/05/17 23:00:33] - 6 		 294.6 	 	 117.6 	 	 0.0100  		 0.5550 	 0.8763 	 	 1.1602  	 0.6045  	 	 1.2637 	 0.5668  	 	 0.4855 	 0.8949  	 	 1.2033 	 0.6021  	 	 1.3295 	 0.5596
[2024/05/17 23:07:25] - 7 		 294.7 	 	 116.9 	 	 0.0100  		 0.5218 	 0.8850 	 	 1.1175  	 0.6178  	 	 1.2209 	 0.5807  	 	 0.5234 	 0.8854  	 	 1.1506 	 0.6220  	 	 1.2553 	 0.5834
[2024/05/17 23:14:17] - 8 		 294.6 	 	 116.9 	 	 0.0100  		 0.4979 	 0.8922 	 	 1.0887  	 0.6275  	 	 1.1929 	 0.5908  	 	 0.4145 	 0.9042  	 	 1.1430 	 0.6169  	 	 1.2759 	 0.5758
[2024/05/17 23:21:09] - 9 		 294.2 	 	 117.6 	 	 0.0100  		 0.4780 	 0.8968 	 	 1.0621  	 0.6334  	 	 1.1664 	 0.5976  	 	 0.5313 	 0.8941  	 	 1.1373 	 0.6336  	 	 1.2344 	 0.5960
[2024/05/17 23:28:00] - 10 		 294.8 	 	 117.1 	 	 0.0100  		 0.4619 	 0.9022 	 	 1.0405  	 0.6408  	 	 1.1442 	 0.6043  	 	 0.4800 	 0.8962  	 	 1.1331 	 0.6330  	 	 1.2426 	 0.5975
[2024/05/17 23:34:53] - 11 		 294.9 	 	 117.2 	 	 0.0100  		 0.4467 	 0.9045 	 	 1.0195  	 0.6490  	 	 1.1241 	 0.6115  	 	 0.5296 	 0.8713  	 	 1.1708 	 0.6101  	 	 1.2777 	 0.5742
[2024/05/17 23:41:46] - 12 		 295.1 	 	 118.3 	 	 0.0100  		 0.4328 	 0.9091 	 	 1.0000  	 0.6528  	 	 1.1049 	 0.6155  	 	 0.4234 	 0.9041  	 	 1.1384 	 0.6158  	 	 1.2707 	 0.5715
[2024/05/17 23:48:37] - 13 		 294.2 	 	 117.2 	 	 0.0100  		 0.4217 	 0.9112 	 	 0.9828  	 0.6606  	 	 1.0874 	 0.6230  	 	 0.4837 	 0.8997  	 	 1.1280 	 0.6260  	 	 1.2418 	 0.5867
[2024/05/17 23:55:31] - 14 		 295.6 	 	 117.7 	 	 0.0100  		 0.4091 	 0.9152 	 	 0.9649  	 0.6655  	 	 1.0703 	 0.6279  	 	 0.4375 	 0.9053  	 	 1.0778 	 0.6417  	 	 1.1866 	 0.6072
[2024/05/18 00:02:23] - 15 		 295.1 	 	 117.2 	 	 0.0100  		 0.3982 	 0.9178 	 	 0.9493  	 0.6703  	 	 1.0543 	 0.6320  	 	 0.3631 	 0.9203  	 	 1.1114 	 0.6266  	 	 1.2563 	 0.5833
[2024/05/18 00:09:15] - 16 		 294.7 	 	 117.2 	 	 0.0100  		 0.3883 	 0.9200 	 	 0.9343  	 0.6730  	 	 1.0401 	 0.6351  	 	 0.4231 	 0.9022  	 	 1.1179 	 0.6361  	 	 1.2432 	 0.5958
[2024/05/18 00:16:08] - 17 		 294.8 	 	 118.0 	 	 0.0100  		 0.3771 	 0.9228 	 	 0.9179  	 0.6776  	 	 1.0240 	 0.6401  	 	 0.3901 	 0.9160  	 	 1.0897 	 0.6436  	 	 1.2178 	 0.6045
[2024/05/18 00:23:00] - 18 		 294.9 	 	 116.9 	 	 0.0100  		 0.3680 	 0.9251 	 	 0.9038  	 0.6835  	 	 1.0102 	 0.6448  	 	 0.4932 	 0.8896  	 	 1.1024 	 0.6395  	 	 1.2065 	 0.6032
[2024/05/18 00:29:52] - 19 		 295.0 	 	 117.4 	 	 0.0100  		 0.3608 	 0.9265 	 	 0.8907  	 0.6872  	 	 0.9968 	 0.6477  	 	 0.4101 	 0.9172  	 	 1.0945 	 0.6391  	 	 1.2181 	 0.5999
[2024/05/18 00:36:44] - 20 		 294.7 	 	 117.6 	 	 0.0100  		 0.3520 	 0.9290 	 	 0.8767  	 0.6895  	 	 0.9827 	 0.6513  	 	 0.3668 	 0.9159  	 	 1.1292 	 0.6183  	 	 1.2793 	 0.5741
[2024/05/18 00:43:36] - 21 		 295.2 	 	 116.9 	 	 0.0100  		 0.3435 	 0.9305 	 	 0.8664  	 0.6936  	 	 0.9737 	 0.6544  	 	 0.3289 	 0.9215  	 	 1.1991 	 0.6171  	 	 1.3809 	 0.5710
[2024/05/18 00:50:28] - 22 		 294.6 	 	 117.2 	 	 0.0100  		 0.3368 	 0.9331 	 	 0.8530  	 0.6960  	 	 0.9604 	 0.6559  	 	 0.3749 	 0.9134  	 	 1.1561 	 0.6200  	 	 1.3085 	 0.5753
[2024/05/18 00:57:21] - 23 		 295.2 	 	 117.6 	 	 0.0100  		 0.3275 	 0.9348 	 	 0.8390  	 0.7007  	 	 0.9473 	 0.6605  	 	 0.4666 	 0.9038  	 	 1.0773 	 0.6457  	 	 1.1813 	 0.6100
[2024/05/18 01:04:13] - 24 		 295.2 	 	 117.2 	 	 0.0100  		 0.3194 	 0.9365 	 	 0.8252  	 0.7050  	 	 0.9338 	 0.6658  	 	 0.4386 	 0.9066  	 	 1.1109 	 0.6240  	 	 1.2356 	 0.5819
[2024/05/18 01:11:06] - 25 		 295.0 	 	 117.2 	 	 0.0100  		 0.3123 	 0.9395 	 	 0.8149  	 0.7082  	 	 0.9236 	 0.6685  	 	 0.3451 	 0.9217  	 	 1.1298 	 0.6296  	 	 1.2888 	 0.5848
[2024/05/18 01:17:59] - 26 		 295.4 	 	 117.8 	 	 0.0100  		 0.3061 	 0.9396 	 	 0.8043  	 0.7116  	 	 0.9134 	 0.6698  	 	 0.3898 	 0.9098  	 	 1.1787 	 0.6135  	 	 1.3302 	 0.5723
[2024/05/18 01:24:51] - 27 		 295.2 	 	 116.9 	 	 0.0100  		 0.2967 	 0.9421 	 	 0.7871  	 0.7164  	 	 0.8960 	 0.6760  	 	 0.3856 	 0.9024  	 	 1.2321 	 0.6013  	 	 1.4007 	 0.5577
[2024/05/18 01:31:44] - 28 		 295.0 	 	 117.9 	 	 0.0100  		 0.2897 	 0.9434 	 	 0.7767  	 0.7183  	 	 0.8860 	 0.6757  	 	 0.4097 	 0.9080  	 	 1.1126 	 0.6333  	 	 1.2478 	 0.5907
[2024/05/18 01:38:36] - 29 		 295.1 	 	 117.1 	 	 0.0100  		 0.2827 	 0.9451 	 	 0.7654  	 0.7217  	 	 0.8750 	 0.6805  	 	 0.4290 	 0.8994  	 	 1.1772 	 0.6337  	 	 1.3172 	 0.5912
[2024/05/18 01:45:30] - 30 		 296.0 	 	 117.4 	 	 0.0100  		 0.2763 	 0.9475 	 	 0.7534  	 0.7249  	 	 0.8632 	 0.6844  	 	 0.3626 	 0.9106  	 	 1.1789 	 0.6172  	 	 1.3480 	 0.5718
[2024/05/18 01:52:22] - 31 		 295.2 	 	 117.1 	 	 0.0100  		 0.2685 	 0.9484 	 	 0.7407  	 0.7285  	 	 0.8507 	 0.6884  	 	 0.3284 	 0.9173  	 	 1.2247 	 0.6179  	 	 1.4201 	 0.5719
[2024/05/18 01:59:14] - 32 		 294.8 	 	 117.6 	 	 0.0100  		 0.2613 	 0.9500 	 	 0.7273  	 0.7328  	 	 0.8378 	 0.6913  	 	 0.3487 	 0.9164  	 	 1.2397 	 0.6189  	 	 1.4269 	 0.5713
[2024/05/18 02:06:07] - 33 		 295.1 	 	 117.2 	 	 0.0100  		 0.2549 	 0.9515 	 	 0.7191  	 0.7345  	 	 0.8300 	 0.6917  	 	 0.4116 	 0.9038  	 	 1.1738 	 0.6252  	 	 1.3258 	 0.5810
[2024/05/18 02:12:59] - 34 		 295.1 	 	 117.2 	 	 0.0100  		 0.2480 	 0.9532 	 	 0.7042  	 0.7381  	 	 0.8150 	 0.6957  	 	 0.3815 	 0.9115  	 	 1.1682 	 0.6284  	 	 1.3252 	 0.5851
[2024/05/18 02:19:54] - 35 		 295.6 	 	 119.4 	 	 0.0100  		 0.2435 	 0.9550 	 	 0.6973  	 0.7391  	 	 0.8088 	 0.6970  	 	 0.3985 	 0.9035  	 	 1.1675 	 0.6244  	 	 1.3234 	 0.5839
[2024/05/18 02:26:48] - 36 		 295.6 	 	 117.8 	 	 0.0100  		 0.2362 	 0.9559 	 	 0.6834  	 0.7445  	 	 0.7953 	 0.7007  	 	 0.3278 	 0.9182  	 	 1.2912 	 0.6029  	 	 1.5120 	 0.5527
[2024/05/18 02:33:41] - 37 		 295.5 	 	 117.3 	 	 0.0100  		 0.2299 	 0.9566 	 	 0.6746  	 0.7476  	 	 0.7871 	 0.7045  	 	 0.3368 	 0.9156  	 	 1.3060 	 0.6102  	 	 1.5193 	 0.5624
[2024/05/18 02:40:34] - 38 		 295.6 	 	 117.8 	 	 0.0100  		 0.2274 	 0.9587 	 	 0.6694  	 0.7488  	 	 0.7819 	 0.7043  	 	 0.3936 	 0.9049  	 	 1.2204 	 0.6201  	 	 1.3927 	 0.5768
[2024/05/18 02:47:27] - 39 		 295.8 	 	 117.7 	 	 0.0100  		 0.2207 	 0.9598 	 	 0.6566  	 0.7517  	 	 0.7690 	 0.7067  	 	 0.3387 	 0.9183  	 	 1.3118 	 0.6076  	 	 1.5275 	 0.5598
[2024/05/18 02:54:21] - 40 		 295.9 	 	 117.3 	 	 0.0100  		 0.2139 	 0.9614 	 	 0.6432  	 0.7560  	 	 0.7560 	 0.7127  	 	 0.3909 	 0.9098  	 	 1.2383 	 0.6177  	 	 1.4176 	 0.5724
[2024/05/18 03:01:14] - 41 		 295.7 	 	 117.8 	 	 0.0100  		 0.2064 	 0.9625 	 	 0.6293  	 0.7591  	 	 0.7419 	 0.7155  	 	 0.4057 	 0.9000  	 	 1.2771 	 0.6081  	 	 1.4596 	 0.5630
[2024/05/18 03:08:07] - 42 		 295.5 	 	 117.4 	 	 0.0100  		 0.2036 	 0.9644 	 	 0.6276  	 0.7604  	 	 0.7415 	 0.7147  	 	 0.3853 	 0.9026  	 	 1.2930 	 0.6142  	 	 1.4867 	 0.5698
[2024/05/18 03:15:03] - 43 		 297.0 	 	 119.2 	 	 0.0100  		 0.1971 	 0.9657 	 	 0.6151  	 0.7637  	 	 0.7297 	 0.7187  	 	 0.3501 	 0.9128  	 	 1.3004 	 0.6088  	 	 1.5110 	 0.5617
[2024/05/18 03:21:57] - 44 		 295.6 	 	 117.5 	 	 0.0100  		 0.1928 	 0.9664 	 	 0.6066  	 0.7667  	 	 0.7213 	 0.7208  	 	 0.3215 	 0.9204  	 	 1.2560 	 0.6134  	 	 1.4659 	 0.5669
[2024/05/18 03:28:50] - 45 		 295.9 	 	 118.0 	 	 0.0100  		 0.1874 	 0.9672 	 	 0.5959  	 0.7687  	 	 0.7097 	 0.7253  	 	 0.3760 	 0.9119  	 	 1.2712 	 0.6048  	 	 1.4710 	 0.5522
[2024/05/18 03:35:44] - 46 		 295.8 	 	 117.7 	 	 0.0100  		 0.1845 	 0.9685 	 	 0.5907  	 0.7699  	 	 0.7053 	 0.7251  	 	 0.3633 	 0.9058  	 	 1.3416 	 0.5982  	 	 1.5616 	 0.5519
[2024/05/18 03:42:38] - 47 		 296.2 	 	 117.5 	 	 0.0100  		 0.1785 	 0.9701 	 	 0.5787  	 0.7747  	 	 0.6923 	 0.7288  	 	 0.4116 	 0.8959  	 	 1.3165 	 0.6152  	 	 1.5063 	 0.5768
[2024/05/18 03:49:32] - 48 		 295.9 	 	 118.3 	 	 0.0100  		 0.1757 	 0.9697 	 	 0.5753  	 0.7747  	 	 0.6910 	 0.7281  	 	 0.3869 	 0.8942  	 	 1.4320 	 0.5874  	 	 1.6647 	 0.5428
[2024/05/18 03:56:26] - 49 		 295.6 	 	 117.9 	 	 0.0100  		 0.1703 	 0.9715 	 	 0.5657  	 0.7771  	 	 0.6814 	 0.7304  	 	 0.3338 	 0.9130  	 	 1.5357 	 0.5845  	 	 1.8200 	 0.5340
[2024/05/18 04:03:20] - 50 		 296.2 	 	 118.1 	 	 0.0100  		 0.1676 	 0.9725 	 	 0.5609  	 0.7791  	 	 0.6775 	 0.7323  	 	 0.3277 	 0.9139  	 	 1.4031 	 0.6057  	 	 1.6464 	 0.5586
[2024/05/18 04:10:13] - 51 		 295.5 	 	 117.4 	 	 0.0100  		 0.1629 	 0.9736 	 	 0.5527  	 0.7817  	 	 0.6695 	 0.7358  	 	 0.3561 	 0.9057  	 	 1.3292 	 0.6073  	 	 1.5442 	 0.5593
[2024/05/18 04:17:05] - 52 		 295.4 	 	 117.2 	 	 0.0100  		 0.1570 	 0.9741 	 	 0.5389  	 0.7857  	 	 0.6548 	 0.7383  	 	 0.3590 	 0.9053  	 	 1.4628 	 0.5879  	 	 1.7198 	 0.5367
[2024/05/18 04:23:58] - 53 		 295.2 	 	 117.9 	 	 0.0100  		 0.1542 	 0.9751 	 	 0.5351  	 0.7859  	 	 0.6512 	 0.7397  	 	 0.3735 	 0.9063  	 	 1.3230 	 0.6046  	 	 1.5362 	 0.5571
[2024/05/18 04:30:51] - 54 		 295.2 	 	 117.6 	 	 0.0100  		 0.1503 	 0.9764 	 	 0.5279  	 0.7892  	 	 0.6449 	 0.7404  	 	 0.3422 	 0.9102  	 	 1.5272 	 0.5796  	 	 1.8046 	 0.5310
[2024/05/18 04:37:44] - 55 		 295.2 	 	 117.6 	 	 0.0100  		 0.1478 	 0.9767 	 	 0.5245  	 0.7906  	 	 0.6423 	 0.7412  	 	 0.4054 	 0.8954  	 	 1.3329 	 0.6026  	 	 1.5306 	 0.5571
[2024/05/18 04:44:37] - 56 		 295.1 	 	 117.8 	 	 0.0100  		 0.1447 	 0.9775 	 	 0.5185  	 0.7920  	 	 0.6367 	 0.7435  	 	 0.3451 	 0.9117  	 	 1.4619 	 0.5921  	 	 1.7288 	 0.5407
[2024/05/18 04:51:30] - 57 		 295.7 	 	 117.1 	 	 0.0100  		 0.1427 	 0.9776 	 	 0.5157  	 0.7928  	 	 0.6334 	 0.7449  	 	 0.3865 	 0.8944  	 	 1.4998 	 0.5896  	 	 1.7456 	 0.5462
[2024/05/18 04:58:22] - 58 		 295.0 	 	 117.5 	 	 0.0100  		 0.1380 	 0.9792 	 	 0.5039  	 0.7960  	 	 0.6209 	 0.7475  	 	 0.3797 	 0.8962  	 	 1.4669 	 0.5895  	 	 1.7084 	 0.5428
[2024/05/18 05:05:16] - 59 		 295.8 	 	 117.8 	 	 0.0100  		 0.1361 	 0.9790 	 	 0.5037  	 0.7974  	 	 0.6218 	 0.7467  	 	 0.3784 	 0.8988  	 	 1.4775 	 0.5826  	 	 1.7179 	 0.5374
[2024/05/18 05:12:09] - 60 		 295.4 	 	 117.5 	 	 0.0100  		 0.1338 	 0.9800 	 	 0.4967  	 0.7983  	 	 0.6146 	 0.7496  	 	 0.3979 	 0.8915  	 	 1.4922 	 0.5817  	 	 1.7385 	 0.5332
[2024/05/18 05:19:02] - 61 		 295.2 	 	 118.0 	 	 0.0100  		 0.1303 	 0.9810 	 	 0.4899  	 0.8008  	 	 0.6085 	 0.7512  	 	 0.3734 	 0.9060  	 	 1.3530 	 0.6028  	 	 1.5701 	 0.5560
[2024/05/18 05:25:55] - 62 		 295.7 	 	 117.4 	 	 0.0100  		 0.1263 	 0.9817 	 	 0.4827  	 0.8033  	 	 0.6010 	 0.7535  	 	 0.3898 	 0.8925  	 	 1.6183 	 0.5642  	 	 1.9015 	 0.5138
[2024/05/18 05:32:48] - 63 		 295.7 	 	 117.5 	 	 0.0100  		 0.1245 	 0.9823 	 	 0.4823  	 0.8030  	 	 0.6027 	 0.7531  	 	 0.3196 	 0.9145  	 	 1.4729 	 0.5879  	 	 1.7488 	 0.5361
[2024/05/18 05:39:41] - 64 		 295.1 	 	 117.8 	 	 0.0100  		 0.1222 	 0.9822 	 	 0.4760  	 0.8076  	 	 0.5958 	 0.7558  	 	 0.3323 	 0.9103  	 	 1.5446 	 0.5690  	 	 1.8312 	 0.5166
[2024/05/18 05:46:34] - 65 		 295.5 	 	 117.3 	 	 0.0100  		 0.1209 	 0.9833 	 	 0.4753  	 0.8057  	 	 0.5955 	 0.7549  	 	 0.4304 	 0.8833  	 	 1.4145 	 0.5898  	 	 1.6295 	 0.5492
[2024/05/18 05:53:27] - 66 		 295.1 	 	 117.4 	 	 0.0100  		 0.1187 	 0.9833 	 	 0.4701  	 0.8070  	 	 0.5909 	 0.7566  	 	 0.3695 	 0.9030  	 	 1.5577 	 0.5725  	 	 1.8419 	 0.5189
[2024/05/18 06:00:20] - 67 		 295.0 	 	 117.8 	 	 0.0100  		 0.1172 	 0.9837 	 	 0.4695  	 0.8082  	 	 0.5906 	 0.7557  	 	 0.3534 	 0.9042  	 	 1.4620 	 0.5884  	 	 1.7129 	 0.5393
[2024/05/18 06:07:12] - 68 		 295.3 	 	 117.4 	 	 0.0100  		 0.1119 	 0.9850 	 	 0.4524  	 0.8130  	 	 0.5713 	 0.7616  	 	 0.3320 	 0.9110  	 	 1.5166 	 0.5881  	 	 1.7984 	 0.5350
[2024/05/18 06:14:05] - 69 		 295.0 	 	 117.6 	 	 0.0100  		 0.1112 	 0.9849 	 	 0.4539  	 0.8139  	 	 0.5739 	 0.7615  	 	 0.3420 	 0.9078  	 	 1.4897 	 0.5910  	 	 1.7526 	 0.5431
[2024/05/18 06:20:58] - 70 		 294.9 	 	 117.7 	 	 0.0100  		 0.1099 	 0.9853 	 	 0.4544  	 0.8121  	 	 0.5752 	 0.7615  	 	 0.4226 	 0.8818  	 	 1.6473 	 0.5668  	 	 1.9218 	 0.5215
[2024/05/18 06:27:54] - 71 		 296.3 	 	 119.6 	 	 0.0100  		 0.1076 	 0.9857 	 	 0.4501  	 0.8144  	 	 0.5714 	 0.7611  	 	 0.3801 	 0.8998  	 	 1.5127 	 0.5854  	 	 1.7727 	 0.5361
[2024/05/18 06:34:56] - 72 		 302.1 	 	 120.0 	 	 0.0100  		 0.1063 	 0.9855 	 	 0.4444  	 0.8151  	 	 0.5647 	 0.7641  	 	 0.3431 	 0.9055  	 	 1.5792 	 0.5824  	 	 1.8720 	 0.5310
[2024/05/18 06:41:55] - 73 		 300.1 	 	 118.9 	 	 0.0100  		 0.1026 	 0.9863 	 	 0.4359  	 0.8200  	 	 0.5565 	 0.7662  	 	 0.3808 	 0.8979  	 	 1.6639 	 0.5725  	 	 1.9575 	 0.5241
[2024/05/18 06:48:54] - 74 		 299.2 	 	 120.2 	 	 0.0100  		 0.1019 	 0.9866 	 	 0.4369  	 0.8189  	 	 0.5583 	 0.7661  	 	 0.3417 	 0.9079  	 	 1.4546 	 0.5750  	 	 1.7220 	 0.5232
[2024/05/18 06:55:55] - 75 		 300.9 	 	 119.6 	 	 0.0100  		 0.1026 	 0.9868 	 	 0.4399  	 0.8160  	 	 0.5621 	 0.7638  	 	 0.3558 	 0.9066  	 	 1.4788 	 0.5792  	 	 1.7500 	 0.5289
[2024/05/18 07:02:54] - 76 		 300.0 	 	 119.3 	 	 0.0100  		 0.1011 	 0.9874 	 	 0.4352  	 0.8188  	 	 0.5568 	 0.7662  	 	 0.3457 	 0.9055  	 	 1.5820 	 0.5844  	 	 1.8636 	 0.5353
[2024/05/18 07:09:54] - 77 		 300.2 	 	 119.9 	 	 0.0100  		 0.0974 	 0.9873 	 	 0.4267  	 0.8210  	 	 0.5472 	 0.7690  	 	 0.3120 	 0.9161  	 	 1.6046 	 0.5817  	 	 1.9214 	 0.5302
[2024/05/18 07:16:54] - 78 		 300.1 	 	 119.2 	 	 0.0100  		 0.0961 	 0.9877 	 	 0.4246  	 0.8225  	 	 0.5470 	 0.7693  	 	 0.4140 	 0.8861  	 	 1.5713 	 0.5655  	 	 1.8322 	 0.5202
[2024/05/18 07:23:52] - 79 		 299.2 	 	 119.3 	 	 0.0100  		 0.0955 	 0.9881 	 	 0.4249  	 0.8224  	 	 0.5474 	 0.7693  	 	 0.3561 	 0.9070  	 	 1.4817 	 0.5751  	 	 1.7520 	 0.5246
[2024/05/18 07:30:52] - 80 		 299.4 	 	 120.1 	 	 0.0100  		 0.0908 	 0.9891 	 	 0.4108  	 0.8279  	 	 0.5309 	 0.7736  	 	 0.3578 	 0.9050  	 	 1.5393 	 0.5782  	 	 1.8130 	 0.5272
[2024/05/18 07:37:56] - 81 		 304.1 	 	 120.4 	 	 0.0100  		 0.0909 	 0.9886 	 	 0.4122  	 0.8279  	 	 0.5339 	 0.7746  	 	 0.3229 	 0.9109  	 	 1.6338 	 0.5743  	 	 1.9442 	 0.5260
[2024/05/18 07:45:02] - 82 		 306.4 	 	 119.8 	 	 0.0100  		 0.0901 	 0.9891 	 	 0.4112  	 0.8280  	 	 0.5331 	 0.7739  	 	 0.3723 	 0.8980  	 	 1.5549 	 0.5726  	 	 1.8343 	 0.5216
[2024/05/18 07:52:03] - 83 		 300.8 	 	 119.5 	 	 0.0100  		 0.0878 	 0.9893 	 	 0.4047  	 0.8308  	 	 0.5257 	 0.7765  	 	 0.3341 	 0.9057  	 	 1.7122 	 0.5774  	 	 2.0400 	 0.5261
[2024/05/18 07:59:01] - 84 		 298.9 	 	 119.4 	 	 0.0100  		 0.0865 	 0.9897 	 	 0.4038  	 0.8298  	 	 0.5251 	 0.7778  	 	 0.3510 	 0.9048  	 	 1.6808 	 0.5671  	 	 1.9940 	 0.5139
[2024/05/18 08:06:00] - 85 		 299.9 	 	 119.2 	 	 0.0100  		 0.0865 	 0.9903 	 	 0.4056  	 0.8285  	 	 0.5281 	 0.7734  	 	 0.4037 	 0.8894  	 	 1.6633 	 0.5604  	 	 1.9591 	 0.5089
[2024/05/18 08:13:06] - 86 		 304.0 	 	 122.1 	 	 0.0100  		 0.0839 	 0.9900 	 	 0.3981  	 0.8326  	 	 0.5189 	 0.7790  	 	 0.3669 	 0.8994  	 	 1.6012 	 0.5722  	 	 1.8845 	 0.5217
[2024/05/18 08:20:11] - 87 		 304.0 	 	 120.4 	 	 0.0100  		 0.0840 	 0.9899 	 	 0.4018  	 0.8298  	 	 0.5252 	 0.7761  	 	 0.3287 	 0.9120  	 	 1.6495 	 0.5658  	 	 1.9671 	 0.5136
[2024/05/18 08:27:13] - 88 		 302.9 	 	 119.5 	 	 0.0100  		 0.0833 	 0.9899 	 	 0.3987  	 0.8312  	 	 0.5216 	 0.7763  	 	 0.3375 	 0.9064  	 	 1.6619 	 0.5826  	 	 1.9759 	 0.5330
[2024/05/18 08:34:12] - 89 		 300.1 	 	 119.0 	 	 0.0100  		 0.0797 	 0.9906 	 	 0.3878  	 0.8350  	 	 0.5095 	 0.7801  	 	 0.3598 	 0.8989  	 	 1.7389 	 0.5592  	 	 2.0730 	 0.5035
[2024/05/18 08:41:12] - 90 		 300.3 	 	 119.6 	 	 0.0100  		 0.0788 	 0.9905 	 	 0.3840  	 0.8363  	 	 0.5055 	 0.7821  	 	 0.3922 	 0.8935  	 	 1.6599 	 0.5610  	 	 1.9543 	 0.5140
[2024/05/18 08:48:11] - 91 		 300.0 	 	 119.2 	 	 0.0100  		 0.0779 	 0.9911 	 	 0.3843  	 0.8362  	 	 0.5060 	 0.7820  	 	 0.3663 	 0.8988  	 	 1.6044 	 0.5690  	 	 1.8922 	 0.5190
[2024/05/18 08:55:10] - 92 		 298.9 	 	 119.3 	 	 0.0100  		 0.0785 	 0.9913 	 	 0.3882  	 0.8343  	 	 0.5121 	 0.7794  	 	 0.3338 	 0.9094  	 	 1.6025 	 0.5696  	 	 1.9058 	 0.5186
[2024/05/18 09:02:10] - 93 		 300.2 	 	 119.8 	 	 0.0100  		 0.0765 	 0.9909 	 	 0.3793  	 0.8403  	 	 0.5007 	 0.7848  	 	 0.3644 	 0.8966  	 	 1.7670 	 0.5523  	 	 2.1031 	 0.5019
[2024/05/18 09:09:12] - 94 		 301.7 	 	 120.2 	 	 0.0100  		 0.0750 	 0.9917 	 	 0.3787  	 0.8388  	 	 0.5011 	 0.7836  	 	 0.3974 	 0.8906  	 	 1.6887 	 0.5688  	 	 1.9896 	 0.5187
[2024/05/18 09:16:11] - 95 		 300.2 	 	 119.2 	 	 0.0100  		 0.0741 	 0.9917 	 	 0.3781  	 0.8389  	 	 0.4996 	 0.7849  	 	 0.3365 	 0.9064  	 	 1.7506 	 0.5610  	 	 2.0924 	 0.5088
[2024/05/18 09:23:11] - 96 		 300.4 	 	 119.7 	 	 0.0100  		 0.0749 	 0.9918 	 	 0.3835  	 0.8363  	 	 0.5076 	 0.7815  	 	 0.3834 	 0.8913  	 	 1.6698 	 0.5674  	 	 1.9605 	 0.5201
[2024/05/18 09:30:11] - 97 		 300.3 	 	 119.2 	 	 0.0100  		 0.0733 	 0.9922 	 	 0.3766  	 0.8395  	 	 0.4997 	 0.7843  	 	 0.3787 	 0.8929  	 	 1.6011 	 0.5685  	 	 1.8822 	 0.5205
[2024/05/18 09:37:10] - 98 		 300.0 	 	 118.9 	 	 0.0100  		 0.0725 	 0.9920 	 	 0.3723  	 0.8411  	 	 0.4938 	 0.7873  	 	 0.3830 	 0.8944  	 	 1.5533 	 0.5724  	 	 1.8247 	 0.5249
[2024/05/18 09:44:09] - 99 		 300.3 	 	 119.6 	 	 0.0010  		 0.0707 	 0.9923 	 	 0.3710  	 0.8413  	 	 0.4942 	 0.7866  	 	 0.3589 	 0.9025  	 	 1.6024 	 0.5675  	 	 1.8999 	 0.5176
[2024/05/18 09:51:08] - 100 		 299.4 	 	 119.3 	 	 0.0010  		 0.0463 	 0.9959 	 	 0.2393  	 0.8982  	 	 0.3226 	 0.8521  	 	 0.3122 	 0.9108  	 	 1.7007 	 0.5767  	 	 2.0329 	 0.5273
[2024/05/18 09:58:08] - 101 		 300.4 	 	 119.6 	 	 0.0010  		 0.0342 	 0.9972 	 	 0.1905  	 0.9165  	 	 0.2612 	 0.8772  	 	 0.3131 	 0.9122  	 	 1.7015 	 0.5737  	 	 2.0368 	 0.5248
[2024/05/18 10:05:09] - 102 		 300.5 	 	 120.1 	 	 0.0010  		 0.0298 	 0.9975 	 	 0.1728  	 0.9236  	 	 0.2389 	 0.8874  	 	 0.3762 	 0.8940  	 	 1.8385 	 0.5714  	 	 2.1753 	 0.5241
[2024/05/18 10:12:08] - 103 		 299.7 	 	 119.8 	 	 0.0010  		 0.0267 	 0.9980 	 	 0.1605  	 0.9291  	 	 0.2240 	 0.8921  	 	 0.3478 	 0.9007  	 	 1.7337 	 0.5729  	 	 2.0611 	 0.5248
[2024/05/18 10:19:08] - 104 		 300.2 	 	 119.1 	 	 0.0010  		 0.0241 	 0.9981 	 	 0.1508  	 0.9333  	 	 0.2126 	 0.8970  	 	 0.3347 	 0.9054  	 	 1.8112 	 0.5795  	 	 2.1631 	 0.5304
[2024/05/18 10:26:07] - 105 		 299.5 	 	 119.6 	 	 0.0010  		 0.0223 	 0.9983 	 	 0.1433  	 0.9354  	 	 0.2036 	 0.9004  	 	 0.3600 	 0.8980  	 	 1.8513 	 0.5731  	 	 2.1976 	 0.5235
[2024/05/18 10:33:07] - 106 		 300.4 	 	 120.0 	 	 0.0010  		 0.0206 	 0.9983 	 	 0.1373  	 0.9386  	 	 0.1968 	 0.9038  	 	 0.3470 	 0.9036  	 	 1.9118 	 0.5750  	 	 2.2819 	 0.5269
[2024/05/18 10:40:07] - 107 		 300.3 	 	 119.4 	 	 0.0010  		 0.0193 	 0.9988 	 	 0.1320  	 0.9401  	 	 0.1903 	 0.9073  	 	 0.3450 	 0.9005  	 	 1.9015 	 0.5664  	 	 2.2717 	 0.5171
[2024/05/18 10:47:07] - 108 		 300.4 	 	 119.4 	 	 0.0010  		 0.0179 	 0.9987 	 	 0.1261  	 0.9430  	 	 0.1835 	 0.9106  	 	 0.3762 	 0.8957  	 	 2.1154 	 0.5628  	 	 2.5260 	 0.5159
[2024/05/18 10:54:07] - 109 		 299.7 	 	 120.7 	 	 0.0010  		 0.0168 	 0.9988 	 	 0.1211  	 0.9460  	 	 0.1784 	 0.9124  	 	 0.3376 	 0.9053  	 	 1.9645 	 0.5693  	 	 2.3460 	 0.5215
[2024/05/18 11:01:07] - 110 		 300.2 	 	 119.1 	 	 0.0010  		 0.0159 	 0.9990 	 	 0.1171  	 0.9476  	 	 0.1735 	 0.9151  	 	 0.3292 	 0.9067  	 	 1.8832 	 0.5775  	 	 2.2578 	 0.5303
[2024/05/18 11:08:07] - 111 		 300.7 	 	 119.5 	 	 0.0010  		 0.0149 	 0.9990 	 	 0.1136  	 0.9496  	 	 0.1703 	 0.9178  	 	 0.3554 	 0.8992  	 	 2.0166 	 0.5591  	 	 2.4057 	 0.5131
[2024/05/18 11:15:05] - 112 		 299.3 	 	 119.1 	 	 0.0010  		 0.0143 	 0.9991 	 	 0.1106  	 0.9509  	 	 0.1668 	 0.9185  	 	 0.3219 	 0.9076  	 	 1.8632 	 0.5758  	 	 2.2315 	 0.5296
[2024/05/18 11:22:03] - 113 		 298.4 	 	 118.9 	 	 0.0010  		 0.0133 	 0.9992 	 	 0.1070  	 0.9523  	 	 0.1634 	 0.9210  	 	 0.4076 	 0.8903  	 	 2.0543 	 0.5650  	 	 2.4328 	 0.5185
[2024/05/18 11:29:01] - 114 		 299.4 	 	 119.1 	 	 0.0010  		 0.0127 	 0.9993 	 	 0.1036  	 0.9542  	 	 0.1587 	 0.9235  	 	 0.3915 	 0.8929  	 	 2.1777 	 0.5595  	 	 2.5957 	 0.5131
[2024/05/18 11:35:59] - 115 		 299.3 	 	 118.8 	 	 0.0010  		 0.0119 	 0.9992 	 	 0.0994  	 0.9561  	 	 0.1529 	 0.9257  	 	 0.3499 	 0.9001  	 	 2.0548 	 0.5595  	 	 2.4634 	 0.5109
[2024/05/18 11:42:59] - 116 		 299.6 	 	 119.5 	 	 0.0010  		 0.0115 	 0.9993 	 	 0.0979  	 0.9576  	 	 0.1514 	 0.9273  	 	 0.3829 	 0.8917  	 	 2.0898 	 0.5582  	 	 2.4960 	 0.5087
[2024/05/18 11:49:58] - 117 		 300.3 	 	 119.1 	 	 0.0010  		 0.0109 	 0.9994 	 	 0.0953  	 0.9582  	 	 0.1497 	 0.9281  	 	 0.3360 	 0.9060  	 	 2.0210 	 0.5678  	 	 2.4214 	 0.5207
[2024/05/18 11:56:55] - 118 		 297.7 	 	 119.2 	 	 0.0010  		 0.0105 	 0.9994 	 	 0.0933  	 0.9599  	 	 0.1472 	 0.9304  	 	 0.3721 	 0.8961  	 	 2.1795 	 0.5560  	 	 2.6095 	 0.5098
[2024/05/18 12:03:55] - 119 		 300.2 	 	 120.0 	 	 0.0010  		 0.0098 	 0.9996 	 	 0.0903  	 0.9609  	 	 0.1441 	 0.9315  	 	 0.3528 	 0.8978  	 	 2.0609 	 0.5540  	 	 2.4764 	 0.5028
[2024/05/18 12:10:55] - 120 		 300.9 	 	 119.1 	 	 0.0010  		 0.0095 	 0.9995 	 	 0.0880  	 0.9620  	 	 0.1420 	 0.9330  	 	 0.3417 	 0.9030  	 	 2.0549 	 0.5679  	 	 2.4612 	 0.5220
[2024/05/18 12:17:55] - 121 		 299.8 	 	 120.1 	 	 0.0010  		 0.0091 	 0.9995 	 	 0.0863  	 0.9625  	 	 0.1397 	 0.9338  	 	 0.3969 	 0.8918  	 	 2.1985 	 0.5559  	 	 2.6162 	 0.5083
[2024/05/18 12:24:54] - 122 		 299.8 	 	 119.3 	 	 0.0010  		 0.0087 	 0.9996 	 	 0.0842  	 0.9635  	 	 0.1386 	 0.9344  	 	 0.3537 	 0.8992  	 	 2.0683 	 0.5681  	 	 2.4699 	 0.5218
[2024/05/18 12:31:53] - 123 		 300.1 	 	 118.9 	 	 0.0010  		 0.0084 	 0.9996 	 	 0.0825  	 0.9656  	 	 0.1361 	 0.9358  	 	 0.3356 	 0.9052  	 	 2.0614 	 0.5718  	 	 2.4703 	 0.5253
[2024/05/18 12:38:53] - 124 		 300.0 	 	 119.2 	 	 0.0010  		 0.0080 	 0.9996 	 	 0.0810  	 0.9652  	 	 0.1346 	 0.9369  	 	 0.3899 	 0.8933  	 	 2.2034 	 0.5637  	 	 2.6221 	 0.5158
[2024/05/18 12:45:53] - 125 		 300.4 	 	 120.0 	 	 0.0010  		 0.0079 	 0.9997 	 	 0.0796  	 0.9666  	 	 0.1318 	 0.9386  	 	 0.3665 	 0.8981  	 	 2.1263 	 0.5634  	 	 2.5389 	 0.5182
[2024/05/18 12:52:53] - 126 		 301.0 	 	 119.3 	 	 0.0010  		 0.0075 	 0.9996 	 	 0.0778  	 0.9664  	 	 0.1298 	 0.9396  	 	 0.3389 	 0.9029  	 	 2.0849 	 0.5582  	 	 2.5046 	 0.5075
[2024/05/18 12:59:55] - 127 		 300.9 	 	 120.5 	 	 0.0010  		 0.0073 	 0.9997 	 	 0.0757  	 0.9681  	 	 0.1289 	 0.9407  	 	 0.3772 	 0.8959  	 	 2.2055 	 0.5628  	 	 2.6243 	 0.5180
[2024/05/18 13:06:55] - 128 		 300.4 	 	 119.3 	 	 0.0010  		 0.0069 	 0.9997 	 	 0.0744  	 0.9691  	 	 0.1265 	 0.9411  	 	 0.4265 	 0.8863  	 	 2.3274 	 0.5528  	 	 2.7699 	 0.5059
[2024/05/18 13:13:53] - 129 		 299.6 	 	 119.1 	 	 0.0010  		 0.0066 	 0.9997 	 	 0.0714  	 0.9703  	 	 0.1234 	 0.9426  	 	 0.3659 	 0.8977  	 	 2.2228 	 0.5551  	 	 2.6607 	 0.5083
[2024/05/18 13:20:53] - 130 		 299.7 	 	 119.8 	 	 0.0010  		 0.0064 	 0.9997 	 	 0.0718  	 0.9701  	 	 0.1247 	 0.9424  	 	 0.3614 	 0.8984  	 	 2.1787 	 0.5533  	 	 2.6173 	 0.5037
[2024/05/18 13:27:52] - 131 		 299.9 	 	 119.2 	 	 0.0010  		 0.0063 	 0.9997 	 	 0.0699  	 0.9713  	 	 0.1210 	 0.9443  	 	 0.3273 	 0.9059  	 	 2.0624 	 0.5683  	 	 2.4764 	 0.5192
[2024/05/18 13:34:53] - 132 		 301.7 	 	 119.6 	 	 0.0010  		 0.0060 	 0.9998 	 	 0.0684  	 0.9716  	 	 0.1191 	 0.9449  	 	 0.3501 	 0.9029  	 	 2.1045 	 0.5725  	 	 2.5176 	 0.5277
[2024/05/18 13:41:52] - 133 		 300.6 	 	 118.4 	 	 0.0010  		 0.0059 	 0.9997 	 	 0.0671  	 0.9718  	 	 0.1189 	 0.9453  	 	 0.3940 	 0.8919  	 	 2.2689 	 0.5582  	 	 2.7071 	 0.5130
[2024/05/18 13:48:53] - 134 		 300.0 	 	 120.6 	 	 0.0010  		 0.0056 	 0.9998 	 	 0.0655  	 0.9736  	 	 0.1165 	 0.9467  	 	 0.3892 	 0.8900  	 	 2.2259 	 0.5468  	 	 2.6573 	 0.5020
[2024/05/18 13:55:53] - 135 		 300.6 	 	 119.6 	 	 0.0010  		 0.0055 	 0.9998 	 	 0.0654  	 0.9733  	 	 0.1168 	 0.9473  	 	 0.4103 	 0.8888  	 	 2.3331 	 0.5530  	 	 2.7746 	 0.5077
[2024/05/18 14:02:52] - 136 		 300.1 	 	 118.8 	 	 0.0010  		 0.0054 	 0.9998 	 	 0.0641  	 0.9736  	 	 0.1148 	 0.9473  	 	 0.3578 	 0.9002  	 	 2.1397 	 0.5677  	 	 2.5666 	 0.5195
[2024/05/18 14:09:52] - 137 		 299.8 	 	 119.7 	 	 0.0010  		 0.0052 	 0.9998 	 	 0.0621  	 0.9748  	 	 0.1127 	 0.9485  	 	 0.3858 	 0.8921  	 	 2.2201 	 0.5602  	 	 2.6452 	 0.5146
[2024/05/18 14:16:51] - 138 		 299.9 	 	 119.5 	 	 0.0010  		 0.0050 	 0.9998 	 	 0.0619  	 0.9749  	 	 0.1116 	 0.9498  	 	 0.3524 	 0.9046  	 	 2.2732 	 0.5710  	 	 2.7231 	 0.5221
[2024/05/18 14:23:50] - 139 		 299.9 	 	 119.5 	 	 0.0010  		 0.0050 	 0.9997 	 	 0.0611  	 0.9755  	 	 0.1115 	 0.9500  	 	 0.3790 	 0.8964  	 	 2.2159 	 0.5641  	 	 2.6413 	 0.5174
[2024/05/18 14:30:51] - 140 		 300.6 	 	 119.9 	 	 0.0010  		 0.0048 	 0.9998 	 	 0.0604  	 0.9753  	 	 0.1105 	 0.9496  	 	 0.3755 	 0.8969  	 	 2.1978 	 0.5673  	 	 2.6104 	 0.5225
[2024/05/18 14:37:50] - 141 		 300.1 	 	 119.4 	 	 0.0010  		 0.0047 	 0.9998 	 	 0.0604  	 0.9758  	 	 0.1118 	 0.9502  	 	 0.3589 	 0.8996  	 	 2.2277 	 0.5531  	 	 2.6725 	 0.5076
[2024/05/18 14:44:50] - 142 		 299.9 	 	 119.3 	 	 0.0010  		 0.0045 	 0.9998 	 	 0.0596  	 0.9761  	 	 0.1114 	 0.9490  	 	 0.3724 	 0.9024  	 	 2.2699 	 0.5686  	 	 2.7183 	 0.5201
[2024/05/18 14:51:49] - 143 		 299.5 	 	 119.7 	 	 0.0010  		 0.0044 	 0.9999 	 	 0.0575  	 0.9771  	 	 0.1080 	 0.9510  	 	 0.3527 	 0.9010  	 	 2.2464 	 0.5584  	 	 2.6988 	 0.5093
[2024/05/18 14:58:48] - 144 		 300.1 	 	 119.2 	 	 0.0010  		 0.0043 	 0.9998 	 	 0.0558  	 0.9775  	 	 0.1060 	 0.9531  	 	 0.4245 	 0.8868  	 	 2.2650 	 0.5568  	 	 2.6891 	 0.5125
[2024/05/18 15:05:47] - 145 		 299.7 	 	 119.2 	 	 0.0010  		 0.0042 	 0.9998 	 	 0.0563  	 0.9775  	 	 0.1067 	 0.9524  	 	 0.3341 	 0.9039  	 	 2.1166 	 0.5670  	 	 2.5458 	 0.5203
[2024/05/18 15:12:47] - 146 		 300.6 	 	 119.0 	 	 0.0010  		 0.0041 	 0.9999 	 	 0.0536  	 0.9777  	 	 0.1026 	 0.9541  	 	 0.3886 	 0.8954  	 	 2.2575 	 0.5641  	 	 2.6928 	 0.5208
[2024/05/18 15:19:47] - 147 		 300.4 	 	 119.3 	 	 0.0010  		 0.0040 	 0.9998 	 	 0.0542  	 0.9785  	 	 0.1033 	 0.9544  	 	 0.4093 	 0.8916  	 	 2.3733 	 0.5536  	 	 2.8362 	 0.5052
[2024/05/18 15:26:47] - 148 		 300.6 	 	 119.3 	 	 0.0010  		 0.0040 	 0.9998 	 	 0.0543  	 0.9786  	 	 0.1045 	 0.9540  	 	 0.3856 	 0.8938  	 	 2.2995 	 0.5583  	 	 2.7469 	 0.5099
[2024/05/18 15:33:47] - 149 		 300.3 	 	 120.1 	 	 0.0001  		 0.0038 	 0.9999 	 	 0.0524  	 0.9790  	 	 0.1016 	 0.9557  	 	 0.3219 	 0.9093  	 	 2.1447 	 0.5719  	 	 2.5862 	 0.5251
[2024/05/18 15:40:46] - 150 		 299.5 	 	 119.2 	 	 0.0001  		 0.0035 	 0.9998 	 	 0.0446  	 0.9833  	 	 0.0881 	 0.9612  	 	 0.3348 	 0.9053  	 	 2.1730 	 0.5644  	 	 2.6169 	 0.5154
[2024/05/18 15:47:44] - 151 		 298.9 	 	 119.4 	 	 0.0001  		 0.0033 	 0.9999 	 	 0.0435  	 0.9835  	 	 0.0854 	 0.9629  	 	 0.3788 	 0.8969  	 	 2.1941 	 0.5657  	 	 2.5970 	 0.5242
[2024/05/18 15:54:43] - 152 		 299.6 	 	 119.3 	 	 0.0001  		 0.0031 	 0.9999 	 	 0.0412  	 0.9849  	 	 0.0828 	 0.9644  	 	 0.3619 	 0.8992  	 	 2.2266 	 0.5676  	 	 2.6669 	 0.5214
[2024/05/18 16:01:43] - 153 		 299.7 	 	 120.0 	 	 0.0001  		 0.0031 	 0.9999 	 	 0.0413  	 0.9842  	 	 0.0816 	 0.9644  	 	 0.4114 	 0.8900  	 	 2.3604 	 0.5578  	 	 2.8133 	 0.5116
[2024/05/18 16:08:42] - 154 		 299.2 	 	 120.1 	 	 0.0001  		 0.0030 	 0.9999 	 	 0.0402  	 0.9851  	 	 0.0811 	 0.9651  	 	 0.3477 	 0.9021  	 	 2.2067 	 0.5658  	 	 2.6500 	 0.5188
[2024/05/18 16:15:42] - 155 		 300.2 	 	 119.5 	 	 0.0001  		 0.0030 	 0.9999 	 	 0.0398  	 0.9851  	 	 0.0797 	 0.9651  	 	 0.3430 	 0.9028  	 	 2.1903 	 0.5642  	 	 2.6330 	 0.5161
[2024/05/18 16:22:41] - 156 		 300.1 	 	 119.2 	 	 0.0001  		 0.0030 	 0.9999 	 	 0.0392  	 0.9851  	 	 0.0794 	 0.9654  	 	 0.3287 	 0.9065  	 	 2.1552 	 0.5636  	 	 2.5942 	 0.5194
[2024/05/18 16:29:41] - 157 		 299.6 	 	 119.7 	 	 0.0001  		 0.0029 	 0.9999 	 	 0.0388  	 0.9856  	 	 0.0783 	 0.9663  	 	 0.3659 	 0.8973  	 	 2.2871 	 0.5572  	 	 2.7413 	 0.5113
[2024/05/18 16:36:40] - 158 		 300.2 	 	 119.3 	 	 0.0001  		 0.0029 	 0.9999 	 	 0.0390  	 0.9853  	 	 0.0785 	 0.9656  	 	 0.3652 	 0.9009  	 	 2.2372 	 0.5693  	 	 2.6738 	 0.5218
[2024/05/18 16:43:39] - 159 		 299.6 	 	 119.3 	 	 0.0001  		 0.0029 	 0.9999 	 	 0.0381  	 0.9854  	 	 0.0774 	 0.9665  	 	 0.3217 	 0.9087  	 	 2.1490 	 0.5701  	 	 2.5795 	 0.5239
[2024/05/18 16:50:39] - 160 		 300.3 	 	 119.9 	 	 0.0001  		 0.0029 	 0.9999 	 	 0.0386  	 0.9857  	 	 0.0776 	 0.9670  	 	 0.3715 	 0.8978  	 	 2.2679 	 0.5599  	 	 2.7180 	 0.5122
[2024/05/18 16:57:39] - 161 		 300.5 	 	 119.3 	 	 0.0001  		 0.0029 	 0.9999 	 	 0.0378  	 0.9858  	 	 0.0777 	 0.9659  	 	 0.3641 	 0.8985  	 	 2.2644 	 0.5650  	 	 2.7111 	 0.5207
[2024/05/18 17:04:39] - 162 		 300.3 	 	 119.2 	 	 0.0001  		 0.0028 	 0.9999 	 	 0.0383  	 0.9857  	 	 0.0786 	 0.9658  	 	 0.4250 	 0.8893  	 	 2.3796 	 0.5602  	 	 2.8334 	 0.5139
[2024/05/18 17:11:39] - 163 		 300.0 	 	 120.0 	 	 0.0001  		 0.0028 	 0.9999 	 	 0.0374  	 0.9862  	 	 0.0766 	 0.9670  	 	 0.3235 	 0.9087  	 	 2.1629 	 0.5688  	 	 2.6023 	 0.5207
[2024/05/18 17:18:40] - 164 		 301.4 	 	 119.6 	 	 0.0001  		 0.0028 	 0.9999 	 	 0.0372  	 0.9865  	 	 0.0764 	 0.9672  	 	 0.3821 	 0.8960  	 	 2.3282 	 0.5551  	 	 2.7826 	 0.5061
[2024/05/18 17:25:39] - 165 		 299.7 	 	 119.4 	 	 0.0001  		 0.0028 	 0.9999 	 	 0.0374  	 0.9862  	 	 0.0760 	 0.9674  	 	 0.3805 	 0.8949  	 	 2.3315 	 0.5631  	 	 2.7875 	 0.5181
[2024/05/18 17:32:42] - 166 		 302.4 	 	 120.4 	 	 0.0001  		 0.0028 	 0.9999 	 	 0.0363  	 0.9865  	 	 0.0742 	 0.9679  	 	 0.3343 	 0.9042  	 	 2.1808 	 0.5659  	 	 2.6209 	 0.5182
[2024/05/18 17:39:43] - 167 		 301.2 	 	 119.9 	 	 0.0001  		 0.0027 	 0.9999 	 	 0.0369  	 0.9866  	 	 0.0756 	 0.9672  	 	 0.3506 	 0.9039  	 	 2.2506 	 0.5699  	 	 2.7006 	 0.5246
[2024/05/18 17:46:45] - 168 		 302.4 	 	 119.7 	 	 0.0001  		 0.0027 	 1.0000 	 	 0.0367  	 0.9865  	 	 0.0759 	 0.9671  	 	 0.3515 	 0.9008  	 	 2.2472 	 0.5605  	 	 2.6972 	 0.5132
[2024/05/18 17:53:46] - 169 		 301.6 	 	 119.4 	 	 0.0001  		 0.0027 	 0.9999 	 	 0.0363  	 0.9867  	 	 0.0753 	 0.9674  	 	 0.3900 	 0.8943  	 	 2.3887 	 0.5566  	 	 2.8505 	 0.5090
[2024/05/18 18:00:45] - 170 		 299.7 	 	 119.6 	 	 0.0001  		 0.0027 	 0.9999 	 	 0.0360  	 0.9867  	 	 0.0748 	 0.9680  	 	 0.3355 	 0.9062  	 	 2.2274 	 0.5627  	 	 2.6813 	 0.5162
[2024/05/18 18:07:45] - 171 		 299.7 	 	 120.0 	 	 0.0001  		 0.0026 	 0.9999 	 	 0.0360  	 0.9867  	 	 0.0744 	 0.9682  	 	 0.3973 	 0.8977  	 	 2.3303 	 0.5630  	 	 2.7862 	 0.5132
