[2024/05/14 13:11:09] - Namespace(att_method='norm_steep', attack_iters=10, batch_size=128, beta=1.0, chkpt_iters=50, dataset='cifar100', epochs=201, epsilon=0.03137254901960784, eq_vol=1, eval_method='sign', lr_chechpoint1=100, lr_chechpoint2=150, lr_max=0.1, lr_schedule='piecewise', manual_step=0, model='WideResNet', momentum=0.9, norm='l_inf', pgd_alpha=2.0, random_init=1, resume=0, seed=2, train_mode='adv_train', weight_decay=0.0005, width_factor=10)
[2024/05/14 13:11:16] - Epoch 	 Train Time 	 Test Time 	 LR 	 	 Train Loss 	 Train Acc 	 Train Adv Loss 	 Train Adv Acc 	 Train Surrogate Loss 	 Train Surrogate Acc 	 Test Loss 	 Test Acc 	 Test Adv Loss 	 Test Adv Acc 	 Test Surrogate Loss 	 Test Surrogate Acc 
[2024/05/14 13:30:14] - 0 		 939.9 	 	 197.8 	 	 0.1000  		 3.9315 	 0.0913 	 	 3.9358  	 0.0909  	 	 5.0680 	 0.0247  	 	 3.6840 	 0.1285  	 	 3.6884 	 0.1276  	 	 5.6042 	 0.0254
[2024/05/14 13:49:45] - 1 		 973.5 	 	 197.7 	 	 0.1000  		 3.3330 	 0.1845 	 	 3.3452  	 0.1827  	 	 5.9666 	 0.0232  	 	 3.0944 	 0.2351  	 	 3.1193 	 0.2297  	 	 8.0932 	 0.0144
[2024/05/14 14:08:54] - 2 		 950.6 	 	 197.8 	 	 0.1000  		 2.8389 	 0.2764 	 	 2.8614  	 0.2728  	 	 7.4038 	 0.0184  	 	 2.6280 	 0.3237  	 	 2.6645 	 0.3176  	 	 9.8467 	 0.0059
[2024/05/14 14:30:16] - 3 		 1083.6 	 	 197.9 	 	 0.1000  		 2.4610 	 0.3538 	 	 2.4942  	 0.3469  	 	 9.0045 	 0.0126  	 	 2.3197 	 0.3896  	 	 2.3649 	 0.3790  	 	 13.5739 	 0.0031
[2024/05/14 14:53:34] - 4 		 1200.2 	 	 198.0 	 	 0.1000  		 2.2022 	 0.4085 	 	 2.2449  	 0.3987  	 	 10.2786 	 0.0104  	 	 2.0586 	 0.4418  	 	 2.1167 	 0.4298  	 	 14.4929 	 0.0031
[2024/05/14 15:17:03] - 5 		 1210.4 	 	 198.6 	 	 0.1000  		 2.0147 	 0.4508 	 	 2.0629  	 0.4386  	 	 11.1145 	 0.0098  	 	 1.9412 	 0.4641  	 	 1.9666 	 0.4587  	 	 14.9161 	 0.0054
[2024/05/14 15:36:04] - 6 		 936.8 	 	 202.1 	 	 0.1000  		 1.8767 	 0.4852 	 	 1.9294  	 0.4718  	 	 11.7188 	 0.0097  	 	 1.8152 	 0.5018  	 	 1.8588 	 0.4885  	 	 15.4010 	 0.0026
[2024/05/14 15:54:57] - 7 		 934.6 	 	 198.3 	 	 0.1000  		 1.7668 	 0.5124 	 	 1.8234  	 0.4973  	 	 12.0817 	 0.0089  	 	 1.7985 	 0.5156  	 	 1.8511 	 0.5021  	 	 18.0504 	 0.0016
[2024/05/14 16:14:22] - 8 		 967.2 	 	 197.8 	 	 0.1000  		 1.6902 	 0.5317 	 	 1.7479  	 0.5173  	 	 12.3678 	 0.0091  	 	 1.6881 	 0.5370  	 	 1.7660 	 0.5177  	 	 17.7692 	 0.0019
[2024/05/14 16:33:17] - 9 		 935.7 	 	 199.4 	 	 0.1000  		 1.6203 	 0.5462 	 	 1.6802  	 0.5309  	 	 12.5831 	 0.0091  	 	 1.7153 	 0.5353  	 	 1.7218 	 0.5313  	 	 18.6795 	 0.0036
[2024/05/14 16:52:35] - 10 		 959.9 	 	 197.5 	 	 0.1000  		 1.5737 	 0.5589 	 	 1.6354  	 0.5412  	 	 12.7683 	 0.0089  	 	 1.6067 	 0.5631  	 	 1.6429 	 0.5520  	 	 20.3695 	 0.0029
[2024/05/14 17:11:54] - 11 		 943.6 	 	 216.0 	 	 0.1000  		 1.5174 	 0.5739 	 	 1.5802  	 0.5572  	 	 12.9459 	 0.0091  	 	 1.6004 	 0.5529  	 	 1.6421 	 0.5404  	 	 19.0532 	 0.0026
[2024/05/14 17:30:53] - 12 		 941.0 	 	 197.9 	 	 0.1000  		 1.4760 	 0.5843 	 	 1.5400  	 0.5674  	 	 13.1866 	 0.0081  	 	 1.4987 	 0.5928  	 	 1.5630 	 0.5750  	 	 21.4170 	 0.0030
[2024/05/14 17:49:47] - 13 		 936.0 	 	 197.2 	 	 0.1000  		 1.4404 	 0.5930 	 	 1.5041  	 0.5769  	 	 13.2039 	 0.0095  	 	 1.5318 	 0.5790  	 	 1.5707 	 0.5681  	 	 19.4521 	 0.0017
[2024/05/14 18:08:40] - 14 		 934.1 	 	 199.0 	 	 0.1000  		 1.4073 	 0.6013 	 	 1.4729  	 0.5830  	 	 13.3401 	 0.0086  	 	 1.4637 	 0.5947  	 	 1.4780 	 0.5874  	 	 19.1680 	 0.0016
[2024/05/14 18:27:32] - 15 		 934.4 	 	 197.6 	 	 0.1000  		 1.3774 	 0.6098 	 	 1.4436  	 0.5915  	 	 13.4358 	 0.0096  	 	 1.5706 	 0.5686  	 	 1.5790 	 0.5660  	 	 21.1256 	 0.0013
[2024/05/14 18:46:21] - 16 		 932.4 	 	 197.4 	 	 0.1000  		 1.3390 	 0.6190 	 	 1.4035  	 0.6025  	 	 13.5616 	 0.0091  	 	 1.4766 	 0.5935  	 	 1.5030 	 0.5882  	 	 21.2014 	 0.0027
[2024/05/14 19:05:11] - 17 		 932.6 	 	 197.3 	 	 0.1000  		 1.3200 	 0.6233 	 	 1.3875  	 0.6053  	 	 13.5566 	 0.0091  	 	 1.5314 	 0.5843  	 	 1.5887 	 0.5701  	 	 22.5307 	 0.0017
[2024/05/14 19:24:00] - 18 		 931.7 	 	 197.0 	 	 0.1000  		 1.3056 	 0.6281 	 	 1.3722  	 0.6097  	 	 13.6663 	 0.0101  	 	 1.4508 	 0.6034  	 	 1.4901 	 0.5901  	 	 21.7743 	 0.0017
[2024/05/14 19:42:49] - 19 		 931.7 	 	 197.3 	 	 0.1000  		 1.2775 	 0.6369 	 	 1.3458  	 0.6185  	 	 13.6607 	 0.0094  	 	 1.4244 	 0.6051  	 	 1.5023 	 0.5867  	 	 18.9260 	 0.0012
[2024/05/14 20:01:40] - 20 		 934.0 	 	 197.1 	 	 0.1000  		 1.2660 	 0.6394 	 	 1.3337  	 0.6198  	 	 13.7196 	 0.0098  	 	 1.4341 	 0.5994  	 	 1.4842 	 0.5896  	 	 18.7989 	 0.0019
[2024/05/14 20:20:36] - 21 		 935.8 	 	 200.2 	 	 0.1000  		 1.2395 	 0.6472 	 	 1.3076  	 0.6273  	 	 13.7609 	 0.0099  	 	 1.5174 	 0.5916  	 	 1.5166 	 0.5923  	 	 22.8964 	 0.0009
[2024/05/14 20:39:32] - 22 		 935.7 	 	 200.1 	 	 0.1000  		 1.2391 	 0.6447 	 	 1.3074  	 0.6266  	 	 13.8176 	 0.0089  	 	 1.4093 	 0.6088  	 	 1.4414 	 0.6000  	 	 21.0701 	 0.0015
[2024/05/14 20:58:32] - 23 		 942.5 	 	 197.2 	 	 0.1000  		 1.2219 	 0.6503 	 	 1.2882  	 0.6313  	 	 13.8525 	 0.0095  	 	 1.3891 	 0.6196  	 	 1.4170 	 0.6068  	 	 22.2823 	 0.0020
[2024/05/14 21:17:22] - 24 		 932.1 	 	 197.6 	 	 0.1000  		 1.2100 	 0.6533 	 	 1.2781  	 0.6342  	 	 13.8817 	 0.0102  	 	 1.4338 	 0.6118  	 	 1.4262 	 0.6118  	 	 22.4762 	 0.0011
[2024/05/14 21:36:12] - 25 		 932.5 	 	 197.3 	 	 0.1000  		 1.1873 	 0.6589 	 	 1.2563  	 0.6406  	 	 13.9581 	 0.0099  	 	 1.4368 	 0.6105  	 	 1.4528 	 0.6080  	 	 21.0003 	 0.0020
[2024/05/14 21:55:03] - 26 		 933.3 	 	 198.1 	 	 0.1000  		 1.1735 	 0.6633 	 	 1.2427  	 0.6440  	 	 14.0156 	 0.0102  	 	 1.2743 	 0.6395  	 	 1.3510 	 0.6213  	 	 20.1751 	 0.0012
[2024/05/14 22:13:54] - 27 		 933.5 	 	 197.4 	 	 0.1000  		 1.1686 	 0.6647 	 	 1.2374  	 0.6451  	 	 14.0190 	 0.0102  	 	 1.4325 	 0.6182  	 	 1.4461 	 0.6088  	 	 22.4517 	 0.0015
[2024/05/14 22:32:44] - 28 		 932.9 	 	 196.9 	 	 0.1000  		 1.1595 	 0.6662 	 	 1.2264  	 0.6482  	 	 14.0270 	 0.0110  	 	 1.3689 	 0.6295  	 	 1.4070 	 0.6186  	 	 21.4167 	 0.0009
[2024/05/14 22:51:34] - 29 		 932.2 	 	 197.8 	 	 0.1000  		 1.1449 	 0.6724 	 	 1.2131  	 0.6523  	 	 14.0338 	 0.0110  	 	 1.3875 	 0.6304  	 	 1.4400 	 0.6164  	 	 21.6780 	 0.0044
[2024/05/14 23:10:24] - 30 		 933.2 	 	 197.3 	 	 0.1000  		 1.1320 	 0.6753 	 	 1.1986  	 0.6554  	 	 14.1037 	 0.0111  	 	 1.3931 	 0.6256  	 	 1.4098 	 0.6218  	 	 22.4698 	 0.0010
[2024/05/14 23:29:15] - 31 		 933.2 	 	 196.8 	 	 0.1000  		 1.1342 	 0.6751 	 	 1.2039  	 0.6548  	 	 14.1133 	 0.0110  	 	 1.3027 	 0.6391  	 	 1.3749 	 0.6231  	 	 21.8805 	 0.0006
[2024/05/14 23:48:06] - 32 		 933.6 	 	 197.7 	 	 0.1000  		 1.1235 	 0.6776 	 	 1.1912  	 0.6585  	 	 14.1363 	 0.0116  	 	 1.4114 	 0.6176  	 	 1.4389 	 0.6097  	 	 21.2695 	 0.0026
[2024/05/15 00:06:56] - 33 		 932.7 	 	 197.1 	 	 0.1000  		 1.1212 	 0.6792 	 	 1.1899  	 0.6586  	 	 14.1207 	 0.0112  	 	 1.3469 	 0.6334  	 	 1.3688 	 0.6243  	 	 22.4374 	 0.0014
[2024/05/15 00:25:45] - 34 		 932.0 	 	 197.4 	 	 0.1000  		 1.1058 	 0.6806 	 	 1.1764  	 0.6607  	 	 14.2266 	 0.0107  	 	 1.3357 	 0.6355  	 	 1.4023 	 0.6165  	 	 22.3751 	 0.0013
[2024/05/15 00:44:34] - 35 		 931.7 	 	 196.9 	 	 0.1000  		 1.0993 	 0.6820 	 	 1.1687  	 0.6636  	 	 14.2360 	 0.0108  	 	 1.4134 	 0.6134  	 	 1.4589 	 0.6046  	 	 22.6271 	 0.0017
[2024/05/15 01:03:25] - 36 		 932.6 	 	 197.8 	 	 0.1000  		 1.0964 	 0.6867 	 	 1.1645  	 0.6664  	 	 14.3042 	 0.0113  	 	 1.3083 	 0.6398  	 	 1.3967 	 0.6198  	 	 20.7787 	 0.0012
[2024/05/15 01:22:14] - 37 		 932.3 	 	 197.4 	 	 0.1000  		 1.0884 	 0.6851 	 	 1.1574  	 0.6656  	 	 14.2971 	 0.0119  	 	 1.3561 	 0.6299  	 	 1.3982 	 0.6196  	 	 21.9791 	 0.0013
[2024/05/15 01:41:03] - 38 		 931.9 	 	 196.7 	 	 0.1000  		 1.0879 	 0.6856 	 	 1.1564  	 0.6658  	 	 14.2850 	 0.0124  	 	 1.4668 	 0.6066  	 	 1.5017 	 0.5971  	 	 23.1534 	 0.0015
[2024/05/15 01:59:54] - 39 		 932.4 	 	 198.0 	 	 0.1000  		 1.0709 	 0.6919 	 	 1.1405  	 0.6723  	 	 14.3452 	 0.0106  	 	 1.2835 	 0.6467  	 	 1.3092 	 0.6395  	 	 22.2037 	 0.0010
[2024/05/15 02:18:43] - 40 		 931.5 	 	 197.4 	 	 0.1000  		 1.0747 	 0.6903 	 	 1.1454  	 0.6705  	 	 14.3639 	 0.0122  	 	 1.3286 	 0.6377  	 	 1.3663 	 0.6301  	 	 21.1814 	 0.0005
[2024/05/15 02:37:32] - 41 		 932.3 	 	 196.7 	 	 0.1000  		 1.0663 	 0.6908 	 	 1.1348  	 0.6721  	 	 14.3989 	 0.0121  	 	 1.3277 	 0.6367  	 	 1.3586 	 0.6262  	 	 23.8117 	 0.0021
[2024/05/15 02:56:22] - 42 		 932.5 	 	 197.4 	 	 0.1000  		 1.0609 	 0.6938 	 	 1.1301  	 0.6739  	 	 14.4510 	 0.0123  	 	 1.2524 	 0.6467  	 	 1.3151 	 0.6330  	 	 21.9744 	 0.0012
[2024/05/15 03:15:11] - 43 		 931.7 	 	 197.2 	 	 0.1000  		 1.0638 	 0.6911 	 	 1.1340  	 0.6716  	 	 14.4658 	 0.0114  	 	 1.3844 	 0.6190  	 	 1.3922 	 0.6156  	 	 21.8761 	 0.0031
[2024/05/15 03:33:59] - 44 		 931.3 	 	 196.7 	 	 0.1000  		 1.0528 	 0.6953 	 	 1.1216  	 0.6755  	 	 14.5093 	 0.0113  	 	 1.2825 	 0.6512  	 	 1.3431 	 0.6397  	 	 23.4122 	 0.0017
[2024/05/15 03:52:48] - 45 		 931.7 	 	 197.7 	 	 0.1000  		 1.0504 	 0.6959 	 	 1.1191  	 0.6755  	 	 14.4371 	 0.0122  	 	 1.4150 	 0.6145  	 	 1.4938 	 0.5987  	 	 23.3082 	 0.0002
[2024/05/15 04:11:37] - 46 		 931.8 	 	 197.2 	 	 0.1000  		 1.0366 	 0.7006 	 	 1.1052  	 0.6806  	 	 14.4769 	 0.0118  	 	 1.2998 	 0.6432  	 	 1.3601 	 0.6277  	 	 23.8941 	 0.0029
[2024/05/15 04:30:27] - 47 		 933.5 	 	 196.7 	 	 0.1000  		 1.0402 	 0.6991 	 	 1.1101  	 0.6802  	 	 14.5306 	 0.0117  	 	 1.3150 	 0.6340  	 	 1.3865 	 0.6184  	 	 22.7809 	 0.0017
[2024/05/15 04:49:16] - 48 		 931.8 	 	 197.1 	 	 0.1000  		 1.0364 	 0.6982 	 	 1.1055  	 0.6798  	 	 14.5332 	 0.0118  	 	 1.4016 	 0.6263  	 	 1.4283 	 0.6184  	 	 24.1514 	 0.0011
[2024/05/15 05:08:07] - 49 		 933.5 	 	 197.0 	 	 0.1000  		 1.0374 	 0.6986 	 	 1.1069  	 0.6783  	 	 14.5663 	 0.0117  	 	 1.3222 	 0.6426  	 	 1.3620 	 0.6301  	 	 22.4867 	 0.0022
[2024/05/15 05:26:56] - 50 		 932.4 	 	 196.8 	 	 0.1000  		 1.0336 	 0.7003 	 	 1.1030  	 0.6791  	 	 14.5258 	 0.0122  	 	 1.2742 	 0.6497  	 	 1.2905 	 0.6437  	 	 23.4195 	 0.0036
[2024/05/15 05:45:45] - 51 		 931.5 	 	 197.3 	 	 0.1000  		 1.0265 	 0.7028 	 	 1.0974  	 0.6833  	 	 14.6173 	 0.0121  	 	 1.3173 	 0.6459  	 	 1.3649 	 0.6287  	 	 24.7141 	 0.0037
[2024/05/15 06:04:34] - 52 		 932.1 	 	 197.0 	 	 0.1000  		 1.0210 	 0.7026 	 	 1.0897  	 0.6839  	 	 14.6430 	 0.0118  	 	 1.3643 	 0.6341  	 	 1.4169 	 0.6189  	 	 23.9560 	 0.0025
[2024/05/15 06:23:23] - 53 		 932.2 	 	 197.0 	 	 0.1000  		 1.0232 	 0.7014 	 	 1.0938  	 0.6829  	 	 14.6058 	 0.0114  	 	 1.3239 	 0.6455  	 	 1.4031 	 0.6238  	 	 23.6441 	 0.0004
[2024/05/15 06:42:13] - 54 		 932.0 	 	 197.2 	 	 0.1000  		 1.0167 	 0.7077 	 	 1.0870  	 0.6865  	 	 14.7338 	 0.0114  	 	 1.2721 	 0.6562  	 	 1.3257 	 0.6448  	 	 23.4878 	 0.0011
[2024/05/15 07:01:03] - 55 		 933.3 	 	 197.0 	 	 0.1000  		 1.0043 	 0.7095 	 	 1.0752  	 0.6891  	 	 14.7151 	 0.0117  	 	 1.4229 	 0.6181  	 	 1.4339 	 0.6152  	 	 25.0730 	 0.0008
[2024/05/15 07:19:54] - 56 		 934.6 	 	 196.9 	 	 0.1000  		 1.0139 	 0.7051 	 	 1.0836  	 0.6848  	 	 14.6897 	 0.0126  	 	 1.3471 	 0.6400  	 	 1.3902 	 0.6311  	 	 23.3146 	 0.0018
[2024/05/15 07:38:43] - 57 		 931.7 	 	 196.8 	 	 0.1000  		 1.0040 	 0.7093 	 	 1.0735  	 0.6897  	 	 14.7249 	 0.0125  	 	 1.3976 	 0.6199  	 	 1.4139 	 0.6213  	 	 23.1843 	 0.0018
[2024/05/15 07:57:32] - 58 		 932.0 	 	 196.9 	 	 0.1000  		 1.0130 	 0.7048 	 	 1.0831  	 0.6840  	 	 14.6281 	 0.0120  	 	 1.3254 	 0.6383  	 	 1.3816 	 0.6233  	 	 25.4010 	 0.0012
[2024/05/15 08:16:20] - 59 		 931.8 	 	 196.6 	 	 0.1000  		 1.0054 	 0.7071 	 	 1.0745  	 0.6889  	 	 14.7181 	 0.0119  	 	 1.3520 	 0.6323  	 	 1.3944 	 0.6216  	 	 22.7153 	 0.0019
[2024/05/15 08:35:10] - 60 		 932.1 	 	 197.4 	 	 0.1000  		 1.0040 	 0.7086 	 	 1.0744  	 0.6901  	 	 14.7106 	 0.0130  	 	 1.4128 	 0.6164  	 	 1.4111 	 0.6183  	 	 23.0237 	 0.0022
[2024/05/15 08:54:00] - 61 		 932.5 	 	 197.0 	 	 0.1000  		 1.0044 	 0.7094 	 	 1.0745  	 0.6880  	 	 14.7714 	 0.0129  	 	 1.4176 	 0.6233  	 	 1.3926 	 0.6242  	 	 24.4099 	 0.0031
[2024/05/15 09:12:49] - 62 		 932.4 	 	 196.7 	 	 0.1000  		 0.9882 	 0.7136 	 	 1.0572  	 0.6948  	 	 14.8130 	 0.0121  	 	 1.2531 	 0.6586  	 	 1.2981 	 0.6476  	 	 24.0113 	 0.0013
[2024/05/15 09:31:41] - 63 		 934.8 	 	 197.0 	 	 0.1000  		 0.9923 	 0.7114 	 	 1.0633  	 0.6910  	 	 14.8446 	 0.0132  	 	 1.3090 	 0.6456  	 	 1.3745 	 0.6277  	 	 23.1530 	 0.0021
[2024/05/15 09:50:29] - 64 		 931.4 	 	 197.0 	 	 0.1000  		 1.0017 	 0.7094 	 	 1.0710  	 0.6894  	 	 14.7974 	 0.0126  	 	 1.2873 	 0.6462  	 	 1.3140 	 0.6405  	 	 23.2763 	 0.0010
[2024/05/15 10:09:18] - 65 		 931.7 	 	 196.7 	 	 0.1000  		 0.9833 	 0.7147 	 	 1.0539  	 0.6939  	 	 14.8363 	 0.0127  	 	 1.3282 	 0.6396  	 	 1.3639 	 0.6314  	 	 23.8751 	 0.0018
[2024/05/15 10:28:07] - 66 		 931.4 	 	 197.5 	 	 0.1000  		 0.9918 	 0.7129 	 	 1.0612  	 0.6929  	 	 14.8535 	 0.0125  	 	 1.3368 	 0.6367  	 	 1.3577 	 0.6302  	 	 24.3723 	 0.0019
[2024/05/15 10:46:55] - 67 		 931.3 	 	 197.6 	 	 0.1000  		 0.9859 	 0.7136 	 	 1.0560  	 0.6926  	 	 14.8741 	 0.0129  	 	 1.3031 	 0.6436  	 	 1.3151 	 0.6379  	 	 22.6896 	 0.0020
[2024/05/15 11:05:46] - 68 		 933.4 	 	 197.5 	 	 0.1000  		 0.9807 	 0.7160 	 	 1.0522  	 0.6945  	 	 15.0027 	 0.0118  	 	 1.3244 	 0.6420  	 	 1.3788 	 0.6278  	 	 24.0410 	 0.0014
[2024/05/15 11:25:16] - 69 		 972.7 	 	 196.7 	 	 0.1000  		 0.9769 	 0.7148 	 	 1.0474  	 0.6963  	 	 14.9621 	 0.0127  	 	 1.3792 	 0.6295  	 	 1.3925 	 0.6249  	 	 24.7108 	 0.0028
[2024/05/15 11:44:05] - 70 		 932.0 	 	 196.9 	 	 0.1000  		 0.9697 	 0.7177 	 	 1.0388  	 0.6974  	 	 14.9385 	 0.0137  	 	 1.3418 	 0.6413  	 	 1.3584 	 0.6353  	 	 25.2237 	 0.0003
[2024/05/15 12:02:53] - 71 		 931.3 	 	 197.1 	 	 0.1000  		 0.9667 	 0.7203 	 	 1.0381  	 0.6988  	 	 14.9288 	 0.0127  	 	 1.3077 	 0.6433  	 	 1.3412 	 0.6320  	 	 23.7178 	 0.0016
[2024/05/15 12:21:43] - 72 		 932.4 	 	 196.8 	 	 0.1000  		 0.9764 	 0.7152 	 	 1.0453  	 0.6961  	 	 14.9605 	 0.0131  	 	 1.2707 	 0.6610  	 	 1.2915 	 0.6496  	 	 23.1072 	 0.0017
[2024/05/15 12:40:32] - 73 		 932.2 	 	 197.3 	 	 0.1000  		 0.9794 	 0.7131 	 	 1.0502  	 0.6931  	 	 14.9821 	 0.0128  	 	 1.2876 	 0.6496  	 	 1.3120 	 0.6405  	 	 24.3042 	 0.0015
[2024/05/15 12:59:21] - 74 		 931.9 	 	 197.0 	 	 0.1000  		 0.9652 	 0.7205 	 	 1.0341  	 0.6998  	 	 14.9435 	 0.0125  	 	 1.3166 	 0.6464  	 	 1.3581 	 0.6379  	 	 24.5419 	 0.0027
[2024/05/15 13:18:09] - 75 		 931.5 	 	 196.7 	 	 0.1000  		 0.9774 	 0.7164 	 	 1.0462  	 0.6974  	 	 14.9041 	 0.0131  	 	 1.2430 	 0.6620  	 	 1.2878 	 0.6491  	 	 24.3612 	 0.0020
[2024/05/15 13:36:57] - 76 		 931.1 	 	 196.9 	 	 0.1000  		 0.9710 	 0.7173 	 	 1.0407  	 0.6986  	 	 14.9199 	 0.0131  	 	 1.3139 	 0.6468  	 	 1.3903 	 0.6259  	 	 24.6959 	 0.0017
[2024/05/15 13:55:45] - 77 		 930.9 	 	 196.8 	 	 0.1000  		 0.9716 	 0.7161 	 	 1.0412  	 0.6952  	 	 14.9879 	 0.0126  	 	 1.2580 	 0.6581  	 	 1.3045 	 0.6457  	 	 24.6725 	 0.0024
[2024/05/15 14:14:34] - 78 		 931.7 	 	 196.7 	 	 0.1000  		 0.9587 	 0.7218 	 	 1.0286  	 0.7009  	 	 15.1032 	 0.0125  	 	 1.3427 	 0.6466  	 	 1.3442 	 0.6435  	 	 24.2418 	 0.0020
[2024/05/15 14:33:23] - 79 		 932.0 	 	 197.0 	 	 0.1000  		 0.9652 	 0.7191 	 	 1.0368  	 0.6988  	 	 15.0805 	 0.0116  	 	 1.2526 	 0.6577  	 	 1.2734 	 0.6499  	 	 24.0382 	 0.0014
[2024/05/15 14:52:12] - 80 		 931.4 	 	 197.4 	 	 0.1000  		 0.9620 	 0.7189 	 	 1.0334  	 0.6983  	 	 14.9968 	 0.0136  	 	 1.2666 	 0.6523  	 	 1.3062 	 0.6420  	 	 23.3896 	 0.0017
[2024/05/15 15:11:00] - 81 		 931.7 	 	 197.0 	 	 0.1000  		 0.9581 	 0.7217 	 	 1.0273  	 0.7018  	 	 15.0763 	 0.0124  	 	 1.3941 	 0.6274  	 	 1.4410 	 0.6155  	 	 25.1741 	 0.0010
[2024/05/15 15:29:49] - 82 		 931.9 	 	 196.9 	 	 0.1000  		 0.9581 	 0.7208 	 	 1.0277  	 0.7001  	 	 15.0061 	 0.0144  	 	 1.2574 	 0.6519  	 	 1.2920 	 0.6449  	 	 24.3070 	 0.0014
[2024/05/15 15:48:38] - 83 		 931.6 	 	 197.1 	 	 0.1000  		 0.9595 	 0.7204 	 	 1.0291  	 0.7006  	 	 15.0174 	 0.0132  	 	 1.1907 	 0.6743  	 	 1.2297 	 0.6667  	 	 24.3691 	 0.0012
[2024/05/15 16:07:25] - 84 		 930.7 	 	 196.6 	 	 0.1000  		 0.9569 	 0.7203 	 	 1.0261  	 0.7009  	 	 15.0482 	 0.0139  	 	 1.3114 	 0.6471  	 	 1.3436 	 0.6365  	 	 24.4909 	 0.0015
[2024/05/15 16:26:13] - 85 		 931.1 	 	 196.6 	 	 0.1000  		 0.9548 	 0.7227 	 	 1.0243  	 0.7034  	 	 14.9813 	 0.0134  	 	 1.2667 	 0.6578  	 	 1.3101 	 0.6459  	 	 24.8120 	 0.0023
[2024/05/15 16:45:01] - 86 		 931.2 	 	 196.8 	 	 0.1000  		 0.9544 	 0.7218 	 	 1.0249  	 0.7013  	 	 15.0717 	 0.0126  	 	 1.3275 	 0.6410  	 	 1.3590 	 0.6353  	 	 26.3137 	 0.0028
[2024/05/15 17:03:49] - 87 		 931.3 	 	 196.6 	 	 0.1000  		 0.9538 	 0.7207 	 	 1.0244  	 0.6995  	 	 15.0988 	 0.0134  	 	 1.2718 	 0.6529  	 	 1.3405 	 0.6384  	 	 24.3980 	 0.0016
[2024/05/15 17:22:36] - 88 		 930.7 	 	 196.5 	 	 0.1000  		 0.9570 	 0.7218 	 	 1.0273  	 0.6998  	 	 15.0965 	 0.0139  	 	 1.2499 	 0.6643  	 	 1.2588 	 0.6552  	 	 23.5907 	 0.0024
[2024/05/15 17:41:24] - 89 		 931.2 	 	 196.5 	 	 0.1000  		 0.9460 	 0.7258 	 	 1.0156  	 0.7056  	 	 15.0822 	 0.0131  	 	 1.4001 	 0.6322  	 	 1.4177 	 0.6279  	 	 26.4101 	 0.0028
[2024/05/15 18:00:12] - 90 		 931.3 	 	 196.6 	 	 0.1000  		 0.9583 	 0.7236 	 	 1.0280  	 0.7026  	 	 15.0538 	 0.0125  	 	 1.3078 	 0.6432  	 	 1.3307 	 0.6373  	 	 23.1066 	 0.0030
[2024/05/15 18:19:01] - 91 		 931.9 	 	 196.8 	 	 0.1000  		 0.9525 	 0.7211 	 	 1.0239  	 0.7010  	 	 15.0483 	 0.0133  	 	 1.3130 	 0.6483  	 	 1.3728 	 0.6349  	 	 25.8152 	 0.0017
[2024/05/15 18:37:49] - 92 		 931.7 	 	 196.6 	 	 0.1000  		 0.9414 	 0.7262 	 	 1.0106  	 0.7065  	 	 15.0366 	 0.0129  	 	 1.3168 	 0.6424  	 	 1.3403 	 0.6354  	 	 22.7845 	 0.0037
[2024/05/15 18:56:37] - 93 		 930.6 	 	 197.3 	 	 0.1000  		 0.9358 	 0.7273 	 	 1.0061  	 0.7060  	 	 15.1728 	 0.0129  	 	 1.2418 	 0.6578  	 	 1.2858 	 0.6476  	 	 23.3135 	 0.0012
[2024/05/15 19:15:25] - 94 		 931.1 	 	 196.8 	 	 0.1000  		 0.9446 	 0.7242 	 	 1.0152  	 0.7048  	 	 15.2305 	 0.0135  	 	 1.2755 	 0.6543  	 	 1.3038 	 0.6446  	 	 23.7280 	 0.0016
[2024/05/15 19:34:14] - 95 		 931.7 	 	 197.2 	 	 0.1000  		 0.9378 	 0.7251 	 	 1.0058  	 0.7050  	 	 15.1143 	 0.0137  	 	 1.3370 	 0.6420  	 	 1.3658 	 0.6357  	 	 23.9056 	 0.0019
[2024/05/15 19:53:02] - 96 		 931.1 	 	 197.2 	 	 0.1000  		 0.9468 	 0.7245 	 	 1.0174  	 0.7019  	 	 15.1687 	 0.0132  	 	 1.2806 	 0.6500  	 	 1.3027 	 0.6404  	 	 24.1637 	 0.0028
[2024/05/15 20:11:52] - 97 		 932.4 	 	 196.7 	 	 0.1000  		 0.9335 	 0.7280 	 	 1.0032  	 0.7077  	 	 15.1270 	 0.0143  	 	 1.2811 	 0.6545  	 	 1.2976 	 0.6501  	 	 23.9359 	 0.0033
[2024/05/15 20:30:40] - 98 		 931.5 	 	 196.8 	 	 0.1000  		 0.9518 	 0.7225 	 	 1.0223  	 0.7024  	 	 15.1795 	 0.0128  	 	 1.2672 	 0.6628  	 	 1.3151 	 0.6511  	 	 23.9878 	 0.0013
[2024/05/15 20:49:28] - 99 		 931.8 	 	 196.9 	 	 0.0100  		 0.9336 	 0.7305 	 	 1.0047  	 0.7084  	 	 15.1974 	 0.0130  	 	 1.3326 	 0.6510  	 	 1.3945 	 0.6329  	 	 25.3459 	 0.0023
[2024/05/15 21:08:16] - 100 		 930.6 	 	 196.7 	 	 0.0100  		 0.5011 	 0.8565 	 	 0.5478  	 0.8406  	 	 14.8385 	 0.0207  	 	 0.8878 	 0.7549  	 	 0.9249 	 0.7417  	 	 25.0376 	 0.0021
[2024/05/15 21:27:04] - 101 		 931.3 	 	 196.5 	 	 0.0100  		 0.3521 	 0.8990 	 	 0.3940  	 0.8849  	 	 15.1404 	 0.0280  	 	 0.9423 	 0.7450  	 	 0.9602 	 0.7375  	 	 25.6964 	 0.0041
[2024/05/15 21:45:51] - 102 		 930.3 	 	 197.0 	 	 0.0100  		 0.2948 	 0.9148 	 	 0.3314  	 0.9027  	 	 15.2749 	 0.0312  	 	 0.8571 	 0.7656  	 	 0.9136 	 0.7490  	 	 25.2914 	 0.0023
[2024/05/15 22:04:40] - 103 		 931.5 	 	 197.8 	 	 0.0100  		 0.2486 	 0.9298 	 	 0.2848  	 0.9163  	 	 15.3779 	 0.0348  	 	 0.8787 	 0.7591  	 	 0.9246 	 0.7495  	 	 26.7286 	 0.0025
[2024/05/15 22:23:30] - 104 		 932.6 	 	 196.7 	 	 0.0100  		 0.2168 	 0.9397 	 	 0.2507  	 0.9277  	 	 15.4282 	 0.0379  	 	 0.9605 	 0.7518  	 	 0.9803 	 0.7449  	 	 27.1866 	 0.0020
[2024/05/15 22:42:21] - 105 		 933.2 	 	 197.4 	 	 0.0100  		 0.1912 	 0.9466 	 	 0.2233  	 0.9347  	 	 15.4374 	 0.0416  	 	 0.9638 	 0.7520  	 	 1.0024 	 0.7417  	 	 27.5188 	 0.0026
[2024/05/15 23:01:10] - 106 		 932.3 	 	 197.3 	 	 0.0100  		 0.1655 	 0.9560 	 	 0.1955  	 0.9449  	 	 15.4772 	 0.0459  	 	 0.9702 	 0.7541  	 	 1.0351 	 0.7391  	 	 27.9360 	 0.0021
[2024/05/15 23:19:59] - 107 		 932.4 	 	 196.7 	 	 0.0100  		 0.1449 	 0.9615 	 	 0.1733  	 0.9507  	 	 15.4721 	 0.0482  	 	 0.9700 	 0.7528  	 	 1.0121 	 0.7409  	 	 27.5600 	 0.0020
[2024/05/15 23:38:49] - 108 		 932.2 	 	 197.0 	 	 0.0100  		 0.1273 	 0.9678 	 	 0.1547  	 0.9577  	 	 15.4983 	 0.0493  	 	 1.0385 	 0.7457  	 	 1.0628 	 0.7395  	 	 28.2102 	 0.0020
[2024/05/15 23:57:39] - 109 		 933.0 	 	 197.1 	 	 0.0100  		 0.1172 	 0.9707 	 	 0.1440  	 0.9605  	 	 15.5065 	 0.0517  	 	 1.0166 	 0.7438  	 	 1.0772 	 0.7333  	 	 29.8759 	 0.0018
[2024/05/16 00:16:28] - 110 		 932.0 	 	 196.7 	 	 0.0100  		 0.1075 	 0.9731 	 	 0.1334  	 0.9636  	 	 15.4514 	 0.0542  	 	 1.0425 	 0.7451  	 	 1.0762 	 0.7358  	 	 28.0108 	 0.0022
[2024/05/16 00:35:16] - 111 		 931.6 	 	 196.6 	 	 0.0100  		 0.0997 	 0.9761 	 	 0.1255  	 0.9669  	 	 15.4688 	 0.0536  	 	 1.0116 	 0.7510  	 	 1.0781 	 0.7370  	 	 28.9413 	 0.0024
[2024/05/16 00:54:05] - 112 		 931.8 	 	 197.3 	 	 0.0100  		 0.0933 	 0.9772 	 	 0.1169  	 0.9689  	 	 15.4538 	 0.0555  	 	 1.0902 	 0.7420  	 	 1.1170 	 0.7359  	 	 30.8654 	 0.0026
[2024/05/16 01:12:55] - 113 		 932.5 	 	 197.6 	 	 0.0100  		 0.0827 	 0.9801 	 	 0.1056  	 0.9722  	 	 15.3571 	 0.0568  	 	 1.0148 	 0.7570  	 	 1.0611 	 0.7461  	 	 27.8715 	 0.0025
[2024/05/16 01:31:45] - 114 		 933.0 	 	 196.8 	 	 0.0100  		 0.0854 	 0.9802 	 	 0.1092  	 0.9715  	 	 15.3020 	 0.0571  	 	 1.0526 	 0.7393  	 	 1.1276 	 0.7266  	 	 29.8844 	 0.0016
[2024/05/16 01:50:36] - 115 		 933.0 	 	 197.6 	 	 0.0100  		 0.0770 	 0.9815 	 	 0.0987  	 0.9744  	 	 15.2523 	 0.0583  	 	 1.0548 	 0.7546  	 	 1.1153 	 0.7411  	 	 30.1903 	 0.0022
[2024/05/16 02:09:25] - 116 		 932.1 	 	 196.9 	 	 0.0100  		 0.0725 	 0.9841 	 	 0.0940  	 0.9763  	 	 15.1820 	 0.0578  	 	 1.0605 	 0.7455  	 	 1.0906 	 0.7379  	 	 27.7144 	 0.0030
[2024/05/16 02:28:16] - 117 		 933.3 	 	 197.7 	 	 0.0100  		 0.0703 	 0.9837 	 	 0.0927  	 0.9763  	 	 15.1049 	 0.0587  	 	 1.0491 	 0.7489  	 	 1.0880 	 0.7421  	 	 28.6048 	 0.0026
[2024/05/16 02:47:05] - 118 		 932.0 	 	 197.2 	 	 0.0100  		 0.0701 	 0.9848 	 	 0.0921  	 0.9773  	 	 15.0980 	 0.0558  	 	 1.0697 	 0.7542  	 	 1.1310 	 0.7427  	 	 30.1544 	 0.0021
[2024/05/16 03:05:54] - 119 		 932.3 	 	 196.8 	 	 0.0100  		 0.0711 	 0.9836 	 	 0.0930  	 0.9762  	 	 15.0493 	 0.0562  	 	 1.0830 	 0.7408  	 	 1.1266 	 0.7270  	 	 27.6921 	 0.0031
[2024/05/16 03:24:44] - 120 		 932.1 	 	 197.3 	 	 0.0100  		 0.0708 	 0.9834 	 	 0.0925  	 0.9767  	 	 14.8466 	 0.0623  	 	 1.1457 	 0.7366  	 	 1.1628 	 0.7296  	 	 28.7072 	 0.0034
[2024/05/16 03:43:33] - 121 		 932.3 	 	 196.8 	 	 0.0100  		 0.0687 	 0.9845 	 	 0.0902  	 0.9768  	 	 14.9081 	 0.0590  	 	 1.0717 	 0.7450  	 	 1.1119 	 0.7382  	 	 28.1805 	 0.0027
[2024/05/16 04:02:23] - 122 		 932.2 	 	 197.7 	 	 0.0100  		 0.0695 	 0.9852 	 	 0.0910  	 0.9777  	 	 14.7562 	 0.0613  	 	 1.0408 	 0.7562  	 	 1.1038 	 0.7421  	 	 27.8765 	 0.0036
[2024/05/16 04:21:12] - 123 		 932.3 	 	 197.2 	 	 0.0100  		 0.0663 	 0.9847 	 	 0.0869  	 0.9782  	 	 14.6797 	 0.0644  	 	 1.0821 	 0.7443  	 	 1.1205 	 0.7327  	 	 27.7891 	 0.0030
[2024/05/16 04:40:04] - 124 		 935.0 	 	 196.7 	 	 0.0100  		 0.0673 	 0.9847 	 	 0.0886  	 0.9779  	 	 14.6146 	 0.0632  	 	 1.1879 	 0.7297  	 	 1.2128 	 0.7223  	 	 27.9882 	 0.0039
[2024/05/16 04:58:56] - 125 		 934.6 	 	 197.4 	 	 0.0100  		 0.0723 	 0.9831 	 	 0.0944  	 0.9761  	 	 14.6155 	 0.0620  	 	 1.0650 	 0.7496  	 	 1.1093 	 0.7423  	 	 28.1658 	 0.0030
[2024/05/16 05:17:45] - 126 		 931.7 	 	 197.0 	 	 0.0100  		 0.0749 	 0.9823 	 	 0.0983  	 0.9745  	 	 14.5784 	 0.0590  	 	 1.0850 	 0.7502  	 	 1.1400 	 0.7385  	 	 29.3290 	 0.0048
[2024/05/16 05:36:33] - 127 		 931.5 	 	 196.6 	 	 0.0100  		 0.0710 	 0.9836 	 	 0.0927  	 0.9762  	 	 14.5515 	 0.0585  	 	 1.0324 	 0.7557  	 	 1.1101 	 0.7398  	 	 27.8342 	 0.0044
[2024/05/16 05:55:22] - 128 		 931.3 	 	 196.9 	 	 0.0100  		 0.0711 	 0.9830 	 	 0.0933  	 0.9756  	 	 14.4604 	 0.0613  	 	 1.0787 	 0.7460  	 	 1.1536 	 0.7325  	 	 27.7948 	 0.0031
[2024/05/16 06:14:09] - 129 		 931.1 	 	 196.7 	 	 0.0100  		 0.0742 	 0.9833 	 	 0.0967  	 0.9754  	 	 14.4596 	 0.0595  	 	 1.1095 	 0.7451  	 	 1.1444 	 0.7356  	 	 27.5465 	 0.0037
[2024/05/16 06:32:58] - 130 		 931.6 	 	 196.7 	 	 0.0100  		 0.0797 	 0.9809 	 	 0.1040  	 0.9729  	 	 14.4646 	 0.0581  	 	 1.1855 	 0.7292  	 	 1.2131 	 0.7230  	 	 27.8998 	 0.0044
[2024/05/16 06:51:48] - 131 		 932.2 	 	 197.8 	 	 0.0100  		 0.0809 	 0.9805 	 	 0.1053  	 0.9721  	 	 14.3873 	 0.0585  	 	 1.1424 	 0.7394  	 	 1.1715 	 0.7322  	 	 27.2737 	 0.0042
[2024/05/16 07:10:41] - 132 		 936.1 	 	 196.7 	 	 0.0100  		 0.0772 	 0.9818 	 	 0.0997  	 0.9741  	 	 14.3216 	 0.0619  	 	 1.1536 	 0.7320  	 	 1.2109 	 0.7197  	 	 27.3390 	 0.0046
[2024/05/16 07:29:30] - 133 		 932.1 	 	 197.0 	 	 0.0100  		 0.0881 	 0.9783 	 	 0.1135  	 0.9688  	 	 14.3829 	 0.0559  	 	 1.1077 	 0.7369  	 	 1.1715 	 0.7249  	 	 27.5786 	 0.0033
[2024/05/16 07:48:19] - 134 		 932.4 	 	 196.3 	 	 0.0100  		 0.0859 	 0.9797 	 	 0.1112  	 0.9706  	 	 14.3503 	 0.0573  	 	 1.0958 	 0.7414  	 	 1.1629 	 0.7249  	 	 27.1076 	 0.0039
[2024/05/16 08:07:08] - 135 		 931.7 	 	 197.9 	 	 0.0100  		 0.0876 	 0.9778 	 	 0.1132  	 0.9696  	 	 14.2850 	 0.0588  	 	 1.1205 	 0.7393  	 	 1.1826 	 0.7238  	 	 28.1415 	 0.0023
[2024/05/16 08:25:59] - 136 		 932.8 	 	 197.3 	 	 0.0100  		 0.0889 	 0.9787 	 	 0.1141  	 0.9698  	 	 14.2902 	 0.0566  	 	 1.1313 	 0.7354  	 	 1.1834 	 0.7234  	 	 27.7222 	 0.0038
[2024/05/16 08:44:49] - 137 		 933.0 	 	 197.0 	 	 0.0100  		 0.0910 	 0.9779 	 	 0.1167  	 0.9687  	 	 14.3158 	 0.0562  	 	 1.1966 	 0.7233  	 	 1.2063 	 0.7180  	 	 27.5425 	 0.0040
[2024/05/16 09:03:37] - 138 		 931.5 	 	 196.9 	 	 0.0100  		 0.0959 	 0.9757 	 	 0.1228  	 0.9662  	 	 14.2771 	 0.0563  	 	 1.1130 	 0.7367  	 	 1.1697 	 0.7262  	 	 27.6993 	 0.0042
[2024/05/16 09:22:26] - 139 		 932.6 	 	 196.6 	 	 0.0100  		 0.1009 	 0.9747 	 	 0.1295  	 0.9648  	 	 14.3942 	 0.0510  	 	 1.2286 	 0.7183  	 	 1.2411 	 0.7124  	 	 27.8263 	 0.0035
[2024/05/16 09:41:25] - 140 		 941.1 	 	 197.5 	 	 0.0100  		 0.0957 	 0.9761 	 	 0.1236  	 0.9665  	 	 14.2750 	 0.0562  	 	 1.1278 	 0.7350  	 	 1.1939 	 0.7240  	 	 28.3357 	 0.0044
[2024/05/16 10:00:15] - 141 		 933.3 	 	 196.9 	 	 0.0100  		 0.0922 	 0.9784 	 	 0.1193  	 0.9688  	 	 14.2817 	 0.0558  	 	 1.2019 	 0.7294  	 	 1.2475 	 0.7160  	 	 28.3166 	 0.0037
[2024/05/16 10:19:05] - 142 		 932.3 	 	 197.1 	 	 0.0100  		 0.0930 	 0.9769 	 	 0.1205  	 0.9681  	 	 14.2750 	 0.0554  	 	 1.1840 	 0.7365  	 	 1.2333 	 0.7254  	 	 28.7487 	 0.0045
[2024/05/16 10:38:00] - 143 		 937.7 	 	 197.5 	 	 0.0100  		 0.1046 	 0.9733 	 	 0.1345  	 0.9632  	 	 14.2707 	 0.0549  	 	 1.1912 	 0.7202  	 	 1.2396 	 0.7098  	 	 27.6898 	 0.0036
[2024/05/16 10:56:54] - 144 		 936.6 	 	 197.6 	 	 0.0100  		 0.1058 	 0.9727 	 	 0.1356  	 0.9628  	 	 14.3075 	 0.0524  	 	 1.1500 	 0.7301  	 	 1.2065 	 0.7177  	 	 26.8743 	 0.0046
[2024/05/16 11:15:44] - 145 		 932.6 	 	 196.8 	 	 0.0100  		 0.0991 	 0.9751 	 	 0.1259  	 0.9666  	 	 14.2183 	 0.0565  	 	 1.1771 	 0.7266  	 	 1.2261 	 0.7180  	 	 27.4738 	 0.0048
[2024/05/16 11:34:33] - 146 		 931.8 	 	 197.0 	 	 0.0100  		 0.1000 	 0.9740 	 	 0.1293  	 0.9646  	 	 14.2252 	 0.0558  	 	 1.1950 	 0.7219  	 	 1.2748 	 0.7027  	 	 26.6868 	 0.0025
[2024/05/16 11:53:22] - 147 		 932.4 	 	 197.0 	 	 0.0100  		 0.1028 	 0.9729 	 	 0.1302  	 0.9637  	 	 14.1734 	 0.0591  	 	 1.1414 	 0.7328  	 	 1.2117 	 0.7203  	 	 27.6543 	 0.0033
[2024/05/16 12:12:12] - 148 		 932.8 	 	 197.2 	 	 0.0100  		 0.1037 	 0.9739 	 	 0.1324  	 0.9633  	 	 14.2015 	 0.0550  	 	 1.2167 	 0.7180  	 	 1.2683 	 0.7072  	 	 27.7863 	 0.0027
[2024/05/16 12:31:02] - 149 		 932.6 	 	 196.7 	 	 0.0010  		 0.1002 	 0.9745 	 	 0.1282  	 0.9652  	 	 14.1499 	 0.0577  	 	 1.1923 	 0.7223  	 	 1.2367 	 0.7112  	 	 27.0740 	 0.0064
[2024/05/16 12:49:56] - 150 		 937.5 	 	 196.7 	 	 0.0010  		 0.0439 	 0.9914 	 	 0.0590  	 0.9867  	 	 13.9981 	 0.0658  	 	 1.0467 	 0.7573  	 	 1.0793 	 0.7506  	 	 27.8885 	 0.0053
[2024/05/16 13:08:47] - 151 		 934.5 	 	 196.7 	 	 0.0010  		 0.0243 	 0.9962 	 	 0.0337  	 0.9938  	 	 13.8612 	 0.0751  	 	 1.0809 	 0.7528  	 	 1.1188 	 0.7473  	 	 27.8867 	 0.0051
[2024/05/16 13:27:37] - 152 		 932.7 	 	 197.0 	 	 0.0010  		 0.0190 	 0.9973 	 	 0.0265  	 0.9956  	 	 13.8732 	 0.0778  	 	 1.0704 	 0.7591  	 	 1.1182 	 0.7493  	 	 28.0073 	 0.0062
[2024/05/16 13:46:27] - 153 		 932.9 	 	 197.1 	 	 0.0010  		 0.0158 	 0.9980 	 	 0.0228  	 0.9961  	 	 13.8248 	 0.0809  	 	 1.0705 	 0.7664  	 	 1.1191 	 0.7554  	 	 29.0346 	 0.0050
[2024/05/16 14:05:17] - 154 		 931.8 	 	 197.8 	 	 0.0010  		 0.0139 	 0.9982 	 	 0.0202  	 0.9967  	 	 13.7989 	 0.0823  	 	 1.0309 	 0.7621  	 	 1.1111 	 0.7477  	 	 27.3112 	 0.0049
[2024/05/16 14:24:07] - 155 		 933.1 	 	 197.0 	 	 0.0010  		 0.0130 	 0.9984 	 	 0.0191  	 0.9968  	 	 13.8234 	 0.0811  	 	 1.0592 	 0.7642  	 	 1.0988 	 0.7523  	 	 28.7042 	 0.0036
[2024/05/16 14:42:56] - 156 		 932.4 	 	 196.9 	 	 0.0010  		 0.0122 	 0.9984 	 	 0.0175  	 0.9971  	 	 13.7839 	 0.0814  	 	 1.0203 	 0.7719  	 	 1.1067 	 0.7539  	 	 27.8785 	 0.0041
[2024/05/16 15:01:44] - 157 		 931.5 	 	 196.5 	 	 0.0010  		 0.0111 	 0.9988 	 	 0.0159  	 0.9977  	 	 13.7548 	 0.0818  	 	 1.0204 	 0.7743  	 	 1.0849 	 0.7591  	 	 27.6974 	 0.0047
[2024/05/16 15:20:32] - 158 		 930.9 	 	 196.5 	 	 0.0010  		 0.0101 	 0.9989 	 	 0.0148  	 0.9977  	 	 13.7400 	 0.0818  	 	 1.0598 	 0.7591  	 	 1.0966 	 0.7543  	 	 27.2192 	 0.0050
[2024/05/16 15:39:20] - 159 		 931.9 	 	 196.8 	 	 0.0010  		 0.0106 	 0.9986 	 	 0.0154  	 0.9976  	 	 13.7230 	 0.0838  	 	 1.0782 	 0.7641  	 	 1.1390 	 0.7498  	 	 28.1330 	 0.0040
[2024/05/16 15:58:09] - 160 		 932.0 	 	 196.5 	 	 0.0010  		 0.0099 	 0.9988 	 	 0.0145  	 0.9976  	 	 13.6616 	 0.0865  	 	 1.0294 	 0.7703  	 	 1.1127 	 0.7537  	 	 28.1682 	 0.0053
[2024/05/16 16:17:07] - 161 		 941.0 	 	 196.5 	 	 0.0010  		 0.0091 	 0.9989 	 	 0.0131  	 0.9981  	 	 13.6737 	 0.0834  	 	 1.0473 	 0.7673  	 	 1.0963 	 0.7569  	 	 28.0857 	 0.0043
[2024/05/16 16:35:56] - 162 		 931.7 	 	 197.1 	 	 0.0010  		 0.0094 	 0.9988 	 	 0.0135  	 0.9979  	 	 13.6232 	 0.0854  	 	 1.0429 	 0.7624  	 	 1.0998 	 0.7524  	 	 27.3540 	 0.0060
[2024/05/16 16:54:43] - 163 		 931.2 	 	 196.6 	 	 0.0010  		 0.0086 	 0.9989 	 	 0.0127  	 0.9980  	 	 13.6008 	 0.0855  	 	 1.0602 	 0.7634  	 	 1.1168 	 0.7530  	 	 27.8904 	 0.0062
[2024/05/16 17:13:34] - 164 		 933.7 	 	 196.6 	 	 0.0010  		 0.0080 	 0.9992 	 	 0.0117  	 0.9985  	 	 13.6239 	 0.0829  	 	 1.0113 	 0.7685  	 	 1.0757 	 0.7578  	 	 27.0008 	 0.0045
[2024/05/16 17:32:24] - 165 		 933.4 	 	 196.6 	 	 0.0010  		 0.0080 	 0.9992 	 	 0.0118  	 0.9984  	 	 13.5593 	 0.0825  	 	 1.1084 	 0.7620  	 	 1.1518 	 0.7501  	 	 28.6010 	 0.0058
[2024/05/16 17:51:13] - 166 		 932.7 	 	 196.6 	 	 0.0010  		 0.0078 	 0.9993 	 	 0.0116  	 0.9984  	 	 13.5556 	 0.0843  	 	 1.0587 	 0.7674  	 	 1.1118 	 0.7531  	 	 27.1911 	 0.0056
[2024/05/16 18:10:02] - 167 		 931.5 	 	 196.8 	 	 0.0010  		 0.0075 	 0.9991 	 	 0.0107  	 0.9985  	 	 13.5812 	 0.0807  	 	 1.0494 	 0.7622  	 	 1.1081 	 0.7532  	 	 26.8069 	 0.0055
[2024/05/16 18:28:50] - 168 		 931.7 	 	 196.7 	 	 0.0010  		 0.0074 	 0.9992 	 	 0.0107  	 0.9986  	 	 13.5395 	 0.0813  	 	 1.0545 	 0.7688  	 	 1.1160 	 0.7526  	 	 26.9951 	 0.0047
[2024/05/16 18:47:38] - 169 		 931.1 	 	 196.6 	 	 0.0010  		 0.0070 	 0.9993 	 	 0.0103  	 0.9986  	 	 13.5509 	 0.0793  	 	 1.0329 	 0.7682  	 	 1.0974 	 0.7586  	 	 26.6655 	 0.0057
[2024/05/16 19:06:26] - 170 		 931.6 	 	 196.6 	 	 0.0010  		 0.0074 	 0.9992 	 	 0.0110  	 0.9984  	 	 13.4794 	 0.0819  	 	 1.1359 	 0.7531  	 	 1.1623 	 0.7480  	 	 27.5893 	 0.0061
[2024/05/16 19:25:15] - 171 		 931.9 	 	 196.6 	 	 0.0010  		 0.0070 	 0.9993 	 	 0.0102  	 0.9987  	 	 13.4792 	 0.0819  	 	 1.0113 	 0.7671  	 	 1.0573 	 0.7597  	 	 26.0825 	 0.0068
[2024/05/16 19:44:06] - 172 		 934.5 	 	 197.0 	 	 0.0010  		 0.0073 	 0.9991 	 	 0.0107  	 0.9983  	 	 13.4419 	 0.0817  	 	 1.0357 	 0.7715  	 	 1.0778 	 0.7599  	 	 26.5733 	 0.0061
[2024/05/16 20:02:55] - 173 		 931.1 	 	 197.2 	 	 0.0010  		 0.0070 	 0.9991 	 	 0.0103  	 0.9987  	 	 13.4175 	 0.0824  	 	 1.0765 	 0.7617  	 	 1.1066 	 0.7527  	 	 26.9686 	 0.0050
[2024/05/16 20:21:45] - 174 		 932.5 	 	 197.4 	 	 0.0010  		 0.0067 	 0.9993 	 	 0.0099  	 0.9987  	 	 13.3843 	 0.0820  	 	 1.0929 	 0.7573  	 	 1.1331 	 0.7519  	 	 27.5440 	 0.0060
[2024/05/16 20:40:34] - 175 		 932.6 	 	 197.0 	 	 0.0010  		 0.0068 	 0.9991 	 	 0.0099  	 0.9986  	 	 13.3422 	 0.0827  	 	 1.0746 	 0.7665  	 	 1.1259 	 0.7548  	 	 27.1602 	 0.0058
[2024/05/16 20:59:23] - 176 		 932.0 	 	 196.8 	 	 0.0010  		 0.0064 	 0.9992 	 	 0.0093  	 0.9986  	 	 13.3524 	 0.0808  	 	 1.0858 	 0.7562  	 	 1.1286 	 0.7456  	 	 26.0275 	 0.0069
[2024/05/16 21:18:12] - 177 		 932.3 	 	 196.9 	 	 0.0010  		 0.0061 	 0.9994 	 	 0.0091  	 0.9987  	 	 13.3157 	 0.0816  	 	 1.0411 	 0.7675  	 	 1.0957 	 0.7566  	 	 25.9826 	 0.0058
[2024/05/16 21:37:02] - 178 		 932.2 	 	 197.1 	 	 0.0010  		 0.0069 	 0.9991 	 	 0.0102  	 0.9985  	 	 13.3115 	 0.0792  	 	 1.0525 	 0.7654  	 	 1.1039 	 0.7528  	 	 27.1620 	 0.0057
[2024/05/16 21:55:51] - 179 		 932.0 	 	 196.8 	 	 0.0010  		 0.0063 	 0.9995 	 	 0.0092  	 0.9990  	 	 13.2848 	 0.0794  	 	 1.0486 	 0.7703  	 	 1.1094 	 0.7605  	 	 26.5443 	 0.0066
[2024/05/16 22:14:40] - 180 		 933.3 	 	 196.5 	 	 0.0010  		 0.0066 	 0.9992 	 	 0.0098  	 0.9986  	 	 13.2722 	 0.0793  	 	 1.0596 	 0.7608  	 	 1.1055 	 0.7508  	 	 24.9092 	 0.0068
[2024/05/16 22:33:28] - 181 		 931.5 	 	 196.4 	 	 0.0010  		 0.0067 	 0.9993 	 	 0.0098  	 0.9985  	 	 13.2125 	 0.0794  	 	 1.0565 	 0.7644  	 	 1.0973 	 0.7579  	 	 26.2032 	 0.0064
[2024/05/16 22:52:17] - 182 		 931.1 	 	 197.3 	 	 0.0010  		 0.0063 	 0.9993 	 	 0.0091  	 0.9988  	 	 13.2356 	 0.0795  	 	 1.0769 	 0.7634  	 	 1.1392 	 0.7501  	 	 26.5151 	 0.0059
[2024/05/16 23:11:07] - 183 		 932.0 	 	 197.6 	 	 0.0010  		 0.0062 	 0.9995 	 	 0.0090  	 0.9989  	 	 13.2042 	 0.0788  	 	 1.0351 	 0.7690  	 	 1.0903 	 0.7595  	 	 26.4820 	 0.0058
[2024/05/16 23:29:55] - 184 		 931.4 	 	 197.1 	 	 0.0010  		 0.0062 	 0.9994 	 	 0.0092  	 0.9989  	 	 13.1663 	 0.0788  	 	 1.0256 	 0.7709  	 	 1.0714 	 0.7598  	 	 25.2119 	 0.0078
[2024/05/16 23:48:44] - 185 		 930.8 	 	 196.5 	 	 0.0010  		 0.0062 	 0.9993 	 	 0.0088  	 0.9988  	 	 13.1450 	 0.0795  	 	 1.0371 	 0.7676  	 	 1.1041 	 0.7553  	 	 25.2275 	 0.0071
[2024/05/17 00:07:32] - 186 		 930.5 	 	 197.0 	 	 0.0010  		 0.0059 	 0.9994 	 	 0.0086  	 0.9988  	 	 13.1379 	 0.0785  	 	 1.0230 	 0.7738  	 	 1.0890 	 0.7583  	 	 25.3219 	 0.0065
[2024/05/17 00:26:20] - 187 		 931.4 	 	 196.9 	 	 0.0010  		 0.0057 	 0.9994 	 	 0.0084  	 0.9989  	 	 13.1274 	 0.0770  	 	 1.0491 	 0.7639  	 	 1.0904 	 0.7550  	 	 25.1597 	 0.0080
[2024/05/17 00:45:07] - 188 		 929.9 	 	 196.5 	 	 0.0010  		 0.0063 	 0.9993 	 	 0.0092  	 0.9986  	 	 13.0639 	 0.0794  	 	 1.0877 	 0.7649  	 	 1.1341 	 0.7554  	 	 25.5709 	 0.0070
[2024/05/17 01:03:54] - 189 		 930.8 	 	 196.8 	 	 0.0010  		 0.0061 	 0.9994 	 	 0.0088  	 0.9988  	 	 13.0061 	 0.0786  	 	 1.1076 	 0.7605  	 	 1.1454 	 0.7555  	 	 26.4481 	 0.0067
[2024/05/17 01:22:42] - 190 		 931.2 	 	 196.2 	 	 0.0010  		 0.0059 	 0.9994 	 	 0.0086  	 0.9989  	 	 12.9993 	 0.0790  	 	 1.0323 	 0.7683  	 	 1.0879 	 0.7571  	 	 25.4959 	 0.0059
[2024/05/17 01:41:29] - 191 		 930.6 	 	 196.7 	 	 0.0010  		 0.0062 	 0.9991 	 	 0.0090  	 0.9986  	 	 12.9775 	 0.0765  	 	 1.0349 	 0.7696  	 	 1.1126 	 0.7545  	 	 26.5016 	 0.0061
[2024/05/17 02:00:16] - 192 		 930.3 	 	 196.5 	 	 0.0010  		 0.0058 	 0.9994 	 	 0.0082  	 0.9990  	 	 12.9656 	 0.0782  	 	 1.0102 	 0.7715  	 	 1.0521 	 0.7606  	 	 24.6138 	 0.0084
[2024/05/17 02:19:03] - 193 		 930.5 	 	 196.3 	 	 0.0010  		 0.0059 	 0.9994 	 	 0.0085  	 0.9990  	 	 12.9556 	 0.0773  	 	 1.0397 	 0.7684  	 	 1.0985 	 0.7569  	 	 25.6399 	 0.0059
[2024/05/17 02:37:50] - 194 		 930.3 	 	 196.1 	 	 0.0010  		 0.0059 	 0.9994 	 	 0.0084  	 0.9990  	 	 12.9307 	 0.0757  	 	 1.0244 	 0.7753  	 	 1.1004 	 0.7638  	 	 26.1623 	 0.0075
[2024/05/17 02:56:38] - 195 		 931.5 	 	 197.1 	 	 0.0010  		 0.0058 	 0.9993 	 	 0.0084  	 0.9988  	 	 12.9037 	 0.0758  	 	 0.9959 	 0.7741  	 	 1.0611 	 0.7608  	 	 23.8692 	 0.0081
[2024/05/17 03:15:26] - 196 		 930.5 	 	 196.7 	 	 0.0010  		 0.0055 	 0.9995 	 	 0.0079  	 0.9992  	 	 12.8879 	 0.0741  	 	 1.0338 	 0.7681  	 	 1.0834 	 0.7584  	 	 24.8427 	 0.0062
[2024/05/17 03:34:12] - 197 		 930.5 	 	 195.9 	 	 0.0010  		 0.0058 	 0.9994 	 	 0.0082  	 0.9990  	 	 12.8684 	 0.0771  	 	 1.0049 	 0.7747  	 	 1.0631 	 0.7615  	 	 24.7599 	 0.0078
[2024/05/17 03:52:58] - 198 		 929.8 	 	 196.5 	 	 0.0010  		 0.0060 	 0.9991 	 	 0.0087  	 0.9986  	 	 12.8624 	 0.0741  	 	 1.0503 	 0.7710  	 	 1.1335 	 0.7567  	 	 27.1842 	 0.0049
[2024/05/17 04:11:45] - 199 		 929.9 	 	 196.6 	 	 0.0010  		 0.0056 	 0.9995 	 	 0.0080  	 0.9991  	 	 12.8571 	 0.0728  	 	 1.0333 	 0.7686  	 	 1.0893 	 0.7572  	 	 25.3411 	 0.0063
[2024/05/17 04:30:32] - 200 		 930.9 	 	 196.1 	 	 0.0010  		 0.0060 	 0.9993 	 	 0.0084  	 0.9989  	 	 12.7845 	 0.0760  	 	 1.0444 	 0.7658  	 	 1.0991 	 0.7582  	 	 25.3696 	 0.0064
