[2024/05/12 04:47:41] - Namespace(Inc_coeff=1, att_method='tanh', attack_iters=10, batch_size=128, beta_init=100.0, beta_max=100000.0, chkpt_iters=50, dataset='cifar100', epochs=201, epsilon=0.03137254901960784, eq_vol=1, eval_method='sign', lr_chechpoint1=100, lr_chechpoint2=150, lr_max=0.1, lr_schedule='piecewise', manual_step=0, model='WideResNet', momentum=0.9, norm='l_inf', pgd_alpha=2.0, random_init=1, resume=0, seed=1, train_mode='adv_train', tune_period=10, weight_decay=0.0005, width_factor=10)
[2024/05/12 04:47:48] - Epoch 	 Train Time 	 Test Time 	 LR 	 beta 	 	 Train Loss 	 Train Acc 	 Train Adv Loss 	 Train Adv Acc 	 Train Surrogate Loss 	 Train Surrogate Acc 	 Test Loss 	 Test Acc 	 Test Adv Loss 	 Test Adv Acc 	 Test Surrogate Loss 	 Test Surrogate Acc 
[2024/05/12 05:06:38] - 0 		 933.8 	 	 196.4 	 	 0.1000 	 	  100.0 		 3.9926 	 0.0814 	 	 4.0302  	 0.0776  	 	 4.7731 	 0.0283  	 	 3.6381 	 0.1276  	 	 3.7199 	 0.1187  	 	 4.8636 	 0.0246
[2024/05/12 05:25:23] - 1 		 928.0 	 	 196.2 	 	 0.1000 	 	  100.0 		 3.3863 	 0.1777 	 	 3.4878  	 0.1622  	 	 4.8732 	 0.0391  	 	 3.1122 	 0.2393  	 	 3.3004 	 0.2079  	 	 5.1014 	 0.0454
[2024/05/12 05:44:07] - 2 		 928.6 	 	 196.0 	 	 0.1000 	 	  100.0 		 2.9636 	 0.2617 	 	 3.1302  	 0.2308  	 	 4.9936 	 0.0470  	 	 2.8425 	 0.2886  	 	 3.2024 	 0.2394  	 	 5.8822 	 0.0363
[2024/05/12 06:02:52] - 3 		 928.1 	 	 196.2 	 	 0.1000 	 	  100.0 		 2.6514 	 0.3221 	 	 2.8814  	 0.2752  	 	 5.1467 	 0.0489  	 	 2.4741 	 0.3544  	 	 2.8287 	 0.2957  	 	 5.5848 	 0.0552
[2024/05/12 06:21:35] - 4 		 927.5 	 	 196.1 	 	 0.1000 	 	  100.0 		 2.4227 	 0.3732 	 	 2.6958  	 0.3151  	 	 5.2189 	 0.0549  	 	 2.2591 	 0.4093  	 	 2.6300 	 0.3427  	 	 5.4494 	 0.0586
[2024/05/12 06:40:19] - 5 		 927.8 	 	 196.3 	 	 0.1000 	 	  100.0 		 2.2552 	 0.4100 	 	 2.5632  	 0.3423  	 	 5.2865 	 0.0597  	 	 2.1081 	 0.4436  	 	 2.6148 	 0.3561  	 	 5.9243 	 0.0535
[2024/05/12 06:59:03] - 6 		 927.6 	 	 195.7 	 	 0.1000 	 	  100.0 		 2.1117 	 0.4457 	 	 2.4461  	 0.3680  	 	 5.3319 	 0.0631  	 	 2.0228 	 0.4596  	 	 2.5364 	 0.3700  	 	 5.9939 	 0.0532
[2024/05/12 07:17:46] - 7 		 927.1 	 	 195.9 	 	 0.1000 	 	  100.0 		 2.0209 	 0.4661 	 	 2.3730  	 0.3835  	 	 5.3606 	 0.0694  	 	 1.9005 	 0.4904  	 	 2.4154 	 0.3898  	 	 5.8912 	 0.0604
[2024/05/12 07:36:28] - 8 		 926.8 	 	 195.6 	 	 0.1000 	 	  100.0 		 1.9319 	 0.4863 	 	 2.3003  	 0.3999  	 	 5.3903 	 0.0726  	 	 1.9759 	 0.4656  	 	 2.4660 	 0.3734  	 	 5.8776 	 0.0462
[2024/05/12 07:55:11] - 9 		 927.1 	 	 195.6 	 	 0.1000 	 	  100.0 		 1.8716 	 0.5031 	 	 2.2523  	 0.4119  	 	 5.4154 	 0.0747  	 	 1.8972 	 0.4902  	 	 2.4870 	 0.3990  	 	 6.1497 	 0.0766
[2024/05/12 08:13:53] - 10 		 926.6 	 	 195.2 	 	 0.1000 	 	  100.0 		 1.8076 	 0.5212 	 	 2.1957  	 0.4261  	 	 5.4219 	 0.0801  	 	 1.8091 	 0.5174  	 	 2.3971 	 0.4139  	 	 6.1561 	 0.0609
[2024/05/12 08:32:35] - 11 		 927.2 	 	 195.6 	 	 0.1000 	 	  100.0 		 1.7640 	 0.5301 	 	 2.1606  	 0.4324  	 	 5.4294 	 0.0814  	 	 1.7680 	 0.5200  	 	 2.3947 	 0.4132  	 	 6.2198 	 0.0640
[2024/05/12 08:51:18] - 12 		 926.6 	 	 195.7 	 	 0.1000 	 	  100.0 		 1.7180 	 0.5436 	 	 2.1233  	 0.4434  	 	 5.4481 	 0.0831  	 	 1.7325 	 0.5304  	 	 2.5425 	 0.4004  	 	 6.9852 	 0.0543
[2024/05/12 09:09:59] - 13 		 926.2 	 	 195.2 	 	 0.1000 	 	  100.0 		 1.6791 	 0.5536 	 	 2.0887  	 0.4506  	 	 5.4399 	 0.0867  	 	 1.6777 	 0.5464  	 	 2.2337 	 0.4383  	 	 5.8885 	 0.0588
[2024/05/12 09:28:41] - 14 		 926.2 	 	 195.4 	 	 0.1000 	 	  100.0 		 1.6354 	 0.5654 	 	 2.0533  	 0.4611  	 	 5.4679 	 0.0880  	 	 1.7399 	 0.5285  	 	 2.3629 	 0.4196  	 	 6.2337 	 0.0590
[2024/05/12 09:47:22] - 15 		 925.9 	 	 195.3 	 	 0.1000 	 	  100.0 		 1.6046 	 0.5707 	 	 2.0248  	 0.4644  	 	 5.4513 	 0.0905  	 	 1.6085 	 0.5608  	 	 2.2478 	 0.4358  	 	 6.2582 	 0.0573
[2024/05/12 10:06:04] - 16 		 926.1 	 	 195.3 	 	 0.1000 	 	  100.0 		 1.5719 	 0.5797 	 	 1.9966  	 0.4722  	 	 5.4522 	 0.0925  	 	 1.5805 	 0.5669  	 	 2.1980 	 0.4547  	 	 6.0590 	 0.0737
[2024/05/12 10:24:45] - 17 		 926.1 	 	 195.2 	 	 0.1000 	 	  100.0 		 1.5417 	 0.5872 	 	 1.9712  	 0.4785  	 	 5.4529 	 0.0953  	 	 1.6497 	 0.5552  	 	 2.3643 	 0.4329  	 	 6.5754 	 0.0607
[2024/05/12 10:43:26] - 18 		 926.0 	 	 195.3 	 	 0.1000 	 	  100.0 		 1.5217 	 0.5932 	 	 1.9565  	 0.4796  	 	 5.4728 	 0.0945  	 	 1.6363 	 0.5551  	 	 2.3150 	 0.4358  	 	 6.3177 	 0.0672
[2024/05/12 11:02:08] - 19 		 926.1 	 	 195.2 	 	 0.1000 	 	  100.0 		 1.4977 	 0.6001 	 	 1.9309  	 0.4873  	 	 5.4499 	 0.0981  	 	 1.5401 	 0.5801  	 	 2.3123 	 0.4363  	 	 6.7437 	 0.0561
[2024/05/12 11:20:48] - 20 		 925.1 	 	 194.7 	 	 0.1000 	 	  100.0 		 1.4755 	 0.6054 	 	 1.9142  	 0.4897  	 	 5.4639 	 0.0995  	 	 1.5673 	 0.5697  	 	 2.2708 	 0.4434  	 	 6.4336 	 0.0567
[2024/05/12 11:39:27] - 21 		 924.5 	 	 194.7 	 	 0.1000 	 	  100.0 		 1.4535 	 0.6120 	 	 1.8972  	 0.4956  	 	 5.4961 	 0.0991  	 	 1.6010 	 0.5619  	 	 2.3535 	 0.4294  	 	 6.7303 	 0.0512
[2024/05/12 11:58:06] - 22 		 924.7 	 	 194.7 	 	 0.1000 	 	  100.0 		 1.4385 	 0.6131 	 	 1.8838  	 0.4978  	 	 5.4797 	 0.1016  	 	 1.5125 	 0.5814  	 	 2.2106 	 0.4547  	 	 6.3402 	 0.0580
[2024/05/12 12:16:45] - 23 		 924.2 	 	 194.6 	 	 0.1000 	 	  100.0 		 1.4190 	 0.6202 	 	 1.8666  	 0.5035  	 	 5.4728 	 0.1035  	 	 1.5337 	 0.5742  	 	 2.2731 	 0.4504  	 	 6.6942 	 0.0624
[2024/05/12 12:35:24] - 24 		 924.6 	 	 194.7 	 	 0.1000 	 	  100.0 		 1.4076 	 0.6220 	 	 1.8531  	 0.5050  	 	 5.4701 	 0.1056  	 	 1.5040 	 0.5873  	 	 2.1763 	 0.4586  	 	 6.1924 	 0.0687
[2024/05/12 12:54:03] - 25 		 924.4 	 	 194.6 	 	 0.1000 	 	  100.0 		 1.3828 	 0.6271 	 	 1.8320  	 0.5084  	 	 5.4789 	 0.1065  	 	 1.6197 	 0.5568  	 	 2.4127 	 0.4271  	 	 6.8398 	 0.0582
[2024/05/12 13:12:43] - 26 		 924.5 	 	 194.7 	 	 0.1000 	 	  100.0 		 1.3741 	 0.6309 	 	 1.8260  	 0.5106  	 	 5.4774 	 0.1060  	 	 1.5044 	 0.5862  	 	 2.2848 	 0.4524  	 	 6.7818 	 0.0607
[2024/05/12 13:31:22] - 27 		 924.3 	 	 194.8 	 	 0.1000 	 	  100.0 		 1.3568 	 0.6352 	 	 1.8119  	 0.5143  	 	 5.4985 	 0.1075  	 	 1.5477 	 0.5813  	 	 2.3211 	 0.4500  	 	 6.7940 	 0.0549
[2024/05/12 13:50:01] - 28 		 924.7 	 	 194.6 	 	 0.1000 	 	  100.0 		 1.3429 	 0.6388 	 	 1.7965  	 0.5198  	 	 5.4982 	 0.1084  	 	 1.4648 	 0.5982  	 	 2.1774 	 0.4711  	 	 6.5236 	 0.0632
[2024/05/12 14:08:38] - 29 		 922.8 	 	 194.2 	 	 0.1000 	 	  100.0 		 1.3417 	 0.6389 	 	 1.7951  	 0.5202  	 	 5.4785 	 0.1093  	 	 1.4108 	 0.6075  	 	 2.2702 	 0.4626  	 	 7.0679 	 0.0513
[2024/05/12 14:27:15] - 30 		 922.9 	 	 194.2 	 	 0.1000 	 	  100.0 		 1.3210 	 0.6463 	 	 1.7766  	 0.5234  	 	 5.4836 	 0.1107  	 	 1.4811 	 0.5941  	 	 2.2441 	 0.4664  	 	 6.7045 	 0.0619
[2024/05/12 14:45:53] - 31 		 923.3 	 	 194.6 	 	 0.1000 	 	  100.0 		 1.3097 	 0.6498 	 	 1.7682  	 0.5262  	 	 5.4888 	 0.1124  	 	 1.5003 	 0.5879  	 	 2.2342 	 0.4593  	 	 6.4724 	 0.0695
[2024/05/12 15:04:33] - 32 		 925.0 	 	 194.7 	 	 0.1000 	 	  100.0 		 1.3120 	 0.6486 	 	 1.7727  	 0.5253  	 	 5.5008 	 0.1109  	 	 1.4598 	 0.6033  	 	 2.1449 	 0.4724  	 	 6.3354 	 0.0659
[2024/05/12 15:23:12] - 33 		 925.3 	 	 193.8 	 	 0.1000 	 	  100.0 		 1.2964 	 0.6525 	 	 1.7552  	 0.5300  	 	 5.4955 	 0.1116  	 	 1.4546 	 0.5995  	 	 2.2494 	 0.4683  	 	 6.7435 	 0.0605
[2024/05/12 15:41:48] - 34 		 922.2 	 	 193.8 	 	 0.1000 	 	  100.0 		 1.2783 	 0.6571 	 	 1.7403  	 0.5312  	 	 5.4788 	 0.1156  	 	 1.4262 	 0.6062  	 	 2.2012 	 0.4646  	 	 6.5662 	 0.0633
[2024/05/12 16:00:24] - 35 		 922.2 	 	 193.6 	 	 0.1000 	 	  100.0 		 1.2810 	 0.6564 	 	 1.7418  	 0.5325  	 	 5.4913 	 0.1144  	 	 1.4379 	 0.6112  	 	 2.2975 	 0.4661  	 	 6.9599 	 0.0641
[2024/05/12 16:19:00] - 36 		 922.3 	 	 194.0 	 	 0.1000 	 	  100.0 		 1.2670 	 0.6593 	 	 1.7304  	 0.5348  	 	 5.4937 	 0.1147  	 	 1.4798 	 0.5978  	 	 2.1996 	 0.4634  	 	 6.4409 	 0.0617
[2024/05/12 16:37:37] - 37 		 922.9 	 	 194.1 	 	 0.1000 	 	  100.0 		 1.2585 	 0.6634 	 	 1.7229  	 0.5385  	 	 5.4951 	 0.1158  	 	 1.3970 	 0.6140  	 	 2.2891 	 0.4653  	 	 6.9994 	 0.0649
[2024/05/12 16:56:14] - 38 		 922.6 	 	 194.0 	 	 0.1000 	 	  100.0 		 1.2490 	 0.6652 	 	 1.7139  	 0.5391  	 	 5.5011 	 0.1160  	 	 1.4582 	 0.6001  	 	 2.2797 	 0.4653  	 	 6.8899 	 0.0597
[2024/05/12 17:14:50] - 39 		 921.9 	 	 194.0 	 	 0.1000 	 	  100.0 		 1.2539 	 0.6640 	 	 1.7169  	 0.5390  	 	 5.4845 	 0.1159  	 	 1.4611 	 0.5954  	 	 2.3461 	 0.4561  	 	 7.0970 	 0.0582
[2024/05/12 17:33:25] - 40 		 921.5 	 	 193.8 	 	 0.1000 	 	  100.0 		 1.2373 	 0.6684 	 	 1.7008  	 0.5437  	 	 5.4876 	 0.1181  	 	 1.4611 	 0.5968  	 	 2.3170 	 0.4512  	 	 6.8752 	 0.0634
[2024/05/12 17:52:02] - 41 		 922.9 	 	 193.9 	 	 0.1000 	 	  100.0 		 1.2359 	 0.6696 	 	 1.7030  	 0.5437  	 	 5.5006 	 0.1181  	 	 1.4696 	 0.5908  	 	 2.3012 	 0.4590  	 	 6.9396 	 0.0659
[2024/05/12 18:10:39] - 42 		 922.3 	 	 194.3 	 	 0.1000 	 	  100.0 		 1.2290 	 0.6727 	 	 1.6986  	 0.5425  	 	 5.5097 	 0.1193  	 	 1.5179 	 0.5824  	 	 2.3560 	 0.4435  	 	 6.9796 	 0.0568
[2024/05/12 18:29:16] - 43 		 922.9 	 	 194.1 	 	 0.1000 	 	  100.0 		 1.2208 	 0.6738 	 	 1.6855  	 0.5483  	 	 5.4911 	 0.1195  	 	 1.4196 	 0.6077  	 	 2.1737 	 0.4752  	 	 6.4947 	 0.0684
[2024/05/12 18:47:52] - 44 		 922.3 	 	 193.6 	 	 0.1000 	 	  100.0 		 1.2149 	 0.6740 	 	 1.6822  	 0.5472  	 	 5.4923 	 0.1188  	 	 1.4356 	 0.6076  	 	 2.1942 	 0.4735  	 	 6.5548 	 0.0642
[2024/05/12 19:06:29] - 45 		 922.1 	 	 194.2 	 	 0.1000 	 	  100.0 		 1.2042 	 0.6787 	 	 1.6740  	 0.5493  	 	 5.5087 	 0.1185  	 	 1.4594 	 0.6047  	 	 2.2234 	 0.4665  	 	 6.5592 	 0.0658
[2024/05/12 19:25:06] - 46 		 923.4 	 	 194.0 	 	 0.1000 	 	  100.0 		 1.1968 	 0.6793 	 	 1.6642  	 0.5530  	 	 5.4853 	 0.1221  	 	 1.4386 	 0.6061  	 	 2.3185 	 0.4545  	 	 7.1787 	 0.0498
[2024/05/12 19:43:43] - 47 		 922.4 	 	 194.0 	 	 0.1000 	 	  100.0 		 1.2019 	 0.6787 	 	 1.6717  	 0.5488  	 	 5.5190 	 0.1203  	 	 1.5603 	 0.5791  	 	 2.4870 	 0.4477  	 	 7.2019 	 0.0631
[2024/05/12 20:02:19] - 48 		 922.1 	 	 194.0 	 	 0.1000 	 	  100.0 		 1.1943 	 0.6797 	 	 1.6625  	 0.5528  	 	 5.5062 	 0.1215  	 	 1.4456 	 0.6062  	 	 2.2320 	 0.4717  	 	 6.6195 	 0.0700
[2024/05/12 20:20:54] - 49 		 921.8 	 	 193.9 	 	 0.1000 	 	  100.0 		 1.1785 	 0.6843 	 	 1.6513  	 0.5565  	 	 5.5227 	 0.1204  	 	 1.4571 	 0.5997  	 	 2.2824 	 0.4601  	 	 6.7532 	 0.0582
[2024/05/12 20:39:30] - 50 		 921.5 	 	 193.7 	 	 0.1000 	 	  100.0 		 1.1825 	 0.6821 	 	 1.6508  	 0.5539  	 	 5.4903 	 0.1209  	 	 1.4858 	 0.5986  	 	 2.4641 	 0.4563  	 	 7.4043 	 0.0676
[2024/05/12 20:58:05] - 51 		 921.3 	 	 194.3 	 	 0.1000 	 	  100.0 		 1.1843 	 0.6851 	 	 1.6559  	 0.5555  	 	 5.5010 	 0.1210  	 	 1.4558 	 0.5993  	 	 2.2446 	 0.4631  	 	 6.6848 	 0.0568
[2024/05/12 21:16:41] - 52 		 921.6 	 	 194.1 	 	 0.1000 	 	  100.0 		 1.1793 	 0.6837 	 	 1.6520  	 0.5541  	 	 5.5076 	 0.1217  	 	 1.4259 	 0.6071  	 	 2.2106 	 0.4798  	 	 6.6505 	 0.0625
[2024/05/12 21:35:16] - 53 		 921.3 	 	 193.7 	 	 0.1000 	 	  100.0 		 1.1678 	 0.6907 	 	 1.6426  	 0.5586  	 	 5.5321 	 0.1227  	 	 1.5151 	 0.5865  	 	 2.1838 	 0.4714  	 	 6.1881 	 0.0760
[2024/05/12 21:53:51] - 54 		 921.2 	 	 193.7 	 	 0.1000 	 	  100.0 		 1.1734 	 0.6852 	 	 1.6447  	 0.5545  	 	 5.4931 	 0.1245  	 	 1.4256 	 0.6058  	 	 2.1798 	 0.4759  	 	 6.5207 	 0.0677
[2024/05/12 22:12:26] - 55 		 921.1 	 	 193.7 	 	 0.1000 	 	  100.0 		 1.1597 	 0.6895 	 	 1.6324  	 0.5564  	 	 5.5051 	 0.1243  	 	 1.4006 	 0.6171  	 	 2.0567 	 0.4861  	 	 6.0981 	 0.0694
[2024/05/12 22:31:01] - 56 		 921.3 	 	 193.7 	 	 0.1000 	 	  100.0 		 1.1580 	 0.6901 	 	 1.6285  	 0.5601  	 	 5.4899 	 0.1270  	 	 1.4360 	 0.6102  	 	 2.3177 	 0.4702  	 	 7.1027 	 0.0603
[2024/05/12 22:49:36] - 57 		 921.1 	 	 194.0 	 	 0.1000 	 	  100.0 		 1.1602 	 0.6892 	 	 1.6331  	 0.5573  	 	 5.4865 	 0.1234  	 	 1.5198 	 0.5904  	 	 2.4976 	 0.4486  	 	 7.5227 	 0.0506
[2024/05/12 23:08:11] - 58 		 921.0 	 	 193.7 	 	 0.1000 	 	  100.0 		 1.1431 	 0.6950 	 	 1.6181  	 0.5631  	 	 5.5161 	 0.1262  	 	 1.3861 	 0.6201  	 	 2.4315 	 0.4661  	 	 7.5978 	 0.0595
[2024/05/12 23:26:46] - 59 		 921.2 	 	 193.8 	 	 0.1000 	 	  100.0 		 1.1403 	 0.6958 	 	 1.6123  	 0.5655  	 	 5.5076 	 0.1257  	 	 1.4070 	 0.6084  	 	 2.1759 	 0.4755  	 	 6.5925 	 0.0650
[2024/05/12 23:45:21] - 60 		 921.4 	 	 194.1 	 	 0.1000 	 	  100.0 		 1.1356 	 0.6954 	 	 1.6094  	 0.5655  	 	 5.5186 	 0.1255  	 	 1.4142 	 0.6103  	 	 2.3259 	 0.4650  	 	 7.1134 	 0.0587
[2024/05/13 00:03:57] - 61 		 922.2 	 	 193.8 	 	 0.1000 	 	  100.0 		 1.1441 	 0.6945 	 	 1.6201  	 0.5627  	 	 5.5080 	 0.1264  	 	 1.4096 	 0.6112  	 	 2.2904 	 0.4705  	 	 7.0820 	 0.0601
[2024/05/13 00:22:34] - 62 		 922.3 	 	 193.9 	 	 0.1000 	 	  100.0 		 1.1327 	 0.6990 	 	 1.6042  	 0.5690  	 	 5.5096 	 0.1257  	 	 1.4169 	 0.6082  	 	 2.1588 	 0.4746  	 	 6.4783 	 0.0683
[2024/05/13 00:41:09] - 63 		 921.1 	 	 193.9 	 	 0.1000 	 	  100.0 		 1.1501 	 0.6926 	 	 1.6234  	 0.5626  	 	 5.4881 	 0.1278  	 	 1.4281 	 0.6013  	 	 2.3103 	 0.4627  	 	 7.0409 	 0.0621
[2024/05/13 00:59:44] - 64 		 921.7 	 	 193.8 	 	 0.1000 	 	  100.0 		 1.1317 	 0.6983 	 	 1.6082  	 0.5648  	 	 5.5164 	 0.1268  	 	 1.4498 	 0.6009  	 	 2.3259 	 0.4615  	 	 6.9778 	 0.0578
[2024/05/13 01:18:19] - 65 		 921.3 	 	 194.0 	 	 0.1000 	 	  100.0 		 1.1273 	 0.6980 	 	 1.6048  	 0.5649  	 	 5.4947 	 0.1291  	 	 1.4899 	 0.5996  	 	 2.4727 	 0.4567  	 	 7.5359 	 0.0615
[2024/05/13 01:36:54] - 66 		 921.4 	 	 193.7 	 	 0.1000 	 	  100.0 		 1.1293 	 0.6987 	 	 1.6025  	 0.5678  	 	 5.4843 	 0.1273  	 	 1.4783 	 0.5969  	 	 2.2520 	 0.4596  	 	 6.6796 	 0.0636
[2024/05/13 01:55:30] - 67 		 921.7 	 	 193.8 	 	 0.1000 	 	  100.0 		 1.1194 	 0.6998 	 	 1.5943  	 0.5698  	 	 5.4919 	 0.1291  	 	 1.4591 	 0.5980  	 	 2.4477 	 0.4559  	 	 7.5006 	 0.0547
[2024/05/13 02:14:06] - 68 		 921.7 	 	 193.9 	 	 0.1000 	 	  100.0 		 1.1124 	 0.7043 	 	 1.5896  	 0.5702  	 	 5.5138 	 0.1286  	 	 1.4035 	 0.6128  	 	 2.2277 	 0.4729  	 	 6.7685 	 0.0650
[2024/05/13 02:32:41] - 69 		 921.3 	 	 193.8 	 	 0.1000 	 	  100.0 		 1.1181 	 0.7004 	 	 1.5967  	 0.5687  	 	 5.5048 	 0.1295  	 	 1.5606 	 0.5827  	 	 2.5976 	 0.4376  	 	 7.7190 	 0.0601
[2024/05/13 02:51:16] - 70 		 921.4 	 	 193.8 	 	 0.1000 	 	  100.0 		 1.1139 	 0.7025 	 	 1.5893  	 0.5696  	 	 5.5133 	 0.1283  	 	 1.3660 	 0.6245  	 	 2.2043 	 0.4773  	 	 6.7976 	 0.0648
[2024/05/13 03:09:51] - 71 		 921.4 	 	 193.7 	 	 0.1000 	 	  100.0 		 1.1137 	 0.7033 	 	 1.5918  	 0.5689  	 	 5.5268 	 0.1273  	 	 1.4203 	 0.6134  	 	 2.2111 	 0.4768  	 	 6.7115 	 0.0727
[2024/05/13 03:28:27] - 72 		 921.6 	 	 194.0 	 	 0.1000 	 	  100.0 		 1.1174 	 0.7023 	 	 1.5948  	 0.5696  	 	 5.5102 	 0.1287  	 	 1.3492 	 0.6272  	 	 2.2424 	 0.4835  	 	 7.0262 	 0.0698
[2024/05/13 03:47:02] - 73 		 921.7 	 	 193.9 	 	 0.1000 	 	  100.0 		 1.1075 	 0.7038 	 	 1.5861  	 0.5699  	 	 5.5202 	 0.1284  	 	 1.3321 	 0.6296  	 	 2.1215 	 0.4908  	 	 6.6933 	 0.0657
[2024/05/13 04:05:38] - 74 		 921.7 	 	 193.8 	 	 0.1000 	 	  100.0 		 1.1005 	 0.7052 	 	 1.5758  	 0.5734  	 	 5.5082 	 0.1299  	 	 1.4114 	 0.6144  	 	 2.2154 	 0.4748  	 	 6.6750 	 0.0688
[2024/05/13 04:24:12] - 75 		 920.8 	 	 193.7 	 	 0.1000 	 	  100.0 		 1.1032 	 0.7076 	 	 1.5819  	 0.5735  	 	 5.5214 	 0.1284  	 	 1.3429 	 0.6268  	 	 2.1871 	 0.4820  	 	 6.8463 	 0.0664
[2024/05/13 04:42:48] - 76 		 921.2 	 	 193.9 	 	 0.1000 	 	  100.0 		 1.0992 	 0.7060 	 	 1.5775  	 0.5742  	 	 5.5288 	 0.1284  	 	 1.3433 	 0.6258  	 	 2.2493 	 0.4812  	 	 7.1325 	 0.0594
[2024/05/13 05:01:23] - 77 		 921.6 	 	 193.8 	 	 0.1000 	 	  100.0 		 1.0987 	 0.7086 	 	 1.5785  	 0.5754  	 	 5.5177 	 0.1297  	 	 1.4724 	 0.5953  	 	 2.2754 	 0.4644  	 	 6.7837 	 0.0632
[2024/05/13 05:19:58] - 78 		 921.7 	 	 193.7 	 	 0.1000 	 	  100.0 		 1.0902 	 0.7092 	 	 1.5706  	 0.5757  	 	 5.5316 	 0.1293  	 	 1.4394 	 0.6041  	 	 2.3164 	 0.4720  	 	 6.8481 	 0.0724
[2024/05/13 05:38:34] - 79 		 921.2 	 	 194.0 	 	 0.1000 	 	  100.0 		 1.0958 	 0.7086 	 	 1.5737  	 0.5765  	 	 5.5232 	 0.1315  	 	 1.3926 	 0.6206  	 	 2.2655 	 0.4728  	 	 7.0975 	 0.0561
[2024/05/13 05:57:09] - 80 		 921.4 	 	 193.8 	 	 0.1000 	 	  100.0 		 1.0988 	 0.7050 	 	 1.5777  	 0.5743  	 	 5.5201 	 0.1322  	 	 1.3734 	 0.6239  	 	 2.1103 	 0.4873  	 	 6.3981 	 0.0752
[2024/05/13 06:15:45] - 81 		 921.5 	 	 194.0 	 	 0.1000 	 	  100.0 		 1.0941 	 0.7083 	 	 1.5743  	 0.5738  	 	 5.5119 	 0.1304  	 	 1.4804 	 0.5946  	 	 2.3164 	 0.4563  	 	 6.8863 	 0.0677
[2024/05/13 06:34:20] - 82 		 921.5 	 	 193.8 	 	 0.1000 	 	  100.0 		 1.0897 	 0.7099 	 	 1.5692  	 0.5766  	 	 5.5062 	 0.1299  	 	 1.3765 	 0.6215  	 	 2.3116 	 0.4753  	 	 7.1779 	 0.0675
[2024/05/13 06:52:55] - 83 		 921.1 	 	 193.8 	 	 0.1000 	 	  100.0 		 1.0837 	 0.7098 	 	 1.5603  	 0.5773  	 	 5.5210 	 0.1314  	 	 1.4358 	 0.6105  	 	 2.2879 	 0.4770  	 	 6.9603 	 0.0630
[2024/05/13 07:11:30] - 84 		 921.3 	 	 193.9 	 	 0.1000 	 	  100.0 		 1.0912 	 0.7097 	 	 1.5720  	 0.5751  	 	 5.5217 	 0.1303  	 	 1.3679 	 0.6190  	 	 2.2332 	 0.4743  	 	 6.9657 	 0.0615
[2024/05/13 07:30:05] - 85 		 921.2 	 	 194.0 	 	 0.1000 	 	  100.0 		 1.0775 	 0.7125 	 	 1.5557  	 0.5796  	 	 5.5111 	 0.1314  	 	 1.4297 	 0.6117  	 	 2.5454 	 0.4610  	 	 7.8600 	 0.0674
[2024/05/13 07:48:41] - 86 		 921.8 	 	 193.7 	 	 0.1000 	 	  100.0 		 1.0834 	 0.7103 	 	 1.5642  	 0.5758  	 	 5.5239 	 0.1304  	 	 1.3890 	 0.6144  	 	 2.5045 	 0.4573  	 	 7.8781 	 0.0488
[2024/05/13 08:07:16] - 87 		 921.3 	 	 193.7 	 	 0.1000 	 	  100.0 		 1.0764 	 0.7120 	 	 1.5547  	 0.5790  	 	 5.5281 	 0.1300  	 	 1.3890 	 0.6212  	 	 2.3077 	 0.4716  	 	 7.1669 	 0.0635
[2024/05/13 08:25:50] - 88 		 920.8 	 	 193.6 	 	 0.1000 	 	  100.0 		 1.0786 	 0.7132 	 	 1.5595  	 0.5778  	 	 5.5220 	 0.1319  	 	 1.3871 	 0.6179  	 	 2.1781 	 0.4802  	 	 6.6191 	 0.0652
[2024/05/13 08:44:25] - 89 		 920.9 	 	 194.0 	 	 0.1000 	 	  100.0 		 1.0841 	 0.7078 	 	 1.5703  	 0.5756  	 	 5.5297 	 0.1331  	 	 1.3881 	 0.6191  	 	 2.2784 	 0.4756  	 	 7.1102 	 0.0595
[2024/05/13 09:03:00] - 90 		 920.8 	 	 193.7 	 	 0.1000 	 	  100.0 		 1.0689 	 0.7160 	 	 1.5477  	 0.5805  	 	 5.5245 	 0.1316  	 	 1.3828 	 0.6135  	 	 2.3523 	 0.4736  	 	 7.2729 	 0.0622
[2024/05/13 09:21:35] - 91 		 921.0 	 	 193.7 	 	 0.1000 	 	  100.0 		 1.0738 	 0.7123 	 	 1.5537  	 0.5790  	 	 5.5178 	 0.1331  	 	 1.4832 	 0.6005  	 	 2.3456 	 0.4599  	 	 6.9933 	 0.0587
[2024/05/13 09:40:10] - 92 		 920.7 	 	 194.7 	 	 0.1000 	 	  100.0 		 1.0763 	 0.7127 	 	 1.5576  	 0.5803  	 	 5.5300 	 0.1323  	 	 1.4115 	 0.6120  	 	 2.3753 	 0.4671  	 	 7.3598 	 0.0655
[2024/05/13 09:58:46] - 93 		 921.5 	 	 193.9 	 	 0.1000 	 	  100.0 		 1.0717 	 0.7129 	 	 1.5510  	 0.5785  	 	 5.5106 	 0.1338  	 	 1.4247 	 0.6076  	 	 2.3836 	 0.4586  	 	 7.3444 	 0.0566
[2024/05/13 10:17:20] - 94 		 921.1 	 	 193.7 	 	 0.1000 	 	  100.0 		 1.0739 	 0.7158 	 	 1.5576  	 0.5787  	 	 5.5382 	 0.1308  	 	 1.4341 	 0.6122  	 	 2.2643 	 0.4646  	 	 6.7398 	 0.0605
[2024/05/13 10:35:55] - 95 		 921.1 	 	 193.6 	 	 0.1000 	 	  100.0 		 1.0696 	 0.7144 	 	 1.5484  	 0.5827  	 	 5.5033 	 0.1320  	 	 1.4255 	 0.6129  	 	 2.3072 	 0.4732  	 	 7.0790 	 0.0673
[2024/05/13 10:54:30] - 96 		 921.0 	 	 194.1 	 	 0.1000 	 	  100.0 		 1.0666 	 0.7144 	 	 1.5460  	 0.5806  	 	 5.5161 	 0.1310  	 	 1.3458 	 0.6256  	 	 2.2880 	 0.4848  	 	 7.2435 	 0.0620
[2024/05/13 11:13:05] - 97 		 921.0 	 	 193.6 	 	 0.1000 	 	  100.0 		 1.0602 	 0.7168 	 	 1.5410  	 0.5822  	 	 5.5141 	 0.1336  	 	 1.3751 	 0.6198  	 	 2.1915 	 0.4844  	 	 6.7870 	 0.0676
[2024/05/13 11:31:40] - 98 		 921.1 	 	 193.7 	 	 0.1000 	 	  100.0 		 1.0569 	 0.7160 	 	 1.5393  	 0.5809  	 	 5.5261 	 0.1336  	 	 1.3744 	 0.6179  	 	 2.2075 	 0.4693  	 	 6.8875 	 0.0621
[2024/05/13 11:50:15] - 99 		 921.2 	 	 193.7 	 	 0.0100 	 	  100.0 		 1.0629 	 0.7176 	 	 1.5442  	 0.5827  	 	 5.5230 	 0.1327  	 	 1.4606 	 0.6043  	 	 2.3543 	 0.4519  	 	 7.1196 	 0.0469
[2024/05/13 12:08:50] - 100 		 921.2 	 	 193.9 	 	 0.0100 	 	  100.0 		 0.6025 	 0.8554 	 	 0.9224  	 0.7498  	 	 4.8284 	 0.2039  	 	 1.0417 	 0.7041  	 	 2.1004 	 0.5510  	 	 7.4948 	 0.0762
[2024/05/13 12:27:25] - 101 		 921.0 	 	 193.6 	 	 0.0100 	 	  100.0 		 0.4321 	 0.9005 	 	 0.7193  	 0.8012  	 	 4.8035 	 0.2415  	 	 1.0019 	 0.7156  	 	 2.0393 	 0.5727  	 	 7.3821 	 0.0841
[2024/05/13 12:46:00] - 102 		 921.4 	 	 193.8 	 	 0.0100 	 	  100.0 		 0.3561 	 0.9212 	 	 0.6203  	 0.8299  	 	 4.8258 	 0.2578  	 	 1.0368 	 0.7098  	 	 2.1476 	 0.5623  	 	 7.5068 	 0.0860
[2024/05/13 13:04:35] - 103 		 921.3 	 	 193.8 	 	 0.0100 	 	  100.0 		 0.3027 	 0.9356 	 	 0.5515  	 0.8506  	 	 4.8493 	 0.2712  	 	 1.0222 	 0.7178  	 	 2.2511 	 0.5638  	 	 8.0105 	 0.0775
[2024/05/13 13:23:11] - 104 		 922.1 	 	 194.0 	 	 0.0100 	 	  100.0 		 0.2582 	 0.9484 	 	 0.4922  	 0.8670  	 	 4.9067 	 0.2781  	 	 1.0595 	 0.7071  	 	 2.3494 	 0.5537  	 	 8.1301 	 0.0833
[2024/05/13 13:41:46] - 105 		 921.6 	 	 193.8 	 	 0.0100 	 	  100.0 		 0.2198 	 0.9580 	 	 0.4362  	 0.8827  	 	 4.9680 	 0.2852  	 	 1.0651 	 0.7094  	 	 2.6559 	 0.5481  	 	 9.0560 	 0.0726
[2024/05/13 14:00:22] - 106 		 921.9 	 	 193.9 	 	 0.0100 	 	  100.0 		 0.1899 	 0.9664 	 	 0.3915  	 0.8946  	 	 5.0185 	 0.2935  	 	 1.0442 	 0.7145  	 	 2.5578 	 0.5571  	 	 8.7699 	 0.0796
[2024/05/13 14:18:58] - 107 		 921.4 	 	 193.8 	 	 0.0100 	 	  100.0 		 0.1613 	 0.9739 	 	 0.3481  	 0.9072  	 	 5.0664 	 0.2991  	 	 1.0659 	 0.7154  	 	 2.7219 	 0.5463  	 	 9.2446 	 0.0693
[2024/05/13 14:37:33] - 108 		 921.8 	 	 193.9 	 	 0.0100 	 	  100.0 		 0.1434 	 0.9771 	 	 0.3231  	 0.9148  	 	 5.1274 	 0.3036  	 	 1.1041 	 0.7003  	 	 2.7559 	 0.5343  	 	 9.1765 	 0.0654
[2024/05/13 14:56:09] - 109 		 921.9 	 	 193.9 	 	 0.0100 	 	  100.0 		 0.1281 	 0.9809 	 	 0.2933  	 0.9233  	 	 5.1249 	 0.3074  	 	 1.0999 	 0.7091  	 	 2.8592 	 0.5420  	 	 9.4513 	 0.0679
[2024/05/13 15:14:45] - 110 		 921.9 	 	 194.0 	 	 0.0100 	 	  100.0 		 0.1134 	 0.9846 	 	 0.2721  	 0.9305  	 	 5.1546 	 0.3128  	 	 1.1051 	 0.7035  	 	 2.8381 	 0.5391  	 	 9.4170 	 0.0687
[2024/05/13 15:33:22] - 111 		 922.9 	 	 194.0 	 	 0.0100 	 	  100.0 		 0.1020 	 0.9873 	 	 0.2517  	 0.9354  	 	 5.1621 	 0.3196  	 	 1.1007 	 0.7110  	 	 3.0374 	 0.5352  	 	 10.0060 	 0.0635
[2024/05/13 15:51:59] - 112 		 922.6 	 	 193.8 	 	 0.0100 	 	  100.0 		 0.0927 	 0.9892 	 	 0.2361  	 0.9397  	 	 5.2107 	 0.3222  	 	 1.1638 	 0.6964  	 	 3.0280 	 0.5294  	 	 9.7010 	 0.0692
[2024/05/13 16:10:35] - 113 		 922.3 	 	 194.0 	 	 0.0100 	 	  100.0 		 0.0856 	 0.9905 	 	 0.2210  	 0.9460  	 	 5.2095 	 0.3245  	 	 1.1504 	 0.7026  	 	 3.2718 	 0.5267  	 	 10.5156 	 0.0610
[2024/05/13 16:29:11] - 114 		 921.9 	 	 193.9 	 	 0.0100 	 	  100.0 		 0.0822 	 0.9909 	 	 0.2172  	 0.9457  	 	 5.2257 	 0.3280  	 	 1.1225 	 0.7026  	 	 3.0375 	 0.5369  	 	 9.8930 	 0.0699
[2024/05/13 16:47:46] - 115 		 921.6 	 	 193.9 	 	 0.0100 	 	  100.0 		 0.0770 	 0.9911 	 	 0.2056  	 0.9495  	 	 5.1939 	 0.3313  	 	 1.1786 	 0.6930  	 	 3.1390 	 0.5306  	 	 9.9443 	 0.0644
[2024/05/13 17:06:23] - 116 		 922.4 	 	 193.9 	 	 0.0100 	 	  100.0 		 0.0753 	 0.9919 	 	 0.2001  	 0.9512  	 	 5.2011 	 0.3328  	 	 1.1540 	 0.7020  	 	 3.1872 	 0.5316  	 	 10.1986 	 0.0655
[2024/05/13 17:25:00] - 117 		 922.8 	 	 194.5 	 	 0.0100 	 	  100.0 		 0.0750 	 0.9920 	 	 0.2061  	 0.9504  	 	 5.1856 	 0.3389  	 	 1.1918 	 0.6895  	 	 3.1751 	 0.5240  	 	 9.9913 	 0.0632
[2024/05/13 17:43:37] - 118 		 923.3 	 	 194.0 	 	 0.0100 	 	  100.0 		 0.0707 	 0.9926 	 	 0.1897  	 0.9542  	 	 5.1685 	 0.3378  	 	 1.1434 	 0.7068  	 	 3.0833 	 0.5373  	 	 9.8964 	 0.0710
[2024/05/13 18:02:14] - 119 		 922.3 	 	 194.2 	 	 0.0100 	 	  100.0 		 0.0685 	 0.9931 	 	 0.1887  	 0.9544  	 	 5.1954 	 0.3420  	 	 1.2096 	 0.6899  	 	 3.2568 	 0.5270  	 	 10.2647 	 0.0645
[2024/05/13 18:20:50] - 120 		 922.7 	 	 193.8 	 	 0.0100 	 	  100.0 		 0.0677 	 0.9936 	 	 0.1922  	 0.9540  	 	 5.1916 	 0.3417  	 	 1.2075 	 0.6914  	 	 3.1547 	 0.5187  	 	 9.8514 	 0.0708
[2024/05/13 18:39:28] - 121 		 924.2 	 	 193.9 	 	 0.0100 	 	  100.0 		 0.0687 	 0.9935 	 	 0.1942  	 0.9527  	 	 5.1539 	 0.3409  	 	 1.2044 	 0.6905  	 	 3.1653 	 0.5230  	 	 9.9826 	 0.0727
[2024/05/13 18:58:05] - 122 		 922.2 	 	 193.9 	 	 0.0100 	 	  100.0 		 0.0693 	 0.9936 	 	 0.1965  	 0.9517  	 	 5.1607 	 0.3394  	 	 1.2248 	 0.6830  	 	 3.2454 	 0.5196  	 	 10.1165 	 0.0633
[2024/05/13 19:16:41] - 123 		 922.4 	 	 193.7 	 	 0.0100 	 	  100.0 		 0.0660 	 0.9935 	 	 0.1871  	 0.9552  	 	 5.1523 	 0.3441  	 	 1.1985 	 0.6953  	 	 3.2708 	 0.5233  	 	 10.3079 	 0.0646
[2024/05/13 19:35:18] - 124 		 922.4 	 	 194.4 	 	 0.0100 	 	  100.0 		 0.0667 	 0.9936 	 	 0.1896  	 0.9534  	 	 5.1418 	 0.3462  	 	 1.2245 	 0.6895  	 	 3.3791 	 0.5162  	 	 10.5567 	 0.0582
[2024/05/13 19:53:53] - 125 		 921.6 	 	 193.8 	 	 0.0100 	 	  100.0 		 0.0682 	 0.9933 	 	 0.1926  	 0.9528  	 	 5.1632 	 0.3447  	 	 1.2134 	 0.6887  	 	 3.3282 	 0.5220  	 	 10.3998 	 0.0653
[2024/05/13 20:12:28] - 126 		 921.5 	 	 193.5 	 	 0.0100 	 	  100.0 		 0.0679 	 0.9932 	 	 0.1931  	 0.9534  	 	 5.1605 	 0.3464  	 	 1.1712 	 0.6990  	 	 3.1035 	 0.5270  	 	 9.8384 	 0.0713
[2024/05/13 20:31:03] - 127 		 921.6 	 	 193.9 	 	 0.0100 	 	  100.0 		 0.0707 	 0.9931 	 	 0.2026  	 0.9495  	 	 5.1110 	 0.3467  	 	 1.2234 	 0.6833  	 	 3.0427 	 0.5171  	 	 9.5649 	 0.0660
[2024/05/13 20:49:40] - 128 		 922.9 	 	 193.7 	 	 0.0100 	 	  100.0 		 0.0714 	 0.9928 	 	 0.2061  	 0.9503  	 	 5.1916 	 0.3389  	 	 1.1768 	 0.6973  	 	 3.2398 	 0.5212  	 	 10.1749 	 0.0663
[2024/05/13 21:08:16] - 129 		 922.0 	 	 193.8 	 	 0.0100 	 	  100.0 		 0.0730 	 0.9925 	 	 0.2085  	 0.9492  	 	 5.1521 	 0.3381  	 	 1.2028 	 0.6885  	 	 3.2234 	 0.5228  	 	 10.0519 	 0.0717
[2024/05/13 21:26:53] - 130 		 922.6 	 	 193.9 	 	 0.0100 	 	  100.0 		 0.0747 	 0.9928 	 	 0.2180  	 0.9477  	 	 5.1928 	 0.3376  	 	 1.2054 	 0.6950  	 	 3.3039 	 0.5130  	 	 10.3663 	 0.0636
[2024/05/13 21:45:29] - 131 		 922.0 	 	 194.1 	 	 0.0100 	 	  100.0 		 0.0761 	 0.9921 	 	 0.2196  	 0.9473  	 	 5.1495 	 0.3394  	 	 1.1951 	 0.6943  	 	 2.9837 	 0.5233  	 	 9.5678 	 0.0710
[2024/05/13 22:04:05] - 132 		 922.4 	 	 193.9 	 	 0.0100 	 	  100.0 		 0.0734 	 0.9924 	 	 0.2102  	 0.9502  	 	 5.1344 	 0.3401  	 	 1.1884 	 0.6908  	 	 3.3235 	 0.5145  	 	 10.4602 	 0.0607
[2024/05/13 22:22:41] - 133 		 922.2 	 	 194.1 	 	 0.0100 	 	  100.0 		 0.0775 	 0.9917 	 	 0.2226  	 0.9460  	 	 5.1240 	 0.3353  	 	 1.2158 	 0.6872  	 	 3.3119 	 0.5152  	 	 10.4028 	 0.0609
[2024/05/13 22:41:17] - 134 		 922.1 	 	 193.8 	 	 0.0100 	 	  100.0 		 0.0750 	 0.9920 	 	 0.2141  	 0.9483  	 	 5.1277 	 0.3385  	 	 1.2094 	 0.6884  	 	 3.1661 	 0.5160  	 	 9.9972 	 0.0709
[2024/05/13 22:59:54] - 135 		 922.1 	 	 194.0 	 	 0.0100 	 	  100.0 		 0.0753 	 0.9917 	 	 0.2184  	 0.9478  	 	 5.1556 	 0.3388  	 	 1.1848 	 0.6894  	 	 3.2978 	 0.5155  	 	 10.3194 	 0.0628
[2024/05/13 23:18:31] - 136 		 923.0 	 	 193.8 	 	 0.0100 	 	  100.0 		 0.0759 	 0.9922 	 	 0.2228  	 0.9474  	 	 5.1514 	 0.3387  	 	 1.2528 	 0.6830  	 	 3.1778 	 0.5169  	 	 9.7630 	 0.0715
[2024/05/13 23:37:07] - 137 		 922.1 	 	 193.9 	 	 0.0100 	 	  100.0 		 0.0775 	 0.9921 	 	 0.2247  	 0.9455  	 	 5.1304 	 0.3352  	 	 1.2118 	 0.6847  	 	 3.0348 	 0.5154  	 	 9.6533 	 0.0695
[2024/05/13 23:55:42] - 138 		 921.9 	 	 193.9 	 	 0.0100 	 	  100.0 		 0.0795 	 0.9915 	 	 0.2309  	 0.9436  	 	 5.1252 	 0.3365  	 	 1.2488 	 0.6791  	 	 3.2071 	 0.5172  	 	 9.9032 	 0.0668
[2024/05/14 00:14:19] - 139 		 922.2 	 	 194.0 	 	 0.0100 	 	  100.0 		 0.0792 	 0.9921 	 	 0.2281  	 0.9457  	 	 5.1110 	 0.3385  	 	 1.2006 	 0.6925  	 	 3.1514 	 0.5200  	 	 9.9133 	 0.0656
[2024/05/14 00:32:55] - 140 		 922.0 	 	 193.9 	 	 0.0100 	 	  100.0 		 0.0795 	 0.9915 	 	 0.2318  	 0.9443  	 	 5.1221 	 0.3364  	 	 1.2392 	 0.6814  	 	 3.1493 	 0.5154  	 	 9.7491 	 0.0720
[2024/05/14 00:51:31] - 141 		 922.1 	 	 193.7 	 	 0.0100 	 	  100.0 		 0.0813 	 0.9914 	 	 0.2354  	 0.9421  	 	 5.1363 	 0.3340  	 	 1.2977 	 0.6686  	 	 3.1754 	 0.5098  	 	 9.6515 	 0.0750
[2024/05/14 01:10:07] - 142 		 922.8 	 	 193.7 	 	 0.0100 	 	  100.0 		 0.0831 	 0.9908 	 	 0.2408  	 0.9416  	 	 5.1179 	 0.3370  	 	 1.2670 	 0.6706  	 	 3.2897 	 0.5094  	 	 10.0889 	 0.0668
[2024/05/14 01:28:43] - 143 		 922.0 	 	 193.9 	 	 0.0100 	 	  100.0 		 0.0775 	 0.9916 	 	 0.2266  	 0.9455  	 	 5.1210 	 0.3414  	 	 1.2222 	 0.6863  	 	 3.2473 	 0.5136  	 	 10.1419 	 0.0627
[2024/05/14 01:47:19] - 144 		 922.2 	 	 193.9 	 	 0.0100 	 	  100.0 		 0.0799 	 0.9916 	 	 0.2339  	 0.9431  	 	 5.1172 	 0.3396  	 	 1.2575 	 0.6735  	 	 3.0612 	 0.5085  	 	 9.4746 	 0.0740
[2024/05/14 02:05:55] - 145 		 922.1 	 	 193.9 	 	 0.0100 	 	  100.0 		 0.0765 	 0.9913 	 	 0.2230  	 0.9457  	 	 5.1124 	 0.3444  	 	 1.2404 	 0.6817  	 	 3.1398 	 0.5123  	 	 9.8343 	 0.0689
[2024/05/14 02:24:32] - 146 		 922.3 	 	 194.0 	 	 0.0100 	 	  100.0 		 0.0821 	 0.9907 	 	 0.2395  	 0.9425  	 	 5.1211 	 0.3393  	 	 1.2329 	 0.6840  	 	 3.0880 	 0.5158  	 	 9.6711 	 0.0671
[2024/05/14 02:43:08] - 147 		 922.5 	 	 193.9 	 	 0.0100 	 	  100.0 		 0.0820 	 0.9913 	 	 0.2404  	 0.9414  	 	 5.1073 	 0.3372  	 	 1.2639 	 0.6740  	 	 3.4574 	 0.5047  	 	 10.4657 	 0.0626
[2024/05/14 03:01:45] - 148 		 922.2 	 	 194.2 	 	 0.0100 	 	  100.0 		 0.0787 	 0.9916 	 	 0.2315  	 0.9441  	 	 5.1216 	 0.3410  	 	 1.2656 	 0.6728  	 	 3.2486 	 0.5073  	 	 10.0019 	 0.0654
[2024/05/14 03:20:22] - 149 		 923.3 	 	 194.4 	 	 0.0010 	 	  100.0 		 0.0772 	 0.9918 	 	 0.2268  	 0.9466  	 	 5.1088 	 0.3428  	 	 1.3576 	 0.6603  	 	 3.5563 	 0.4885  	 	 10.4906 	 0.0649
[2024/05/14 03:38:59] - 150 		 922.4 	 	 194.0 	 	 0.0010 	 	  100.0 		 0.0366 	 0.9981 	 	 0.0906  	 0.9813  	 	 4.5820 	 0.3960  	 	 1.1575 	 0.7018  	 	 3.3587 	 0.5341  	 	 10.6202 	 0.0682
[2024/05/14 03:57:35] - 151 		 922.3 	 	 194.0 	 	 0.0010 	 	  100.0 		 0.0211 	 0.9989 	 	 0.0483  	 0.9912  	 	 4.4168 	 0.4295  	 	 1.1363 	 0.7076  	 	 3.4095 	 0.5300  	 	 10.7236 	 0.0716
[2024/05/14 04:16:12] - 152 		 922.6 	 	 194.1 	 	 0.0010 	 	  100.0 		 0.0166 	 0.9993 	 	 0.0352  	 0.9944  	 	 4.4244 	 0.4372  	 	 1.1602 	 0.7059  	 	 3.6275 	 0.5291  	 	 11.2233 	 0.0674
[2024/05/14 04:34:49] - 153 		 923.0 	 	 194.1 	 	 0.0010 	 	  100.0 		 0.0142 	 0.9994 	 	 0.0296  	 0.9952  	 	 4.4189 	 0.4477  	 	 1.1434 	 0.7113  	 	 3.4489 	 0.5352  	 	 10.7080 	 0.0691
[2024/05/14 04:53:26] - 154 		 922.6 	 	 194.1 	 	 0.0010 	 	  100.0 		 0.0125 	 0.9995 	 	 0.0267  	 0.9954  	 	 4.4159 	 0.4555  	 	 1.1816 	 0.7009  	 	 3.4958 	 0.5343  	 	 10.7182 	 0.0753
[2024/05/14 05:12:03] - 155 		 922.9 	 	 194.1 	 	 0.0010 	 	  100.0 		 0.0117 	 0.9994 	 	 0.0231  	 0.9964  	 	 4.4417 	 0.4577  	 	 1.1679 	 0.7026  	 	 3.5378 	 0.5374  	 	 10.8152 	 0.0759
[2024/05/14 05:30:40] - 156 		 922.5 	 	 194.5 	 	 0.0010 	 	  100.0 		 0.0106 	 0.9994 	 	 0.0212  	 0.9967  	 	 4.4198 	 0.4638  	 	 1.1899 	 0.7018  	 	 3.7079 	 0.5310  	 	 11.3487 	 0.0676
[2024/05/14 05:49:17] - 157 		 922.4 	 	 194.0 	 	 0.0010 	 	  100.0 		 0.0100 	 0.9995 	 	 0.0204  	 0.9965  	 	 4.4173 	 0.4678  	 	 1.1684 	 0.7124  	 	 3.8315 	 0.5415  	 	 11.6776 	 0.0678
[2024/05/14 06:07:54] - 158 		 922.7 	 	 194.3 	 	 0.0010 	 	  100.0 		 0.0092 	 0.9996 	 	 0.0169  	 0.9975  	 	 4.4076 	 0.4715  	 	 1.1387 	 0.7146  	 	 4.0172 	 0.5336  	 	 12.2174 	 0.0594
[2024/05/14 06:26:30] - 159 		 922.6 	 	 194.1 	 	 0.0010 	 	  100.0 		 0.0088 	 0.9995 	 	 0.0172  	 0.9972  	 	 4.4170 	 0.4764  	 	 1.1680 	 0.7093  	 	 3.9612 	 0.5347  	 	 12.0297 	 0.0597
[2024/05/14 06:45:07] - 160 		 922.8 	 	 194.0 	 	 0.0010 	 	  100.0 		 0.0086 	 0.9996 	 	 0.0170  	 0.9974  	 	 4.4299 	 0.4749  	 	 1.1341 	 0.7182  	 	 3.7561 	 0.5435  	 	 11.5976 	 0.0712
[2024/05/14 07:03:44] - 161 		 922.5 	 	 194.1 	 	 0.0010 	 	  100.0 		 0.0085 	 0.9995 	 	 0.0178  	 0.9971  	 	 4.4285 	 0.4772  	 	 1.1526 	 0.7135  	 	 3.9892 	 0.5334  	 	 12.1027 	 0.0636
[2024/05/14 07:22:20] - 162 		 922.0 	 	 194.0 	 	 0.0010 	 	  100.0 		 0.0083 	 0.9995 	 	 0.0168  	 0.9970  	 	 4.3902 	 0.4820  	 	 1.2019 	 0.7033  	 	 3.8501 	 0.5365  	 	 11.6795 	 0.0750
[2024/05/14 07:40:56] - 163 		 922.2 	 	 194.0 	 	 0.0010 	 	  100.0 		 0.0078 	 0.9995 	 	 0.0147  	 0.9975  	 	 4.4516 	 0.4784  	 	 1.1211 	 0.7191  	 	 3.7352 	 0.5430  	 	 11.5769 	 0.0675
[2024/05/14 07:59:33] - 164 		 922.4 	 	 194.1 	 	 0.0010 	 	  100.0 		 0.0073 	 0.9994 	 	 0.0135  	 0.9980  	 	 4.4651 	 0.4796  	 	 1.1973 	 0.7068  	 	 3.6403 	 0.5354  	 	 11.0254 	 0.0769
[2024/05/14 08:18:10] - 165 		 922.4 	 	 194.2 	 	 0.0010 	 	  100.0 		 0.0073 	 0.9995 	 	 0.0143  	 0.9977  	 	 4.4518 	 0.4813  	 	 1.1690 	 0.7096  	 	 3.7238 	 0.5370  	 	 11.2687 	 0.0750
[2024/05/14 08:36:47] - 166 		 923.0 	 	 194.2 	 	 0.0010 	 	  100.0 		 0.0074 	 0.9994 	 	 0.0147  	 0.9977  	 	 4.4387 	 0.4843  	 	 1.1476 	 0.7160  	 	 3.7058 	 0.5432  	 	 11.3937 	 0.0732
[2024/05/14 08:55:23] - 167 		 922.4 	 	 193.9 	 	 0.0010 	 	  100.0 		 0.0072 	 0.9996 	 	 0.0139  	 0.9978  	 	 4.4069 	 0.4854  	 	 1.1797 	 0.7096  	 	 3.6980 	 0.5411  	 	 11.2816 	 0.0797
[2024/05/14 09:14:00] - 168 		 922.4 	 	 194.5 	 	 0.0010 	 	  100.0 		 0.0070 	 0.9995 	 	 0.0143  	 0.9979  	 	 4.4028 	 0.4872  	 	 1.1492 	 0.7165  	 	 3.8360 	 0.5411  	 	 11.9569 	 0.0609
[2024/05/14 09:32:37] - 169 		 922.7 	 	 194.2 	 	 0.0010 	 	  100.0 		 0.0070 	 0.9995 	 	 0.0138  	 0.9976  	 	 4.3582 	 0.4922  	 	 1.1454 	 0.7121  	 	 4.0029 	 0.5217  	 	 12.0903 	 0.0554
[2024/05/14 09:51:14] - 170 		 923.1 	 	 194.1 	 	 0.0010 	 	  100.0 		 0.0067 	 0.9995 	 	 0.0112  	 0.9983  	 	 4.4136 	 0.4856  	 	 1.1586 	 0.7141  	 	 3.7229 	 0.5440  	 	 11.4570 	 0.0734
[2024/05/14 10:09:51] - 171 		 922.9 	 	 194.1 	 	 0.0010 	 	  100.0 		 0.0066 	 0.9995 	 	 0.0116  	 0.9983  	 	 4.4491 	 0.4865  	 	 1.1609 	 0.7122  	 	 3.8747 	 0.5430  	 	 11.8477 	 0.0667
[2024/05/14 10:28:28] - 172 		 922.5 	 	 194.1 	 	 0.0010 	 	  100.0 		 0.0063 	 0.9996 	 	 0.0107  	 0.9982  	 	 4.4524 	 0.4877  	 	 1.1320 	 0.7206  	 	 3.9705 	 0.5409  	 	 12.1170 	 0.0677
[2024/05/14 10:47:04] - 173 		 922.4 	 	 193.9 	 	 0.0010 	 	  100.0 		 0.0065 	 0.9995 	 	 0.0125  	 0.9981  	 	 4.4534 	 0.4902  	 	 1.1798 	 0.7107  	 	 3.8237 	 0.5472  	 	 11.6343 	 0.0702
[2024/05/14 11:05:41] - 174 		 922.3 	 	 194.1 	 	 0.0010 	 	  100.0 		 0.0064 	 0.9995 	 	 0.0119  	 0.9981  	 	 4.4429 	 0.4883  	 	 1.1386 	 0.7164  	 	 3.8003 	 0.5411  	 	 11.5940 	 0.0704
[2024/05/14 11:24:17] - 175 		 922.2 	 	 194.1 	 	 0.0010 	 	  100.0 		 0.0064 	 0.9994 	 	 0.0113  	 0.9982  	 	 4.4433 	 0.4889  	 	 1.1316 	 0.7164  	 	 3.6016 	 0.5413  	 	 11.2081 	 0.0730
[2024/05/14 11:42:54] - 176 		 922.8 	 	 194.2 	 	 0.0010 	 	  100.0 		 0.0062 	 0.9994 	 	 0.0116  	 0.9981  	 	 4.4457 	 0.4886  	 	 1.1773 	 0.7084  	 	 3.8202 	 0.5396  	 	 11.5434 	 0.0749
[2024/05/14 12:01:31] - 177 		 922.6 	 	 194.1 	 	 0.0010 	 	  100.0 		 0.0060 	 0.9997 	 	 0.0109  	 0.9983  	 	 4.4535 	 0.4890  	 	 1.1436 	 0.7107  	 	 3.9019 	 0.5245  	 	 11.8656 	 0.0642
[2024/05/14 12:20:08] - 178 		 922.6 	 	 194.0 	 	 0.0010 	 	  100.0 		 0.0061 	 0.9995 	 	 0.0118  	 0.9981  	 	 4.4339 	 0.4912  	 	 1.1226 	 0.7208  	 	 3.9623 	 0.5416  	 	 12.1532 	 0.0623
[2024/05/14 12:38:45] - 179 		 923.0 	 	 194.4 	 	 0.0010 	 	  100.0 		 0.0059 	 0.9995 	 	 0.0111  	 0.9983  	 	 4.4881 	 0.4864  	 	 1.1751 	 0.7143  	 	 4.0178 	 0.5410  	 	 12.0635 	 0.0696
[2024/05/14 12:57:22] - 180 		 923.3 	 	 194.0 	 	 0.0010 	 	  100.0 		 0.0061 	 0.9995 	 	 0.0107  	 0.9983  	 	 4.4426 	 0.4928  	 	 1.1814 	 0.7108  	 	 3.9724 	 0.5365  	 	 11.9955 	 0.0662
[2024/05/14 13:16:01] - 181 		 924.4 	 	 194.3 	 	 0.0010 	 	  100.0 		 0.0058 	 0.9996 	 	 0.0106  	 0.9983  	 	 4.4393 	 0.4918  	 	 1.1809 	 0.7139  	 	 4.1619 	 0.5405  	 	 12.5103 	 0.0697
[2024/05/14 13:34:42] - 182 		 926.2 	 	 194.6 	 	 0.0010 	 	  100.0 		 0.0058 	 0.9995 	 	 0.0104  	 0.9981  	 	 4.4775 	 0.4897  	 	 1.1530 	 0.7178  	 	 4.0288 	 0.5371  	 	 12.2240 	 0.0650
[2024/05/14 13:53:26] - 183 		 928.9 	 	 194.8 	 	 0.0010 	 	  100.0 		 0.0058 	 0.9997 	 	 0.0111  	 0.9982  	 	 4.4933 	 0.4893  	 	 1.1434 	 0.7202  	 	 4.1916 	 0.5317  	 	 12.5949 	 0.0619
[2024/05/14 14:20:39] - 184 		 1430.3 	 	 202.3 	 	 0.0010 	 	  100.0 		 0.0058 	 0.9995 	 	 0.0111  	 0.9982  	 	 4.4590 	 0.4920  	 	 1.1393 	 0.7169  	 	 4.0412 	 0.5369  	 	 12.3916 	 0.0593
