[2024/05/12 02:48:57] - Namespace(Inc_coeff=1, att_method='tanh', attack_iters=10, batch_size=128, beta_init=1.0, beta_max=100000.0, chkpt_iters=50, dataset='cifar100', epochs=201, epsilon=0.03137254901960784, eq_vol=1, eval_method='sign', lr_chechpoint1=100, lr_chechpoint2=150, lr_max=0.1, lr_schedule='piecewise', manual_step=0, model='WideResNet', momentum=0.9, norm='l_inf', pgd_alpha=2.0, random_init=1, resume=0, seed=1, train_mode='adv_train', tune_period=10, weight_decay=0.0005, width_factor=10)
[2024/05/12 02:49:05] - Epoch 	 Train Time 	 Test Time 	 LR 	 beta 	 	 Train Loss 	 Train Acc 	 Train Adv Loss 	 Train Adv Acc 	 Train Surrogate Loss 	 Train Surrogate Acc 	 Test Loss 	 Test Acc 	 Test Adv Loss 	 Test Adv Acc 	 Test Surrogate Loss 	 Test Surrogate Acc 
[2024/05/12 03:08:03] - 0 		 941.1 	 	 196.9 	 	 0.1000 	 	  1.0 		 3.9246 	 0.0933 	 	 3.9263  	 0.0932  	 	 5.1502 	 0.0236  	 	 3.5527 	 0.1414  	 	 3.5560 	 0.1408  	 	 5.9280 	 0.0141
[2024/05/12 03:26:50] - 1 		 929.5 	 	 197.0 	 	 0.1000 	 	  1.0 		 3.2403 	 0.2042 	 	 3.2493  	 0.2027  	 	 6.4601 	 0.0201  	 	 3.0294 	 0.2574  	 	 3.0426 	 0.2564  	 	 8.2651 	 0.0100
[2024/05/12 03:45:36] - 2 		 929.2 	 	 197.2 	 	 0.1000 	 	  1.0 		 2.7560 	 0.2937 	 	 2.7783  	 0.2892  	 	 8.0871 	 0.0131  	 	 2.6175 	 0.3211  	 	 2.6653 	 0.3145  	 	 11.5487 	 0.0035
[2024/05/12 04:04:25] - 3 		 931.4 	 	 196.8 	 	 0.1000 	 	  1.0 		 2.4088 	 0.3616 	 	 2.4417  	 0.3554  	 	 9.5249 	 0.0095  	 	 2.2992 	 0.3925  	 	 2.3407 	 0.3855  	 	 13.7885 	 0.0042
[2024/05/12 04:23:12] - 4 		 930.2 	 	 197.6 	 	 0.1000 	 	  1.0 		 2.1715 	 0.4176 	 	 2.2155  	 0.4077  	 	 10.5804 	 0.0091  	 	 2.0300 	 0.4522  	 	 2.0490 	 0.4520  	 	 13.1946 	 0.0033
[2024/05/12 04:42:01] - 5 		 930.9 	 	 197.4 	 	 0.1000 	 	  1.0 		 1.9943 	 0.4574 	 	 2.0442  	 0.4461  	 	 11.2039 	 0.0091  	 	 1.9347 	 0.4787  	 	 1.9589 	 0.4761  	 	 15.2334 	 0.0030
[2024/05/12 05:00:50] - 6 		 932.5 	 	 197.0 	 	 0.1000 	 	  1.0 		 1.8550 	 0.4901 	 	 1.9119  	 0.4773  	 	 11.7446 	 0.0088  	 	 1.7665 	 0.5075  	 	 1.8181 	 0.4980  	 	 16.1347 	 0.0025
[2024/05/12 05:19:39] - 7 		 931.2 	 	 197.6 	 	 0.1000 	 	  1.0 		 1.7555 	 0.5141 	 	 1.8168  	 0.4996  	 	 12.1221 	 0.0086  	 	 1.7385 	 0.5232  	 	 1.7891 	 0.5118  	 	 16.8017 	 0.0025
[2024/05/12 05:38:26] - 8 		 930.3 	 	 197.0 	 	 0.1000 	 	  1.0 		 1.6844 	 0.5308 	 	 1.7475  	 0.5161  	 	 12.3034 	 0.0091  	 	 1.7134 	 0.5169  	 	 1.7922 	 0.5004  	 	 16.3943 	 0.0019
[2024/05/12 05:57:13] - 9 		 929.9 	 	 196.8 	 	 0.1000 	 	  1.0 		 1.6153 	 0.5473 	 	 1.6818  	 0.5305  	 	 12.5487 	 0.0090  	 	 1.6200 	 0.5569  	 	 1.7003 	 0.5445  	 	 17.7997 	 0.0037
[2024/05/12 06:16:00] - 10 		 929.7 	 	 196.7 	 	 0.1000 	 	  1.0 		 1.5548 	 0.5641 	 	 1.6227  	 0.5476  	 	 12.7094 	 0.0091  	 	 1.6103 	 0.5630  	 	 1.6876 	 0.5455  	 	 18.6890 	 0.0029
[2024/05/12 06:34:46] - 11 		 929.4 	 	 196.9 	 	 0.1000 	 	  1.0 		 1.5182 	 0.5706 	 	 1.5881  	 0.5536  	 	 12.8004 	 0.0084  	 	 1.5111 	 0.5768  	 	 1.5678 	 0.5625  	 	 17.8196 	 0.0040
[2024/05/12 06:53:32] - 12 		 929.9 	 	 196.4 	 	 0.1000 	 	  1.0 		 1.4725 	 0.5866 	 	 1.5428  	 0.5693  	 	 12.9752 	 0.0090  	 	 1.5676 	 0.5707  	 	 1.6340 	 0.5545  	 	 19.9413 	 0.0022
[2024/05/12 07:12:17] - 13 		 928.3 	 	 196.9 	 	 0.1000 	 	  1.0 		 1.4310 	 0.5970 	 	 1.5020  	 0.5782  	 	 13.0717 	 0.0089  	 	 1.5200 	 0.5724  	 	 1.5562 	 0.5665  	 	 17.3979 	 0.0045
[2024/05/12 07:31:02] - 14 		 928.2 	 	 196.6 	 	 0.1000 	 	  1.0 		 1.4050 	 0.6038 	 	 1.4784  	 0.5841  	 	 13.0943 	 0.0100  	 	 1.4866 	 0.5874  	 	 1.5874 	 0.5683  	 	 18.8385 	 0.0017
[2024/05/12 07:49:47] - 15 		 928.4 	 	 196.4 	 	 0.1000 	 	  1.0 		 1.3658 	 0.6122 	 	 1.4417  	 0.5929  	 	 13.1917 	 0.0093  	 	 1.5215 	 0.5866  	 	 1.5711 	 0.5798  	 	 19.6733 	 0.0031
[2024/05/12 08:08:32] - 16 		 928.0 	 	 196.4 	 	 0.1000 	 	  1.0 		 1.3401 	 0.6191 	 	 1.4151  	 0.6006  	 	 13.1779 	 0.0096  	 	 1.4968 	 0.5886  	 	 1.5333 	 0.5813  	 	 18.7316 	 0.0041
[2024/05/12 08:27:17] - 17 		 928.5 	 	 196.7 	 	 0.1000 	 	  1.0 		 1.3151 	 0.6287 	 	 1.3912  	 0.6088  	 	 13.2210 	 0.0099  	 	 1.5018 	 0.5945  	 	 1.5804 	 0.5766  	 	 20.1022 	 0.0023
[2024/05/12 08:46:02] - 18 		 928.4 	 	 196.3 	 	 0.1000 	 	  1.0 		 1.2963 	 0.6296 	 	 1.3739  	 0.6093  	 	 13.3809 	 0.0100  	 	 1.5000 	 0.5897  	 	 1.5940 	 0.5703  	 	 19.3144 	 0.0023
[2024/05/12 09:04:46] - 19 		 928.1 	 	 196.5 	 	 0.1000 	 	  1.0 		 1.2855 	 0.6333 	 	 1.3625  	 0.6137  	 	 13.2846 	 0.0097  	 	 1.4742 	 0.5963  	 	 1.5524 	 0.5824  	 	 20.7322 	 0.0035
[2024/05/12 09:23:31] - 20 		 928.0 	 	 196.4 	 	 0.1000 	 	  1.0 		 1.2588 	 0.6404 	 	 1.3366  	 0.6212  	 	 13.4322 	 0.0105  	 	 1.3725 	 0.6180  	 	 1.4886 	 0.5961  	 	 19.9134 	 0.0013
[2024/05/12 09:42:15] - 21 		 927.9 	 	 196.2 	 	 0.1000 	 	  1.0 		 1.2414 	 0.6445 	 	 1.3207  	 0.6251  	 	 13.5475 	 0.0100  	 	 1.5235 	 0.5873  	 	 1.5984 	 0.5737  	 	 22.1666 	 0.0015
[2024/05/12 10:01:00] - 22 		 928.1 	 	 196.5 	 	 0.1000 	 	  1.0 		 1.2206 	 0.6502 	 	 1.2986  	 0.6303  	 	 13.5394 	 0.0100  	 	 1.4770 	 0.5986  	 	 1.5517 	 0.5822  	 	 21.2359 	 0.0009
[2024/05/12 10:19:44] - 23 		 927.7 	 	 196.4 	 	 0.1000 	 	  1.0 		 1.2094 	 0.6522 	 	 1.2891  	 0.6308  	 	 13.5338 	 0.0108  	 	 1.4244 	 0.6091  	 	 1.5270 	 0.5901  	 	 21.8131 	 0.0022
[2024/05/12 10:38:28] - 24 		 927.8 	 	 196.1 	 	 0.1000 	 	  1.0 		 1.1974 	 0.6576 	 	 1.2767  	 0.6371  	 	 13.5436 	 0.0109  	 	 1.4142 	 0.6061  	 	 1.4817 	 0.5941  	 	 19.7827 	 0.0020
[2024/05/12 10:57:12] - 25 		 928.3 	 	 196.1 	 	 0.1000 	 	  1.0 		 1.1816 	 0.6610 	 	 1.2612  	 0.6413  	 	 13.5783 	 0.0115  	 	 1.5188 	 0.5936  	 	 1.5592 	 0.5855  	 	 20.9259 	 0.0020
[2024/05/12 11:15:57] - 26 		 927.8 	 	 196.7 	 	 0.1000 	 	  1.0 		 1.1764 	 0.6625 	 	 1.2567  	 0.6419  	 	 13.6325 	 0.0111  	 	 1.4230 	 0.6162  	 	 1.5262 	 0.5914  	 	 21.1566 	 0.0035
[2024/05/12 11:34:42] - 27 		 928.5 	 	 196.5 	 	 0.1000 	 	  1.0 		 1.1577 	 0.6672 	 	 1.2376  	 0.6462  	 	 13.6307 	 0.0117  	 	 1.4041 	 0.6191  	 	 1.4950 	 0.6015  	 	 21.1198 	 0.0034
[2024/05/12 11:53:26] - 28 		 928.5 	 	 196.1 	 	 0.1000 	 	  1.0 		 1.1483 	 0.6691 	 	 1.2289  	 0.6480  	 	 13.7367 	 0.0115  	 	 1.3368 	 0.6317  	 	 1.4344 	 0.6071  	 	 20.2341 	 0.0008
[2024/05/12 12:12:11] - 29 		 928.1 	 	 196.5 	 	 0.1000 	 	  1.0 		 1.1499 	 0.6718 	 	 1.2315  	 0.6490  	 	 13.7183 	 0.0111  	 	 1.3811 	 0.6217  	 	 1.4749 	 0.6041  	 	 21.4415 	 0.0032
[2024/05/12 12:30:55] - 30 		 928.1 	 	 196.3 	 	 0.1000 	 	  1.0 		 1.1377 	 0.6747 	 	 1.2178  	 0.6524  	 	 13.6707 	 0.0119  	 	 1.4120 	 0.6207  	 	 1.4869 	 0.6052  	 	 20.9114 	 0.0019
[2024/05/12 12:49:40] - 31 		 928.2 	 	 196.3 	 	 0.1000 	 	  1.0 		 1.1203 	 0.6769 	 	 1.2009  	 0.6555  	 	 13.7807 	 0.0129  	 	 1.3532 	 0.6290  	 	 1.4595 	 0.6117  	 	 20.8809 	 0.0038
[2024/05/12 13:08:25] - 32 		 928.0 	 	 196.5 	 	 0.1000 	 	  1.0 		 1.1241 	 0.6789 	 	 1.2077  	 0.6569  	 	 13.7829 	 0.0119  	 	 1.3521 	 0.6261  	 	 1.3988 	 0.6177  	 	 19.2025 	 0.0037
[2024/05/12 13:27:09] - 33 		 928.1 	 	 196.4 	 	 0.1000 	 	  1.0 		 1.1153 	 0.6813 	 	 1.1971  	 0.6582  	 	 13.7861 	 0.0138  	 	 1.3944 	 0.6243  	 	 1.5087 	 0.6002  	 	 21.6437 	 0.0040
[2024/05/12 13:45:52] - 34 		 927.2 	 	 195.8 	 	 0.1000 	 	  1.0 		 1.0941 	 0.6827 	 	 1.1753  	 0.6616  	 	 13.8416 	 0.0130  	 	 1.4113 	 0.6120  	 	 1.5185 	 0.5936  	 	 22.4163 	 0.0036
[2024/05/12 14:04:34] - 35 		 925.9 	 	 195.8 	 	 0.1000 	 	  1.0 		 1.0949 	 0.6857 	 	 1.1766  	 0.6636  	 	 13.8567 	 0.0131  	 	 1.2821 	 0.6499  	 	 1.3497 	 0.6365  	 	 21.1166 	 0.0022
[2024/05/12 14:23:16] - 36 		 926.3 	 	 196.2 	 	 0.1000 	 	  1.0 		 1.0899 	 0.6876 	 	 1.1734  	 0.6662  	 	 13.8885 	 0.0129  	 	 1.3550 	 0.6256  	 	 1.4119 	 0.6170  	 	 21.4180 	 0.0028
[2024/05/12 14:42:00] - 37 		 927.7 	 	 196.1 	 	 0.1000 	 	  1.0 		 1.0756 	 0.6921 	 	 1.1583  	 0.6697  	 	 13.9731 	 0.0123  	 	 1.2748 	 0.6469  	 	 1.3861 	 0.6252  	 	 21.4158 	 0.0016
[2024/05/12 15:00:44] - 38 		 926.9 	 	 196.4 	 	 0.1000 	 	  1.0 		 1.0704 	 0.6908 	 	 1.1521  	 0.6690  	 	 13.9757 	 0.0129  	 	 1.2872 	 0.6407  	 	 1.3844 	 0.6216  	 	 20.7619 	 0.0015
[2024/05/12 15:19:26] - 39 		 927.3 	 	 195.4 	 	 0.1000 	 	  1.0 		 1.0749 	 0.6910 	 	 1.1578  	 0.6692  	 	 13.9647 	 0.0133  	 	 1.4825 	 0.6037  	 	 1.5711 	 0.5893  	 	 21.6558 	 0.0029
[2024/05/12 15:38:09] - 40 		 927.0 	 	 196.0 	 	 0.1000 	 	  1.0 		 1.0701 	 0.6912 	 	 1.1528  	 0.6692  	 	 13.8904 	 0.0136  	 	 1.4101 	 0.6126  	 	 1.4462 	 0.6088  	 	 21.3405 	 0.0013
[2024/05/12 15:56:54] - 41 		 928.0 	 	 196.4 	 	 0.1000 	 	  1.0 		 1.0576 	 0.6947 	 	 1.1417  	 0.6724  	 	 14.0059 	 0.0137  	 	 1.3027 	 0.6353  	 	 1.4079 	 0.6136  	 	 21.2145 	 0.0025
[2024/05/12 16:15:38] - 42 		 927.8 	 	 196.1 	 	 0.1000 	 	  1.0 		 1.0597 	 0.6953 	 	 1.1438  	 0.6737  	 	 14.0271 	 0.0132  	 	 1.3653 	 0.6278  	 	 1.4616 	 0.6095  	 	 20.6076 	 0.0014
[2024/05/12 16:34:22] - 43 		 928.2 	 	 196.2 	 	 0.1000 	 	  1.0 		 1.0495 	 0.6983 	 	 1.1318  	 0.6756  	 	 14.0622 	 0.0135  	 	 1.3609 	 0.6338  	 	 1.4758 	 0.6127  	 	 21.6715 	 0.0024
[2024/05/12 16:53:06] - 44 		 927.7 	 	 196.2 	 	 0.1000 	 	  1.0 		 1.0487 	 0.6992 	 	 1.1314  	 0.6768  	 	 14.0367 	 0.0142  	 	 1.3020 	 0.6435  	 	 1.3769 	 0.6314  	 	 21.1941 	 0.0022
[2024/05/12 17:11:49] - 45 		 927.1 	 	 196.0 	 	 0.1000 	 	  1.0 		 1.0429 	 0.6980 	 	 1.1260  	 0.6764  	 	 14.0085 	 0.0140  	 	 1.3213 	 0.6369  	 	 1.4012 	 0.6191  	 	 22.2689 	 0.0026
[2024/05/12 17:30:32] - 46 		 926.5 	 	 195.7 	 	 0.1000 	 	  1.0 		 1.0361 	 0.7009 	 	 1.1213  	 0.6770  	 	 14.1160 	 0.0135  	 	 1.3324 	 0.6437  	 	 1.4316 	 0.6238  	 	 23.8282 	 0.0030
[2024/05/12 17:49:16] - 47 		 927.5 	 	 196.1 	 	 0.1000 	 	  1.0 		 1.0349 	 0.7008 	 	 1.1176  	 0.6786  	 	 14.1713 	 0.0139  	 	 1.3407 	 0.6354  	 	 1.4139 	 0.6200  	 	 22.7518 	 0.0029
[2024/05/12 18:07:59] - 48 		 927.2 	 	 196.3 	 	 0.1000 	 	  1.0 		 1.0309 	 0.7013 	 	 1.1151  	 0.6776  	 	 14.1150 	 0.0138  	 	 1.2740 	 0.6552  	 	 1.3663 	 0.6385  	 	 21.0744 	 0.0024
[2024/05/12 18:26:43] - 49 		 927.8 	 	 196.0 	 	 0.1000 	 	  1.0 		 1.0251 	 0.7045 	 	 1.1093  	 0.6826  	 	 14.1429 	 0.0142  	 	 1.2458 	 0.6532  	 	 1.3593 	 0.6283  	 	 21.5674 	 0.0028
[2024/05/12 18:45:27] - 50 		 927.0 	 	 196.0 	 	 0.1000 	 	  1.0 		 1.0226 	 0.7029 	 	 1.1047  	 0.6816  	 	 14.1631 	 0.0131  	 	 1.3432 	 0.6387  	 	 1.4087 	 0.6300  	 	 20.7001 	 0.0030
[2024/05/12 19:04:10] - 51 		 927.2 	 	 196.0 	 	 0.1000 	 	  1.0 		 1.0293 	 0.7028 	 	 1.1131  	 0.6800  	 	 14.1391 	 0.0142  	 	 1.2846 	 0.6449  	 	 1.3765 	 0.6286  	 	 22.0944 	 0.0022
[2024/05/12 19:22:52] - 52 		 926.7 	 	 195.7 	 	 0.1000 	 	  1.0 		 1.0161 	 0.7044 	 	 1.1001  	 0.6809  	 	 14.1625 	 0.0150  	 	 1.2711 	 0.6503  	 	 1.3490 	 0.6380  	 	 21.1912 	 0.0043
[2024/05/12 19:41:33] - 53 		 925.5 	 	 195.4 	 	 0.1000 	 	  1.0 		 1.0163 	 0.7073 	 	 1.0989  	 0.6834  	 	 14.1906 	 0.0148  	 	 1.3116 	 0.6411  	 	 1.4393 	 0.6166  	 	 21.8350 	 0.0019
[2024/05/12 20:00:14] - 54 		 925.4 	 	 195.3 	 	 0.1000 	 	  1.0 		 1.0178 	 0.7060 	 	 1.1015  	 0.6837  	 	 14.2224 	 0.0153  	 	 1.2528 	 0.6546  	 	 1.3715 	 0.6343  	 	 21.9595 	 0.0020
[2024/05/12 20:18:54] - 55 		 924.7 	 	 194.9 	 	 0.1000 	 	  1.0 		 1.0103 	 0.7069 	 	 1.0940  	 0.6846  	 	 14.2477 	 0.0145  	 	 1.2539 	 0.6528  	 	 1.3656 	 0.6316  	 	 21.9304 	 0.0014
[2024/05/12 20:37:34] - 56 		 925.1 	 	 195.4 	 	 0.1000 	 	  1.0 		 1.0050 	 0.7075 	 	 1.0891  	 0.6848  	 	 14.2542 	 0.0136  	 	 1.3714 	 0.6294  	 	 1.4484 	 0.6154  	 	 23.5202 	 0.0017
[2024/05/12 20:56:15] - 57 		 925.2 	 	 195.3 	 	 0.1000 	 	  1.0 		 1.0084 	 0.7067 	 	 1.0923  	 0.6842  	 	 14.2720 	 0.0140  	 	 1.5265 	 0.5987  	 	 1.5990 	 0.5851  	 	 23.2465 	 0.0025
[2024/05/12 21:14:55] - 58 		 925.4 	 	 194.4 	 	 0.1000 	 	  1.0 		 1.0018 	 0.7096 	 	 1.0856  	 0.6871  	 	 14.2709 	 0.0144  	 	 1.3841 	 0.6372  	 	 1.5155 	 0.6139  	 	 25.2270 	 0.0018
[2024/05/12 21:33:34] - 59 		 924.3 	 	 195.3 	 	 0.1000 	 	  1.0 		 0.9892 	 0.7127 	 	 1.0729  	 0.6900  	 	 14.2846 	 0.0154  	 	 1.2257 	 0.6598  	 	 1.3227 	 0.6407  	 	 21.4837 	 0.0006
[2024/05/12 21:52:15] - 60 		 925.1 	 	 195.3 	 	 0.1000 	 	  1.0 		 0.9994 	 0.7107 	 	 1.0835  	 0.6890  	 	 14.3194 	 0.0149  	 	 1.3996 	 0.6283  	 	 1.4606 	 0.6162  	 	 22.0465 	 0.0028
[2024/05/12 22:10:56] - 61 		 925.8 	 	 195.0 	 	 0.1000 	 	  1.0 		 0.9983 	 0.7131 	 	 1.0831  	 0.6885  	 	 14.2970 	 0.0146  	 	 1.3068 	 0.6468  	 	 1.3941 	 0.6316  	 	 22.3409 	 0.0030
[2024/05/12 22:29:37] - 62 		 925.7 	 	 195.7 	 	 0.1000 	 	  1.0 		 0.9825 	 0.7148 	 	 1.0651  	 0.6936  	 	 14.4034 	 0.0148  	 	 1.2697 	 0.6578  	 	 1.3410 	 0.6424  	 	 20.7659 	 0.0024
[2024/05/12 22:48:19] - 63 		 926.1 	 	 195.5 	 	 0.1000 	 	  1.0 		 0.9977 	 0.7109 	 	 1.0832  	 0.6877  	 	 14.3669 	 0.0141  	 	 1.2582 	 0.6524  	 	 1.3762 	 0.6279  	 	 22.9790 	 0.0019
[2024/05/12 23:07:00] - 64 		 925.7 	 	 195.1 	 	 0.1000 	 	  1.0 		 0.9801 	 0.7174 	 	 1.0632  	 0.6944  	 	 14.3242 	 0.0142  	 	 1.2699 	 0.6516  	 	 1.3860 	 0.6298  	 	 21.7230 	 0.0021
[2024/05/12 23:25:41] - 65 		 925.8 	 	 195.4 	 	 0.1000 	 	  1.0 		 0.9830 	 0.7146 	 	 1.0667  	 0.6927  	 	 14.3283 	 0.0148  	 	 1.2566 	 0.6582  	 	 1.3461 	 0.6383  	 	 22.3092 	 0.0030
[2024/05/12 23:44:23] - 66 		 926.3 	 	 195.6 	 	 0.1000 	 	  1.0 		 0.9770 	 0.7154 	 	 1.0594  	 0.6947  	 	 14.2955 	 0.0166  	 	 1.3513 	 0.6271  	 	 1.4349 	 0.6134  	 	 21.5817 	 0.0029
[2024/05/13 00:03:06] - 67 		 927.1 	 	 195.5 	 	 0.1000 	 	  1.0 		 0.9771 	 0.7138 	 	 1.0616  	 0.6906  	 	 14.3578 	 0.0156  	 	 1.2793 	 0.6456  	 	 1.4199 	 0.6210  	 	 24.6283 	 0.0018
[2024/05/13 00:21:47] - 68 		 926.5 	 	 195.2 	 	 0.1000 	 	  1.0 		 0.9740 	 0.7174 	 	 1.0566  	 0.6953  	 	 14.3746 	 0.0157  	 	 1.3435 	 0.6267  	 	 1.4416 	 0.6085  	 	 21.3895 	 0.0036
[2024/05/13 00:40:29] - 69 		 926.0 	 	 195.7 	 	 0.1000 	 	  1.0 		 0.9746 	 0.7174 	 	 1.0596  	 0.6933  	 	 14.4205 	 0.0153  	 	 1.3141 	 0.6471  	 	 1.3662 	 0.6363  	 	 21.3557 	 0.0025
[2024/05/13 00:59:11] - 70 		 926.5 	 	 195.4 	 	 0.1000 	 	  1.0 		 0.9758 	 0.7193 	 	 1.0611  	 0.6947  	 	 14.3702 	 0.0148  	 	 1.2516 	 0.6568  	 	 1.3306 	 0.6424  	 	 22.1458 	 0.0023
[2024/05/13 01:17:53] - 71 		 925.9 	 	 195.7 	 	 0.1000 	 	  1.0 		 0.9715 	 0.7186 	 	 1.0560  	 0.6959  	 	 14.4114 	 0.0141  	 	 1.3046 	 0.6521  	 	 1.3910 	 0.6371  	 	 22.7991 	 0.0018
[2024/05/13 01:36:35] - 72 		 926.2 	 	 195.6 	 	 0.1000 	 	  1.0 		 0.9766 	 0.7158 	 	 1.0615  	 0.6928  	 	 14.4046 	 0.0145  	 	 1.3180 	 0.6500  	 	 1.4261 	 0.6297  	 	 23.5014 	 0.0028
[2024/05/13 01:55:16] - 73 		 926.3 	 	 195.6 	 	 0.1000 	 	  1.0 		 0.9655 	 0.7208 	 	 1.0495  	 0.6962  	 	 14.4141 	 0.0145  	 	 1.2411 	 0.6576  	 	 1.3421 	 0.6385  	 	 21.8136 	 0.0040
[2024/05/13 02:13:59] - 74 		 926.5 	 	 195.9 	 	 0.1000 	 	  1.0 		 0.9609 	 0.7205 	 	 1.0452  	 0.6977  	 	 14.4251 	 0.0151  	 	 1.3418 	 0.6442  	 	 1.4179 	 0.6322  	 	 22.9800 	 0.0021
[2024/05/13 02:32:41] - 75 		 926.3 	 	 195.7 	 	 0.1000 	 	  1.0 		 0.9631 	 0.7225 	 	 1.0462  	 0.6994  	 	 14.4776 	 0.0148  	 	 1.2570 	 0.6509  	 	 1.3765 	 0.6325  	 	 22.4113 	 0.0027
[2024/05/13 02:51:23] - 76 		 926.7 	 	 195.6 	 	 0.1000 	 	  1.0 		 0.9643 	 0.7199 	 	 1.0477  	 0.6969  	 	 14.4279 	 0.0157  	 	 1.2974 	 0.6476  	 	 1.3994 	 0.6308  	 	 24.4384 	 0.0028
[2024/05/13 03:10:06] - 77 		 926.4 	 	 195.9 	 	 0.1000 	 	  1.0 		 0.9550 	 0.7227 	 	 1.0389  	 0.7002  	 	 14.3920 	 0.0156  	 	 1.3039 	 0.6464  	 	 1.4057 	 0.6262  	 	 23.4482 	 0.0020
[2024/05/13 03:28:48] - 78 		 926.6 	 	 195.8 	 	 0.1000 	 	  1.0 		 0.9525 	 0.7231 	 	 1.0377  	 0.6998  	 	 14.4159 	 0.0160  	 	 1.2959 	 0.6458  	 	 1.4218 	 0.6258  	 	 22.2072 	 0.0018
[2024/05/13 03:47:30] - 79 		 926.6 	 	 195.6 	 	 0.1000 	 	  1.0 		 0.9614 	 0.7215 	 	 1.0464  	 0.6985  	 	 14.4373 	 0.0155  	 	 1.3259 	 0.6415  	 	 1.4987 	 0.6097  	 	 23.1696 	 0.0019
[2024/05/13 04:06:13] - 80 		 926.5 	 	 195.9 	 	 0.1000 	 	  1.0 		 0.9593 	 0.7211 	 	 1.0435  	 0.6989  	 	 14.4169 	 0.0174  	 	 1.2570 	 0.6553  	 	 1.3483 	 0.6355  	 	 21.0981 	 0.0022
[2024/05/13 04:24:55] - 81 		 926.1 	 	 195.5 	 	 0.1000 	 	  1.0 		 0.9681 	 0.7205 	 	 1.0535  	 0.6966  	 	 14.4150 	 0.0155  	 	 1.3045 	 0.6461  	 	 1.4247 	 0.6277  	 	 23.3577 	 0.0016
[2024/05/13 04:43:38] - 82 		 927.0 	 	 195.9 	 	 0.1000 	 	  1.0 		 0.9501 	 0.7252 	 	 1.0339  	 0.7027  	 	 14.3983 	 0.0163  	 	 1.3071 	 0.6501  	 	 1.4254 	 0.6271  	 	 23.3907 	 0.0037
[2024/05/13 05:02:20] - 83 		 926.6 	 	 195.5 	 	 0.1000 	 	  1.0 		 0.9559 	 0.7234 	 	 1.0398  	 0.6992  	 	 14.4755 	 0.0167  	 	 1.2990 	 0.6455  	 	 1.3821 	 0.6290  	 	 21.7402 	 0.0033
[2024/05/13 05:21:02] - 84 		 926.5 	 	 195.4 	 	 0.1000 	 	  1.0 		 0.9552 	 0.7220 	 	 1.0385  	 0.6996  	 	 14.4820 	 0.0150  	 	 1.2755 	 0.6557  	 	 1.3678 	 0.6423  	 	 22.6208 	 0.0019
[2024/05/13 05:39:43] - 85 		 925.8 	 	 195.7 	 	 0.1000 	 	  1.0 		 0.9417 	 0.7257 	 	 1.0260  	 0.7014  	 	 14.4841 	 0.0154  	 	 1.2551 	 0.6608  	 	 1.3792 	 0.6363  	 	 23.8790 	 0.0025
[2024/05/13 05:58:25] - 86 		 925.9 	 	 195.0 	 	 0.1000 	 	  1.0 		 0.9453 	 0.7242 	 	 1.0293  	 0.7019  	 	 14.5214 	 0.0146  	 	 1.2791 	 0.6488  	 	 1.3924 	 0.6244  	 	 22.8054 	 0.0037
[2024/05/13 06:17:04] - 87 		 925.0 	 	 194.9 	 	 0.1000 	 	  1.0 		 0.9486 	 0.7263 	 	 1.0338  	 0.7024  	 	 14.5020 	 0.0155  	 	 1.3317 	 0.6438  	 	 1.4207 	 0.6253  	 	 23.4190 	 0.0014
[2024/05/13 06:35:45] - 88 		 925.4 	 	 195.5 	 	 0.1000 	 	  1.0 		 0.9487 	 0.7239 	 	 1.0335  	 0.6998  	 	 14.4848 	 0.0163  	 	 1.2098 	 0.6683  	 	 1.2886 	 0.6518  	 	 22.3719 	 0.0011
[2024/05/13 06:54:27] - 89 		 925.8 	 	 195.3 	 	 0.1000 	 	  1.0 		 0.9414 	 0.7266 	 	 1.0262  	 0.7032  	 	 14.5114 	 0.0159  	 	 1.2779 	 0.6489  	 	 1.3986 	 0.6259  	 	 23.6819 	 0.0030
[2024/05/13 07:13:08] - 90 		 926.1 	 	 195.2 	 	 0.1000 	 	  1.0 		 0.9329 	 0.7282 	 	 1.0165  	 0.7052  	 	 14.5128 	 0.0164  	 	 1.3068 	 0.6491  	 	 1.4268 	 0.6236  	 	 22.2044 	 0.0012
[2024/05/13 07:31:49] - 91 		 925.9 	 	 195.2 	 	 0.1000 	 	  1.0 		 0.9500 	 0.7242 	 	 1.0349  	 0.7005  	 	 14.5311 	 0.0157  	 	 1.3745 	 0.6401  	 	 1.4329 	 0.6297  	 	 23.3214 	 0.0017
[2024/05/13 07:50:31] - 92 		 926.6 	 	 195.2 	 	 0.1000 	 	  1.0 		 0.9456 	 0.7262 	 	 1.0314  	 0.7030  	 	 14.5161 	 0.0161  	 	 1.2946 	 0.6524  	 	 1.3828 	 0.6352  	 	 22.3612 	 0.0020
[2024/05/13 08:09:10] - 93 		 924.1 	 	 195.0 	 	 0.1000 	 	  1.0 		 0.9404 	 0.7246 	 	 1.0265  	 0.7018  	 	 14.5451 	 0.0155  	 	 1.2604 	 0.6510  	 	 1.3611 	 0.6304  	 	 23.9191 	 0.0014
[2024/05/13 08:27:51] - 94 		 925.3 	 	 195.0 	 	 0.1000 	 	  1.0 		 0.9430 	 0.7257 	 	 1.0286  	 0.7020  	 	 14.5619 	 0.0147  	 	 1.1898 	 0.6758  	 	 1.3212 	 0.6470  	 	 23.7361 	 0.0015
[2024/05/13 08:46:32] - 95 		 925.7 	 	 195.4 	 	 0.1000 	 	  1.0 		 0.9360 	 0.7265 	 	 1.0213  	 0.7016  	 	 14.4896 	 0.0164  	 	 1.3187 	 0.6436  	 	 1.4423 	 0.6166  	 	 22.9421 	 0.0039
[2024/05/13 09:05:13] - 96 		 926.0 	 	 195.4 	 	 0.1000 	 	  1.0 		 0.9309 	 0.7257 	 	 1.0151  	 0.7036  	 	 14.5435 	 0.0158  	 	 1.2915 	 0.6605  	 	 1.4196 	 0.6382  	 	 26.1217 	 0.0018
[2024/05/13 09:23:54] - 97 		 925.5 	 	 195.1 	 	 0.1000 	 	  1.0 		 0.9364 	 0.7276 	 	 1.0205  	 0.7044  	 	 14.5449 	 0.0158  	 	 1.3014 	 0.6430  	 	 1.3840 	 0.6282  	 	 22.4777 	 0.0026
[2024/05/13 09:42:35] - 98 		 925.8 	 	 195.7 	 	 0.1000 	 	  1.0 		 0.9245 	 0.7298 	 	 1.0094  	 0.7072  	 	 14.6441 	 0.0167  	 	 1.1647 	 0.6770  	 	 1.2852 	 0.6496  	 	 23.5016 	 0.0023
[2024/05/13 10:01:17] - 99 		 926.7 	 	 195.2 	 	 0.0100 	 	  1.0 		 0.9279 	 0.7320 	 	 1.0125  	 0.7091  	 	 14.6414 	 0.0157  	 	 1.2502 	 0.6587  	 	 1.3491 	 0.6380  	 	 23.3851 	 0.0021
[2024/05/13 10:19:58] - 100 		 925.7 	 	 195.2 	 	 0.0100 	 	  1.0 		 0.4930 	 0.8599 	 	 0.5461  	 0.8434  	 	 14.2267 	 0.0268  	 	 0.9180 	 0.7433  	 	 1.0098 	 0.7226  	 	 23.3631 	 0.0029
[2024/05/13 10:38:39] - 101 		 925.6 	 	 195.3 	 	 0.0100 	 	  1.0 		 0.3457 	 0.9029 	 	 0.3925  	 0.8865  	 	 14.3589 	 0.0366  	 	 0.8747 	 0.7592  	 	 0.9792 	 0.7427  	 	 23.8062 	 0.0034
[2024/05/13 10:57:20] - 102 		 925.7 	 	 195.0 	 	 0.0100 	 	  1.0 		 0.2861 	 0.9203 	 	 0.3283  	 0.9052  	 	 14.4367 	 0.0419  	 	 0.9046 	 0.7593  	 	 1.0033 	 0.7457  	 	 23.7017 	 0.0043
[2024/05/13 11:16:01] - 103 		 925.9 	 	 195.1 	 	 0.0100 	 	  1.0 		 0.2446 	 0.9331 	 	 0.2852  	 0.9172  	 	 14.5168 	 0.0464  	 	 0.8924 	 0.7669  	 	 1.0445 	 0.7407  	 	 25.4434 	 0.0036
[2024/05/13 11:34:42] - 104 		 925.3 	 	 195.2 	 	 0.0100 	 	  1.0 		 0.2135 	 0.9412 	 	 0.2516  	 0.9262  	 	 14.5404 	 0.0516  	 	 0.9524 	 0.7513  	 	 1.0641 	 0.7367  	 	 24.6741 	 0.0048
[2024/05/13 11:53:22] - 105 		 925.4 	 	 195.1 	 	 0.0100 	 	  1.0 		 0.1862 	 0.9499 	 	 0.2218  	 0.9362  	 	 14.5437 	 0.0562  	 	 0.9394 	 0.7586  	 	 1.0963 	 0.7361  	 	 25.6354 	 0.0028
[2024/05/13 12:12:03] - 106 		 925.7 	 	 195.2 	 	 0.0100 	 	  1.0 		 0.1668 	 0.9561 	 	 0.2028  	 0.9432  	 	 14.6203 	 0.0569  	 	 0.9472 	 0.7608  	 	 1.1023 	 0.7401  	 	 26.1264 	 0.0037
[2024/05/13 12:30:44] - 107 		 925.2 	 	 195.1 	 	 0.0100 	 	  1.0 		 0.1441 	 0.9633 	 	 0.1764  	 0.9514  	 	 14.5828 	 0.0642  	 	 0.9709 	 0.7565  	 	 1.1482 	 0.7337  	 	 26.1916 	 0.0036
[2024/05/13 12:49:25] - 108 		 926.0 	 	 195.2 	 	 0.0100 	 	  1.0 		 0.1299 	 0.9676 	 	 0.1623  	 0.9552  	 	 14.5838 	 0.0658  	 	 1.0043 	 0.7505  	 	 1.2054 	 0.7262  	 	 26.7045 	 0.0019
[2024/05/13 13:08:05] - 109 		 924.8 	 	 194.8 	 	 0.0100 	 	  1.0 		 0.1173 	 0.9714 	 	 0.1477  	 0.9599  	 	 14.5560 	 0.0687  	 	 0.9931 	 0.7539  	 	 1.1612 	 0.7361  	 	 25.9104 	 0.0035
[2024/05/13 13:26:44] - 110 		 924.7 	 	 194.8 	 	 0.0100 	 	  1.0 		 0.1082 	 0.9737 	 	 0.1382  	 0.9631  	 	 14.5101 	 0.0716  	 	 0.9994 	 0.7534  	 	 1.2132 	 0.7277  	 	 26.7200 	 0.0035
[2024/05/13 13:45:25] - 111 		 925.0 	 	 195.3 	 	 0.0100 	 	  1.0 		 0.0994 	 0.9760 	 	 0.1274  	 0.9649  	 	 14.4703 	 0.0732  	 	 0.9465 	 0.7635  	 	 1.1836 	 0.7342  	 	 26.8847 	 0.0026
[2024/05/13 14:04:06] - 112 		 926.0 	 	 195.0 	 	 0.0100 	 	  1.0 		 0.0935 	 0.9783 	 	 0.1224  	 0.9674  	 	 14.4390 	 0.0758  	 	 1.0405 	 0.7549  	 	 1.2546 	 0.7277  	 	 26.5370 	 0.0037
[2024/05/13 14:22:46] - 113 		 925.2 	 	 195.1 	 	 0.0100 	 	  1.0 		 0.0869 	 0.9806 	 	 0.1133  	 0.9716  	 	 14.4067 	 0.0759  	 	 1.0356 	 0.7486  	 	 1.2442 	 0.7260  	 	 26.9864 	 0.0056
[2024/05/13 14:41:26] - 114 		 924.6 	 	 194.9 	 	 0.0100 	 	  1.0 		 0.0808 	 0.9815 	 	 0.1062  	 0.9727  	 	 14.3770 	 0.0758  	 	 1.0308 	 0.7533  	 	 1.2503 	 0.7273  	 	 26.4412 	 0.0048
[2024/05/13 15:00:07] - 115 		 926.0 	 	 195.4 	 	 0.0100 	 	  1.0 		 0.0804 	 0.9818 	 	 0.1063  	 0.9715  	 	 14.2480 	 0.0778  	 	 1.0439 	 0.7520  	 	 1.2766 	 0.7243  	 	 26.5146 	 0.0025
[2024/05/13 15:18:49] - 116 		 926.3 	 	 195.5 	 	 0.0100 	 	  1.0 		 0.0806 	 0.9821 	 	 0.1070  	 0.9725  	 	 14.2022 	 0.0796  	 	 1.0220 	 0.7548  	 	 1.2733 	 0.7293  	 	 27.7117 	 0.0044
[2024/05/13 15:37:32] - 117 		 926.9 	 	 195.5 	 	 0.0100 	 	  1.0 		 0.0769 	 0.9830 	 	 0.1033  	 0.9730  	 	 14.2341 	 0.0751  	 	 1.0508 	 0.7541  	 	 1.2715 	 0.7238  	 	 25.8930 	 0.0046
[2024/05/13 15:56:12] - 118 		 925.9 	 	 194.9 	 	 0.0100 	 	  1.0 		 0.0764 	 0.9832 	 	 0.1014  	 0.9742  	 	 14.1557 	 0.0776  	 	 0.9944 	 0.7563  	 	 1.2358 	 0.7292  	 	 26.5202 	 0.0037
[2024/05/13 16:14:53] - 119 		 925.5 	 	 195.3 	 	 0.0100 	 	  1.0 		 0.0698 	 0.9848 	 	 0.0936  	 0.9760  	 	 14.0710 	 0.0797  	 	 1.0969 	 0.7465  	 	 1.3325 	 0.7197  	 	 26.5624 	 0.0042
[2024/05/13 16:33:35] - 120 		 926.4 	 	 195.3 	 	 0.0100 	 	  1.0 		 0.0721 	 0.9843 	 	 0.0962  	 0.9753  	 	 13.9834 	 0.0783  	 	 1.0336 	 0.7538  	 	 1.2736 	 0.7242  	 	 26.0865 	 0.0041
[2024/05/13 16:52:17] - 121 		 926.8 	 	 195.6 	 	 0.0100 	 	  1.0 		 0.0757 	 0.9828 	 	 0.1024  	 0.9738  	 	 13.9327 	 0.0799  	 	 1.0703 	 0.7460  	 	 1.3633 	 0.7127  	 	 28.2072 	 0.0044
[2024/05/13 17:11:01] - 122 		 927.9 	 	 195.8 	 	 0.0100 	 	  1.0 		 0.0726 	 0.9844 	 	 0.0979  	 0.9753  	 	 13.8821 	 0.0777  	 	 1.1422 	 0.7353  	 	 1.3460 	 0.7152  	 	 26.9048 	 0.0052
[2024/05/13 17:29:44] - 123 		 927.1 	 	 195.5 	 	 0.0100 	 	  1.0 		 0.0748 	 0.9837 	 	 0.1010  	 0.9743  	 	 13.8620 	 0.0778  	 	 1.0945 	 0.7441  	 	 1.3652 	 0.7195  	 	 27.2865 	 0.0065
[2024/05/13 17:48:26] - 124 		 926.6 	 	 195.9 	 	 0.0100 	 	  1.0 		 0.0725 	 0.9843 	 	 0.0970  	 0.9753  	 	 13.7669 	 0.0796  	 	 1.1190 	 0.7421  	 	 1.3498 	 0.7178  	 	 26.4769 	 0.0053
[2024/05/13 18:07:09] - 125 		 926.9 	 	 195.5 	 	 0.0100 	 	  1.0 		 0.0744 	 0.9831 	 	 0.1007  	 0.9742  	 	 13.7291 	 0.0786  	 	 1.0437 	 0.7539  	 	 1.2685 	 0.7268  	 	 25.9029 	 0.0031
[2024/05/13 18:25:52] - 126 		 927.2 	 	 196.0 	 	 0.0100 	 	  1.0 		 0.0727 	 0.9844 	 	 0.0979  	 0.9754  	 	 13.7256 	 0.0795  	 	 1.0856 	 0.7408  	 	 1.3154 	 0.7167  	 	 25.6226 	 0.0048
[2024/05/13 18:44:34] - 127 		 926.5 	 	 195.4 	 	 0.0100 	 	  1.0 		 0.0732 	 0.9847 	 	 0.0985  	 0.9760  	 	 13.6964 	 0.0789  	 	 1.0770 	 0.7470  	 	 1.2892 	 0.7209  	 	 24.9880 	 0.0065
[2024/05/13 19:03:16] - 128 		 926.3 	 	 195.5 	 	 0.0100 	 	  1.0 		 0.0739 	 0.9838 	 	 0.0989  	 0.9747  	 	 13.6601 	 0.0761  	 	 1.1311 	 0.7389  	 	 1.3557 	 0.7148  	 	 26.1761 	 0.0065
[2024/05/13 19:21:58] - 129 		 927.0 	 	 195.4 	 	 0.0100 	 	  1.0 		 0.0806 	 0.9818 	 	 0.1093  	 0.9717  	 	 13.5658 	 0.0812  	 	 1.0866 	 0.7384  	 	 1.2763 	 0.7140  	 	 24.3345 	 0.0089
[2024/05/13 19:40:41] - 130 		 926.9 	 	 195.4 	 	 0.0100 	 	  1.0 		 0.0829 	 0.9811 	 	 0.1105  	 0.9724  	 	 13.6207 	 0.0764  	 	 1.0830 	 0.7474  	 	 1.3602 	 0.7136  	 	 26.2309 	 0.0049
[2024/05/13 19:59:21] - 131 		 925.3 	 	 195.1 	 	 0.0100 	 	  1.0 		 0.0846 	 0.9809 	 	 0.1140  	 0.9702  	 	 13.6150 	 0.0795  	 	 1.1097 	 0.7373  	 	 1.2976 	 0.7148  	 	 24.6119 	 0.0059
[2024/05/13 20:18:02] - 132 		 925.5 	 	 195.0 	 	 0.0100 	 	  1.0 		 0.0852 	 0.9806 	 	 0.1141  	 0.9705  	 	 13.5675 	 0.0768  	 	 1.1279 	 0.7367  	 	 1.3618 	 0.7084  	 	 26.1134 	 0.0043
[2024/05/13 20:36:44] - 133 		 926.7 	 	 195.2 	 	 0.0100 	 	  1.0 		 0.0820 	 0.9814 	 	 0.1104  	 0.9720  	 	 13.6349 	 0.0748  	 	 1.1337 	 0.7404  	 	 1.3983 	 0.7119  	 	 26.9576 	 0.0051
[2024/05/13 20:55:25] - 134 		 926.3 	 	 195.2 	 	 0.0100 	 	  1.0 		 0.0871 	 0.9791 	 	 0.1160  	 0.9697  	 	 13.5520 	 0.0760  	 	 1.0894 	 0.7405  	 	 1.2981 	 0.7173  	 	 24.7297 	 0.0069
[2024/05/13 21:14:06] - 135 		 925.6 	 	 195.1 	 	 0.0100 	 	  1.0 		 0.0922 	 0.9782 	 	 0.1234  	 0.9674  	 	 13.5358 	 0.0744  	 	 1.0824 	 0.7368  	 	 1.3122 	 0.7084  	 	 25.6056 	 0.0048
[2024/05/13 21:32:49] - 136 		 926.6 	 	 195.7 	 	 0.0100 	 	  1.0 		 0.0879 	 0.9800 	 	 0.1178  	 0.9694  	 	 13.5305 	 0.0758  	 	 1.0827 	 0.7459  	 	 1.3120 	 0.7180  	 	 26.1704 	 0.0050
[2024/05/13 21:51:30] - 137 		 925.9 	 	 195.3 	 	 0.0100 	 	  1.0 		 0.0946 	 0.9770 	 	 0.1273  	 0.9655  	 	 13.5091 	 0.0751  	 	 1.0978 	 0.7391  	 	 1.2822 	 0.7156  	 	 24.8683 	 0.0068
[2024/05/13 22:10:12] - 138 		 926.5 	 	 195.1 	 	 0.0100 	 	  1.0 		 0.0941 	 0.9775 	 	 0.1258  	 0.9671  	 	 13.4195 	 0.0783  	 	 1.2058 	 0.7191  	 	 1.4275 	 0.6960  	 	 26.1797 	 0.0036
[2024/05/13 22:28:54] - 139 		 926.7 	 	 195.2 	 	 0.0100 	 	  1.0 		 0.0941 	 0.9771 	 	 0.1258  	 0.9671  	 	 13.4870 	 0.0758  	 	 1.0838 	 0.7381  	 	 1.3085 	 0.7122  	 	 25.7018 	 0.0049
[2024/05/13 22:47:35] - 140 		 925.8 	 	 195.4 	 	 0.0100 	 	  1.0 		 0.0967 	 0.9768 	 	 0.1302  	 0.9659  	 	 13.4989 	 0.0752  	 	 1.1611 	 0.7274  	 	 1.3340 	 0.7090  	 	 24.0874 	 0.0072
[2024/05/13 23:06:17] - 141 		 927.0 	 	 195.3 	 	 0.0100 	 	  1.0 		 0.1007 	 0.9759 	 	 0.1348  	 0.9635  	 	 13.5875 	 0.0718  	 	 1.1327 	 0.7360  	 	 1.3225 	 0.7124  	 	 24.7042 	 0.0054
[2024/05/13 23:24:58] - 142 		 925.4 	 	 195.3 	 	 0.0100 	 	  1.0 		 0.1027 	 0.9753 	 	 0.1373  	 0.9630  	 	 13.4372 	 0.0784  	 	 1.1061 	 0.7396  	 	 1.3359 	 0.7087  	 	 25.1722 	 0.0044
[2024/05/13 23:43:40] - 143 		 926.6 	 	 194.8 	 	 0.0100 	 	  1.0 		 0.0940 	 0.9776 	 	 0.1251  	 0.9664  	 	 13.4954 	 0.0768  	 	 1.1743 	 0.7229  	 	 1.4119 	 0.7000  	 	 26.4945 	 0.0060
[2024/05/14 00:02:19] - 144 		 924.5 	 	 194.4 	 	 0.0100 	 	  1.0 		 0.0972 	 0.9770 	 	 0.1321  	 0.9644  	 	 13.5537 	 0.0716  	 	 1.1030 	 0.7337  	 	 1.3115 	 0.7066  	 	 24.8330 	 0.0074
[2024/05/14 00:20:58] - 145 		 925.1 	 	 194.6 	 	 0.0100 	 	  1.0 		 0.0969 	 0.9764 	 	 0.1293  	 0.9646  	 	 13.5179 	 0.0724  	 	 1.0709 	 0.7388  	 	 1.2965 	 0.7080  	 	 24.8164 	 0.0057
[2024/05/14 00:39:39] - 146 		 925.5 	 	 195.2 	 	 0.0100 	 	  1.0 		 0.1096 	 0.9732 	 	 0.1437  	 0.9610  	 	 13.4577 	 0.0770  	 	 1.1024 	 0.7395  	 	 1.3474 	 0.7114  	 	 26.1895 	 0.0055
[2024/05/14 00:58:20] - 147 		 925.3 	 	 195.5 	 	 0.0100 	 	  1.0 		 0.1015 	 0.9751 	 	 0.1355  	 0.9631  	 	 13.4845 	 0.0731  	 	 1.2003 	 0.7233  	 	 1.4259 	 0.6996  	 	 27.0758 	 0.0067
[2024/05/14 01:17:01] - 148 		 926.2 	 	 195.2 	 	 0.0100 	 	  1.0 		 0.1019 	 0.9758 	 	 0.1358  	 0.9631  	 	 13.4614 	 0.0763  	 	 1.1572 	 0.7298  	 	 1.3573 	 0.7063  	 	 25.3722 	 0.0050
[2024/05/14 01:35:43] - 149 		 925.5 	 	 195.9 	 	 0.0010 	 	  1.0 		 0.0940 	 0.9776 	 	 0.1251  	 0.9674  	 	 13.4700 	 0.0759  	 	 1.1770 	 0.7212  	 	 1.4197 	 0.6993  	 	 26.7823 	 0.0047
[2024/05/14 01:54:24] - 150 		 925.5 	 	 195.1 	 	 0.0010 	 	  1.0 		 0.0415 	 0.9923 	 	 0.0568  	 0.9874  	 	 13.3056 	 0.0860  	 	 1.0470 	 0.7595  	 	 1.3322 	 0.7314  	 	 27.8003 	 0.0074
[2024/05/14 02:13:07] - 151 		 927.4 	 	 195.6 	 	 0.0010 	 	  1.0 		 0.0247 	 0.9962 	 	 0.0338  	 0.9935  	 	 13.2241 	 0.0932  	 	 1.0112 	 0.7567  	 	 1.2258 	 0.7361  	 	 25.6504 	 0.0075
[2024/05/14 02:31:48] - 152 		 926.2 	 	 195.3 	 	 0.0010 	 	  1.0 		 0.0192 	 0.9976 	 	 0.0259  	 0.9952  	 	 13.2154 	 0.0959  	 	 1.0635 	 0.7568  	 	 1.3278 	 0.7290  	 	 27.0650 	 0.0054
[2024/05/14 02:50:30] - 153 		 925.9 	 	 195.3 	 	 0.0010 	 	  1.0 		 0.0160 	 0.9982 	 	 0.0215  	 0.9964  	 	 13.2097 	 0.0978  	 	 1.0118 	 0.7667  	 	 1.2753 	 0.7418  	 	 26.6544 	 0.0082
[2024/05/14 03:09:12] - 154 		 926.5 	 	 195.5 	 	 0.0010 	 	  1.0 		 0.0149 	 0.9981 	 	 0.0202  	 0.9965  	 	 13.2063 	 0.0972  	 	 1.0380 	 0.7639  	 	 1.3018 	 0.7334  	 	 25.3559 	 0.0077
[2024/05/14 03:27:54] - 155 		 926.9 	 	 195.6 	 	 0.0010 	 	  1.0 		 0.0136 	 0.9986 	 	 0.0185  	 0.9970  	 	 13.1965 	 0.0975  	 	 1.0096 	 0.7682  	 	 1.2679 	 0.7442  	 	 25.4076 	 0.0082
[2024/05/14 03:46:36] - 156 		 926.5 	 	 195.4 	 	 0.0010 	 	  1.0 		 0.0125 	 0.9986 	 	 0.0171  	 0.9972  	 	 13.2217 	 0.0955  	 	 1.0470 	 0.7589  	 	 1.3018 	 0.7329  	 	 25.9899 	 0.0070
[2024/05/14 04:05:18] - 157 		 926.1 	 	 195.6 	 	 0.0010 	 	  1.0 		 0.0117 	 0.9988 	 	 0.0159  	 0.9974  	 	 13.2277 	 0.0948  	 	 1.0476 	 0.7671  	 	 1.3530 	 0.7385  	 	 27.8132 	 0.0065
[2024/05/14 04:24:00] - 158 		 926.4 	 	 195.7 	 	 0.0010 	 	  1.0 		 0.0111 	 0.9988 	 	 0.0148  	 0.9975  	 	 13.2332 	 0.0953  	 	 1.0431 	 0.7674  	 	 1.3781 	 0.7370  	 	 27.6117 	 0.0060
[2024/05/14 04:42:43] - 159 		 926.8 	 	 195.6 	 	 0.0010 	 	  1.0 		 0.0100 	 0.9991 	 	 0.0140  	 0.9979  	 	 13.2302 	 0.0941  	 	 1.0110 	 0.7724  	 	 1.3482 	 0.7406  	 	 27.6745 	 0.0055
[2024/05/14 05:01:27] - 160 		 928.4 	 	 195.5 	 	 0.0010 	 	  1.0 		 0.0100 	 0.9991 	 	 0.0138  	 0.9978  	 	 13.2160 	 0.0919  	 	 1.0436 	 0.7682  	 	 1.3080 	 0.7445  	 	 26.8841 	 0.0081
[2024/05/14 05:20:08] - 161 		 926.2 	 	 195.6 	 	 0.0010 	 	  1.0 		 0.0098 	 0.9988 	 	 0.0134  	 0.9979  	 	 13.1871 	 0.0934  	 	 1.0381 	 0.7601  	 	 1.2894 	 0.7372  	 	 25.9237 	 0.0065
[2024/05/14 05:38:51] - 162 		 926.6 	 	 195.4 	 	 0.0010 	 	  1.0 		 0.0098 	 0.9990 	 	 0.0132  	 0.9978  	 	 13.1735 	 0.0949  	 	 1.0988 	 0.7580  	 	 1.3579 	 0.7344  	 	 26.9254 	 0.0074
[2024/05/14 05:57:34] - 163 		 927.1 	 	 195.8 	 	 0.0010 	 	  1.0 		 0.0089 	 0.9991 	 	 0.0121  	 0.9981  	 	 13.1755 	 0.0937  	 	 1.0299 	 0.7654  	 	 1.3389 	 0.7374  	 	 26.6741 	 0.0066
[2024/05/14 06:16:15] - 164 		 926.4 	 	 195.4 	 	 0.0010 	 	  1.0 		 0.0090 	 0.9990 	 	 0.0121  	 0.9982  	 	 13.1306 	 0.0935  	 	 1.0440 	 0.7618  	 	 1.2981 	 0.7356  	 	 24.8115 	 0.0083
[2024/05/14 06:34:57] - 165 		 925.9 	 	 195.6 	 	 0.0010 	 	  1.0 		 0.0085 	 0.9990 	 	 0.0118  	 0.9980  	 	 13.1481 	 0.0905  	 	 1.0312 	 0.7657  	 	 1.2853 	 0.7396  	 	 24.9079 	 0.0100
[2024/05/14 06:53:38] - 166 		 925.8 	 	 194.9 	 	 0.0010 	 	  1.0 		 0.0085 	 0.9991 	 	 0.0121  	 0.9981  	 	 13.1377 	 0.0917  	 	 1.0263 	 0.7671  	 	 1.2911 	 0.7386  	 	 25.9937 	 0.0070
[2024/05/14 07:12:19] - 167 		 926.0 	 	 195.3 	 	 0.0010 	 	  1.0 		 0.0083 	 0.9993 	 	 0.0117  	 0.9982  	 	 13.1163 	 0.0907  	 	 1.0336 	 0.7685  	 	 1.2806 	 0.7429  	 	 25.4638 	 0.0087
[2024/05/14 07:31:00] - 168 		 926.0 	 	 195.2 	 	 0.0010 	 	  1.0 		 0.0082 	 0.9990 	 	 0.0111  	 0.9983  	 	 13.1105 	 0.0904  	 	 1.0291 	 0.7708  	 	 1.3744 	 0.7385  	 	 27.2261 	 0.0044
[2024/05/14 07:49:42] - 169 		 926.8 	 	 195.0 	 	 0.0010 	 	  1.0 		 0.0086 	 0.9990 	 	 0.0114  	 0.9981  	 	 13.0582 	 0.0925  	 	 1.0128 	 0.7646  	 	 1.3506 	 0.7287  	 	 25.5695 	 0.0056
[2024/05/14 08:08:24] - 170 		 926.0 	 	 195.5 	 	 0.0010 	 	  1.0 		 0.0080 	 0.9991 	 	 0.0105  	 0.9985  	 	 13.0824 	 0.0900  	 	 1.0253 	 0.7707  	 	 1.2957 	 0.7448  	 	 25.8031 	 0.0071
[2024/05/14 08:27:05] - 171 		 925.7 	 	 195.3 	 	 0.0010 	 	  1.0 		 0.0081 	 0.9989 	 	 0.0110  	 0.9980  	 	 13.0451 	 0.0904  	 	 1.0242 	 0.7734  	 	 1.3582 	 0.7421  	 	 26.7609 	 0.0062
[2024/05/14 08:45:46] - 172 		 926.3 	 	 194.9 	 	 0.0010 	 	  1.0 		 0.0076 	 0.9992 	 	 0.0105  	 0.9985  	 	 13.0201 	 0.0897  	 	 1.0420 	 0.7686  	 	 1.3291 	 0.7406  	 	 26.6610 	 0.0064
[2024/05/14 09:04:27] - 173 		 925.7 	 	 194.8 	 	 0.0010 	 	  1.0 		 0.0074 	 0.9993 	 	 0.0098  	 0.9984  	 	 13.0162 	 0.0897  	 	 1.0402 	 0.7676  	 	 1.3253 	 0.7448  	 	 25.9958 	 0.0074
[2024/05/14 09:23:06] - 174 		 925.1 	 	 194.0 	 	 0.0010 	 	  1.0 		 0.0073 	 0.9992 	 	 0.0097  	 0.9986  	 	 12.9929 	 0.0886  	 	 1.0260 	 0.7668  	 	 1.3039 	 0.7414  	 	 25.6125 	 0.0068
[2024/05/14 09:41:43] - 175 		 922.7 	 	 193.8 	 	 0.0010 	 	  1.0 		 0.0074 	 0.9990 	 	 0.0099  	 0.9985  	 	 12.9914 	 0.0876  	 	 0.9925 	 0.7699  	 	 1.2434 	 0.7447  	 	 24.7350 	 0.0085
[2024/05/14 10:00:19] - 176 		 922.3 	 	 193.9 	 	 0.0010 	 	  1.0 		 0.0071 	 0.9994 	 	 0.0097  	 0.9986  	 	 12.9568 	 0.0875  	 	 1.0202 	 0.7701  	 	 1.2551 	 0.7440  	 	 24.5893 	 0.0093
[2024/05/14 10:18:57] - 177 		 923.7 	 	 194.3 	 	 0.0010 	 	  1.0 		 0.0071 	 0.9991 	 	 0.0096  	 0.9987  	 	 12.9399 	 0.0878  	 	 1.0733 	 0.7534  	 	 1.3593 	 0.7269  	 	 24.8230 	 0.0060
[2024/05/14 10:37:35] - 178 		 923.6 	 	 194.4 	 	 0.0010 	 	  1.0 		 0.0072 	 0.9992 	 	 0.0094  	 0.9986  	 	 12.9155 	 0.0885  	 	 0.9924 	 0.7743  	 	 1.3425 	 0.7393  	 	 26.5511 	 0.0056
[2024/05/14 10:56:13] - 179 		 923.7 	 	 194.4 	 	 0.0010 	 	  1.0 		 0.0070 	 0.9992 	 	 0.0091  	 0.9987  	 	 12.8967 	 0.0861  	 	 1.0277 	 0.7713  	 	 1.3411 	 0.7425  	 	 26.0405 	 0.0083
[2024/05/14 11:14:51] - 180 		 923.3 	 	 194.9 	 	 0.0010 	 	  1.0 		 0.0071 	 0.9993 	 	 0.0095  	 0.9984  	 	 12.8497 	 0.0890  	 	 1.0265 	 0.7699  	 	 1.3270 	 0.7392  	 	 25.7821 	 0.0065
[2024/05/14 11:33:30] - 181 		 924.1 	 	 194.7 	 	 0.0010 	 	  1.0 		 0.0069 	 0.9993 	 	 0.0092  	 0.9986  	 	 12.8717 	 0.0865  	 	 1.0674 	 0.7688  	 	 1.3895 	 0.7410  	 	 27.3920 	 0.0082
[2024/05/14 11:52:09] - 182 		 923.9 	 	 194.2 	 	 0.0010 	 	  1.0 		 0.0068 	 0.9995 	 	 0.0093  	 0.9986  	 	 12.8643 	 0.0858  	 	 1.0131 	 0.7734  	 	 1.3251 	 0.7390  	 	 25.6092 	 0.0061
[2024/05/14 12:10:46] - 183 		 923.0 	 	 194.4 	 	 0.0010 	 	  1.0 		 0.0069 	 0.9994 	 	 0.0095  	 0.9987  	 	 12.8281 	 0.0868  	 	 1.0531 	 0.7682  	 	 1.3699 	 0.7381  	 	 26.6117 	 0.0067
[2024/05/14 12:29:24] - 184 		 923.5 	 	 194.6 	 	 0.0010 	 	  1.0 		 0.0064 	 0.9994 	 	 0.0086  	 0.9987  	 	 12.7916 	 0.0855  	 	 1.0262 	 0.7699  	 	 1.3463 	 0.7356  	 	 25.6569 	 0.0058
[2024/05/14 12:48:03] - 185 		 923.9 	 	 194.4 	 	 0.0010 	 	  1.0 		 0.0062 	 0.9996 	 	 0.0080  	 0.9992  	 	 12.8040 	 0.0831  	 	 0.9935 	 0.7709  	 	 1.2778 	 0.7407  	 	 24.8678 	 0.0091
