[2024/05/17 19:11:17] - Namespace(att_method='norm_steep', attack_iters=10, batch_size=128, beta=4.0, chkpt_iters=50, dataset='cifar100', epochs=201, epsilon=0.03137254901960784, eq_vol=1, eval_method='sign', lr_chechpoint1=100, lr_chechpoint2=150, lr_max=0.1, lr_schedule='piecewise', manual_step=0, model='WideResNet', momentum=0.9, norm='l_inf', pgd_alpha=2.0, random_init=1, resume=0, seed=1, train_mode='adv_train', weight_decay=0.0005, width_factor=10)
[2024/05/17 19:11:23] - Epoch 	 Train Time 	 Test Time 	 LR 	 	 Train Loss 	 Train Acc 	 Train Adv Loss 	 Train Adv Acc 	 Train Surrogate Loss 	 Train Surrogate Acc 	 Test Loss 	 Test Acc 	 Test Adv Loss 	 Test Adv Acc 	 Test Surrogate Loss 	 Test Surrogate Acc 
[2024/05/17 19:31:13] - 0 		 981.0 	 	 208.2 	 	 0.1000  		 4.2470 	 0.0519 	 	 4.4003  	 0.0379  	 	 4.4086 	 0.0374  	 	 3.9931 	 0.0894  	 	 4.2172 	 0.0636  	 	 4.2310 	 0.0618
[2024/05/17 19:50:58] - 1 		 978.2 	 	 207.5 	 	 0.1000  		 3.8752 	 0.1081 	 	 4.1344  	 0.0694  	 	 4.1499 	 0.0678  	 	 3.6892 	 0.1497  	 	 3.9889 	 0.0972  	 	 4.0089 	 0.0943
[2024/05/17 20:10:44] - 2 		 977.9 	 	 207.6 	 	 0.1000  		 3.6545 	 0.1496 	 	 3.9910  	 0.0927  	 	 4.0118 	 0.0904  	 	 3.5547 	 0.1595  	 	 3.9394 	 0.0983  	 	 3.9659 	 0.0950
[2024/05/17 20:30:31] - 3 		 978.5 	 	 208.2 	 	 0.1000  		 3.4780 	 0.1845 	 	 3.8801  	 0.1091  	 	 3.9058 	 0.1062  	 	 3.4013 	 0.2013  	 	 3.8693 	 0.1174  	 	 3.9013 	 0.1119
[2024/05/17 20:50:18] - 4 		 978.8 	 	 208.3 	 	 0.1000  		 3.3458 	 0.2116 	 	 3.7967  	 0.1223  	 	 3.8260 	 0.1184  	 	 3.1974 	 0.2389  	 	 3.7099 	 0.1419  	 	 3.7470 	 0.1363
[2024/05/17 21:10:06] - 5 		 979.0 	 	 208.7 	 	 0.1000  		 3.2280 	 0.2354 	 	 3.7238  	 0.1320  	 	 3.7568 	 0.1279  	 	 3.0922 	 0.2520  	 	 3.6966 	 0.1397  	 	 3.7429 	 0.1352
[2024/05/17 21:29:53] - 6 		 979.0 	 	 208.4 	 	 0.1000  		 3.1127 	 0.2616 	 	 3.6543  	 0.1461  	 	 3.6911 	 0.1409  	 	 2.9029 	 0.3012  	 	 3.5340 	 0.1643  	 	 3.5832 	 0.1574
[2024/05/17 21:49:41] - 7 		 979.4 	 	 208.3 	 	 0.1000  		 3.0136 	 0.2849 	 	 3.5936  	 0.1556  	 	 3.6337 	 0.1495  	 	 2.8665 	 0.3090  	 	 3.5213 	 0.1721  	 	 3.5725 	 0.1669
[2024/05/17 22:09:27] - 8 		 978.6 	 	 207.1 	 	 0.1000  		 2.9231 	 0.3052 	 	 3.5369  	 0.1671  	 	 3.5803 	 0.1602  	 	 2.7882 	 0.3194  	 	 3.5048 	 0.1733  	 	 3.5645 	 0.1650
[2024/05/17 22:29:10] - 9 		 976.5 	 	 207.1 	 	 0.1000  		 2.8576 	 0.3177 	 	 3.4932  	 0.1722  	 	 3.5387 	 0.1657  	 	 2.7619 	 0.3231  	 	 3.5229 	 0.1735  	 	 3.5851 	 0.1633
[2024/05/17 22:48:54] - 10 		 976.0 	 	 207.1 	 	 0.1000  		 2.7914 	 0.3327 	 	 3.4504  	 0.1810  	 	 3.4982 	 0.1740  	 	 2.6769 	 0.3545  	 	 3.3868 	 0.1958  	 	 3.4425 	 0.1856
[2024/05/17 23:08:39] - 11 		 977.3 	 	 207.7 	 	 0.1000  		 2.7333 	 0.3465 	 	 3.4138  	 0.1859  	 	 3.4639 	 0.1778  	 	 2.5718 	 0.3672  	 	 3.4221 	 0.1910  	 	 3.4945 	 0.1823
[2024/05/17 23:28:22] - 12 		 975.9 	 	 207.6 	 	 0.1000  		 2.6917 	 0.3553 	 	 3.3838  	 0.1899  	 	 3.4355 	 0.1819  	 	 2.5206 	 0.3691  	 	 3.4369 	 0.1919  	 	 3.5218 	 0.1805
[2024/05/17 23:48:06] - 13 		 975.7 	 	 207.4 	 	 0.1000  		 2.6453 	 0.3677 	 	 3.3529  	 0.1974  	 	 3.4062 	 0.1887  	 	 2.4972 	 0.3832  	 	 3.2837 	 0.2131  	 	 3.3503 	 0.2029
[2024/05/18 00:07:49] - 14 		 976.0 	 	 207.2 	 	 0.1000  		 2.5973 	 0.3774 	 	 3.3222  	 0.2016  	 	 3.3776 	 0.1932  	 	 2.5545 	 0.3773  	 	 3.3553 	 0.2009  	 	 3.4219 	 0.1905
[2024/05/18 00:27:31] - 15 		 975.8 	 	 206.8 	 	 0.1000  		 2.5679 	 0.3832 	 	 3.3010  	 0.2075  	 	 3.3574 	 0.1980  	 	 2.3984 	 0.4070  	 	 3.2804 	 0.2114  	 	 3.3595 	 0.1989
[2024/05/18 00:47:14] - 16 		 976.1 	 	 206.7 	 	 0.1000  		 2.5263 	 0.3940 	 	 3.2738  	 0.2092  	 	 3.3319 	 0.1994  	 	 2.4043 	 0.4061  	 	 3.2773 	 0.2168  	 	 3.3540 	 0.2047
[2024/05/18 01:06:57] - 17 		 976.1 	 	 206.7 	 	 0.1000  		 2.4910 	 0.4021 	 	 3.2485  	 0.2145  	 	 3.3078 	 0.2050  	 	 2.4049 	 0.4010  	 	 3.2628 	 0.2195  	 	 3.3392 	 0.2094
[2024/05/18 01:26:40] - 18 		 975.3 	 	 207.3 	 	 0.1000  		 2.4678 	 0.4055 	 	 3.2367  	 0.2160  	 	 3.2972 	 0.2061  	 	 2.3937 	 0.3980  	 	 3.3001 	 0.2119  	 	 3.3829 	 0.1996
[2024/05/18 01:46:22] - 19 		 974.7 	 	 207.1 	 	 0.1000  		 2.4395 	 0.4152 	 	 3.2118  	 0.2227  	 	 3.2730 	 0.2131  	 	 2.3602 	 0.4116  	 	 3.2866 	 0.2236  	 	 3.3708 	 0.2096
[2024/05/18 02:06:06] - 20 		 976.1 	 	 208.2 	 	 0.1000  		 2.4143 	 0.4213 	 	 3.1985  	 0.2250  	 	 3.2611 	 0.2141  	 	 2.3704 	 0.4107  	 	 3.2533 	 0.2205  	 	 3.3318 	 0.2099
[2024/05/18 02:25:50] - 21 		 976.5 	 	 206.8 	 	 0.1000  		 2.3973 	 0.4232 	 	 3.1872  	 0.2258  	 	 3.2504 	 0.2141  	 	 2.3145 	 0.4171  	 	 3.2492 	 0.2153  	 	 3.3339 	 0.2046
[2024/05/18 02:45:33] - 22 		 976.3 	 	 207.3 	 	 0.1000  		 2.3664 	 0.4303 	 	 3.1654  	 0.2301  	 	 3.2300 	 0.2189  	 	 2.2964 	 0.4237  	 	 3.2567 	 0.2278  	 	 3.3440 	 0.2153
[2024/05/18 03:05:18] - 23 		 977.3 	 	 207.3 	 	 0.1000  		 2.3445 	 0.4375 	 	 3.1478  	 0.2332  	 	 3.2131 	 0.2216  	 	 2.2989 	 0.4367  	 	 3.1520 	 0.2376  	 	 3.2274 	 0.2236
[2024/05/18 03:25:02] - 24 		 976.3 	 	 207.5 	 	 0.1000  		 2.3330 	 0.4402 	 	 3.1389  	 0.2341  	 	 3.2044 	 0.2229  	 	 2.2910 	 0.4189  	 	 3.2077 	 0.2337  	 	 3.2905 	 0.2225
[2024/05/18 03:44:46] - 25 		 976.5 	 	 207.5 	 	 0.1000  		 2.3085 	 0.4457 	 	 3.1269  	 0.2366  	 	 3.1938 	 0.2255  	 	 2.3663 	 0.4027  	 	 3.4031 	 0.1982  	 	 3.5003 	 0.1846
[2024/05/18 04:04:30] - 26 		 976.3 	 	 206.9 	 	 0.1000  		 2.2942 	 0.4488 	 	 3.1154  	 0.2392  	 	 3.1826 	 0.2270  	 	 2.2218 	 0.4484  	 	 3.1714 	 0.2419  	 	 3.2613 	 0.2273
[2024/05/18 04:24:13] - 27 		 976.7 	 	 206.8 	 	 0.1000  		 2.2800 	 0.4528 	 	 3.1045  	 0.2426  	 	 3.1722 	 0.2309  	 	 2.2106 	 0.4455  	 	 3.2078 	 0.2304  	 	 3.3005 	 0.2167
[2024/05/18 04:43:57] - 28 		 976.6 	 	 207.5 	 	 0.1000  		 2.2622 	 0.4570 	 	 3.0930  	 0.2442  	 	 3.1616 	 0.2325  	 	 2.2411 	 0.4399  	 	 3.1601 	 0.2332  	 	 3.2424 	 0.2217
[2024/05/18 05:03:42] - 29 		 977.4 	 	 207.5 	 	 0.1000  		 2.2484 	 0.4580 	 	 3.0836  	 0.2441  	 	 3.1529 	 0.2323  	 	 2.1584 	 0.4589  	 	 3.1535 	 0.2364  	 	 3.2494 	 0.2198
[2024/05/18 05:23:27] - 30 		 977.1 	 	 207.7 	 	 0.1000  		 2.2377 	 0.4596 	 	 3.0715  	 0.2462  	 	 3.1408 	 0.2344  	 	 2.2275 	 0.4431  	 	 3.1832 	 0.2338  	 	 3.2717 	 0.2195
[2024/05/18 05:43:13] - 31 		 978.5 	 	 207.2 	 	 0.1000  		 2.2193 	 0.4663 	 	 3.0645  	 0.2460  	 	 3.1351 	 0.2342  	 	 2.1999 	 0.4514  	 	 3.1751 	 0.2367  	 	 3.2639 	 0.2236
[2024/05/18 06:03:02] - 32 		 979.5 	 	 209.3 	 	 0.1000  		 2.2142 	 0.4659 	 	 3.0605  	 0.2505  	 	 3.1313 	 0.2376  	 	 2.2076 	 0.4532  	 	 3.1675 	 0.2430  	 	 3.2546 	 0.2299
[2024/05/18 06:22:56] - 33 		 984.8 	 	 209.2 	 	 0.1000  		 2.2056 	 0.4697 	 	 3.0537  	 0.2505  	 	 3.1246 	 0.2379  	 	 2.1657 	 0.4584  	 	 3.1199 	 0.2494  	 	 3.2073 	 0.2346
[2024/05/18 06:42:55] - 34 		 989.0 	 	 209.6 	 	 0.1000  		 2.1836 	 0.4752 	 	 3.0367  	 0.2535  	 	 3.1085 	 0.2412  	 	 2.1495 	 0.4575  	 	 3.1406 	 0.2423  	 	 3.2337 	 0.2273
[2024/05/18 07:02:50] - 35 		 985.5 	 	 209.9 	 	 0.1000  		 2.1805 	 0.4766 	 	 3.0368  	 0.2535  	 	 3.1090 	 0.2407  	 	 2.1202 	 0.4661  	 	 3.1399 	 0.2421  	 	 3.2370 	 0.2268
[2024/05/18 07:22:46] - 36 		 984.9 	 	 210.5 	 	 0.1000  		 2.1671 	 0.4806 	 	 3.0265  	 0.2550  	 	 3.0991 	 0.2421  	 	 2.1904 	 0.4517  	 	 3.1934 	 0.2346  	 	 3.2851 	 0.2191
[2024/05/18 07:42:43] - 37 		 988.2 	 	 208.8 	 	 0.1000  		 2.1665 	 0.4794 	 	 3.0249  	 0.2532  	 	 3.0973 	 0.2409  	 	 2.1047 	 0.4655  	 	 3.1482 	 0.2355  	 	 3.2485 	 0.2190
[2024/05/18 08:02:35] - 38 		 983.2 	 	 209.0 	 	 0.1000  		 2.1460 	 0.4845 	 	 3.0100  	 0.2581  	 	 3.0834 	 0.2448  	 	 2.1218 	 0.4718  	 	 3.1021 	 0.2570  	 	 3.1929 	 0.2406
[2024/05/18 08:22:28] - 39 		 984.4 	 	 208.9 	 	 0.1000  		 2.1452 	 0.4848 	 	 3.0087  	 0.2596  	 	 3.0820 	 0.2468  	 	 2.1293 	 0.4614  	 	 3.1355 	 0.2436  	 	 3.2341 	 0.2269
[2024/05/18 08:42:29] - 40 		 988.9 	 	 210.9 	 	 0.1000  		 2.1380 	 0.4841 	 	 3.0056  	 0.2587  	 	 3.0795 	 0.2450  	 	 2.0950 	 0.4650  	 	 3.1726 	 0.2371  	 	 3.2772 	 0.2231
[2024/05/18 09:02:25] - 41 		 987.0 	 	 209.0 	 	 0.1000  		 2.1343 	 0.4866 	 	 3.0015  	 0.2610  	 	 3.0752 	 0.2472  	 	 2.1298 	 0.4635  	 	 3.1640 	 0.2401  	 	 3.2640 	 0.2262
[2024/05/18 09:22:19] - 42 		 985.0 	 	 209.4 	 	 0.1000  		 2.1228 	 0.4907 	 	 2.9974  	 0.2584  	 	 3.0720 	 0.2443  	 	 2.1281 	 0.4588  	 	 3.1512 	 0.2357  	 	 3.2487 	 0.2200
[2024/05/18 09:42:13] - 43 		 984.6 	 	 209.2 	 	 0.1000  		 2.1101 	 0.4927 	 	 2.9829  	 0.2644  	 	 3.0575 	 0.2512  	 	 2.1524 	 0.4537  	 	 3.1536 	 0.2401  	 	 3.2466 	 0.2236
[2024/05/18 10:02:07] - 44 		 984.3 	 	 209.4 	 	 0.1000  		 2.1055 	 0.4962 	 	 2.9828  	 0.2636  	 	 3.0579 	 0.2497  	 	 2.0517 	 0.4798  	 	 3.0881 	 0.2538  	 	 3.1875 	 0.2394
[2024/05/18 10:22:02] - 45 		 986.7 	 	 208.4 	 	 0.1000  		 2.0923 	 0.4985 	 	 2.9729  	 0.2631  	 	 3.0484 	 0.2489  	 	 2.1254 	 0.4593  	 	 3.1380 	 0.2423  	 	 3.2342 	 0.2283
[2024/05/18 10:41:54] - 46 		 983.1 	 	 209.0 	 	 0.1000  		 2.0841 	 0.4972 	 	 2.9650  	 0.2646  	 	 3.0406 	 0.2517  	 	 2.1421 	 0.4663  	 	 3.1684 	 0.2408  	 	 3.2663 	 0.2259
[2024/05/18 11:01:48] - 47 		 984.0 	 	 209.9 	 	 0.1000  		 2.0853 	 0.4965 	 	 2.9654  	 0.2655  	 	 3.0413 	 0.2518  	 	 2.0595 	 0.4777  	 	 3.1081 	 0.2458  	 	 3.2112 	 0.2315
[2024/05/18 11:21:44] - 48 		 986.1 	 	 209.2 	 	 0.1000  		 2.0757 	 0.5009 	 	 2.9592  	 0.2675  	 	 3.0353 	 0.2531  	 	 2.0996 	 0.4793  	 	 3.0721 	 0.2583  	 	 3.1617 	 0.2415
[2024/05/18 11:41:37] - 49 		 983.2 	 	 209.8 	 	 0.1000  		 2.0637 	 0.5041 	 	 2.9495  	 0.2685  	 	 3.0260 	 0.2542  	 	 2.0563 	 0.4812  	 	 3.1516 	 0.2448  	 	 3.2591 	 0.2299
[2024/05/18 12:01:30] - 50 		 984.5 	 	 208.8 	 	 0.1000  		 2.0635 	 0.5028 	 	 2.9539  	 0.2666  	 	 3.0309 	 0.2529  	 	 2.0956 	 0.4691  	 	 3.1441 	 0.2441  	 	 3.2427 	 0.2307
[2024/05/18 12:21:25] - 51 		 984.5 	 	 210.2 	 	 0.1000  		 2.0589 	 0.5079 	 	 2.9472  	 0.2702  	 	 3.0239 	 0.2563  	 	 2.0810 	 0.4791  	 	 3.0775 	 0.2512  	 	 3.1736 	 0.2345
[2024/05/18 12:41:22] - 52 		 987.3 	 	 209.8 	 	 0.1000  		 2.0519 	 0.5079 	 	 2.9403  	 0.2696  	 	 3.0173 	 0.2555  	 	 2.0586 	 0.4848  	 	 3.0740 	 0.2600  	 	 3.1713 	 0.2454
[2024/05/18 13:01:16] - 53 		 984.9 	 	 209.2 	 	 0.1000  		 2.0437 	 0.5096 	 	 2.9373  	 0.2703  	 	 3.0147 	 0.2562  	 	 2.1535 	 0.4628  	 	 3.1173 	 0.2526  	 	 3.2056 	 0.2383
[2024/05/18 13:21:06] - 54 		 982.9 	 	 206.7 	 	 0.1000  		 2.0425 	 0.5097 	 	 2.9352  	 0.2726  	 	 3.0125 	 0.2578  	 	 2.1398 	 0.4735  	 	 3.1245 	 0.2479  	 	 3.2202 	 0.2323
[2024/05/18 13:40:56] - 55 		 980.9 	 	 208.9 	 	 0.1000  		 2.0381 	 0.5108 	 	 2.9343  	 0.2715  	 	 3.0121 	 0.2565  	 	 2.1437 	 0.4690  	 	 3.0951 	 0.2595  	 	 3.1809 	 0.2434
[2024/05/18 14:00:52] - 56 		 986.2 	 	 209.4 	 	 0.1000  		 2.0255 	 0.5132 	 	 2.9236  	 0.2743  	 	 3.0018 	 0.2591  	 	 2.0613 	 0.4743  	 	 3.1683 	 0.2383  	 	 3.2790 	 0.2231
[2024/05/18 14:20:46] - 57 		 984.8 	 	 209.5 	 	 0.1000  		 2.0293 	 0.5114 	 	 2.9269  	 0.2731  	 	 3.0052 	 0.2588  	 	 2.0468 	 0.4880  	 	 3.1621 	 0.2467  	 	 3.2719 	 0.2294
[2024/05/18 14:40:41] - 58 		 984.8 	 	 209.6 	 	 0.1000  		 2.0181 	 0.5164 	 	 2.9196  	 0.2758  	 	 2.9980 	 0.2611  	 	 2.0330 	 0.4800  	 	 3.1418 	 0.2497  	 	 3.2521 	 0.2305
[2024/05/18 15:00:36] - 59 		 985.4 	 	 209.9 	 	 0.1000  		 2.0118 	 0.5175 	 	 2.9135  	 0.2754  	 	 2.9919 	 0.2597  	 	 2.0634 	 0.4871  	 	 3.0486 	 0.2601  	 	 3.1435 	 0.2461
[2024/05/18 15:20:31] - 60 		 985.5 	 	 209.6 	 	 0.1000  		 2.0092 	 0.5168 	 	 2.9122  	 0.2765  	 	 2.9912 	 0.2612  	 	 1.9900 	 0.5033  	 	 3.0772 	 0.2566  	 	 3.1860 	 0.2417
[2024/05/18 15:40:26] - 61 		 985.2 	 	 209.6 	 	 0.1000  		 2.0067 	 0.5179 	 	 2.9120  	 0.2752  	 	 2.9911 	 0.2598  	 	 2.0719 	 0.4734  	 	 3.1317 	 0.2559  	 	 3.2375 	 0.2393
[2024/05/18 16:00:21] - 62 		 985.2 	 	 209.3 	 	 0.1000  		 2.0037 	 0.5186 	 	 2.9063  	 0.2753  	 	 2.9853 	 0.2609  	 	 2.1469 	 0.4709  	 	 3.0552 	 0.2600  	 	 3.1374 	 0.2445
[2024/05/18 16:20:16] - 63 		 985.1 	 	 209.7 	 	 0.1000  		 2.0000 	 0.5191 	 	 2.9049  	 0.2758  	 	 2.9842 	 0.2605  	 	 2.0209 	 0.4887  	 	 3.1360 	 0.2461  	 	 3.2447 	 0.2330
[2024/05/18 16:40:10] - 64 		 984.7 	 	 209.4 	 	 0.1000  		 1.9935 	 0.5229 	 	 2.9005  	 0.2767  	 	 2.9801 	 0.2614  	 	 2.0740 	 0.4690  	 	 3.1116 	 0.2517  	 	 3.2113 	 0.2366
[2024/05/18 17:00:06] - 65 		 985.6 	 	 209.7 	 	 0.1000  		 1.9999 	 0.5224 	 	 2.9056  	 0.2761  	 	 2.9848 	 0.2607  	 	 2.0510 	 0.4824  	 	 3.1563 	 0.2442  	 	 3.2664 	 0.2288
[2024/05/18 17:20:01] - 66 		 985.7 	 	 209.6 	 	 0.1000  		 1.9875 	 0.5231 	 	 2.8956  	 0.2795  	 	 2.9753 	 0.2640  	 	 2.0342 	 0.4855  	 	 3.0580 	 0.2577  	 	 3.1584 	 0.2411
[2024/05/18 17:39:56] - 67 		 985.8 	 	 209.5 	 	 0.1000  		 1.9865 	 0.5244 	 	 2.8976  	 0.2769  	 	 2.9776 	 0.2615  	 	 2.0991 	 0.4734  	 	 3.1876 	 0.2392  	 	 3.2956 	 0.2212
[2024/05/18 17:59:50] - 68 		 984.6 	 	 209.3 	 	 0.1000  		 1.9819 	 0.5237 	 	 2.8896  	 0.2791  	 	 2.9695 	 0.2647  	 	 2.0344 	 0.4877  	 	 3.0909 	 0.2530  	 	 3.1926 	 0.2366
[2024/05/18 18:19:45] - 69 		 985.2 	 	 209.4 	 	 0.1000  		 1.9752 	 0.5259 	 	 2.8895  	 0.2789  	 	 2.9700 	 0.2651  	 	 2.0915 	 0.4761  	 	 3.1654 	 0.2436  	 	 3.2687 	 0.2279
[2024/05/18 18:39:39] - 70 		 985.2 	 	 209.2 	 	 0.1000  		 1.9781 	 0.5244 	 	 2.8896  	 0.2814  	 	 2.9697 	 0.2666  	 	 2.0265 	 0.4864  	 	 3.1041 	 0.2562  	 	 3.2097 	 0.2377
[2024/05/18 18:59:35] - 71 		 985.5 	 	 209.9 	 	 0.1000  		 1.9754 	 0.5241 	 	 2.8909  	 0.2787  	 	 2.9714 	 0.2640  	 	 2.0441 	 0.4932  	 	 3.0894 	 0.2583  	 	 3.1921 	 0.2416
[2024/05/18 19:19:30] - 72 		 985.6 	 	 209.5 	 	 0.1000  		 1.9774 	 0.5225 	 	 2.8873  	 0.2769  	 	 2.9674 	 0.2630  	 	 1.9955 	 0.4843  	 	 3.1456 	 0.2386  	 	 3.2629 	 0.2239
[2024/05/18 19:39:25] - 73 		 985.3 	 	 209.5 	 	 0.1000  		 1.9624 	 0.5285 	 	 2.8782  	 0.2804  	 	 2.9590 	 0.2651  	 	 2.0032 	 0.4929  	 	 3.0678 	 0.2565  	 	 3.1728 	 0.2400
[2024/05/18 19:59:19] - 74 		 984.6 	 	 209.5 	 	 0.1000  		 1.9581 	 0.5303 	 	 2.8743  	 0.2824  	 	 2.9551 	 0.2668  	 	 2.0294 	 0.4886  	 	 3.0907 	 0.2529  	 	 3.1964 	 0.2388
[2024/05/18 20:19:13] - 75 		 984.7 	 	 209.5 	 	 0.1000  		 1.9559 	 0.5311 	 	 2.8700  	 0.2832  	 	 2.9506 	 0.2681  	 	 1.9808 	 0.5011  	 	 3.0610 	 0.2574  	 	 3.1664 	 0.2422
[2024/05/18 20:39:08] - 76 		 985.0 	 	 209.6 	 	 0.1000  		 1.9602 	 0.5293 	 	 2.8753  	 0.2830  	 	 2.9561 	 0.2676  	 	 2.0142 	 0.4970  	 	 3.0793 	 0.2548  	 	 3.1828 	 0.2371
[2024/05/18 20:59:03] - 77 		 985.5 	 	 209.9 	 	 0.1000  		 1.9559 	 0.5320 	 	 2.8727  	 0.2803  	 	 2.9538 	 0.2650  	 	 2.0968 	 0.4789  	 	 3.1278 	 0.2498  	 	 3.2238 	 0.2342
[2024/05/18 21:18:58] - 78 		 985.0 	 	 209.4 	 	 0.1000  		 1.9554 	 0.5311 	 	 2.8755  	 0.2821  	 	 2.9566 	 0.2652  	 	 2.1711 	 0.4557  	 	 3.1776 	 0.2450  	 	 3.2722 	 0.2322
[2024/05/18 21:38:52] - 79 		 984.6 	 	 209.4 	 	 0.1000  		 1.9575 	 0.5318 	 	 2.8758  	 0.2818  	 	 2.9568 	 0.2668  	 	 2.0552 	 0.4832  	 	 3.1743 	 0.2382  	 	 3.2901 	 0.2217
[2024/05/18 21:58:46] - 80 		 984.8 	 	 209.3 	 	 0.1000  		 1.9454 	 0.5338 	 	 2.8639  	 0.2854  	 	 2.9452 	 0.2688  	 	 1.9773 	 0.5027  	 	 3.0260 	 0.2601  	 	 3.1282 	 0.2431
[2024/05/18 22:18:40] - 81 		 984.8 	 	 209.2 	 	 0.1000  		 1.9460 	 0.5323 	 	 2.8652  	 0.2816  	 	 2.9465 	 0.2661  	 	 2.0186 	 0.4861  	 	 3.0975 	 0.2591  	 	 3.2029 	 0.2443
[2024/05/18 22:38:35] - 82 		 985.9 	 	 209.2 	 	 0.1000  		 1.9430 	 0.5326 	 	 2.8629  	 0.2852  	 	 2.9442 	 0.2693  	 	 2.0267 	 0.4954  	 	 3.1095 	 0.2594  	 	 3.2147 	 0.2412
[2024/05/18 22:58:30] - 83 		 984.6 	 	 209.7 	 	 0.1000  		 1.9368 	 0.5359 	 	 2.8582  	 0.2860  	 	 2.9401 	 0.2704  	 	 2.0326 	 0.4792  	 	 3.1689 	 0.2405  	 	 3.2806 	 0.2239
[2024/05/18 23:18:24] - 84 		 984.8 	 	 209.9 	 	 0.1000  		 1.9438 	 0.5342 	 	 2.8640  	 0.2844  	 	 2.9453 	 0.2696  	 	 1.9665 	 0.4954  	 	 3.1270 	 0.2461  	 	 3.2439 	 0.2285
[2024/05/18 23:38:20] - 85 		 985.8 	 	 209.5 	 	 0.1000  		 1.9321 	 0.5375 	 	 2.8539  	 0.2846  	 	 2.9355 	 0.2694  	 	 2.0140 	 0.4904  	 	 3.1296 	 0.2537  	 	 3.2406 	 0.2352
[2024/05/18 23:58:14] - 86 		 985.1 	 	 209.3 	 	 0.1000  		 1.9338 	 0.5374 	 	 2.8563  	 0.2847  	 	 2.9379 	 0.2688  	 	 1.9675 	 0.4948  	 	 3.0850 	 0.2553  	 	 3.1983 	 0.2370
[2024/05/19 00:18:09] - 87 		 985.5 	 	 209.3 	 	 0.1000  		 1.9326 	 0.5339 	 	 2.8563  	 0.2860  	 	 2.9384 	 0.2709  	 	 2.0049 	 0.4888  	 	 3.1185 	 0.2540  	 	 3.2270 	 0.2377
[2024/05/19 00:38:03] - 88 		 985.1 	 	 209.2 	 	 0.1000  		 1.9238 	 0.5386 	 	 2.8478  	 0.2857  	 	 2.9300 	 0.2706  	 	 2.0614 	 0.4807  	 	 3.0950 	 0.2520  	 	 3.1936 	 0.2382
[2024/05/19 00:57:58] - 89 		 985.6 	 	 209.6 	 	 0.1000  		 1.9273 	 0.5371 	 	 2.8518  	 0.2865  	 	 2.9342 	 0.2709  	 	 2.0241 	 0.4863  	 	 3.1271 	 0.2577  	 	 3.2380 	 0.2411
[2024/05/19 01:17:54] - 90 		 985.5 	 	 209.9 	 	 0.1000  		 1.9226 	 0.5388 	 	 2.8464  	 0.2878  	 	 2.9285 	 0.2719  	 	 1.9752 	 0.4966  	 	 3.1012 	 0.2527  	 	 3.2137 	 0.2348
[2024/05/19 01:37:49] - 91 		 985.2 	 	 209.7 	 	 0.1000  		 1.9237 	 0.5402 	 	 2.8496  	 0.2897  	 	 2.9321 	 0.2743  	 	 2.0599 	 0.4782  	 	 3.0937 	 0.2532  	 	 3.1930 	 0.2395
[2024/05/19 01:57:42] - 92 		 984.5 	 	 209.1 	 	 0.1000  		 1.9232 	 0.5393 	 	 2.8473  	 0.2881  	 	 2.9296 	 0.2728  	 	 1.9990 	 0.4939  	 	 3.1097 	 0.2489  	 	 3.2220 	 0.2331
[2024/05/19 02:17:38] - 93 		 985.3 	 	 210.2 	 	 0.1000  		 1.9179 	 0.5403 	 	 2.8459  	 0.2884  	 	 2.9283 	 0.2728  	 	 1.9952 	 0.4900  	 	 3.1775 	 0.2416  	 	 3.2953 	 0.2246
[2024/05/19 02:37:33] - 94 		 985.1 	 	 210.1 	 	 0.1000  		 1.9236 	 0.5413 	 	 2.8529  	 0.2847  	 	 2.9353 	 0.2692  	 	 2.0171 	 0.4927  	 	 3.0691 	 0.2608  	 	 3.1745 	 0.2470
[2024/05/19 02:57:27] - 95 		 984.5 	 	 209.4 	 	 0.1000  		 1.9183 	 0.5417 	 	 2.8447  	 0.2880  	 	 2.9272 	 0.2725  	 	 1.9550 	 0.5065  	 	 3.0431 	 0.2610  	 	 3.1527 	 0.2424
[2024/05/19 03:17:21] - 96 		 984.2 	 	 209.3 	 	 0.1000  		 1.9078 	 0.5417 	 	 2.8380  	 0.2890  	 	 2.9211 	 0.2730  	 	 2.0149 	 0.4913  	 	 3.1017 	 0.2534  	 	 3.2083 	 0.2385
[2024/05/19 03:37:14] - 97 		 984.4 	 	 209.4 	 	 0.1000  		 1.9077 	 0.5427 	 	 2.8370  	 0.2888  	 	 2.9199 	 0.2729  	 	 2.0024 	 0.4927  	 	 3.1027 	 0.2481  	 	 3.2095 	 0.2323
[2024/05/19 03:57:08] - 98 		 984.5 	 	 209.2 	 	 0.1000  		 1.9100 	 0.5434 	 	 2.8393  	 0.2874  	 	 2.9221 	 0.2718  	 	 2.0064 	 0.5022  	 	 3.0203 	 0.2676  	 	 3.1171 	 0.2519
[2024/05/19 04:17:03] - 99 		 984.9 	 	 209.8 	 	 0.0100  		 1.9036 	 0.5435 	 	 2.8326  	 0.2919  	 	 2.9155 	 0.2765  	 	 2.0148 	 0.4935  	 	 3.1280 	 0.2486  	 	 3.2391 	 0.2333
[2024/05/19 04:36:58] - 100 		 985.3 	 	 209.3 	 	 0.0100  		 1.4850 	 0.6630 	 	 2.3410  	 0.3971  	 	 2.4237 	 0.3771  	 	 1.5967 	 0.5853  	 	 2.8529 	 0.3044  	 	 2.9940 	 0.2856
[2024/05/19 04:56:51] - 101 		 984.2 	 	 209.6 	 	 0.0100  		 1.2781 	 0.7089 	 	 2.1476  	 0.4338  	 	 2.2365 	 0.4108  	 	 1.5496 	 0.5973  	 	 2.8259 	 0.3110  	 	 2.9663 	 0.2888
[2024/05/19 05:16:46] - 102 		 984.8 	 	 209.8 	 	 0.0100  		 1.1773 	 0.7342 	 	 2.0510  	 0.4520  	 	 2.1435 	 0.4278  	 	 1.6017 	 0.5880  	 	 2.8240 	 0.3164  	 	 2.9528 	 0.2967
[2024/05/19 05:36:37] - 103 		 983.3 	 	 207.3 	 	 0.0100  		 1.0983 	 0.7546 	 	 1.9723  	 0.4677  	 	 2.0677 	 0.4428  	 	 1.5544 	 0.5937  	 	 2.8233 	 0.3159  	 	 2.9609 	 0.2950
[2024/05/19 05:56:22] - 104 		 978.3 	 	 207.3 	 	 0.0100  		 1.0360 	 0.7700 	 	 1.9087  	 0.4809  	 	 2.0061 	 0.4564  	 	 1.5588 	 0.5953  	 	 2.9312 	 0.3025  	 	 3.0824 	 0.2804
[2024/05/19 06:16:06] - 105 		 976.8 	 	 207.0 	 	 0.0100  		 0.9765 	 0.7841 	 	 1.8517  	 0.4949  	 	 1.9517 	 0.4679  	 	 1.5311 	 0.5975  	 	 3.0124 	 0.2997  	 	 3.1842 	 0.2764
[2024/05/19 06:35:48] - 106 		 975.0 	 	 206.6 	 	 0.0100  		 0.9189 	 0.8014 	 	 1.7962  	 0.5055  	 	 1.8994 	 0.4787  	 	 1.5348 	 0.6006  	 	 2.9690 	 0.3015  	 	 3.1316 	 0.2772
[2024/05/19 06:55:29] - 107 		 974.7 	 	 206.8 	 	 0.0100  		 0.8638 	 0.8156 	 	 1.7386  	 0.5183  	 	 1.8442 	 0.4880  	 	 1.5416 	 0.5951  	 	 3.0117 	 0.2958  	 	 3.1784 	 0.2744
[2024/05/19 07:15:11] - 108 		 975.0 	 	 207.0 	 	 0.0100  		 0.8211 	 0.8282 	 	 1.6972  	 0.5270  	 	 1.8051 	 0.4953  	 	 1.5819 	 0.5843  	 	 3.1378 	 0.2859  	 	 3.3158 	 0.2630
[2024/05/19 07:34:52] - 109 		 974.3 	 	 206.8 	 	 0.0100  		 0.7792 	 0.8370 	 	 1.6533  	 0.5360  	 	 1.7633 	 0.5036  	 	 1.5632 	 0.5907  	 	 3.0889 	 0.2859  	 	 3.2620 	 0.2642
[2024/05/19 07:54:36] - 110 		 976.3 	 	 207.5 	 	 0.0100  		 0.7392 	 0.8474 	 	 1.6140  	 0.5443  	 	 1.7259 	 0.5114  	 	 1.5737 	 0.5922  	 	 3.1688 	 0.2831  	 	 3.3481 	 0.2594
[2024/05/19 08:14:17] - 111 		 974.0 	 	 206.9 	 	 0.0100  		 0.6978 	 0.8587 	 	 1.5694  	 0.5558  	 	 1.6830 	 0.5210  	 	 1.5850 	 0.5872  	 	 3.0873 	 0.2901  	 	 3.2585 	 0.2668
[2024/05/19 08:33:59] - 112 		 975.0 	 	 206.9 	 	 0.0100  		 0.6685 	 0.8649 	 	 1.5404  	 0.5612  	 	 1.6558 	 0.5273  	 	 1.5886 	 0.5879  	 	 3.2676 	 0.2764  	 	 3.4628 	 0.2535
[2024/05/19 08:53:41] - 113 		 974.6 	 	 207.0 	 	 0.0100  		 0.6332 	 0.8734 	 	 1.4962  	 0.5742  	 	 1.6123 	 0.5384  	 	 1.5614 	 0.5893  	 	 3.2843 	 0.2764  	 	 3.4866 	 0.2551
[2024/05/19 09:13:22] - 114 		 974.5 	 	 206.6 	 	 0.0100  		 0.6044 	 0.8816 	 	 1.4751  	 0.5749  	 	 1.5943 	 0.5377  	 	 1.5819 	 0.5920  	 	 3.3227 	 0.2724  	 	 3.5272 	 0.2499
[2024/05/19 09:33:03] - 115 		 975.1 	 	 206.5 	 	 0.0100  		 0.5774 	 0.8879 	 	 1.4417  	 0.5836  	 	 1.5618 	 0.5464  	 	 1.6106 	 0.5779  	 	 3.3515 	 0.2740  	 	 3.5533 	 0.2514
[2024/05/19 09:52:45] - 116 		 974.7 	 	 207.0 	 	 0.0100  		 0.5528 	 0.8951 	 	 1.4148  	 0.5902  	 	 1.5356 	 0.5517  	 	 1.6224 	 0.5773  	 	 3.4374 	 0.2671  	 	 3.6493 	 0.2446
[2024/05/19 10:12:27] - 117 		 974.5 	 	 207.1 	 	 0.0100  		 0.5323 	 0.8994 	 	 1.3953  	 0.5952  	 	 1.5181 	 0.5578  	 	 1.6443 	 0.5749  	 	 3.5140 	 0.2619  	 	 3.7336 	 0.2414
[2024/05/19 10:32:08] - 118 		 974.3 	 	 207.4 	 	 0.0100  		 0.5099 	 0.9051 	 	 1.3704  	 0.5989  	 	 1.4942 	 0.5599  	 	 1.6286 	 0.5776  	 	 3.3452 	 0.2717  	 	 3.5409 	 0.2490
[2024/05/19 10:51:50] - 119 		 974.3 	 	 207.2 	 	 0.0100  		 0.4855 	 0.9104 	 	 1.3363  	 0.6101  	 	 1.4604 	 0.5691  	 	 1.6401 	 0.5725  	 	 3.4905 	 0.2616  	 	 3.7054 	 0.2400
[2024/05/19 11:11:31] - 120 		 975.0 	 	 206.2 	 	 0.0100  		 0.4651 	 0.9163 	 	 1.3118  	 0.6144  	 	 1.4371 	 0.5734  	 	 1.6767 	 0.5747  	 	 3.4301 	 0.2688  	 	 3.6303 	 0.2469
[2024/05/19 11:31:12] - 121 		 974.3 	 	 206.3 	 	 0.0100  		 0.4463 	 0.9200 	 	 1.2945  	 0.6178  	 	 1.4211 	 0.5757  	 	 1.6910 	 0.5670  	 	 3.6760 	 0.2534  	 	 3.9059 	 0.2328
[2024/05/19 11:50:53] - 122 		 974.1 	 	 206.7 	 	 0.0100  		 0.4244 	 0.9256 	 	 1.2617  	 0.6270  	 	 1.3880 	 0.5853  	 	 1.6654 	 0.5722  	 	 3.6292 	 0.2606  	 	 3.8583 	 0.2390
[2024/05/19 12:10:33] - 123 		 974.0 	 	 206.6 	 	 0.0100  		 0.4070 	 0.9271 	 	 1.2366  	 0.6318  	 	 1.3637 	 0.5902  	 	 1.6765 	 0.5713  	 	 3.7131 	 0.2613  	 	 3.9561 	 0.2379
[2024/05/19 12:30:15] - 124 		 974.4 	 	 206.9 	 	 0.0100  		 0.3894 	 0.9322 	 	 1.2167  	 0.6368  	 	 1.3448 	 0.5948  	 	 1.6936 	 0.5615  	 	 3.6625 	 0.2521  	 	 3.8885 	 0.2313
[2024/05/19 12:49:56] - 125 		 974.4 	 	 206.8 	 	 0.0100  		 0.3751 	 0.9357 	 	 1.1997  	 0.6410  	 	 1.3284 	 0.5985  	 	 1.7053 	 0.5628  	 	 3.7082 	 0.2535  	 	 3.9430 	 0.2312
[2024/05/19 13:09:37] - 126 		 974.2 	 	 206.9 	 	 0.0100  		 0.3589 	 0.9395 	 	 1.1761  	 0.6440  	 	 1.3049 	 0.6031  	 	 1.7270 	 0.5596  	 	 3.7233 	 0.2563  	 	 3.9543 	 0.2351
[2024/05/19 13:29:19] - 127 		 974.9 	 	 206.5 	 	 0.0100  		 0.3477 	 0.9415 	 	 1.1609  	 0.6500  	 	 1.2903 	 0.6076  	 	 1.6821 	 0.5716  	 	 3.7100 	 0.2569  	 	 3.9483 	 0.2356
[2024/05/19 13:49:01] - 128 		 975.7 	 	 206.6 	 	 0.0100  		 0.3331 	 0.9459 	 	 1.1404  	 0.6565  	 	 1.2709 	 0.6123  	 	 1.7123 	 0.5631  	 	 3.7568 	 0.2509  	 	 3.9956 	 0.2271
[2024/05/19 14:08:43] - 129 		 974.7 	 	 206.9 	 	 0.0100  		 0.3141 	 0.9502 	 	 1.1043  	 0.6638  	 	 1.2331 	 0.6215  	 	 1.7475 	 0.5603  	 	 3.7544 	 0.2509  	 	 3.9848 	 0.2295
[2024/05/19 14:28:25] - 130 		 975.0 	 	 206.9 	 	 0.0100  		 0.3063 	 0.9516 	 	 1.0988  	 0.6660  	 	 1.2289 	 0.6219  	 	 1.6480 	 0.5761  	 	 3.7403 	 0.2559  	 	 3.9965 	 0.2336
[2024/05/19 14:48:07] - 131 		 975.0 	 	 206.9 	 	 0.0100  		 0.2958 	 0.9530 	 	 1.0869  	 0.6726  	 	 1.2177 	 0.6263  	 	 1.7263 	 0.5655  	 	 3.9267 	 0.2505  	 	 4.1886 	 0.2280
[2024/05/19 15:07:48] - 132 		 974.8 	 	 206.8 	 	 0.0100  		 0.2831 	 0.9565 	 	 1.0565  	 0.6786  	 	 1.1864 	 0.6348  	 	 1.6934 	 0.5745  	 	 3.9007 	 0.2510  	 	 4.1675 	 0.2290
[2024/05/19 15:27:31] - 133 		 975.5 	 	 206.8 	 	 0.0100  		 0.2697 	 0.9584 	 	 1.0359  	 0.6837  	 	 1.1662 	 0.6390  	 	 1.7062 	 0.5687  	 	 3.9741 	 0.2411  	 	 4.2485 	 0.2165
[2024/05/19 15:47:14] - 134 		 975.8 	 	 207.1 	 	 0.0100  		 0.2612 	 0.9590 	 	 1.0266  	 0.6852  	 	 1.1578 	 0.6402  	 	 1.6858 	 0.5710  	 	 3.8436 	 0.2501  	 	 4.1023 	 0.2294
[2024/05/19 16:06:56] - 135 		 975.3 	 	 207.2 	 	 0.0100  		 0.2523 	 0.9613 	 	 1.0130  	 0.6910  	 	 1.1438 	 0.6455  	 	 1.6499 	 0.5782  	 	 3.7414 	 0.2517  	 	 3.9927 	 0.2288
[2024/05/19 16:26:38] - 136 		 975.3 	 	 207.1 	 	 0.0100  		 0.2378 	 0.9640 	 	 0.9825  	 0.6987  	 	 1.1130 	 0.6533  	 	 1.7843 	 0.5589  	 	 4.0114 	 0.2453  	 	 4.2712 	 0.2243
[2024/05/19 16:46:24] - 137 		 977.8 	 	 208.0 	 	 0.0100  		 0.2343 	 0.9656 	 	 0.9816  	 0.6976  	 	 1.1128 	 0.6523  	 	 1.7056 	 0.5639  	 	 3.8720 	 0.2546  	 	 4.1302 	 0.2312
[2024/05/19 17:06:13] - 138 		 980.2 	 	 208.1 	 	 0.0100  		 0.2220 	 0.9673 	 	 0.9536  	 0.7085  	 	 1.0832 	 0.6625  	 	 1.7228 	 0.5657  	 	 4.1234 	 0.2440  	 	 4.4151 	 0.2189
[2024/05/19 17:26:01] - 139 		 980.2 	 	 207.9 	 	 0.0100  		 0.2138 	 0.9684 	 	 0.9389  	 0.7090  	 	 1.0689 	 0.6642  	 	 1.7557 	 0.5594  	 	 3.9556 	 0.2474  	 	 4.2115 	 0.2251
[2024/05/19 17:45:49] - 140 		 980.6 	 	 207.9 	 	 0.0100  		 0.2061 	 0.9699 	 	 0.9267  	 0.7126  	 	 1.0575 	 0.6667  	 	 1.7292 	 0.5638  	 	 3.9800 	 0.2485  	 	 4.2503 	 0.2238
[2024/05/19 18:05:37] - 141 		 980.2 	 	 207.8 	 	 0.0100  		 0.2003 	 0.9707 	 	 0.9188  	 0.7153  	 	 1.0503 	 0.6680  	 	 1.7804 	 0.5552  	 	 3.9413 	 0.2485  	 	 4.1916 	 0.2281
[2024/05/19 18:25:26] - 142 		 980.3 	 	 208.2 	 	 0.0100  		 0.1926 	 0.9719 	 	 0.8982  	 0.7204  	 	 1.0289 	 0.6739  	 	 1.7596 	 0.5642  	 	 3.9399 	 0.2489  	 	 4.1963 	 0.2254
[2024/05/19 18:45:16] - 143 		 982.0 	 	 207.8 	 	 0.0100  		 0.1846 	 0.9732 	 	 0.8805  	 0.7278  	 	 1.0114 	 0.6800  	 	 1.7123 	 0.5687  	 	 4.1975 	 0.2456  	 	 4.5027 	 0.2237
[2024/05/19 19:05:04] - 144 		 980.2 	 	 208.2 	 	 0.0100  		 0.1805 	 0.9752 	 	 0.8763  	 0.7260  	 	 1.0067 	 0.6797  	 	 1.7708 	 0.5605  	 	 3.9860 	 0.2444  	 	 4.2478 	 0.2229
[2024/05/19 19:24:50] - 145 		 978.0 	 	 207.8 	 	 0.0100  		 0.1756 	 0.9753 	 	 0.8653  	 0.7295  	 	 0.9958 	 0.6822  	 	 1.7805 	 0.5577  	 	 3.9770 	 0.2417  	 	 4.2354 	 0.2207
[2024/05/19 19:44:37] - 146 		 978.7 	 	 207.7 	 	 0.0100  		 0.1706 	 0.9763 	 	 0.8557  	 0.7337  	 	 0.9856 	 0.6872  	 	 1.7683 	 0.5602  	 	 4.0928 	 0.2467  	 	 4.3714 	 0.2235
[2024/05/19 20:04:24] - 147 		 979.0 	 	 207.9 	 	 0.0100  		 0.1650 	 0.9778 	 	 0.8460  	 0.7357  	 	 0.9754 	 0.6911  	 	 1.7667 	 0.5646  	 	 4.1469 	 0.2408  	 	 4.4326 	 0.2156
[2024/05/19 20:24:09] - 148 		 978.0 	 	 207.9 	 	 0.0100  		 0.1585 	 0.9783 	 	 0.8244  	 0.7429  	 	 0.9533 	 0.6970  	 	 1.7667 	 0.5631  	 	 4.0934 	 0.2469  	 	 4.3748 	 0.2269
[2024/05/19 20:43:55] - 149 		 978.3 	 	 207.7 	 	 0.0010  		 0.1553 	 0.9786 	 	 0.8248  	 0.7410  	 	 0.9548 	 0.6939  	 	 1.8015 	 0.5487  	 	 4.1413 	 0.2353  	 	 4.4196 	 0.2154
[2024/05/19 21:03:42] - 150 		 979.1 	 	 207.7 	 	 0.0010  		 0.0957 	 0.9880 	 	 0.5127  	 0.8539  	 	 0.6049 	 0.8167  	 	 1.6829 	 0.5775  	 	 3.9433 	 0.2620  	 	 4.2147 	 0.2417
[2024/05/19 21:23:29] - 151 		 978.6 	 	 207.7 	 	 0.0010  		 0.0713 	 0.9906 	 	 0.3932  	 0.8895  	 	 0.4705 	 0.8587  	 	 1.6416 	 0.5889  	 	 3.9778 	 0.2657  	 	 4.2617 	 0.2446
[2024/05/19 21:43:16] - 152 		 979.6 	 	 207.4 	 	 0.0010  		 0.0631 	 0.9915 	 	 0.3512  	 0.9025  	 	 0.4234 	 0.8738  	 	 1.6990 	 0.5741  	 	 4.1956 	 0.2607  	 	 4.5015 	 0.2381
[2024/05/19 22:03:02] - 153 		 979.0 	 	 207.7 	 	 0.0010  		 0.0573 	 0.9927 	 	 0.3293  	 0.9088  	 	 0.3992 	 0.8811  	 	 1.6549 	 0.5844  	 	 3.9528 	 0.2672  	 	 4.2307 	 0.2454
[2024/05/19 22:22:49] - 154 		 978.9 	 	 208.1 	 	 0.0010  		 0.0535 	 0.9929 	 	 0.3096  	 0.9134  	 	 0.3774 	 0.8887  	 	 1.7240 	 0.5665  	 	 3.9903 	 0.2653  	 	 4.2606 	 0.2444
[2024/05/19 22:42:37] - 155 		 979.7 	 	 207.9 	 	 0.0010  		 0.0506 	 0.9929 	 	 0.2955  	 0.9180  	 	 0.3616 	 0.8927  	 	 1.7193 	 0.5786  	 	 4.1203 	 0.2645  	 	 4.4104 	 0.2430
[2024/05/19 23:02:25] - 156 		 979.6 	 	 208.3 	 	 0.0010  		 0.0475 	 0.9937 	 	 0.2838  	 0.9205  	 	 0.3482 	 0.8964  	 	 1.7437 	 0.5728  	 	 4.1437 	 0.2608  	 	 4.4347 	 0.2420
[2024/05/19 23:22:12] - 157 		 979.2 	 	 208.0 	 	 0.0010  		 0.0448 	 0.9941 	 	 0.2718  	 0.9239  	 	 0.3343 	 0.9015  	 	 1.6958 	 0.5798  	 	 4.1547 	 0.2646  	 	 4.4566 	 0.2427
[2024/05/19 23:42:00] - 158 		 979.9 	 	 207.9 	 	 0.0010  		 0.0432 	 0.9939 	 	 0.2633  	 0.9266  	 	 0.3254 	 0.9047  	 	 1.6984 	 0.5808  	 	 4.2195 	 0.2638  	 	 4.5352 	 0.2411
[2024/05/20 00:01:48] - 159 		 979.3 	 	 209.0 	 	 0.0010  		 0.0408 	 0.9947 	 	 0.2550  	 0.9288  	 	 0.3163 	 0.9057  	 	 1.6921 	 0.5816  	 	 4.1116 	 0.2622  	 	 4.4077 	 0.2397
[2024/05/20 00:21:35] - 160 		 979.1 	 	 207.7 	 	 0.0010  		 0.0396 	 0.9944 	 	 0.2485  	 0.9309  	 	 0.3087 	 0.9089  	 	 1.6936 	 0.5755  	 	 4.1394 	 0.2628  	 	 4.4378 	 0.2438
[2024/05/20 00:41:22] - 161 		 979.6 	 	 207.4 	 	 0.0010  		 0.0375 	 0.9948 	 	 0.2427  	 0.9333  	 	 0.3028 	 0.9099  	 	 1.6624 	 0.5804  	 	 4.0614 	 0.2644  	 	 4.3569 	 0.2441
[2024/05/20 01:01:08] - 162 		 979.0 	 	 206.9 	 	 0.0010  		 0.0362 	 0.9953 	 	 0.2344  	 0.9349  	 	 0.2933 	 0.9133  	 	 1.7253 	 0.5752  	 	 4.1766 	 0.2649  	 	 4.4754 	 0.2441
[2024/05/20 01:20:54] - 163 		 979.0 	 	 207.4 	 	 0.0010  		 0.0348 	 0.9952 	 	 0.2301  	 0.9373  	 	 0.2886 	 0.9147  	 	 1.6690 	 0.5820  	 	 3.9953 	 0.2740  	 	 4.2783 	 0.2502
[2024/05/20 01:40:41] - 164 		 979.0 	 	 207.9 	 	 0.0010  		 0.0337 	 0.9955 	 	 0.2255  	 0.9369  	 	 0.2838 	 0.9165  	 	 1.7550 	 0.5653  	 	 4.1190 	 0.2608  	 	 4.3998 	 0.2392
[2024/05/20 02:00:28] - 165 		 978.3 	 	 208.6 	 	 0.0010  		 0.0322 	 0.9956 	 	 0.2179  	 0.9396  	 	 0.2745 	 0.9177  	 	 1.7234 	 0.5756  	 	 4.0610 	 0.2688  	 	 4.3406 	 0.2467
[2024/05/20 02:20:16] - 166 		 979.3 	 	 208.1 	 	 0.0010  		 0.0313 	 0.9956 	 	 0.2154  	 0.9406  	 	 0.2721 	 0.9204  	 	 1.6932 	 0.5782  	 	 4.0659 	 0.2689  	 	 4.3525 	 0.2490
[2024/05/20 02:40:03] - 167 		 979.1 	 	 208.2 	 	 0.0010  		 0.0299 	 0.9964 	 	 0.2105  	 0.9420  	 	 0.2669 	 0.9203  	 	 1.7246 	 0.5759  	 	 4.1349 	 0.2664  	 	 4.4296 	 0.2457
[2024/05/20 02:59:50] - 168 		 978.5 	 	 208.4 	 	 0.0010  		 0.0291 	 0.9961 	 	 0.2058  	 0.9434  	 	 0.2623 	 0.9231  	 	 1.7449 	 0.5681  	 	 4.2373 	 0.2574  	 	 4.5422 	 0.2362
[2024/05/20 03:19:36] - 169 		 978.5 	 	 207.5 	 	 0.0010  		 0.0278 	 0.9967 	 	 0.2005  	 0.9451  	 	 0.2558 	 0.9243  	 	 1.7049 	 0.5807  	 	 4.2329 	 0.2582  	 	 4.5486 	 0.2380
[2024/05/20 03:39:23] - 170 		 979.1 	 	 207.5 	 	 0.0010  		 0.0270 	 0.9962 	 	 0.1957  	 0.9464  	 	 0.2507 	 0.9260  	 	 1.7253 	 0.5746  	 	 4.1770 	 0.2638  	 	 4.4769 	 0.2424
[2024/05/20 03:59:09] - 171 		 979.1 	 	 207.4 	 	 0.0010  		 0.0263 	 0.9966 	 	 0.1931  	 0.9468  	 	 0.2476 	 0.9266  	 	 1.7295 	 0.5709  	 	 4.1449 	 0.2627  	 	 4.4384 	 0.2402
[2024/05/20 04:18:57] - 172 		 979.6 	 	 208.1 	 	 0.0010  		 0.0251 	 0.9967 	 	 0.1893  	 0.9485  	 	 0.2442 	 0.9283  	 	 1.6833 	 0.5830  	 	 4.1264 	 0.2658  	 	 4.4290 	 0.2437
[2024/05/20 04:38:44] - 173 		 978.3 	 	 208.2 	 	 0.0010  		 0.0245 	 0.9969 	 	 0.1878  	 0.9493  	 	 0.2418 	 0.9291  	 	 1.7547 	 0.5702  	 	 4.1624 	 0.2697  	 	 4.4551 	 0.2481
[2024/05/20 04:58:30] - 174 		 978.0 	 	 208.5 	 	 0.0010  		 0.0236 	 0.9970 	 	 0.1831  	 0.9506  	 	 0.2372 	 0.9303  	 	 1.6950 	 0.5786  	 	 4.1005 	 0.2671  	 	 4.3965 	 0.2448
[2024/05/20 05:18:17] - 175 		 979.1 	 	 207.9 	 	 0.0010  		 0.0230 	 0.9970 	 	 0.1819  	 0.9498  	 	 0.2356 	 0.9314  	 	 1.7280 	 0.5729  	 	 4.1414 	 0.2660  	 	 4.4375 	 0.2457
[2024/05/20 05:38:02] - 176 		 977.2 	 	 207.4 	 	 0.0010  		 0.0222 	 0.9970 	 	 0.1771  	 0.9509  	 	 0.2303 	 0.9312  	 	 1.7485 	 0.5717  	 	 4.2162 	 0.2675  	 	 4.5155 	 0.2461
[2024/05/20 05:57:47] - 177 		 977.7 	 	 207.1 	 	 0.0010  		 0.0217 	 0.9972 	 	 0.1748  	 0.9524  	 	 0.2281 	 0.9329  	 	 1.8728 	 0.5472  	 	 4.5404 	 0.2188  	 	 4.8635 	 0.1966
[2024/05/20 06:17:31] - 178 		 977.1 	 	 207.1 	 	 0.0010  		 0.0209 	 0.9972 	 	 0.1722  	 0.9540  	 	 0.2246 	 0.9339  	 	 1.6946 	 0.5829  	 	 4.2004 	 0.2613  	 	 4.5124 	 0.2419
[2024/05/20 06:37:16] - 179 		 977.8 	 	 207.2 	 	 0.0010  		 0.0208 	 0.9973 	 	 0.1697  	 0.9536  	 	 0.2216 	 0.9353  	 	 1.7602 	 0.5725  	 	 4.3076 	 0.2619  	 	 4.6218 	 0.2401
[2024/05/20 06:57:01] - 180 		 977.3 	 	 207.5 	 	 0.0010  		 0.0199 	 0.9973 	 	 0.1652  	 0.9550  	 	 0.2166 	 0.9373  	 	 1.7676 	 0.5705  	 	 4.3494 	 0.2542  	 	 4.6675 	 0.2329
[2024/05/20 07:16:46] - 181 		 977.9 	 	 207.5 	 	 0.0010  		 0.0195 	 0.9975 	 	 0.1642  	 0.9556  	 	 0.2153 	 0.9378  	 	 1.7300 	 0.5762  	 	 4.3507 	 0.2593  	 	 4.6778 	 0.2382
[2024/05/20 07:36:31] - 182 		 977.4 	 	 207.6 	 	 0.0010  		 0.0187 	 0.9976 	 	 0.1617  	 0.9557  	 	 0.2125 	 0.9364  	 	 1.6973 	 0.5742  	 	 4.1007 	 0.2636  	 	 4.3970 	 0.2424
[2024/05/20 07:56:16] - 183 		 977.7 	 	 207.5 	 	 0.0010  		 0.0186 	 0.9975 	 	 0.1610  	 0.9562  	 	 0.2127 	 0.9371  	 	 1.7112 	 0.5768  	 	 4.3363 	 0.2572  	 	 4.6647 	 0.2337
[2024/05/20 08:16:02] - 184 		 977.5 	 	 207.5 	 	 0.0010  		 0.0178 	 0.9977 	 	 0.1562  	 0.9585  	 	 0.2063 	 0.9395  	 	 1.6929 	 0.5793  	 	 4.1542 	 0.2623  	 	 4.4605 	 0.2412
[2024/05/20 08:35:47] - 185 		 977.6 	 	 207.7 	 	 0.0010  		 0.0171 	 0.9976 	 	 0.1545  	 0.9590  	 	 0.2050 	 0.9404  	 	 1.7135 	 0.5811  	 	 4.1679 	 0.2631  	 	 4.4725 	 0.2411
[2024/05/20 08:55:30] - 186 		 977.1 	 	 206.3 	 	 0.0010  		 0.0169 	 0.9977 	 	 0.1538  	 0.9582  	 	 0.2041 	 0.9411  	 	 1.7527 	 0.5667  	 	 4.1770 	 0.2632  	 	 4.4728 	 0.2446
[2024/05/20 09:15:11] - 187 		 974.4 	 	 206.4 	 	 0.0010  		 0.0164 	 0.9978 	 	 0.1503  	 0.9593  	 	 0.2001 	 0.9418  	 	 1.7101 	 0.5749  	 	 4.2133 	 0.2625  	 	 4.5224 	 0.2421
[2024/05/20 09:34:53] - 188 		 974.9 	 	 206.7 	 	 0.0010  		 0.0159 	 0.9980 	 	 0.1502  	 0.9592  	 	 0.2014 	 0.9414  	 	 1.7268 	 0.5756  	 	 4.1897 	 0.2645  	 	 4.4927 	 0.2423
[2024/05/20 09:54:35] - 189 		 975.0 	 	 207.1 	 	 0.0010  		 0.0158 	 0.9980 	 	 0.1451  	 0.9617  	 	 0.1946 	 0.9427  	 	 1.7511 	 0.5793  	 	 4.3004 	 0.2579  	 	 4.6154 	 0.2379
[2024/05/20 10:14:17] - 190 		 975.3 	 	 207.1 	 	 0.0010  		 0.0153 	 0.9978 	 	 0.1459  	 0.9611  	 	 0.1954 	 0.9428  	 	 1.7336 	 0.5770  	 	 4.2522 	 0.2658  	 	 4.5635 	 0.2434
[2024/05/20 10:34:00] - 191 		 975.1 	 	 206.9 	 	 0.0010  		 0.0145 	 0.9981 	 	 0.1415  	 0.9627  	 	 0.1903 	 0.9448  	 	 1.7023 	 0.5798  	 	 4.2257 	 0.2650  	 	 4.5401 	 0.2424
[2024/05/20 10:53:43] - 192 		 975.5 	 	 207.4 	 	 0.0010  		 0.0145 	 0.9979 	 	 0.1410  	 0.9627  	 	 0.1895 	 0.9446  	 	 1.7072 	 0.5802  	 	 4.1604 	 0.2664  	 	 4.4627 	 0.2452
[2024/05/20 11:13:25] - 193 		 975.3 	 	 206.7 	 	 0.0010  		 0.0143 	 0.9983 	 	 0.1406  	 0.9627  	 	 0.1888 	 0.9455  	 	 1.7206 	 0.5772  	 	 4.2098 	 0.2622  	 	 4.5184 	 0.2406
[2024/05/20 11:33:07] - 194 		 975.6 	 	 206.7 	 	 0.0010  		 0.0138 	 0.9983 	 	 0.1375  	 0.9640  	 	 0.1859 	 0.9466  	 	 1.7481 	 0.5722  	 	 4.2483 	 0.2653  	 	 4.5556 	 0.2421
[2024/05/20 11:52:50] - 195 		 975.6 	 	 207.1 	 	 0.0010  		 0.0134 	 0.9982 	 	 0.1354  	 0.9649  	 	 0.1830 	 0.9479  	 	 1.7195 	 0.5776  	 	 4.1687 	 0.2655  	 	 4.4726 	 0.2432
[2024/05/20 12:12:33] - 196 		 975.8 	 	 207.0 	 	 0.0010  		 0.0132 	 0.9985 	 	 0.1351  	 0.9643  	 	 0.1827 	 0.9475  	 	 1.7166 	 0.5756  	 	 4.1873 	 0.2612  	 	 4.4919 	 0.2415
[2024/05/20 12:32:16] - 197 		 975.6 	 	 207.3 	 	 0.0010  		 0.0128 	 0.9983 	 	 0.1327  	 0.9659  	 	 0.1796 	 0.9496  	 	 1.7206 	 0.5774  	 	 4.2436 	 0.2625  	 	 4.5572 	 0.2415
[2024/05/20 12:51:59] - 198 		 975.6 	 	 207.2 	 	 0.0010  		 0.0126 	 0.9983 	 	 0.1328  	 0.9643  	 	 0.1809 	 0.9473  	 	 1.7032 	 0.5772  	 	 4.1868 	 0.2690  	 	 4.4948 	 0.2455
[2024/05/20 13:11:42] - 199 		 975.9 	 	 207.4 	 	 0.0010  		 0.0123 	 0.9984 	 	 0.1287  	 0.9668  	 	 0.1760 	 0.9494  	 	 1.7107 	 0.5696  	 	 4.2347 	 0.2613  	 	 4.5504 	 0.2384
[2024/05/20 13:31:26] - 200 		 976.9 	 	 206.8 	 	 0.0010  		 0.0122 	 0.9983 	 	 0.1284  	 0.9666  	 	 0.1750 	 0.9501  	 	 1.7033 	 0.5826  	 	 4.1940 	 0.2624  	 	 4.5057 	 0.2420
