[2024/05/12 05:08:23] - Namespace(Inc_coeff=1, att_method='tanh', attack_iters=10, batch_size=128, beta_init=1000.0, beta_max=100000.0, chkpt_iters=50, dataset='cifar100', epochs=201, epsilon=0.03137254901960784, eq_vol=1, eval_method='sign', lr_chechpoint1=100, lr_chechpoint2=150, lr_max=0.1, lr_schedule='piecewise', manual_step=0, model='WideResNet', momentum=0.9, norm='l_inf', pgd_alpha=2.0, random_init=1, resume=0, seed=1, train_mode='adv_train', tune_period=10, weight_decay=0.0005, width_factor=10)
[2024/05/12 05:08:31] - Epoch 	 Train Time 	 Test Time 	 LR 	 beta 	 	 Train Loss 	 Train Acc 	 Train Adv Loss 	 Train Adv Acc 	 Train Surrogate Loss 	 Train Surrogate Acc 	 Test Loss 	 Test Acc 	 Test Adv Loss 	 Test Adv Acc 	 Test Surrogate Loss 	 Test Surrogate Acc 
[2024/05/12 05:27:37] - 0 		 946.1 	 	 199.6 	 	 0.1000 	 	  1000.0 		 4.0986 	 0.0689 	 	 4.1983  	 0.0582  	 	 4.5159 	 0.0334  	 	 3.7281 	 0.1162  	 	 3.9545 	 0.0857  	 	 4.4142 	 0.0426
[2024/05/12 05:46:36] - 1 		 940.0 	 	 199.6 	 	 0.1000 	 	  1000.0 		 3.5647 	 0.1525 	 	 3.7797  	 0.1183  	 	 4.2908 	 0.0618  	 	 3.3158 	 0.2000  	 	 3.6840 	 0.1451  	 	 4.2639 	 0.0796
[2024/05/12 06:05:36] - 2 		 940.3 	 	 199.5 	 	 0.1000 	 	  1000.0 		 3.2419 	 0.2148 	 	 3.5438  	 0.1596  	 	 4.1385 	 0.0830  	 	 3.1163 	 0.2299  	 	 3.5812 	 0.1599  	 	 4.2152 	 0.0854
[2024/05/12 06:24:36] - 3 		 940.1 	 	 199.6 	 	 0.1000 	 	  1000.0 		 2.9996 	 0.2684 	 	 3.3802  	 0.1909  	 	 4.0336 	 0.0963  	 	 2.9159 	 0.2810  	 	 3.4307 	 0.1911  	 	 4.0854 	 0.1074
[2024/05/12 06:43:36] - 4 		 940.5 	 	 199.3 	 	 0.1000 	 	  1000.0 		 2.8261 	 0.3028 	 	 3.2658  	 0.2106  	 	 3.9581 	 0.1099  	 	 2.6360 	 0.3372  	 	 3.2205 	 0.2297  	 	 3.9251 	 0.1275
[2024/05/12 07:02:36] - 5 		 940.2 	 	 199.6 	 	 0.1000 	 	  1000.0 		 2.6893 	 0.3316 	 	 3.1771  	 0.2248  	 	 3.8980 	 0.1166  	 	 2.5189 	 0.3655  	 	 3.2630 	 0.2229  	 	 4.0191 	 0.1243
[2024/05/12 07:21:35] - 6 		 939.5 	 	 199.4 	 	 0.1000 	 	  1000.0 		 2.5647 	 0.3647 	 	 3.0923  	 0.2448  	 	 3.8359 	 0.1256  	 	 2.3851 	 0.3954  	 	 3.1032 	 0.2489  	 	 3.8577 	 0.1352
[2024/05/12 07:40:34] - 7 		 939.7 	 	 199.5 	 	 0.1000 	 	  1000.0 		 2.4789 	 0.3855 	 	 3.0357  	 0.2557  	 	 3.7949 	 0.1336  	 	 2.3619 	 0.4042  	 	 3.0911 	 0.2602  	 	 3.8446 	 0.1446
[2024/05/12 07:59:32] - 8 		 939.4 	 	 199.1 	 	 0.1000 	 	  1000.0 		 2.4010 	 0.4026 	 	 2.9854  	 0.2641  	 	 3.7568 	 0.1373  	 	 2.2938 	 0.4105  	 	 3.0648 	 0.2586  	 	 3.8361 	 0.1396
[2024/05/12 08:18:30] - 9 		 938.9 	 	 198.2 	 	 0.1000 	 	  1000.0 		 2.3461 	 0.4157 	 	 2.9474  	 0.2699  	 	 3.7270 	 0.1417  	 	 2.3053 	 0.4109  	 	 3.1581 	 0.2529  	 	 3.9546 	 0.1383
[2024/05/12 08:37:27] - 10 		 937.9 	 	 199.1 	 	 0.1000 	 	  1000.0 		 2.2856 	 0.4296 	 	 2.9019  	 0.2822  	 	 3.6902 	 0.1471  	 	 2.1990 	 0.4426  	 	 3.0008 	 0.2753  	 	 3.7744 	 0.1568
[2024/05/12 08:56:25] - 11 		 940.0 	 	 198.9 	 	 0.1000 	 	  1000.0 		 2.2417 	 0.4404 	 	 2.8747  	 0.2888  	 	 3.6709 	 0.1524  	 	 2.1306 	 0.4468  	 	 3.0962 	 0.2717  	 	 3.9137 	 0.1490
[2024/05/12 09:15:19] - 12 		 936.0 	 	 197.5 	 	 0.1000 	 	  1000.0 		 2.2007 	 0.4501 	 	 2.8449  	 0.2927  	 	 3.6441 	 0.1565  	 	 2.0849 	 0.4575  	 	 3.2073 	 0.2591  	 	 4.0888 	 0.1390
[2024/05/12 09:34:14] - 13 		 936.3 	 	 198.7 	 	 0.1000 	 	  1000.0 		 2.1646 	 0.4605 	 	 2.8149  	 0.2993  	 	 3.6181 	 0.1598  	 	 2.0846 	 0.4664  	 	 2.9153 	 0.2924  	 	 3.7114 	 0.1602
[2024/05/12 09:53:12] - 14 		 939.0 	 	 199.3 	 	 0.1000 	 	  1000.0 		 2.1267 	 0.4684 	 	 2.7899  	 0.3034  	 	 3.6006 	 0.1614  	 	 2.1456 	 0.4519  	 	 2.9444 	 0.2883  	 	 3.6969 	 0.1659
[2024/05/12 10:12:09] - 15 		 938.1 	 	 198.7 	 	 0.1000 	 	  1000.0 		 2.0997 	 0.4763 	 	 2.7694  	 0.3075  	 	 3.5843 	 0.1632  	 	 1.9973 	 0.4887  	 	 2.9428 	 0.2964  	 	 3.7760 	 0.1547
[2024/05/12 10:31:08] - 16 		 939.8 	 	 198.8 	 	 0.1000 	 	  1000.0 		 2.0620 	 0.4859 	 	 2.7433  	 0.3128  	 	 3.5607 	 0.1671  	 	 2.0077 	 0.4827  	 	 2.9137 	 0.2993  	 	 3.7093 	 0.1694
[2024/05/12 10:50:04] - 17 		 939.0 	 	 197.3 	 	 0.1000 	 	  1000.0 		 2.0363 	 0.4913 	 	 2.7245  	 0.3172  	 	 3.5470 	 0.1699  	 	 1.9962 	 0.4847  	 	 2.9337 	 0.2970  	 	 3.7309 	 0.1715
[2024/05/12 11:09:02] - 18 		 938.5 	 	 199.1 	 	 0.1000 	 	  1000.0 		 2.0184 	 0.4985 	 	 2.7123  	 0.3196  	 	 3.5386 	 0.1687  	 	 2.0393 	 0.4736  	 	 3.0447 	 0.2872  	 	 3.8736 	 0.1584
[2024/05/12 11:28:01] - 19 		 939.7 	 	 199.3 	 	 0.1000 	 	  1000.0 		 1.9918 	 0.5032 	 	 2.6869  	 0.3261  	 	 3.5142 	 0.1765  	 	 1.9683 	 0.4875  	 	 2.9438 	 0.3013  	 	 3.7794 	 0.1700
[2024/05/12 11:46:54] - 20 		 935.5 	 	 197.9 	 	 0.1000 	 	  1000.0 		 1.9720 	 0.5078 	 	 2.6741  	 0.3295  	 	 3.5044 	 0.1737  	 	 1.9782 	 0.4844  	 	 2.9565 	 0.2990  	 	 3.7771 	 0.1682
[2024/05/12 12:05:48] - 21 		 935.4 	 	 197.7 	 	 0.1000 	 	  1000.0 		 1.9542 	 0.5111 	 	 2.6648  	 0.3302  	 	 3.4985 	 0.1774  	 	 1.9749 	 0.4800  	 	 3.0097 	 0.2851  	 	 3.8548 	 0.1504
[2024/05/12 12:24:41] - 22 		 935.6 	 	 197.8 	 	 0.1000 	 	  1000.0 		 1.9347 	 0.5161 	 	 2.6508  	 0.3300  	 	 3.4885 	 0.1770  	 	 1.9224 	 0.5018  	 	 2.9767 	 0.2999  	 	 3.8121 	 0.1720
[2024/05/12 12:43:34] - 23 		 935.4 	 	 197.8 	 	 0.1000 	 	  1000.0 		 1.9137 	 0.5233 	 	 2.6333  	 0.3357  	 	 3.4726 	 0.1800  	 	 1.9027 	 0.5025  	 	 2.9126 	 0.3038  	 	 3.7577 	 0.1726
[2024/05/12 13:02:28] - 24 		 936.1 	 	 197.4 	 	 0.1000 	 	  1000.0 		 1.9049 	 0.5247 	 	 2.6220  	 0.3400  	 	 3.4602 	 0.1837  	 	 1.9993 	 0.4721  	 	 3.0181 	 0.2944  	 	 3.8447 	 0.1647
[2024/05/12 13:21:21] - 25 		 935.2 	 	 197.7 	 	 0.1000 	 	  1000.0 		 1.8785 	 0.5325 	 	 2.6061  	 0.3427  	 	 3.4508 	 0.1830  	 	 2.0156 	 0.4725  	 	 3.2009 	 0.2652  	 	 4.0915 	 0.1392
[2024/05/12 13:40:14] - 26 		 935.5 	 	 197.9 	 	 0.1000 	 	  1000.0 		 1.8711 	 0.5348 	 	 2.5998  	 0.3448  	 	 3.4425 	 0.1831  	 	 1.8927 	 0.5099  	 	 2.9834 	 0.3038  	 	 3.8461 	 0.1676
[2024/05/12 13:59:06] - 27 		 934.4 	 	 197.7 	 	 0.1000 	 	  1000.0 		 1.8579 	 0.5388 	 	 2.5893  	 0.3446  	 	 3.4358 	 0.1874  	 	 1.8873 	 0.5137  	 	 2.9262 	 0.3110  	 	 3.7736 	 0.1710
[2024/05/12 14:18:00] - 28 		 935.3 	 	 197.9 	 	 0.1000 	 	  1000.0 		 1.8422 	 0.5407 	 	 2.5794  	 0.3486  	 	 3.4277 	 0.1863  	 	 1.8726 	 0.5131  	 	 2.8680 	 0.3119  	 	 3.7024 	 0.1765
[2024/05/12 14:36:53] - 29 		 934.7 	 	 198.7 	 	 0.1000 	 	  1000.0 		 1.8330 	 0.5406 	 	 2.5731  	 0.3481  	 	 3.4229 	 0.1889  	 	 1.8164 	 0.5215  	 	 2.9700 	 0.3031  	 	 3.8644 	 0.1621
[2024/05/12 14:55:48] - 30 		 937.0 	 	 198.3 	 	 0.1000 	 	  1000.0 		 1.8156 	 0.5494 	 	 2.5518  	 0.3538  	 	 3.4027 	 0.1911  	 	 1.8670 	 0.5124  	 	 2.9520 	 0.3040  	 	 3.8148 	 0.1656
[2024/05/12 15:14:46] - 31 		 938.4 	 	 198.7 	 	 0.1000 	 	  1000.0 		 1.8041 	 0.5532 	 	 2.5501  	 0.3513  	 	 3.4041 	 0.1911  	 	 1.8085 	 0.5289  	 	 2.9071 	 0.3154  	 	 3.7618 	 0.1781
[2024/05/12 15:33:42] - 32 		 938.1 	 	 198.5 	 	 0.1000 	 	  1000.0 		 1.8000 	 0.5517 	 	 2.5471  	 0.3540  	 	 3.4027 	 0.1897  	 	 1.8238 	 0.5258  	 	 2.7976 	 0.3222  	 	 3.6235 	 0.1818
[2024/05/12 15:52:40] - 33 		 939.0 	 	 198.7 	 	 0.1000 	 	  1000.0 		 1.7914 	 0.5565 	 	 2.5417  	 0.3572  	 	 3.4002 	 0.1922  	 	 1.8273 	 0.5258  	 	 2.8214 	 0.3195  	 	 3.6531 	 0.1770
[2024/05/12 16:11:37] - 34 		 938.8 	 	 198.7 	 	 0.1000 	 	  1000.0 		 1.7729 	 0.5587 	 	 2.5248  	 0.3599  	 	 3.3832 	 0.1934  	 	 1.8384 	 0.5201  	 	 2.8445 	 0.3136  	 	 3.6736 	 0.1728
[2024/05/12 16:30:35] - 35 		 939.0 	 	 198.8 	 	 0.1000 	 	  1000.0 		 1.7732 	 0.5600 	 	 2.5269  	 0.3577  	 	 3.3857 	 0.1941  	 	 1.7614 	 0.5364  	 	 2.8815 	 0.3226  	 	 3.7465 	 0.1781
[2024/05/12 16:49:33] - 36 		 939.1 	 	 198.9 	 	 0.1000 	 	  1000.0 		 1.7607 	 0.5618 	 	 2.5174  	 0.3597  	 	 3.3785 	 0.1955  	 	 1.9040 	 0.5075  	 	 2.9386 	 0.3029  	 	 3.7616 	 0.1703
[2024/05/12 17:08:31] - 37 		 939.2 	 	 198.7 	 	 0.1000 	 	  1000.0 		 1.7543 	 0.5630 	 	 2.5113  	 0.3612  	 	 3.3725 	 0.1952  	 	 1.8169 	 0.5215  	 	 2.9508 	 0.3030  	 	 3.8237 	 0.1614
[2024/05/12 17:27:29] - 38 		 939.3 	 	 197.8 	 	 0.1000 	 	  1000.0 		 1.7397 	 0.5667 	 	 2.4977  	 0.3651  	 	 3.3610 	 0.1972  	 	 1.7746 	 0.5415  	 	 2.8258 	 0.3254  	 	 3.6694 	 0.1849
[2024/05/12 17:46:23] - 39 		 937.0 	 	 197.8 	 	 0.1000 	 	  1000.0 		 1.7354 	 0.5725 	 	 2.4991  	 0.3637  	 	 3.3634 	 0.1969  	 	 1.8303 	 0.5164  	 	 3.0185 	 0.3022  	 	 3.9137 	 0.1638
[2024/05/12 18:05:19] - 40 		 937.1 	 	 198.0 	 	 0.1000 	 	  1000.0 		 1.7308 	 0.5698 	 	 2.4937  	 0.3640  	 	 3.3590 	 0.1955  	 	 1.8302 	 0.5167  	 	 2.9886 	 0.3039  	 	 3.8581 	 0.1624
[2024/05/12 18:24:15] - 41 		 937.4 	 	 198.3 	 	 0.1000 	 	  1000.0 		 1.7324 	 0.5693 	 	 2.4946  	 0.3643  	 	 3.3596 	 0.1968  	 	 1.7796 	 0.5326  	 	 2.8844 	 0.3147  	 	 3.7488 	 0.1730
[2024/05/12 18:43:07] - 42 		 935.3 	 	 197.4 	 	 0.1000 	 	  1000.0 		 1.7144 	 0.5739 	 	 2.4818  	 0.3661  	 	 3.3487 	 0.1990  	 	 1.7981 	 0.5239  	 	 2.9783 	 0.2986  	 	 3.8791 	 0.1580
[2024/05/12 19:02:00] - 43 		 933.8 	 	 198.2 	 	 0.1000 	 	  1000.0 		 1.7098 	 0.5782 	 	 2.4763  	 0.3700  	 	 3.3448 	 0.2000  	 	 1.8527 	 0.5116  	 	 2.9627 	 0.3062  	 	 3.8092 	 0.1687
[2024/05/12 19:20:53] - 44 		 935.3 	 	 197.9 	 	 0.1000 	 	  1000.0 		 1.7063 	 0.5767 	 	 2.4714  	 0.3709  	 	 3.3419 	 0.1997  	 	 1.7515 	 0.5422  	 	 2.8274 	 0.3272  	 	 3.6870 	 0.1821
[2024/05/12 19:39:46] - 45 		 935.5 	 	 198.1 	 	 0.1000 	 	  1000.0 		 1.6950 	 0.5819 	 	 2.4671  	 0.3706  	 	 3.3385 	 0.1995  	 	 1.8261 	 0.5215  	 	 2.9395 	 0.3067  	 	 3.8002 	 0.1728
[2024/05/12 19:58:39] - 46 		 935.1 	 	 197.3 	 	 0.1000 	 	  1000.0 		 1.6890 	 0.5790 	 	 2.4590  	 0.3715  	 	 3.3279 	 0.2018  	 	 1.8321 	 0.5267  	 	 3.0262 	 0.3001  	 	 3.9330 	 0.1620
[2024/05/12 20:17:29] - 47 		 933.2 	 	 197.1 	 	 0.1000 	 	  1000.0 		 1.6857 	 0.5815 	 	 2.4590  	 0.3723  	 	 3.3326 	 0.2002  	 	 1.8107 	 0.5253  	 	 3.0013 	 0.3118  	 	 3.8859 	 0.1701
[2024/05/12 20:36:18] - 48 		 932.0 	 	 197.2 	 	 0.1000 	 	  1000.0 		 1.6782 	 0.5849 	 	 2.4543  	 0.3738  	 	 3.3279 	 0.2020  	 	 1.8150 	 0.5280  	 	 2.9317 	 0.3161  	 	 3.7828 	 0.1782
[2024/05/12 20:55:07] - 49 		 931.6 	 	 196.7 	 	 0.1000 	 	  1000.0 		 1.6680 	 0.5879 	 	 2.4443  	 0.3763  	 	 3.3197 	 0.2029  	 	 1.7509 	 0.5399  	 	 2.9282 	 0.3145  	 	 3.7970 	 0.1730
[2024/05/12 21:13:56] - 50 		 932.5 	 	 196.7 	 	 0.1000 	 	  1000.0 		 1.6697 	 0.5880 	 	 2.4479  	 0.3752  	 	 3.3242 	 0.2025  	 	 1.8288 	 0.5231  	 	 2.9174 	 0.3164  	 	 3.7480 	 0.1840
[2024/05/12 21:32:47] - 51 		 932.8 	 	 197.9 	 	 0.1000 	 	  1000.0 		 1.6663 	 0.5872 	 	 2.4418  	 0.3768  	 	 3.3146 	 0.2035  	 	 1.8061 	 0.5290  	 	 2.8727 	 0.3160  	 	 3.7344 	 0.1667
[2024/05/12 21:51:40] - 52 		 935.1 	 	 197.7 	 	 0.1000 	 	  1000.0 		 1.6597 	 0.5892 	 	 2.4354  	 0.3772  	 	 3.3109 	 0.2040  	 	 1.7712 	 0.5429  	 	 2.8262 	 0.3248  	 	 3.6753 	 0.1828
[2024/05/12 22:10:32] - 53 		 934.8 	 	 197.7 	 	 0.1000 	 	  1000.0 		 1.6519 	 0.5916 	 	 2.4322  	 0.3793  	 	 3.3111 	 0.2031  	 	 1.8500 	 0.5248  	 	 2.8259 	 0.3197  	 	 3.6397 	 0.1835
[2024/05/12 22:29:26] - 54 		 936.2 	 	 197.8 	 	 0.1000 	 	  1000.0 		 1.6587 	 0.5894 	 	 2.4358  	 0.3783  	 	 3.3102 	 0.2038  	 	 1.8006 	 0.5297  	 	 2.8206 	 0.3196  	 	 3.6582 	 0.1796
[2024/05/12 22:48:20] - 55 		 936.3 	 	 197.7 	 	 0.1000 	 	  1000.0 		 1.6433 	 0.5957 	 	 2.4256  	 0.3792  	 	 3.3049 	 0.2049  	 	 1.8371 	 0.5332  	 	 2.7499 	 0.3311  	 	 3.5394 	 0.1872
[2024/05/12 23:07:14] - 56 		 936.0 	 	 197.9 	 	 0.1000 	 	  1000.0 		 1.6334 	 0.5966 	 	 2.4161  	 0.3805  	 	 3.2965 	 0.2063  	 	 1.7755 	 0.5325  	 	 2.9216 	 0.3189  	 	 3.7942 	 0.1746
[2024/05/12 23:26:09] - 57 		 936.8 	 	 197.9 	 	 0.1000 	 	  1000.0 		 1.6378 	 0.5929 	 	 2.4195  	 0.3804  	 	 3.2993 	 0.2060  	 	 1.8015 	 0.5333  	 	 2.9800 	 0.3098  	 	 3.8592 	 0.1681
[2024/05/12 23:45:03] - 58 		 936.1 	 	 197.9 	 	 0.1000 	 	  1000.0 		 1.6289 	 0.5970 	 	 2.4165  	 0.3797  	 	 3.2960 	 0.2069  	 	 1.7497 	 0.5354  	 	 3.0096 	 0.3129  	 	 3.9140 	 0.1724
[2024/05/13 00:03:59] - 59 		 937.9 	 	 197.8 	 	 0.1000 	 	  1000.0 		 1.6205 	 0.6016 	 	 2.4066  	 0.3821  	 	 3.2897 	 0.2059  	 	 1.7424 	 0.5465  	 	 2.7592 	 0.3312  	 	 3.6012 	 0.1903
[2024/05/13 00:22:53] - 60 		 935.9 	 	 197.9 	 	 0.1000 	 	  1000.0 		 1.6176 	 0.6021 	 	 2.4057  	 0.3833  	 	 3.2890 	 0.2083  	 	 1.7305 	 0.5470  	 	 3.0161 	 0.3137  	 	 3.9422 	 0.1704
[2024/05/13 00:41:47] - 61 		 936.6 	 	 198.0 	 	 0.1000 	 	  1000.0 		 1.6233 	 0.6001 	 	 2.4103  	 0.3807  	 	 3.2937 	 0.2063  	 	 1.7619 	 0.5394  	 	 2.8937 	 0.3285  	 	 3.7835 	 0.1844
[2024/05/13 01:00:41] - 62 		 935.8 	 	 197.7 	 	 0.1000 	 	  1000.0 		 1.6189 	 0.5975 	 	 2.4064  	 0.3819  	 	 3.2891 	 0.2060  	 	 1.8328 	 0.5280  	 	 2.7772 	 0.3255  	 	 3.5997 	 0.1837
[2024/05/13 01:19:34] - 63 		 936.0 	 	 197.7 	 	 0.1000 	 	  1000.0 		 1.6128 	 0.6006 	 	 2.3956  	 0.3840  	 	 3.2792 	 0.2073  	 	 1.7389 	 0.5468  	 	 2.9152 	 0.3185  	 	 3.7943 	 0.1753
[2024/05/13 01:38:29] - 64 		 936.6 	 	 197.9 	 	 0.1000 	 	  1000.0 		 1.6111 	 0.6022 	 	 2.4006  	 0.3837  	 	 3.2824 	 0.2078  	 	 1.8014 	 0.5302  	 	 2.9159 	 0.3172  	 	 3.7690 	 0.1769
[2024/05/13 01:57:23] - 65 		 935.7 	 	 198.2 	 	 0.1000 	 	  1000.0 		 1.6099 	 0.6020 	 	 2.3998  	 0.3860  	 	 3.2818 	 0.2083  	 	 1.8443 	 0.5201  	 	 3.0031 	 0.3046  	 	 3.8901 	 0.1596
[2024/05/13 02:16:17] - 66 		 936.4 	 	 198.0 	 	 0.1000 	 	  1000.0 		 1.6007 	 0.6053 	 	 2.3889  	 0.3876  	 	 3.2734 	 0.2106  	 	 1.7802 	 0.5308  	 	 2.8434 	 0.3194  	 	 3.6903 	 0.1788
[2024/05/13 02:35:12] - 67 		 936.4 	 	 197.9 	 	 0.1000 	 	  1000.0 		 1.6004 	 0.6046 	 	 2.3906  	 0.3848  	 	 3.2740 	 0.2087  	 	 1.7678 	 0.5359  	 	 2.9380 	 0.3136  	 	 3.8170 	 0.1688
[2024/05/13 02:54:07] - 68 		 937.1 	 	 198.3 	 	 0.1000 	 	  1000.0 		 1.5959 	 0.6068 	 	 2.3859  	 0.3877  	 	 3.2692 	 0.2098  	 	 1.8228 	 0.5249  	 	 2.8997 	 0.3083  	 	 3.7375 	 0.1723
[2024/05/13 03:13:02] - 69 		 936.9 	 	 197.9 	 	 0.1000 	 	  1000.0 		 1.5947 	 0.6056 	 	 2.3879  	 0.3840  	 	 3.2707 	 0.2093  	 	 1.8282 	 0.5245  	 	 2.9713 	 0.3084  	 	 3.8430 	 0.1694
[2024/05/13 03:31:57] - 70 		 936.3 	 	 198.1 	 	 0.1000 	 	  1000.0 		 1.5980 	 0.6068 	 	 2.3891  	 0.3879  	 	 3.2729 	 0.2086  	 	 1.7201 	 0.5523  	 	 2.8214 	 0.3291  	 	 3.6685 	 0.1868
[2024/05/13 03:50:51] - 71 		 936.5 	 	 197.6 	 	 0.1000 	 	  1000.0 		 1.5869 	 0.6085 	 	 2.3794  	 0.3897  	 	 3.2628 	 0.2119  	 	 1.7652 	 0.5416  	 	 2.8765 	 0.3232  	 	 3.7404 	 0.1839
[2024/05/13 04:09:42] - 72 		 933.7 	 	 197.5 	 	 0.1000 	 	  1000.0 		 1.5897 	 0.6068 	 	 2.3818  	 0.3876  	 	 3.2685 	 0.2107  	 	 1.7247 	 0.5483  	 	 2.9833 	 0.3107  	 	 3.8896 	 0.1667
[2024/05/13 04:28:33] - 73 		 932.8 	 	 198.0 	 	 0.1000 	 	  1000.0 		 1.5781 	 0.6093 	 	 2.3692  	 0.3902  	 	 3.2567 	 0.2123  	 	 1.7103 	 0.5470  	 	 2.8291 	 0.3250  	 	 3.6871 	 0.1848
[2024/05/13 04:47:27] - 74 		 935.8 	 	 198.0 	 	 0.1000 	 	  1000.0 		 1.5737 	 0.6136 	 	 2.3677  	 0.3916  	 	 3.2536 	 0.2115  	 	 1.7331 	 0.5465  	 	 2.8349 	 0.3313  	 	 3.6925 	 0.1889
[2024/05/13 05:06:21] - 75 		 936.3 	 	 198.0 	 	 0.1000 	 	  1000.0 		 1.5705 	 0.6139 	 	 2.3632  	 0.3905  	 	 3.2518 	 0.2134  	 	 1.7066 	 0.5527  	 	 2.8452 	 0.3257  	 	 3.7273 	 0.1796
[2024/05/13 05:25:15] - 76 		 935.9 	 	 198.1 	 	 0.1000 	 	  1000.0 		 1.5694 	 0.6125 	 	 2.3639  	 0.3922  	 	 3.2535 	 0.2119  	 	 1.7051 	 0.5568  	 	 2.8837 	 0.3282  	 	 3.7788 	 0.1752
[2024/05/13 05:44:09] - 77 		 935.6 	 	 198.0 	 	 0.1000 	 	  1000.0 		 1.5684 	 0.6163 	 	 2.3632  	 0.3933  	 	 3.2531 	 0.2123  	 	 1.8407 	 0.5200  	 	 2.9154 	 0.3052  	 	 3.7567 	 0.1755
[2024/05/13 06:03:02] - 78 		 935.5 	 	 197.6 	 	 0.1000 	 	  1000.0 		 1.5684 	 0.6124 	 	 2.3658  	 0.3927  	 	 3.2543 	 0.2125  	 	 1.7913 	 0.5330  	 	 2.8177 	 0.3317  	 	 3.6543 	 0.1885
[2024/05/13 06:21:54] - 79 		 934.2 	 	 197.8 	 	 0.1000 	 	  1000.0 		 1.5705 	 0.6138 	 	 2.3671  	 0.3909  	 	 3.2549 	 0.2122  	 	 1.7624 	 0.5401  	 	 3.0371 	 0.3033  	 	 3.9727 	 0.1598
[2024/05/13 06:40:46] - 80 		 934.1 	 	 197.8 	 	 0.1000 	 	  1000.0 		 1.5638 	 0.6156 	 	 2.3595  	 0.3944  	 	 3.2507 	 0.2128  	 	 1.7037 	 0.5605  	 	 2.7852 	 0.3331  	 	 3.6332 	 0.1820
[2024/05/13 06:59:37] - 81 		 933.8 	 	 197.6 	 	 0.1000 	 	  1000.0 		 1.5633 	 0.6157 	 	 2.3597  	 0.3922  	 	 3.2480 	 0.2118  	 	 1.7864 	 0.5333  	 	 2.9866 	 0.3161  	 	 3.8641 	 0.1751
[2024/05/13 07:18:30] - 82 		 935.2 	 	 197.7 	 	 0.1000 	 	  1000.0 		 1.5581 	 0.6174 	 	 2.3540  	 0.3957  	 	 3.2428 	 0.2134  	 	 1.7108 	 0.5544  	 	 2.9158 	 0.3195  	 	 3.8060 	 0.1752
[2024/05/13 07:37:23] - 83 		 935.0 	 	 197.9 	 	 0.1000 	 	  1000.0 		 1.5578 	 0.6155 	 	 2.3545  	 0.3943  	 	 3.2440 	 0.2146  	 	 1.7555 	 0.5370  	 	 3.0121 	 0.3125  	 	 3.9074 	 0.1679
[2024/05/13 07:56:16] - 84 		 934.8 	 	 197.5 	 	 0.1000 	 	  1000.0 		 1.5535 	 0.6185 	 	 2.3517  	 0.3944  	 	 3.2441 	 0.2109  	 	 1.7038 	 0.5477  	 	 2.9760 	 0.3134  	 	 3.8861 	 0.1706
[2024/05/13 08:15:08] - 85 		 934.8 	 	 197.8 	 	 0.1000 	 	  1000.0 		 1.5441 	 0.6188 	 	 2.3394  	 0.3982  	 	 3.2318 	 0.2153  	 	 1.7466 	 0.5401  	 	 2.9935 	 0.3201  	 	 3.8789 	 0.1757
[2024/05/13 08:34:01] - 86 		 934.8 	 	 197.8 	 	 0.1000 	 	  1000.0 		 1.5482 	 0.6189 	 	 2.3474  	 0.3970  	 	 3.2400 	 0.2134  	 	 1.6654 	 0.5590  	 	 2.8984 	 0.3208  	 	 3.8005 	 0.1736
[2024/05/13 08:52:53] - 87 		 934.7 	 	 197.6 	 	 0.1000 	 	  1000.0 		 1.5503 	 0.6185 	 	 2.3476  	 0.3968  	 	 3.2410 	 0.2141  	 	 1.7293 	 0.5459  	 	 2.8766 	 0.3232  	 	 3.7451 	 0.1800
[2024/05/13 09:11:45] - 88 		 934.3 	 	 197.4 	 	 0.1000 	 	  1000.0 		 1.5424 	 0.6214 	 	 2.3390  	 0.3981  	 	 3.2317 	 0.2151  	 	 1.7732 	 0.5375  	 	 2.7978 	 0.3317  	 	 3.6473 	 0.1810
[2024/05/13 09:30:36] - 89 		 933.8 	 	 197.3 	 	 0.1000 	 	  1000.0 		 1.5438 	 0.6189 	 	 2.3437  	 0.3964  	 	 3.2359 	 0.2173  	 	 1.7584 	 0.5355  	 	 2.9919 	 0.3183  	 	 3.8872 	 0.1768
[2024/05/13 09:49:29] - 90 		 935.0 	 	 197.6 	 	 0.1000 	 	  1000.0 		 1.5397 	 0.6202 	 	 2.3407  	 0.4001  	 	 3.2330 	 0.2149  	 	 1.7448 	 0.5447  	 	 3.0085 	 0.3147  	 	 3.9054 	 0.1718
[2024/05/13 10:08:21] - 91 		 934.5 	 	 197.8 	 	 0.1000 	 	  1000.0 		 1.5419 	 0.6187 	 	 2.3412  	 0.3965  	 	 3.2348 	 0.2162  	 	 1.7976 	 0.5288  	 	 2.8692 	 0.3186  	 	 3.7173 	 0.1828
[2024/05/13 10:27:09] - 92 		 931.7 	 	 196.2 	 	 0.1000 	 	  1000.0 		 1.5404 	 0.6220 	 	 2.3403  	 0.3978  	 	 3.2329 	 0.2140  	 	 1.7329 	 0.5400  	 	 2.9486 	 0.3180  	 	 3.8535 	 0.1711
[2024/05/13 10:45:56] - 93 		 930.3 	 	 196.5 	 	 0.1000 	 	  1000.0 		 1.5351 	 0.6236 	 	 2.3361  	 0.3968  	 	 3.2269 	 0.2160  	 	 1.7013 	 0.5550  	 	 2.8807 	 0.3247  	 	 3.7612 	 0.1817
[2024/05/13 11:04:43] - 94 		 930.1 	 	 196.6 	 	 0.1000 	 	  1000.0 		 1.5450 	 0.6210 	 	 2.3490  	 0.3958  	 	 3.2423 	 0.2131  	 	 1.7368 	 0.5430  	 	 2.8708 	 0.3242  	 	 3.7491 	 0.1777
[2024/05/13 11:23:30] - 95 		 930.6 	 	 196.9 	 	 0.1000 	 	  1000.0 		 1.5379 	 0.6229 	 	 2.3394  	 0.3961  	 	 3.2334 	 0.2155  	 	 1.7377 	 0.5457  	 	 2.8819 	 0.3218  	 	 3.7517 	 0.1795
[2024/05/13 11:42:18] - 96 		 930.4 	 	 196.7 	 	 0.1000 	 	  1000.0 		 1.5301 	 0.6218 	 	 2.3339  	 0.3977  	 	 3.2269 	 0.2158  	 	 1.7550 	 0.5389  	 	 2.9729 	 0.3134  	 	 3.8665 	 0.1742
[2024/05/13 12:01:04] - 97 		 930.0 	 	 196.2 	 	 0.1000 	 	  1000.0 		 1.5257 	 0.6247 	 	 2.3257  	 0.3990  	 	 3.2207 	 0.2189  	 	 1.7834 	 0.5309  	 	 2.9164 	 0.3075  	 	 3.7684 	 0.1742
[2024/05/13 12:19:51] - 98 		 930.4 	 	 196.6 	 	 0.1000 	 	  1000.0 		 1.5285 	 0.6244 	 	 2.3317  	 0.4002  	 	 3.2274 	 0.2155  	 	 1.7456 	 0.5529  	 	 2.8535 	 0.3144  	 	 3.7355 	 0.1680
[2024/05/13 12:38:39] - 99 		 931.1 	 	 196.4 	 	 0.0100 	 	  1000.0 		 1.5264 	 0.6257 	 	 2.3265  	 0.4031  	 	 3.2193 	 0.2199  	 	 1.7964 	 0.5315  	 	 2.9410 	 0.3121  	 	 3.8163 	 0.1674
[2024/05/13 12:57:26] - 100 		 930.6 	 	 197.1 	 	 0.0100 	 	  1000.0 		 1.0625 	 0.7615 	 	 1.7233  	 0.5483  	 	 2.6143 	 0.3177  	 	 1.3437 	 0.6356  	 	 2.8123 	 0.3829  	 	 3.7819 	 0.2102
[2024/05/13 13:16:14] - 101 		 931.0 	 	 196.6 	 	 0.0100 	 	  1000.0 		 0.8563 	 0.8101 	 	 1.5048  	 0.5984  	 	 2.4257 	 0.3545  	 	 1.3108 	 0.6478  	 	 2.7852 	 0.3890  	 	 3.7597 	 0.2126
[2024/05/13 13:35:01] - 102 		 930.8 	 	 196.6 	 	 0.0100 	 	  1000.0 		 0.7559 	 0.8352 	 	 1.3952  	 0.6259  	 	 2.3421 	 0.3683  	 	 1.3561 	 0.6338  	 	 2.8179 	 0.3856  	 	 3.7676 	 0.2152
[2024/05/13 13:53:50] - 103 		 931.7 	 	 196.7 	 	 0.0100 	 	  1000.0 		 0.6809 	 0.8557 	 	 1.3062  	 0.6480  	 	 2.2755 	 0.3775  	 	 1.3360 	 0.6401  	 	 2.8955 	 0.3801  	 	 3.8766 	 0.2099
[2024/05/13 14:12:37] - 104 		 930.8 	 	 196.6 	 	 0.0100 	 	  1000.0 		 0.6192 	 0.8716 	 	 1.2319  	 0.6663  	 	 2.2256 	 0.3853  	 	 1.3639 	 0.6368  	 	 3.0196 	 0.3756  	 	 4.0222 	 0.2033
[2024/05/13 14:31:25] - 105 		 930.8 	 	 196.6 	 	 0.0100 	 	  1000.0 		 0.5628 	 0.8864 	 	 1.1634  	 0.6831  	 	 2.1812 	 0.3943  	 	 1.3441 	 0.6374  	 	 3.2965 	 0.3806  	 	 4.3796 	 0.1928
[2024/05/13 14:50:12] - 106 		 931.0 	 	 196.5 	 	 0.0100 	 	  1000.0 		 0.5131 	 0.9002 	 	 1.1028  	 0.6987  	 	 2.1414 	 0.4001  	 	 1.3472 	 0.6384  	 	 3.2023 	 0.3712  	 	 4.2388 	 0.1942
[2024/05/13 15:09:00] - 107 		 930.9 	 	 196.6 	 	 0.0100 	 	  1000.0 		 0.4609 	 0.9136 	 	 1.0344  	 0.7175  	 	 2.0998 	 0.4072  	 	 1.3784 	 0.6298  	 	 3.3305 	 0.3684  	 	 4.4019 	 0.1833
[2024/05/13 15:27:48] - 108 		 931.3 	 	 196.6 	 	 0.0100 	 	  1000.0 		 0.4215 	 0.9230 	 	 0.9794  	 0.7328  	 	 2.0664 	 0.4135  	 	 1.4194 	 0.6203  	 	 3.5119 	 0.3499  	 	 4.5968 	 0.1760
[2024/05/13 15:46:36] - 109 		 932.0 	 	 196.6 	 	 0.0100 	 	  1000.0 		 0.3868 	 0.9318 	 	 0.9371  	 0.7424  	 	 2.0516 	 0.4159  	 	 1.4029 	 0.6275  	 	 3.4156 	 0.3614  	 	 4.4947 	 0.1819
[2024/05/13 16:05:24] - 110 		 930.9 	 	 196.8 	 	 0.0100 	 	  1000.0 		 0.3539 	 0.9419 	 	 0.8910  	 0.7541  	 	 2.0237 	 0.4238  	 	 1.3984 	 0.6288  	 	 3.4857 	 0.3570  	 	 4.5735 	 0.1805
[2024/05/13 16:24:12] - 111 		 930.9 	 	 196.6 	 	 0.0100 	 	  1000.0 		 0.3238 	 0.9481 	 	 0.8518  	 0.7644  	 	 2.0061 	 0.4244  	 	 1.3924 	 0.6331  	 	 3.4775 	 0.3585  	 	 4.5745 	 0.1754
[2024/05/13 16:42:59] - 112 		 930.6 	 	 196.6 	 	 0.0100 	 	  1000.0 		 0.3047 	 0.9533 	 	 0.8266  	 0.7713  	 	 1.9929 	 0.4308  	 	 1.4319 	 0.6195  	 	 3.7716 	 0.3500  	 	 4.9152 	 0.1664
[2024/05/13 17:01:47] - 113 		 931.1 	 	 196.8 	 	 0.0100 	 	  1000.0 		 0.2764 	 0.9602 	 	 0.7806  	 0.7849  	 	 1.9604 	 0.4368  	 	 1.4189 	 0.6244  	 	 3.8163 	 0.3496  	 	 4.9764 	 0.1637
[2024/05/13 17:20:35] - 114 		 931.3 	 	 196.9 	 	 0.0100 	 	  1000.0 		 0.2602 	 0.9631 	 	 0.7566  	 0.7896  	 	 1.9519 	 0.4391  	 	 1.4294 	 0.6265  	 	 3.8701 	 0.3510  	 	 5.0425 	 0.1621
[2024/05/13 17:39:23] - 115 		 931.8 	 	 196.6 	 	 0.0100 	 	  1000.0 		 0.2432 	 0.9666 	 	 0.7320  	 0.7990  	 	 1.9379 	 0.4437  	 	 1.4832 	 0.6145  	 	 3.8152 	 0.3465  	 	 4.9199 	 0.1704
[2024/05/13 17:58:13] - 116 		 932.0 	 	 197.1 	 	 0.0100 	 	  1000.0 		 0.2299 	 0.9697 	 	 0.7083  	 0.8044  	 	 1.9261 	 0.4460  	 	 1.4782 	 0.6193  	 	 4.0212 	 0.3464  	 	 5.1822 	 0.1654
[2024/05/13 18:17:02] - 117 		 931.8 	 	 197.6 	 	 0.0100 	 	  1000.0 		 0.2184 	 0.9719 	 	 0.6958  	 0.8074  	 	 1.9301 	 0.4483  	 	 1.5159 	 0.6025  	 	 4.0678 	 0.3396  	 	 5.2180 	 0.1605
[2024/05/13 18:35:51] - 118 		 932.3 	 	 196.7 	 	 0.0100 	 	  1000.0 		 0.2063 	 0.9755 	 	 0.6704  	 0.8151  	 	 1.9082 	 0.4524  	 	 1.4827 	 0.6157  	 	 3.8656 	 0.3423  	 	 4.9921 	 0.1652
[2024/05/13 18:54:40] - 119 		 931.0 	 	 197.3 	 	 0.0100 	 	  1000.0 		 0.1956 	 0.9766 	 	 0.6574  	 0.8183  	 	 1.9083 	 0.4539  	 	 1.5178 	 0.6071  	 	 3.9881 	 0.3394  	 	 5.1274 	 0.1634
[2024/05/13 19:13:27] - 120 		 931.4 	 	 196.5 	 	 0.0100 	 	  1000.0 		 0.1863 	 0.9782 	 	 0.6352  	 0.8237  	 	 1.8942 	 0.4562  	 	 1.5433 	 0.6094  	 	 3.9990 	 0.3355  	 	 5.1112 	 0.1643
[2024/05/13 19:32:15] - 121 		 931.3 	 	 196.7 	 	 0.0100 	 	  1000.0 		 0.1795 	 0.9801 	 	 0.6289  	 0.8255  	 	 1.8887 	 0.4599  	 	 1.5695 	 0.5997  	 	 4.2554 	 0.3331  	 	 5.4137 	 0.1570
[2024/05/13 19:51:03] - 122 		 930.8 	 	 196.5 	 	 0.0100 	 	  1000.0 		 0.1694 	 0.9818 	 	 0.6031  	 0.8343  	 	 1.8734 	 0.4646  	 	 1.5587 	 0.6018  	 	 4.2509 	 0.3343  	 	 5.4207 	 0.1561
[2024/05/13 20:09:49] - 123 		 930.3 	 	 196.3 	 	 0.0100 	 	  1000.0 		 0.1621 	 0.9825 	 	 0.5881  	 0.8378  	 	 1.8580 	 0.4700  	 	 1.5726 	 0.6044  	 	 4.3529 	 0.3379  	 	 5.5294 	 0.1602
[2024/05/13 20:28:36] - 124 		 930.6 	 	 196.4 	 	 0.0100 	 	  1000.0 		 0.1583 	 0.9845 	 	 0.5869  	 0.8374  	 	 1.8723 	 0.4646  	 	 1.5445 	 0.6027  	 	 4.1760 	 0.3384  	 	 5.3174 	 0.1596
[2024/05/13 20:47:25] - 125 		 931.6 	 	 196.8 	 	 0.0100 	 	  1000.0 		 0.1538 	 0.9847 	 	 0.5762  	 0.8411  	 	 1.8556 	 0.4681  	 	 1.5628 	 0.6026  	 	 4.2834 	 0.3431  	 	 5.4497 	 0.1608
[2024/05/13 21:06:12] - 126 		 930.5 	 	 196.8 	 	 0.0100 	 	  1000.0 		 0.1471 	 0.9852 	 	 0.5576  	 0.8467  	 	 1.8378 	 0.4741  	 	 1.5840 	 0.5929  	 	 4.3315 	 0.3364  	 	 5.4827 	 0.1643
[2024/05/13 21:24:59] - 127 		 930.2 	 	 196.3 	 	 0.0100 	 	  1000.0 		 0.1439 	 0.9859 	 	 0.5569  	 0.8483  	 	 1.8448 	 0.4756  	 	 1.5479 	 0.6084  	 	 4.1578 	 0.3397  	 	 5.3013 	 0.1629
[2024/05/13 21:43:46] - 128 		 930.5 	 	 196.8 	 	 0.0100 	 	  1000.0 		 0.1361 	 0.9876 	 	 0.5338  	 0.8537  	 	 1.8292 	 0.4797  	 	 1.5335 	 0.6058  	 	 4.2247 	 0.3325  	 	 5.3872 	 0.1566
[2024/05/13 22:02:33] - 129 		 930.4 	 	 196.6 	 	 0.0100 	 	  1000.0 		 0.1323 	 0.9882 	 	 0.5275  	 0.8543  	 	 1.8201 	 0.4802  	 	 1.5206 	 0.6093  	 	 4.2495 	 0.3336  	 	 5.4257 	 0.1589
[2024/05/13 22:21:19] - 130 		 930.0 	 	 196.2 	 	 0.0100 	 	  1000.0 		 0.1290 	 0.9888 	 	 0.5204  	 0.8573  	 	 1.8170 	 0.4820  	 	 1.5403 	 0.6075  	 	 4.3442 	 0.3378  	 	 5.5468 	 0.1544
[2024/05/13 22:40:06] - 131 		 929.7 	 	 196.5 	 	 0.0100 	 	  1000.0 		 0.1284 	 0.9890 	 	 0.5242  	 0.8565  	 	 1.8267 	 0.4800  	 	 1.5704 	 0.5980  	 	 4.2261 	 0.3362  	 	 5.3711 	 0.1609
[2024/05/13 22:58:53] - 132 		 930.5 	 	 196.5 	 	 0.0100 	 	  1000.0 		 0.1231 	 0.9891 	 	 0.5016  	 0.8635  	 	 1.7964 	 0.4869  	 	 1.5316 	 0.6070  	 	 4.3039 	 0.3333  	 	 5.4903 	 0.1571
[2024/05/13 23:17:40] - 133 		 930.4 	 	 196.2 	 	 0.0100 	 	  1000.0 		 0.1186 	 0.9894 	 	 0.4930  	 0.8654  	 	 1.8038 	 0.4893  	 	 1.5486 	 0.6074  	 	 4.4359 	 0.3327  	 	 5.6444 	 0.1485
[2024/05/13 23:36:27] - 134 		 930.2 	 	 197.4 	 	 0.0100 	 	  1000.0 		 0.1166 	 0.9906 	 	 0.4901  	 0.8676  	 	 1.7995 	 0.4894  	 	 1.5322 	 0.6112  	 	 4.3352 	 0.3330  	 	 5.5361 	 0.1527
[2024/05/13 23:55:14] - 135 		 930.2 	 	 196.5 	 	 0.0100 	 	  1000.0 		 0.1153 	 0.9903 	 	 0.4906  	 0.8662  	 	 1.7985 	 0.4923  	 	 1.5394 	 0.6075  	 	 4.2223 	 0.3360  	 	 5.4024 	 0.1551
[2024/05/14 00:14:03] - 136 		 932.5 	 	 196.6 	 	 0.0100 	 	  1000.0 		 0.1132 	 0.9907 	 	 0.4807  	 0.8685  	 	 1.7918 	 0.4897  	 	 1.5812 	 0.6021  	 	 4.3562 	 0.3361  	 	 5.5259 	 0.1588
[2024/05/14 00:32:53] - 137 		 932.4 	 	 197.1 	 	 0.0100 	 	  1000.0 		 0.1103 	 0.9909 	 	 0.4736  	 0.8706  	 	 1.7926 	 0.4917  	 	 1.5381 	 0.6059  	 	 4.1677 	 0.3385  	 	 5.3259 	 0.1595
[2024/05/14 00:51:43] - 138 		 932.9 	 	 197.2 	 	 0.0100 	 	  1000.0 		 0.1088 	 0.9919 	 	 0.4746  	 0.8725  	 	 1.7903 	 0.4927  	 	 1.5945 	 0.5988  	 	 4.5487 	 0.3465  	 	 5.7716 	 0.1506
[2024/05/14 01:10:33] - 139 		 932.9 	 	 197.0 	 	 0.0100 	 	  1000.0 		 0.1053 	 0.9921 	 	 0.4572  	 0.8760  	 	 1.7692 	 0.5003  	 	 1.5476 	 0.6106  	 	 4.1917 	 0.3356  	 	 5.3472 	 0.1594
[2024/05/14 01:29:20] - 140 		 930.4 	 	 196.6 	 	 0.0100 	 	  1000.0 		 0.1030 	 0.9919 	 	 0.4473  	 0.8792  	 	 1.7572 	 0.5031  	 	 1.6338 	 0.5910  	 	 4.5353 	 0.3283  	 	 5.7002 	 0.1577
[2024/05/14 01:48:08] - 141 		 931.0 	 	 197.1 	 	 0.0100 	 	  1000.0 		 0.1026 	 0.9922 	 	 0.4588  	 0.8756  	 	 1.7731 	 0.4993  	 	 1.6390 	 0.5863  	 	 4.3404 	 0.3352  	 	 5.4707 	 0.1637
[2024/05/14 02:06:58] - 142 		 933.1 	 	 197.2 	 	 0.0100 	 	  1000.0 		 0.1047 	 0.9914 	 	 0.4667  	 0.8731  	 	 1.7824 	 0.4982  	 	 1.5725 	 0.5998  	 	 4.2777 	 0.3347  	 	 5.4562 	 0.1533
[2024/05/14 02:25:49] - 143 		 933.5 	 	 196.8 	 	 0.0100 	 	  1000.0 		 0.0991 	 0.9933 	 	 0.4447  	 0.8798  	 	 1.7599 	 0.5035  	 	 1.5887 	 0.5988  	 	 4.6649 	 0.3325  	 	 5.8928 	 0.1500
[2024/05/14 02:44:39] - 144 		 933.1 	 	 196.8 	 	 0.0100 	 	  1000.0 		 0.1025 	 0.9925 	 	 0.4565  	 0.8780  	 	 1.7578 	 0.5055  	 	 1.5981 	 0.5976  	 	 4.3667 	 0.3315  	 	 5.5150 	 0.1602
[2024/05/14 03:03:30] - 145 		 933.9 	 	 197.5 	 	 0.0100 	 	  1000.0 		 0.0960 	 0.9927 	 	 0.4342  	 0.8818  	 	 1.7437 	 0.5103  	 	 1.6130 	 0.5975  	 	 4.4373 	 0.3282  	 	 5.6192 	 0.1543
[2024/05/14 03:22:22] - 146 		 934.9 	 	 197.3 	 	 0.0100 	 	  1000.0 		 0.0966 	 0.9928 	 	 0.4389  	 0.8821  	 	 1.7597 	 0.5087  	 	 1.5951 	 0.5998  	 	 4.3549 	 0.3363  	 	 5.5208 	 0.1586
[2024/05/14 03:41:15] - 147 		 934.5 	 	 198.0 	 	 0.0100 	 	  1000.0 		 0.0968 	 0.9932 	 	 0.4431  	 0.8812  	 	 1.7549 	 0.5084  	 	 1.6068 	 0.5959  	 	 4.4649 	 0.3344  	 	 5.6379 	 0.1579
[2024/05/14 04:00:07] - 148 		 934.9 	 	 197.6 	 	 0.0100 	 	  1000.0 		 0.0950 	 0.9936 	 	 0.4376  	 0.8830  	 	 1.7511 	 0.5085  	 	 1.5709 	 0.6017  	 	 4.4850 	 0.3375  	 	 5.7055 	 0.1529
[2024/05/14 04:19:00] - 149 		 934.4 	 	 197.9 	 	 0.0010 	 	  1000.0 		 0.0960 	 0.9936 	 	 0.4406  	 0.8798  	 	 1.7593 	 0.5068  	 	 1.6090 	 0.5967  	 	 4.4568 	 0.3237  	 	 5.6635 	 0.1428
[2024/05/14 04:37:52] - 150 		 935.0 	 	 197.2 	 	 0.0010 	 	  1000.0 		 0.0472 	 0.9981 	 	 0.1738  	 0.9576  	 	 1.3103 	 0.6015  	 	 1.4877 	 0.6243  	 	 4.5184 	 0.3509  	 	 5.7780 	 0.1611
[2024/05/14 04:56:45] - 151 		 935.5 	 	 197.7 	 	 0.0010 	 	  1000.0 		 0.0283 	 0.9988 	 	 0.0882  	 0.9812  	 	 1.1399 	 0.6470  	 	 1.4333 	 0.6347  	 	 4.4762 	 0.3496  	 	 5.7479 	 0.1634
[2024/05/14 05:15:37] - 152 		 934.5 	 	 197.1 	 	 0.0010 	 	  1000.0 		 0.0226 	 0.9991 	 	 0.0655  	 0.9860  	 	 1.0926 	 0.6655  	 	 1.4622 	 0.6304  	 	 4.6627 	 0.3540  	 	 5.9797 	 0.1560
[2024/05/14 05:34:31] - 153 		 936.0 	 	 197.8 	 	 0.0010 	 	  1000.0 		 0.0197 	 0.9992 	 	 0.0573  	 0.9879  	 	 1.0714 	 0.6734  	 	 1.4584 	 0.6366  	 	 4.5244 	 0.3593  	 	 5.8181 	 0.1664
[2024/05/14 05:53:22] - 154 		 934.3 	 	 197.3 	 	 0.0010 	 	  1000.0 		 0.0175 	 0.9993 	 	 0.0488  	 0.9903  	 	 1.0590 	 0.6793  	 	 1.5081 	 0.6225  	 	 4.4567 	 0.3546  	 	 5.7010 	 0.1689
[2024/05/14 06:12:15] - 155 		 934.6 	 	 197.6 	 	 0.0010 	 	  1000.0 		 0.0159 	 0.9994 	 	 0.0446  	 0.9911  	 	 1.0426 	 0.6861  	 	 1.4914 	 0.6290  	 	 4.5904 	 0.3559  	 	 5.8535 	 0.1695
[2024/05/14 06:31:07] - 156 		 934.9 	 	 197.8 	 	 0.0010 	 	  1000.0 		 0.0146 	 0.9995 	 	 0.0388  	 0.9923  	 	 1.0434 	 0.6852  	 	 1.4829 	 0.6290  	 	 4.6960 	 0.3564  	 	 6.0237 	 0.1583
[2024/05/14 06:49:59] - 157 		 934.6 	 	 197.3 	 	 0.0010 	 	  1000.0 		 0.0134 	 0.9994 	 	 0.0352  	 0.9929  	 	 1.0303 	 0.6924  	 	 1.4710 	 0.6372  	 	 4.7830 	 0.3634  	 	 6.1307 	 0.1628
[2024/05/14 07:08:51] - 158 		 934.5 	 	 197.2 	 	 0.0010 	 	  1000.0 		 0.0128 	 0.9994 	 	 0.0328  	 0.9937  	 	 1.0247 	 0.6953  	 	 1.4363 	 0.6385  	 	 4.8988 	 0.3566  	 	 6.3190 	 0.1550
[2024/05/14 07:27:43] - 159 		 934.2 	 	 197.6 	 	 0.0010 	 	  1000.0 		 0.0122 	 0.9994 	 	 0.0323  	 0.9936  	 	 1.0228 	 0.6976  	 	 1.4651 	 0.6300  	 	 4.7919 	 0.3575  	 	 6.1548 	 0.1559
[2024/05/14 07:46:36] - 160 		 934.7 	 	 197.7 	 	 0.0010 	 	  1000.0 		 0.0116 	 0.9995 	 	 0.0298  	 0.9939  	 	 1.0278 	 0.6989  	 	 1.4360 	 0.6406  	 	 4.6854 	 0.3629  	 	 6.0320 	 0.1623
[2024/05/14 08:05:27] - 161 		 934.2 	 	 197.2 	 	 0.0010 	 	  1000.0 		 0.0112 	 0.9995 	 	 0.0290  	 0.9946  	 	 1.0238 	 0.7007  	 	 1.4111 	 0.6430  	 	 4.6904 	 0.3572  	 	 6.0648 	 0.1596
[2024/05/14 08:24:18] - 162 		 933.4 	 	 197.3 	 	 0.0010 	 	  1000.0 		 0.0106 	 0.9995 	 	 0.0263  	 0.9951  	 	 1.0187 	 0.7029  	 	 1.4979 	 0.6293  	 	 4.8313 	 0.3657  	 	 6.1700 	 0.1709
[2024/05/14 08:43:08] - 163 		 933.4 	 	 196.8 	 	 0.0010 	 	  1000.0 		 0.0103 	 0.9995 	 	 0.0254  	 0.9954  	 	 1.0213 	 0.7032  	 	 1.4024 	 0.6452  	 	 4.6341 	 0.3654  	 	 5.9820 	 0.1651
[2024/05/14 09:01:57] - 164 		 932.2 	 	 197.1 	 	 0.0010 	 	  1000.0 		 0.0099 	 0.9996 	 	 0.0248  	 0.9953  	 	 1.0137 	 0.7074  	 	 1.5091 	 0.6267  	 	 4.6796 	 0.3534  	 	 5.9716 	 0.1627
[2024/05/14 09:20:48] - 165 		 933.8 	 	 196.8 	 	 0.0010 	 	  1000.0 		 0.0097 	 0.9995 	 	 0.0241  	 0.9955  	 	 1.0129 	 0.7073  	 	 1.4928 	 0.6292  	 	 4.7889 	 0.3561  	 	 6.1053 	 0.1678
[2024/05/14 09:39:40] - 166 		 934.0 	 	 197.8 	 	 0.0010 	 	  1000.0 		 0.0094 	 0.9995 	 	 0.0229  	 0.9954  	 	 1.0176 	 0.7076  	 	 1.4575 	 0.6392  	 	 4.7837 	 0.3634  	 	 6.1466 	 0.1674
[2024/05/14 09:58:33] - 167 		 934.6 	 	 198.1 	 	 0.0010 	 	  1000.0 		 0.0091 	 0.9996 	 	 0.0225  	 0.9961  	 	 1.0120 	 0.7081  	 	 1.4873 	 0.6314  	 	 4.7298 	 0.3614  	 	 6.0554 	 0.1710
[2024/05/14 10:17:24] - 168 		 934.4 	 	 197.0 	 	 0.0010 	 	  1000.0 		 0.0090 	 0.9995 	 	 0.0224  	 0.9959  	 	 1.0151 	 0.7106  	 	 1.4570 	 0.6362  	 	 4.8845 	 0.3597  	 	 6.2916 	 0.1569
[2024/05/14 10:36:15] - 169 		 933.7 	 	 197.6 	 	 0.0010 	 	  1000.0 		 0.0087 	 0.9996 	 	 0.0205  	 0.9965  	 	 1.0130 	 0.7121  	 	 1.4106 	 0.6440  	 	 4.9319 	 0.3535  	 	 6.3921 	 0.1480
[2024/05/14 10:55:09] - 170 		 935.3 	 	 197.5 	 	 0.0010 	 	  1000.0 		 0.0086 	 0.9995 	 	 0.0208  	 0.9960  	 	 1.0091 	 0.7135  	 	 1.4685 	 0.6316  	 	 4.7680 	 0.3619  	 	 6.1107 	 0.1677
[2024/05/14 11:14:00] - 171 		 934.0 	 	 197.3 	 	 0.0010 	 	  1000.0 		 0.0084 	 0.9995 	 	 0.0198  	 0.9963  	 	 1.0107 	 0.7138  	 	 1.4505 	 0.6369  	 	 4.7682 	 0.3663  	 	 6.1573 	 0.1615
[2024/05/14 11:32:52] - 172 		 934.6 	 	 197.5 	 	 0.0010 	 	  1000.0 		 0.0081 	 0.9995 	 	 0.0188  	 0.9966  	 	 1.0074 	 0.7157  	 	 1.4174 	 0.6465  	 	 4.8629 	 0.3682  	 	 6.2927 	 0.1609
[2024/05/14 11:51:43] - 173 		 933.6 	 	 197.4 	 	 0.0010 	 	  1000.0 		 0.0080 	 0.9996 	 	 0.0188  	 0.9967  	 	 1.0187 	 0.7152  	 	 1.4702 	 0.6348  	 	 4.7778 	 0.3660  	 	 6.1468 	 0.1672
[2024/05/14 12:10:35] - 174 		 934.6 	 	 197.5 	 	 0.0010 	 	  1000.0 		 0.0079 	 0.9995 	 	 0.0182  	 0.9967  	 	 1.0082 	 0.7198  	 	 1.4206 	 0.6408  	 	 4.7043 	 0.3649  	 	 6.0861 	 0.1644
[2024/05/14 12:29:27] - 175 		 934.8 	 	 197.4 	 	 0.0010 	 	  1000.0 		 0.0078 	 0.9994 	 	 0.0185  	 0.9966  	 	 1.0163 	 0.7167  	 	 1.4544 	 0.6388  	 	 4.7981 	 0.3625  	 	 6.1625 	 0.1672
[2024/05/14 12:48:19] - 176 		 934.6 	 	 196.9 	 	 0.0010 	 	  1000.0 		 0.0076 	 0.9995 	 	 0.0177  	 0.9967  	 	 1.0090 	 0.7182  	 	 1.4679 	 0.6364  	 	 4.7440 	 0.3636  	 	 6.0994 	 0.1660
[2024/05/14 13:07:11] - 177 		 934.1 	 	 197.3 	 	 0.0010 	 	  1000.0 		 0.0076 	 0.9995 	 	 0.0180  	 0.9965  	 	 1.0212 	 0.7178  	 	 1.4640 	 0.6348  	 	 5.0674 	 0.3498  	 	 6.5493 	 0.1399
[2024/05/14 13:26:07] - 178 		 935.6 	 	 201.2 	 	 0.0010 	 	  1000.0 		 0.0075 	 0.9995 	 	 0.0176  	 0.9969  	 	 1.0180 	 0.7177  	 	 1.4181 	 0.6458  	 	 4.8285 	 0.3633  	 	 6.2447 	 0.1595
[2024/05/14 13:45:02] - 179 		 937.0 	 	 197.7 	 	 0.0010 	 	  1000.0 		 0.0075 	 0.9994 	 	 0.0168  	 0.9970  	 	 1.0121 	 0.7187  	 	 1.4889 	 0.6322  	 	 4.8543 	 0.3554  	 	 6.2134 	 0.1644
[2024/05/14 14:04:32] - 180 		 957.0 	 	 212.8 	 	 0.0010 	 	  1000.0 		 0.0075 	 0.9995 	 	 0.0163  	 0.9972  	 	 1.0093 	 0.7203  	 	 1.4863 	 0.6354  	 	 5.0310 	 0.3606  	 	 6.4486 	 0.1587
[2024/05/14 14:26:57] - 181 		 1145.6 	 	 199.5 	 	 0.0010 	 	  1000.0 		 0.0072 	 0.9996 	 	 0.0169  	 0.9970  	 	 1.0140 	 0.7227  	 	 1.4714 	 0.6351  	 	 5.0741 	 0.3655  	 	 6.5108 	 0.1593
[2024/05/14 14:48:54] - 182 		 986.9 	 	 329.4 	 	 0.0010 	 	  1000.0 		 0.0071 	 0.9995 	 	 0.0158  	 0.9972  	 	 1.0148 	 0.7225  	 	 1.4324 	 0.6410  	 	 4.8962 	 0.3606  	 	 6.3338 	 0.1599
