[2024/05/12 03:29:01] - Namespace(Inc_coeff=1, att_method='tanh', attack_iters=10, batch_size=128, beta_init=10.0, beta_max=100000.0, chkpt_iters=50, dataset='cifar100', epochs=201, epsilon=0.03137254901960784, eq_vol=1, eval_method='sign', lr_chechpoint1=100, lr_chechpoint2=150, lr_max=0.1, lr_schedule='piecewise', manual_step=0, model='WideResNet', momentum=0.9, norm='l_inf', pgd_alpha=2.0, random_init=1, resume=0, seed=1, train_mode='adv_train', tune_period=10, weight_decay=0.0005, width_factor=10)
[2024/05/12 03:29:07] - Epoch 	 Train Time 	 Test Time 	 LR 	 beta 	 	 Train Loss 	 Train Acc 	 Train Adv Loss 	 Train Adv Acc 	 Train Surrogate Loss 	 Train Surrogate Acc 	 Test Loss 	 Test Acc 	 Test Adv Loss 	 Test Adv Acc 	 Test Surrogate Loss 	 Test Surrogate Acc 
[2024/05/12 03:47:57] - 0 		 933.8 	 	 196.5 	 	 0.1000 	 	  10.0 		 3.9321 	 0.0897 	 	 3.9408  	 0.0885  	 	 5.0506 	 0.0243  	 	 3.5391 	 0.1478  	 	 3.5615 	 0.1452  	 	 5.5105 	 0.0183
[2024/05/12 04:06:41] - 1 		 928.2 	 	 196.0 	 	 0.1000 	 	  10.0 		 3.2789 	 0.1952 	 	 3.3135  	 0.1896  	 	 5.8435 	 0.0249  	 	 3.1167 	 0.2429  	 	 3.1863 	 0.2324  	 	 6.9735 	 0.0168
[2024/05/12 04:25:25] - 2 		 928.1 	 	 195.8 	 	 0.1000 	 	  10.0 		 2.8012 	 0.2866 	 	 2.8722  	 0.2735  	 	 6.7702 	 0.0210  	 	 2.6387 	 0.3181  	 	 2.8183 	 0.2936  	 	 9.3329 	 0.0071
[2024/05/12 04:44:11] - 3 		 928.5 	 	 196.6 	 	 0.1000 	 	  10.0 		 2.4435 	 0.3570 	 	 2.5489  	 0.3353  	 	 7.6615 	 0.0190  	 	 2.3111 	 0.3877  	 	 2.4851 	 0.3624  	 	 9.8828 	 0.0119
[2024/05/12 05:02:56] - 4 		 929.0 	 	 196.3 	 	 0.1000 	 	  10.0 		 2.2119 	 0.4113 	 	 2.3416  	 0.3839  	 	 8.2195 	 0.0203  	 	 2.0105 	 0.4562  	 	 2.1581 	 0.4228  	 	 9.3744 	 0.0128
[2024/05/12 05:21:41] - 5 		 929.0 	 	 196.2 	 	 0.1000 	 	  10.0 		 2.0320 	 0.4508 	 	 2.1783  	 0.4175  	 	 8.6046 	 0.0224  	 	 1.9266 	 0.4793  	 	 2.1598 	 0.4421  	 	 10.6612 	 0.0122
[2024/05/12 05:40:26] - 6 		 928.5 	 	 196.0 	 	 0.1000 	 	  10.0 		 1.8904 	 0.4867 	 	 2.0483  	 0.4505  	 	 8.8968 	 0.0231  	 	 1.8085 	 0.5096  	 	 2.0046 	 0.4728  	 	 10.8077 	 0.0108
[2024/05/12 05:59:11] - 7 		 928.6 	 	 196.4 	 	 0.1000 	 	  10.0 		 1.7962 	 0.5078 	 	 1.9639  	 0.4671  	 	 9.1153 	 0.0254  	 	 1.7253 	 0.5259  	 	 1.9347 	 0.4810  	 	 10.9918 	 0.0117
[2024/05/12 06:17:55] - 8 		 928.0 	 	 196.0 	 	 0.1000 	 	  10.0 		 1.7212 	 0.5253 	 	 1.8955  	 0.4851  	 	 9.2749 	 0.0265  	 	 1.8180 	 0.4982  	 	 2.0618 	 0.4562  	 	 11.4444 	 0.0052
[2024/05/12 06:36:38] - 9 		 927.8 	 	 195.8 	 	 0.1000 	 	  10.0 		 1.6561 	 0.5427 	 	 1.8367  	 0.4984  	 	 9.3995 	 0.0274  	 	 1.6841 	 0.5456  	 	 1.9542 	 0.4999  	 	 12.1254 	 0.0149
[2024/05/12 06:55:22] - 10 		 927.8 	 	 195.7 	 	 0.1000 	 	  10.0 		 1.5951 	 0.5581 	 	 1.7793  	 0.5126  	 	 9.5286 	 0.0298  	 	 1.6818 	 0.5435  	 	 1.9485 	 0.4979  	 	 12.4170 	 0.0108
[2024/05/12 07:14:06] - 11 		 928.0 	 	 195.6 	 	 0.1000 	 	  10.0 		 1.5472 	 0.5685 	 	 1.7350  	 0.5228  	 	 9.6087 	 0.0289  	 	 1.6653 	 0.5477  	 	 1.9014 	 0.5018  	 	 11.8885 	 0.0136
[2024/05/12 07:32:49] - 12 		 927.6 	 	 195.5 	 	 0.1000 	 	  10.0 		 1.5126 	 0.5789 	 	 1.7032  	 0.5320  	 	 9.6832 	 0.0303  	 	 1.5564 	 0.5707  	 	 1.9291 	 0.5062  	 	 14.2796 	 0.0116
[2024/05/12 07:51:32] - 13 		 927.2 	 	 195.5 	 	 0.1000 	 	  10.0 		 1.4623 	 0.5908 	 	 1.6550  	 0.5435  	 	 9.7322 	 0.0320  	 	 1.5413 	 0.5758  	 	 1.7710 	 0.5313  	 	 11.4775 	 0.0114
[2024/05/12 08:10:14] - 14 		 927.2 	 	 195.3 	 	 0.1000 	 	  10.0 		 1.4309 	 0.6023 	 	 1.6274  	 0.5532  	 	 9.8441 	 0.0311  	 	 1.5638 	 0.5690  	 	 1.8645 	 0.5138  	 	 12.4917 	 0.0073
[2024/05/12 08:28:57] - 15 		 927.7 	 	 195.4 	 	 0.1000 	 	  10.0 		 1.3956 	 0.6087 	 	 1.5952  	 0.5577  	 	 9.8898 	 0.0335  	 	 1.5191 	 0.5797  	 	 1.8206 	 0.5253  	 	 13.3070 	 0.0115
[2024/05/12 08:47:40] - 16 		 927.1 	 	 195.4 	 	 0.1000 	 	  10.0 		 1.3758 	 0.6167 	 	 1.5748  	 0.5641  	 	 9.8643 	 0.0344  	 	 1.4707 	 0.5875  	 	 1.7475 	 0.5377  	 	 12.4851 	 0.0168
[2024/05/12 09:06:22] - 17 		 927.2 	 	 195.4 	 	 0.1000 	 	  10.0 		 1.3403 	 0.6267 	 	 1.5426  	 0.5745  	 	 9.9514 	 0.0346  	 	 1.5272 	 0.5855  	 	 1.8462 	 0.5312  	 	 13.2352 	 0.0113
[2024/05/12 09:25:05] - 18 		 927.1 	 	 195.3 	 	 0.1000 	 	  10.0 		 1.3190 	 0.6277 	 	 1.5261  	 0.5743  	 	 10.0188 	 0.0349  	 	 1.4405 	 0.6034  	 	 1.7463 	 0.5455  	 	 12.6746 	 0.0116
[2024/05/12 09:43:47] - 19 		 927.1 	 	 195.4 	 	 0.1000 	 	  10.0 		 1.3049 	 0.6334 	 	 1.5077  	 0.5820  	 	 9.9453 	 0.0355  	 	 1.3820 	 0.6153  	 	 1.7085 	 0.5581  	 	 13.5259 	 0.0102
[2024/05/12 10:02:30] - 20 		 927.3 	 	 195.5 	 	 0.1000 	 	  10.0 		 1.2798 	 0.6411 	 	 1.4860  	 0.5876  	 	 10.0529 	 0.0378  	 	 1.3899 	 0.6146  	 	 1.6952 	 0.5526  	 	 12.5105 	 0.0085
[2024/05/12 10:21:13] - 21 		 927.3 	 	 195.2 	 	 0.1000 	 	  10.0 		 1.2555 	 0.6479 	 	 1.4636  	 0.5942  	 	 10.1290 	 0.0367  	 	 1.4756 	 0.5947  	 	 1.8057 	 0.5360  	 	 13.7272 	 0.0113
[2024/05/12 10:39:55] - 22 		 927.0 	 	 195.4 	 	 0.1000 	 	  10.0 		 1.2448 	 0.6490 	 	 1.4528  	 0.5928  	 	 10.0923 	 0.0389  	 	 1.3876 	 0.6166  	 	 1.6869 	 0.5630  	 	 12.9992 	 0.0076
[2024/05/12 10:58:37] - 23 		 927.0 	 	 195.4 	 	 0.1000 	 	  10.0 		 1.2277 	 0.6544 	 	 1.4377  	 0.5991  	 	 10.1150 	 0.0403  	 	 1.4026 	 0.6154  	 	 1.7472 	 0.5565  	 	 13.8272 	 0.0119
[2024/05/12 11:17:20] - 24 		 927.2 	 	 195.2 	 	 0.1000 	 	  10.0 		 1.2168 	 0.6581 	 	 1.4260  	 0.6027  	 	 10.1483 	 0.0390  	 	 1.3917 	 0.6115  	 	 1.6979 	 0.5572  	 	 12.6279 	 0.0096
[2024/05/12 11:36:02] - 25 		 927.1 	 	 195.1 	 	 0.1000 	 	  10.0 		 1.1979 	 0.6618 	 	 1.4081  	 0.6056  	 	 10.1674 	 0.0398  	 	 1.4893 	 0.5870  	 	 1.8195 	 0.5309  	 	 13.4501 	 0.0092
[2024/05/12 11:54:45] - 26 		 927.2 	 	 195.4 	 	 0.1000 	 	  10.0 		 1.1842 	 0.6689 	 	 1.3964  	 0.6104  	 	 10.2049 	 0.0405  	 	 1.3949 	 0.6133  	 	 1.7795 	 0.5513  	 	 14.3287 	 0.0097
[2024/05/12 12:13:27] - 27 		 926.9 	 	 195.3 	 	 0.1000 	 	  10.0 		 1.1706 	 0.6685 	 	 1.3820  	 0.6111  	 	 10.2076 	 0.0418  	 	 1.3822 	 0.6222  	 	 1.7149 	 0.5661  	 	 13.4537 	 0.0105
[2024/05/12 12:32:10] - 28 		 927.1 	 	 195.4 	 	 0.1000 	 	  10.0 		 1.1609 	 0.6726 	 	 1.3723  	 0.6164  	 	 10.2617 	 0.0406  	 	 1.3339 	 0.6282  	 	 1.6466 	 0.5716  	 	 12.8361 	 0.0087
[2024/05/12 12:50:52] - 29 		 927.1 	 	 195.3 	 	 0.1000 	 	  10.0 		 1.1625 	 0.6723 	 	 1.3754  	 0.6163  	 	 10.2131 	 0.0420  	 	 1.3411 	 0.6241  	 	 1.7808 	 0.5559  	 	 15.1696 	 0.0107
[2024/05/12 13:09:35] - 30 		 927.2 	 	 195.3 	 	 0.1000 	 	  10.0 		 1.1476 	 0.6759 	 	 1.3584  	 0.6195  	 	 10.2269 	 0.0418  	 	 1.3481 	 0.6243  	 	 1.7067 	 0.5613  	 	 14.0866 	 0.0074
[2024/05/12 13:28:17] - 31 		 927.2 	 	 194.9 	 	 0.1000 	 	  10.0 		 1.1338 	 0.6805 	 	 1.3477  	 0.6235  	 	 10.2974 	 0.0434  	 	 1.3648 	 0.6223  	 	 1.6910 	 0.5641  	 	 13.1981 	 0.0162
[2024/05/12 13:46:57] - 32 		 925.5 	 	 194.6 	 	 0.1000 	 	  10.0 		 1.1320 	 0.6795 	 	 1.3462  	 0.6217  	 	 10.2853 	 0.0435  	 	 1.3553 	 0.6226  	 	 1.6460 	 0.5697  	 	 12.8500 	 0.0098
[2024/05/12 14:05:37] - 33 		 925.5 	 	 194.8 	 	 0.1000 	 	  10.0 		 1.1244 	 0.6822 	 	 1.3375  	 0.6236  	 	 10.2725 	 0.0450  	 	 1.3136 	 0.6292  	 	 1.6698 	 0.5684  	 	 13.6337 	 0.0128
[2024/05/12 14:24:17] - 34 		 925.2 	 	 194.7 	 	 0.1000 	 	  10.0 		 1.0979 	 0.6912 	 	 1.3122  	 0.6298  	 	 10.3497 	 0.0445  	 	 1.3869 	 0.6218  	 	 1.8539 	 0.5521  	 	 15.6463 	 0.0110
[2024/05/12 14:42:57] - 35 		 925.3 	 	 194.7 	 	 0.1000 	 	  10.0 		 1.1015 	 0.6881 	 	 1.3157  	 0.6299  	 	 10.3089 	 0.0458  	 	 1.3108 	 0.6334  	 	 1.6643 	 0.5723  	 	 14.0363 	 0.0124
[2024/05/12 15:01:39] - 36 		 925.6 	 	 195.3 	 	 0.1000 	 	  10.0 		 1.0942 	 0.6900 	 	 1.3097  	 0.6315  	 	 10.3768 	 0.0451  	 	 1.3888 	 0.6134  	 	 1.7397 	 0.5545  	 	 13.9809 	 0.0121
[2024/05/12 15:20:18] - 37 		 925.1 	 	 194.8 	 	 0.1000 	 	  10.0 		 1.0860 	 0.6935 	 	 1.3026  	 0.6346  	 	 10.4036 	 0.0435  	 	 1.2631 	 0.6483  	 	 1.6465 	 0.5764  	 	 14.2495 	 0.0107
[2024/05/12 15:38:59] - 38 		 925.6 	 	 194.7 	 	 0.1000 	 	  10.0 		 1.0808 	 0.6919 	 	 1.2974  	 0.6339  	 	 10.3965 	 0.0450  	 	 1.2955 	 0.6384  	 	 1.6375 	 0.5741  	 	 13.4807 	 0.0096
[2024/05/12 15:57:39] - 39 		 925.4 	 	 194.8 	 	 0.1000 	 	  10.0 		 1.0799 	 0.6926 	 	 1.2946  	 0.6340  	 	 10.3561 	 0.0460  	 	 1.4058 	 0.6145  	 	 1.8469 	 0.5398  	 	 14.7283 	 0.0082
[2024/05/12 16:16:21] - 40 		 926.3 	 	 195.1 	 	 0.1000 	 	  10.0 		 1.0714 	 0.6962 	 	 1.2894  	 0.6375  	 	 10.4124 	 0.0467  	 	 1.3781 	 0.6192  	 	 1.7244 	 0.5545  	 	 14.0209 	 0.0092
[2024/05/12 16:35:02] - 41 		 926.6 	 	 195.1 	 	 0.1000 	 	  10.0 		 1.0644 	 0.6981 	 	 1.2830  	 0.6386  	 	 10.4597 	 0.0465  	 	 1.2993 	 0.6399  	 	 1.6505 	 0.5756  	 	 13.8977 	 0.0141
[2024/05/12 16:53:44] - 42 		 926.4 	 	 195.1 	 	 0.1000 	 	  10.0 		 1.0602 	 0.7000 	 	 1.2761  	 0.6411  	 	 10.4119 	 0.0485  	 	 1.3228 	 0.6306  	 	 1.7363 	 0.5627  	 	 14.5081 	 0.0102
[2024/05/12 17:12:26] - 43 		 926.2 	 	 195.6 	 	 0.1000 	 	  10.0 		 1.0539 	 0.7013 	 	 1.2691  	 0.6417  	 	 10.4588 	 0.0472  	 	 1.3079 	 0.6334  	 	 1.6837 	 0.5719  	 	 13.9449 	 0.0112
[2024/05/12 17:31:07] - 44 		 926.1 	 	 194.4 	 	 0.1000 	 	  10.0 		 1.0472 	 0.7029 	 	 1.2649  	 0.6444  	 	 10.4795 	 0.0486  	 	 1.3128 	 0.6382  	 	 1.6974 	 0.5714  	 	 14.3811 	 0.0097
[2024/05/12 17:49:47] - 45 		 925.3 	 	 194.7 	 	 0.1000 	 	  10.0 		 1.0444 	 0.7046 	 	 1.2614  	 0.6449  	 	 10.4838 	 0.0468  	 	 1.3436 	 0.6272  	 	 1.6756 	 0.5692  	 	 13.7043 	 0.0085
[2024/05/12 18:08:27] - 46 		 925.2 	 	 194.7 	 	 0.1000 	 	  10.0 		 1.0351 	 0.7063 	 	 1.2502  	 0.6475  	 	 10.4547 	 0.0489  	 	 1.3758 	 0.6236  	 	 1.8279 	 0.5549  	 	 15.6771 	 0.0088
[2024/05/12 18:27:07] - 47 		 925.2 	 	 194.8 	 	 0.1000 	 	  10.0 		 1.0314 	 0.7089 	 	 1.2494  	 0.6479  	 	 10.5476 	 0.0469  	 	 1.3156 	 0.6373  	 	 1.7611 	 0.5666  	 	 15.5063 	 0.0086
[2024/05/12 18:45:47] - 48 		 925.2 	 	 194.7 	 	 0.1000 	 	  10.0 		 1.0327 	 0.7065 	 	 1.2506  	 0.6466  	 	 10.5160 	 0.0478  	 	 1.3039 	 0.6433  	 	 1.6849 	 0.5812  	 	 14.5597 	 0.0094
[2024/05/12 19:04:27] - 49 		 925.2 	 	 194.7 	 	 0.1000 	 	  10.0 		 1.0284 	 0.7080 	 	 1.2455  	 0.6467  	 	 10.4859 	 0.0493  	 	 1.2796 	 0.6436  	 	 1.6794 	 0.5823  	 	 14.5608 	 0.0084
[2024/05/12 19:23:07] - 50 		 925.1 	 	 194.8 	 	 0.1000 	 	  10.0 		 1.0182 	 0.7109 	 	 1.2356  	 0.6505  	 	 10.5309 	 0.0493  	 	 1.3255 	 0.6381  	 	 1.7252 	 0.5719  	 	 14.7259 	 0.0086
[2024/05/12 19:41:47] - 51 		 925.0 	 	 194.8 	 	 0.1000 	 	  10.0 		 1.0251 	 0.7110 	 	 1.2455  	 0.6488  	 	 10.5234 	 0.0490  	 	 1.2830 	 0.6403  	 	 1.6357 	 0.5761  	 	 13.9197 	 0.0076
[2024/05/12 20:00:27] - 52 		 925.0 	 	 194.7 	 	 0.1000 	 	  10.0 		 1.0121 	 0.7115 	 	 1.2289  	 0.6506  	 	 10.5029 	 0.0501  	 	 1.3169 	 0.6363  	 	 1.6358 	 0.5806  	 	 13.4591 	 0.0115
[2024/05/12 20:19:05] - 53 		 924.4 	 	 194.2 	 	 0.1000 	 	  10.0 		 1.0112 	 0.7149 	 	 1.2271  	 0.6541  	 	 10.5572 	 0.0493  	 	 1.3431 	 0.6238  	 	 1.6926 	 0.5655  	 	 13.2521 	 0.0124
[2024/05/12 20:37:44] - 54 		 924.6 	 	 194.1 	 	 0.1000 	 	  10.0 		 1.0157 	 0.7142 	 	 1.2328  	 0.6539  	 	 10.5171 	 0.0513  	 	 1.2521 	 0.6520  	 	 1.6577 	 0.5828  	 	 14.4850 	 0.0087
[2024/05/12 20:56:23] - 55 		 924.4 	 	 194.2 	 	 0.1000 	 	  10.0 		 1.0000 	 0.7159 	 	 1.2173  	 0.6565  	 	 10.6045 	 0.0494  	 	 1.2682 	 0.6492  	 	 1.5896 	 0.5892  	 	 13.6202 	 0.0076
[2024/05/12 21:15:02] - 56 		 924.5 	 	 194.5 	 	 0.1000 	 	  10.0 		 0.9957 	 0.7176 	 	 1.2137  	 0.6571  	 	 10.5884 	 0.0505  	 	 1.3127 	 0.6418  	 	 1.7092 	 0.5754  	 	 15.1072 	 0.0083
[2024/05/12 21:33:41] - 57 		 924.2 	 	 195.0 	 	 0.1000 	 	  10.0 		 1.0008 	 0.7137 	 	 1.2164  	 0.6569  	 	 10.5135 	 0.0520  	 	 1.4102 	 0.6185  	 	 1.8195 	 0.5592  	 	 15.2748 	 0.0092
[2024/05/12 21:52:20] - 58 		 924.8 	 	 194.4 	 	 0.1000 	 	  10.0 		 0.9907 	 0.7183 	 	 1.2098  	 0.6567  	 	 10.5886 	 0.0515  	 	 1.3194 	 0.6459  	 	 1.8006 	 0.5751  	 	 16.2568 	 0.0095
[2024/05/12 22:11:00] - 59 		 924.5 	 	 194.5 	 	 0.1000 	 	  10.0 		 0.9880 	 0.7186 	 	 1.2043  	 0.6587  	 	 10.5582 	 0.0508  	 	 1.2399 	 0.6599  	 	 1.6027 	 0.5936  	 	 14.3847 	 0.0078
[2024/05/12 22:29:39] - 60 		 924.8 	 	 194.6 	 	 0.1000 	 	  10.0 		 0.9927 	 0.7173 	 	 1.2112  	 0.6591  	 	 10.5784 	 0.0526  	 	 1.3029 	 0.6408  	 	 1.7128 	 0.5720  	 	 15.1019 	 0.0119
[2024/05/12 22:48:18] - 61 		 924.9 	 	 194.5 	 	 0.1000 	 	  10.0 		 0.9840 	 0.7214 	 	 1.2037  	 0.6615  	 	 10.5881 	 0.0528  	 	 1.2809 	 0.6453  	 	 1.6532 	 0.5795  	 	 14.3703 	 0.0129
[2024/05/12 23:06:57] - 62 		 924.4 	 	 194.4 	 	 0.1000 	 	  10.0 		 0.9761 	 0.7242 	 	 1.1911  	 0.6640  	 	 10.6105 	 0.0537  	 	 1.2928 	 0.6439  	 	 1.6411 	 0.5871  	 	 14.0258 	 0.0086
[2024/05/12 23:25:36] - 63 		 924.3 	 	 194.6 	 	 0.1000 	 	  10.0 		 1.0003 	 0.7162 	 	 1.2223  	 0.6551  	 	 10.6092 	 0.0510  	 	 1.3280 	 0.6275  	 	 1.7422 	 0.5601  	 	 14.8537 	 0.0121
[2024/05/12 23:44:16] - 64 		 924.8 	 	 194.5 	 	 0.1000 	 	  10.0 		 0.9758 	 0.7223 	 	 1.1945  	 0.6630  	 	 10.6454 	 0.0520  	 	 1.2949 	 0.6412  	 	 1.6668 	 0.5748  	 	 14.1288 	 0.0110
[2024/05/13 00:02:55] - 65 		 924.5 	 	 194.4 	 	 0.1000 	 	  10.0 		 0.9707 	 0.7262 	 	 1.1887  	 0.6658  	 	 10.6115 	 0.0525  	 	 1.3132 	 0.6360  	 	 1.7069 	 0.5712  	 	 14.7224 	 0.0123
[2024/05/13 00:21:34] - 66 		 925.3 	 	 194.4 	 	 0.1000 	 	  10.0 		 0.9710 	 0.7232 	 	 1.1867  	 0.6656  	 	 10.6117 	 0.0531  	 	 1.3973 	 0.6189  	 	 1.7781 	 0.5642  	 	 14.6316 	 0.0093
[2024/05/13 00:40:13] - 67 		 924.2 	 	 194.1 	 	 0.1000 	 	  10.0 		 0.9698 	 0.7205 	 	 1.1885  	 0.6615  	 	 10.6317 	 0.0529  	 	 1.3304 	 0.6355  	 	 1.8266 	 0.5656  	 	 16.3342 	 0.0077
[2024/05/13 00:58:52] - 68 		 924.6 	 	 194.4 	 	 0.1000 	 	  10.0 		 0.9661 	 0.7280 	 	 1.1849  	 0.6680  	 	 10.6191 	 0.0530  	 	 1.3153 	 0.6346  	 	 1.6562 	 0.5714  	 	 13.8982 	 0.0116
[2024/05/13 01:17:31] - 69 		 924.4 	 	 194.4 	 	 0.1000 	 	  10.0 		 0.9552 	 0.7289 	 	 1.1756  	 0.6653  	 	 10.6632 	 0.0535  	 	 1.3832 	 0.6254  	 	 1.7151 	 0.5688  	 	 13.9892 	 0.0132
[2024/05/13 01:36:10] - 70 		 924.2 	 	 194.5 	 	 0.1000 	 	  10.0 		 0.9721 	 0.7224 	 	 1.1907  	 0.6630  	 	 10.6670 	 0.0539  	 	 1.2383 	 0.6513  	 	 1.6007 	 0.5874  	 	 14.1254 	 0.0141
[2024/05/13 01:54:49] - 71 		 924.5 	 	 194.5 	 	 0.1000 	 	  10.0 		 0.9634 	 0.7255 	 	 1.1829  	 0.6662  	 	 10.6366 	 0.0541  	 	 1.2399 	 0.6515  	 	 1.5654 	 0.5936  	 	 13.4765 	 0.0130
[2024/05/13 02:13:28] - 72 		 924.6 	 	 194.6 	 	 0.1000 	 	  10.0 		 0.9659 	 0.7256 	 	 1.1869  	 0.6645  	 	 10.6479 	 0.0529  	 	 1.2908 	 0.6442  	 	 1.7093 	 0.5739  	 	 14.6747 	 0.0116
[2024/05/13 02:32:07] - 73 		 924.4 	 	 194.7 	 	 0.1000 	 	  10.0 		 0.9557 	 0.7262 	 	 1.1770  	 0.6668  	 	 10.6882 	 0.0528  	 	 1.2360 	 0.6570  	 	 1.5849 	 0.5969  	 	 13.9758 	 0.0113
[2024/05/13 02:50:47] - 74 		 925.3 	 	 194.4 	 	 0.1000 	 	  10.0 		 0.9498 	 0.7276 	 	 1.1683  	 0.6677  	 	 10.6391 	 0.0543  	 	 1.3035 	 0.6382  	 	 1.6456 	 0.5820  	 	 13.7814 	 0.0137
[2024/05/13 03:09:27] - 75 		 925.0 	 	 194.7 	 	 0.1000 	 	  10.0 		 0.9507 	 0.7293 	 	 1.1714  	 0.6665  	 	 10.7196 	 0.0536  	 	 1.2077 	 0.6661  	 	 1.5983 	 0.5991  	 	 14.7852 	 0.0123
[2024/05/13 03:28:06] - 76 		 924.4 	 	 194.8 	 	 0.1000 	 	  10.0 		 0.9557 	 0.7278 	 	 1.1755  	 0.6668  	 	 10.6742 	 0.0543  	 	 1.2206 	 0.6613  	 	 1.5981 	 0.5962  	 	 14.6502 	 0.0126
[2024/05/13 03:46:45] - 77 		 924.7 	 	 194.4 	 	 0.1000 	 	  10.0 		 0.9482 	 0.7301 	 	 1.1678  	 0.6684  	 	 10.7003 	 0.0535  	 	 1.3275 	 0.6345  	 	 1.6878 	 0.5723  	 	 14.1997 	 0.0105
[2024/05/13 04:05:24] - 78 		 924.6 	 	 194.4 	 	 0.1000 	 	  10.0 		 0.9382 	 0.7329 	 	 1.1566  	 0.6730  	 	 10.6636 	 0.0550  	 	 1.3506 	 0.6378  	 	 1.7108 	 0.5747  	 	 13.4878 	 0.0136
[2024/05/13 04:24:04] - 79 		 924.5 	 	 194.7 	 	 0.1000 	 	  10.0 		 0.9541 	 0.7279 	 	 1.1754  	 0.6657  	 	 10.7145 	 0.0550  	 	 1.2592 	 0.6530  	 	 1.6752 	 0.5794  	 	 14.7260 	 0.0116
[2024/05/13 04:42:43] - 80 		 925.4 	 	 194.4 	 	 0.1000 	 	  10.0 		 0.9493 	 0.7303 	 	 1.1698  	 0.6694  	 	 10.7054 	 0.0544  	 	 1.2594 	 0.6504  	 	 1.6363 	 0.5846  	 	 14.4069 	 0.0109
[2024/05/13 05:01:23] - 81 		 924.9 	 	 194.7 	 	 0.1000 	 	  10.0 		 0.9525 	 0.7277 	 	 1.1734  	 0.6674  	 	 10.6859 	 0.0532  	 	 1.3017 	 0.6425  	 	 1.6783 	 0.5825  	 	 14.5374 	 0.0111
[2024/05/13 05:20:02] - 82 		 924.3 	 	 194.6 	 	 0.1000 	 	  10.0 		 0.9434 	 0.7344 	 	 1.1627  	 0.6736  	 	 10.6721 	 0.0563  	 	 1.3975 	 0.6294  	 	 1.9186 	 0.5557  	 	 16.3368 	 0.0103
[2024/05/13 05:38:41] - 83 		 924.0 	 	 194.4 	 	 0.1000 	 	  10.0 		 0.9492 	 0.7312 	 	 1.1675  	 0.6718  	 	 10.6802 	 0.0532  	 	 1.2524 	 0.6512  	 	 1.6655 	 0.5819  	 	 14.9431 	 0.0118
[2024/05/13 05:57:20] - 84 		 924.4 	 	 194.4 	 	 0.1000 	 	  10.0 		 0.9426 	 0.7330 	 	 1.1617  	 0.6719  	 	 10.7202 	 0.0536  	 	 1.2782 	 0.6464  	 	 1.6378 	 0.5827  	 	 13.8275 	 0.0146
[2024/05/13 06:15:58] - 85 		 924.2 	 	 194.5 	 	 0.1000 	 	  10.0 		 0.9401 	 0.7313 	 	 1.1577  	 0.6711  	 	 10.6487 	 0.0548  	 	 1.2919 	 0.6485  	 	 1.7513 	 0.5817  	 	 15.6803 	 0.0126
[2024/05/13 06:34:37] - 86 		 924.2 	 	 194.3 	 	 0.1000 	 	  10.0 		 0.9392 	 0.7321 	 	 1.1575  	 0.6709  	 	 10.6991 	 0.0548  	 	 1.3564 	 0.6314  	 	 1.8541 	 0.5583  	 	 15.9067 	 0.0127
[2024/05/13 06:53:16] - 87 		 924.2 	 	 194.4 	 	 0.1000 	 	  10.0 		 0.9376 	 0.7330 	 	 1.1573  	 0.6725  	 	 10.7270 	 0.0551  	 	 1.2882 	 0.6449  	 	 1.6966 	 0.5759  	 	 14.9073 	 0.0101
[2024/05/13 07:11:54] - 88 		 924.0 	 	 194.4 	 	 0.1000 	 	  10.0 		 0.9337 	 0.7335 	 	 1.1533  	 0.6715  	 	 10.6747 	 0.0561  	 	 1.2499 	 0.6536  	 	 1.6195 	 0.5882  	 	 14.2626 	 0.0102
[2024/05/13 07:30:33] - 89 		 924.1 	 	 194.4 	 	 0.1000 	 	  10.0 		 0.9271 	 0.7350 	 	 1.1478  	 0.6728  	 	 10.7131 	 0.0569  	 	 1.2319 	 0.6578  	 	 1.6309 	 0.5828  	 	 15.0261 	 0.0062
[2024/05/13 07:49:11] - 90 		 923.9 	 	 194.6 	 	 0.1000 	 	  10.0 		 0.9282 	 0.7343 	 	 1.1465  	 0.6743  	 	 10.7787 	 0.0548  	 	 1.2334 	 0.6595  	 	 1.6356 	 0.5939  	 	 14.6849 	 0.0089
[2024/05/13 08:07:50] - 91 		 924.1 	 	 194.4 	 	 0.1000 	 	  10.0 		 0.9311 	 0.7324 	 	 1.1519  	 0.6709  	 	 10.7464 	 0.0545  	 	 1.3019 	 0.6470  	 	 1.6481 	 0.5886  	 	 14.5545 	 0.0086
[2024/05/13 08:26:28] - 92 		 923.8 	 	 194.7 	 	 0.1000 	 	  10.0 		 0.9393 	 0.7322 	 	 1.1606  	 0.6724  	 	 10.7059 	 0.0560  	 	 1.3212 	 0.6408  	 	 1.7405 	 0.5727  	 	 15.1248 	 0.0125
[2024/05/13 08:45:07] - 93 		 923.8 	 	 194.5 	 	 0.1000 	 	  10.0 		 0.9288 	 0.7350 	 	 1.1473  	 0.6754  	 	 10.7272 	 0.0558  	 	 1.2603 	 0.6516  	 	 1.6942 	 0.5777  	 	 15.5015 	 0.0082
[2024/05/13 09:03:45] - 94 		 923.9 	 	 194.4 	 	 0.1000 	 	  10.0 		 0.9281 	 0.7357 	 	 1.1491  	 0.6749  	 	 10.7732 	 0.0546  	 	 1.2040 	 0.6632  	 	 1.6066 	 0.5920  	 	 15.0176 	 0.0100
[2024/05/13 09:22:24] - 95 		 924.1 	 	 194.4 	 	 0.1000 	 	  10.0 		 0.9297 	 0.7383 	 	 1.1508  	 0.6753  	 	 10.7635 	 0.0559  	 	 1.2834 	 0.6453  	 	 1.6729 	 0.5806  	 	 14.7085 	 0.0119
[2024/05/13 09:41:02] - 96 		 923.9 	 	 194.6 	 	 0.1000 	 	  10.0 		 0.9255 	 0.7356 	 	 1.1444  	 0.6736  	 	 10.7381 	 0.0548  	 	 1.3359 	 0.6401  	 	 1.8213 	 0.5695  	 	 16.7209 	 0.0123
[2024/05/13 09:59:41] - 97 		 924.5 	 	 194.2 	 	 0.1000 	 	  10.0 		 0.9223 	 0.7361 	 	 1.1413  	 0.6754  	 	 10.7102 	 0.0560  	 	 1.2790 	 0.6450  	 	 1.6301 	 0.5820  	 	 14.3076 	 0.0149
[2024/05/13 10:18:19] - 98 		 924.0 	 	 194.2 	 	 0.1000 	 	  10.0 		 0.9157 	 0.7386 	 	 1.1351  	 0.6783  	 	 10.7677 	 0.0565  	 	 1.2278 	 0.6577  	 	 1.6178 	 0.5880  	 	 14.8297 	 0.0128
[2024/05/13 10:36:58] - 99 		 923.9 	 	 194.7 	 	 0.0100 	 	  10.0 		 0.9185 	 0.7375 	 	 1.1398  	 0.6766  	 	 10.7925 	 0.0570  	 	 1.2433 	 0.6608  	 	 1.6457 	 0.5859  	 	 15.0310 	 0.0086
[2024/05/13 10:55:36] - 100 		 923.7 	 	 194.3 	 	 0.0100 	 	  10.0 		 0.4831 	 0.8731 	 	 0.6150  	 0.8267  	 	 10.2063 	 0.0908  	 	 0.9195 	 0.7424  	 	 1.3638 	 0.6704  	 	 15.8826 	 0.0161
[2024/05/13 11:14:14] - 101 		 923.8 	 	 194.3 	 	 0.0100 	 	  10.0 		 0.3349 	 0.9132 	 	 0.4475  	 0.8726  	 	 10.3925 	 0.1066  	 	 0.8782 	 0.7549  	 	 1.3165 	 0.6898  	 	 15.6595 	 0.0169
[2024/05/13 11:32:53] - 102 		 923.7 	 	 194.3 	 	 0.0100 	 	  10.0 		 0.2701 	 0.9318 	 	 0.3726  	 0.8949  	 	 10.5147 	 0.1172  	 	 0.9082 	 0.7537  	 	 1.3981 	 0.6874  	 	 16.0421 	 0.0177
[2024/05/13 11:51:31] - 103 		 923.7 	 	 194.4 	 	 0.0100 	 	  10.0 		 0.2291 	 0.9442 	 	 0.3260  	 0.9082  	 	 10.6516 	 0.1239  	 	 0.8876 	 0.7584  	 	 1.4246 	 0.6861  	 	 16.6464 	 0.0172
[2024/05/13 12:10:09] - 104 		 923.9 	 	 194.3 	 	 0.0100 	 	  10.0 		 0.1956 	 0.9546 	 	 0.2830  	 0.9211  	 	 10.7194 	 0.1295  	 	 0.9421 	 0.7433  	 	 1.4681 	 0.6734  	 	 16.5541 	 0.0184
[2024/05/13 12:28:47] - 105 		 923.8 	 	 194.3 	 	 0.0100 	 	  10.0 		 0.1688 	 0.9626 	 	 0.2509  	 0.9295  	 	 10.7889 	 0.1365  	 	 0.9335 	 0.7518  	 	 1.6573 	 0.6693  	 	 18.5755 	 0.0149
[2024/05/13 12:47:25] - 106 		 924.0 	 	 194.4 	 	 0.0100 	 	  10.0 		 0.1456 	 0.9689 	 	 0.2239  	 0.9396  	 	 10.9103 	 0.1377  	 	 0.9233 	 0.7515  	 	 1.5675 	 0.6764  	 	 17.5731 	 0.0173
[2024/05/13 13:06:04] - 107 		 924.2 	 	 194.2 	 	 0.0100 	 	  10.0 		 0.1244 	 0.9741 	 	 0.1954  	 0.9473  	 	 10.9257 	 0.1430  	 	 0.9557 	 0.7506  	 	 1.6657 	 0.6728  	 	 18.3487 	 0.0161
[2024/05/13 13:24:42] - 108 		 923.8 	 	 194.4 	 	 0.0100 	 	  10.0 		 0.1114 	 0.9786 	 	 0.1788  	 0.9527  	 	 10.9722 	 0.1446  	 	 0.9829 	 0.7431  	 	 1.7432 	 0.6585  	 	 18.6496 	 0.0125
[2024/05/13 13:43:21] - 109 		 924.1 	 	 194.4 	 	 0.0100 	 	  10.0 		 0.1012 	 0.9808 	 	 0.1638  	 0.9577  	 	 11.0388 	 0.1511  	 	 0.9807 	 0.7470  	 	 1.7502 	 0.6721  	 	 18.6625 	 0.0141
[2024/05/13 14:01:59] - 110 		 924.1 	 	 194.3 	 	 0.0100 	 	  10.0 		 0.0915 	 0.9835 	 	 0.1539  	 0.9606  	 	 11.0212 	 0.1527  	 	 0.9804 	 0.7454  	 	 1.7857 	 0.6665  	 	 18.9079 	 0.0151
[2024/05/13 14:20:38] - 111 		 924.1 	 	 194.4 	 	 0.0100 	 	  10.0 		 0.0845 	 0.9852 	 	 0.1427  	 0.9635  	 	 10.9660 	 0.1579  	 	 0.9628 	 0.7518  	 	 1.8092 	 0.6664  	 	 19.0930 	 0.0125
[2024/05/13 14:39:16] - 112 		 923.9 	 	 194.5 	 	 0.0100 	 	  10.0 		 0.0787 	 0.9866 	 	 0.1341  	 0.9665  	 	 11.0159 	 0.1564  	 	 1.0617 	 0.7352  	 	 1.9907 	 0.6470  	 	 19.8129 	 0.0121
[2024/05/13 14:57:56] - 113 		 924.7 	 	 194.4 	 	 0.0100 	 	  10.0 		 0.0706 	 0.9890 	 	 0.1225  	 0.9703  	 	 11.0166 	 0.1587  	 	 1.0387 	 0.7415  	 	 1.9629 	 0.6589  	 	 19.9963 	 0.0142
[2024/05/13 15:16:34] - 114 		 924.2 	 	 194.4 	 	 0.0100 	 	  10.0 		 0.0672 	 0.9901 	 	 0.1195  	 0.9704  	 	 11.0462 	 0.1622  	 	 0.9928 	 0.7507  	 	 1.8318 	 0.6661  	 	 18.9447 	 0.0143
[2024/05/13 15:35:14] - 115 		 924.6 	 	 194.6 	 	 0.0100 	 	  10.0 		 0.0666 	 0.9891 	 	 0.1179  	 0.9711  	 	 10.9289 	 0.1635  	 	 1.0339 	 0.7397  	 	 1.8975 	 0.6589  	 	 18.9098 	 0.0151
[2024/05/13 15:53:53] - 116 		 924.5 	 	 194.4 	 	 0.0100 	 	  10.0 		 0.0653 	 0.9897 	 	 0.1175  	 0.9711  	 	 10.8681 	 0.1652  	 	 1.0191 	 0.7400  	 	 1.9441 	 0.6559  	 	 20.0529 	 0.0157
[2024/05/13 16:12:31] - 117 		 924.3 	 	 194.4 	 	 0.0100 	 	  10.0 		 0.0638 	 0.9900 	 	 0.1150  	 0.9720  	 	 10.9255 	 0.1607  	 	 1.0379 	 0.7414  	 	 1.8673 	 0.6583  	 	 18.6711 	 0.0169
[2024/05/13 16:31:10] - 118 		 924.2 	 	 194.6 	 	 0.0100 	 	  10.0 		 0.0618 	 0.9913 	 	 0.1106  	 0.9730  	 	 10.8907 	 0.1616  	 	 1.0083 	 0.7487  	 	 1.8628 	 0.6663  	 	 19.0036 	 0.0130
[2024/05/13 16:49:49] - 119 		 924.0 	 	 194.6 	 	 0.0100 	 	  10.0 		 0.0597 	 0.9909 	 	 0.1086  	 0.9735  	 	 10.8946 	 0.1630  	 	 1.0672 	 0.7364  	 	 1.9428 	 0.6596  	 	 19.4736 	 0.0140
[2024/05/13 17:08:28] - 120 		 924.4 	 	 194.3 	 	 0.0100 	 	  10.0 		 0.0562 	 0.9919 	 	 0.1026  	 0.9762  	 	 10.8653 	 0.1607  	 	 1.0514 	 0.7363  	 	 1.9242 	 0.6599  	 	 19.2208 	 0.0148
[2024/05/13 17:27:07] - 121 		 925.0 	 	 194.5 	 	 0.0100 	 	  10.0 		 0.0584 	 0.9917 	 	 0.1085  	 0.9742  	 	 10.7942 	 0.1628  	 	 1.0742 	 0.7362  	 	 2.0743 	 0.6497  	 	 20.2836 	 0.0149
[2024/05/13 17:45:48] - 122 		 925.3 	 	 194.8 	 	 0.0100 	 	  10.0 		 0.0605 	 0.9909 	 	 0.1111  	 0.9732  	 	 10.7468 	 0.1631  	 	 1.1073 	 0.7306  	 	 2.0389 	 0.6461  	 	 19.6500 	 0.0137
[2024/05/13 18:04:27] - 123 		 925.0 	 	 194.5 	 	 0.0100 	 	  10.0 		 0.0602 	 0.9904 	 	 0.1119  	 0.9730  	 	 10.7757 	 0.1619  	 	 1.0436 	 0.7431  	 	 1.8904 	 0.6597  	 	 19.2267 	 0.0153
[2024/05/13 18:23:07] - 124 		 924.8 	 	 194.9 	 	 0.0100 	 	  10.0 		 0.0618 	 0.9904 	 	 0.1144  	 0.9720  	 	 10.6784 	 0.1622  	 	 1.1050 	 0.7284  	 	 2.0145 	 0.6418  	 	 19.5760 	 0.0163
[2024/05/13 18:41:47] - 125 		 924.7 	 	 195.0 	 	 0.0100 	 	  10.0 		 0.0608 	 0.9908 	 	 0.1118  	 0.9728  	 	 10.6700 	 0.1631  	 	 1.0630 	 0.7366  	 	 1.9020 	 0.6538  	 	 18.9314 	 0.0147
[2024/05/13 19:00:26] - 126 		 925.0 	 	 194.4 	 	 0.0100 	 	  10.0 		 0.0655 	 0.9898 	 	 0.1212  	 0.9706  	 	 10.6767 	 0.1590  	 	 1.0430 	 0.7413  	 	 1.8540 	 0.6613  	 	 18.5059 	 0.0154
[2024/05/13 19:19:05] - 127 		 924.7 	 	 194.3 	 	 0.0100 	 	  10.0 		 0.0661 	 0.9894 	 	 0.1217  	 0.9704  	 	 10.6244 	 0.1595  	 	 1.0673 	 0.7371  	 	 1.8418 	 0.6588  	 	 17.9571 	 0.0163
[2024/05/13 19:37:44] - 128 		 924.6 	 	 194.4 	 	 0.0100 	 	  10.0 		 0.0660 	 0.9895 	 	 0.1228  	 0.9696  	 	 10.7000 	 0.1568  	 	 1.0379 	 0.7420  	 	 1.9194 	 0.6569  	 	 19.1120 	 0.0165
[2024/05/13 19:56:23] - 129 		 923.9 	 	 194.2 	 	 0.0100 	 	  10.0 		 0.0657 	 0.9895 	 	 0.1233  	 0.9706  	 	 10.6215 	 0.1616  	 	 1.0853 	 0.7294  	 	 1.9227 	 0.6512  	 	 18.8490 	 0.0187
[2024/05/13 20:15:01] - 130 		 923.8 	 	 194.3 	 	 0.0100 	 	  10.0 		 0.0681 	 0.9889 	 	 0.1286  	 0.9693  	 	 10.5850 	 0.1607  	 	 1.0836 	 0.7351  	 	 2.0944 	 0.6426  	 	 20.0233 	 0.0155
[2024/05/13 20:33:39] - 131 		 924.2 	 	 194.2 	 	 0.0100 	 	  10.0 		 0.0715 	 0.9877 	 	 0.1345  	 0.9669  	 	 10.6126 	 0.1579  	 	 1.1169 	 0.7238  	 	 1.8794 	 0.6493  	 	 18.2184 	 0.0190
[2024/05/13 20:52:20] - 132 		 926.3 	 	 194.3 	 	 0.0100 	 	  10.0 		 0.0709 	 0.9885 	 	 0.1320  	 0.9683  	 	 10.5466 	 0.1595  	 	 1.0685 	 0.7362  	 	 1.9066 	 0.6540  	 	 19.0066 	 0.0150
[2024/05/13 21:10:59] - 133 		 923.9 	 	 194.6 	 	 0.0100 	 	  10.0 		 0.0681 	 0.9887 	 	 0.1275  	 0.9690  	 	 10.5521 	 0.1613  	 	 1.1041 	 0.7263  	 	 2.0037 	 0.6401  	 	 19.6560 	 0.0126
[2024/05/13 21:29:36] - 134 		 923.7 	 	 194.2 	 	 0.0100 	 	  10.0 		 0.0750 	 0.9868 	 	 0.1379  	 0.9653  	 	 10.5472 	 0.1598  	 	 1.0568 	 0.7325  	 	 1.8782 	 0.6501  	 	 18.5519 	 0.0163
[2024/05/13 21:48:15] - 135 		 923.9 	 	 194.4 	 	 0.0100 	 	  10.0 		 0.0767 	 0.9863 	 	 0.1421  	 0.9646  	 	 10.5374 	 0.1580  	 	 1.0941 	 0.7253  	 	 1.9452 	 0.6395  	 	 18.6251 	 0.0150
[2024/05/13 22:06:54] - 136 		 924.6 	 	 194.2 	 	 0.0100 	 	  10.0 		 0.0781 	 0.9866 	 	 0.1452  	 0.9640  	 	 10.5682 	 0.1557  	 	 1.0984 	 0.7288  	 	 1.8546 	 0.6503  	 	 18.1195 	 0.0152
[2024/05/13 22:25:33] - 137 		 924.4 	 	 194.3 	 	 0.0100 	 	  10.0 		 0.0759 	 0.9871 	 	 0.1403  	 0.9657  	 	 10.5346 	 0.1587  	 	 1.0764 	 0.7287  	 	 1.8294 	 0.6432  	 	 17.5632 	 0.0167
[2024/05/13 22:44:11] - 138 		 923.8 	 	 194.3 	 	 0.0100 	 	  10.0 		 0.0814 	 0.9850 	 	 0.1524  	 0.9611  	 	 10.5489 	 0.1552  	 	 1.1486 	 0.7198  	 	 2.0158 	 0.6427  	 	 19.0858 	 0.0154
[2024/05/13 23:02:49] - 139 		 924.5 	 	 194.2 	 	 0.0100 	 	  10.0 		 0.0777 	 0.9866 	 	 0.1461  	 0.9637  	 	 10.5905 	 0.1561  	 	 1.1620 	 0.7180  	 	 2.0362 	 0.6419  	 	 18.8951 	 0.0175
[2024/05/13 23:21:29] - 140 		 924.2 	 	 194.9 	 	 0.0100 	 	  10.0 		 0.0793 	 0.9864 	 	 0.1488  	 0.9630  	 	 10.5774 	 0.1555  	 	 1.1704 	 0.7137  	 	 2.0244 	 0.6360  	 	 18.5659 	 0.0188
[2024/05/13 23:40:08] - 141 		 924.2 	 	 194.9 	 	 0.0100 	 	  10.0 		 0.0888 	 0.9834 	 	 0.1649  	 0.9578  	 	 10.5247 	 0.1553  	 	 1.1193 	 0.7208  	 	 1.8719 	 0.6460  	 	 18.0517 	 0.0142
[2024/05/13 23:58:46] - 142 		 924.2 	 	 194.2 	 	 0.0100 	 	  10.0 		 0.0838 	 0.9847 	 	 0.1549  	 0.9613  	 	 10.5627 	 0.1534  	 	 1.0964 	 0.7259  	 	 1.8600 	 0.6481  	 	 18.2051 	 0.0198
[2024/05/14 00:17:25] - 143 		 924.1 	 	 194.5 	 	 0.0100 	 	  10.0 		 0.0809 	 0.9864 	 	 0.1500  	 0.9626  	 	 10.5135 	 0.1589  	 	 1.1421 	 0.7218  	 	 2.0783 	 0.6346  	 	 19.3609 	 0.0160
[2024/05/14 00:36:04] - 144 		 924.5 	 	 194.4 	 	 0.0100 	 	  10.0 		 0.0884 	 0.9830 	 	 0.1653  	 0.9567  	 	 10.5569 	 0.1525  	 	 1.1334 	 0.7180  	 	 1.9482 	 0.6391  	 	 18.3779 	 0.0181
[2024/05/14 00:54:42] - 145 		 924.0 	 	 194.3 	 	 0.0100 	 	  10.0 		 0.0876 	 0.9835 	 	 0.1610  	 0.9593  	 	 10.4733 	 0.1585  	 	 1.1401 	 0.7188  	 	 1.9361 	 0.6405  	 	 18.3148 	 0.0162
[2024/05/14 01:13:21] - 146 		 924.6 	 	 194.4 	 	 0.0100 	 	  10.0 		 0.0866 	 0.9842 	 	 0.1609  	 0.9595  	 	 10.5204 	 0.1560  	 	 1.1602 	 0.7115  	 	 2.0383 	 0.6307  	 	 19.1158 	 0.0161
[2024/05/14 01:32:00] - 147 		 924.1 	 	 194.2 	 	 0.0100 	 	  10.0 		 0.0876 	 0.9839 	 	 0.1627  	 0.9585  	 	 10.5227 	 0.1550  	 	 1.2079 	 0.7113  	 	 2.2039 	 0.6328  	 	 20.0572 	 0.0149
[2024/05/14 01:50:38] - 148 		 923.7 	 	 194.6 	 	 0.0100 	 	  10.0 		 0.0853 	 0.9853 	 	 0.1588  	 0.9609  	 	 10.5205 	 0.1570  	 	 1.1278 	 0.7233  	 	 1.9435 	 0.6384  	 	 18.2921 	 0.0194
[2024/05/14 02:09:17] - 149 		 924.7 	 	 194.4 	 	 0.0010 	 	  10.0 		 0.0883 	 0.9829 	 	 0.1639  	 0.9575  	 	 10.4704 	 0.1568  	 	 1.2302 	 0.7018  	 	 2.1269 	 0.6205  	 	 19.1586 	 0.0160
[2024/05/14 02:27:57] - 150 		 925.0 	 	 194.5 	 	 0.0010 	 	  10.0 		 0.0414 	 0.9950 	 	 0.0726  	 0.9848  	 	 10.1184 	 0.1835  	 	 1.0334 	 0.7465  	 	 1.9401 	 0.6586  	 	 19.2394 	 0.0205
[2024/05/14 02:46:37] - 151 		 925.5 	 	 194.3 	 	 0.0010 	 	  10.0 		 0.0227 	 0.9979 	 	 0.0390  	 0.9929  	 	 10.0495 	 0.1929  	 	 1.0379 	 0.7466  	 	 1.9724 	 0.6608  	 	 19.3475 	 0.0232
[2024/05/14 03:05:16] - 152 		 924.9 	 	 194.4 	 	 0.0010 	 	  10.0 		 0.0179 	 0.9987 	 	 0.0303  	 0.9944  	 	 10.0926 	 0.1970  	 	 1.0909 	 0.7466  	 	 2.1880 	 0.6569  	 	 20.5767 	 0.0167
[2024/05/14 03:23:56] - 153 		 924.9 	 	 194.8 	 	 0.0010 	 	  10.0 		 0.0152 	 0.9990 	 	 0.0252  	 0.9957  	 	 10.1102 	 0.1972  	 	 1.0368 	 0.7544  	 	 2.0350 	 0.6715  	 	 19.4832 	 0.0205
[2024/05/14 03:42:35] - 154 		 924.9 	 	 194.2 	 	 0.0010 	 	  10.0 		 0.0137 	 0.9992 	 	 0.0223  	 0.9961  	 	 10.1300 	 0.1983  	 	 1.0615 	 0.7464  	 	 2.0228 	 0.6635  	 	 19.0639 	 0.0221
[2024/05/14 04:01:14] - 155 		 924.5 	 	 194.4 	 	 0.0010 	 	  10.0 		 0.0126 	 0.9992 	 	 0.0212  	 0.9964  	 	 10.1299 	 0.1991  	 	 1.0178 	 0.7567  	 	 1.9608 	 0.6714  	 	 18.7182 	 0.0220
[2024/05/14 04:19:53] - 156 		 924.5 	 	 194.6 	 	 0.0010 	 	  10.0 		 0.0115 	 0.9993 	 	 0.0187  	 0.9970  	 	 10.1483 	 0.1997  	 	 1.0595 	 0.7456  	 	 2.1152 	 0.6606  	 	 19.7160 	 0.0192
[2024/05/14 04:38:33] - 157 		 925.5 	 	 194.7 	 	 0.0010 	 	  10.0 		 0.0106 	 0.9994 	 	 0.0181  	 0.9969  	 	 10.1883 	 0.1984  	 	 1.0652 	 0.7512  	 	 2.2091 	 0.6682  	 	 20.7548 	 0.0189
[2024/05/14 04:57:14] - 158 		 925.7 	 	 194.9 	 	 0.0010 	 	  10.0 		 0.0101 	 0.9992 	 	 0.0166  	 0.9974  	 	 10.1394 	 0.2017  	 	 1.0225 	 0.7530  	 	 2.2638 	 0.6595  	 	 20.6399 	 0.0166
[2024/05/14 05:15:53] - 159 		 924.9 	 	 194.3 	 	 0.0010 	 	  10.0 		 0.0095 	 0.9994 	 	 0.0165  	 0.9975  	 	 10.1677 	 0.1997  	 	 1.0312 	 0.7564  	 	 2.2694 	 0.6642  	 	 21.0084 	 0.0183
[2024/05/14 05:34:32] - 160 		 924.8 	 	 194.5 	 	 0.0010 	 	  10.0 		 0.0094 	 0.9993 	 	 0.0149  	 0.9975  	 	 10.1639 	 0.2010  	 	 1.0301 	 0.7593  	 	 2.1245 	 0.6735  	 	 20.2826 	 0.0212
[2024/05/14 05:53:12] - 161 		 924.9 	 	 194.8 	 	 0.0010 	 	  10.0 		 0.0092 	 0.9992 	 	 0.0153  	 0.9975  	 	 10.1864 	 0.1985  	 	 1.0368 	 0.7526  	 	 2.1620 	 0.6659  	 	 20.1211 	 0.0193
[2024/05/14 06:11:52] - 162 		 925.3 	 	 194.6 	 	 0.0010 	 	  10.0 		 0.0091 	 0.9994 	 	 0.0158  	 0.9975  	 	 10.1399 	 0.2002  	 	 1.0657 	 0.7467  	 	 2.1093 	 0.6662  	 	 19.6010 	 0.0235
[2024/05/14 06:30:32] - 163 		 924.9 	 	 194.5 	 	 0.0010 	 	  10.0 		 0.0084 	 0.9994 	 	 0.0133  	 0.9979  	 	 10.1052 	 0.2020  	 	 1.0149 	 0.7605  	 	 2.1107 	 0.6679  	 	 19.8458 	 0.0207
[2024/05/14 06:49:11] - 164 		 924.5 	 	 194.4 	 	 0.0010 	 	  10.0 		 0.0080 	 0.9994 	 	 0.0123  	 0.9981  	 	 10.1527 	 0.1994  	 	 1.0496 	 0.7472  	 	 2.0185 	 0.6670  	 	 18.4047 	 0.0236
[2024/05/14 07:07:49] - 165 		 924.3 	 	 194.2 	 	 0.0010 	 	  10.0 		 0.0079 	 0.9993 	 	 0.0127  	 0.9980  	 	 10.2294 	 0.1957  	 	 1.0396 	 0.7499  	 	 2.0570 	 0.6703  	 	 18.7220 	 0.0262
[2024/05/14 07:26:28] - 166 		 924.4 	 	 194.2 	 	 0.0010 	 	  10.0 		 0.0078 	 0.9993 	 	 0.0126  	 0.9979  	 	 10.2161 	 0.1959  	 	 1.0524 	 0.7544  	 	 2.1793 	 0.6705  	 	 20.1398 	 0.0200
[2024/05/14 07:45:08] - 167 		 925.3 	 	 194.5 	 	 0.0010 	 	  10.0 		 0.0075 	 0.9995 	 	 0.0118  	 0.9983  	 	 10.2454 	 0.1943  	 	 1.0399 	 0.7539  	 	 2.0701 	 0.6705  	 	 19.2285 	 0.0253
[2024/05/14 08:03:48] - 168 		 925.2 	 	 194.6 	 	 0.0010 	 	  10.0 		 0.0078 	 0.9994 	 	 0.0134  	 0.9976  	 	 10.2127 	 0.1952  	 	 1.0408 	 0.7603  	 	 2.2862 	 0.6681  	 	 21.0980 	 0.0162
[2024/05/14 08:22:28] - 169 		 925.2 	 	 194.8 	 	 0.0010 	 	  10.0 		 0.0074 	 0.9994 	 	 0.0122  	 0.9983  	 	 10.1829 	 0.1963  	 	 1.0207 	 0.7570  	 	 2.3219 	 0.6578  	 	 20.5327 	 0.0154
[2024/05/14 08:41:07] - 170 		 924.8 	 	 194.8 	 	 0.0010 	 	  10.0 		 0.0071 	 0.9994 	 	 0.0105  	 0.9985  	 	 10.2024 	 0.1943  	 	 1.0479 	 0.7567  	 	 2.1174 	 0.6734  	 	 19.7744 	 0.0204
[2024/05/14 08:59:48] - 171 		 925.5 	 	 194.6 	 	 0.0010 	 	  10.0 		 0.0072 	 0.9995 	 	 0.0114  	 0.9983  	 	 10.1768 	 0.1952  	 	 1.0296 	 0.7588  	 	 2.2205 	 0.6682  	 	 20.2727 	 0.0197
[2024/05/14 09:18:29] - 172 		 926.2 	 	 194.9 	 	 0.0010 	 	  10.0 		 0.0072 	 0.9993 	 	 0.0123  	 0.9980  	 	 10.1747 	 0.1943  	 	 1.0449 	 0.7597  	 	 2.2430 	 0.6746  	 	 20.4389 	 0.0213
[2024/05/14 09:37:08] - 173 		 924.7 	 	 194.7 	 	 0.0010 	 	  10.0 		 0.0068 	 0.9996 	 	 0.0099  	 0.9986  	 	 10.2012 	 0.1913  	 	 1.0464 	 0.7585  	 	 2.1249 	 0.6761  	 	 19.5282 	 0.0196
[2024/05/14 09:55:50] - 174 		 927.0 	 	 194.5 	 	 0.0010 	 	  10.0 		 0.0066 	 0.9995 	 	 0.0101  	 0.9984  	 	 10.2374 	 0.1879  	 	 1.0334 	 0.7561  	 	 2.1755 	 0.6699  	 	 19.6830 	 0.0213
[2024/05/14 10:14:29] - 175 		 925.2 	 	 194.4 	 	 0.0010 	 	  10.0 		 0.0067 	 0.9994 	 	 0.0095  	 0.9986  	 	 10.2557 	 0.1859  	 	 1.0112 	 0.7569  	 	 2.0974 	 0.6663  	 	 19.2858 	 0.0206
[2024/05/14 10:33:10] - 176 		 925.4 	 	 194.6 	 	 0.0010 	 	  10.0 		 0.0065 	 0.9996 	 	 0.0104  	 0.9985  	 	 10.2155 	 0.1899  	 	 1.0486 	 0.7539  	 	 2.1709 	 0.6719  	 	 19.6730 	 0.0248
[2024/05/14 10:51:49] - 177 		 925.2 	 	 194.6 	 	 0.0010 	 	  10.0 		 0.0065 	 0.9995 	 	 0.0105  	 0.9986  	 	 10.1688 	 0.1896  	 	 1.0669 	 0.7461  	 	 2.3351 	 0.6478  	 	 19.9700 	 0.0183
[2024/05/14 11:10:29] - 178 		 924.9 	 	 194.5 	 	 0.0010 	 	  10.0 		 0.0065 	 0.9995 	 	 0.0097  	 0.9986  	 	 10.1723 	 0.1906  	 	 0.9728 	 0.7658  	 	 2.1224 	 0.6714  	 	 19.6168 	 0.0185
[2024/05/14 11:29:08] - 179 		 924.7 	 	 194.4 	 	 0.0010 	 	  10.0 		 0.0067 	 0.9994 	 	 0.0107  	 0.9982  	 	 10.1256 	 0.1903  	 	 1.0351 	 0.7570  	 	 2.2716 	 0.6738  	 	 20.3880 	 0.0215
[2024/05/14 11:47:47] - 180 		 925.0 	 	 194.4 	 	 0.0010 	 	  10.0 		 0.0067 	 0.9995 	 	 0.0106  	 0.9982  	 	 10.1083 	 0.1925  	 	 1.0704 	 0.7522  	 	 2.3028 	 0.6656  	 	 20.5231 	 0.0180
[2024/05/14 12:06:26] - 181 		 924.5 	 	 194.4 	 	 0.0010 	 	  10.0 		 0.0064 	 0.9995 	 	 0.0104  	 0.9984  	 	 10.1394 	 0.1896  	 	 1.0809 	 0.7514  	 	 2.3681 	 0.6670  	 	 21.3288 	 0.0213
[2024/05/14 12:25:05] - 182 		 924.5 	 	 194.3 	 	 0.0010 	 	  10.0 		 0.0064 	 0.9994 	 	 0.0100  	 0.9984  	 	 10.1494 	 0.1870  	 	 1.0197 	 0.7622  	 	 2.3046 	 0.6679  	 	 20.6631 	 0.0166
[2024/05/14 12:43:44] - 183 		 924.6 	 	 194.4 	 	 0.0010 	 	  10.0 		 0.0062 	 0.9996 	 	 0.0093  	 0.9987  	 	 10.1668 	 0.1863  	 	 1.0560 	 0.7542  	 	 2.3654 	 0.6577  	 	 20.6569 	 0.0176
[2024/05/14 13:02:24] - 184 		 924.6 	 	 194.5 	 	 0.0010 	 	  10.0 		 0.0062 	 0.9995 	 	 0.0094  	 0.9986  	 	 10.1440 	 0.1846  	 	 1.0327 	 0.7564  	 	 2.3264 	 0.6586  	 	 20.3534 	 0.0174
[2024/05/14 13:21:03] - 185 		 924.5 	 	 195.2 	 	 0.0010 	 	  10.0 		 0.0059 	 0.9996 	 	 0.0093  	 0.9987  	 	 10.1441 	 0.1851  	 	 0.9905 	 0.7599  	 	 2.0878 	 0.6702  	 	 19.2434 	 0.0190
