[2024/05/12 06:07:16] - Namespace(Inc_coeff=1, att_method='tanh', attack_iters=10, batch_size=128, beta_init=100000.0, beta_max=100000.0, chkpt_iters=50, dataset='cifar100', epochs=201, epsilon=0.03137254901960784, eq_vol=1, eval_method='sign', lr_chechpoint1=100, lr_chechpoint2=150, lr_max=0.1, lr_schedule='piecewise', manual_step=0, model='WideResNet', momentum=0.9, norm='l_inf', pgd_alpha=2.0, random_init=1, resume=0, seed=1, train_mode='adv_train', tune_period=10, weight_decay=0.0005, width_factor=10)
[2024/05/12 06:07:24] - Epoch 	 Train Time 	 Test Time 	 LR 	 beta 	 	 Train Loss 	 Train Acc 	 Train Adv Loss 	 Train Adv Acc 	 Train Surrogate Loss 	 Train Surrogate Acc 	 Test Loss 	 Test Acc 	 Test Adv Loss 	 Test Adv Acc 	 Test Surrogate Loss 	 Test Surrogate Acc 
[2024/05/12 06:26:06] - 0 		 927.5 	 	 194.5 	 	 0.1000 	 	  100000.0 		 4.2442 	 0.0528 	 	 4.4007  	 0.0378  	 	 4.4063 	 0.0374  	 	 3.9754 	 0.0932  	 	 4.2138 	 0.0635  	 	 4.2183 	 0.0630
[2024/05/12 06:44:40] - 1 		 920.4 	 	 194.2 	 	 0.1000 	 	  100000.0 		 3.8758 	 0.1088 	 	 4.1400  	 0.0702  	 	 4.1448 	 0.0698  	 	 3.7057 	 0.1450  	 	 4.0053 	 0.0936  	 	 4.0090 	 0.0933
[2024/05/12 07:03:16] - 2 		 920.7 	 	 194.3 	 	 0.1000 	 	  100000.0 		 3.6648 	 0.1480 	 	 4.0037  	 0.0923  	 	 4.0078 	 0.0920  	 	 3.5688 	 0.1574  	 	 3.9459 	 0.1002  	 	 3.9492 	 0.0995
[2024/05/12 07:21:51] - 3 		 921.0 	 	 194.4 	 	 0.1000 	 	  100000.0 		 3.4999 	 0.1815 	 	 3.8984  	 0.1076  	 	 3.9021 	 0.1076  	 	 3.4090 	 0.1981  	 	 3.8745 	 0.1158  	 	 3.8771 	 0.1154
[2024/05/12 07:40:27] - 4 		 921.1 	 	 194.6 	 	 0.1000 	 	  100000.0 		 3.3720 	 0.2075 	 	 3.8198  	 0.1201  	 	 3.8232 	 0.1196  	 	 3.2233 	 0.2357  	 	 3.7352 	 0.1352  	 	 3.7376 	 0.1349
[2024/05/12 07:59:02] - 5 		 920.7 	 	 194.4 	 	 0.1000 	 	  100000.0 		 3.2579 	 0.2316 	 	 3.7502  	 0.1296  	 	 3.7534 	 0.1293  	 	 3.1363 	 0.2451  	 	 3.7250 	 0.1363  	 	 3.7277 	 0.1357
[2024/05/12 08:17:37] - 6 		 920.6 	 	 194.7 	 	 0.1000 	 	  100000.0 		 3.1460 	 0.2566 	 	 3.6826  	 0.1415  	 	 3.6858 	 0.1411  	 	 2.9247 	 0.3014  	 	 3.5528 	 0.1655  	 	 3.5552 	 0.1652
[2024/05/12 08:36:12] - 7 		 920.4 	 	 194.7 	 	 0.1000 	 	  100000.0 		 3.0482 	 0.2788 	 	 3.6232  	 0.1520  	 	 3.6263 	 0.1516  	 	 2.9015 	 0.3067  	 	 3.5491 	 0.1679  	 	 3.5516 	 0.1675
[2024/05/12 08:54:47] - 8 		 920.4 	 	 194.3 	 	 0.1000 	 	  100000.0 		 2.9596 	 0.2999 	 	 3.5680  	 0.1630  	 	 3.5712 	 0.1631  	 	 2.8276 	 0.3104  	 	 3.5289 	 0.1647  	 	 3.5316 	 0.1650
[2024/05/12 09:13:22] - 9 		 920.6 	 	 194.2 	 	 0.1000 	 	  100000.0 		 2.8956 	 0.3098 	 	 3.5253  	 0.1680  	 	 3.5285 	 0.1676  	 	 2.7996 	 0.3141  	 	 3.5568 	 0.1695  	 	 3.5594 	 0.1688
[2024/05/12 09:31:56] - 10 		 919.9 	 	 194.4 	 	 0.1000 	 	  100000.0 		 2.8331 	 0.3249 	 	 3.4854  	 0.1772  	 	 3.4887 	 0.1768  	 	 2.7060 	 0.3444  	 	 3.4387 	 0.1881  	 	 3.4413 	 0.1873
[2024/05/12 09:50:30] - 11 		 919.6 	 	 194.2 	 	 0.1000 	 	  100000.0 		 2.7754 	 0.3388 	 	 3.4498  	 0.1811  	 	 3.4530 	 0.1806  	 	 2.6308 	 0.3467  	 	 3.4826 	 0.1837  	 	 3.4851 	 0.1823
[2024/05/12 10:09:04] - 12 		 919.5 	 	 194.0 	 	 0.1000 	 	  100000.0 		 2.7345 	 0.3471 	 	 3.4217  	 0.1874  	 	 3.4250 	 0.1871  	 	 2.5471 	 0.3665  	 	 3.4458 	 0.1856  	 	 3.4487 	 0.1860
[2024/05/12 10:27:37] - 13 		 919.6 	 	 193.9 	 	 0.1000 	 	  100000.0 		 2.6941 	 0.3574 	 	 3.3956  	 0.1920  	 	 3.3989 	 0.1919  	 	 2.5496 	 0.3731  	 	 3.3296 	 0.2044  	 	 3.3322 	 0.2042
[2024/05/12 10:46:11] - 14 		 919.7 	 	 193.9 	 	 0.1000 	 	  100000.0 		 2.6473 	 0.3681 	 	 3.3671  	 0.1965  	 	 3.3703 	 0.1959  	 	 2.6016 	 0.3643  	 	 3.3810 	 0.1983  	 	 3.3836 	 0.1977
[2024/05/12 11:04:44] - 15 		 919.4 	 	 194.0 	 	 0.1000 	 	  100000.0 		 2.6200 	 0.3750 	 	 3.3485  	 0.2009  	 	 3.3518 	 0.2005  	 	 2.4470 	 0.4011  	 	 3.3269 	 0.2083  	 	 3.3295 	 0.2085
[2024/05/12 11:23:18] - 16 		 919.6 	 	 194.3 	 	 0.1000 	 	  100000.0 		 2.5817 	 0.3824 	 	 3.3235  	 0.2042  	 	 3.3268 	 0.2036  	 	 2.4681 	 0.3928  	 	 3.3329 	 0.2128  	 	 3.3357 	 0.2129
[2024/05/12 11:41:52] - 17 		 919.5 	 	 194.1 	 	 0.1000 	 	  100000.0 		 2.5457 	 0.3920 	 	 3.2987  	 0.2080  	 	 3.3021 	 0.2078  	 	 2.4511 	 0.3918  	 	 3.3031 	 0.2161  	 	 3.3059 	 0.2160
[2024/05/12 12:00:25] - 18 		 919.7 	 	 193.8 	 	 0.1000 	 	  100000.0 		 2.5222 	 0.3970 	 	 3.2865  	 0.2089  	 	 3.2899 	 0.2085  	 	 2.4492 	 0.3873  	 	 3.3666 	 0.1996  	 	 3.3694 	 0.1994
[2024/05/12 12:18:59] - 19 		 919.8 	 	 194.0 	 	 0.1000 	 	  100000.0 		 2.4939 	 0.4051 	 	 3.2641  	 0.2169  	 	 3.2675 	 0.2166  	 	 2.4180 	 0.3996  	 	 3.3490 	 0.2043  	 	 3.3518 	 0.2044
[2024/05/12 12:37:33] - 20 		 919.5 	 	 193.8 	 	 0.1000 	 	  100000.0 		 2.4718 	 0.4100 	 	 3.2529  	 0.2168  	 	 3.2563 	 0.2161  	 	 2.4037 	 0.4047  	 	 3.3190 	 0.2111  	 	 3.3217 	 0.2112
[2024/05/12 12:56:06] - 21 		 919.5 	 	 193.8 	 	 0.1000 	 	  100000.0 		 2.4581 	 0.4128 	 	 3.2430  	 0.2184  	 	 3.2464 	 0.2177  	 	 2.3510 	 0.4081  	 	 3.2883 	 0.2087  	 	 3.2909 	 0.2081
[2024/05/12 13:14:39] - 22 		 919.5 	 	 193.7 	 	 0.1000 	 	  100000.0 		 2.4292 	 0.4177 	 	 3.2228  	 0.2230  	 	 3.2262 	 0.2223  	 	 2.3590 	 0.4123  	 	 3.3393 	 0.2150  	 	 3.3420 	 0.2146
[2024/05/12 13:33:13] - 23 		 919.3 	 	 194.0 	 	 0.1000 	 	  100000.0 		 2.4058 	 0.4255 	 	 3.2065  	 0.2244  	 	 3.2099 	 0.2239  	 	 2.3546 	 0.4272  	 	 3.2164 	 0.2274  	 	 3.2191 	 0.2275
[2024/05/12 13:51:46] - 24 		 919.5 	 	 193.9 	 	 0.1000 	 	  100000.0 		 2.3918 	 0.4291 	 	 3.1951  	 0.2256  	 	 3.1986 	 0.2250  	 	 2.3494 	 0.4130  	 	 3.2628 	 0.2244  	 	 3.2658 	 0.2241
[2024/05/12 14:10:19] - 25 		 919.7 	 	 193.6 	 	 0.1000 	 	  100000.0 		 2.3693 	 0.4349 	 	 3.1842  	 0.2273  	 	 3.1876 	 0.2262  	 	 2.4142 	 0.3942  	 	 3.4370 	 0.1941  	 	 3.4398 	 0.1937
[2024/05/12 14:28:52] - 26 		 919.2 	 	 193.6 	 	 0.1000 	 	  100000.0 		 2.3523 	 0.4377 	 	 3.1719  	 0.2315  	 	 3.1754 	 0.2311  	 	 2.2699 	 0.4381  	 	 3.2569 	 0.2236  	 	 3.2598 	 0.2231
[2024/05/12 14:47:25] - 27 		 918.9 	 	 193.7 	 	 0.1000 	 	  100000.0 		 2.3411 	 0.4403 	 	 3.1638  	 0.2337  	 	 3.1672 	 0.2336  	 	 2.2331 	 0.4367  	 	 3.2689 	 0.2234  	 	 3.2718 	 0.2223
[2024/05/12 15:05:57] - 28 		 919.0 	 	 193.5 	 	 0.1000 	 	  100000.0 		 2.3230 	 0.4450 	 	 3.1503  	 0.2363  	 	 3.1538 	 0.2357  	 	 2.3144 	 0.4271  	 	 3.2398 	 0.2215  	 	 3.2427 	 0.2212
[2024/05/12 15:24:30] - 29 		 918.8 	 	 193.7 	 	 0.1000 	 	  100000.0 		 2.3125 	 0.4464 	 	 3.1451  	 0.2344  	 	 3.1485 	 0.2341  	 	 2.1935 	 0.4494  	 	 3.2259 	 0.2237  	 	 3.2289 	 0.2226
[2024/05/12 15:43:03] - 30 		 919.2 	 	 193.6 	 	 0.1000 	 	  100000.0 		 2.2999 	 0.4501 	 	 3.1329  	 0.2373  	 	 3.1364 	 0.2370  	 	 2.2886 	 0.4309  	 	 3.2553 	 0.2214  	 	 3.2580 	 0.2211
[2024/05/12 16:01:35] - 31 		 918.8 	 	 193.2 	 	 0.1000 	 	  100000.0 		 2.2886 	 0.4514 	 	 3.1297  	 0.2358  	 	 3.1331 	 0.2353  	 	 2.2467 	 0.4429  	 	 3.1972 	 0.2361  	 	 3.2001 	 0.2358
[2024/05/12 16:20:07] - 32 		 918.2 	 	 193.6 	 	 0.1000 	 	  100000.0 		 2.2816 	 0.4548 	 	 3.1235  	 0.2407  	 	 3.1269 	 0.2399  	 	 2.2502 	 0.4535  	 	 3.1901 	 0.2373  	 	 3.1928 	 0.2367
[2024/05/12 16:38:39] - 33 		 918.4 	 	 193.5 	 	 0.1000 	 	  100000.0 		 2.2689 	 0.4578 	 	 3.1141  	 0.2417  	 	 3.1176 	 0.2410  	 	 2.2399 	 0.4486  	 	 3.1770 	 0.2334  	 	 3.1799 	 0.2335
[2024/05/12 16:57:11] - 34 		 918.3 	 	 193.5 	 	 0.1000 	 	  100000.0 		 2.2528 	 0.4621 	 	 3.1017  	 0.2439  	 	 3.1052 	 0.2436  	 	 2.2054 	 0.4379  	 	 3.2189 	 0.2251  	 	 3.2217 	 0.2253
[2024/05/12 17:15:42] - 35 		 918.2 	 	 193.5 	 	 0.1000 	 	  100000.0 		 2.2469 	 0.4642 	 	 3.0986  	 0.2450  	 	 3.1021 	 0.2441  	 	 2.1787 	 0.4589  	 	 3.1801 	 0.2398  	 	 3.1830 	 0.2395
[2024/05/12 17:34:14] - 36 		 918.4 	 	 193.3 	 	 0.1000 	 	  100000.0 		 2.2350 	 0.4668 	 	 3.0920  	 0.2464  	 	 3.0955 	 0.2455  	 	 2.2529 	 0.4468  	 	 3.2477 	 0.2273  	 	 3.2506 	 0.2260
[2024/05/12 17:52:47] - 37 		 918.5 	 	 193.5 	 	 0.1000 	 	  100000.0 		 2.2347 	 0.4664 	 	 3.0893  	 0.2458  	 	 3.0928 	 0.2454  	 	 2.1528 	 0.4577  	 	 3.2298 	 0.2251  	 	 3.2326 	 0.2246
[2024/05/12 18:11:19] - 38 		 918.7 	 	 193.7 	 	 0.1000 	 	  100000.0 		 2.2173 	 0.4705 	 	 3.0770  	 0.2490  	 	 3.0807 	 0.2480  	 	 2.1795 	 0.4632  	 	 3.1675 	 0.2402  	 	 3.1702 	 0.2395
[2024/05/12 18:29:51] - 39 		 918.0 	 	 193.3 	 	 0.1000 	 	  100000.0 		 2.2149 	 0.4713 	 	 3.0742  	 0.2510  	 	 3.0778 	 0.2504  	 	 2.1862 	 0.4490  	 	 3.2222 	 0.2274  	 	 3.2252 	 0.2259
[2024/05/12 18:48:22] - 40 		 918.4 	 	 193.2 	 	 0.1000 	 	  100000.0 		 2.2063 	 0.4694 	 	 3.0712  	 0.2486  	 	 3.0748 	 0.2479  	 	 2.1431 	 0.4594  	 	 3.2283 	 0.2267  	 	 3.2313 	 0.2259
[2024/05/12 19:06:54] - 41 		 918.2 	 	 193.4 	 	 0.1000 	 	  100000.0 		 2.2031 	 0.4726 	 	 3.0679  	 0.2502  	 	 3.0714 	 0.2496  	 	 2.1703 	 0.4534  	 	 3.2422 	 0.2238  	 	 3.2453 	 0.2244
[2024/05/12 19:25:25] - 42 		 918.1 	 	 193.3 	 	 0.1000 	 	  100000.0 		 2.1905 	 0.4750 	 	 3.0608  	 0.2516  	 	 3.0643 	 0.2510  	 	 2.1584 	 0.4562  	 	 3.1770 	 0.2355  	 	 3.1800 	 0.2350
[2024/05/12 19:43:56] - 43 		 917.8 	 	 193.2 	 	 0.1000 	 	  100000.0 		 2.1801 	 0.4793 	 	 3.0519  	 0.2545  	 	 3.0556 	 0.2542  	 	 2.1952 	 0.4504  	 	 3.1693 	 0.2359  	 	 3.1720 	 0.2361
[2024/05/12 20:02:27] - 44 		 917.7 	 	 193.2 	 	 0.1000 	 	  100000.0 		 2.1744 	 0.4830 	 	 3.0487  	 0.2527  	 	 3.0522 	 0.2525  	 	 2.1270 	 0.4732  	 	 3.1727 	 0.2418  	 	 3.1758 	 0.2411
[2024/05/12 20:20:58] - 45 		 917.7 	 	 193.3 	 	 0.1000 	 	  100000.0 		 2.1648 	 0.4840 	 	 3.0429  	 0.2537  	 	 3.0464 	 0.2534  	 	 2.1800 	 0.4489  	 	 3.1988 	 0.2350  	 	 3.2019 	 0.2353
[2024/05/12 20:39:30] - 46 		 918.0 	 	 193.2 	 	 0.1000 	 	  100000.0 		 2.1556 	 0.4826 	 	 3.0349  	 0.2547  	 	 3.0385 	 0.2540  	 	 2.1886 	 0.4555  	 	 3.2710 	 0.2232  	 	 3.2740 	 0.2230
[2024/05/12 20:58:01] - 47 		 917.9 	 	 193.1 	 	 0.1000 	 	  100000.0 		 2.1572 	 0.4843 	 	 3.0368  	 0.2544  	 	 3.0403 	 0.2540  	 	 2.1465 	 0.4568  	 	 3.1858 	 0.2371  	 	 3.1887 	 0.2369
[2024/05/12 21:16:31] - 48 		 917.3 	 	 193.1 	 	 0.1000 	 	  100000.0 		 2.1460 	 0.4884 	 	 3.0268  	 0.2565  	 	 3.0303 	 0.2556  	 	 2.1671 	 0.4617  	 	 3.1666 	 0.2430  	 	 3.1696 	 0.2419
[2024/05/12 21:35:02] - 49 		 918.0 	 	 193.3 	 	 0.1000 	 	  100000.0 		 2.1357 	 0.4889 	 	 3.0206  	 0.2583  	 	 3.0241 	 0.2575  	 	 2.1234 	 0.4686  	 	 3.2030 	 0.2391  	 	 3.2063 	 0.2385
[2024/05/12 21:53:33] - 50 		 917.7 	 	 193.2 	 	 0.1000 	 	  100000.0 		 2.1300 	 0.4904 	 	 3.0175  	 0.2579  	 	 3.0211 	 0.2572  	 	 2.1592 	 0.4588  	 	 3.1949 	 0.2328  	 	 3.1979 	 0.2325
[2024/05/12 22:12:05] - 51 		 917.9 	 	 193.4 	 	 0.1000 	 	  100000.0 		 2.1273 	 0.4920 	 	 3.0158  	 0.2600  	 	 3.0194 	 0.2592  	 	 2.1425 	 0.4699  	 	 3.1368 	 0.2416  	 	 3.1398 	 0.2401
[2024/05/12 22:30:37] - 52 		 917.8 	 	 193.8 	 	 0.1000 	 	  100000.0 		 2.1236 	 0.4943 	 	 3.0086  	 0.2605  	 	 3.0122 	 0.2601  	 	 2.1119 	 0.4723  	 	 3.1083 	 0.2538  	 	 3.1111 	 0.2527
[2024/05/12 22:49:08] - 53 		 918.2 	 	 193.2 	 	 0.1000 	 	  100000.0 		 2.1129 	 0.4956 	 	 3.0033  	 0.2593  	 	 3.0068 	 0.2584  	 	 2.1913 	 0.4518  	 	 3.1687 	 0.2427  	 	 3.1716 	 0.2418
[2024/05/12 23:07:39] - 54 		 918.1 	 	 193.1 	 	 0.1000 	 	  100000.0 		 2.1103 	 0.4975 	 	 3.0011  	 0.2626  	 	 3.0047 	 0.2623  	 	 2.2146 	 0.4522  	 	 3.2456 	 0.2296  	 	 3.2489 	 0.2294
[2024/05/12 23:26:11] - 55 		 918.3 	 	 193.8 	 	 0.1000 	 	  100000.0 		 2.1085 	 0.4983 	 	 3.0018  	 0.2613  	 	 3.0053 	 0.2610  	 	 2.2093 	 0.4570  	 	 3.1427 	 0.2472  	 	 3.1456 	 0.2465
[2024/05/12 23:44:43] - 56 		 917.9 	 	 193.5 	 	 0.1000 	 	  100000.0 		 2.0939 	 0.5005 	 	 2.9915  	 0.2638  	 	 2.9952 	 0.2632  	 	 2.1362 	 0.4603  	 	 3.2411 	 0.2304  	 	 3.2443 	 0.2301
[2024/05/13 00:03:14] - 57 		 918.1 	 	 193.2 	 	 0.1000 	 	  100000.0 		 2.0980 	 0.4962 	 	 2.9937  	 0.2632  	 	 2.9973 	 0.2632  	 	 2.1151 	 0.4676  	 	 3.2581 	 0.2268  	 	 3.2612 	 0.2272
[2024/05/13 00:21:45] - 58 		 917.4 	 	 193.3 	 	 0.1000 	 	  100000.0 		 2.0867 	 0.5022 	 	 2.9857  	 0.2632  	 	 2.9892 	 0.2625  	 	 2.0800 	 0.4739  	 	 3.1795 	 0.2408  	 	 3.1825 	 0.2397
[2024/05/13 00:40:16] - 59 		 917.4 	 	 193.3 	 	 0.1000 	 	  100000.0 		 2.0871 	 0.5008 	 	 2.9848  	 0.2641  	 	 2.9884 	 0.2637  	 	 2.1115 	 0.4786  	 	 3.1214 	 0.2479  	 	 3.1246 	 0.2487
[2024/05/13 00:58:47] - 60 		 917.7 	 	 193.3 	 	 0.1000 	 	  100000.0 		 2.0805 	 0.5023 	 	 2.9805  	 0.2641  	 	 2.9841 	 0.2635  	 	 2.0266 	 0.4937  	 	 3.1414 	 0.2496  	 	 3.1447 	 0.2494
[2024/05/13 01:17:18] - 61 		 917.6 	 	 193.2 	 	 0.1000 	 	  100000.0 		 2.0825 	 0.5033 	 	 2.9842  	 0.2647  	 	 2.9877 	 0.2646  	 	 2.1138 	 0.4679  	 	 3.1953 	 0.2438  	 	 3.1982 	 0.2431
[2024/05/13 01:35:50] - 62 		 918.7 	 	 193.3 	 	 0.1000 	 	  100000.0 		 2.0726 	 0.5061 	 	 2.9740  	 0.2661  	 	 2.9776 	 0.2656  	 	 2.2206 	 0.4583  	 	 3.1364 	 0.2438  	 	 3.1393 	 0.2435
[2024/05/13 01:54:21] - 63 		 917.9 	 	 193.2 	 	 0.1000 	 	  100000.0 		 2.0715 	 0.5048 	 	 2.9764  	 0.2669  	 	 2.9800 	 0.2663  	 	 2.0949 	 0.4808  	 	 3.1662 	 0.2443  	 	 3.1692 	 0.2438
[2024/05/13 02:12:52] - 64 		 917.7 	 	 192.9 	 	 0.1000 	 	  100000.0 		 2.0626 	 0.5060 	 	 2.9676  	 0.2655  	 	 2.9712 	 0.2651  	 	 2.1618 	 0.4548  	 	 3.1990 	 0.2391  	 	 3.2018 	 0.2385
[2024/05/13 02:31:22] - 65 		 917.4 	 	 193.1 	 	 0.1000 	 	  100000.0 		 2.0709 	 0.5080 	 	 2.9762  	 0.2664  	 	 2.9798 	 0.2655  	 	 2.0722 	 0.4770  	 	 3.2088 	 0.2391  	 	 3.2117 	 0.2380
[2024/05/13 02:49:53] - 66 		 917.7 	 	 193.2 	 	 0.1000 	 	  100000.0 		 2.0574 	 0.5090 	 	 2.9656  	 0.2686  	 	 2.9692 	 0.2678  	 	 2.1024 	 0.4721  	 	 3.1323 	 0.2439  	 	 3.1354 	 0.2430
[2024/05/13 03:08:24] - 67 		 917.8 	 	 193.2 	 	 0.1000 	 	  100000.0 		 2.0559 	 0.5083 	 	 2.9650  	 0.2664  	 	 2.9685 	 0.2658  	 	 2.1467 	 0.4630  	 	 3.2411 	 0.2332  	 	 3.2441 	 0.2317
[2024/05/13 03:26:56] - 68 		 918.6 	 	 193.2 	 	 0.1000 	 	  100000.0 		 2.0522 	 0.5107 	 	 2.9594  	 0.2683  	 	 2.9630 	 0.2678  	 	 2.1012 	 0.4806  	 	 3.1393 	 0.2471  	 	 3.1424 	 0.2464
[2024/05/13 03:45:27] - 69 		 917.9 	 	 193.3 	 	 0.1000 	 	  100000.0 		 2.0438 	 0.5117 	 	 2.9556  	 0.2682  	 	 2.9592 	 0.2676  	 	 2.1496 	 0.4704  	 	 3.1812 	 0.2375  	 	 3.1841 	 0.2374
[2024/05/13 04:03:58] - 70 		 917.7 	 	 193.4 	 	 0.1000 	 	  100000.0 		 2.0484 	 0.5117 	 	 2.9580  	 0.2700  	 	 2.9616 	 0.2689  	 	 2.0954 	 0.4721  	 	 3.1307 	 0.2463  	 	 3.1341 	 0.2454
[2024/05/13 04:22:29] - 71 		 917.5 	 	 193.0 	 	 0.1000 	 	  100000.0 		 2.0465 	 0.5119 	 	 2.9587  	 0.2683  	 	 2.9623 	 0.2676  	 	 2.0769 	 0.4864  	 	 3.1218 	 0.2488  	 	 3.1250 	 0.2491
[2024/05/13 04:41:00] - 72 		 918.0 	 	 193.2 	 	 0.1000 	 	  100000.0 		 2.0496 	 0.5083 	 	 2.9573  	 0.2677  	 	 2.9608 	 0.2673  	 	 2.0592 	 0.4705  	 	 3.2150 	 0.2301  	 	 3.2181 	 0.2301
[2024/05/13 04:59:31] - 73 		 918.1 	 	 193.2 	 	 0.1000 	 	  100000.0 		 2.0368 	 0.5131 	 	 2.9508  	 0.2697  	 	 2.9544 	 0.2691  	 	 2.0647 	 0.4837  	 	 3.1542 	 0.2393  	 	 3.1574 	 0.2392
[2024/05/13 05:18:03] - 74 		 918.1 	 	 193.0 	 	 0.1000 	 	  100000.0 		 2.0276 	 0.5176 	 	 2.9434  	 0.2715  	 	 2.9470 	 0.2710  	 	 2.0740 	 0.4774  	 	 3.1896 	 0.2380  	 	 3.1928 	 0.2377
[2024/05/13 05:36:33] - 75 		 917.5 	 	 193.3 	 	 0.1000 	 	  100000.0 		 2.0278 	 0.5161 	 	 2.9439  	 0.2709  	 	 2.9475 	 0.2704  	 	 2.0337 	 0.4880  	 	 3.2014 	 0.2374  	 	 3.2047 	 0.2367
[2024/05/13 05:55:04] - 76 		 917.2 	 	 193.0 	 	 0.1000 	 	  100000.0 		 2.0316 	 0.5161 	 	 2.9457  	 0.2722  	 	 2.9492 	 0.2718  	 	 2.0775 	 0.4805  	 	 3.1458 	 0.2421  	 	 3.1488 	 0.2411
[2024/05/13 06:13:33] - 77 		 917.1 	 	 192.6 	 	 0.1000 	 	  100000.0 		 2.0277 	 0.5188 	 	 2.9431  	 0.2702  	 	 2.9467 	 0.2692  	 	 2.1503 	 0.4720  	 	 3.1505 	 0.2449  	 	 3.1533 	 0.2448
[2024/05/13 06:32:03] - 78 		 916.7 	 	 192.9 	 	 0.1000 	 	  100000.0 		 2.0235 	 0.5168 	 	 2.9425  	 0.2721  	 	 2.9460 	 0.2712  	 	 2.2054 	 0.4449  	 	 3.2369 	 0.2380  	 	 3.2398 	 0.2374
[2024/05/13 06:50:33] - 79 		 916.7 	 	 192.9 	 	 0.1000 	 	  100000.0 		 2.0281 	 0.5162 	 	 2.9444  	 0.2705  	 	 2.9480 	 0.2697  	 	 2.1298 	 0.4736  	 	 3.2112 	 0.2368  	 	 3.2142 	 0.2361
[2024/05/13 07:09:03] - 80 		 916.8 	 	 192.9 	 	 0.1000 	 	  100000.0 		 2.0250 	 0.5185 	 	 2.9418  	 0.2707  	 	 2.9454 	 0.2702  	 	 2.0302 	 0.4940  	 	 3.0656 	 0.2538  	 	 3.0687 	 0.2526
[2024/05/13 07:27:32] - 81 		 916.4 	 	 193.0 	 	 0.1000 	 	  100000.0 		 2.0170 	 0.5190 	 	 2.9369  	 0.2718  	 	 2.9405 	 0.2715  	 	 2.0596 	 0.4789  	 	 3.1651 	 0.2507  	 	 3.1680 	 0.2505
[2024/05/13 07:46:02] - 82 		 916.7 	 	 193.0 	 	 0.1000 	 	  100000.0 		 2.0167 	 0.5193 	 	 2.9358  	 0.2724  	 	 2.9395 	 0.2718  	 	 2.0366 	 0.4935  	 	 3.1407 	 0.2527  	 	 3.1438 	 0.2516
[2024/05/13 08:04:32] - 83 		 917.0 	 	 193.1 	 	 0.1000 	 	  100000.0 		 2.0091 	 0.5212 	 	 2.9291  	 0.2740  	 	 2.9328 	 0.2735  	 	 2.0741 	 0.4735  	 	 3.2197 	 0.2331  	 	 3.2228 	 0.2331
[2024/05/13 08:23:02] - 84 		 917.1 	 	 193.1 	 	 0.1000 	 	  100000.0 		 2.0124 	 0.5193 	 	 2.9341  	 0.2726  	 	 2.9378 	 0.2720  	 	 2.0355 	 0.4860  	 	 3.1996 	 0.2369  	 	 3.2026 	 0.2357
[2024/05/13 08:41:32] - 85 		 917.0 	 	 193.1 	 	 0.1000 	 	  100000.0 		 1.9999 	 0.5250 	 	 2.9221  	 0.2746  	 	 2.9258 	 0.2736  	 	 2.0559 	 0.4828  	 	 3.1817 	 0.2468  	 	 3.1850 	 0.2464
[2024/05/13 09:00:02] - 86 		 917.0 	 	 192.9 	 	 0.1000 	 	  100000.0 		 2.0051 	 0.5235 	 	 2.9278  	 0.2758  	 	 2.9313 	 0.2752  	 	 2.0114 	 0.4896  	 	 3.1547 	 0.2408  	 	 3.1580 	 0.2407
[2024/05/13 09:18:33] - 87 		 916.9 	 	 193.1 	 	 0.1000 	 	  100000.0 		 2.0051 	 0.5222 	 	 2.9281  	 0.2723  	 	 2.9317 	 0.2714  	 	 2.0382 	 0.4869  	 	 3.1334 	 0.2517  	 	 3.1366 	 0.2514
[2024/05/13 09:37:03] - 88 		 917.2 	 	 193.1 	 	 0.1000 	 	  100000.0 		 1.9924 	 0.5247 	 	 2.9177  	 0.2756  	 	 2.9213 	 0.2748  	 	 2.1052 	 0.4751  	 	 3.1169 	 0.2470  	 	 3.1201 	 0.2468
[2024/05/13 09:55:33] - 89 		 916.7 	 	 193.2 	 	 0.1000 	 	  100000.0 		 2.0007 	 0.5250 	 	 2.9253  	 0.2746  	 	 2.9289 	 0.2740  	 	 2.0850 	 0.4798  	 	 3.1853 	 0.2461  	 	 3.1884 	 0.2457
[2024/05/13 10:14:04] - 90 		 918.0 	 	 193.2 	 	 0.1000 	 	  100000.0 		 1.9910 	 0.5267 	 	 2.9170  	 0.2762  	 	 2.9206 	 0.2757  	 	 2.0206 	 0.4896  	 	 3.1148 	 0.2495  	 	 3.1178 	 0.2484
[2024/05/13 10:32:35] - 91 		 917.6 	 	 193.2 	 	 0.1000 	 	  100000.0 		 1.9978 	 0.5222 	 	 2.9240  	 0.2775  	 	 2.9276 	 0.2767  	 	 2.1152 	 0.4696  	 	 3.1629 	 0.2405  	 	 3.1659 	 0.2407
[2024/05/13 10:51:06] - 92 		 918.2 	 	 193.1 	 	 0.1000 	 	  100000.0 		 1.9959 	 0.5258 	 	 2.9193  	 0.2770  	 	 2.9230 	 0.2766  	 	 2.0366 	 0.4883  	 	 3.1476 	 0.2440  	 	 3.1506 	 0.2438
[2024/05/13 11:09:37] - 93 		 917.7 	 	 193.1 	 	 0.1000 	 	  100000.0 		 1.9863 	 0.5276 	 	 2.9148  	 0.2782  	 	 2.9184 	 0.2778  	 	 2.0472 	 0.4809  	 	 3.2492 	 0.2296  	 	 3.2521 	 0.2301
[2024/05/13 11:28:08] - 94 		 917.7 	 	 193.1 	 	 0.1000 	 	  100000.0 		 1.9952 	 0.5261 	 	 2.9218  	 0.2728  	 	 2.9254 	 0.2727  	 	 2.0921 	 0.4753  	 	 3.1539 	 0.2479  	 	 3.1573 	 0.2484
[2024/05/13 11:46:39] - 95 		 918.1 	 	 193.3 	 	 0.1000 	 	  100000.0 		 1.9916 	 0.5263 	 	 2.9192  	 0.2753  	 	 2.9228 	 0.2746  	 	 2.0247 	 0.4915  	 	 3.1261 	 0.2494  	 	 3.1294 	 0.2494
[2024/05/13 12:05:11] - 96 		 918.1 	 	 193.3 	 	 0.1000 	 	  100000.0 		 1.9821 	 0.5270 	 	 2.9109  	 0.2786  	 	 2.9147 	 0.2782  	 	 2.0555 	 0.4853  	 	 3.1385 	 0.2505  	 	 3.1416 	 0.2492
[2024/05/13 12:23:42] - 97 		 917.7 	 	 193.3 	 	 0.1000 	 	  100000.0 		 1.9801 	 0.5291 	 	 2.9107  	 0.2784  	 	 2.9142 	 0.2781  	 	 2.0608 	 0.4807  	 	 3.1626 	 0.2404  	 	 3.1656 	 0.2399
[2024/05/13 12:42:13] - 98 		 918.0 	 	 193.3 	 	 0.1000 	 	  100000.0 		 1.9843 	 0.5270 	 	 2.9127  	 0.2761  	 	 2.9163 	 0.2756  	 	 2.0466 	 0.4978  	 	 3.0755 	 0.2630  	 	 3.0784 	 0.2630
[2024/05/13 13:00:45] - 99 		 918.0 	 	 193.3 	 	 0.0100 	 	  100000.0 		 1.9748 	 0.5294 	 	 2.9058  	 0.2806  	 	 2.9095 	 0.2796  	 	 2.0790 	 0.4777  	 	 3.2076 	 0.2372  	 	 3.2108 	 0.2363
[2024/05/13 13:19:16] - 100 		 918.2 	 	 193.2 	 	 0.0100 	 	  100000.0 		 1.5621 	 0.6489 	 	 2.4269  	 0.3809  	 	 2.4313 	 0.3798  	 	 1.6458 	 0.5743  	 	 2.9314 	 0.2941  	 	 2.9355 	 0.2931
[2024/05/13 13:37:48] - 101 		 918.4 	 	 193.3 	 	 0.0100 	 	  100000.0 		 1.3577 	 0.6928 	 	 2.2451  	 0.4125  	 	 2.2497 	 0.4112  	 	 1.5977 	 0.5858  	 	 2.8978 	 0.3003  	 	 2.9018 	 0.3004
[2024/05/13 13:56:19] - 102 		 918.1 	 	 193.4 	 	 0.0100 	 	  100000.0 		 1.2560 	 0.7156 	 	 2.1529  	 0.4313  	 	 2.1578 	 0.4301  	 	 1.6571 	 0.5780  	 	 2.8624 	 0.3062  	 	 2.8663 	 0.3063
[2024/05/13 14:14:51] - 103 		 918.0 	 	 193.4 	 	 0.0100 	 	  100000.0 		 1.1796 	 0.7350 	 	 2.0782  	 0.4454  	 	 2.0829 	 0.4449  	 	 1.6058 	 0.5862  	 	 2.8895 	 0.3015  	 	 2.8933 	 0.3004
[2024/05/13 14:33:23] - 104 		 918.3 	 	 193.3 	 	 0.0100 	 	  100000.0 		 1.1191 	 0.7509 	 	 2.0182  	 0.4596  	 	 2.0231 	 0.4577  	 	 1.6110 	 0.5857  	 	 2.9838 	 0.2891  	 	 2.9879 	 0.2887
[2024/05/13 14:51:54] - 105 		 918.2 	 	 193.3 	 	 0.0100 	 	  100000.0 		 1.0596 	 0.7651 	 	 1.9643  	 0.4721  	 	 1.9695 	 0.4707  	 	 1.5615 	 0.5916  	 	 3.0873 	 0.2842  	 	 3.0918 	 0.2831
[2024/05/13 15:10:26] - 106 		 918.2 	 	 193.4 	 	 0.0100 	 	  100000.0 		 1.0062 	 0.7804 	 	 1.9141  	 0.4819  	 	 1.9192 	 0.4806  	 	 1.5781 	 0.5926  	 	 3.0098 	 0.2936  	 	 3.0139 	 0.2936
[2024/05/13 15:28:58] - 107 		 918.6 	 	 193.2 	 	 0.0100 	 	  100000.0 		 0.9497 	 0.7954 	 	 1.8567  	 0.4941  	 	 1.8617 	 0.4923  	 	 1.5881 	 0.5861  	 	 3.1067 	 0.2799  	 	 3.1114 	 0.2789
[2024/05/13 15:47:29] - 108 		 918.3 	 	 193.3 	 	 0.0100 	 	  100000.0 		 0.9086 	 0.8075 	 	 1.8184  	 0.5022  	 	 1.8236 	 0.5006  	 	 1.6421 	 0.5678  	 	 3.1840 	 0.2734  	 	 3.1880 	 0.2735
[2024/05/13 16:06:01] - 109 		 918.3 	 	 193.4 	 	 0.0100 	 	  100000.0 		 0.8668 	 0.8158 	 	 1.7768  	 0.5092  	 	 1.7819 	 0.5077  	 	 1.6107 	 0.5830  	 	 3.1249 	 0.2767  	 	 3.1289 	 0.2762
[2024/05/13 16:24:33] - 110 		 918.0 	 	 193.3 	 	 0.0100 	 	  100000.0 		 0.8249 	 0.8275 	 	 1.7378  	 0.5176  	 	 1.7431 	 0.5162  	 	 1.6163 	 0.5818  	 	 3.1466 	 0.2779  	 	 3.1502 	 0.2782
[2024/05/13 16:43:04] - 111 		 918.2 	 	 193.3 	 	 0.0100 	 	  100000.0 		 0.7851 	 0.8395 	 	 1.6967  	 0.5258  	 	 1.7022 	 0.5238  	 	 1.6356 	 0.5841  	 	 3.1067 	 0.2769  	 	 3.1104 	 0.2757
[2024/05/13 17:01:36] - 112 		 918.5 	 	 193.4 	 	 0.0100 	 	  100000.0 		 0.7565 	 0.8462 	 	 1.6667  	 0.5353  	 	 1.6724 	 0.5330  	 	 1.6229 	 0.5783  	 	 3.2799 	 0.2670  	 	 3.2836 	 0.2668
[2024/05/13 17:20:09] - 113 		 918.9 	 	 193.5 	 	 0.0100 	 	  100000.0 		 0.7186 	 0.8575 	 	 1.6277  	 0.5418  	 	 1.6331 	 0.5400  	 	 1.5743 	 0.5861  	 	 3.3609 	 0.2630  	 	 3.3654 	 0.2623
[2024/05/13 17:38:41] - 114 		 918.8 	 	 193.5 	 	 0.0100 	 	  100000.0 		 0.6882 	 0.8632 	 	 1.5992  	 0.5468  	 	 1.6047 	 0.5456  	 	 1.6227 	 0.5805  	 	 3.3562 	 0.2621  	 	 3.3602 	 0.2623
[2024/05/13 17:57:13] - 115 		 918.4 	 	 193.5 	 	 0.0100 	 	  100000.0 		 0.6642 	 0.8694 	 	 1.5778  	 0.5542  	 	 1.5833 	 0.5527  	 	 1.6411 	 0.5761  	 	 3.3688 	 0.2637  	 	 3.3733 	 0.2625
[2024/05/13 18:15:45] - 116 		 918.7 	 	 193.3 	 	 0.0100 	 	  100000.0 		 0.6372 	 0.8765 	 	 1.5471  	 0.5596  	 	 1.5527 	 0.5578  	 	 1.6491 	 0.5715  	 	 3.4852 	 0.2553  	 	 3.4899 	 0.2544
[2024/05/13 18:34:17] - 117 		 918.5 	 	 193.8 	 	 0.0100 	 	  100000.0 		 0.6112 	 0.8825 	 	 1.5249  	 0.5608  	 	 1.5305 	 0.5593  	 	 1.6952 	 0.5645  	 	 3.5441 	 0.2543  	 	 3.5486 	 0.2543
[2024/05/13 18:52:49] - 118 		 918.5 	 	 193.4 	 	 0.0100 	 	  100000.0 		 0.5890 	 0.8881 	 	 1.4989  	 0.5697  	 	 1.5048 	 0.5678  	 	 1.6868 	 0.5706  	 	 3.4263 	 0.2598  	 	 3.4305 	 0.2596
[2024/05/13 19:11:21] - 119 		 918.2 	 	 193.3 	 	 0.0100 	 	  100000.0 		 0.5646 	 0.8950 	 	 1.4656  	 0.5769  	 	 1.4714 	 0.5751  	 	 1.6824 	 0.5690  	 	 3.5215 	 0.2521  	 	 3.5258 	 0.2516
[2024/05/13 19:29:53] - 120 		 918.6 	 	 193.5 	 	 0.0100 	 	  100000.0 		 0.5453 	 0.8994 	 	 1.4483  	 0.5795  	 	 1.4542 	 0.5775  	 	 1.7103 	 0.5646  	 	 3.4177 	 0.2631  	 	 3.4219 	 0.2617
[2024/05/13 19:48:25] - 121 		 918.3 	 	 193.4 	 	 0.0100 	 	  100000.0 		 0.5263 	 0.9038 	 	 1.4304  	 0.5847  	 	 1.4360 	 0.5829  	 	 1.7420 	 0.5603  	 	 3.6945 	 0.2465  	 	 3.6998 	 0.2461
[2024/05/13 20:06:56] - 122 		 918.1 	 	 193.2 	 	 0.0100 	 	  100000.0 		 0.5020 	 0.9107 	 	 1.3978  	 0.5936  	 	 1.4040 	 0.5916  	 	 1.6888 	 0.5647  	 	 3.6360 	 0.2507  	 	 3.6413 	 0.2499
[2024/05/13 20:25:27] - 123 		 917.9 	 	 193.4 	 	 0.0100 	 	  100000.0 		 0.4851 	 0.9139 	 	 1.3752  	 0.5975  	 	 1.3810 	 0.5959  	 	 1.6986 	 0.5676  	 	 3.7425 	 0.2454  	 	 3.7481 	 0.2454
[2024/05/13 20:43:59] - 124 		 918.7 	 	 193.4 	 	 0.0100 	 	  100000.0 		 0.4643 	 0.9187 	 	 1.3482  	 0.6028  	 	 1.3544 	 0.6005  	 	 1.7030 	 0.5689  	 	 3.6522 	 0.2449  	 	 3.6567 	 0.2450
[2024/05/13 21:02:31] - 125 		 918.1 	 	 193.2 	 	 0.0100 	 	  100000.0 		 0.4466 	 0.9232 	 	 1.3287  	 0.6079  	 	 1.3347 	 0.6060  	 	 1.7250 	 0.5628  	 	 3.7260 	 0.2473  	 	 3.7303 	 0.2469
[2024/05/13 21:21:02] - 126 		 918.2 	 	 193.4 	 	 0.0100 	 	  100000.0 		 0.4318 	 0.9260 	 	 1.3099  	 0.6129  	 	 1.3163 	 0.6110  	 	 1.7148 	 0.5591  	 	 3.6700 	 0.2535  	 	 3.6746 	 0.2528
[2024/05/13 21:39:35] - 127 		 918.9 	 	 193.3 	 	 0.0100 	 	  100000.0 		 0.4128 	 0.9301 	 	 1.2810  	 0.6185  	 	 1.2873 	 0.6166  	 	 1.7360 	 0.5580  	 	 3.7992 	 0.2412  	 	 3.8040 	 0.2403
[2024/05/13 21:58:07] - 128 		 919.0 	 	 193.2 	 	 0.0100 	 	  100000.0 		 0.4019 	 0.9330 	 	 1.2705  	 0.6231  	 	 1.2766 	 0.6214  	 	 1.7007 	 0.5686  	 	 3.7690 	 0.2447  	 	 3.7737 	 0.2428
[2024/05/13 22:16:39] - 129 		 918.6 	 	 193.2 	 	 0.0100 	 	  100000.0 		 0.3817 	 0.9376 	 	 1.2393  	 0.6309  	 	 1.2456 	 0.6287  	 	 1.7584 	 0.5553  	 	 3.7548 	 0.2428  	 	 3.7586 	 0.2418
[2024/05/13 22:35:09] - 130 		 917.6 	 	 193.0 	 	 0.0100 	 	  100000.0 		 0.3705 	 0.9386 	 	 1.2268  	 0.6326  	 	 1.2331 	 0.6305  	 	 1.6864 	 0.5712  	 	 3.8129 	 0.2454  	 	 3.8176 	 0.2458
[2024/05/13 22:53:41] - 131 		 917.8 	 	 193.3 	 	 0.0100 	 	  100000.0 		 0.3581 	 0.9433 	 	 1.2147  	 0.6352  	 	 1.2211 	 0.6337  	 	 1.7521 	 0.5558  	 	 3.8713 	 0.2374  	 	 3.8752 	 0.2367
[2024/05/13 23:12:12] - 132 		 918.0 	 	 193.2 	 	 0.0100 	 	  100000.0 		 0.3434 	 0.9451 	 	 1.1807  	 0.6446  	 	 1.1876 	 0.6429  	 	 1.6910 	 0.5682  	 	 3.8774 	 0.2404  	 	 3.8817 	 0.2407
[2024/05/13 23:30:44] - 133 		 918.2 	 	 193.4 	 	 0.0100 	 	  100000.0 		 0.3319 	 0.9468 	 	 1.1737  	 0.6460  	 	 1.1801 	 0.6428  	 	 1.7116 	 0.5622  	 	 3.8943 	 0.2354  	 	 3.8994 	 0.2341
[2024/05/13 23:49:16] - 134 		 918.8 	 	 193.3 	 	 0.0100 	 	  100000.0 		 0.3224 	 0.9493 	 	 1.1602  	 0.6494  	 	 1.1669 	 0.6465  	 	 1.7278 	 0.5630  	 	 3.9862 	 0.2331  	 	 3.9904 	 0.2336
[2024/05/14 00:07:48] - 135 		 918.5 	 	 193.2 	 	 0.0100 	 	  100000.0 		 0.3068 	 0.9524 	 	 1.1321  	 0.6578  	 	 1.1391 	 0.6549  	 	 1.7057 	 0.5684  	 	 3.8289 	 0.2397  	 	 3.8338 	 0.2393
[2024/05/14 00:26:19] - 136 		 917.9 	 	 193.3 	 	 0.0100 	 	  100000.0 		 0.2949 	 0.9540 	 	 1.1049  	 0.6636  	 	 1.1126 	 0.6607  	 	 1.7825 	 0.5542  	 	 3.9353 	 0.2359  	 	 3.9399 	 0.2349
[2024/05/14 00:44:51] - 137 		 918.5 	 	 193.3 	 	 0.0100 	 	  100000.0 		 0.2901 	 0.9561 	 	 1.1062  	 0.6643  	 	 1.1136 	 0.6606  	 	 1.7417 	 0.5590  	 	 3.9179 	 0.2392  	 	 3.9230 	 0.2383
[2024/05/14 01:03:21] - 138 		 917.7 	 	 193.2 	 	 0.0100 	 	  100000.0 		 0.2785 	 0.9585 	 	 1.0822  	 0.6696  	 	 1.0894 	 0.6676  	 	 1.7532 	 0.5621  	 	 4.1322 	 0.2329  	 	 4.1373 	 0.2323
[2024/05/14 01:21:52] - 139 		 917.7 	 	 193.1 	 	 0.0100 	 	  100000.0 		 0.2664 	 0.9597 	 	 1.0598  	 0.6767  	 	 1.0672 	 0.6745  	 	 1.7470 	 0.5623  	 	 3.9436 	 0.2361  	 	 3.9479 	 0.2348
[2024/05/14 01:40:24] - 140 		 918.0 	 	 193.2 	 	 0.0100 	 	  100000.0 		 0.2578 	 0.9618 	 	 1.0466  	 0.6798  	 	 1.0538 	 0.6760  	 	 1.7577 	 0.5598  	 	 4.0508 	 0.2295  	 	 4.0557 	 0.2286
[2024/05/14 01:58:55] - 141 		 918.5 	 	 193.2 	 	 0.0100 	 	  100000.0 		 0.2512 	 0.9627 	 	 1.0398  	 0.6814  	 	 1.0470 	 0.6792  	 	 1.8057 	 0.5418  	 	 3.9373 	 0.2373  	 	 3.9425 	 0.2364
[2024/05/14 02:17:27] - 142 		 918.1 	 	 193.1 	 	 0.0100 	 	  100000.0 		 0.2433 	 0.9649 	 	 1.0216  	 0.6871  	 	 1.0287 	 0.6838  	 	 1.7631 	 0.5568  	 	 3.9334 	 0.2386  	 	 3.9382 	 0.2386
[2024/05/14 02:35:58] - 143 		 918.2 	 	 193.2 	 	 0.0100 	 	  100000.0 		 0.2351 	 0.9658 	 	 1.0077  	 0.6897  	 	 1.0156 	 0.6860  	 	 1.7279 	 0.5669  	 	 4.1326 	 0.2334  	 	 4.1374 	 0.2323
[2024/05/14 02:54:30] - 144 		 918.6 	 	 193.2 	 	 0.0100 	 	  100000.0 		 0.2266 	 0.9675 	 	 0.9904  	 0.6947  	 	 0.9985 	 0.6921  	 	 1.8056 	 0.5503  	 	 4.0927 	 0.2331  	 	 4.0975 	 0.2324
[2024/05/14 03:13:03] - 145 		 918.8 	 	 193.3 	 	 0.0100 	 	  100000.0 		 0.2173 	 0.9687 	 	 0.9663  	 0.7015  	 	 0.9743 	 0.6991  	 	 1.7996 	 0.5514  	 	 3.9661 	 0.2352  	 	 3.9704 	 0.2352
[2024/05/14 03:31:35] - 146 		 918.9 	 	 193.3 	 	 0.0100 	 	  100000.0 		 0.2156 	 0.9701 	 	 0.9765  	 0.6989  	 	 0.9849 	 0.6961  	 	 1.7531 	 0.5594  	 	 4.0596 	 0.2341  	 	 4.0655 	 0.2332
[2024/05/14 03:50:07] - 147 		 918.3 	 	 193.3 	 	 0.0100 	 	  100000.0 		 0.2060 	 0.9711 	 	 0.9492  	 0.7068  	 	 0.9578 	 0.7038  	 	 1.7859 	 0.5585  	 	 4.3321 	 0.2287  	 	 4.3377 	 0.2273
[2024/05/14 04:08:38] - 148 		 918.4 	 	 193.3 	 	 0.0100 	 	  100000.0 		 0.2009 	 0.9717 	 	 0.9409  	 0.7073  	 	 0.9487 	 0.7045  	 	 1.7608 	 0.5573  	 	 4.1320 	 0.2377  	 	 4.1379 	 0.2371
[2024/05/14 04:27:10] - 149 		 918.3 	 	 193.3 	 	 0.0010 	 	  100000.0 		 0.1967 	 0.9727 	 	 0.9373  	 0.7059  	 	 0.9454 	 0.7040  	 	 1.8351 	 0.5461  	 	 4.2001 	 0.2312  	 	 4.2046 	 0.2308
[2024/05/14 04:45:42] - 150 		 918.4 	 	 193.4 	 	 0.0010 	 	  100000.0 		 0.1238 	 0.9858 	 	 0.5974  	 0.8279  	 	 0.6090 	 0.8237  	 	 1.7181 	 0.5693  	 	 4.0958 	 0.2452  	 	 4.1015 	 0.2441
[2024/05/14 05:04:14] - 151 		 918.6 	 	 193.5 	 	 0.0010 	 	  100000.0 		 0.0946 	 0.9885 	 	 0.4722  	 0.8660  	 	 0.4858 	 0.8623  	 	 1.6902 	 0.5753  	 	 4.0523 	 0.2476  	 	 4.0581 	 0.2466
[2024/05/14 05:22:46] - 152 		 918.5 	 	 193.3 	 	 0.0010 	 	  100000.0 		 0.0834 	 0.9893 	 	 0.4271  	 0.8798  	 	 0.4417 	 0.8761  	 	 1.7267 	 0.5696  	 	 4.2040 	 0.2453  	 	 4.2096 	 0.2437
[2024/05/14 05:41:18] - 153 		 918.6 	 	 193.4 	 	 0.0010 	 	  100000.0 		 0.0773 	 0.9906 	 	 0.4019  	 0.8870  	 	 0.4171 	 0.8830  	 	 1.6878 	 0.5770  	 	 3.9743 	 0.2537  	 	 3.9798 	 0.2532
[2024/05/14 05:59:52] - 154 		 920.2 	 	 193.4 	 	 0.0010 	 	  100000.0 		 0.0712 	 0.9909 	 	 0.3809  	 0.8927  	 	 0.3962 	 0.8886  	 	 1.7439 	 0.5669  	 	 4.0489 	 0.2516  	 	 4.0548 	 0.2502
[2024/05/14 06:18:24] - 155 		 918.5 	 	 193.4 	 	 0.0010 	 	  100000.0 		 0.0682 	 0.9911 	 	 0.3646  	 0.8979  	 	 0.3801 	 0.8935  	 	 1.7398 	 0.5704  	 	 4.0620 	 0.2490  	 	 4.0672 	 0.2482
[2024/05/14 06:36:55] - 156 		 918.4 	 	 193.4 	 	 0.0010 	 	  100000.0 		 0.0631 	 0.9921 	 	 0.3487  	 0.9008  	 	 0.3652 	 0.8971  	 	 1.7519 	 0.5677  	 	 4.1793 	 0.2465  	 	 4.1855 	 0.2456
[2024/05/14 06:55:28] - 157 		 919.5 	 	 193.4 	 	 0.0010 	 	  100000.0 		 0.0602 	 0.9924 	 	 0.3360  	 0.9051  	 	 0.3529 	 0.9006  	 	 1.7233 	 0.5772  	 	 4.1695 	 0.2487  	 	 4.1759 	 0.2470
[2024/05/14 07:14:00] - 158 		 918.2 	 	 193.3 	 	 0.0010 	 	  100000.0 		 0.0574 	 0.9923 	 	 0.3236  	 0.9092  	 	 0.3409 	 0.9050  	 	 1.7163 	 0.5726  	 	 4.2406 	 0.2478  	 	 4.2473 	 0.2468
[2024/05/14 07:32:32] - 159 		 918.3 	 	 193.3 	 	 0.0010 	 	  100000.0 		 0.0550 	 0.9928 	 	 0.3155  	 0.9119  	 	 0.3329 	 0.9079  	 	 1.7072 	 0.5722  	 	 4.1471 	 0.2479  	 	 4.1521 	 0.2459
[2024/05/14 07:51:04] - 160 		 918.4 	 	 193.4 	 	 0.0010 	 	  100000.0 		 0.0530 	 0.9931 	 	 0.3081  	 0.9133  	 	 0.3263 	 0.9084  	 	 1.7204 	 0.5708  	 	 4.2260 	 0.2460  	 	 4.2324 	 0.2450
[2024/05/14 08:09:35] - 161 		 918.2 	 	 193.6 	 	 0.0010 	 	  100000.0 		 0.0506 	 0.9937 	 	 0.2997  	 0.9148  	 	 0.3175 	 0.9103  	 	 1.7014 	 0.5737  	 	 4.1234 	 0.2499  	 	 4.1296 	 0.2488
[2024/05/14 08:28:07] - 162 		 918.3 	 	 193.3 	 	 0.0010 	 	  100000.0 		 0.0484 	 0.9939 	 	 0.2912  	 0.9181  	 	 0.3100 	 0.9131  	 	 1.7461 	 0.5722  	 	 4.2265 	 0.2461  	 	 4.2323 	 0.2448
[2024/05/14 08:46:39] - 163 		 918.2 	 	 193.3 	 	 0.0010 	 	  100000.0 		 0.0466 	 0.9941 	 	 0.2852  	 0.9194  	 	 0.3040 	 0.9148  	 	 1.7022 	 0.5724  	 	 4.0751 	 0.2528  	 	 4.0812 	 0.2511
[2024/05/14 09:05:10] - 164 		 918.3 	 	 193.2 	 	 0.0010 	 	  100000.0 		 0.0447 	 0.9948 	 	 0.2796  	 0.9212  	 	 0.2987 	 0.9166  	 	 1.7870 	 0.5556  	 	 4.2074 	 0.2422  	 	 4.2129 	 0.2419
[2024/05/14 09:23:42] - 165 		 918.1 	 	 193.4 	 	 0.0010 	 	  100000.0 		 0.0429 	 0.9949 	 	 0.2710  	 0.9238  	 	 0.2906 	 0.9180  	 	 1.7634 	 0.5649  	 	 4.1603 	 0.2514  	 	 4.1654 	 0.2512
[2024/05/14 09:42:14] - 166 		 918.4 	 	 193.4 	 	 0.0010 	 	  100000.0 		 0.0416 	 0.9948 	 	 0.2658  	 0.9250  	 	 0.2860 	 0.9200  	 	 1.7348 	 0.5746  	 	 4.2114 	 0.2529  	 	 4.2180 	 0.2519
[2024/05/14 10:00:45] - 167 		 918.3 	 	 193.4 	 	 0.0010 	 	  100000.0 		 0.0400 	 0.9953 	 	 0.2607  	 0.9258  	 	 0.2814 	 0.9209  	 	 1.7615 	 0.5662  	 	 4.2232 	 0.2515  	 	 4.2306 	 0.2503
[2024/05/14 10:19:18] - 168 		 918.8 	 	 193.4 	 	 0.0010 	 	  100000.0 		 0.0389 	 0.9949 	 	 0.2553  	 0.9295  	 	 0.2757 	 0.9244  	 	 1.7625 	 0.5619  	 	 4.2827 	 0.2429  	 	 4.2891 	 0.2420
[2024/05/14 10:37:49] - 169 		 918.3 	 	 193.4 	 	 0.0010 	 	  100000.0 		 0.0373 	 0.9957 	 	 0.2480  	 0.9299  	 	 0.2685 	 0.9254  	 	 1.7124 	 0.5733  	 	 4.2260 	 0.2445  	 	 4.2327 	 0.2437
[2024/05/14 10:56:22] - 170 		 918.7 	 	 193.3 	 	 0.0010 	 	  100000.0 		 0.0354 	 0.9956 	 	 0.2411  	 0.9318  	 	 0.2626 	 0.9262  	 	 1.7711 	 0.5668  	 	 4.2859 	 0.2470  	 	 4.2919 	 0.2468
[2024/05/14 11:14:54] - 171 		 918.5 	 	 194.0 	 	 0.0010 	 	  100000.0 		 0.0348 	 0.9958 	 	 0.2408  	 0.9319  	 	 0.2621 	 0.9266  	 	 1.7707 	 0.5632  	 	 4.2741 	 0.2425  	 	 4.2787 	 0.2415
[2024/05/14 11:33:26] - 172 		 918.6 	 	 193.5 	 	 0.0010 	 	  100000.0 		 0.0336 	 0.9959 	 	 0.2362  	 0.9328  	 	 0.2578 	 0.9279  	 	 1.7202 	 0.5758  	 	 4.2184 	 0.2459  	 	 4.2244 	 0.2455
[2024/05/14 11:51:58] - 173 		 918.3 	 	 193.4 	 	 0.0010 	 	  100000.0 		 0.0326 	 0.9964 	 	 0.2324  	 0.9347  	 	 0.2545 	 0.9293  	 	 1.7690 	 0.5695  	 	 4.1901 	 0.2478  	 	 4.1963 	 0.2472
[2024/05/14 12:10:30] - 174 		 918.7 	 	 193.4 	 	 0.0010 	 	  100000.0 		 0.0315 	 0.9960 	 	 0.2274  	 0.9359  	 	 0.2498 	 0.9307  	 	 1.7368 	 0.5732  	 	 4.2749 	 0.2476  	 	 4.2803 	 0.2479
[2024/05/14 12:29:02] - 175 		 918.5 	 	 193.5 	 	 0.0010 	 	  100000.0 		 0.0306 	 0.9963 	 	 0.2250  	 0.9369  	 	 0.2471 	 0.9309  	 	 1.7503 	 0.5699  	 	 4.2644 	 0.2484  	 	 4.2706 	 0.2473
[2024/05/14 12:47:35] - 176 		 918.7 	 	 193.7 	 	 0.0010 	 	  100000.0 		 0.0297 	 0.9964 	 	 0.2176  	 0.9390  	 	 0.2406 	 0.9330  	 	 1.7546 	 0.5672  	 	 4.2413 	 0.2483  	 	 4.2477 	 0.2487
[2024/05/14 13:06:09] - 177 		 920.9 	 	 193.5 	 	 0.0010 	 	  100000.0 		 0.0288 	 0.9968 	 	 0.2151  	 0.9397  	 	 0.2382 	 0.9343  	 	 1.9016 	 0.5372  	 	 4.6839 	 0.2031  	 	 4.6910 	 0.2024
[2024/05/14 13:24:42] - 178 		 919.7 	 	 193.4 	 	 0.0010 	 	  100000.0 		 0.0276 	 0.9968 	 	 0.2100  	 0.9413  	 	 0.2331 	 0.9357  	 	 1.7338 	 0.5727  	 	 4.2885 	 0.2448  	 	 4.2945 	 0.2438
[2024/05/14 13:43:19] - 179 		 923.0 	 	 193.5 	 	 0.0010 	 	  100000.0 		 0.0272 	 0.9969 	 	 0.2080  	 0.9410  	 	 0.2317 	 0.9355  	 	 1.8003 	 0.5641  	 	 4.3869 	 0.2405  	 	 4.3929 	 0.2388
[2024/05/14 14:05:33] - 180 		 1141.0 	 	 193.5 	 	 0.0010 	 	  100000.0 		 0.0263 	 0.9970 	 	 0.2030  	 0.9428  	 	 0.2273 	 0.9367  	 	 1.7854 	 0.5641  	 	 4.4511 	 0.2406  	 	 4.4579 	 0.2408
[2024/05/14 14:27:14] - 181 		 1103.8 	 	 196.7 	 	 0.0010 	 	  100000.0 		 0.0256 	 0.9969 	 	 0.1992  	 0.9450  	 	 0.2229 	 0.9390  	 	 1.7626 	 0.5662  	 	 4.4646 	 0.2437  	 	 4.4719 	 0.2425
[2024/05/14 14:55:26] - 182 		 1497.6 	 	 194.5 	 	 0.0010 	 	  100000.0 		 0.0247 	 0.9972 	 	 0.1964  	 0.9451  	 	 0.2212 	 0.9391  	 	 1.7491 	 0.5677  	 	 4.3219 	 0.2438  	 	 4.3287 	 0.2430
[2024/05/14 15:15:54] - 183 		 1018.2 	 	 209.7 	 	 0.0010 	 	  100000.0 		 0.0242 	 0.9972 	 	 0.1943  	 0.9451  	 	 0.2191 	 0.9395  	 	 1.7270 	 0.5726  	 	 4.4190 	 0.2388  	 	 4.4270 	 0.2374
[2024/05/14 15:34:53] - 184 		 928.4 	 	 210.0 	 	 0.0010 	 	  100000.0 		 0.0232 	 0.9975 	 	 0.1930  	 0.9461  	 	 0.2179 	 0.9396  	 	 1.7162 	 0.5722  	 	 4.2594 	 0.2465  	 	 4.2648 	 0.2450
[2024/05/14 15:53:29] - 185 		 922.9 	 	 193.5 	 	 0.0010 	 	  100000.0 		 0.0228 	 0.9972 	 	 0.1891  	 0.9471  	 	 0.2138 	 0.9414  	 	 1.7370 	 0.5729  	 	 4.3030 	 0.2476  	 	 4.3091 	 0.2468
