[2024/03/31 14:31:42] - Namespace(att_method='tanh', attack_iters=10, batch_size=128, beta=10.0, chkpt_iters=50, data_aug=True, data_dir='./cifar10', epochs=201, epsilon=0.03137254901960784, fname='cifar10_results', lr_chechpoint1=100, lr_chechpoint2=150, lr_max=0.1, lr_schedule='piecewise', model='PreRes18_standard', momentum=0.9, norm='l_inf', pgd_alpha=0.00784313725490196, random_init=1, resume=0, seed=1, train_mode='adv_train', weight_decay=0.0005, width_factor=10)
[2024/03/31 14:31:59] - Epoch 	 Train Time 	 Test Time 	 LR 	 	 Train Loss 	 Train Acc 	 Train Adv Loss 	 Train Adv Acc 	 Train Sgn-PGD Loss 	 Train Sgn-PGD Acc 	 Test Loss 	 Test Acc 	 Test Adv Loss 	 Test Adv Acc 	 Test Sgn-PGD Loss 	 Test Sgn-PGD Acc 
[2024/03/31 14:35:20] - 0 		 165.4 	 	 35.6 	 	 0.1000 	 	  1.6166 	 0.4022 	 	 1.6319  	 0.3969  	 	 3.3208 	 0.0927  	 	 1.2965 	 0.5370  	 	 1.4016 	 0.5128  	 	 5.8278 	 0.0283
[2024/03/31 14:38:34] - 1 		 158.1 	 	 35.6 	 	 0.1000 	 	  1.1258 	 0.5945 	 	 1.1848  	 0.5724  	 	 5.1550 	 0.0430  	 	 0.9267 	 0.6681  	 	 1.0356 	 0.6367  	 	 7.4351 	 0.0056
[2024/03/31 14:41:45] - 2 		 156.2 	 	 35.5 	 	 0.1000 	 	  0.8597 	 0.6972 	 	 0.9416  	 0.6664  	 	 6.1626 	 0.0322  	 	 0.7532 	 0.7409  	 	 0.9016 	 0.6949  	 	 8.9709 	 0.0067
[2024/03/31 14:44:58] - 3 		 156.8 	 	 35.6 	 	 0.1000 	 	  0.7196 	 0.7512 	 	 0.8107  	 0.7170  	 	 6.5716 	 0.0338  	 	 0.6705 	 0.7636  	 	 0.7989 	 0.7255  	 	 8.3371 	 0.0051
[2024/03/31 14:48:11] - 4 		 156.9 	 	 35.5 	 	 0.1000 	 	  0.6326 	 0.7845 	 	 0.7281  	 0.7481  	 	 6.7979 	 0.0331  	 	 0.5778 	 0.7976  	 	 0.7326 	 0.7439  	 	 9.2620 	 0.0028
[2024/03/31 14:51:22] - 5 		 156.2 	 	 35.4 	 	 0.1000 	 	  0.5805 	 0.8023 	 	 0.6775  	 0.7666  	 	 6.9463 	 0.0346  	 	 0.5857 	 0.7959  	 	 0.7047 	 0.7568  	 	 8.0792 	 0.0069
[2024/03/31 14:54:35] - 6 		 157.1 	 	 35.4 	 	 0.1000 	 	  0.5388 	 0.8183 	 	 0.6388  	 0.7803  	 	 7.0866 	 0.0357  	 	 0.6077 	 0.7867  	 	 0.7649 	 0.7377  	 	 9.6520 	 0.0025
[2024/03/31 14:57:47] - 7 		 156.1 	 	 36.2 	 	 0.1000 	 	  0.5165 	 0.8248 	 	 0.6177  	 0.7861  	 	 7.2103 	 0.0339  	 	 0.4960 	 0.8302  	 	 0.6455 	 0.7830  	 	 9.6624 	 0.0067
[2024/03/31 15:00:59] - 8 		 156.3 	 	 35.2 	 	 0.1000 	 	  0.4914 	 0.8357 	 	 0.5922  	 0.7971  	 	 7.2333 	 0.0364  	 	 0.4781 	 0.8298  	 	 0.6375 	 0.7854  	 	 9.9427 	 0.0072
[2024/03/31 15:04:11] - 9 		 156.9 	 	 35.4 	 	 0.1000 	 	  0.4726 	 0.8409 	 	 0.5718  	 0.8035  	 	 7.2671 	 0.0405  	 	 0.4844 	 0.8329  	 	 0.6602 	 0.7782  	 	 10.4667 	 0.0038
[2024/03/31 15:07:23] - 10 		 156.2 	 	 35.5 	 	 0.1000 	 	  0.4593 	 0.8463 	 	 0.5605  	 0.8074  	 	 7.3679 	 0.0388  	 	 0.4683 	 0.8413  	 	 0.6284 	 0.7899  	 	 10.0563 	 0.0028
[2024/03/31 15:10:35] - 11 		 156.8 	 	 35.6 	 	 0.1000 	 	  0.4418 	 0.8516 	 	 0.5428  	 0.8147  	 	 7.4394 	 0.0413  	 	 0.4753 	 0.8405  	 	 0.7025 	 0.7836  	 	 11.9283 	 0.0021
[2024/03/31 15:13:47] - 12 		 156.7 	 	 35.5 	 	 0.1000 	 	  0.4289 	 0.8562 	 	 0.5280  	 0.8190  	 	 7.4547 	 0.0444  	 	 0.4503 	 0.8451  	 	 0.5872 	 0.7996  	 	 9.8087 	 0.0057
[2024/03/31 15:16:59] - 13 		 156.2 	 	 35.4 	 	 0.1000 	 	  0.4199 	 0.8600 	 	 0.5207  	 0.8223  	 	 7.5416 	 0.0429  	 	 0.4281 	 0.8533  	 	 0.5988 	 0.8000  	 	 10.2484 	 0.0029
[2024/03/31 15:20:11] - 14 		 156.8 	 	 35.3 	 	 0.1000 	 	  0.4052 	 0.8649 	 	 0.5047  	 0.8279  	 	 7.6306 	 0.0427  	 	 0.4310 	 0.8502  	 	 0.5946 	 0.8009  	 	 10.4595 	 0.0031
[2024/03/31 15:23:24] - 15 		 157.2 	 	 35.6 	 	 0.1000 	 	  0.4009 	 0.8671 	 	 0.5014  	 0.8292  	 	 7.6565 	 0.0438  	 	 0.4178 	 0.8571  	 	 0.5746 	 0.8167  	 	 10.3121 	 0.0072
[2024/03/31 15:26:36] - 16 		 156.1 	 	 35.3 	 	 0.1000 	 	  0.3960 	 0.8688 	 	 0.4963  	 0.8308  	 	 7.6593 	 0.0443  	 	 0.4282 	 0.8536  	 	 0.6040 	 0.8027  	 	 10.9715 	 0.0045
[2024/03/31 15:29:48] - 17 		 156.9 	 	 35.5 	 	 0.1000 	 	  0.3830 	 0.8727 	 	 0.4828  	 0.8350  	 	 7.6710 	 0.0440  	 	 0.4528 	 0.8459  	 	 0.6193 	 0.7998  	 	 10.4085 	 0.0042
[2024/03/31 15:33:01] - 18 		 156.1 	 	 37.2 	 	 0.1000 	 	  0.3859 	 0.8704 	 	 0.4866  	 0.8339  	 	 7.7003 	 0.0421  	 	 0.3982 	 0.8648  	 	 0.5490 	 0.8184  	 	 10.1034 	 0.0060
[2024/03/31 15:36:13] - 19 		 156.2 	 	 35.4 	 	 0.1000 	 	  0.3760 	 0.8734 	 	 0.4759  	 0.8378  	 	 7.7928 	 0.0453  	 	 0.4514 	 0.8455  	 	 0.6964 	 0.7816  	 	 12.7411 	 0.0037
[2024/03/31 15:39:25] - 20 		 156.7 	 	 35.3 	 	 0.1000 	 	  0.3709 	 0.8787 	 	 0.4721  	 0.8400  	 	 7.8009 	 0.0439  	 	 0.3583 	 0.8773  	 	 0.5284 	 0.8290  	 	 10.7632 	 0.0038
[2024/03/31 15:42:37] - 21 		 156.1 	 	 35.6 	 	 0.1000 	 	  0.3687 	 0.8786 	 	 0.4705  	 0.8408  	 	 7.8215 	 0.0459  	 	 0.4992 	 0.8336  	 	 0.7075 	 0.7819  	 	 11.2961 	 0.0064
[2024/03/31 15:45:49] - 22 		 156.7 	 	 35.5 	 	 0.1000 	 	  0.3623 	 0.8794 	 	 0.4641  	 0.8419  	 	 7.7989 	 0.0460  	 	 0.3943 	 0.8638  	 	 0.5812 	 0.8137  	 	 11.3568 	 0.0043
[2024/03/31 15:49:03] - 23 		 157.9 	 	 36.5 	 	 0.1000 	 	  0.3598 	 0.8825 	 	 0.4617  	 0.8438  	 	 7.8450 	 0.0467  	 	 0.4307 	 0.8524  	 	 0.6511 	 0.8006  	 	 12.1147 	 0.0038
[2024/03/31 15:52:15] - 24 		 156.1 	 	 35.5 	 	 0.1000 	 	  0.3556 	 0.8814 	 	 0.4574  	 0.8445  	 	 7.8638 	 0.0481  	 	 0.3938 	 0.8657  	 	 0.5876 	 0.8096  	 	 11.8450 	 0.0032
[2024/03/31 15:55:27] - 25 		 156.7 	 	 35.7 	 	 0.1000 	 	  0.3556 	 0.8812 	 	 0.4570  	 0.8437  	 	 7.8611 	 0.0456  	 	 0.4051 	 0.8609  	 	 0.5900 	 0.8099  	 	 11.2761 	 0.0042
[2024/03/31 15:58:40] - 26 		 156.7 	 	 35.7 	 	 0.1000 	 	  0.3563 	 0.8821 	 	 0.4582  	 0.8435  	 	 7.8655 	 0.0471  	 	 0.4214 	 0.8548  	 	 0.6468 	 0.7946  	 	 11.5272 	 0.0054
[2024/03/31 16:01:51] - 27 		 156.2 	 	 35.4 	 	 0.1000 	 	  0.3512 	 0.8836 	 	 0.4528  	 0.8448  	 	 7.8454 	 0.0495  	 	 0.3903 	 0.8688  	 	 0.6183 	 0.8089  	 	 12.9628 	 0.0034
[2024/03/31 16:05:05] - 28 		 158.0 	 	 35.4 	 	 0.1000 	 	  0.3467 	 0.8847 	 	 0.4475  	 0.8479  	 	 7.8691 	 0.0481  	 	 0.4520 	 0.8496  	 	 0.7468 	 0.7880  	 	 13.2748 	 0.0048
[2024/03/31 16:08:17] - 29 		 156.1 	 	 35.9 	 	 0.1000 	 	  0.3396 	 0.8888 	 	 0.4428  	 0.8510  	 	 7.9855 	 0.0454  	 	 0.3854 	 0.8662  	 	 0.5755 	 0.8120  	 	 11.5060 	 0.0034
[2024/03/31 16:11:28] - 30 		 156.3 	 	 35.3 	 	 0.1000 	 	  0.3439 	 0.8863 	 	 0.4454  	 0.8478  	 	 7.9359 	 0.0445  	 	 0.3745 	 0.8722  	 	 0.5652 	 0.8247  	 	 11.4759 	 0.0036
[2024/03/31 16:14:41] - 31 		 156.7 	 	 35.5 	 	 0.1000 	 	  0.3442 	 0.8850 	 	 0.4473  	 0.8475  	 	 7.9610 	 0.0423  	 	 0.3991 	 0.8659  	 	 0.5876 	 0.8180  	 	 11.4138 	 0.0070
[2024/03/31 16:17:52] - 32 		 156.1 	 	 35.5 	 	 0.1000 	 	  0.3381 	 0.8885 	 	 0.4394  	 0.8506  	 	 7.9048 	 0.0465  	 	 0.3624 	 0.8757  	 	 0.5272 	 0.8245  	 	 10.9599 	 0.0037
[2024/03/31 16:21:05] - 33 		 156.9 	 	 35.5 	 	 0.1000 	 	  0.3371 	 0.8879 	 	 0.4384  	 0.8499  	 	 7.8808 	 0.0472  	 	 0.3465 	 0.8831  	 	 0.5566 	 0.8268  	 	 11.7113 	 0.0049
[2024/03/31 16:24:17] - 34 		 156.8 	 	 35.5 	 	 0.1000 	 	  0.3313 	 0.8906 	 	 0.4320  	 0.8540  	 	 7.9577 	 0.0478  	 	 0.3807 	 0.8717  	 	 0.5454 	 0.8199  	 	 11.4660 	 0.0047
[2024/03/31 16:27:29] - 35 		 156.1 	 	 35.5 	 	 0.1000 	 	  0.3324 	 0.8900 	 	 0.4343  	 0.8523  	 	 7.9820 	 0.0466  	 	 0.4150 	 0.8572  	 	 0.6405 	 0.7980  	 	 11.6142 	 0.0073
[2024/03/31 16:30:41] - 36 		 156.7 	 	 35.5 	 	 0.1000 	 	  0.3345 	 0.8890 	 	 0.4365  	 0.8528  	 	 7.9127 	 0.0473  	 	 0.4362 	 0.8518  	 	 0.6265 	 0.7987  	 	 11.2118 	 0.0045
[2024/03/31 16:33:52] - 37 		 156.1 	 	 35.5 	 	 0.1000 	 	  0.3285 	 0.8926 	 	 0.4299  	 0.8541  	 	 7.9862 	 0.0473  	 	 0.4378 	 0.8537  	 	 0.6735 	 0.8042  	 	 12.2753 	 0.0082
[2024/03/31 16:37:05] - 38 		 156.7 	 	 35.4 	 	 0.1000 	 	  0.3290 	 0.8916 	 	 0.4302  	 0.8540  	 	 7.9526 	 0.0485  	 	 0.3543 	 0.8776  	 	 0.5605 	 0.8195  	 	 12.2465 	 0.0024
[2024/03/31 16:40:17] - 39 		 156.8 	 	 35.7 	 	 0.1000 	 	  0.3249 	 0.8923 	 	 0.4285  	 0.8553  	 	 7.9411 	 0.0475  	 	 0.3676 	 0.8745  	 	 0.5201 	 0.8295  	 	 10.4370 	 0.0071
[2024/03/31 16:43:29] - 40 		 156.1 	 	 35.4 	 	 0.1000 	 	  0.3296 	 0.8905 	 	 0.4306  	 0.8545  	 	 7.9183 	 0.0444  	 	 0.3663 	 0.8751  	 	 0.5397 	 0.8272  	 	 11.1182 	 0.0059
[2024/03/31 16:46:41] - 41 		 156.9 	 	 35.6 	 	 0.1000 	 	  0.3290 	 0.8916 	 	 0.4323  	 0.8530  	 	 7.9592 	 0.0481  	 	 0.4512 	 0.8466  	 	 0.6923 	 0.7965  	 	 12.0088 	 0.0101
[2024/03/31 16:49:53] - 42 		 156.6 	 	 35.6 	 	 0.1000 	 	  0.3261 	 0.8928 	 	 0.4289  	 0.8556  	 	 7.9772 	 0.0483  	 	 0.3672 	 0.8707  	 	 0.5759 	 0.8189  	 	 11.8541 	 0.0052
[2024/03/31 16:53:05] - 43 		 156.1 	 	 35.5 	 	 0.1000 	 	  0.3234 	 0.8935 	 	 0.4261  	 0.8561  	 	 8.0051 	 0.0473  	 	 0.3781 	 0.8689  	 	 0.5323 	 0.8237  	 	 10.2297 	 0.0079
[2024/03/31 16:56:17] - 44 		 156.7 	 	 35.5 	 	 0.1000 	 	  0.3231 	 0.8920 	 	 0.4240  	 0.8552  	 	 7.9207 	 0.0478  	 	 0.3781 	 0.8655  	 	 0.5912 	 0.8076  	 	 11.5346 	 0.0052
[2024/03/31 16:59:29] - 45 		 156.0 	 	 36.0 	 	 0.1000 	 	  0.3167 	 0.8944 	 	 0.4186  	 0.8568  	 	 8.0340 	 0.0479  	 	 0.3865 	 0.8679  	 	 0.5600 	 0.8194  	 	 11.0369 	 0.0040
[2024/03/31 17:02:41] - 46 		 156.2 	 	 35.3 	 	 0.1000 	 	  0.3236 	 0.8941 	 	 0.4260  	 0.8565  	 	 7.9928 	 0.0459  	 	 0.4092 	 0.8556  	 	 0.6275 	 0.7964  	 	 11.7122 	 0.0035
[2024/03/31 17:05:53] - 47 		 156.5 	 	 35.4 	 	 0.1000 	 	  0.3262 	 0.8933 	 	 0.4286  	 0.8550  	 	 7.9835 	 0.0513  	 	 0.3811 	 0.8687  	 	 0.5321 	 0.8224  	 	 10.0195 	 0.0086
[2024/03/31 17:09:04] - 48 		 156.1 	 	 35.3 	 	 0.1000 	 	  0.3204 	 0.8948 	 	 0.4227  	 0.8571  	 	 8.0261 	 0.0506  	 	 0.4098 	 0.8603  	 	 0.5446 	 0.8163  	 	 9.8418 	 0.0049
[2024/03/31 17:12:16] - 49 		 156.7 	 	 35.6 	 	 0.1000 	 	  0.3193 	 0.8948 	 	 0.4203  	 0.8576  	 	 7.9354 	 0.0485  	 	 0.3409 	 0.8853  	 	 0.5214 	 0.8333  	 	 11.5408 	 0.0037
[2024/03/31 17:15:28] - 50 		 156.1 	 	 35.5 	 	 0.1000 	 	  0.3181 	 0.8952 	 	 0.4205  	 0.8582  	 	 8.0245 	 0.0466  	 	 0.3406 	 0.8824  	 	 0.5186 	 0.8307  	 	 10.8550 	 0.0050
[2024/03/31 17:18:40] - 51 		 156.5 	 	 35.4 	 	 0.1000 	 	  0.3156 	 0.8975 	 	 0.4175  	 0.8591  	 	 7.9896 	 0.0499  	 	 0.3708 	 0.8697  	 	 0.5626 	 0.8171  	 	 11.4559 	 0.0053
[2024/03/31 17:21:53] - 52 		 156.7 	 	 35.6 	 	 0.1000 	 	  0.3166 	 0.8965 	 	 0.4176  	 0.8591  	 	 8.0147 	 0.0491  	 	 0.3761 	 0.8729  	 	 0.5669 	 0.8192  	 	 11.5867 	 0.0059
[2024/03/31 17:25:04] - 53 		 156.1 	 	 35.4 	 	 0.1000 	 	  0.3202 	 0.8942 	 	 0.4226  	 0.8568  	 	 7.9569 	 0.0505  	 	 0.3477 	 0.8809  	 	 0.5412 	 0.8293  	 	 11.4623 	 0.0073
[2024/03/31 17:28:16] - 54 		 156.5 	 	 35.4 	 	 0.1000 	 	  0.3172 	 0.8948 	 	 0.4187  	 0.8584  	 	 7.9956 	 0.0482  	 	 0.3507 	 0.8828  	 	 0.5851 	 0.8265  	 	 13.3126 	 0.0046
[2024/03/31 17:31:28] - 55 		 156.7 	 	 35.5 	 	 0.1000 	 	  0.3135 	 0.8971 	 	 0.4148  	 0.8609  	 	 8.0317 	 0.0490  	 	 0.3974 	 0.8650  	 	 0.5623 	 0.8173  	 	 10.5924 	 0.0054
[2024/03/31 17:34:40] - 56 		 156.1 	 	 35.4 	 	 0.1000 	 	  0.3163 	 0.8953 	 	 0.4177  	 0.8589  	 	 7.9808 	 0.0479  	 	 0.3636 	 0.8784  	 	 0.5578 	 0.8312  	 	 11.7419 	 0.0081
[2024/03/31 17:37:52] - 57 		 156.6 	 	 35.3 	 	 0.1000 	 	  0.3137 	 0.8979 	 	 0.4154  	 0.8600  	 	 8.0364 	 0.0469  	 	 0.4728 	 0.8373  	 	 0.7266 	 0.7831  	 	 12.3689 	 0.0076
[2024/03/31 17:41:04] - 58 		 156.1 	 	 36.2 	 	 0.1000 	 	  0.3131 	 0.8962 	 	 0.4152  	 0.8586  	 	 7.9880 	 0.0504  	 	 0.3529 	 0.8789  	 	 0.5600 	 0.8295  	 	 11.5468 	 0.0050
[2024/03/31 17:44:16] - 59 		 156.2 	 	 35.5 	 	 0.1000 	 	  0.3135 	 0.8962 	 	 0.4148  	 0.8585  	 	 7.9653 	 0.0479  	 	 0.3832 	 0.8712  	 	 0.6156 	 0.8164  	 	 12.4441 	 0.0069
[2024/03/31 17:47:28] - 60 		 156.9 	 	 35.5 	 	 0.1000 	 	  0.3161 	 0.8955 	 	 0.4177  	 0.8586  	 	 8.0090 	 0.0487  	 	 0.3678 	 0.8721  	 	 0.5225 	 0.8280  	 	 10.1987 	 0.0052
[2024/03/31 17:50:40] - 61 		 156.1 	 	 35.5 	 	 0.1000 	 	  0.3127 	 0.8971 	 	 0.4139  	 0.8598  	 	 7.9894 	 0.0494  	 	 0.4241 	 0.8583  	 	 0.6324 	 0.8060  	 	 11.1125 	 0.0059
[2024/03/31 17:53:53] - 62 		 156.7 	 	 35.8 	 	 0.1000 	 	  0.3114 	 0.8972 	 	 0.4159  	 0.8596  	 	 8.0544 	 0.0461  	 	 0.3421 	 0.8856  	 	 0.5283 	 0.8341  	 	 11.4867 	 0.0074
[2024/03/31 17:57:05] - 63 		 156.7 	 	 35.4 	 	 0.1000 	 	  0.3136 	 0.8966 	 	 0.4154  	 0.8587  	 	 7.9738 	 0.0504  	 	 0.4261 	 0.8562  	 	 0.6241 	 0.8086  	 	 11.1532 	 0.0094
[2024/03/31 18:00:16] - 64 		 156.1 	 	 35.5 	 	 0.1000 	 	  0.3096 	 0.8980 	 	 0.4128  	 0.8597  	 	 8.0432 	 0.0486  	 	 0.3566 	 0.8805  	 	 0.5996 	 0.8208  	 	 12.9607 	 0.0031
[2024/03/31 18:03:29] - 65 		 156.7 	 	 35.6 	 	 0.1000 	 	  0.3130 	 0.8964 	 	 0.4152  	 0.8591  	 	 7.9980 	 0.0501  	 	 0.3888 	 0.8635  	 	 0.5811 	 0.8141  	 	 11.0429 	 0.0060
[2024/03/31 18:06:41] - 66 		 156.2 	 	 36.3 	 	 0.1000 	 	  0.3095 	 0.8974 	 	 0.4110  	 0.8603  	 	 8.0046 	 0.0478  	 	 0.3439 	 0.8828  	 	 0.5980 	 0.8211  	 	 12.9748 	 0.0040
[2024/03/31 18:09:53] - 67 		 156.2 	 	 35.5 	 	 0.1000 	 	  0.3116 	 0.8975 	 	 0.4138  	 0.8598  	 	 8.0510 	 0.0480  	 	 0.3746 	 0.8744  	 	 0.5215 	 0.8290  	 	 10.0122 	 0.0082
[2024/03/31 18:13:05] - 68 		 156.6 	 	 35.7 	 	 0.1000 	 	  0.3104 	 0.8977 	 	 0.4118  	 0.8613  	 	 8.0465 	 0.0460  	 	 0.3933 	 0.8632  	 	 0.6116 	 0.8098  	 	 11.7243 	 0.0051
[2024/03/31 18:16:17] - 69 		 156.0 	 	 35.6 	 	 0.1000 	 	  0.3074 	 0.8986 	 	 0.4101  	 0.8624  	 	 8.0458 	 0.0473  	 	 0.3685 	 0.8749  	 	 0.5469 	 0.8253  	 	 10.5181 	 0.0046
[2024/03/31 18:19:29] - 70 		 156.5 	 	 35.6 	 	 0.1000 	 	  0.3034 	 0.9001 	 	 0.4034  	 0.8612  	 	 8.0702 	 0.0476  	 	 0.3381 	 0.8847  	 	 0.5634 	 0.8337  	 	 12.6100 	 0.0038
[2024/03/31 18:22:41] - 71 		 156.6 	 	 35.7 	 	 0.1000 	 	  0.3114 	 0.8990 	 	 0.4127  	 0.8616  	 	 8.0013 	 0.0483  	 	 0.3278 	 0.8883  	 	 0.5073 	 0.8385  	 	 11.2781 	 0.0050
[2024/03/31 18:25:53] - 72 		 156.1 	 	 35.5 	 	 0.1000 	 	  0.3069 	 0.8983 	 	 0.4083  	 0.8607  	 	 7.9910 	 0.0483  	 	 0.3714 	 0.8720  	 	 0.5636 	 0.8271  	 	 11.1538 	 0.0101
[2024/03/31 18:29:06] - 73 		 157.7 	 	 35.4 	 	 0.1000 	 	  0.3098 	 0.8989 	 	 0.4112  	 0.8610  	 	 8.0406 	 0.0490  	 	 0.3927 	 0.8646  	 	 0.6068 	 0.8112  	 	 11.6009 	 0.0046
[2024/03/31 18:32:18] - 74 		 156.6 	 	 35.6 	 	 0.1000 	 	  0.3088 	 0.8993 	 	 0.4119  	 0.8611  	 	 8.0659 	 0.0471  	 	 0.3985 	 0.8641  	 	 0.5795 	 0.8154  	 	 10.8544 	 0.0069
[2024/03/31 18:35:30] - 75 		 156.1 	 	 35.7 	 	 0.1000 	 	  0.3129 	 0.8970 	 	 0.4140  	 0.8583  	 	 7.9800 	 0.0482  	 	 0.3861 	 0.8711  	 	 0.6142 	 0.8202  	 	 12.3075 	 0.0137
[2024/03/31 18:38:43] - 76 		 157.4 	 	 35.8 	 	 0.1000 	 	  0.3085 	 0.8994 	 	 0.4097  	 0.8623  	 	 7.9906 	 0.0503  	 	 0.3425 	 0.8827  	 	 0.4910 	 0.8440  	 	 10.2576 	 0.0108
[2024/03/31 18:41:56] - 77 		 157.0 	 	 36.1 	 	 0.1000 	 	  0.3071 	 0.8991 	 	 0.4065  	 0.8627  	 	 7.9978 	 0.0480  	 	 0.3615 	 0.8783  	 	 0.5486 	 0.8283  	 	 10.9965 	 0.0072
[2024/03/31 18:45:08] - 78 		 156.2 	 	 35.6 	 	 0.1000 	 	  0.3065 	 0.9002 	 	 0.4076  	 0.8620  	 	 8.0116 	 0.0496  	 	 0.3821 	 0.8698  	 	 0.6046 	 0.8131  	 	 12.4767 	 0.0038
[2024/03/31 18:48:22] - 79 		 157.0 	 	 37.4 	 	 0.1000 	 	  0.3036 	 0.8997 	 	 0.4050  	 0.8620  	 	 8.0763 	 0.0490  	 	 0.3805 	 0.8715  	 	 0.6147 	 0.8094  	 	 12.5096 	 0.0075
[2024/03/31 18:51:34] - 80 		 156.1 	 	 35.3 	 	 0.1000 	 	  0.3068 	 0.8986 	 	 0.4091  	 0.8613  	 	 8.0992 	 0.0465  	 	 0.3704 	 0.8710  	 	 0.5876 	 0.8122  	 	 12.2141 	 0.0048
[2024/03/31 18:54:47] - 81 		 157.5 	 	 36.0 	 	 0.1000 	 	  0.3076 	 0.8975 	 	 0.4121  	 0.8591  	 	 8.0694 	 0.0463  	 	 0.3772 	 0.8739  	 	 0.6150 	 0.8177  	 	 12.3202 	 0.0076
[2024/03/31 18:57:59] - 82 		 156.1 	 	 35.6 	 	 0.1000 	 	  0.3022 	 0.9004 	 	 0.4043  	 0.8617  	 	 8.0431 	 0.0495  	 	 0.3720 	 0.8757  	 	 0.5531 	 0.8258  	 	 10.9367 	 0.0085
[2024/03/31 19:01:14] - 83 		 157.6 	 	 37.5 	 	 0.1000 	 	  0.3055 	 0.8998 	 	 0.4076  	 0.8616  	 	 8.0393 	 0.0483  	 	 0.4079 	 0.8654  	 	 0.5540 	 0.8203  	 	 9.8314 	 0.0082
[2024/03/31 19:04:26] - 84 		 156.6 	 	 35.4 	 	 0.1000 	 	  0.3025 	 0.9014 	 	 0.4027  	 0.8634  	 	 8.0807 	 0.0477  	 	 0.3455 	 0.8809  	 	 0.5672 	 0.8236  	 	 11.9157 	 0.0049
[2024/03/31 19:07:38] - 85 		 156.5 	 	 35.7 	 	 0.1000 	 	  0.3072 	 0.8998 	 	 0.4088  	 0.8617  	 	 8.0141 	 0.0474  	 	 0.3552 	 0.8789  	 	 0.5552 	 0.8270  	 	 11.0591 	 0.0046
[2024/03/31 19:10:50] - 86 		 156.1 	 	 35.9 	 	 0.1000 	 	  0.3045 	 0.9004 	 	 0.4067  	 0.8619  	 	 8.0111 	 0.0452  	 	 0.3693 	 0.8763  	 	 0.5832 	 0.8195  	 	 12.4821 	 0.0047
[2024/03/31 19:14:02] - 87 		 156.2 	 	 35.7 	 	 0.1000 	 	  0.3088 	 0.8986 	 	 0.4108  	 0.8606  	 	 8.0006 	 0.0495  	 	 0.3500 	 0.8794  	 	 0.5821 	 0.8232  	 	 12.1282 	 0.0060
[2024/03/31 19:17:16] - 88 		 158.7 	 	 35.7 	 	 0.1000 	 	  0.2992 	 0.9022 	 	 0.3997  	 0.8653  	 	 8.0397 	 0.0493  	 	 0.3463 	 0.8819  	 	 0.4967 	 0.8379  	 	 10.6303 	 0.0076
[2024/03/31 19:20:28] - 89 		 156.1 	 	 35.6 	 	 0.1000 	 	  0.3063 	 0.8994 	 	 0.4087  	 0.8618  	 	 8.0563 	 0.0493  	 	 0.3433 	 0.8789  	 	 0.5501 	 0.8248  	 	 11.8538 	 0.0029
[2024/03/31 19:23:40] - 90 		 156.6 	 	 35.5 	 	 0.1000 	 	  0.3008 	 0.9015 	 	 0.4039  	 0.8627  	 	 8.0899 	 0.0488  	 	 0.4165 	 0.8565  	 	 0.5841 	 0.8101  	 	 10.7104 	 0.0085
[2024/03/31 19:26:53] - 91 		 156.7 	 	 36.0 	 	 0.1000 	 	  0.3000 	 0.9020 	 	 0.4006  	 0.8650  	 	 8.0249 	 0.0496  	 	 0.3396 	 0.8853  	 	 0.5500 	 0.8293  	 	 11.6038 	 0.0054
[2024/03/31 19:30:04] - 92 		 156.2 	 	 35.3 	 	 0.1000 	 	  0.2997 	 0.9025 	 	 0.4012  	 0.8647  	 	 8.0701 	 0.0488  	 	 0.3201 	 0.8884  	 	 0.5280 	 0.8359  	 	 12.0342 	 0.0064
[2024/03/31 19:33:16] - 93 		 156.7 	 	 35.3 	 	 0.1000 	 	  0.3048 	 0.9002 	 	 0.4067  	 0.8623  	 	 8.0625 	 0.0491  	 	 0.3387 	 0.8837  	 	 0.5342 	 0.8343  	 	 11.8443 	 0.0045
[2024/03/31 19:36:29] - 94 		 156.1 	 	 36.0 	 	 0.1000 	 	  0.3040 	 0.8986 	 	 0.4058  	 0.8614  	 	 8.0297 	 0.0493  	 	 0.3625 	 0.8781  	 	 0.5762 	 0.8230  	 	 11.7907 	 0.0064
[2024/03/31 19:39:40] - 95 		 156.1 	 	 35.5 	 	 0.1000 	 	  0.3009 	 0.9030 	 	 0.4046  	 0.8632  	 	 8.0910 	 0.0465  	 	 0.3816 	 0.8692  	 	 0.5918 	 0.8170  	 	 11.7251 	 0.0083
[2024/03/31 19:42:52] - 96 		 156.6 	 	 35.6 	 	 0.1000 	 	  0.3067 	 0.8984 	 	 0.4072  	 0.8627  	 	 7.9621 	 0.0502  	 	 0.3387 	 0.8841  	 	 0.5892 	 0.8231  	 	 12.5663 	 0.0044
[2024/03/31 19:46:05] - 97 		 156.2 	 	 36.1 	 	 0.1000 	 	  0.3050 	 0.9004 	 	 0.4064  	 0.8637  	 	 7.9967 	 0.0463  	 	 0.3396 	 0.8834  	 	 0.5090 	 0.8376  	 	 10.8829 	 0.0067
[2024/03/31 19:49:16] - 98 		 156.3 	 	 35.5 	 	 0.1000 	 	  0.3017 	 0.9012 	 	 0.4031  	 0.8639  	 	 8.0459 	 0.0492  	 	 0.3891 	 0.8644  	 	 0.6370 	 0.8105  	 	 12.3873 	 0.0078
[2024/03/31 19:52:28] - 99 		 156.6 	 	 35.5 	 	 0.0100 	 	  0.3002 	 0.9023 	 	 0.4022  	 0.8649  	 	 8.0487 	 0.0468  	 	 0.3686 	 0.8714  	 	 0.5949 	 0.8191  	 	 12.4611 	 0.0089
[2024/03/31 19:55:41] - 100 		 156.2 	 	 35.4 	 	 0.0100 	 	  0.1685 	 0.9495 	 	 0.2324  	 0.9224  	 	 8.1208 	 0.0594  	 	 0.2242 	 0.9233  	 	 0.4045 	 0.8834  	 	 12.1341 	 0.0099
[2024/03/31 19:58:54] - 101 		 157.1 	 	 35.7 	 	 0.0100 	 	  0.1203 	 0.9642 	 	 0.1786  	 0.9413  	 	 8.4861 	 0.0681  	 	 0.1992 	 0.9285  	 	 0.3750 	 0.8908  	 	 11.5507 	 0.0098
[2024/03/31 20:02:07] - 102 		 156.9 	 	 35.9 	 	 0.0100 	 	  0.1022 	 0.9706 	 	 0.1565  	 0.9480  	 	 8.6880 	 0.0726  	 	 0.2405 	 0.9213  	 	 0.5104 	 0.8742  	 	 13.0517 	 0.0106
[2024/03/31 20:05:18] - 103 		 156.1 	 	 35.6 	 	 0.0100 	 	  0.0906 	 0.9739 	 	 0.1430  	 0.9532  	 	 8.7059 	 0.0827  	 	 0.2087 	 0.9307  	 	 0.4098 	 0.8863  	 	 11.5781 	 0.0091
[2024/03/31 20:08:31] - 104 		 156.7 	 	 35.7 	 	 0.0100 	 	  0.0808 	 0.9780 	 	 0.1297  	 0.9585  	 	 8.7564 	 0.0880  	 	 0.2212 	 0.9258  	 	 0.4392 	 0.8844  	 	 11.8640 	 0.0087
[2024/03/31 20:11:43] - 105 		 156.1 	 	 36.0 	 	 0.0100 	 	  0.0740 	 0.9795 	 	 0.1248  	 0.9601  	 	 8.8711 	 0.0929  	 	 0.2140 	 0.9298  	 	 0.4339 	 0.8900  	 	 11.9256 	 0.0131
[2024/03/31 20:14:55] - 106 		 156.2 	 	 35.6 	 	 0.0100 	 	  0.0679 	 0.9814 	 	 0.1177  	 0.9622  	 	 8.8813 	 0.0995  	 	 0.1970 	 0.9324  	 	 0.4212 	 0.8903  	 	 12.0682 	 0.0135
[2024/03/31 20:18:07] - 107 		 156.4 	 	 35.4 	 	 0.0100 	 	  0.0592 	 0.9845 	 	 0.1048  	 0.9669  	 	 8.8862 	 0.1080  	 	 0.2050 	 0.9322  	 	 0.4621 	 0.8884  	 	 12.4601 	 0.0135
[2024/03/31 20:21:19] - 108 		 156.9 	 	 35.6 	 	 0.0100 	 	  0.0553 	 0.9855 	 	 0.0998  	 0.9689  	 	 8.8918 	 0.1166  	 	 0.2082 	 0.9300  	 	 0.4319 	 0.8861  	 	 11.4154 	 0.0173
[2024/03/31 20:24:32] - 109 		 156.9 	 	 35.6 	 	 0.0100 	 	  0.0504 	 0.9873 	 	 0.0938  	 0.9701  	 	 8.9748 	 0.1177  	 	 0.2494 	 0.9204  	 	 0.5288 	 0.8751  	 	 12.5256 	 0.0118
[2024/03/31 20:27:44] - 110 		 156.7 	 	 35.6 	 	 0.0100 	 	  0.0485 	 0.9881 	 	 0.0926  	 0.9709  	 	 8.9353 	 0.1256  	 	 0.1945 	 0.9346  	 	 0.4356 	 0.8919  	 	 11.6645 	 0.0217
[2024/03/31 20:30:56] - 111 		 156.2 	 	 35.6 	 	 0.0100 	 	  0.0447 	 0.9891 	 	 0.0867  	 0.9735  	 	 8.9000 	 0.1306  	 	 0.2032 	 0.9331  	 	 0.4747 	 0.8877  	 	 12.4326 	 0.0138
[2024/03/31 20:34:08] - 112 		 156.6 	 	 35.6 	 	 0.0100 	 	  0.0432 	 0.9896 	 	 0.0858  	 0.9733  	 	 8.9349 	 0.1296  	 	 0.2152 	 0.9314  	 	 0.4916 	 0.8859  	 	 12.1565 	 0.0187
[2024/03/31 20:37:20] - 113 		 156.6 	 	 35.6 	 	 0.0100 	 	  0.0409 	 0.9907 	 	 0.0816  	 0.9749  	 	 8.8481 	 0.1372  	 	 0.1977 	 0.9365  	 	 0.5261 	 0.8870  	 	 13.3081 	 0.0103
[2024/03/31 20:40:32] - 114 		 156.2 	 	 35.5 	 	 0.0100 	 	  0.0375 	 0.9915 	 	 0.0757  	 0.9770  	 	 8.8593 	 0.1386  	 	 0.2185 	 0.9291  	 	 0.5363 	 0.8824  	 	 12.4470 	 0.0210
[2024/03/31 20:43:44] - 115 		 156.8 	 	 35.6 	 	 0.0100 	 	  0.0372 	 0.9915 	 	 0.0766  	 0.9769  	 	 8.9155 	 0.1417  	 	 0.2059 	 0.9326  	 	 0.5166 	 0.8902  	 	 12.7913 	 0.0159
[2024/03/31 20:46:56] - 116 		 156.1 	 	 36.0 	 	 0.0100 	 	  0.0342 	 0.9925 	 	 0.0737  	 0.9773  	 	 8.9261 	 0.1426  	 	 0.2226 	 0.9282  	 	 0.5383 	 0.8799  	 	 12.6296 	 0.0143
[2024/03/31 20:50:08] - 117 		 156.3 	 	 35.4 	 	 0.0100 	 	  0.0346 	 0.9924 	 	 0.0734  	 0.9781  	 	 8.8736 	 0.1461  	 	 0.2253 	 0.9272  	 	 0.5341 	 0.8809  	 	 12.5596 	 0.0145
[2024/03/31 20:53:21] - 118 		 157.0 	 	 35.7 	 	 0.0100 	 	  0.0335 	 0.9928 	 	 0.0727  	 0.9789  	 	 8.9450 	 0.1422  	 	 0.2241 	 0.9286  	 	 0.5002 	 0.8864  	 	 11.9491 	 0.0231
[2024/03/31 20:56:32] - 119 		 156.2 	 	 35.5 	 	 0.0100 	 	  0.0326 	 0.9934 	 	 0.0696  	 0.9786  	 	 8.8436 	 0.1465  	 	 0.2210 	 0.9285  	 	 0.5511 	 0.8848  	 	 12.5531 	 0.0164
[2024/03/31 20:59:45] - 120 		 156.7 	 	 35.5 	 	 0.0100 	 	  0.0319 	 0.9935 	 	 0.0698  	 0.9785  	 	 8.8389 	 0.1536  	 	 0.2440 	 0.9256  	 	 0.5752 	 0.8785  	 	 13.0151 	 0.0108
[2024/03/31 21:02:57] - 121 		 156.5 	 	 35.6 	 	 0.0100 	 	  0.0316 	 0.9932 	 	 0.0695  	 0.9795  	 	 8.7849 	 0.1587  	 	 0.2274 	 0.9277  	 	 0.5609 	 0.8852  	 	 12.7743 	 0.0180
[2024/03/31 21:06:08] - 122 		 156.2 	 	 35.4 	 	 0.0100 	 	  0.0327 	 0.9928 	 	 0.0718  	 0.9792  	 	 8.8057 	 0.1537  	 	 0.2196 	 0.9285  	 	 0.5220 	 0.8821  	 	 12.4711 	 0.0109
[2024/03/31 21:09:21] - 123 		 156.6 	 	 35.7 	 	 0.0100 	 	  0.0317 	 0.9933 	 	 0.0698  	 0.9789  	 	 8.7052 	 0.1574  	 	 0.2267 	 0.9262  	 	 0.5332 	 0.8791  	 	 11.9318 	 0.0180
[2024/03/31 21:12:33] - 124 		 156.2 	 	 35.8 	 	 0.0100 	 	  0.0332 	 0.9926 	 	 0.0720  	 0.9785  	 	 8.7045 	 0.1533  	 	 0.2326 	 0.9263  	 	 0.5387 	 0.8836  	 	 11.8168 	 0.0220
[2024/03/31 21:15:44] - 125 		 156.3 	 	 35.5 	 	 0.0100 	 	  0.0335 	 0.9925 	 	 0.0733  	 0.9784  	 	 8.7756 	 0.1454  	 	 0.2151 	 0.9305  	 	 0.4871 	 0.8851  	 	 11.6225 	 0.0195
[2024/03/31 21:18:56] - 126 		 156.5 	 	 35.3 	 	 0.0100 	 	  0.0341 	 0.9920 	 	 0.0752  	 0.9783  	 	 8.6603 	 0.1486  	 	 0.2312 	 0.9278  	 	 0.5500 	 0.8806  	 	 11.9390 	 0.0181
[2024/03/31 21:22:08] - 127 		 156.0 	 	 35.3 	 	 0.0100 	 	  0.0349 	 0.9928 	 	 0.0776  	 0.9765  	 	 8.6748 	 0.1406  	 	 0.2453 	 0.9212  	 	 0.5792 	 0.8748  	 	 12.2176 	 0.0142
[2024/03/31 21:25:20] - 128 		 157.1 	 	 35.7 	 	 0.0100 	 	  0.0344 	 0.9928 	 	 0.0747  	 0.9776  	 	 8.6106 	 0.1522  	 	 0.2153 	 0.9296  	 	 0.5573 	 0.8818  	 	 12.3793 	 0.0173
[2024/03/31 21:28:33] - 129 		 156.6 	 	 35.6 	 	 0.0100 	 	  0.0335 	 0.9924 	 	 0.0721  	 0.9789  	 	 8.5982 	 0.1500  	 	 0.2329 	 0.9274  	 	 0.5867 	 0.8777  	 	 12.4401 	 0.0175
[2024/03/31 21:31:45] - 130 		 156.2 	 	 35.7 	 	 0.0100 	 	  0.0347 	 0.9927 	 	 0.0767  	 0.9774  	 	 8.6510 	 0.1412  	 	 0.2136 	 0.9312  	 	 0.5321 	 0.8836  	 	 12.0105 	 0.0199
[2024/03/31 21:34:57] - 131 		 156.7 	 	 35.5 	 	 0.0100 	 	  0.0351 	 0.9924 	 	 0.0770  	 0.9775  	 	 8.5937 	 0.1394  	 	 0.2329 	 0.9282  	 	 0.5868 	 0.8795  	 	 12.1886 	 0.0201
[2024/03/31 21:38:09] - 132 		 157.1 	 	 35.5 	 	 0.0100 	 	  0.0329 	 0.9927 	 	 0.0731  	 0.9789  	 	 8.6034 	 0.1491  	 	 0.2476 	 0.9192  	 	 0.5825 	 0.8718  	 	 12.0163 	 0.0147
[2024/03/31 21:41:21] - 133 		 156.1 	 	 35.3 	 	 0.0100 	 	  0.0352 	 0.9920 	 	 0.0760  	 0.9774  	 	 8.5959 	 0.1434  	 	 0.2370 	 0.9273  	 	 0.5648 	 0.8810  	 	 12.4495 	 0.0164
[2024/03/31 21:44:33] - 134 		 156.6 	 	 35.5 	 	 0.0100 	 	  0.0373 	 0.9915 	 	 0.0820  	 0.9758  	 	 8.6061 	 0.1364  	 	 0.2383 	 0.9236  	 	 0.5482 	 0.8765  	 	 12.0599 	 0.0131
[2024/03/31 21:47:45] - 135 		 156.2 	 	 36.2 	 	 0.0100 	 	  0.0380 	 0.9912 	 	 0.0828  	 0.9751  	 	 8.5683 	 0.1380  	 	 0.2511 	 0.9226  	 	 0.5868 	 0.8723  	 	 12.2851 	 0.0114
[2024/03/31 21:50:57] - 136 		 156.3 	 	 35.6 	 	 0.0100 	 	  0.0364 	 0.9922 	 	 0.0778  	 0.9769  	 	 8.5925 	 0.1379  	 	 0.2340 	 0.9257  	 	 0.5490 	 0.8790  	 	 11.9226 	 0.0203
[2024/03/31 21:54:10] - 137 		 157.0 	 	 35.6 	 	 0.0100 	 	  0.0381 	 0.9914 	 	 0.0840  	 0.9741  	 	 8.5492 	 0.1406  	 	 0.2336 	 0.9256  	 	 0.5312 	 0.8796  	 	 11.5959 	 0.0251
[2024/03/31 21:57:21] - 138 		 156.3 	 	 35.3 	 	 0.0100 	 	  0.0375 	 0.9912 	 	 0.0812  	 0.9751  	 	 8.4767 	 0.1406  	 	 0.2255 	 0.9287  	 	 0.5287 	 0.8804  	 	 11.9354 	 0.0186
[2024/03/31 22:00:34] - 139 		 156.8 	 	 35.5 	 	 0.0100 	 	  0.0376 	 0.9910 	 	 0.0822  	 0.9751  	 	 8.5631 	 0.1353  	 	 0.2632 	 0.9204  	 	 0.6446 	 0.8670  	 	 12.7313 	 0.0127
[2024/03/31 22:03:46] - 140 		 156.9 	 	 35.5 	 	 0.0100 	 	  0.0372 	 0.9914 	 	 0.0808  	 0.9761  	 	 8.5460 	 0.1338  	 	 0.2305 	 0.9261  	 	 0.5160 	 0.8794  	 	 11.3760 	 0.0253
[2024/03/31 22:06:57] - 141 		 156.1 	 	 35.3 	 	 0.0100 	 	  0.0378 	 0.9915 	 	 0.0819  	 0.9753  	 	 8.4336 	 0.1436  	 	 0.2410 	 0.9222  	 	 0.5428 	 0.8802  	 	 11.4902 	 0.0240
[2024/03/31 22:10:10] - 142 		 157.1 	 	 35.6 	 	 0.0100 	 	  0.0395 	 0.9915 	 	 0.0864  	 0.9732  	 	 8.4832 	 0.1387  	 	 0.2375 	 0.9277  	 	 0.5451 	 0.8767  	 	 11.8445 	 0.0151
[2024/03/31 22:13:22] - 143 		 156.1 	 	 35.9 	 	 0.0100 	 	  0.0389 	 0.9910 	 	 0.0845  	 0.9749  	 	 8.3877 	 0.1452  	 	 0.2489 	 0.9238  	 	 0.5408 	 0.8740  	 	 11.4603 	 0.0183
[2024/03/31 22:16:34] - 144 		 156.2 	 	 35.3 	 	 0.0100 	 	  0.0401 	 0.9901 	 	 0.0850  	 0.9746  	 	 8.3940 	 0.1516  	 	 0.2576 	 0.9194  	 	 0.5495 	 0.8776  	 	 10.9151 	 0.0430
[2024/03/31 22:19:46] - 145 		 156.8 	 	 35.4 	 	 0.0100 	 	  0.0387 	 0.9912 	 	 0.0849  	 0.9747  	 	 8.4555 	 0.1423  	 	 0.2459 	 0.9224  	 	 0.5536 	 0.8754  	 	 11.3099 	 0.0251
[2024/03/31 22:22:57] - 146 		 156.1 	 	 35.6 	 	 0.0100 	 	  0.0408 	 0.9905 	 	 0.0868  	 0.9738  	 	 8.3932 	 0.1376  	 	 0.2370 	 0.9252  	 	 0.5716 	 0.8765  	 	 12.0651 	 0.0222
[2024/03/31 22:26:10] - 147 		 156.9 	 	 35.3 	 	 0.0100 	 	  0.0399 	 0.9904 	 	 0.0852  	 0.9744  	 	 8.4739 	 0.1365  	 	 0.2559 	 0.9183  	 	 0.5731 	 0.8683  	 	 11.6903 	 0.0184
[2024/03/31 22:29:21] - 148 		 156.1 	 	 35.7 	 	 0.0100 	 	  0.0390 	 0.9909 	 	 0.0851  	 0.9751  	 	 8.4512 	 0.1384  	 	 0.2375 	 0.9258  	 	 0.5432 	 0.8704  	 	 11.4792 	 0.0178
[2024/03/31 22:32:33] - 149 		 156.1 	 	 35.3 	 	 0.0010 	 	  0.0379 	 0.9916 	 	 0.0827  	 0.9757  	 	 8.4018 	 0.1451  	 	 0.2634 	 0.9166  	 	 0.5756 	 0.8697  	 	 11.2736 	 0.0326
[2024/03/31 22:35:47] - 150 		 156.1 	 	 35.6 	 	 0.0010 	 	  0.0208 	 0.9970 	 	 0.0422  	 0.9888  	 	 8.1158 	 0.1680  	 	 0.2185 	 0.9311  	 	 0.5153 	 0.8869  	 	 11.0155 	 0.0376
[2024/03/31 22:38:59] - 151 		 156.9 	 	 35.6 	 	 0.0010 	 	  0.0130 	 0.9985 	 	 0.0272  	 0.9933  	 	 8.0410 	 0.1880  	 	 0.1997 	 0.9380  	 	 0.5094 	 0.8966  	 	 11.1300 	 0.0414
[2024/03/31 22:42:11] - 152 		 156.2 	 	 36.1 	 	 0.0010 	 	  0.0099 	 0.9992 	 	 0.0209  	 0.9954  	 	 7.9923 	 0.1986  	 	 0.2193 	 0.9330  	 	 0.5527 	 0.8914  	 	 10.7707 	 0.0506
[2024/03/31 22:45:23] - 153 		 156.1 	 	 35.3 	 	 0.0010 	 	  0.0085 	 0.9993 	 	 0.0170  	 0.9963  	 	 7.9937 	 0.2021  	 	 0.2057 	 0.9396  	 	 0.5960 	 0.8910  	 	 11.9501 	 0.0351
[2024/03/31 22:48:34] - 154 		 156.2 	 	 35.4 	 	 0.0010 	 	  0.0072 	 0.9997 	 	 0.0141  	 0.9971  	 	 8.0305 	 0.2049  	 	 0.2194 	 0.9358  	 	 0.5760 	 0.8936  	 	 11.0493 	 0.0494
[2024/03/31 22:51:46] - 155 		 156.2 	 	 35.5 	 	 0.0010 	 	  0.0069 	 0.9994 	 	 0.0151  	 0.9969  	 	 7.9809 	 0.2105  	 	 0.2197 	 0.9348  	 	 0.5636 	 0.8939  	 	 10.4039 	 0.0605
[2024/03/31 22:54:59] - 156 		 157.1 	 	 35.9 	 	 0.0010 	 	  0.0064 	 0.9997 	 	 0.0137  	 0.9975  	 	 7.9564 	 0.2149  	 	 0.2151 	 0.9366  	 	 0.6010 	 0.8920  	 	 11.3627 	 0.0522
[2024/03/31 22:58:12] - 157 		 157.0 	 	 35.6 	 	 0.0010 	 	  0.0061 	 0.9997 	 	 0.0130  	 0.9975  	 	 8.0116 	 0.2128  	 	 0.2008 	 0.9428  	 	 0.5886 	 0.8990  	 	 11.5803 	 0.0518
[2024/03/31 23:01:23] - 158 		 156.1 	 	 35.4 	 	 0.0010 	 	  0.0056 	 0.9997 	 	 0.0117  	 0.9976  	 	 8.0468 	 0.2107  	 	 0.2283 	 0.9347  	 	 0.5980 	 0.8955  	 	 10.9836 	 0.0648
[2024/03/31 23:04:36] - 159 		 156.6 	 	 35.6 	 	 0.0010 	 	  0.0055 	 0.9997 	 	 0.0120  	 0.9976  	 	 8.0050 	 0.2145  	 	 0.2117 	 0.9397  	 	 0.5752 	 0.8953  	 	 10.6896 	 0.0721
[2024/03/31 23:07:48] - 160 		 156.7 	 	 35.7 	 	 0.0010 	 	  0.0052 	 0.9998 	 	 0.0112  	 0.9977  	 	 8.0055 	 0.2146  	 	 0.2091 	 0.9416  	 	 0.5761 	 0.8965  	 	 10.7868 	 0.0624
[2024/03/31 23:10:59] - 161 		 156.1 	 	 35.4 	 	 0.0010 	 	  0.0050 	 0.9997 	 	 0.0113  	 0.9977  	 	 7.9766 	 0.2185  	 	 0.2043 	 0.9410  	 	 0.5541 	 0.9017  	 	 10.5607 	 0.0727
[2024/03/31 23:14:12] - 162 		 156.8 	 	 35.7 	 	 0.0010 	 	  0.0047 	 0.9997 	 	 0.0100  	 0.9982  	 	 7.9565 	 0.2179  	 	 0.2009 	 0.9416  	 	 0.5636 	 0.8996  	 	 10.7418 	 0.0703
[2024/03/31 23:17:24] - 163 		 156.1 	 	 36.0 	 	 0.0010 	 	  0.0043 	 0.9999 	 	 0.0091  	 0.9985  	 	 7.9873 	 0.2171  	 	 0.2073 	 0.9392  	 	 0.5710 	 0.8970  	 	 10.5729 	 0.0717
[2024/03/31 23:20:36] - 164 		 156.2 	 	 35.7 	 	 0.0010 	 	  0.0042 	 0.9999 	 	 0.0093  	 0.9983  	 	 8.0008 	 0.2152  	 	 0.1973 	 0.9426  	 	 0.5780 	 0.9023  	 	 11.0842 	 0.0486
[2024/03/31 23:23:50] - 165 		 157.7 	 	 36.4 	 	 0.0010 	 	  0.0041 	 0.9999 	 	 0.0081  	 0.9984  	 	 7.9965 	 0.2183  	 	 0.2053 	 0.9406  	 	 0.5776 	 0.9019  	 	 10.9600 	 0.0683
[2024/03/31 23:27:03] - 166 		 156.9 	 	 36.4 	 	 0.0010 	 	  0.0038 	 0.9999 	 	 0.0079  	 0.9984  	 	 7.9673 	 0.2223  	 	 0.1967 	 0.9427  	 	 0.5455 	 0.9022  	 	 10.6671 	 0.0789
[2024/03/31 23:30:17] - 167 		 157.6 	 	 36.4 	 	 0.0010 	 	  0.0038 	 0.9999 	 	 0.0084  	 0.9985  	 	 7.9656 	 0.2199  	 	 0.2065 	 0.9410  	 	 0.5994 	 0.8976  	 	 10.6920 	 0.0677
[2024/03/31 23:33:32] - 168 		 158.4 	 	 36.4 	 	 0.0010 	 	  0.0037 	 0.9999 	 	 0.0077  	 0.9986  	 	 7.9539 	 0.2226  	 	 0.1947 	 0.9447  	 	 0.5591 	 0.9063  	 	 10.7616 	 0.0685
[2024/03/31 23:36:45] - 169 		 156.9 	 	 36.2 	 	 0.0010 	 	  0.0036 	 0.9999 	 	 0.0075  	 0.9988  	 	 7.9644 	 0.2215  	 	 0.2041 	 0.9407  	 	 0.5835 	 0.8998  	 	 11.0029 	 0.0612
[2024/03/31 23:39:59] - 170 		 158.0 	 	 36.3 	 	 0.0010 	 	  0.0035 	 0.9999 	 	 0.0071  	 0.9988  	 	 7.9492 	 0.2228  	 	 0.2225 	 0.9376  	 	 0.6272 	 0.8955  	 	 10.8140 	 0.0659
[2024/03/31 23:43:16] - 171 		 159.8 	 	 36.9 	 	 0.0010 	 	  0.0033 	 1.0000 	 	 0.0067  	 0.9989  	 	 7.9435 	 0.2238  	 	 0.2074 	 0.9425  	 	 0.5877 	 0.8963  	 	 10.4733 	 0.0672
[2024/03/31 23:46:30] - 172 		 157.1 	 	 36.3 	 	 0.0010 	 	  0.0031 	 1.0000 	 	 0.0057  	 0.9991  	 	 7.9690 	 0.2230  	 	 0.2022 	 0.9422  	 	 0.5998 	 0.9021  	 	 10.5376 	 0.0737
[2024/03/31 23:49:44] - 173 		 157.9 	 	 36.4 	 	 0.0010 	 	  0.0031 	 0.9999 	 	 0.0062  	 0.9992  	 	 7.9601 	 0.2237  	 	 0.2187 	 0.9374  	 	 0.6371 	 0.8921  	 	 10.9210 	 0.0657
[2024/03/31 23:52:57] - 174 		 156.6 	 	 36.8 	 	 0.0010 	 	  0.0031 	 1.0000 	 	 0.0067  	 0.9989  	 	 7.9485 	 0.2232  	 	 0.2224 	 0.9374  	 	 0.6290 	 0.8930  	 	 10.8357 	 0.0583
[2024/03/31 23:56:09] - 175 		 156.6 	 	 35.3 	 	 0.0010 	 	  0.0030 	 0.9999 	 	 0.0057  	 0.9991  	 	 7.9835 	 0.2195  	 	 0.2081 	 0.9433  	 	 0.5973 	 0.9021  	 	 10.5707 	 0.0756
[2024/03/31 23:59:21] - 176 		 156.5 	 	 35.8 	 	 0.0010 	 	  0.0030 	 1.0000 	 	 0.0064  	 0.9990  	 	 7.9862 	 0.2192  	 	 0.2380 	 0.9352  	 	 0.6767 	 0.8951  	 	 11.0835 	 0.0668
[2024/04/01 00:02:34] - 177 		 156.4 	 	 35.9 	 	 0.0010 	 	  0.0030 	 1.0000 	 	 0.0060  	 0.9990  	 	 7.9644 	 0.2203  	 	 0.2048 	 0.9417  	 	 0.6274 	 0.8992  	 	 10.8356 	 0.0665
[2024/04/01 00:05:47] - 178 		 157.2 	 	 35.7 	 	 0.0010 	 	  0.0028 	 1.0000 	 	 0.0061  	 0.9989  	 	 7.9753 	 0.2192  	 	 0.2096 	 0.9426  	 	 0.6078 	 0.9006  	 	 10.2222 	 0.0823
[2024/04/01 00:08:59] - 179 		 156.3 	 	 35.7 	 	 0.0010 	 	  0.0028 	 1.0000 	 	 0.0051  	 0.9991  	 	 7.9411 	 0.2200  	 	 0.2072 	 0.9418  	 	 0.6109 	 0.9009  	 	 10.4151 	 0.0826
[2024/04/01 00:12:12] - 180 		 157.0 	 	 36.4 	 	 0.0010 	 	  0.0027 	 1.0000 	 	 0.0052  	 0.9993  	 	 7.9189 	 0.2218  	 	 0.2161 	 0.9407  	 	 0.6357 	 0.9016  	 	 10.6392 	 0.0878
[2024/04/01 00:15:26] - 181 		 157.0 	 	 37.4 	 	 0.0010 	 	  0.0028 	 0.9999 	 	 0.0055  	 0.9991  	 	 7.9285 	 0.2214  	 	 0.2187 	 0.9407  	 	 0.6348 	 0.8984  	 	 10.6846 	 0.0777
[2024/04/01 00:18:40] - 182 		 157.2 	 	 36.6 	 	 0.0010 	 	  0.0026 	 1.0000 	 	 0.0047  	 0.9994  	 	 7.9184 	 0.2230  	 	 0.2071 	 0.9433  	 	 0.6106 	 0.9002  	 	 10.5001 	 0.0808
[2024/04/01 00:21:55] - 183 		 158.5 	 	 35.8 	 	 0.0010 	 	  0.0027 	 0.9999 	 	 0.0051  	 0.9992  	 	 7.9275 	 0.2210  	 	 0.2248 	 0.9371  	 	 0.6485 	 0.8948  	 	 10.4711 	 0.0718
[2024/04/01 00:25:06] - 184 		 156.0 	 	 35.6 	 	 0.0010 	 	  0.0027 	 0.9999 	 	 0.0052  	 0.9993  	 	 7.9254 	 0.2197  	 	 0.2036 	 0.9430  	 	 0.6001 	 0.9045  	 	 10.5406 	 0.0799
[2024/04/01 00:28:18] - 185 		 156.7 	 	 35.7 	 	 0.0010 	 	  0.0026 	 1.0000 	 	 0.0050  	 0.9991  	 	 7.9501 	 0.2164  	 	 0.2126 	 0.9408  	 	 0.5955 	 0.9047  	 	 10.2789 	 0.0887
[2024/04/01 00:31:31] - 186 		 156.3 	 	 35.8 	 	 0.0010 	 	  0.0025 	 1.0000 	 	 0.0046  	 0.9994  	 	 7.9473 	 0.2163  	 	 0.2140 	 0.9399  	 	 0.6218 	 0.8983  	 	 10.5079 	 0.0710
[2024/04/01 00:34:43] - 187 		 157.1 	 	 35.4 	 	 0.0010 	 	  0.0026 	 1.0000 	 	 0.0051  	 0.9991  	 	 7.9464 	 0.2181  	 	 0.2076 	 0.9440  	 	 0.6322 	 0.9040  	 	 10.9359 	 0.0687
[2024/04/01 00:37:55] - 188 		 156.3 	 	 35.4 	 	 0.0010 	 	  0.0026 	 0.9999 	 	 0.0048  	 0.9993  	 	 7.9213 	 0.2179  	 	 0.2199 	 0.9381  	 	 0.6318 	 0.8977  	 	 10.4585 	 0.0635
[2024/04/01 00:41:07] - 189 		 156.6 	 	 35.6 	 	 0.0010 	 	  0.0026 	 0.9999 	 	 0.0049  	 0.9993  	 	 7.8899 	 0.2178  	 	 0.2158 	 0.9427  	 	 0.6269 	 0.9000  	 	 10.3283 	 0.0808
[2024/04/01 00:44:19] - 190 		 156.6 	 	 35.6 	 	 0.0010 	 	  0.0025 	 1.0000 	 	 0.0049  	 0.9993  	 	 7.9258 	 0.2136  	 	 0.2128 	 0.9406  	 	 0.6405 	 0.8959  	 	 10.5179 	 0.0784
[2024/04/01 00:47:31] - 191 		 156.1 	 	 35.5 	 	 0.0010 	 	  0.0024 	 1.0000 	 	 0.0051  	 0.9993  	 	 7.8744 	 0.2178  	 	 0.2137 	 0.9426  	 	 0.6299 	 0.9043  	 	 10.6317 	 0.0796
[2024/04/01 00:50:42] - 192 		 156.1 	 	 35.3 	 	 0.0010 	 	  0.0024 	 1.0000 	 	 0.0046  	 0.9995  	 	 7.9050 	 0.2146  	 	 0.2091 	 0.9444  	 	 0.6104 	 0.9051  	 	 10.2496 	 0.0993
[2024/04/01 00:53:55] - 193 		 157.3 	 	 35.5 	 	 0.0010 	 	  0.0024 	 1.0000 	 	 0.0047  	 0.9992  	 	 7.8960 	 0.2158  	 	 0.1986 	 0.9448  	 	 0.6359 	 0.9026  	 	 10.5949 	 0.0735
[2024/04/01 00:57:07] - 194 		 156.2 	 	 35.5 	 	 0.0010 	 	  0.0024 	 0.9999 	 	 0.0047  	 0.9994  	 	 7.8805 	 0.2154  	 	 0.2472 	 0.9332  	 	 0.6853 	 0.8951  	 	 10.5879 	 0.0925
[2024/04/01 01:00:19] - 195 		 156.8 	 	 35.5 	 	 0.0010 	 	  0.0024 	 1.0000 	 	 0.0047  	 0.9992  	 	 7.8678 	 0.2163  	 	 0.2237 	 0.9407  	 	 0.6793 	 0.8995  	 	 10.8125 	 0.0859
[2024/04/01 01:03:31] - 196 		 156.5 	 	 35.9 	 	 0.0010 	 	  0.0024 	 1.0000 	 	 0.0050  	 0.9992  	 	 7.9058 	 0.2113  	 	 0.2064 	 0.9431  	 	 0.6122 	 0.9025  	 	 10.6212 	 0.0645
[2024/04/01 01:06:43] - 197 		 156.1 	 	 35.6 	 	 0.0010 	 	  0.0023 	 1.0000 	 	 0.0042  	 0.9995  	 	 7.8723 	 0.2140  	 	 0.2236 	 0.9397  	 	 0.6641 	 0.8958  	 	 10.5520 	 0.0749
[2024/04/01 01:09:55] - 198 		 156.6 	 	 35.8 	 	 0.0010 	 	  0.0023 	 1.0000 	 	 0.0046  	 0.9993  	 	 7.8517 	 0.2158  	 	 0.2148 	 0.9422  	 	 0.6057 	 0.9007  	 	 10.0958 	 0.0709
[2024/04/01 01:13:07] - 199 		 156.2 	 	 35.4 	 	 0.0010 	 	  0.0023 	 0.9999 	 	 0.0042  	 0.9994  	 	 7.8491 	 0.2142  	 	 0.2040 	 0.9434  	 	 0.5537 	 0.9040  	 	 9.7916 	 0.0868
[2024/04/01 01:16:21] - 200 		 156.9 	 	 36.0 	 	 0.0010 	 	  0.0023 	 1.0000 	 	 0.0039  	 0.9995  	 	 7.8319 	 0.2153  	 	 0.2091 	 0.9418  	 	 0.6142 	 0.9019  	 	 10.1199 	 0.0939
