[2024/03/31 14:41:04] - Namespace(att_method='tanh', attack_iters=10, batch_size=128, beta=100.0, chkpt_iters=50, data_aug=True, data_dir='./cifar10', epochs=201, epsilon=0.03137254901960784, fname='cifar10_results', lr_chechpoint1=100, lr_chechpoint2=150, lr_max=0.1, lr_schedule='piecewise', model='PreRes18_standard', momentum=0.9, norm='l_inf', pgd_alpha=0.00784313725490196, random_init=1, resume=0, seed=1, train_mode='adv_train', weight_decay=0.0005, width_factor=10)
[2024/03/31 14:41:20] - Epoch 	 Train Time 	 Test Time 	 LR 	 	 Train Loss 	 Train Acc 	 Train Adv Loss 	 Train Adv Acc 	 Train Sgn-PGD Loss 	 Train Sgn-PGD Acc 	 Test Loss 	 Test Acc 	 Test Adv Loss 	 Test Adv Acc 	 Test Sgn-PGD Loss 	 Test Sgn-PGD Acc 
[2024/03/31 14:44:39] - 0 		 163.0 	 	 35.7 	 	 0.1000 	 	  1.6196 	 0.3983 	 	 1.6870  	 0.3744  	 	 2.8406 	 0.1154  	 	 1.3098 	 0.5246  	 	 1.5519 	 0.4538  	 	 3.6162 	 0.0857
[2024/03/31 14:47:51] - 1 		 156.6 	 	 35.4 	 	 0.1000 	 	  1.1858 	 0.5736 	 	 1.3262  	 0.5192  	 	 3.2399 	 0.1046  	 	 0.9953 	 0.6425  	 	 1.2378 	 0.5528  	 	 3.7039 	 0.0673
[2024/03/31 14:51:02] - 2 		 155.6 	 	 35.5 	 	 0.1000 	 	  0.9437 	 0.6727 	 	 1.1261  	 0.5993  	 	 3.4924 	 0.1107  	 	 0.8284 	 0.7034  	 	 1.1164 	 0.6054  	 	 3.9169 	 0.0722
[2024/03/31 14:54:14] - 3 		 156.9 	 	 35.3 	 	 0.1000 	 	  0.8171 	 0.7227 	 	 1.0149  	 0.6397  	 	 3.5769 	 0.1287  	 	 0.7874 	 0.7235  	 	 1.0939 	 0.6275  	 	 4.1617 	 0.0688
[2024/03/31 14:57:26] - 4 		 156.5 	 	 35.4 	 	 0.1000 	 	  0.7319 	 0.7544 	 	 0.9361  	 0.6728  	 	 3.6006 	 0.1442  	 	 0.6573 	 0.7770  	 	 1.0044 	 0.6553  	 	 4.3599 	 0.0664
[2024/03/31 15:00:37] - 5 		 155.5 	 	 35.5 	 	 0.1000 	 	  0.6752 	 0.7773 	 	 0.8844  	 0.6912  	 	 3.6501 	 0.1538  	 	 0.6655 	 0.7701  	 	 0.9559 	 0.6702  	 	 3.8712 	 0.0826
[2024/03/31 15:03:49] - 6 		 156.3 	 	 35.4 	 	 0.1000 	 	  0.6310 	 0.7937 	 	 0.8440  	 0.7073  	 	 3.6728 	 0.1631  	 	 0.6596 	 0.7696  	 	 0.9708 	 0.6600  	 	 4.1062 	 0.0636
[2024/03/31 15:07:00] - 7 		 155.6 	 	 35.9 	 	 0.1000 	 	  0.6018 	 0.8034 	 	 0.8153  	 0.7171  	 	 3.7021 	 0.1708  	 	 0.5781 	 0.8053  	 	 0.8900 	 0.6977  	 	 4.0751 	 0.0879
[2024/03/31 15:10:11] - 8 		 155.8 	 	 35.3 	 	 0.1000 	 	  0.5774 	 0.8135 	 	 0.7917  	 0.7268  	 	 3.7268 	 0.1781  	 	 0.5877 	 0.7929  	 	 0.9518 	 0.6860  	 	 4.4460 	 0.0901
[2024/03/31 15:13:24] - 9 		 156.7 	 	 35.5 	 	 0.1000 	 	  0.5592 	 0.8199 	 	 0.7755  	 0.7317  	 	 3.7459 	 0.1823  	 	 0.5706 	 0.8032  	 	 0.9550 	 0.6863  	 	 4.5376 	 0.0897
[2024/03/31 15:16:35] - 10 		 155.6 	 	 35.4 	 	 0.1000 	 	  0.5414 	 0.8260 	 	 0.7581  	 0.7389  	 	 3.7676 	 0.1871  	 	 0.5303 	 0.8194  	 	 0.8591 	 0.7092  	 	 4.2396 	 0.0870
[2024/03/31 15:19:46] - 11 		 156.3 	 	 35.6 	 	 0.1000 	 	  0.5278 	 0.8317 	 	 0.7440  	 0.7444  	 	 3.7695 	 0.1918  	 	 0.5225 	 0.8232  	 	 0.9399 	 0.7047  	 	 4.7950 	 0.0750
[2024/03/31 15:22:58] - 12 		 155.5 	 	 36.0 	 	 0.1000 	 	  0.5117 	 0.8386 	 	 0.7291  	 0.7507  	 	 3.7877 	 0.1953  	 	 0.5353 	 0.8167  	 	 0.8967 	 0.7035  	 	 4.3946 	 0.0787
[2024/03/31 15:26:09] - 13 		 155.6 	 	 35.4 	 	 0.1000 	 	  0.5006 	 0.8413 	 	 0.7188  	 0.7534  	 	 3.7921 	 0.1998  	 	 0.4988 	 0.8270  	 	 0.8789 	 0.7150  	 	 4.5716 	 0.0903
[2024/03/31 15:29:20] - 14 		 155.9 	 	 35.5 	 	 0.1000 	 	  0.4862 	 0.8466 	 	 0.7062  	 0.7579  	 	 3.8403 	 0.2009  	 	 0.4956 	 0.8277  	 	 0.8095 	 0.7242  	 	 4.0934 	 0.0951
[2024/03/31 15:32:31] - 15 		 155.5 	 	 35.5 	 	 0.1000 	 	  0.4820 	 0.8480 	 	 0.6989  	 0.7606  	 	 3.8381 	 0.2038  	 	 0.5002 	 0.8303  	 	 0.8918 	 0.7140  	 	 4.7161 	 0.0713
[2024/03/31 15:35:43] - 16 		 156.0 	 	 35.7 	 	 0.1000 	 	  0.4712 	 0.8530 	 	 0.6900  	 0.7627  	 	 3.8556 	 0.2023  	 	 0.4832 	 0.8381  	 	 0.8467 	 0.7250  	 	 4.4424 	 0.0890
[2024/03/31 15:38:55] - 17 		 156.2 	 	 35.4 	 	 0.1000 	 	  0.4607 	 0.8544 	 	 0.6799  	 0.7672  	 	 3.8526 	 0.2078  	 	 0.4998 	 0.8260  	 	 0.8236 	 0.7280  	 	 4.1426 	 0.1091
[2024/03/31 15:42:06] - 18 		 155.5 	 	 35.4 	 	 0.1000 	 	  0.4603 	 0.8556 	 	 0.6797  	 0.7662  	 	 3.8759 	 0.2072  	 	 0.4586 	 0.8436  	 	 0.8489 	 0.7269  	 	 4.6307 	 0.0871
[2024/03/31 15:45:17] - 19 		 156.0 	 	 35.3 	 	 0.1000 	 	  0.4535 	 0.8579 	 	 0.6735  	 0.7700  	 	 3.8785 	 0.2115  	 	 0.6235 	 0.7927  	 	 1.1870 	 0.6532  	 	 5.3003 	 0.0703
[2024/03/31 15:48:29] - 20 		 155.7 	 	 35.9 	 	 0.1000 	 	  0.4453 	 0.8610 	 	 0.6647  	 0.7741  	 	 3.8663 	 0.2076  	 	 0.4676 	 0.8436  	 	 0.8062 	 0.7369  	 	 4.2159 	 0.1023
[2024/03/31 15:51:40] - 21 		 155.7 	 	 35.2 	 	 0.1000 	 	  0.4420 	 0.8625 	 	 0.6639  	 0.7725  	 	 3.8965 	 0.2096  	 	 0.5440 	 0.8137  	 	 0.9944 	 0.6888  	 	 4.8405 	 0.0833
[2024/03/31 15:54:51] - 22 		 156.1 	 	 35.8 	 	 0.1000 	 	  0.4349 	 0.8658 	 	 0.6537  	 0.7758  	 	 3.8828 	 0.2149  	 	 0.4774 	 0.8356  	 	 0.9237 	 0.7144  	 	 4.7788 	 0.0909
[2024/03/31 15:58:03] - 23 		 155.5 	 	 35.5 	 	 0.1000 	 	  0.4347 	 0.8664 	 	 0.6561  	 0.7761  	 	 3.8996 	 0.2124  	 	 0.4974 	 0.8314  	 	 1.0108 	 0.6943  	 	 5.3282 	 0.0624
[2024/03/31 16:01:14] - 24 		 155.9 	 	 35.4 	 	 0.1000 	 	  0.4264 	 0.8682 	 	 0.6457  	 0.7781  	 	 3.8962 	 0.2136  	 	 0.4598 	 0.8411  	 	 0.8576 	 0.7293  	 	 4.6936 	 0.0844
[2024/03/31 16:04:25] - 25 		 156.1 	 	 35.3 	 	 0.1000 	 	  0.4219 	 0.8680 	 	 0.6415  	 0.7813  	 	 3.9227 	 0.2157  	 	 0.4414 	 0.8536  	 	 0.8558 	 0.7330  	 	 4.8070 	 0.0854
[2024/03/31 16:07:36] - 26 		 155.5 	 	 35.4 	 	 0.1000 	 	  0.4251 	 0.8663 	 	 0.6464  	 0.7802  	 	 3.9038 	 0.2154  	 	 0.4925 	 0.8287  	 	 0.8687 	 0.7203  	 	 4.5422 	 0.0968
[2024/03/31 16:10:48] - 27 		 156.1 	 	 35.4 	 	 0.1000 	 	  0.4204 	 0.8697 	 	 0.6383  	 0.7826  	 	 3.8832 	 0.2201  	 	 0.4439 	 0.8534  	 	 0.9104 	 0.7297  	 	 4.9905 	 0.0867
[2024/03/31 16:13:59] - 28 		 155.6 	 	 35.7 	 	 0.1000 	 	  0.4163 	 0.8711 	 	 0.6346  	 0.7835  	 	 3.9012 	 0.2172  	 	 0.4688 	 0.8408  	 	 1.0531 	 0.7084  	 	 5.5674 	 0.0780
[2024/03/31 16:17:10] - 29 		 155.6 	 	 35.4 	 	 0.1000 	 	  0.4107 	 0.8741 	 	 0.6309  	 0.7853  	 	 3.9358 	 0.2174  	 	 0.4113 	 0.8620  	 	 0.8206 	 0.7365  	 	 4.9171 	 0.0787
[2024/03/31 16:20:22] - 30 		 156.1 	 	 35.5 	 	 0.1000 	 	  0.4074 	 0.8764 	 	 0.6308  	 0.7859  	 	 3.9532 	 0.2190  	 	 0.4558 	 0.8480  	 	 0.8484 	 0.7283  	 	 4.6747 	 0.0802
[2024/03/31 16:23:33] - 31 		 155.6 	 	 35.5 	 	 0.1000 	 	  0.4133 	 0.8730 	 	 0.6352  	 0.7824  	 	 3.9364 	 0.2171  	 	 0.4338 	 0.8497  	 	 0.8453 	 0.7320  	 	 4.8014 	 0.0913
[2024/03/31 16:26:44] - 32 		 156.0 	 	 35.3 	 	 0.1000 	 	  0.4034 	 0.8760 	 	 0.6223  	 0.7889  	 	 3.9416 	 0.2214  	 	 0.4561 	 0.8498  	 	 0.7964 	 0.7352  	 	 4.3787 	 0.0862
[2024/03/31 16:29:55] - 33 		 155.9 	 	 35.4 	 	 0.1000 	 	  0.4048 	 0.8745 	 	 0.6229  	 0.7869  	 	 3.9272 	 0.2231  	 	 0.4358 	 0.8485  	 	 0.8689 	 0.7391  	 	 4.8816 	 0.0955
[2024/03/31 16:33:06] - 34 		 155.6 	 	 35.3 	 	 0.1000 	 	  0.3982 	 0.8786 	 	 0.6194  	 0.7901  	 	 3.9396 	 0.2201  	 	 0.4608 	 0.8437  	 	 0.8684 	 0.7282  	 	 4.6293 	 0.1065
[2024/03/31 16:36:18] - 35 		 156.1 	 	 35.6 	 	 0.1000 	 	  0.3969 	 0.8781 	 	 0.6158  	 0.7891  	 	 3.9433 	 0.2231  	 	 0.4985 	 0.8292  	 	 0.9887 	 0.7036  	 	 5.0665 	 0.0795
[2024/03/31 16:39:30] - 36 		 155.5 	 	 36.0 	 	 0.1000 	 	  0.3986 	 0.8782 	 	 0.6194  	 0.7888  	 	 3.9506 	 0.2238  	 	 0.4516 	 0.8490  	 	 0.7659 	 0.7477  	 	 4.0865 	 0.0962
[2024/03/31 16:42:41] - 37 		 155.7 	 	 35.5 	 	 0.1000 	 	  0.3970 	 0.8783 	 	 0.6168  	 0.7921  	 	 3.9485 	 0.2244  	 	 0.4831 	 0.8374  	 	 1.0517 	 0.7096  	 	 5.4902 	 0.0860
[2024/03/31 16:45:52] - 38 		 156.0 	 	 35.4 	 	 0.1000 	 	  0.3950 	 0.8791 	 	 0.6157  	 0.7901  	 	 3.9659 	 0.2218  	 	 0.4336 	 0.8523  	 	 0.8633 	 0.7345  	 	 4.9947 	 0.0746
[2024/03/31 16:49:03] - 39 		 155.6 	 	 35.5 	 	 0.1000 	 	  0.3940 	 0.8786 	 	 0.6140  	 0.7919  	 	 3.9453 	 0.2237  	 	 0.4393 	 0.8571  	 	 0.8249 	 0.7379  	 	 4.6358 	 0.0859
[2024/03/31 16:52:15] - 40 		 156.3 	 	 35.3 	 	 0.1000 	 	  0.3927 	 0.8794 	 	 0.6123  	 0.7924  	 	 3.9334 	 0.2233  	 	 0.4129 	 0.8638  	 	 0.8224 	 0.7418  	 	 4.7518 	 0.0890
[2024/03/31 16:55:26] - 41 		 156.1 	 	 35.4 	 	 0.1000 	 	  0.3937 	 0.8789 	 	 0.6136  	 0.7914  	 	 3.9525 	 0.2253  	 	 0.4566 	 0.8417  	 	 0.9029 	 0.7197  	 	 4.7159 	 0.0897
[2024/03/31 16:58:37] - 42 		 155.5 	 	 35.3 	 	 0.1000 	 	  0.3929 	 0.8793 	 	 0.6121  	 0.7920  	 	 3.9473 	 0.2272  	 	 0.4202 	 0.8598  	 	 0.7870 	 0.7498  	 	 4.5516 	 0.0885
[2024/03/31 17:01:49] - 43 		 156.1 	 	 35.4 	 	 0.1000 	 	  0.3892 	 0.8800 	 	 0.6079  	 0.7916  	 	 3.9511 	 0.2250  	 	 0.4193 	 0.8618  	 	 0.7395 	 0.7575  	 	 4.1764 	 0.1149
[2024/03/31 17:05:00] - 44 		 155.7 	 	 35.8 	 	 0.1000 	 	  0.3841 	 0.8822 	 	 0.6027  	 0.7950  	 	 3.9549 	 0.2257  	 	 0.4206 	 0.8560  	 	 0.8628 	 0.7331  	 	 4.9236 	 0.0983
[2024/03/31 17:08:11] - 45 		 155.5 	 	 35.3 	 	 0.1000 	 	  0.3814 	 0.8848 	 	 0.5999  	 0.7971  	 	 3.9616 	 0.2236  	 	 0.4290 	 0.8581  	 	 0.7939 	 0.7470  	 	 4.4568 	 0.0998
[2024/03/31 17:11:22] - 46 		 156.1 	 	 35.3 	 	 0.1000 	 	  0.3878 	 0.8807 	 	 0.6078  	 0.7922  	 	 3.9480 	 0.2244  	 	 0.4290 	 0.8535  	 	 0.8453 	 0.7306  	 	 4.7059 	 0.0839
[2024/03/31 17:14:33] - 47 		 155.5 	 	 35.4 	 	 0.1000 	 	  0.3886 	 0.8831 	 	 0.6082  	 0.7931  	 	 3.9298 	 0.2260  	 	 0.4272 	 0.8580  	 	 0.8090 	 0.7409  	 	 4.4216 	 0.1011
[2024/03/31 17:17:44] - 48 		 155.9 	 	 35.3 	 	 0.1000 	 	  0.3818 	 0.8836 	 	 0.6016  	 0.7957  	 	 3.9729 	 0.2288  	 	 0.4498 	 0.8514  	 	 0.7818 	 0.7437  	 	 4.2835 	 0.0884
[2024/03/31 17:20:56] - 49 		 156.0 	 	 35.4 	 	 0.1000 	 	  0.3801 	 0.8865 	 	 0.6001  	 0.7965  	 	 3.9722 	 0.2248  	 	 0.3883 	 0.8696  	 	 0.7933 	 0.7510  	 	 4.8146 	 0.0803
[2024/03/31 17:24:08] - 50 		 155.6 	 	 35.3 	 	 0.1000 	 	  0.3833 	 0.8832 	 	 0.6042  	 0.7941  	 	 3.9652 	 0.2220  	 	 0.4162 	 0.8617  	 	 0.8498 	 0.7306  	 	 4.9820 	 0.0713
[2024/03/31 17:27:19] - 51 		 156.1 	 	 35.5 	 	 0.1000 	 	  0.3823 	 0.8828 	 	 0.6018  	 0.7953  	 	 3.9578 	 0.2240  	 	 0.4004 	 0.8620  	 	 0.8677 	 0.7373  	 	 5.1317 	 0.0827
[2024/03/31 17:30:31] - 52 		 155.7 	 	 36.0 	 	 0.1000 	 	  0.3803 	 0.8844 	 	 0.5983  	 0.7984  	 	 3.9279 	 0.2263  	 	 0.4154 	 0.8602  	 	 0.7914 	 0.7485  	 	 4.6711 	 0.0868
[2024/03/31 17:33:42] - 53 		 155.7 	 	 35.4 	 	 0.1000 	 	  0.3793 	 0.8844 	 	 0.5986  	 0.7967  	 	 3.9492 	 0.2301  	 	 0.4330 	 0.8514  	 	 0.9118 	 0.7296  	 	 5.0420 	 0.0767
[2024/03/31 17:36:53] - 54 		 156.1 	 	 35.3 	 	 0.1000 	 	  0.3786 	 0.8849 	 	 0.5997  	 0.7977  	 	 3.9835 	 0.2247  	 	 0.3857 	 0.8643  	 	 0.8717 	 0.7499  	 	 5.3044 	 0.0925
[2024/03/31 17:40:05] - 55 		 155.8 	 	 35.6 	 	 0.1000 	 	  0.3746 	 0.8862 	 	 0.5937  	 0.7985  	 	 3.9549 	 0.2284  	 	 0.4550 	 0.8462  	 	 0.8693 	 0.7282  	 	 4.7922 	 0.0916
[2024/03/31 17:43:16] - 56 		 156.1 	 	 35.3 	 	 0.1000 	 	  0.3777 	 0.8856 	 	 0.5971  	 0.7969  	 	 3.9593 	 0.2255  	 	 0.4032 	 0.8667  	 	 0.7955 	 0.7536  	 	 4.7040 	 0.1016
[2024/03/31 17:46:28] - 57 		 156.4 	 	 35.3 	 	 0.1000 	 	  0.3769 	 0.8857 	 	 0.5970  	 0.7983  	 	 3.9719 	 0.2271  	 	 0.4907 	 0.8310  	 	 0.9914 	 0.7095  	 	 5.1212 	 0.0976
[2024/03/31 17:49:39] - 58 		 155.6 	 	 35.2 	 	 0.1000 	 	  0.3721 	 0.8878 	 	 0.5915  	 0.8025  	 	 3.9719 	 0.2287  	 	 0.3928 	 0.8696  	 	 0.7959 	 0.7553  	 	 4.7522 	 0.0965
[2024/03/31 17:52:50] - 59 		 156.2 	 	 35.2 	 	 0.1000 	 	  0.3746 	 0.8852 	 	 0.5929  	 0.7989  	 	 3.9621 	 0.2285  	 	 0.4183 	 0.8563  	 	 0.8465 	 0.7420  	 	 4.7673 	 0.1010
[2024/03/31 17:56:02] - 60 		 156.3 	 	 35.3 	 	 0.1000 	 	  0.3753 	 0.8865 	 	 0.5929  	 0.8006  	 	 3.9581 	 0.2307  	 	 0.3931 	 0.8694  	 	 0.7157 	 0.7648  	 	 4.0880 	 0.1247
[2024/03/31 17:59:13] - 61 		 155.6 	 	 35.3 	 	 0.1000 	 	  0.3715 	 0.8878 	 	 0.5903  	 0.8013  	 	 3.9507 	 0.2303  	 	 0.4562 	 0.8459  	 	 0.8764 	 0.7262  	 	 4.6388 	 0.0947
[2024/03/31 18:02:24] - 62 		 156.1 	 	 35.5 	 	 0.1000 	 	  0.3779 	 0.8852 	 	 0.5995  	 0.7963  	 	 3.9648 	 0.2263  	 	 0.4035 	 0.8643  	 	 0.7803 	 0.7541  	 	 4.4130 	 0.1178
[2024/03/31 18:05:36] - 63 		 155.5 	 	 36.0 	 	 0.1000 	 	  0.3767 	 0.8855 	 	 0.5956  	 0.7983  	 	 3.9621 	 0.2312  	 	 0.4734 	 0.8392  	 	 0.9025 	 0.7315  	 	 4.7958 	 0.1049
[2024/03/31 18:08:47] - 64 		 155.7 	 	 35.3 	 	 0.1000 	 	  0.3716 	 0.8877 	 	 0.5918  	 0.7991  	 	 3.9657 	 0.2312  	 	 0.4443 	 0.8530  	 	 0.8834 	 0.7352  	 	 4.7524 	 0.0940
[2024/03/31 18:11:58] - 65 		 156.3 	 	 35.4 	 	 0.1000 	 	  0.3743 	 0.8852 	 	 0.5933  	 0.7972  	 	 3.9634 	 0.2265  	 	 0.4333 	 0.8553  	 	 0.8104 	 0.7423  	 	 4.4468 	 0.0983
[2024/03/31 18:15:10] - 66 		 155.8 	 	 35.6 	 	 0.1000 	 	  0.3731 	 0.8873 	 	 0.5928  	 0.8001  	 	 3.9790 	 0.2286  	 	 0.4031 	 0.8626  	 	 0.8666 	 0.7397  	 	 5.1896 	 0.0843
[2024/03/31 18:18:23] - 67 		 157.5 	 	 35.6 	 	 0.1000 	 	  0.3744 	 0.8871 	 	 0.5937  	 0.7983  	 	 3.9702 	 0.2276  	 	 0.4215 	 0.8604  	 	 0.7775 	 0.7528  	 	 4.3167 	 0.1200
[2024/03/31 18:21:35] - 68 		 156.6 	 	 35.8 	 	 0.1000 	 	  0.3647 	 0.8899 	 	 0.5812  	 0.8024  	 	 3.9750 	 0.2335  	 	 0.4184 	 0.8580  	 	 0.8175 	 0.7439  	 	 4.5814 	 0.1069
[2024/03/31 18:24:47] - 69 		 155.7 	 	 35.6 	 	 0.1000 	 	  0.3701 	 0.8890 	 	 0.5903  	 0.8012  	 	 3.9606 	 0.2309  	 	 0.4276 	 0.8552  	 	 0.8165 	 0.7383  	 	 4.6856 	 0.0840
[2024/03/31 18:27:59] - 70 		 156.5 	 	 35.6 	 	 0.1000 	 	  0.3688 	 0.8880 	 	 0.5870  	 0.8011  	 	 3.9726 	 0.2296  	 	 0.4172 	 0.8591  	 	 0.8425 	 0.7437  	 	 4.7810 	 0.0918
[2024/03/31 18:31:10] - 71 		 155.7 	 	 35.2 	 	 0.1000 	 	  0.3697 	 0.8895 	 	 0.5883  	 0.8022  	 	 3.9407 	 0.2301  	 	 0.4184 	 0.8561  	 	 0.8755 	 0.7389  	 	 4.9683 	 0.0937
[2024/03/31 18:34:25] - 72 		 157.9 	 	 37.0 	 	 0.1000 	 	  0.3706 	 0.8866 	 	 0.5893  	 0.7987  	 	 3.9446 	 0.2307  	 	 0.4346 	 0.8575  	 	 0.8303 	 0.7415  	 	 4.4938 	 0.1062
[2024/03/31 18:37:38] - 73 		 158.0 	 	 35.4 	 	 0.1000 	 	  0.3676 	 0.8897 	 	 0.5854  	 0.8012  	 	 3.9526 	 0.2307  	 	 0.4600 	 0.8402  	 	 0.8470 	 0.7388  	 	 4.5467 	 0.1087
[2024/03/31 18:40:49] - 74 		 155.7 	 	 35.4 	 	 0.1000 	 	  0.3653 	 0.8897 	 	 0.5856  	 0.8023  	 	 3.9741 	 0.2297  	 	 0.4155 	 0.8587  	 	 0.7856 	 0.7477  	 	 4.4803 	 0.0975
[2024/03/31 18:44:01] - 75 		 156.4 	 	 35.5 	 	 0.1000 	 	  0.3728 	 0.8878 	 	 0.5929  	 0.7997  	 	 3.9576 	 0.2296  	 	 0.4086 	 0.8614  	 	 1.0075 	 0.7335  	 	 5.6146 	 0.1010
[2024/03/31 18:47:13] - 76 		 155.8 	 	 36.6 	 	 0.1000 	 	  0.3660 	 0.8888 	 	 0.5851  	 0.8026  	 	 3.9574 	 0.2333  	 	 0.3940 	 0.8652  	 	 0.7841 	 0.7567  	 	 4.5845 	 0.1093
[2024/03/31 18:50:25] - 77 		 155.7 	 	 35.5 	 	 0.1000 	 	  0.3665 	 0.8905 	 	 0.5848  	 0.8018  	 	 3.9616 	 0.2323  	 	 0.4206 	 0.8604  	 	 0.8341 	 0.7460  	 	 4.7231 	 0.0920
[2024/03/31 18:53:39] - 78 		 157.6 	 	 36.5 	 	 0.1000 	 	  0.3650 	 0.8890 	 	 0.5843  	 0.8028  	 	 3.9942 	 0.2289  	 	 0.4201 	 0.8615  	 	 0.8312 	 0.7439  	 	 4.8615 	 0.0975
[2024/03/31 18:56:51] - 79 		 155.6 	 	 36.6 	 	 0.1000 	 	  0.3638 	 0.8899 	 	 0.5833  	 0.8030  	 	 3.9725 	 0.2307  	 	 0.4081 	 0.8586  	 	 0.8233 	 0.7440  	 	 4.7057 	 0.0980
[2024/03/31 19:00:02] - 80 		 155.8 	 	 35.4 	 	 0.1000 	 	  0.3635 	 0.8892 	 	 0.5818  	 0.8033  	 	 3.9668 	 0.2295  	 	 0.3918 	 0.8704  	 	 0.7517 	 0.7611  	 	 4.5402 	 0.0926
[2024/03/31 19:03:14] - 81 		 156.8 	 	 35.6 	 	 0.1000 	 	  0.3677 	 0.8890 	 	 0.5889  	 0.8006  	 	 3.9630 	 0.2327  	 	 0.4492 	 0.8473  	 	 0.9523 	 0.7264  	 	 5.2309 	 0.0874
[2024/03/31 19:06:25] - 82 		 155.6 	 	 35.5 	 	 0.1000 	 	  0.3623 	 0.8918 	 	 0.5802  	 0.8050  	 	 3.9759 	 0.2314  	 	 0.4292 	 0.8528  	 	 0.8913 	 0.7370  	 	 4.9196 	 0.1070
[2024/03/31 19:09:37] - 83 		 156.1 	 	 35.6 	 	 0.1000 	 	  0.3631 	 0.8910 	 	 0.5824  	 0.8030  	 	 3.9673 	 0.2315  	 	 0.4539 	 0.8456  	 	 0.9005 	 0.7304  	 	 4.9137 	 0.0953
[2024/03/31 19:12:49] - 84 		 156.2 	 	 35.6 	 	 0.1000 	 	  0.3627 	 0.8901 	 	 0.5816  	 0.8042  	 	 3.9754 	 0.2282  	 	 0.4147 	 0.8627  	 	 0.8361 	 0.7425  	 	 4.7844 	 0.0976
[2024/03/31 19:16:00] - 85 		 155.6 	 	 35.3 	 	 0.1000 	 	  0.3644 	 0.8906 	 	 0.5830  	 0.8025  	 	 3.9665 	 0.2284  	 	 0.4027 	 0.8650  	 	 0.8637 	 0.7451  	 	 5.0901 	 0.0771
[2024/03/31 19:19:12] - 86 		 156.2 	 	 35.6 	 	 0.1000 	 	  0.3623 	 0.8904 	 	 0.5832  	 0.8034  	 	 3.9845 	 0.2301  	 	 0.4655 	 0.8376  	 	 0.8963 	 0.7237  	 	 4.8201 	 0.1031
[2024/03/31 19:22:22] - 87 		 155.6 	 	 35.2 	 	 0.1000 	 	  0.3614 	 0.8917 	 	 0.5801  	 0.8045  	 	 3.9738 	 0.2308  	 	 0.3986 	 0.8671  	 	 0.8546 	 0.7439  	 	 5.1749 	 0.0870
[2024/03/31 19:25:34] - 88 		 156.5 	 	 35.4 	 	 0.1000 	 	  0.3596 	 0.8924 	 	 0.5792  	 0.8059  	 	 3.9843 	 0.2287  	 	 0.3894 	 0.8743  	 	 0.7270 	 0.7634  	 	 4.4478 	 0.0989
[2024/03/31 19:28:46] - 89 		 156.2 	 	 35.4 	 	 0.1000 	 	  0.3627 	 0.8905 	 	 0.5799  	 0.8037  	 	 3.9594 	 0.2312  	 	 0.3974 	 0.8630  	 	 0.7802 	 0.7521  	 	 4.6781 	 0.0799
[2024/03/31 19:31:57] - 90 		 155.7 	 	 35.4 	 	 0.1000 	 	  0.3610 	 0.8909 	 	 0.5828  	 0.8044  	 	 3.9859 	 0.2305  	 	 0.4247 	 0.8499  	 	 0.7837 	 0.7469  	 	 4.4520 	 0.1104
[2024/03/31 19:35:09] - 91 		 156.4 	 	 35.5 	 	 0.1000 	 	  0.3596 	 0.8904 	 	 0.5776  	 0.8043  	 	 3.9684 	 0.2317  	 	 0.4050 	 0.8687  	 	 0.7841 	 0.7546  	 	 4.5943 	 0.1055
[2024/03/31 19:38:21] - 92 		 155.6 	 	 36.0 	 	 0.1000 	 	  0.3587 	 0.8928 	 	 0.5795  	 0.8048  	 	 3.9848 	 0.2336  	 	 0.3776 	 0.8704  	 	 0.8047 	 0.7610  	 	 4.9648 	 0.0922
[2024/03/31 19:41:32] - 93 		 155.7 	 	 35.4 	 	 0.1000 	 	  0.3614 	 0.8909 	 	 0.5805  	 0.8028  	 	 3.9512 	 0.2315  	 	 0.3920 	 0.8666  	 	 0.8815 	 0.7448  	 	 5.1541 	 0.0948
[2024/03/31 19:44:43] - 94 		 156.2 	 	 35.3 	 	 0.1000 	 	  0.3604 	 0.8916 	 	 0.5801  	 0.8045  	 	 3.9843 	 0.2323  	 	 0.4200 	 0.8608  	 	 0.8565 	 0.7452  	 	 4.7749 	 0.1011
[2024/03/31 19:47:54] - 95 		 155.6 	 	 35.4 	 	 0.1000 	 	  0.3581 	 0.8928 	 	 0.5774  	 0.8063  	 	 3.9729 	 0.2317  	 	 0.4114 	 0.8634  	 	 0.8350 	 0.7462  	 	 4.8500 	 0.0919
[2024/03/31 19:51:06] - 96 		 156.3 	 	 35.4 	 	 0.1000 	 	  0.3635 	 0.8909 	 	 0.5824  	 0.8029  	 	 3.9766 	 0.2314  	 	 0.4034 	 0.8659  	 	 0.8201 	 0.7484  	 	 4.8636 	 0.0924
[2024/03/31 19:54:19] - 97 		 158.0 	 	 35.3 	 	 0.1000 	 	  0.3647 	 0.8895 	 	 0.5858  	 0.8006  	 	 3.9768 	 0.2302  	 	 0.4040 	 0.8655  	 	 0.7519 	 0.7549  	 	 4.3774 	 0.0932
[2024/03/31 19:57:30] - 98 		 155.5 	 	 35.3 	 	 0.1000 	 	  0.3603 	 0.8935 	 	 0.5806  	 0.8033  	 	 3.9790 	 0.2305  	 	 0.4264 	 0.8526  	 	 0.9443 	 0.7285  	 	 5.2576 	 0.0935
[2024/03/31 20:00:42] - 99 		 157.0 	 	 35.4 	 	 0.0100 	 	  0.3575 	 0.8915 	 	 0.5743  	 0.8059  	 	 3.9595 	 0.2324  	 	 0.4100 	 0.8627  	 	 0.8354 	 0.7458  	 	 4.8284 	 0.0968
[2024/03/31 20:03:55] - 100 		 156.3 	 	 35.6 	 	 0.0100 	 	  0.2191 	 0.9418 	 	 0.3683  	 0.8775  	 	 3.7253 	 0.2954  	 	 0.2545 	 0.9166  	 	 0.6509 	 0.8125  	 	 4.8955 	 0.1252
[2024/03/31 20:07:06] - 101 		 155.6 	 	 35.3 	 	 0.0100 	 	  0.1641 	 0.9573 	 	 0.3049  	 0.8993  	 	 3.8281 	 0.3232  	 	 0.2384 	 0.9213  	 	 0.6337 	 0.8181  	 	 4.9005 	 0.1291
[2024/03/31 20:10:18] - 102 		 156.8 	 	 35.5 	 	 0.0100 	 	  0.1416 	 0.9652 	 	 0.2761  	 0.9095  	 	 3.8834 	 0.3360  	 	 0.2647 	 0.9109  	 	 0.8381 	 0.8037  	 	 5.8600 	 0.1123
[2024/03/31 20:13:29] - 103 		 155.6 	 	 35.3 	 	 0.0100 	 	  0.1280 	 0.9689 	 	 0.2582  	 0.9156  	 	 3.9275 	 0.3406  	 	 0.2454 	 0.9166  	 	 0.6568 	 0.8191  	 	 4.9242 	 0.1243
[2024/03/31 20:16:41] - 104 		 156.1 	 	 35.4 	 	 0.0100 	 	  0.1189 	 0.9715 	 	 0.2427  	 0.9204  	 	 3.9477 	 0.3497  	 	 0.2513 	 0.9134  	 	 0.7648 	 0.8090  	 	 5.4420 	 0.1129
[2024/03/31 20:19:51] - 105 		 155.7 	 	 35.2 	 	 0.0100 	 	  0.1082 	 0.9752 	 	 0.2312  	 0.9246  	 	 4.0508 	 0.3472  	 	 0.2471 	 0.9127  	 	 0.7654 	 0.8171  	 	 5.4613 	 0.1358
[2024/03/31 20:23:03] - 106 		 156.2 	 	 35.2 	 	 0.0100 	 	  0.1003 	 0.9781 	 	 0.2198  	 0.9283  	 	 4.0711 	 0.3551  	 	 0.2332 	 0.9212  	 	 0.7766 	 0.8160  	 	 5.8560 	 0.1115
[2024/03/31 20:26:14] - 107 		 156.1 	 	 35.4 	 	 0.0100 	 	  0.0921 	 0.9803 	 	 0.2071  	 0.9337  	 	 4.1048 	 0.3573  	 	 0.2491 	 0.9158  	 	 0.7898 	 0.8100  	 	 5.6997 	 0.1184
[2024/03/31 20:29:25] - 108 		 155.5 	 	 35.5 	 	 0.0100 	 	  0.0866 	 0.9816 	 	 0.1993  	 0.9358  	 	 4.1482 	 0.3606  	 	 0.2445 	 0.9158  	 	 0.7855 	 0.8163  	 	 5.5557 	 0.1309
[2024/03/31 20:32:37] - 109 		 156.1 	 	 35.4 	 	 0.0100 	 	  0.0802 	 0.9835 	 	 0.1906  	 0.9392  	 	 4.2161 	 0.3588  	 	 0.2547 	 0.9133  	 	 0.8297 	 0.8061  	 	 5.7523 	 0.1261
[2024/03/31 20:35:48] - 110 		 156.1 	 	 35.3 	 	 0.0100 	 	  0.0746 	 0.9854 	 	 0.1827  	 0.9417  	 	 4.2518 	 0.3598  	 	 0.2390 	 0.9189  	 	 0.8104 	 0.8132  	 	 5.7645 	 0.1231
[2024/03/31 20:38:59] - 111 		 155.6 	 	 35.4 	 	 0.0100 	 	  0.0692 	 0.9874 	 	 0.1729  	 0.9464  	 	 4.2829 	 0.3625  	 	 0.2451 	 0.9165  	 	 0.9298 	 0.8069  	 	 6.4139 	 0.1104
[2024/03/31 20:42:11] - 112 		 156.0 	 	 35.6 	 	 0.0100 	 	  0.0671 	 0.9873 	 	 0.1713  	 0.9476  	 	 4.2888 	 0.3644  	 	 0.2508 	 0.9117  	 	 0.8389 	 0.8122  	 	 5.8256 	 0.1212
[2024/03/31 20:45:23] - 113 		 155.7 	 	 36.0 	 	 0.0100 	 	  0.0625 	 0.9890 	 	 0.1637  	 0.9497  	 	 4.2820 	 0.3684  	 	 0.2321 	 0.9201  	 	 1.0374 	 0.8092  	 	 7.0616 	 0.1036
[2024/03/31 20:48:34] - 114 		 155.7 	 	 35.5 	 	 0.0100 	 	  0.0604 	 0.9897 	 	 0.1633  	 0.9496  	 	 4.3148 	 0.3643  	 	 0.2424 	 0.9155  	 	 0.8454 	 0.8141  	 	 5.9015 	 0.1241
[2024/03/31 20:51:45] - 115 		 156.1 	 	 35.4 	 	 0.0100 	 	  0.0588 	 0.9898 	 	 0.1596  	 0.9509  	 	 4.3340 	 0.3639  	 	 0.2408 	 0.9170  	 	 0.9730 	 0.8086  	 	 6.6472 	 0.1199
[2024/03/31 20:54:57] - 116 		 155.6 	 	 35.5 	 	 0.0100 	 	  0.0561 	 0.9905 	 	 0.1545  	 0.9532  	 	 4.3294 	 0.3668  	 	 0.2606 	 0.9136  	 	 0.9624 	 0.8019  	 	 6.3596 	 0.1184
[2024/03/31 20:58:08] - 117 		 156.0 	 	 35.4 	 	 0.0100 	 	  0.0538 	 0.9917 	 	 0.1507  	 0.9536  	 	 4.3447 	 0.3697  	 	 0.2544 	 0.9124  	 	 0.9406 	 0.8068  	 	 6.1534 	 0.1211
[2024/03/31 21:01:20] - 118 		 156.1 	 	 35.5 	 	 0.0100 	 	  0.0545 	 0.9916 	 	 0.1543  	 0.9536  	 	 4.3141 	 0.3677  	 	 0.2649 	 0.9098  	 	 0.9413 	 0.8038  	 	 6.1631 	 0.1155
[2024/03/31 21:04:31] - 119 		 155.6 	 	 35.4 	 	 0.0100 	 	  0.0519 	 0.9922 	 	 0.1482  	 0.9540  	 	 4.3186 	 0.3705  	 	 0.2722 	 0.9068  	 	 0.9970 	 0.7983  	 	 6.1690 	 0.1299
[2024/03/31 21:07:42] - 120 		 156.1 	 	 35.4 	 	 0.0100 	 	  0.0508 	 0.9926 	 	 0.1463  	 0.9565  	 	 4.3661 	 0.3665  	 	 0.2719 	 0.9076  	 	 0.9796 	 0.8047  	 	 6.2239 	 0.1115
[2024/03/31 21:10:54] - 121 		 155.6 	 	 36.6 	 	 0.0100 	 	  0.0496 	 0.9930 	 	 0.1468  	 0.9556  	 	 4.3887 	 0.3625  	 	 0.2636 	 0.9099  	 	 0.9999 	 0.8039  	 	 6.3925 	 0.1196
[2024/03/31 21:14:05] - 122 		 155.6 	 	 35.3 	 	 0.0100 	 	  0.0496 	 0.9929 	 	 0.1477  	 0.9555  	 	 4.3527 	 0.3687  	 	 0.2590 	 0.9129  	 	 1.0692 	 0.7944  	 	 6.7949 	 0.0961
[2024/03/31 21:17:17] - 123 		 156.8 	 	 35.4 	 	 0.0100 	 	  0.0484 	 0.9934 	 	 0.1443  	 0.9572  	 	 4.3855 	 0.3665  	 	 0.2585 	 0.9127  	 	 0.9040 	 0.7980  	 	 5.8556 	 0.1214
[2024/03/31 21:20:28] - 124 		 155.5 	 	 35.5 	 	 0.0100 	 	  0.0490 	 0.9931 	 	 0.1440  	 0.9571  	 	 4.3746 	 0.3666  	 	 0.2611 	 0.9111  	 	 0.8652 	 0.8094  	 	 5.5615 	 0.1431
[2024/03/31 21:23:40] - 125 		 156.2 	 	 35.4 	 	 0.0100 	 	  0.0488 	 0.9933 	 	 0.1455  	 0.9562  	 	 4.3896 	 0.3627  	 	 0.2665 	 0.9092  	 	 0.9268 	 0.8075  	 	 5.9132 	 0.1275
[2024/03/31 21:26:51] - 126 		 156.1 	 	 35.3 	 	 0.0100 	 	  0.0491 	 0.9929 	 	 0.1470  	 0.9563  	 	 4.3679 	 0.3642  	 	 0.2559 	 0.9140  	 	 1.0161 	 0.8041  	 	 6.4566 	 0.1163
[2024/03/31 21:30:03] - 127 		 156.0 	 	 35.6 	 	 0.0100 	 	  0.0470 	 0.9939 	 	 0.1422  	 0.9578  	 	 4.4273 	 0.3618  	 	 0.2796 	 0.9051  	 	 0.9928 	 0.8026  	 	 6.1884 	 0.1206
[2024/03/31 21:33:15] - 128 		 156.4 	 	 35.4 	 	 0.0100 	 	  0.0478 	 0.9933 	 	 0.1461  	 0.9576  	 	 4.3984 	 0.3605  	 	 0.2464 	 0.9156  	 	 0.9397 	 0.8109  	 	 6.2087 	 0.1262
[2024/03/31 21:36:27] - 129 		 155.8 	 	 36.3 	 	 0.0100 	 	  0.0468 	 0.9938 	 	 0.1440  	 0.9568  	 	 4.3838 	 0.3629  	 	 0.2702 	 0.9084  	 	 0.9934 	 0.7961  	 	 6.1322 	 0.1232
[2024/03/31 21:39:38] - 130 		 155.6 	 	 35.3 	 	 0.0100 	 	  0.0482 	 0.9939 	 	 0.1479  	 0.9560  	 	 4.3922 	 0.3591  	 	 0.2527 	 0.9172  	 	 0.9887 	 0.8021  	 	 6.3979 	 0.1192
[2024/03/31 21:42:49] - 131 		 156.2 	 	 35.3 	 	 0.0100 	 	  0.0487 	 0.9934 	 	 0.1496  	 0.9557  	 	 4.3974 	 0.3597  	 	 0.2538 	 0.9135  	 	 0.9776 	 0.8007  	 	 6.1227 	 0.1234
[2024/03/31 21:46:00] - 132 		 155.6 	 	 35.5 	 	 0.0100 	 	  0.0473 	 0.9936 	 	 0.1472  	 0.9580  	 	 4.3975 	 0.3609  	 	 0.2740 	 0.9062  	 	 1.0396 	 0.7966  	 	 6.3485 	 0.1188
[2024/03/31 21:49:12] - 133 		 156.5 	 	 35.7 	 	 0.0100 	 	  0.0482 	 0.9932 	 	 0.1483  	 0.9564  	 	 4.3926 	 0.3585  	 	 0.2576 	 0.9139  	 	 1.0548 	 0.7972  	 	 6.7147 	 0.0998
[2024/03/31 21:52:24] - 134 		 156.6 	 	 35.3 	 	 0.0100 	 	  0.0506 	 0.9933 	 	 0.1532  	 0.9545  	 	 4.3427 	 0.3585  	 	 0.2799 	 0.9065  	 	 1.0307 	 0.7916  	 	 6.3166 	 0.1116
[2024/03/31 21:55:35] - 135 		 155.4 	 	 35.4 	 	 0.0100 	 	  0.0486 	 0.9933 	 	 0.1472  	 0.9571  	 	 4.3718 	 0.3574  	 	 0.2680 	 0.9076  	 	 1.1612 	 0.7919  	 	 6.9441 	 0.1098
[2024/03/31 21:58:47] - 136 		 156.1 	 	 35.5 	 	 0.0100 	 	  0.0468 	 0.9938 	 	 0.1455  	 0.9569  	 	 4.3698 	 0.3579  	 	 0.2773 	 0.9066  	 	 0.9886 	 0.8011  	 	 6.0679 	 0.1247
[2024/03/31 22:01:58] - 137 		 155.6 	 	 36.1 	 	 0.0100 	 	  0.0482 	 0.9936 	 	 0.1498  	 0.9556  	 	 4.3979 	 0.3537  	 	 0.2647 	 0.9107  	 	 1.0076 	 0.8003  	 	 6.2962 	 0.1192
[2024/03/31 22:05:09] - 138 		 155.6 	 	 35.4 	 	 0.0100 	 	  0.0475 	 0.9938 	 	 0.1482  	 0.9566  	 	 4.3808 	 0.3556  	 	 0.2602 	 0.9103  	 	 0.9094 	 0.7987  	 	 5.9513 	 0.1093
[2024/03/31 22:08:21] - 139 		 156.1 	 	 35.5 	 	 0.0100 	 	  0.0480 	 0.9937 	 	 0.1499  	 0.9557  	 	 4.3507 	 0.3589  	 	 0.2904 	 0.9028  	 	 1.0040 	 0.7907  	 	 5.9600 	 0.1181
[2024/03/31 22:11:32] - 140 		 155.4 	 	 35.5 	 	 0.0100 	 	  0.0502 	 0.9931 	 	 0.1533  	 0.9547  	 	 4.3196 	 0.3578  	 	 0.2874 	 0.9032  	 	 0.9124 	 0.7885  	 	 5.5876 	 0.1251
[2024/03/31 22:14:43] - 141 		 156.0 	 	 35.5 	 	 0.0100 	 	  0.0487 	 0.9939 	 	 0.1507  	 0.9544  	 	 4.3721 	 0.3541  	 	 0.2828 	 0.9038  	 	 1.0055 	 0.7963  	 	 6.1645 	 0.1095
[2024/03/31 22:17:55] - 142 		 156.1 	 	 35.4 	 	 0.0100 	 	  0.0491 	 0.9934 	 	 0.1517  	 0.9550  	 	 4.3582 	 0.3521  	 	 0.2760 	 0.9077  	 	 1.0435 	 0.7972  	 	 6.2845 	 0.1211
[2024/03/31 22:21:06] - 143 		 155.5 	 	 35.4 	 	 0.0100 	 	  0.0475 	 0.9937 	 	 0.1465  	 0.9557  	 	 4.3842 	 0.3574  	 	 0.2808 	 0.9054  	 	 1.0386 	 0.7904  	 	 6.1441 	 0.1211
[2024/03/31 22:24:18] - 144 		 156.7 	 	 35.6 	 	 0.0100 	 	  0.0480 	 0.9935 	 	 0.1498  	 0.9562  	 	 4.3699 	 0.3577  	 	 0.2929 	 0.9018  	 	 1.0259 	 0.7928  	 	 6.0198 	 0.1373
[2024/03/31 22:27:30] - 145 		 155.9 	 	 35.6 	 	 0.0100 	 	  0.0467 	 0.9941 	 	 0.1490  	 0.9561  	 	 4.3599 	 0.3576  	 	 0.2704 	 0.9081  	 	 0.9847 	 0.7977  	 	 6.2314 	 0.1173
[2024/03/31 22:30:41] - 146 		 155.6 	 	 35.4 	 	 0.0100 	 	  0.0478 	 0.9936 	 	 0.1481  	 0.9564  	 	 4.3887 	 0.3520  	 	 0.2706 	 0.9106  	 	 1.0080 	 0.7957  	 	 6.1434 	 0.1217
[2024/03/31 22:33:52] - 147 		 156.1 	 	 35.8 	 	 0.0100 	 	  0.0468 	 0.9939 	 	 0.1463  	 0.9577  	 	 4.3595 	 0.3574  	 	 0.3157 	 0.8928  	 	 1.1096 	 0.7789  	 	 6.2351 	 0.1085
[2024/03/31 22:37:04] - 148 		 155.7 	 	 35.7 	 	 0.0100 	 	  0.0470 	 0.9939 	 	 0.1472  	 0.9559  	 	 4.3549 	 0.3561  	 	 0.2976 	 0.8995  	 	 1.0737 	 0.7878  	 	 6.2197 	 0.1204
[2024/03/31 22:40:16] - 149 		 156.5 	 	 35.7 	 	 0.0010 	 	  0.0454 	 0.9943 	 	 0.1458  	 0.9574  	 	 4.3900 	 0.3537  	 	 0.2988 	 0.8977  	 	 1.0373 	 0.7825  	 	 5.9443 	 0.1233
[2024/03/31 22:43:31] - 150 		 155.9 	 	 36.6 	 	 0.0010 	 	  0.0258 	 0.9984 	 	 0.0704  	 0.9811  	 	 4.1982 	 0.3819  	 	 0.2637 	 0.9104  	 	 1.0904 	 0.8014  	 	 6.3180 	 0.1474
[2024/03/31 22:46:45] - 151 		 156.9 	 	 36.6 	 	 0.0010 	 	  0.0162 	 0.9993 	 	 0.0436  	 0.9897  	 	 4.2748 	 0.3953  	 	 0.2476 	 0.9180  	 	 1.0940 	 0.8123  	 	 6.4302 	 0.1612
[2024/03/31 22:50:00] - 152 		 158.1 	 	 36.9 	 	 0.0010 	 	  0.0130 	 0.9997 	 	 0.0349  	 0.9920  	 	 4.3162 	 0.4036  	 	 0.2586 	 0.9161  	 	 1.1183 	 0.8149  	 	 6.3229 	 0.1841
[2024/03/31 22:53:13] - 153 		 156.9 	 	 36.6 	 	 0.0010 	 	  0.0113 	 0.9997 	 	 0.0305  	 0.9932  	 	 4.3542 	 0.4085  	 	 0.2428 	 0.9191  	 	 1.2087 	 0.8113  	 	 7.0410 	 0.1504
[2024/03/31 22:56:29] - 154 		 158.9 	 	 36.7 	 	 0.0010 	 	  0.0099 	 0.9998 	 	 0.0270  	 0.9944  	 	 4.4181 	 0.4069  	 	 0.2487 	 0.9211  	 	 1.1815 	 0.8189  	 	 6.6877 	 0.1823
[2024/03/31 22:59:40] - 155 		 155.8 	 	 35.5 	 	 0.0010 	 	  0.0088 	 0.9999 	 	 0.0231  	 0.9951  	 	 4.4515 	 0.4093  	 	 0.2473 	 0.9211  	 	 1.1425 	 0.8209  	 	 6.3410 	 0.2023
[2024/03/31 23:02:53] - 156 		 155.9 	 	 36.7 	 	 0.0010 	 	  0.0084 	 0.9998 	 	 0.0233  	 0.9951  	 	 4.4252 	 0.4162  	 	 0.2458 	 0.9193  	 	 1.2229 	 0.8106  	 	 6.9170 	 0.1667
[2024/03/31 23:06:05] - 157 		 156.2 	 	 35.9 	 	 0.0010 	 	  0.0076 	 0.9998 	 	 0.0203  	 0.9961  	 	 4.5031 	 0.4131  	 	 0.2310 	 0.9269  	 	 1.2052 	 0.8196  	 	 7.0208 	 0.1729
[2024/03/31 23:09:17] - 158 		 156.1 	 	 36.0 	 	 0.0010 	 	  0.0072 	 0.9998 	 	 0.0198  	 0.9959  	 	 4.4890 	 0.4195  	 	 0.2505 	 0.9193  	 	 1.2082 	 0.8170  	 	 6.7668 	 0.1938
[2024/03/31 23:12:29] - 159 		 156.5 	 	 35.3 	 	 0.0010 	 	  0.0068 	 0.9998 	 	 0.0184  	 0.9960  	 	 4.4887 	 0.4205  	 	 0.2497 	 0.9227  	 	 1.2289 	 0.8190  	 	 6.7021 	 0.2021
[2024/03/31 23:15:41] - 160 		 155.9 	 	 35.9 	 	 0.0010 	 	  0.0062 	 1.0000 	 	 0.0174  	 0.9966  	 	 4.5348 	 0.4182  	 	 0.2451 	 0.9225  	 	 1.1813 	 0.8230  	 	 6.6188 	 0.2057
[2024/03/31 23:18:53] - 161 		 156.2 	 	 36.1 	 	 0.0010 	 	  0.0061 	 0.9999 	 	 0.0168  	 0.9969  	 	 4.5391 	 0.4208  	 	 0.2505 	 0.9209  	 	 1.1905 	 0.8239  	 	 6.6161 	 0.2065
[2024/03/31 23:22:06] - 162 		 156.3 	 	 37.4 	 	 0.0010 	 	  0.0056 	 1.0000 	 	 0.0163  	 0.9969  	 	 4.5258 	 0.4248  	 	 0.2364 	 0.9228  	 	 1.1609 	 0.8267  	 	 6.6909 	 0.1873
[2024/03/31 23:25:19] - 163 		 156.1 	 	 36.8 	 	 0.0010 	 	  0.0057 	 0.9999 	 	 0.0161  	 0.9969  	 	 4.5324 	 0.4245  	 	 0.2462 	 0.9211  	 	 1.2388 	 0.8186  	 	 6.8596 	 0.1905
[2024/03/31 23:28:35] - 164 		 158.3 	 	 37.1 	 	 0.0010 	 	  0.0054 	 1.0000 	 	 0.0152  	 0.9973  	 	 4.5214 	 0.4263  	 	 0.2432 	 0.9232  	 	 1.2513 	 0.8272  	 	 7.0195 	 0.1967
[2024/03/31 23:31:48] - 165 		 157.0 	 	 35.8 	 	 0.0010 	 	  0.0051 	 1.0000 	 	 0.0131  	 0.9977  	 	 4.5508 	 0.4264  	 	 0.2424 	 0.9236  	 	 1.2117 	 0.8230  	 	 6.9093 	 0.1851
[2024/03/31 23:35:00] - 166 		 156.0 	 	 36.1 	 	 0.0010 	 	  0.0048 	 1.0000 	 	 0.0132  	 0.9974  	 	 4.5488 	 0.4268  	 	 0.2392 	 0.9233  	 	 1.1748 	 0.8286  	 	 6.7646 	 0.1970
[2024/03/31 23:38:12] - 167 		 156.8 	 	 35.9 	 	 0.0010 	 	  0.0048 	 1.0000 	 	 0.0130  	 0.9977  	 	 4.5586 	 0.4266  	 	 0.2532 	 0.9217  	 	 1.2643 	 0.8239  	 	 6.9060 	 0.2034
[2024/03/31 23:41:25] - 168 		 156.5 	 	 35.9 	 	 0.0010 	 	  0.0045 	 1.0000 	 	 0.0109  	 0.9982  	 	 4.5862 	 0.4265  	 	 0.2404 	 0.9259  	 	 1.2326 	 0.8313  	 	 7.0517 	 0.1934
[2024/03/31 23:44:37] - 169 		 156.0 	 	 36.2 	 	 0.0010 	 	  0.0042 	 1.0000 	 	 0.0106  	 0.9983  	 	 4.6355 	 0.4256  	 	 0.2463 	 0.9232  	 	 1.3234 	 0.8265  	 	 7.4310 	 0.1787
[2024/03/31 23:47:50] - 170 		 156.8 	 	 36.0 	 	 0.0010 	 	  0.0042 	 0.9999 	 	 0.0108  	 0.9981  	 	 4.6594 	 0.4252  	 	 0.2675 	 0.9170  	 	 1.3151 	 0.8143  	 	 7.1364 	 0.1916
[2024/03/31 23:51:03] - 171 		 156.6 	 	 37.0 	 	 0.0010 	 	  0.0040 	 1.0000 	 	 0.0103  	 0.9984  	 	 4.6545 	 0.4272  	 	 0.2484 	 0.9224  	 	 1.2134 	 0.8288  	 	 6.6430 	 0.2223
[2024/03/31 23:54:19] - 172 		 158.3 	 	 36.9 	 	 0.0010 	 	  0.0038 	 1.0000 	 	 0.0092  	 0.9985  	 	 4.6698 	 0.4273  	 	 0.2406 	 0.9260  	 	 1.2756 	 0.8243  	 	 6.9989 	 0.2102
[2024/03/31 23:57:34] - 173 		 158.6 	 	 37.1 	 	 0.0010 	 	  0.0039 	 1.0000 	 	 0.0107  	 0.9980  	 	 4.6870 	 0.4257  	 	 0.2652 	 0.9180  	 	 1.2872 	 0.8157  	 	 7.0847 	 0.1845
[2024/04/01 00:00:48] - 174 		 157.1 	 	 37.0 	 	 0.0010 	 	  0.0038 	 1.0000 	 	 0.0094  	 0.9984  	 	 4.6383 	 0.4316  	 	 0.2629 	 0.9199  	 	 1.3084 	 0.8224  	 	 7.0423 	 0.1909
[2024/04/01 00:04:02] - 175 		 157.3 	 	 36.2 	 	 0.0010 	 	  0.0038 	 0.9999 	 	 0.0112  	 0.9979  	 	 4.6603 	 0.4290  	 	 0.2579 	 0.9229  	 	 1.2686 	 0.8248  	 	 6.8830 	 0.1931
[2024/04/01 00:07:14] - 176 		 156.1 	 	 36.0 	 	 0.0010 	 	  0.0037 	 1.0000 	 	 0.0100  	 0.9982  	 	 4.6661 	 0.4272  	 	 0.2765 	 0.9184  	 	 1.4689 	 0.8153  	 	 7.5603 	 0.1904
[2024/04/01 00:10:28] - 177 		 156.6 	 	 37.1 	 	 0.0010 	 	  0.0036 	 0.9999 	 	 0.0087  	 0.9987  	 	 4.6831 	 0.4262  	 	 0.2450 	 0.9246  	 	 1.3204 	 0.8257  	 	 7.2319 	 0.1930
[2024/04/01 00:13:42] - 178 		 157.0 	 	 37.0 	 	 0.0010 	 	  0.0035 	 1.0000 	 	 0.0094  	 0.9984  	 	 4.6778 	 0.4273  	 	 0.2555 	 0.9243  	 	 1.3078 	 0.8240  	 	 7.0221 	 0.2062
[2024/04/01 00:16:56] - 179 		 157.5 	 	 37.0 	 	 0.0010 	 	  0.0034 	 1.0000 	 	 0.0081  	 0.9989  	 	 4.6658 	 0.4296  	 	 0.2459 	 0.9260  	 	 1.2494 	 0.8292  	 	 6.8955 	 0.2017
[2024/04/01 00:20:10] - 180 		 156.8 	 	 36.9 	 	 0.0010 	 	  0.0033 	 1.0000 	 	 0.0082  	 0.9988  	 	 4.6679 	 0.4297  	 	 0.2548 	 0.9239  	 	 1.3270 	 0.8245  	 	 7.2136 	 0.2000
[2024/04/01 00:23:22] - 181 		 156.0 	 	 35.7 	 	 0.0010 	 	  0.0032 	 1.0000 	 	 0.0079  	 0.9986  	 	 4.7175 	 0.4270  	 	 0.2517 	 0.9224  	 	 1.2916 	 0.8247  	 	 7.0805 	 0.1916
[2024/04/01 00:26:34] - 182 		 156.1 	 	 36.5 	 	 0.0010 	 	  0.0033 	 1.0000 	 	 0.0096  	 0.9983  	 	 4.7240 	 0.4252  	 	 0.2588 	 0.9232  	 	 1.2976 	 0.8283  	 	 7.0340 	 0.2022
[2024/04/01 00:29:46] - 183 		 156.2 	 	 35.7 	 	 0.0010 	 	  0.0033 	 1.0000 	 	 0.0092  	 0.9983  	 	 4.7250 	 0.4246  	 	 0.2805 	 0.9155  	 	 1.3072 	 0.8241  	 	 6.9312 	 0.2011
[2024/04/01 00:32:59] - 184 		 156.7 	 	 35.7 	 	 0.0010 	 	  0.0031 	 1.0000 	 	 0.0071  	 0.9989  	 	 4.7409 	 0.4242  	 	 0.2445 	 0.9245  	 	 1.3259 	 0.8283  	 	 7.1941 	 0.2071
[2024/04/01 00:36:10] - 185 		 155.8 	 	 35.6 	 	 0.0010 	 	  0.0032 	 1.0000 	 	 0.0086  	 0.9986  	 	 4.7369 	 0.4263  	 	 0.2553 	 0.9246  	 	 1.2495 	 0.8343  	 	 6.9884 	 0.2027
[2024/04/01 00:39:24] - 186 		 157.2 	 	 36.7 	 	 0.0010 	 	  0.0030 	 1.0000 	 	 0.0074  	 0.9989  	 	 4.7293 	 0.4274  	 	 0.2497 	 0.9233  	 	 1.2963 	 0.8273  	 	 7.2158 	 0.1755
[2024/04/01 00:42:38] - 187 		 157.4 	 	 36.6 	 	 0.0010 	 	  0.0030 	 1.0000 	 	 0.0067  	 0.9991  	 	 4.7614 	 0.4231  	 	 0.2420 	 0.9261  	 	 1.3438 	 0.8313  	 	 7.4491 	 0.1884
[2024/04/01 00:45:51] - 188 		 156.6 	 	 36.7 	 	 0.0010 	 	  0.0031 	 1.0000 	 	 0.0093  	 0.9985  	 	 4.7044 	 0.4282  	 	 0.2590 	 0.9242  	 	 1.3270 	 0.8259  	 	 7.0756 	 0.2125
[2024/04/01 00:49:04] - 189 		 157.7 	 	 35.4 	 	 0.0010 	 	  0.0030 	 1.0000 	 	 0.0077  	 0.9989  	 	 4.7086 	 0.4265  	 	 0.2587 	 0.9243  	 	 1.3401 	 0.8274  	 	 7.1794 	 0.2093
[2024/04/01 00:52:16] - 190 		 155.8 	 	 35.7 	 	 0.0010 	 	  0.0029 	 1.0000 	 	 0.0075  	 0.9989  	 	 4.7422 	 0.4258  	 	 0.2478 	 0.9242  	 	 1.2778 	 0.8280  	 	 7.0639 	 0.2016
[2024/04/01 00:55:30] - 191 		 156.8 	 	 37.2 	 	 0.0010 	 	  0.0029 	 1.0000 	 	 0.0070  	 0.9991  	 	 4.6958 	 0.4281  	 	 0.2598 	 0.9235  	 	 1.3331 	 0.8285  	 	 7.1859 	 0.1965
[2024/04/01 00:58:45] - 192 		 157.9 	 	 37.3 	 	 0.0010 	 	  0.0028 	 1.0000 	 	 0.0070  	 0.9990  	 	 4.6961 	 0.4291  	 	 0.2453 	 0.9267  	 	 1.2939 	 0.8352  	 	 7.1015 	 0.2213
[2024/04/01 01:01:59] - 193 		 157.2 	 	 37.3 	 	 0.0010 	 	  0.0028 	 1.0000 	 	 0.0073  	 0.9989  	 	 4.7148 	 0.4263  	 	 0.2416 	 0.9265  	 	 1.3144 	 0.8322  	 	 7.1892 	 0.2136
[2024/04/01 01:05:15] - 194 		 158.4 	 	 37.0 	 	 0.0010 	 	  0.0028 	 1.0000 	 	 0.0075  	 0.9988  	 	 4.7461 	 0.4244  	 	 0.2782 	 0.9166  	 	 1.3963 	 0.8178  	 	 7.2734 	 0.1924
[2024/04/01 01:08:30] - 195 		 157.8 	 	 37.3 	 	 0.0010 	 	  0.0028 	 1.0000 	 	 0.0067  	 0.9990  	 	 4.7255 	 0.4287  	 	 0.2645 	 0.9210  	 	 1.4011 	 0.8294  	 	 7.6108 	 0.2006
[2024/04/01 01:11:44] - 196 		 157.2 	 	 37.2 	 	 0.0010 	 	  0.0027 	 1.0000 	 	 0.0063  	 0.9992  	 	 4.7473 	 0.4246  	 	 0.2479 	 0.9257  	 	 1.3063 	 0.8304  	 	 7.2074 	 0.2047
[2024/04/01 01:15:00] - 197 		 157.7 	 	 38.0 	 	 0.0010 	 	  0.0027 	 1.0000 	 	 0.0066  	 0.9990  	 	 4.7644 	 0.4229  	 	 0.2654 	 0.9205  	 	 1.4097 	 0.8206  	 	 7.3675 	 0.1916
[2024/04/01 01:18:15] - 198 		 158.1 	 	 37.2 	 	 0.0010 	 	  0.0027 	 1.0000 	 	 0.0072  	 0.9990  	 	 4.7758 	 0.4219  	 	 0.2468 	 0.9243  	 	 1.3310 	 0.8282  	 	 7.1218 	 0.2108
[2024/04/01 01:21:29] - 199 		 157.2 	 	 37.0 	 	 0.0010 	 	  0.0027 	 1.0000 	 	 0.0059  	 0.9991  	 	 4.7433 	 0.4246  	 	 0.2485 	 0.9219  	 	 1.1576 	 0.8338  	 	 6.5434 	 0.2094
[2024/04/01 01:24:45] - 200 		 158.2 	 	 37.1 	 	 0.0010 	 	  0.0027 	 1.0000 	 	 0.0063  	 0.9991  	 	 4.7774 	 0.4238  	 	 0.2461 	 0.9255  	 	 1.2819 	 0.8322  	 	 7.0878 	 0.2015
