[2024/05/17 21:20:08] - Namespace(att_method='norm_steep', attack_iters=10, batch_size=128, beta=4.0, chkpt_iters=50, dataset='cifar10', epochs=201, epsilon=0.03137254901960784, eq_vol=1, eval_method='sign', lr_chechpoint1=100, lr_chechpoint2=150, lr_max=0.1, lr_schedule='piecewise', manual_step=0, model='PreRes18_standard', momentum=0.9, norm='l_inf', pgd_alpha=2.0, random_init=1, resume=0, seed=1, train_mode='adv_train', weight_decay=0.0005, width_factor=10)
[2024/05/17 21:20:12] - Epoch 	 Train Time 	 Test Time 	 LR 	 	 Train Loss 	 Train Acc 	 Train Adv Loss 	 Train Adv Acc 	 Train Surrogate Loss 	 Train Surrogate Acc 	 Test Loss 	 Test Acc 	 Test Adv Loss 	 Test Adv Acc 	 Test Surrogate Loss 	 Test Surrogate Acc 
[2024/05/17 21:24:32] - 0 		 213.3 	 	 46.9 	 	 0.1000  		 1.9672 	 0.2721 	 	 2.1347  	 0.2036  	 	 2.1462 	 0.2000  	 	 1.7177 	 0.3763  	 	 1.9538 	 0.2759  	 	 1.9719 	 0.2684
[2024/05/17 21:28:45] - 1 		 206.2 	 	 46.5 	 	 0.1000  		 1.7173 	 0.3778 	 	 1.9641  	 0.2612  	 	 1.9829 	 0.2551  	 	 1.5869 	 0.4363  	 	 1.8807 	 0.2894  	 	 1.9056 	 0.2776
[2024/05/17 21:32:58] - 2 		 206.8 	 	 46.6 	 	 0.1000  		 1.5880 	 0.4313 	 	 1.8794  	 0.2923  	 	 1.9021 	 0.2838  	 	 1.4938 	 0.4604  	 	 1.7964 	 0.3233  	 	 1.8215 	 0.3125
[2024/05/17 21:37:11] - 3 		 205.7 	 	 46.7 	 	 0.1000  		 1.4842 	 0.4832 	 	 1.8112  	 0.3171  	 	 1.8374 	 0.3081  	 	 1.3555 	 0.5355  	 	 1.7248 	 0.3411  	 	 1.7571 	 0.3305
[2024/05/17 21:41:23] - 4 		 206.1 	 	 46.6 	 	 0.1000  		 1.3854 	 0.5243 	 	 1.7482  	 0.3382  	 	 1.7783 	 0.3284  	 	 1.2774 	 0.5485  	 	 1.7153 	 0.3554  	 	 1.7560 	 0.3410
[2024/05/17 21:45:36] - 5 		 205.7 	 	 46.8 	 	 0.1000  		 1.3110 	 0.5586 	 	 1.6969  	 0.3572  	 	 1.7300 	 0.3451  	 	 1.3118 	 0.5328  	 	 1.7323 	 0.3511  	 	 1.7696 	 0.3392
[2024/05/17 21:49:49] - 6 		 206.1 	 	 46.7 	 	 0.1000  		 1.2465 	 0.5911 	 	 1.6523  	 0.3791  	 	 1.6881 	 0.3649  	 	 1.1888 	 0.6036  	 	 1.6367 	 0.3844  	 	 1.6800 	 0.3642
[2024/05/17 21:54:01] - 7 		 205.8 	 	 46.7 	 	 0.1000  		 1.1953 	 0.6134 	 	 1.6178  	 0.3902  	 	 1.6562 	 0.3763  	 	 1.1296 	 0.5973  	 	 1.6184 	 0.3841  	 	 1.6667 	 0.3662
[2024/05/17 21:58:13] - 8 		 205.1 	 	 46.8 	 	 0.1000  		 1.1575 	 0.6300 	 	 1.5900  	 0.3988  	 	 1.6302 	 0.3833  	 	 1.0683 	 0.6415  	 	 1.5476 	 0.4083  	 	 1.5952 	 0.3910
[2024/05/17 22:02:28] - 9 		 207.4 	 	 47.5 	 	 0.1000  		 1.1259 	 0.6414 	 	 1.5676  	 0.4053  	 	 1.6093 	 0.3889  	 	 1.0358 	 0.6595  	 	 1.5694 	 0.4053  	 	 1.6252 	 0.3840
[2024/05/17 22:06:37] - 10 		 203.0 	 	 45.9 	 	 0.1000  		 1.0990 	 0.6542 	 	 1.5463  	 0.4137  	 	 1.5894 	 0.3981  	 	 1.0600 	 0.6631  	 	 1.5677 	 0.4177  	 	 1.6182 	 0.3991
[2024/05/17 22:10:45] - 11 		 202.4 	 	 46.3 	 	 0.1000  		 1.0764 	 0.6625 	 	 1.5307  	 0.4202  	 	 1.5749 	 0.4026  	 	 1.0070 	 0.6680  	 	 1.5825 	 0.4004  	 	 1.6445 	 0.3794
[2024/05/17 22:14:57] - 12 		 205.3 	 	 46.1 	 	 0.1000  		 1.0641 	 0.6674 	 	 1.5229  	 0.4236  	 	 1.5680 	 0.4062  	 	 0.9811 	 0.6703  	 	 1.5196 	 0.4313  	 	 1.5741 	 0.4086
[2024/05/17 22:19:04] - 13 		 201.1 	 	 45.7 	 	 0.1000  		 1.0404 	 0.6781 	 	 1.5040  	 0.4323  	 	 1.5500 	 0.4143  	 	 0.9883 	 0.6838  	 	 1.5043 	 0.4295  	 	 1.5568 	 0.4074
[2024/05/17 22:23:11] - 14 		 201.5 	 	 45.6 	 	 0.1000  		 1.0249 	 0.6840 	 	 1.4929  	 0.4356  	 	 1.5399 	 0.4176  	 	 0.9955 	 0.6820  	 	 1.4980 	 0.4367  	 	 1.5497 	 0.4135
[2024/05/17 22:27:18] - 15 		 201.5 	 	 45.5 	 	 0.1000  		 1.0185 	 0.6834 	 	 1.4856  	 0.4373  	 	 1.5327 	 0.4203  	 	 0.9805 	 0.6877  	 	 1.4810 	 0.4445  	 	 1.5320 	 0.4210
[2024/05/17 22:31:25] - 16 		 201.5 	 	 45.7 	 	 0.1000  		 1.0038 	 0.6921 	 	 1.4760  	 0.4412  	 	 1.5242 	 0.4217  	 	 0.9267 	 0.7123  	 	 1.4969 	 0.4358  	 	 1.5569 	 0.4129
[2024/05/17 22:35:32] - 17 		 201.2 	 	 46.1 	 	 0.1000  		 0.9874 	 0.6969 	 	 1.4630  	 0.4454  	 	 1.5119 	 0.4272  	 	 0.9666 	 0.6716  	 	 1.4827 	 0.4454  	 	 1.5340 	 0.4258
[2024/05/17 22:39:39] - 18 		 201.2 	 	 45.7 	 	 0.1000  		 0.9839 	 0.7018 	 	 1.4601  	 0.4464  	 	 1.5093 	 0.4284  	 	 0.9266 	 0.7045  	 	 1.4731 	 0.4414  	 	 1.5310 	 0.4184
[2024/05/17 22:43:47] - 19 		 201.6 	 	 45.7 	 	 0.1000  		 0.9731 	 0.7015 	 	 1.4505  	 0.4501  	 	 1.5002 	 0.4304  	 	 1.0403 	 0.6758  	 	 1.6595 	 0.4060  	 	 1.7233 	 0.3819
[2024/05/17 22:47:54] - 20 		 201.8 	 	 45.8 	 	 0.1000  		 0.9664 	 0.7059 	 	 1.4448  	 0.4521  	 	 1.4947 	 0.4337  	 	 0.9570 	 0.6997  	 	 1.4743 	 0.4466  	 	 1.5257 	 0.4282
[2024/05/17 22:52:02] - 21 		 202.1 	 	 45.5 	 	 0.1000  		 0.9581 	 0.7104 	 	 1.4387  	 0.4554  	 	 1.4893 	 0.4360  	 	 0.9987 	 0.6854  	 	 1.5393 	 0.4211  	 	 1.5961 	 0.3975
[2024/05/17 22:56:10] - 22 		 201.5 	 	 46.4 	 	 0.1000  		 0.9519 	 0.7126 	 	 1.4344  	 0.4579  	 	 1.4855 	 0.4388  	 	 0.9422 	 0.6993  	 	 1.5447 	 0.4271  	 	 1.6067 	 0.4034
[2024/05/17 23:00:16] - 23 		 201.1 	 	 45.4 	 	 0.1000  		 0.9459 	 0.7151 	 	 1.4308  	 0.4583  	 	 1.4822 	 0.4372  	 	 0.8749 	 0.7280  	 	 1.4798 	 0.4443  	 	 1.5454 	 0.4194
[2024/05/17 23:04:24] - 24 		 202.6 	 	 45.6 	 	 0.1000  		 0.9350 	 0.7190 	 	 1.4228  	 0.4602  	 	 1.4751 	 0.4414  	 	 0.8817 	 0.7242  	 	 1.4322 	 0.4571  	 	 1.4909 	 0.4344
[2024/05/17 23:08:32] - 25 		 201.8 	 	 45.8 	 	 0.1000  		 0.9351 	 0.7200 	 	 1.4203  	 0.4621  	 	 1.4724 	 0.4423  	 	 0.8901 	 0.7325  	 	 1.4408 	 0.4599  	 	 1.4997 	 0.4339
[2024/05/17 23:12:39] - 26 		 201.4 	 	 45.5 	 	 0.1000  		 0.9301 	 0.7212 	 	 1.4178  	 0.4633  	 	 1.4702 	 0.4443  	 	 0.8913 	 0.7021  	 	 1.4471 	 0.4552  	 	 1.5085 	 0.4336
[2024/05/17 23:16:46] - 27 		 201.4 	 	 45.7 	 	 0.1000  		 0.9231 	 0.7256 	 	 1.4123  	 0.4660  	 	 1.4649 	 0.4448  	 	 0.8598 	 0.7290  	 	 1.4912 	 0.4437  	 	 1.5626 	 0.4171
[2024/05/17 23:20:53] - 28 		 201.2 	 	 45.4 	 	 0.1000  		 0.9209 	 0.7256 	 	 1.4102  	 0.4647  	 	 1.4629 	 0.4454  	 	 0.8314 	 0.7279  	 	 1.4919 	 0.4315  	 	 1.5671 	 0.4059
[2024/05/17 23:25:00] - 29 		 201.8 	 	 45.6 	 	 0.1000  		 0.9178 	 0.7269 	 	 1.4073  	 0.4658  	 	 1.4605 	 0.4454  	 	 0.8430 	 0.7366  	 	 1.4387 	 0.4579  	 	 1.5054 	 0.4310
[2024/05/17 23:29:07] - 30 		 201.7 	 	 45.5 	 	 0.1000  		 0.9129 	 0.7286 	 	 1.4053  	 0.4644  	 	 1.4589 	 0.4456  	 	 0.8718 	 0.7250  	 	 1.5110 	 0.4435  	 	 1.5842 	 0.4182
[2024/05/17 23:33:15] - 31 		 201.7 	 	 45.6 	 	 0.1000  		 0.9087 	 0.7308 	 	 1.3994  	 0.4716  	 	 1.4529 	 0.4509  	 	 0.8463 	 0.7339  	 	 1.4208 	 0.4664  	 	 1.4834 	 0.4414
[2024/05/17 23:37:22] - 32 		 202.1 	 	 45.6 	 	 0.1000  		 0.9052 	 0.7300 	 	 1.3956  	 0.4713  	 	 1.4492 	 0.4514  	 	 0.9127 	 0.7163  	 	 1.4579 	 0.4576  	 	 1.5158 	 0.4339
[2024/05/17 23:41:29] - 33 		 200.6 	 	 46.3 	 	 0.1000  		 0.8998 	 0.7327 	 	 1.3930  	 0.4703  	 	 1.4471 	 0.4504  	 	 0.8534 	 0.7096  	 	 1.4426 	 0.4529  	 	 1.5059 	 0.4284
[2024/05/17 23:45:36] - 34 		 201.0 	 	 45.4 	 	 0.1000  		 0.8944 	 0.7371 	 	 1.3891  	 0.4731  	 	 1.4434 	 0.4524  	 	 0.8492 	 0.7353  	 	 1.4273 	 0.4602  	 	 1.4933 	 0.4365
[2024/05/17 23:49:43] - 35 		 201.7 	 	 45.6 	 	 0.1000  		 0.8935 	 0.7380 	 	 1.3885  	 0.4714  	 	 1.4429 	 0.4519  	 	 0.8878 	 0.7331  	 	 1.4320 	 0.4612  	 	 1.4892 	 0.4381
[2024/05/17 23:53:51] - 36 		 201.8 	 	 45.8 	 	 0.1000  		 0.8896 	 0.7381 	 	 1.3855  	 0.4731  	 	 1.4402 	 0.4515  	 	 0.9099 	 0.7169  	 	 1.4450 	 0.4554  	 	 1.5017 	 0.4335
[2024/05/17 23:57:58] - 37 		 201.6 	 	 45.7 	 	 0.1000  		 0.8920 	 0.7371 	 	 1.3871  	 0.4745  	 	 1.4418 	 0.4546  	 	 0.8586 	 0.7276  	 	 1.4897 	 0.4504  	 	 1.5609 	 0.4215
[2024/05/18 00:02:06] - 38 		 201.2 	 	 46.5 	 	 0.1000  		 0.8824 	 0.7391 	 	 1.3804  	 0.4747  	 	 1.4355 	 0.4544  	 	 0.8696 	 0.7094  	 	 1.4390 	 0.4604  	 	 1.5002 	 0.4399
[2024/05/18 00:06:12] - 39 		 201.2 	 	 45.6 	 	 0.1000  		 0.8884 	 0.7377 	 	 1.3840  	 0.4745  	 	 1.4387 	 0.4544  	 	 0.8628 	 0.7422  	 	 1.4044 	 0.4710  	 	 1.4628 	 0.4471
[2024/05/18 00:10:20] - 40 		 201.7 	 	 45.6 	 	 0.1000  		 0.8817 	 0.7406 	 	 1.3775  	 0.4772  	 	 1.4326 	 0.4568  	 	 0.8335 	 0.7454  	 	 1.4077 	 0.4696  	 	 1.4698 	 0.4432
[2024/05/18 00:14:27] - 41 		 201.4 	 	 45.5 	 	 0.1000  		 0.8842 	 0.7397 	 	 1.3786  	 0.4795  	 	 1.4336 	 0.4583  	 	 0.8600 	 0.7242  	 	 1.4390 	 0.4568  	 	 1.5015 	 0.4326
[2024/05/18 00:18:35] - 42 		 202.3 	 	 45.6 	 	 0.1000  		 0.8766 	 0.7446 	 	 1.3761  	 0.4776  	 	 1.4318 	 0.4569  	 	 0.8760 	 0.7125  	 	 1.4789 	 0.4471  	 	 1.5451 	 0.4240
[2024/05/18 00:22:42] - 43 		 201.6 	 	 45.8 	 	 0.1000  		 0.8725 	 0.7450 	 	 1.3721  	 0.4776  	 	 1.4281 	 0.4568  	 	 0.8706 	 0.7497  	 	 1.3872 	 0.4776  	 	 1.4418 	 0.4544
[2024/05/18 00:26:49] - 44 		 201.0 	 	 46.0 	 	 0.1000  		 0.8721 	 0.7458 	 	 1.3710  	 0.4785  	 	 1.4267 	 0.4569  	 	 0.8734 	 0.7148  	 	 1.4656 	 0.4469  	 	 1.5364 	 0.4215
[2024/05/18 00:30:56] - 45 		 201.5 	 	 45.7 	 	 0.1000  		 0.8684 	 0.7468 	 	 1.3692  	 0.4814  	 	 1.4255 	 0.4598  	 	 0.8325 	 0.7356  	 	 1.4346 	 0.4631  	 	 1.5021 	 0.4371
[2024/05/18 00:35:03] - 46 		 201.6 	 	 45.7 	 	 0.1000  		 0.8702 	 0.7440 	 	 1.3692  	 0.4803  	 	 1.4254 	 0.4590  	 	 0.8401 	 0.7408  	 	 1.3992 	 0.4721  	 	 1.4593 	 0.4505
[2024/05/18 00:39:11] - 47 		 202.1 	 	 45.7 	 	 0.1000  		 0.8681 	 0.7486 	 	 1.3658  	 0.4792  	 	 1.4218 	 0.4569  	 	 0.8853 	 0.7183  	 	 1.4564 	 0.4533  	 	 1.5186 	 0.4300
[2024/05/18 00:43:19] - 48 		 201.9 	 	 45.7 	 	 0.1000  		 0.8657 	 0.7456 	 	 1.3651  	 0.4799  	 	 1.4215 	 0.4592  	 	 0.9148 	 0.7204  	 	 1.4350 	 0.4670  	 	 1.4886 	 0.4423
[2024/05/18 00:47:26] - 49 		 200.9 	 	 46.1 	 	 0.1000  		 0.8648 	 0.7485 	 	 1.3651  	 0.4804  	 	 1.4213 	 0.4595  	 	 0.8341 	 0.7424  	 	 1.4163 	 0.4753  	 	 1.4816 	 0.4487
[2024/05/18 00:51:32] - 50 		 200.9 	 	 45.6 	 	 0.1000  		 0.8611 	 0.7495 	 	 1.3604  	 0.4831  	 	 1.4171 	 0.4619  	 	 0.8112 	 0.7473  	 	 1.4204 	 0.4691  	 	 1.4908 	 0.4393
[2024/05/18 00:55:40] - 51 		 201.8 	 	 45.6 	 	 0.1000  		 0.8590 	 0.7509 	 	 1.3595  	 0.4809  	 	 1.4164 	 0.4600  	 	 0.8102 	 0.7401  	 	 1.4207 	 0.4707  	 	 1.4902 	 0.4480
[2024/05/18 00:59:47] - 52 		 201.8 	 	 45.7 	 	 0.1000  		 0.8588 	 0.7526 	 	 1.3608  	 0.4822  	 	 1.4176 	 0.4610  	 	 0.8233 	 0.7494  	 	 1.4015 	 0.4752  	 	 1.4690 	 0.4505
[2024/05/18 01:03:55] - 53 		 201.8 	 	 45.7 	 	 0.1000  		 0.8555 	 0.7523 	 	 1.3570  	 0.4833  	 	 1.4141 	 0.4622  	 	 0.8472 	 0.7345  	 	 1.4300 	 0.4534  	 	 1.4945 	 0.4266
[2024/05/18 01:08:02] - 54 		 201.2 	 	 46.4 	 	 0.1000  		 0.8594 	 0.7500 	 	 1.3621  	 0.4812  	 	 1.4191 	 0.4594  	 	 0.8181 	 0.7464  	 	 1.4021 	 0.4749  	 	 1.4686 	 0.4523
[2024/05/18 01:12:09] - 55 		 201.4 	 	 45.6 	 	 0.1000  		 0.8526 	 0.7516 	 	 1.3540  	 0.4873  	 	 1.4112 	 0.4650  	 	 0.8550 	 0.7360  	 	 1.4074 	 0.4757  	 	 1.4679 	 0.4524
[2024/05/18 01:16:17] - 56 		 201.7 	 	 45.6 	 	 0.1000  		 0.8547 	 0.7537 	 	 1.3578  	 0.4828  	 	 1.4150 	 0.4624  	 	 0.8343 	 0.7277  	 	 1.4283 	 0.4626  	 	 1.4965 	 0.4358
[2024/05/18 01:20:24] - 57 		 202.2 	 	 45.6 	 	 0.1000  		 0.8532 	 0.7526 	 	 1.3562  	 0.4872  	 	 1.4134 	 0.4651  	 	 0.7853 	 0.7407  	 	 1.4435 	 0.4583  	 	 1.5226 	 0.4297
[2024/05/18 01:24:32] - 58 		 202.1 	 	 45.7 	 	 0.1000  		 0.8474 	 0.7552 	 	 1.3516  	 0.4872  	 	 1.4091 	 0.4653  	 	 0.7923 	 0.7408  	 	 1.4055 	 0.4738  	 	 1.4761 	 0.4473
[2024/05/18 01:28:39] - 59 		 200.8 	 	 46.4 	 	 0.1000  		 0.8487 	 0.7555 	 	 1.3525  	 0.4845  	 	 1.4101 	 0.4626  	 	 0.8139 	 0.7507  	 	 1.4200 	 0.4633  	 	 1.4889 	 0.4368
[2024/05/18 01:32:46] - 60 		 201.2 	 	 45.5 	 	 0.1000  		 0.8498 	 0.7521 	 	 1.3523  	 0.4865  	 	 1.4095 	 0.4649  	 	 0.8199 	 0.7499  	 	 1.3664 	 0.4880  	 	 1.4256 	 0.4626
[2024/05/18 01:36:54] - 61 		 202.0 	 	 45.7 	 	 0.1000  		 0.8397 	 0.7581 	 	 1.3446  	 0.4895  	 	 1.4022 	 0.4679  	 	 0.8556 	 0.7250  	 	 1.4451 	 0.4593  	 	 1.5093 	 0.4357
[2024/05/18 01:41:00] - 62 		 201.2 	 	 45.5 	 	 0.1000  		 0.8455 	 0.7551 	 	 1.3505  	 0.4879  	 	 1.4080 	 0.4669  	 	 0.8280 	 0.7396  	 	 1.4383 	 0.4633  	 	 1.5060 	 0.4363
[2024/05/18 01:45:08] - 63 		 202.2 	 	 45.6 	 	 0.1000  		 0.8468 	 0.7554 	 	 1.3514  	 0.4857  	 	 1.4088 	 0.4639  	 	 0.8421 	 0.7237  	 	 1.4647 	 0.4607  	 	 1.5341 	 0.4347
[2024/05/18 01:49:16] - 64 		 201.5 	 	 45.8 	 	 0.1000  		 0.8449 	 0.7565 	 	 1.3513  	 0.4853  	 	 1.4090 	 0.4631  	 	 0.8073 	 0.7443  	 	 1.4356 	 0.4642  	 	 1.5079 	 0.4386
[2024/05/18 01:53:22] - 65 		 201.2 	 	 45.6 	 	 0.1000  		 0.8404 	 0.7571 	 	 1.3464  	 0.4876  	 	 1.4041 	 0.4651  	 	 0.8471 	 0.7364  	 	 1.3721 	 0.4920  	 	 1.4292 	 0.4677
[2024/05/18 01:57:30] - 66 		 201.7 	 	 45.6 	 	 0.1000  		 0.8432 	 0.7547 	 	 1.3465  	 0.4884  	 	 1.4042 	 0.4675  	 	 0.8243 	 0.7448  	 	 1.4055 	 0.4759  	 	 1.4708 	 0.4492
[2024/05/18 02:01:37] - 67 		 201.7 	 	 45.7 	 	 0.1000  		 0.8435 	 0.7577 	 	 1.3472  	 0.4862  	 	 1.4048 	 0.4645  	 	 0.8369 	 0.7536  	 	 1.3817 	 0.4837  	 	 1.4402 	 0.4611
[2024/05/18 02:05:44] - 68 		 201.7 	 	 45.6 	 	 0.1000  		 0.8370 	 0.7615 	 	 1.3397  	 0.4883  	 	 1.3975 	 0.4674  	 	 0.8238 	 0.7409  	 	 1.4221 	 0.4606  	 	 1.4917 	 0.4348
[2024/05/18 02:09:52] - 69 		 201.8 	 	 45.7 	 	 0.1000  		 0.8412 	 0.7561 	 	 1.3475  	 0.4885  	 	 1.4055 	 0.4671  	 	 0.8849 	 0.7078  	 	 1.4453 	 0.4563  	 	 1.5037 	 0.4324
[2024/05/18 02:13:58] - 70 		 200.7 	 	 45.5 	 	 0.1000  		 0.8371 	 0.7575 	 	 1.3401  	 0.4902  	 	 1.3978 	 0.4690  	 	 0.8407 	 0.7551  	 	 1.3813 	 0.4781  	 	 1.4416 	 0.4520
[2024/05/18 02:18:05] - 71 		 201.7 	 	 45.6 	 	 0.1000  		 0.8349 	 0.7619 	 	 1.3433  	 0.4900  	 	 1.4015 	 0.4676  	 	 0.7884 	 0.7480  	 	 1.3908 	 0.4803  	 	 1.4612 	 0.4552
[2024/05/18 02:22:13] - 72 		 201.5 	 	 45.8 	 	 0.1000  		 0.8361 	 0.7569 	 	 1.3415  	 0.4890  	 	 1.3995 	 0.4680  	 	 0.8346 	 0.7466  	 	 1.4099 	 0.4711  	 	 1.4735 	 0.4453
[2024/05/18 02:26:20] - 73 		 201.5 	 	 45.6 	 	 0.1000  		 0.8352 	 0.7592 	 	 1.3408  	 0.4910  	 	 1.3990 	 0.4694  	 	 0.8705 	 0.7179  	 	 1.4466 	 0.4647  	 	 1.5111 	 0.4404
[2024/05/18 02:30:27] - 74 		 201.7 	 	 45.7 	 	 0.1000  		 0.8373 	 0.7599 	 	 1.3437  	 0.4875  	 	 1.4019 	 0.4661  	 	 0.8976 	 0.7282  	 	 1.4146 	 0.4746  	 	 1.4681 	 0.4533
[2024/05/18 02:34:35] - 75 		 201.1 	 	 46.3 	 	 0.1000  		 0.8394 	 0.7580 	 	 1.3436  	 0.4893  	 	 1.4018 	 0.4664  	 	 0.7528 	 0.7431  	 	 1.4981 	 0.4472  	 	 1.5885 	 0.4181
[2024/05/18 02:38:41] - 76 		 201.2 	 	 45.5 	 	 0.1000  		 0.8338 	 0.7606 	 	 1.3395  	 0.4900  	 	 1.3977 	 0.4677  	 	 0.8356 	 0.7430  	 	 1.4239 	 0.4787  	 	 1.4878 	 0.4523
[2024/05/18 02:42:48] - 77 		 201.4 	 	 45.6 	 	 0.1000  		 0.8365 	 0.7601 	 	 1.3411  	 0.4897  	 	 1.3992 	 0.4684  	 	 0.8070 	 0.7259  	 	 1.4535 	 0.4568  	 	 1.5301 	 0.4291
[2024/05/18 02:46:56] - 78 		 201.9 	 	 45.7 	 	 0.1000  		 0.8333 	 0.7597 	 	 1.3376  	 0.4904  	 	 1.3956 	 0.4682  	 	 0.8200 	 0.7584  	 	 1.4148 	 0.4681  	 	 1.4850 	 0.4408
[2024/05/18 02:51:03] - 79 		 201.8 	 	 45.7 	 	 0.1000  		 0.8267 	 0.7643 	 	 1.3342  	 0.4906  	 	 1.3927 	 0.4695  	 	 0.8410 	 0.7379  	 	 1.4053 	 0.4713  	 	 1.4683 	 0.4466
[2024/05/18 02:55:11] - 80 		 201.0 	 	 46.3 	 	 0.1000  		 0.8306 	 0.7623 	 	 1.3374  	 0.4888  	 	 1.3960 	 0.4675  	 	 0.8174 	 0.7340  	 	 1.3999 	 0.4789  	 	 1.4664 	 0.4535
[2024/05/18 02:59:18] - 81 		 201.4 	 	 45.7 	 	 0.1000  		 0.8324 	 0.7593 	 	 1.3387  	 0.4901  	 	 1.3974 	 0.4688  	 	 0.8211 	 0.7363  	 	 1.4885 	 0.4448  	 	 1.5688 	 0.4186
[2024/05/18 03:03:25] - 82 		 201.9 	 	 45.6 	 	 0.1000  		 0.8314 	 0.7616 	 	 1.3384  	 0.4900  	 	 1.3970 	 0.4695  	 	 0.7821 	 0.7361  	 	 1.4153 	 0.4704  	 	 1.4888 	 0.4462
[2024/05/18 03:07:33] - 83 		 201.6 	 	 45.7 	 	 0.1000  		 0.8295 	 0.7627 	 	 1.3376  	 0.4903  	 	 1.3965 	 0.4666  	 	 0.8779 	 0.7128  	 	 1.4461 	 0.4507  	 	 1.5099 	 0.4264
[2024/05/18 03:11:40] - 84 		 201.7 	 	 45.7 	 	 0.1000  		 0.8276 	 0.7641 	 	 1.3350  	 0.4892  	 	 1.3935 	 0.4674  	 	 0.8118 	 0.7527  	 	 1.4028 	 0.4776  	 	 1.4696 	 0.4499
[2024/05/18 03:15:47] - 85 		 201.1 	 	 46.2 	 	 0.1000  		 0.8279 	 0.7658 	 	 1.3365  	 0.4904  	 	 1.3953 	 0.4688  	 	 0.8193 	 0.7545  	 	 1.3877 	 0.4744  	 	 1.4506 	 0.4485
[2024/05/18 03:19:54] - 86 		 201.0 	 	 45.4 	 	 0.1000  		 0.8313 	 0.7625 	 	 1.3404  	 0.4925  	 	 1.3992 	 0.4701  	 	 0.8514 	 0.7281  	 	 1.4102 	 0.4711  	 	 1.4743 	 0.4456
[2024/05/18 03:24:01] - 87 		 201.4 	 	 45.7 	 	 0.1000  		 0.8241 	 0.7644 	 	 1.3298  	 0.4937  	 	 1.3885 	 0.4727  	 	 0.8171 	 0.7420  	 	 1.3914 	 0.4806  	 	 1.4569 	 0.4586
[2024/05/18 03:28:08] - 88 		 202.0 	 	 45.5 	 	 0.1000  		 0.8262 	 0.7623 	 	 1.3333  	 0.4910  	 	 1.3921 	 0.4686  	 	 0.7873 	 0.7533  	 	 1.4048 	 0.4706  	 	 1.4761 	 0.4445
[2024/05/18 03:32:15] - 89 		 201.2 	 	 45.7 	 	 0.1000  		 0.8256 	 0.7644 	 	 1.3330  	 0.4912  	 	 1.3918 	 0.4701  	 	 0.8183 	 0.7494  	 	 1.3798 	 0.4837  	 	 1.4419 	 0.4575
[2024/05/18 03:36:22] - 90 		 201.6 	 	 45.8 	 	 0.1000  		 0.8270 	 0.7646 	 	 1.3356  	 0.4923  	 	 1.3945 	 0.4714  	 	 0.8167 	 0.7293  	 	 1.4401 	 0.4681  	 	 1.5112 	 0.4413
[2024/05/18 03:40:30] - 91 		 201.4 	 	 45.9 	 	 0.1000  		 0.8206 	 0.7648 	 	 1.3289  	 0.4938  	 	 1.3880 	 0.4723  	 	 0.8379 	 0.7198  	 	 1.4263 	 0.4742  	 	 1.4920 	 0.4509
[2024/05/18 03:44:37] - 92 		 201.3 	 	 45.5 	 	 0.1000  		 0.8245 	 0.7646 	 	 1.3340  	 0.4912  	 	 1.3930 	 0.4689  	 	 0.7716 	 0.7595  	 	 1.3813 	 0.4778  	 	 1.4511 	 0.4515
[2024/05/18 03:48:44] - 93 		 202.2 	 	 45.7 	 	 0.1000  		 0.8245 	 0.7637 	 	 1.3316  	 0.4949  	 	 1.3904 	 0.4727  	 	 0.7494 	 0.7616  	 	 1.4152 	 0.4769  	 	 1.4967 	 0.4479
[2024/05/18 03:52:53] - 94 		 202.4 	 	 45.7 	 	 0.1000  		 0.8218 	 0.7658 	 	 1.3313  	 0.4943  	 	 1.3905 	 0.4714  	 	 0.8053 	 0.7312  	 	 1.4077 	 0.4680  	 	 1.4769 	 0.4409
[2024/05/18 03:56:59] - 95 		 200.8 	 	 45.5 	 	 0.1000  		 0.8218 	 0.7642 	 	 1.3274  	 0.4962  	 	 1.3861 	 0.4736  	 	 0.8286 	 0.7475  	 	 1.4053 	 0.4801  	 	 1.4677 	 0.4547
[2024/05/18 04:01:06] - 96 		 201.4 	 	 45.8 	 	 0.1000  		 0.8269 	 0.7620 	 	 1.3332  	 0.4900  	 	 1.3922 	 0.4682  	 	 0.8541 	 0.7431  	 	 1.4437 	 0.4688  	 	 1.5124 	 0.4437
[2024/05/18 04:05:13] - 97 		 201.5 	 	 45.7 	 	 0.1000  		 0.8269 	 0.7641 	 	 1.3343  	 0.4913  	 	 1.3931 	 0.4693  	 	 0.8361 	 0.7418  	 	 1.3793 	 0.4747  	 	 1.4373 	 0.4551
[2024/05/18 04:09:21] - 98 		 201.9 	 	 45.7 	 	 0.1000  		 0.8198 	 0.7662 	 	 1.3290  	 0.4937  	 	 1.3883 	 0.4713  	 	 0.7714 	 0.7522  	 	 1.4242 	 0.4660  	 	 1.5013 	 0.4376
[2024/05/18 04:13:29] - 99 		 202.2 	 	 45.6 	 	 0.0100  		 0.8214 	 0.7655 	 	 1.3289  	 0.4920  	 	 1.3879 	 0.4700  	 	 0.7912 	 0.7558  	 	 1.3805 	 0.4777  	 	 1.4472 	 0.4524
[2024/05/18 04:17:35] - 100 		 201.0 	 	 45.5 	 	 0.0100  		 0.6647 	 0.8259 	 	 1.1352  	 0.5657  	 	 1.1923 	 0.5407  	 	 0.6023 	 0.8258  	 	 1.2376 	 0.5314  	 	 1.3186 	 0.5011
[2024/05/18 04:21:43] - 101 		 201.7 	 	 45.8 	 	 0.0100  		 0.5836 	 0.8489 	 	 1.0649  	 0.5857  	 	 1.1265 	 0.5604  	 	 0.6161 	 0.8133  	 	 1.2118 	 0.5370  	 	 1.2867 	 0.5110
[2024/05/18 04:25:49] - 102 		 201.2 	 	 45.5 	 	 0.0100  		 0.5579 	 0.8558 	 	 1.0386  	 0.5934  	 	 1.1020 	 0.5674  	 	 0.5880 	 0.8122  	 	 1.3234 	 0.5187  	 	 1.4239 	 0.4867
[2024/05/18 04:29:56] - 103 		 201.5 	 	 45.6 	 	 0.0100  		 0.5343 	 0.8630 	 	 1.0141  	 0.6025  	 	 1.0788 	 0.5752  	 	 0.6421 	 0.8043  	 	 1.2682 	 0.5287  	 	 1.3451 	 0.5019
[2024/05/18 04:34:03] - 104 		 201.3 	 	 45.7 	 	 0.0100  		 0.5189 	 0.8660 	 	 0.9959  	 0.6066  	 	 1.0614 	 0.5787  	 	 0.6097 	 0.8109  	 	 1.2422 	 0.5350  	 	 1.3212 	 0.5058
[2024/05/18 04:38:11] - 105 		 201.8 	 	 45.7 	 	 0.0100  		 0.5066 	 0.8711 	 	 0.9842  	 0.6134  	 	 1.0505 	 0.5842  	 	 0.5716 	 0.8254  	 	 1.2257 	 0.5394  	 	 1.3112 	 0.5078
[2024/05/18 04:42:18] - 106 		 201.5 	 	 45.6 	 	 0.0100  		 0.4941 	 0.8746 	 	 0.9726  	 0.6177  	 	 1.0401 	 0.5886  	 	 0.5516 	 0.8356  	 	 1.2594 	 0.5268  	 	 1.3554 	 0.4936
[2024/05/18 04:46:25] - 107 		 201.4 	 	 45.6 	 	 0.0100  		 0.4807 	 0.8802 	 	 0.9570  	 0.6216  	 	 1.0252 	 0.5933  	 	 0.5446 	 0.8332  	 	 1.2725 	 0.5284  	 	 1.3721 	 0.4976
[2024/05/18 04:50:33] - 108 		 202.1 	 	 45.5 	 	 0.0100  		 0.4718 	 0.8828 	 	 0.9457  	 0.6236  	 	 1.0143 	 0.5946  	 	 0.5590 	 0.8293  	 	 1.2439 	 0.5383  	 	 1.3353 	 0.5098
[2024/05/18 04:54:40] - 109 		 202.2 	 	 45.6 	 	 0.0100  		 0.4624 	 0.8842 	 	 0.9360  	 0.6266  	 	 1.0054 	 0.5973  	 	 0.5784 	 0.8281  	 	 1.2917 	 0.5246  	 	 1.3854 	 0.4951
[2024/05/18 04:58:48] - 110 		 201.6 	 	 45.9 	 	 0.0100  		 0.4539 	 0.8878 	 	 0.9276  	 0.6314  	 	 0.9981 	 0.6022  	 	 0.5436 	 0.8371  	 	 1.2444 	 0.5409  	 	 1.3407 	 0.5091
[2024/05/18 05:02:55] - 111 		 201.3 	 	 45.6 	 	 0.0100  		 0.4449 	 0.8905 	 	 0.9191  	 0.6316  	 	 0.9903 	 0.6019  	 	 0.5588 	 0.8310  	 	 1.2882 	 0.5276  	 	 1.3868 	 0.4930
[2024/05/18 05:07:02] - 112 		 201.8 	 	 45.7 	 	 0.0100  		 0.4370 	 0.8938 	 	 0.9093  	 0.6359  	 	 0.9810 	 0.6053  	 	 0.5597 	 0.8301  	 	 1.2744 	 0.5316  	 	 1.3708 	 0.5011
[2024/05/18 05:11:10] - 113 		 201.9 	 	 45.6 	 	 0.0100  		 0.4294 	 0.8965 	 	 0.9024  	 0.6402  	 	 0.9749 	 0.6082  	 	 0.5122 	 0.8433  	 	 1.3356 	 0.5204  	 	 1.4593 	 0.4849
[2024/05/18 05:15:18] - 114 		 202.3 	 	 45.7 	 	 0.0100  		 0.4268 	 0.8980 	 	 0.8988  	 0.6382  	 	 0.9715 	 0.6068  	 	 0.5543 	 0.8306  	 	 1.2762 	 0.5315  	 	 1.3767 	 0.5000
[2024/05/18 05:19:26] - 115 		 202.0 	 	 45.9 	 	 0.0100  		 0.4191 	 0.9015 	 	 0.8927  	 0.6390  	 	 0.9663 	 0.6070  	 	 0.5373 	 0.8369  	 	 1.2974 	 0.5262  	 	 1.4043 	 0.4916
[2024/05/18 05:23:33] - 116 		 201.1 	 	 46.6 	 	 0.0100  		 0.4137 	 0.9026 	 	 0.8845  	 0.6435  	 	 0.9586 	 0.6116  	 	 0.5392 	 0.8340  	 	 1.3077 	 0.5263  	 	 1.4166 	 0.4934
[2024/05/18 05:27:40] - 117 		 201.4 	 	 45.6 	 	 0.0100  		 0.4073 	 0.9051 	 	 0.8793  	 0.6428  	 	 0.9544 	 0.6118  	 	 0.5557 	 0.8271  	 	 1.3182 	 0.5240  	 	 1.4254 	 0.4902
[2024/05/18 05:31:48] - 118 		 201.7 	 	 45.6 	 	 0.0100  		 0.4028 	 0.9066 	 	 0.8714  	 0.6466  	 	 0.9461 	 0.6139  	 	 0.5703 	 0.8241  	 	 1.3215 	 0.5221  	 	 1.4234 	 0.4911
[2024/05/18 05:35:55] - 119 		 201.4 	 	 45.6 	 	 0.0100  		 0.3991 	 0.9065 	 	 0.8694  	 0.6467  	 	 0.9445 	 0.6146  	 	 0.5484 	 0.8334  	 	 1.3171 	 0.5278  	 	 1.4267 	 0.4920
[2024/05/18 05:40:02] - 120 		 201.5 	 	 45.7 	 	 0.0100  		 0.3947 	 0.9088 	 	 0.8638  	 0.6480  	 	 0.9398 	 0.6146  	 	 0.5501 	 0.8268  	 	 1.3323 	 0.5175  	 	 1.4428 	 0.4856
[2024/05/18 05:44:09] - 121 		 201.1 	 	 45.6 	 	 0.0100  		 0.3904 	 0.9102 	 	 0.8599  	 0.6513  	 	 0.9360 	 0.6181  	 	 0.5526 	 0.8318  	 	 1.3252 	 0.5199  	 	 1.4355 	 0.4818
[2024/05/18 05:48:16] - 122 		 201.4 	 	 45.6 	 	 0.0100  		 0.3858 	 0.9118 	 	 0.8591  	 0.6495  	 	 0.9362 	 0.6170  	 	 0.5363 	 0.8420  	 	 1.3456 	 0.5116  	 	 1.4635 	 0.4748
[2024/05/18 05:52:23] - 123 		 202.0 	 	 45.7 	 	 0.0100  		 0.3839 	 0.9117 	 	 0.8565  	 0.6500  	 	 0.9334 	 0.6175  	 	 0.5680 	 0.8295  	 	 1.3406 	 0.5211  	 	 1.4466 	 0.4887
[2024/05/18 05:56:31] - 124 		 201.5 	 	 45.7 	 	 0.0100  		 0.3768 	 0.9141 	 	 0.8472  	 0.6530  	 	 0.9247 	 0.6203  	 	 0.5670 	 0.8243  	 	 1.3185 	 0.5266  	 	 1.4222 	 0.4954
[2024/05/18 06:00:38] - 125 		 202.3 	 	 45.6 	 	 0.0100  		 0.3722 	 0.9168 	 	 0.8434  	 0.6572  	 	 0.9216 	 0.6215  	 	 0.5905 	 0.8155  	 	 1.3232 	 0.5273  	 	 1.4245 	 0.4991
[2024/05/18 06:04:45] - 126 		 201.0 	 	 45.6 	 	 0.0100  		 0.3702 	 0.9184 	 	 0.8403  	 0.6556  	 	 0.9184 	 0.6214  	 	 0.5287 	 0.8313  	 	 1.4323 	 0.5038  	 	 1.5644 	 0.4697
[2024/05/18 06:08:53] - 127 		 201.7 	 	 45.8 	 	 0.0100  		 0.3691 	 0.9176 	 	 0.8403  	 0.6563  	 	 0.9189 	 0.6217  	 	 0.5591 	 0.8294  	 	 1.3250 	 0.5274  	 	 1.4305 	 0.4931
[2024/05/18 06:13:00] - 128 		 201.6 	 	 45.6 	 	 0.0100  		 0.3617 	 0.9205 	 	 0.8319  	 0.6561  	 	 0.9111 	 0.6224  	 	 0.5386 	 0.8388  	 	 1.3371 	 0.5167  	 	 1.4517 	 0.4831
[2024/05/18 06:17:07] - 129 		 201.5 	 	 45.8 	 	 0.0100  		 0.3594 	 0.9192 	 	 0.8301  	 0.6580  	 	 0.9098 	 0.6241  	 	 0.5286 	 0.8339  	 	 1.4160 	 0.5092  	 	 1.5477 	 0.4749
[2024/05/18 06:21:15] - 130 		 202.3 	 	 45.6 	 	 0.0100  		 0.3561 	 0.9227 	 	 0.8242  	 0.6600  	 	 0.9033 	 0.6270  	 	 0.5128 	 0.8458  	 	 1.3659 	 0.5186  	 	 1.4954 	 0.4791
[2024/05/18 06:25:22] - 131 		 200.9 	 	 46.4 	 	 0.0100  		 0.3517 	 0.9228 	 	 0.8189  	 0.6614  	 	 0.8982 	 0.6256  	 	 0.5316 	 0.8340  	 	 1.3862 	 0.5100  	 	 1.5104 	 0.4760
[2024/05/18 06:29:29] - 132 		 201.3 	 	 45.6 	 	 0.0100  		 0.3485 	 0.9239 	 	 0.8190  	 0.6630  	 	 0.8992 	 0.6282  	 	 0.5319 	 0.8338  	 	 1.4252 	 0.5124  	 	 1.5572 	 0.4745
[2024/05/18 06:33:37] - 133 		 202.4 	 	 45.7 	 	 0.0100  		 0.3449 	 0.9259 	 	 0.8128  	 0.6664  	 	 0.8928 	 0.6313  	 	 0.5073 	 0.8467  	 	 1.3879 	 0.5114  	 	 1.5180 	 0.4721
[2024/05/18 06:37:44] - 134 		 201.2 	 	 45.6 	 	 0.0100  		 0.3408 	 0.9273 	 	 0.8093  	 0.6651  	 	 0.8901 	 0.6300  	 	 0.5339 	 0.8352  	 	 1.4285 	 0.5077  	 	 1.5595 	 0.4726
[2024/05/18 06:41:51] - 135 		 201.8 	 	 45.6 	 	 0.0100  		 0.3414 	 0.9276 	 	 0.8098  	 0.6622  	 	 0.8904 	 0.6276  	 	 0.5218 	 0.8302  	 	 1.4834 	 0.5010  	 	 1.6311 	 0.4657
[2024/05/18 06:45:59] - 136 		 201.5 	 	 45.8 	 	 0.0100  		 0.3360 	 0.9278 	 	 0.8047  	 0.6668  	 	 0.8857 	 0.6320  	 	 0.5441 	 0.8329  	 	 1.3642 	 0.5141  	 	 1.4824 	 0.4785
[2024/05/18 06:50:06] - 137 		 201.6 	 	 45.7 	 	 0.0100  		 0.3346 	 0.9291 	 	 0.7988  	 0.6685  	 	 0.8795 	 0.6317  	 	 0.5195 	 0.8368  	 	 1.4678 	 0.5057  	 	 1.6095 	 0.4704
[2024/05/18 06:54:13] - 138 		 201.8 	 	 45.6 	 	 0.0100  		 0.3283 	 0.9300 	 	 0.7913  	 0.6712  	 	 0.8727 	 0.6339  	 	 0.5579 	 0.8275  	 	 1.3924 	 0.5054  	 	 1.5128 	 0.4722
[2024/05/18 06:58:20] - 139 		 201.5 	 	 45.5 	 	 0.0100  		 0.3266 	 0.9319 	 	 0.7923  	 0.6705  	 	 0.8738 	 0.6342  	 	 0.5474 	 0.8310  	 	 1.4231 	 0.5050  	 	 1.5483 	 0.4698
[2024/05/18 07:02:29] - 140 		 202.7 	 	 45.7 	 	 0.0100  		 0.3238 	 0.9317 	 	 0.7874  	 0.6730  	 	 0.8694 	 0.6364  	 	 0.5691 	 0.8216  	 	 1.4013 	 0.5138  	 	 1.5191 	 0.4824
[2024/05/18 07:06:37] - 141 		 202.8 	 	 45.8 	 	 0.0100  		 0.3220 	 0.9343 	 	 0.7882  	 0.6731  	 	 0.8709 	 0.6355  	 	 0.5441 	 0.8266  	 	 1.4601 	 0.5038  	 	 1.5963 	 0.4700
[2024/05/18 07:10:44] - 142 		 201.4 	 	 45.5 	 	 0.0100  		 0.3162 	 0.9351 	 	 0.7772  	 0.6749  	 	 0.8591 	 0.6386  	 	 0.5297 	 0.8264  	 	 1.5454 	 0.4950  	 	 1.6962 	 0.4580
[2024/05/18 07:14:51] - 143 		 201.4 	 	 45.8 	 	 0.0100  		 0.3127 	 0.9348 	 	 0.7748  	 0.6785  	 	 0.8572 	 0.6415  	 	 0.5310 	 0.8342  	 	 1.5329 	 0.4886  	 	 1.6815 	 0.4486
[2024/05/18 07:18:58] - 144 		 201.2 	 	 45.7 	 	 0.0100  		 0.3146 	 0.9355 	 	 0.7784  	 0.6764  	 	 0.8609 	 0.6405  	 	 0.5370 	 0.8316  	 	 1.4293 	 0.5068  	 	 1.5588 	 0.4712
[2024/05/18 07:23:06] - 145 		 202.1 	 	 45.7 	 	 0.0100  		 0.3108 	 0.9371 	 	 0.7721  	 0.6762  	 	 0.8545 	 0.6392  	 	 0.5360 	 0.8320  	 	 1.4364 	 0.5023  	 	 1.5685 	 0.4688
[2024/05/18 07:27:13] - 146 		 201.6 	 	 45.5 	 	 0.0100  		 0.3063 	 0.9388 	 	 0.7671  	 0.6790  	 	 0.8499 	 0.6406  	 	 0.5279 	 0.8407  	 	 1.4586 	 0.5024  	 	 1.5982 	 0.4665
[2024/05/18 07:31:20] - 147 		 201.6 	 	 45.5 	 	 0.0100  		 0.3039 	 0.9393 	 	 0.7645  	 0.6791  	 	 0.8475 	 0.6439  	 	 0.5477 	 0.8293  	 	 1.4675 	 0.4975  	 	 1.6029 	 0.4629
[2024/05/18 07:35:28] - 148 		 201.7 	 	 45.6 	 	 0.0100  		 0.2991 	 0.9403 	 	 0.7588  	 0.6814  	 	 0.8421 	 0.6428  	 	 0.5519 	 0.8173  	 	 1.5507 	 0.4900  	 	 1.6988 	 0.4573
[2024/05/18 07:39:35] - 149 		 200.8 	 	 46.0 	 	 0.0010  		 0.2975 	 0.9409 	 	 0.7550  	 0.6840  	 	 0.8381 	 0.6467  	 	 0.5343 	 0.8302  	 	 1.5487 	 0.4933  	 	 1.6988 	 0.4607
[2024/05/18 07:43:41] - 150 		 201.2 	 	 45.7 	 	 0.0010  		 0.2438 	 0.9578 	 	 0.6252  	 0.7409  	 	 0.6961 	 0.7044  	 	 0.4885 	 0.8454  	 	 1.5079 	 0.5073  	 	 1.6625 	 0.4730
[2024/05/18 07:47:49] - 151 		 201.7 	 	 45.7 	 	 0.0010  		 0.2127 	 0.9641 	 	 0.5719  	 0.7586  	 	 0.6419 	 0.7238  	 	 0.4758 	 0.8489  	 	 1.4973 	 0.5102  	 	 1.6539 	 0.4737
[2024/05/18 07:51:57] - 152 		 202.0 	 	 45.7 	 	 0.0010  		 0.1996 	 0.9653 	 	 0.5490  	 0.7674  	 	 0.6193 	 0.7313  	 	 0.4852 	 0.8420  	 	 1.5501 	 0.5061  	 	 1.7137 	 0.4701
[2024/05/18 07:56:04] - 153 		 201.4 	 	 45.7 	 	 0.0010  		 0.1900 	 0.9686 	 	 0.5329  	 0.7723  	 	 0.6028 	 0.7360  	 	 0.4819 	 0.8458  	 	 1.6392 	 0.5002  	 	 1.8216 	 0.4611
[2024/05/18 08:00:11] - 154 		 201.3 	 	 46.3 	 	 0.0010  		 0.1844 	 0.9698 	 	 0.5220  	 0.7774  	 	 0.5920 	 0.7412  	 	 0.4719 	 0.8469  	 	 1.6283 	 0.5047  	 	 1.8093 	 0.4688
[2024/05/18 08:04:18] - 155 		 201.1 	 	 45.5 	 	 0.0010  		 0.1778 	 0.9709 	 	 0.5112  	 0.7803  	 	 0.5813 	 0.7443  	 	 0.4748 	 0.8452  	 	 1.6994 	 0.4989  	 	 1.8920 	 0.4646
[2024/05/18 08:08:25] - 156 		 201.5 	 	 45.8 	 	 0.0010  		 0.1738 	 0.9715 	 	 0.5033  	 0.7830  	 	 0.5734 	 0.7475  	 	 0.4751 	 0.8514  	 	 1.6622 	 0.4910  	 	 1.8501 	 0.4526
[2024/05/18 08:12:32] - 157 		 201.4 	 	 45.7 	 	 0.0010  		 0.1694 	 0.9726 	 	 0.4966  	 0.7849  	 	 0.5672 	 0.7498  	 	 0.4556 	 0.8553  	 	 1.6929 	 0.4928  	 	 1.8932 	 0.4560
[2024/05/18 08:16:40] - 158 		 202.0 	 	 45.7 	 	 0.0010  		 0.1660 	 0.9734 	 	 0.4916  	 0.7882  	 	 0.5626 	 0.7518  	 	 0.4742 	 0.8533  	 	 1.6482 	 0.4978  	 	 1.8341 	 0.4597
[2024/05/18 08:20:46] - 159 		 200.8 	 	 45.6 	 	 0.0010  		 0.1620 	 0.9737 	 	 0.4824  	 0.7916  	 	 0.5526 	 0.7554  	 	 0.4872 	 0.8424  	 	 1.6926 	 0.4947  	 	 1.8787 	 0.4597
[2024/05/18 08:24:54] - 160 		 202.0 	 	 45.5 	 	 0.0010  		 0.1572 	 0.9755 	 	 0.4755  	 0.7942  	 	 0.5458 	 0.7581  	 	 0.4836 	 0.8454  	 	 1.6146 	 0.5070  	 	 1.7899 	 0.4681
[2024/05/18 08:29:01] - 161 		 201.8 	 	 45.5 	 	 0.0010  		 0.1562 	 0.9755 	 	 0.4727  	 0.7952  	 	 0.5431 	 0.7592  	 	 0.4936 	 0.8400  	 	 1.6236 	 0.5080  	 	 1.7976 	 0.4730
[2024/05/18 08:33:08] - 162 		 201.6 	 	 45.9 	 	 0.0010  		 0.1514 	 0.9764 	 	 0.4656  	 0.7987  	 	 0.5357 	 0.7617  	 	 0.4767 	 0.8470  	 	 1.6922 	 0.4960  	 	 1.8844 	 0.4587
[2024/05/18 08:37:16] - 163 		 201.7 	 	 45.8 	 	 0.0010  		 0.1493 	 0.9767 	 	 0.4597  	 0.7998  	 	 0.5298 	 0.7646  	 	 0.4650 	 0.8515  	 	 1.6908 	 0.5004  	 	 1.8859 	 0.4612
[2024/05/18 08:41:23] - 164 		 201.1 	 	 46.3 	 	 0.0010  		 0.1455 	 0.9778 	 	 0.4546  	 0.8017  	 	 0.5251 	 0.7652  	 	 0.4802 	 0.8426  	 	 1.7752 	 0.4893  	 	 1.9831 	 0.4496
[2024/05/18 08:45:30] - 165 		 201.3 	 	 45.6 	 	 0.0010  		 0.1435 	 0.9776 	 	 0.4500  	 0.8050  	 	 0.5202 	 0.7689  	 	 0.4722 	 0.8511  	 	 1.7287 	 0.4912  	 	 1.9274 	 0.4540
[2024/05/18 08:49:38] - 166 		 201.7 	 	 45.6 	 	 0.0010  		 0.1397 	 0.9784 	 	 0.4433  	 0.8067  	 	 0.5136 	 0.7706  	 	 0.4846 	 0.8426  	 	 1.6909 	 0.5023  	 	 1.8809 	 0.4647
[2024/05/18 08:53:44] - 167 		 201.2 	 	 45.6 	 	 0.0010  		 0.1383 	 0.9794 	 	 0.4405  	 0.8076  	 	 0.5107 	 0.7710  	 	 0.4807 	 0.8455  	 	 1.8236 	 0.4943  	 	 2.0392 	 0.4529
[2024/05/18 08:57:52] - 168 		 201.6 	 	 45.6 	 	 0.0010  		 0.1355 	 0.9801 	 	 0.4376  	 0.8089  	 	 0.5085 	 0.7718  	 	 0.4722 	 0.8467  	 	 1.7651 	 0.4911  	 	 1.9728 	 0.4523
[2024/05/18 09:01:59] - 169 		 201.2 	 	 46.2 	 	 0.0010  		 0.1339 	 0.9796 	 	 0.4317  	 0.8126  	 	 0.5015 	 0.7761  	 	 0.4867 	 0.8489  	 	 1.7821 	 0.4930  	 	 1.9882 	 0.4581
[2024/05/18 09:06:06] - 170 		 201.1 	 	 45.6 	 	 0.0010  		 0.1315 	 0.9801 	 	 0.4301  	 0.8109  	 	 0.5014 	 0.7746  	 	 0.5100 	 0.8349  	 	 1.8703 	 0.4728  	 	 2.0843 	 0.4357
[2024/05/18 09:10:13] - 171 		 201.3 	 	 45.8 	 	 0.0010  		 0.1292 	 0.9813 	 	 0.4260  	 0.8129  	 	 0.4966 	 0.7762  	 	 0.4791 	 0.8426  	 	 1.7469 	 0.5017  	 	 1.9498 	 0.4643
[2024/05/18 09:14:20] - 172 		 201.7 	 	 45.6 	 	 0.0010  		 0.1273 	 0.9812 	 	 0.4209  	 0.8163  	 	 0.4915 	 0.7781  	 	 0.4797 	 0.8498  	 	 1.8669 	 0.4857  	 	 2.0896 	 0.4486
[2024/05/18 09:18:28] - 173 		 201.6 	 	 45.7 	 	 0.0010  		 0.1253 	 0.9822 	 	 0.4174  	 0.8175  	 	 0.4880 	 0.7813  	 	 0.5178 	 0.8366  	 	 1.8171 	 0.4749  	 	 2.0208 	 0.4367
[2024/05/18 09:22:34] - 174 		 200.8 	 	 45.9 	 	 0.0010  		 0.1225 	 0.9828 	 	 0.4131  	 0.8181  	 	 0.4837 	 0.7826  	 	 0.4880 	 0.8432  	 	 1.8518 	 0.4873  	 	 2.0705 	 0.4462
[2024/05/18 09:26:41] - 175 		 201.2 	 	 45.5 	 	 0.0010  		 0.1209 	 0.9830 	 	 0.4113  	 0.8184  	 	 0.4823 	 0.7813  	 	 0.4904 	 0.8480  	 	 1.9092 	 0.4840  	 	 2.1331 	 0.4448
[2024/05/18 09:30:49] - 176 		 202.7 	 	 45.6 	 	 0.0010  		 0.1192 	 0.9836 	 	 0.4091  	 0.8205  	 	 0.4800 	 0.7835  	 	 0.5036 	 0.8485  	 	 2.1493 	 0.4645  	 	 2.4138 	 0.4266
[2024/05/18 09:34:57] - 177 		 201.5 	 	 45.7 	 	 0.0010  		 0.1172 	 0.9831 	 	 0.4030  	 0.8234  	 	 0.4738 	 0.7867  	 	 0.4782 	 0.8488  	 	 1.8313 	 0.4829  	 	 2.0506 	 0.4458
[2024/05/18 09:39:05] - 178 		 202.3 	 	 45.7 	 	 0.0010  		 0.1150 	 0.9841 	 	 0.3992  	 0.8255  	 	 0.4700 	 0.7895  	 	 0.4848 	 0.8433  	 	 1.8261 	 0.4896  	 	 2.0380 	 0.4528
[2024/05/18 09:43:12] - 179 		 201.8 	 	 45.6 	 	 0.0010  		 0.1138 	 0.9842 	 	 0.3977  	 0.8246  	 	 0.4687 	 0.7879  	 	 0.4867 	 0.8437  	 	 1.8018 	 0.4941  	 	 2.0127 	 0.4572
[2024/05/18 09:47:20] - 180 		 200.9 	 	 46.7 	 	 0.0010  		 0.1120 	 0.9843 	 	 0.3945  	 0.8280  	 	 0.4652 	 0.7907  	 	 0.4903 	 0.8460  	 	 1.9580 	 0.4786  	 	 2.1926 	 0.4401
[2024/05/18 09:51:27] - 181 		 201.7 	 	 45.6 	 	 0.0010  		 0.1107 	 0.9847 	 	 0.3905  	 0.8273  	 	 0.4614 	 0.7919  	 	 0.4803 	 0.8464  	 	 1.9522 	 0.4798  	 	 2.1896 	 0.4413
[2024/05/18 09:55:34] - 182 		 201.6 	 	 45.6 	 	 0.0010  		 0.1086 	 0.9848 	 	 0.3876  	 0.8287  	 	 0.4581 	 0.7917  	 	 0.4831 	 0.8483  	 	 1.9160 	 0.4793  	 	 2.1445 	 0.4418
[2024/05/18 09:59:41] - 183 		 201.3 	 	 45.6 	 	 0.0010  		 0.1077 	 0.9859 	 	 0.3880  	 0.8306  	 	 0.4597 	 0.7918  	 	 0.4955 	 0.8354  	 	 1.8069 	 0.4966  	 	 2.0163 	 0.4621
[2024/05/18 10:03:49] - 184 		 201.8 	 	 45.9 	 	 0.0010  		 0.1059 	 0.9857 	 	 0.3813  	 0.8329  	 	 0.4521 	 0.7959  	 	 0.4881 	 0.8436  	 	 1.8983 	 0.4823  	 	 2.1234 	 0.4471
[2024/05/18 10:07:56] - 185 		 201.2 	 	 45.6 	 	 0.0010  		 0.1047 	 0.9863 	 	 0.3825  	 0.8315  	 	 0.4543 	 0.7950  	 	 0.4967 	 0.8429  	 	 1.9345 	 0.4816  	 	 2.1607 	 0.4450
