[2024/05/13 20:36:53] - Namespace(att_method='norm_steep', attack_iters=10, batch_size=128, beta=1.5, chkpt_iters=50, dataset='cifar10', epochs=201, epsilon=0.03137254901960784, eq_vol=1, eval_method='sign', lr_chechpoint1=100, lr_chechpoint2=150, lr_max=0.1, lr_schedule='piecewise', manual_step=0, model='PreRes18_standard', momentum=0.9, norm='l_inf', pgd_alpha=2.0, random_init=1, resume=0, seed=2, train_mode='adv_train', weight_decay=0.0005, width_factor=10)
[2024/05/13 20:36:59] - Epoch 	 Train Time 	 Test Time 	 LR 	 	 Train Loss 	 Train Acc 	 Train Adv Loss 	 Train Adv Acc 	 Train Surrogate Loss 	 Train Surrogate Acc 	 Test Loss 	 Test Acc 	 Test Adv Loss 	 Test Adv Acc 	 Test Surrogate Loss 	 Test Surrogate Acc 
[2024/05/13 20:40:24] - 0 		 167.3 	 	 38.4 	 	 0.1000  		 1.8941 	 0.2915 	 	 2.0664  	 0.2222  	 	 2.1818 	 0.1866  	 	 1.6424 	 0.4015  	 	 1.8669 	 0.3082  	 	 2.0404 	 0.2475
[2024/05/13 20:43:44] - 1 		 161.8 	 	 38.4 	 	 0.1000  		 1.6029 	 0.4189 	 	 1.8520  	 0.3014  	 	 2.0274 	 0.2395  	 	 1.4765 	 0.4666  	 	 1.7911 	 0.3198  	 	 2.0222 	 0.2437
[2024/05/13 20:47:04] - 2 		 161.2 	 	 38.6 	 	 0.1000  		 1.4445 	 0.4859 	 	 1.7385  	 0.3438  	 	 1.9510 	 0.2653  	 	 1.3741 	 0.5123  	 	 1.7388 	 0.3502  	 	 2.0147 	 0.2599
[2024/05/13 20:50:23] - 3 		 161.8 	 	 36.7 	 	 0.1000  		 1.3165 	 0.5427 	 	 1.6469  	 0.3768  	 	 1.8930 	 0.2862  	 	 1.2088 	 0.5904  	 	 1.5917 	 0.3981  	 	 1.9110 	 0.2752
[2024/05/13 20:53:42] - 4 		 161.3 	 	 38.4 	 	 0.1000  		 1.2155 	 0.5848 	 	 1.5737  	 0.4041  	 	 1.8488 	 0.3015  	 	 1.1088 	 0.6181  	 	 1.5218 	 0.4181  	 	 1.8808 	 0.2912
[2024/05/13 20:57:04] - 5 		 162.0 	 	 39.6 	 	 0.1000  		 1.1373 	 0.6215 	 	 1.5146  	 0.4274  	 	 1.8141 	 0.3149  	 	 1.0466 	 0.6585  	 	 1.4493 	 0.4619  	 	 1.7994 	 0.3207
[2024/05/13 21:00:26] - 6 		 163.0 	 	 38.9 	 	 0.1000  		 1.0777 	 0.6454 	 	 1.4692  	 0.4440  	 	 1.7891 	 0.3239  	 	 0.9754 	 0.6699  	 	 1.4213 	 0.4579  	 	 1.8179 	 0.3131
[2024/05/13 21:03:49] - 7 		 164.4 	 	 38.9 	 	 0.1000  		 1.0251 	 0.6651 	 	 1.4279  	 0.4599  	 	 1.7654 	 0.3344  	 	 0.9675 	 0.6765  	 	 1.3899 	 0.4780  	 	 1.7563 	 0.3354
[2024/05/13 21:07:11] - 8 		 162.0 	 	 39.4 	 	 0.1000  		 0.9860 	 0.6821 	 	 1.3979  	 0.4706  	 	 1.7501 	 0.3394  	 	 0.9053 	 0.6781  	 	 1.3672 	 0.4836  	 	 1.7960 	 0.3388
[2024/05/13 21:10:32] - 9 		 162.4 	 	 38.5 	 	 0.1000  		 0.9574 	 0.6976 	 	 1.3754  	 0.4803  	 	 1.7394 	 0.3473  	 	 0.9425 	 0.6813  	 	 1.3802 	 0.4805  	 	 1.8011 	 0.3330
[2024/05/13 21:13:55] - 10 		 163.8 	 	 39.5 	 	 0.1000  		 0.9300 	 0.7041 	 	 1.3524  	 0.4914  	 	 1.7251 	 0.3528  	 	 0.9248 	 0.7081  	 	 1.3653 	 0.4987  	 	 1.7633 	 0.3432
[2024/05/13 21:17:17] - 11 		 163.0 	 	 39.2 	 	 0.1000  		 0.9138 	 0.7112 	 	 1.3388  	 0.4930  	 	 1.7188 	 0.3540  	 	 0.8456 	 0.7158  	 	 1.3349 	 0.4943  	 	 1.8161 	 0.3196
[2024/05/13 21:20:37] - 12 		 161.6 	 	 38.5 	 	 0.1000  		 0.8931 	 0.7205 	 	 1.3217  	 0.5022  	 	 1.7061 	 0.3606  	 	 0.8277 	 0.7350  	 	 1.3187 	 0.5046  	 	 1.8122 	 0.3343
[2024/05/13 21:23:59] - 13 		 162.5 	 	 38.7 	 	 0.1000  		 0.8793 	 0.7244 	 	 1.3113  	 0.5048  	 	 1.7058 	 0.3628  	 	 0.8720 	 0.7054  	 	 1.3309 	 0.4976  	 	 1.7883 	 0.3413
[2024/05/13 21:27:20] - 14 		 162.5 	 	 38.7 	 	 0.1000  		 0.8603 	 0.7313 	 	 1.2949  	 0.5104  	 	 1.6944 	 0.3662  	 	 0.8407 	 0.7362  	 	 1.3142 	 0.5134  	 	 1.7611 	 0.3492
[2024/05/13 21:30:40] - 15 		 161.7 	 	 38.6 	 	 0.1000  		 0.8440 	 0.7384 	 	 1.2811  	 0.5151  	 	 1.6877 	 0.3688  	 	 0.8204 	 0.7273  	 	 1.2989 	 0.5089  	 	 1.7599 	 0.3537
[2024/05/13 21:34:00] - 16 		 162.0 	 	 38.4 	 	 0.1000  		 0.8381 	 0.7405 	 	 1.2754  	 0.5186  	 	 1.6869 	 0.3706  	 	 0.8003 	 0.7392  	 	 1.2978 	 0.5133  	 	 1.8029 	 0.3468
[2024/05/13 21:37:22] - 17 		 162.9 	 	 38.5 	 	 0.1000  		 0.8183 	 0.7501 	 	 1.2601  	 0.5231  	 	 1.6789 	 0.3728  	 	 0.8326 	 0.7276  	 	 1.2903 	 0.5206  	 	 1.7222 	 0.3649
[2024/05/13 21:40:43] - 18 		 162.2 	 	 38.9 	 	 0.1000  		 0.8105 	 0.7520 	 	 1.2516  	 0.5272  	 	 1.6733 	 0.3740  	 	 0.8189 	 0.7307  	 	 1.2584 	 0.5286  	 	 1.6830 	 0.3749
[2024/05/13 21:44:04] - 19 		 163.4 	 	 37.6 	 	 0.1000  		 0.8004 	 0.7532 	 	 1.2426  	 0.5318  	 	 1.6675 	 0.3766  	 	 0.7753 	 0.7579  	 	 1.2649 	 0.5272  	 	 1.7647 	 0.3488
[2024/05/13 21:47:18] - 20 		 158.6 	 	 35.9 	 	 0.1000  		 0.7949 	 0.7577 	 	 1.2402  	 0.5312  	 	 1.6711 	 0.3766  	 	 0.7590 	 0.7391  	 	 1.3153 	 0.5102  	 	 1.9068 	 0.3380
[2024/05/13 21:50:39] - 21 		 161.5 	 	 38.7 	 	 0.1000  		 0.7850 	 0.7604 	 	 1.2324  	 0.5354  	 	 1.6674 	 0.3779  	 	 0.7545 	 0.7507  	 	 1.2527 	 0.5268  	 	 1.7874 	 0.3518
[2024/05/13 21:54:00] - 22 		 162.8 	 	 38.7 	 	 0.1000  		 0.7762 	 0.7653 	 	 1.2222  	 0.5374  	 	 1.6591 	 0.3815  	 	 0.7513 	 0.7620  	 	 1.2391 	 0.5412  	 	 1.7402 	 0.3647
[2024/05/13 21:57:22] - 23 		 162.3 	 	 39.2 	 	 0.1000  		 0.7685 	 0.7659 	 	 1.2154  	 0.5403  	 	 1.6557 	 0.3853  	 	 0.7375 	 0.7623  	 	 1.2175 	 0.5447  	 	 1.7224 	 0.3790
[2024/05/13 22:00:47] - 24 		 166.2 	 	 39.5 	 	 0.1000  		 0.7605 	 0.7708 	 	 1.2108  	 0.5409  	 	 1.6562 	 0.3846  	 	 0.7446 	 0.7614  	 	 1.2584 	 0.5264  	 	 1.7910 	 0.3472
[2024/05/13 22:04:12] - 25 		 165.3 	 	 39.6 	 	 0.1000  		 0.7569 	 0.7710 	 	 1.2056  	 0.5427  	 	 1.6520 	 0.3837  	 	 0.7305 	 0.7613  	 	 1.2255 	 0.5418  	 	 1.7437 	 0.3671
[2024/05/13 22:07:36] - 26 		 165.7 	 	 38.4 	 	 0.1000  		 0.7536 	 0.7740 	 	 1.2037  	 0.5432  	 	 1.6536 	 0.3838  	 	 0.8154 	 0.7294  	 	 1.2641 	 0.5307  	 	 1.6970 	 0.3783
[2024/05/13 22:11:00] - 27 		 165.0 	 	 39.3 	 	 0.1000  		 0.7510 	 0.7726 	 	 1.1999  	 0.5444  	 	 1.6476 	 0.3865  	 	 0.7393 	 0.7565  	 	 1.2374 	 0.5346  	 	 1.7535 	 0.3598
[2024/05/13 22:14:27] - 28 		 166.1 	 	 40.0 	 	 0.1000  		 0.7410 	 0.7798 	 	 1.1920  	 0.5486  	 	 1.6452 	 0.3901  	 	 0.7662 	 0.7505  	 	 1.2942 	 0.5202  	 	 1.8796 	 0.3387
[2024/05/13 22:17:52] - 29 		 165.9 	 	 39.9 	 	 0.1000  		 0.7416 	 0.7774 	 	 1.1915  	 0.5491  	 	 1.6435 	 0.3892  	 	 0.7140 	 0.7621  	 	 1.2633 	 0.5337  	 	 1.8595 	 0.3458
[2024/05/13 22:21:18] - 30 		 166.7 	 	 39.3 	 	 0.1000  		 0.7366 	 0.7793 	 	 1.1896  	 0.5499  	 	 1.6454 	 0.3864  	 	 0.7495 	 0.7609  	 	 1.2450 	 0.5336  	 	 1.7521 	 0.3602
[2024/05/13 22:24:46] - 31 		 166.7 	 	 41.1 	 	 0.1000  		 0.7381 	 0.7785 	 	 1.1895  	 0.5503  	 	 1.6457 	 0.3906  	 	 0.7313 	 0.7571  	 	 1.2604 	 0.5229  	 	 1.8237 	 0.3576
[2024/05/13 22:28:11] - 32 		 165.0 	 	 39.9 	 	 0.1000  		 0.7273 	 0.7819 	 	 1.1807  	 0.5512  	 	 1.6419 	 0.3882  	 	 0.7482 	 0.7582  	 	 1.2599 	 0.5218  	 	 1.8019 	 0.3483
[2024/05/13 22:31:37] - 33 		 167.4 	 	 38.4 	 	 0.1000  		 0.7258 	 0.7844 	 	 1.1779  	 0.5546  	 	 1.6376 	 0.3918  	 	 0.7683 	 0.7552  	 	 1.2461 	 0.5293  	 	 1.7215 	 0.3647
[2024/05/13 22:35:03] - 34 		 166.2 	 	 40.2 	 	 0.1000  		 0.7238 	 0.7857 	 	 1.1777  	 0.5531  	 	 1.6400 	 0.3903  	 	 0.7329 	 0.7493  	 	 1.2315 	 0.5424  	 	 1.7732 	 0.3703
[2024/05/13 22:38:25] - 35 		 163.4 	 	 38.5 	 	 0.1000  		 0.7187 	 0.7841 	 	 1.1710  	 0.5578  	 	 1.6339 	 0.3936  	 	 0.7100 	 0.7746  	 	 1.2204 	 0.5423  	 	 1.7861 	 0.3494
[2024/05/13 22:41:50] - 36 		 166.4 	 	 38.5 	 	 0.1000  		 0.7177 	 0.7876 	 	 1.1725  	 0.5554  	 	 1.6402 	 0.3936  	 	 0.7227 	 0.7685  	 	 1.2141 	 0.5561  	 	 1.7437 	 0.3715
[2024/05/13 22:45:15] - 37 		 166.1 	 	 38.4 	 	 0.1000  		 0.7153 	 0.7855 	 	 1.1692  	 0.5573  	 	 1.6369 	 0.3927  	 	 0.7160 	 0.7770  	 	 1.1878 	 0.5554  	 	 1.6987 	 0.3693
[2024/05/13 22:48:35] - 38 		 161.8 	 	 38.5 	 	 0.1000  		 0.7087 	 0.7913 	 	 1.1626  	 0.5582  	 	 1.6301 	 0.3946  	 	 0.7009 	 0.7727  	 	 1.2754 	 0.5255  	 	 1.9194 	 0.3326
[2024/05/13 22:51:56] - 39 		 162.2 	 	 39.0 	 	 0.1000  		 0.7118 	 0.7883 	 	 1.1653  	 0.5564  	 	 1.6313 	 0.3951  	 	 0.7101 	 0.7785  	 	 1.2084 	 0.5445  	 	 1.7247 	 0.3680
[2024/05/13 22:55:16] - 40 		 161.9 	 	 38.6 	 	 0.1000  		 0.7027 	 0.7912 	 	 1.1569  	 0.5601  	 	 1.6287 	 0.3959  	 	 0.7323 	 0.7611  	 	 1.2478 	 0.5319  	 	 1.8198 	 0.3504
[2024/05/13 22:58:37] - 41 		 161.6 	 	 38.4 	 	 0.1000  		 0.7032 	 0.7914 	 	 1.1577  	 0.5635  	 	 1.6286 	 0.3958  	 	 0.6926 	 0.7836  	 	 1.2424 	 0.5338  	 	 1.8566 	 0.3365
[2024/05/13 23:01:53] - 42 		 158.4 	 	 38.5 	 	 0.1000  		 0.7052 	 0.7913 	 	 1.1618  	 0.5588  	 	 1.6341 	 0.3931  	 	 0.7231 	 0.7619  	 	 1.2574 	 0.5373  	 	 1.8289 	 0.3697
[2024/05/13 23:05:14] - 43 		 161.9 	 	 38.5 	 	 0.1000  		 0.7076 	 0.7877 	 	 1.1626  	 0.5599  	 	 1.6311 	 0.3964  	 	 0.7283 	 0.7731  	 	 1.1913 	 0.5509  	 	 1.6774 	 0.3762
[2024/05/13 23:08:28] - 44 		 158.6 	 	 35.6 	 	 0.1000  		 0.6993 	 0.7935 	 	 1.1542  	 0.5626  	 	 1.6266 	 0.3987  	 	 0.6909 	 0.7740  	 	 1.1963 	 0.5552  	 	 1.7414 	 0.3731
[2024/05/13 23:11:40] - 45 		 156.3 	 	 35.9 	 	 0.1000  		 0.6987 	 0.7931 	 	 1.1551  	 0.5607  	 	 1.6305 	 0.3967  	 	 0.7081 	 0.7871  	 	 1.2098 	 0.5450  	 	 1.7399 	 0.3592
[2024/05/13 23:15:00] - 46 		 160.6 	 	 39.3 	 	 0.1000  		 0.6980 	 0.7934 	 	 1.1535  	 0.5625  	 	 1.6289 	 0.3964  	 	 0.7000 	 0.7703  	 	 1.2296 	 0.5415  	 	 1.7984 	 0.3599
[2024/05/13 23:18:24] - 47 		 164.2 	 	 39.4 	 	 0.1000  		 0.6903 	 0.7982 	 	 1.1450  	 0.5645  	 	 1.6212 	 0.4001  	 	 0.6667 	 0.7833  	 	 1.1886 	 0.5602  	 	 1.7676 	 0.3667
[2024/05/13 23:21:44] - 48 		 161.7 	 	 38.4 	 	 0.1000  		 0.6927 	 0.7937 	 	 1.1508  	 0.5646  	 	 1.6277 	 0.3977  	 	 0.6501 	 0.7920  	 	 1.1809 	 0.5549  	 	 1.7837 	 0.3600
[2024/05/13 23:25:04] - 49 		 161.5 	 	 38.5 	 	 0.1000  		 0.6870 	 0.7971 	 	 1.1446  	 0.5652  	 	 1.6240 	 0.3988  	 	 0.6472 	 0.7922  	 	 1.2091 	 0.5556  	 	 1.8786 	 0.3496
[2024/05/13 23:28:23] - 50 		 161.3 	 	 38.3 	 	 0.1000  		 0.6900 	 0.7962 	 	 1.1489  	 0.5654  	 	 1.6287 	 0.3990  	 	 0.6402 	 0.7963  	 	 1.2206 	 0.5484  	 	 1.9283 	 0.3447
[2024/05/13 23:31:45] - 51 		 162.8 	 	 39.0 	 	 0.1000  		 0.6808 	 0.8005 	 	 1.1383  	 0.5663  	 	 1.6191 	 0.3998  	 	 0.6811 	 0.7771  	 	 1.2143 	 0.5551  	 	 1.8056 	 0.3624
[2024/05/13 23:35:07] - 52 		 163.2 	 	 38.9 	 	 0.1000  		 0.6832 	 0.7999 	 	 1.1428  	 0.5682  	 	 1.6247 	 0.3978  	 	 0.7413 	 0.7628  	 	 1.2422 	 0.5322  	 	 1.7723 	 0.3508
[2024/05/13 23:38:28] - 53 		 162.0 	 	 38.8 	 	 0.1000  		 0.6839 	 0.7983 	 	 1.1398  	 0.5680  	 	 1.6175 	 0.4021  	 	 0.6858 	 0.7825  	 	 1.1669 	 0.5638  	 	 1.6859 	 0.3845
[2024/05/13 23:41:52] - 54 		 165.4 	 	 38.7 	 	 0.1000  		 0.6824 	 0.8009 	 	 1.1406  	 0.5678  	 	 1.6228 	 0.3999  	 	 0.6966 	 0.7682  	 	 1.2283 	 0.5432  	 	 1.8038 	 0.3663
[2024/05/13 23:45:13] - 55 		 162.6 	 	 38.1 	 	 0.1000  		 0.6824 	 0.7983 	 	 1.1405  	 0.5682  	 	 1.6200 	 0.4012  	 	 0.6990 	 0.7825  	 	 1.1888 	 0.5568  	 	 1.7122 	 0.3728
[2024/05/13 23:48:33] - 56 		 161.1 	 	 38.6 	 	 0.1000  		 0.6831 	 0.7978 	 	 1.1417  	 0.5657  	 	 1.6263 	 0.3995  	 	 0.6714 	 0.7893  	 	 1.1825 	 0.5511  	 	 1.7451 	 0.3638
[2024/05/13 23:51:54] - 57 		 161.7 	 	 39.1 	 	 0.1000  		 0.6808 	 0.8001 	 	 1.1394  	 0.5679  	 	 1.6201 	 0.4000  	 	 0.7069 	 0.7804  	 	 1.2223 	 0.5488  	 	 1.7797 	 0.3566
[2024/05/13 23:55:15] - 58 		 162.8 	 	 38.7 	 	 0.1000  		 0.6776 	 0.8020 	 	 1.1364  	 0.5677  	 	 1.6221 	 0.3993  	 	 0.6664 	 0.7819  	 	 1.1980 	 0.5517  	 	 1.7930 	 0.3684
[2024/05/13 23:58:36] - 59 		 162.0 	 	 38.6 	 	 0.1000  		 0.6767 	 0.8022 	 	 1.1357  	 0.5692  	 	 1.6205 	 0.4012  	 	 0.6560 	 0.7858  	 	 1.2185 	 0.5447  	 	 1.8481 	 0.3578
[2024/05/14 00:01:57] - 60 		 162.5 	 	 38.7 	 	 0.1000  		 0.6740 	 0.8042 	 	 1.1329  	 0.5698  	 	 1.6201 	 0.4002  	 	 0.6876 	 0.7838  	 	 1.2332 	 0.5385  	 	 1.8335 	 0.3509
[2024/05/14 00:05:18] - 61 		 162.2 	 	 38.7 	 	 0.1000  		 0.6707 	 0.8041 	 	 1.1300  	 0.5704  	 	 1.6163 	 0.4037  	 	 0.6711 	 0.7818  	 	 1.2354 	 0.5423  	 	 1.8857 	 0.3538
[2024/05/14 00:08:39] - 62 		 162.4 	 	 38.8 	 	 0.1000  		 0.6669 	 0.8058 	 	 1.1272  	 0.5726  	 	 1.6184 	 0.4013  	 	 0.6585 	 0.7840  	 	 1.2172 	 0.5536  	 	 1.8379 	 0.3560
[2024/05/14 00:12:00] - 63 		 162.2 	 	 38.6 	 	 0.1000  		 0.6694 	 0.8040 	 	 1.1291  	 0.5721  	 	 1.6167 	 0.4025  	 	 0.7020 	 0.7754  	 	 1.2236 	 0.5429  	 	 1.7877 	 0.3586
[2024/05/14 00:15:21] - 64 		 162.1 	 	 39.3 	 	 0.1000  		 0.6721 	 0.8040 	 	 1.1333  	 0.5678  	 	 1.6223 	 0.4010  	 	 0.6768 	 0.7894  	 	 1.2023 	 0.5542  	 	 1.8030 	 0.3524
[2024/05/14 00:18:41] - 65 		 161.5 	 	 38.6 	 	 0.1000  		 0.6714 	 0.8017 	 	 1.1303  	 0.5712  	 	 1.6173 	 0.4009  	 	 0.7331 	 0.7788  	 	 1.2264 	 0.5462  	 	 1.7323 	 0.3624
[2024/05/14 00:22:02] - 66 		 162.1 	 	 39.0 	 	 0.1000  		 0.6712 	 0.8034 	 	 1.1332  	 0.5717  	 	 1.6244 	 0.4004  	 	 0.6915 	 0.7835  	 	 1.2037 	 0.5478  	 	 1.7514 	 0.3633
[2024/05/14 00:25:25] - 67 		 162.6 	 	 40.4 	 	 0.1000  		 0.6678 	 0.8058 	 	 1.1271  	 0.5701  	 	 1.6160 	 0.4030  	 	 0.6620 	 0.7902  	 	 1.1850 	 0.5590  	 	 1.7554 	 0.3653
[2024/05/14 00:28:52] - 68 		 166.8 	 	 39.7 	 	 0.1000  		 0.6670 	 0.8043 	 	 1.1263  	 0.5733  	 	 1.6153 	 0.4038  	 	 0.6764 	 0.7848  	 	 1.2061 	 0.5424  	 	 1.7721 	 0.3551
[2024/05/14 00:32:19] - 69 		 167.9 	 	 39.6 	 	 0.1000  		 0.6687 	 0.8039 	 	 1.1283  	 0.5722  	 	 1.6166 	 0.4016  	 	 0.7048 	 0.7793  	 	 1.2031 	 0.5479  	 	 1.7346 	 0.3671
[2024/05/14 00:35:49] - 70 		 169.6 	 	 40.6 	 	 0.1000  		 0.6650 	 0.8069 	 	 1.1245  	 0.5736  	 	 1.6142 	 0.4051  	 	 0.6721 	 0.7879  	 	 1.1984 	 0.5564  	 	 1.7726 	 0.3625
[2024/05/14 00:39:15] - 71 		 165.7 	 	 39.8 	 	 0.1000  		 0.6672 	 0.8042 	 	 1.1267  	 0.5728  	 	 1.6161 	 0.4009  	 	 0.7124 	 0.7718  	 	 1.2348 	 0.5467  	 	 1.7908 	 0.3616
[2024/05/14 00:42:45] - 72 		 169.8 	 	 40.1 	 	 0.1000  		 0.6679 	 0.8046 	 	 1.1285  	 0.5709  	 	 1.6194 	 0.4011  	 	 0.7028 	 0.7660  	 	 1.2353 	 0.5444  	 	 1.8035 	 0.3682
[2024/05/14 00:46:04] - 73 		 161.7 	 	 38.0 	 	 0.1000  		 0.6643 	 0.8064 	 	 1.1262  	 0.5736  	 	 1.6183 	 0.4041  	 	 0.6274 	 0.8000  	 	 1.1634 	 0.5643  	 	 1.7933 	 0.3633
[2024/05/14 00:49:20] - 74 		 158.2 	 	 37.8 	 	 0.1000  		 0.6621 	 0.8055 	 	 1.1232  	 0.5716  	 	 1.6170 	 0.4011  	 	 0.7184 	 0.7702  	 	 1.1982 	 0.5517  	 	 1.6932 	 0.3779
[2024/05/14 00:52:38] - 75 		 160.7 	 	 37.0 	 	 0.1000  		 0.6607 	 0.8073 	 	 1.1199  	 0.5748  	 	 1.6138 	 0.4032  	 	 0.6316 	 0.7996  	 	 1.2392 	 0.5401  	 	 1.9677 	 0.3265
[2024/05/14 00:55:52] - 76 		 156.7 	 	 36.8 	 	 0.1000  		 0.6612 	 0.8072 	 	 1.1205  	 0.5742  	 	 1.6117 	 0.4003  	 	 0.6762 	 0.7827  	 	 1.1728 	 0.5615  	 	 1.7051 	 0.3839
[2024/05/14 00:59:05] - 77 		 156.8 	 	 36.5 	 	 0.1000  		 0.6609 	 0.8082 	 	 1.1215  	 0.5721  	 	 1.6149 	 0.4018  	 	 0.6443 	 0.7913  	 	 1.1961 	 0.5543  	 	 1.8323 	 0.3614
[2024/05/14 01:02:20] - 78 		 157.5 	 	 37.4 	 	 0.1000  		 0.6683 	 0.8052 	 	 1.1289  	 0.5707  	 	 1.6201 	 0.4014  	 	 0.6587 	 0.7870  	 	 1.1561 	 0.5639  	 	 1.7095 	 0.3753
[2024/05/14 01:05:35] - 79 		 157.5 	 	 37.1 	 	 0.1000  		 0.6620 	 0.8054 	 	 1.1211  	 0.5731  	 	 1.6140 	 0.4040  	 	 0.6696 	 0.8024  	 	 1.1551 	 0.5661  	 	 1.6829 	 0.3726
[2024/05/14 01:08:49] - 80 		 157.7 	 	 36.7 	 	 0.1000  		 0.6587 	 0.8092 	 	 1.1188  	 0.5734  	 	 1.6124 	 0.4022  	 	 0.7371 	 0.7658  	 	 1.2689 	 0.5383  	 	 1.8372 	 0.3606
[2024/05/14 01:12:03] - 81 		 157.5 	 	 36.5 	 	 0.1000  		 0.6602 	 0.8081 	 	 1.1210  	 0.5740  	 	 1.6153 	 0.4031  	 	 0.6474 	 0.7994  	 	 1.1818 	 0.5585  	 	 1.7965 	 0.3604
[2024/05/14 01:15:16] - 82 		 156.8 	 	 36.2 	 	 0.1000  		 0.6580 	 0.8091 	 	 1.1192  	 0.5731  	 	 1.6133 	 0.4020  	 	 0.7096 	 0.7709  	 	 1.2210 	 0.5447  	 	 1.7626 	 0.3611
[2024/05/14 01:18:31] - 83 		 157.8 	 	 37.2 	 	 0.1000  		 0.6543 	 0.8080 	 	 1.1147  	 0.5781  	 	 1.6099 	 0.4046  	 	 0.6748 	 0.7848  	 	 1.2149 	 0.5512  	 	 1.8198 	 0.3552
[2024/05/14 01:21:45] - 84 		 157.7 	 	 36.8 	 	 0.1000  		 0.6542 	 0.8082 	 	 1.1146  	 0.5771  	 	 1.6128 	 0.4029  	 	 0.6684 	 0.7777  	 	 1.2274 	 0.5506  	 	 1.8893 	 0.3621
[2024/05/14 01:24:59] - 85 		 156.9 	 	 36.5 	 	 0.1000  		 0.6622 	 0.8074 	 	 1.1240  	 0.5731  	 	 1.6168 	 0.4026  	 	 0.6209 	 0.7987  	 	 1.2068 	 0.5432  	 	 1.8823 	 0.3408
[2024/05/14 01:28:13] - 86 		 157.5 	 	 36.3 	 	 0.1000  		 0.6555 	 0.8099 	 	 1.1166  	 0.5749  	 	 1.6117 	 0.4060  	 	 0.6683 	 0.7910  	 	 1.1964 	 0.5464  	 	 1.7937 	 0.3518
[2024/05/14 01:31:26] - 87 		 157.0 	 	 36.9 	 	 0.1000  		 0.6537 	 0.8104 	 	 1.1155  	 0.5756  	 	 1.6125 	 0.4049  	 	 0.6707 	 0.7831  	 	 1.1738 	 0.5716  	 	 1.7263 	 0.3830
[2024/05/14 01:34:40] - 88 		 157.3 	 	 36.2 	 	 0.1000  		 0.6554 	 0.8086 	 	 1.1159  	 0.5742  	 	 1.6100 	 0.4057  	 	 0.6968 	 0.7576  	 	 1.2433 	 0.5379  	 	 1.8397 	 0.3592
[2024/05/14 01:37:53] - 89 		 157.2 	 	 36.1 	 	 0.1000  		 0.6564 	 0.8094 	 	 1.1185  	 0.5740  	 	 1.6152 	 0.4043  	 	 0.6811 	 0.7809  	 	 1.1696 	 0.5580  	 	 1.6920 	 0.3832
[2024/05/14 01:41:06] - 90 		 156.8 	 	 36.3 	 	 0.1000  		 0.6528 	 0.8110 	 	 1.1155  	 0.5743  	 	 1.6128 	 0.4031  	 	 0.6617 	 0.7784  	 	 1.2387 	 0.5496  	 	 1.8902 	 0.3526
[2024/05/14 01:44:20] - 91 		 157.2 	 	 36.2 	 	 0.1000  		 0.6493 	 0.8121 	 	 1.1113  	 0.5776  	 	 1.6085 	 0.4055  	 	 0.6808 	 0.7753  	 	 1.1756 	 0.5606  	 	 1.7162 	 0.3877
[2024/05/14 01:47:33] - 92 		 157.6 	 	 36.1 	 	 0.1000  		 0.6545 	 0.8106 	 	 1.1155  	 0.5763  	 	 1.6108 	 0.4021  	 	 0.6568 	 0.7888  	 	 1.2208 	 0.5435  	 	 1.8787 	 0.3495
[2024/05/14 01:50:46] - 93 		 156.7 	 	 36.0 	 	 0.1000  		 0.6512 	 0.8114 	 	 1.1138  	 0.5768  	 	 1.6102 	 0.4053  	 	 0.6256 	 0.7994  	 	 1.1998 	 0.5482  	 	 1.8615 	 0.3532
[2024/05/14 01:53:59] - 94 		 157.4 	 	 35.8 	 	 0.1000  		 0.6513 	 0.8095 	 	 1.1116  	 0.5757  	 	 1.6070 	 0.4060  	 	 0.6565 	 0.7939  	 	 1.1780 	 0.5593  	 	 1.7549 	 0.3615
[2024/05/14 01:57:13] - 95 		 156.9 	 	 36.7 	 	 0.1000  		 0.6530 	 0.8110 	 	 1.1151  	 0.5742  	 	 1.6124 	 0.4031  	 	 0.6369 	 0.7905  	 	 1.2007 	 0.5541  	 	 1.8672 	 0.3496
[2024/05/14 02:00:25] - 96 		 156.7 	 	 35.6 	 	 0.1000  		 0.6522 	 0.8101 	 	 1.1139  	 0.5765  	 	 1.6102 	 0.4050  	 	 0.6690 	 0.7974  	 	 1.1463 	 0.5705  	 	 1.6666 	 0.3884
[2024/05/14 02:03:40] - 97 		 157.4 	 	 37.2 	 	 0.1000  		 0.6520 	 0.8106 	 	 1.1149  	 0.5761  	 	 1.6116 	 0.4058  	 	 0.6318 	 0.8018  	 	 1.1754 	 0.5575  	 	 1.7892 	 0.3624
[2024/05/14 02:06:54] - 98 		 157.2 	 	 37.1 	 	 0.1000  		 0.6494 	 0.8127 	 	 1.1098  	 0.5795  	 	 1.6047 	 0.4064  	 	 0.6834 	 0.7795  	 	 1.2133 	 0.5469  	 	 1.7945 	 0.3618
[2024/05/14 02:10:09] - 99 		 157.9 	 	 37.1 	 	 0.0100  		 0.6473 	 0.8136 	 	 1.1111  	 0.5773  	 	 1.6102 	 0.4045  	 	 0.6518 	 0.7875  	 	 1.1745 	 0.5626  	 	 1.7489 	 0.3738
[2024/05/14 02:13:25] - 100 		 157.9 	 	 37.5 	 	 0.0100  		 0.4867 	 0.8708 	 	 0.8965  	 0.6559  	 	 1.3763 	 0.4742  	 	 0.5145 	 0.8399  	 	 1.0277 	 0.6199  	 	 1.6439 	 0.4100
[2024/05/14 02:16:40] - 101 		 157.7 	 	 37.2 	 	 0.0100  		 0.4165 	 0.8893 	 	 0.8253  	 0.6800  	 	 1.3342 	 0.4933  	 	 0.4671 	 0.8521  	 	 1.0026 	 0.6280  	 	 1.6875 	 0.4171
[2024/05/14 02:19:55] - 102 		 158.0 	 	 37.3 	 	 0.0100  		 0.3863 	 0.8989 	 	 0.7917  	 0.6898  	 	 1.3139 	 0.5031  	 	 0.4655 	 0.8532  	 	 1.0058 	 0.6295  	 	 1.6981 	 0.4156
[2024/05/14 02:23:10] - 103 		 158.0 	 	 37.4 	 	 0.0100  		 0.3660 	 0.9051 	 	 0.7681  	 0.6991  	 	 1.3020 	 0.5064  	 	 0.4268 	 0.8633  	 	 0.9970 	 0.6335  	 	 1.7705 	 0.4181
[2024/05/14 02:26:25] - 104 		 157.7 	 	 37.4 	 	 0.0100  		 0.3495 	 0.9104 	 	 0.7483  	 0.7057  	 	 1.2873 	 0.5131  	 	 0.4385 	 0.8610  	 	 0.9956 	 0.6325  	 	 1.7415 	 0.4152
[2024/05/14 02:29:41] - 105 		 158.3 	 	 37.4 	 	 0.0100  		 0.3325 	 0.9145 	 	 0.7281  	 0.7134  	 	 1.2771 	 0.5175  	 	 0.4738 	 0.8449  	 	 1.0304 	 0.6231  	 	 1.7529 	 0.4212
[2024/05/14 02:32:56] - 106 		 157.7 	 	 37.5 	 	 0.0100  		 0.3211 	 0.9189 	 	 0.7147  	 0.7178  	 	 1.2712 	 0.5180  	 	 0.4480 	 0.8536  	 	 1.0362 	 0.6280  	 	 1.8173 	 0.4113
[2024/05/14 02:36:09] - 107 		 156.7 	 	 35.7 	 	 0.0100  		 0.3126 	 0.9218 	 	 0.7049  	 0.7198  	 	 1.2684 	 0.5227  	 	 0.4641 	 0.8500  	 	 1.1278 	 0.6056  	 	 2.0254 	 0.3936
[2024/05/14 02:39:21] - 108 		 157.0 	 	 35.7 	 	 0.0100  		 0.2992 	 0.9264 	 	 0.6890  	 0.7258  	 	 1.2609 	 0.5265  	 	 0.4196 	 0.8647  	 	 1.0562 	 0.6210  	 	 1.9358 	 0.3998
[2024/05/14 02:42:34] - 109 		 156.6 	 	 35.8 	 	 0.0100  		 0.2908 	 0.9289 	 	 0.6807  	 0.7291  	 	 1.2590 	 0.5262  	 	 0.4718 	 0.8531  	 	 1.0993 	 0.6134  	 	 1.9160 	 0.3933
[2024/05/14 02:45:47] - 110 		 157.7 	 	 35.8 	 	 0.0100  		 0.2806 	 0.9332 	 	 0.6663  	 0.7335  	 	 1.2487 	 0.5299  	 	 0.4334 	 0.8584  	 	 1.0525 	 0.6259  	 	 1.9006 	 0.4031
[2024/05/14 02:49:00] - 111 		 157.2 	 	 35.9 	 	 0.0100  		 0.2738 	 0.9340 	 	 0.6602  	 0.7374  	 	 1.2520 	 0.5301  	 	 0.4336 	 0.8646  	 	 1.0850 	 0.6203  	 	 1.9821 	 0.3981
[2024/05/14 02:52:12] - 112 		 156.5 	 	 35.6 	 	 0.0100  		 0.2664 	 0.9358 	 	 0.6506  	 0.7395  	 	 1.2453 	 0.5356  	 	 0.4265 	 0.8588  	 	 1.0911 	 0.6203  	 	 2.0001 	 0.3949
[2024/05/14 02:55:25] - 113 		 157.2 	 	 35.7 	 	 0.0100  		 0.2586 	 0.9385 	 	 0.6399  	 0.7399  	 	 1.2383 	 0.5363  	 	 0.4527 	 0.8508  	 	 1.1061 	 0.6177  	 	 1.9846 	 0.4002
[2024/05/14 02:58:39] - 114 		 156.8 	 	 36.6 	 	 0.0100  		 0.2544 	 0.9404 	 	 0.6358  	 0.7439  	 	 1.2371 	 0.5374  	 	 0.4523 	 0.8544  	 	 1.1141 	 0.6192  	 	 2.0080 	 0.3888
[2024/05/14 03:01:51] - 115 		 156.5 	 	 35.6 	 	 0.0100  		 0.2467 	 0.9422 	 	 0.6260  	 0.7484  	 	 1.2346 	 0.5374  	 	 0.4455 	 0.8590  	 	 1.0962 	 0.6081  	 	 1.9743 	 0.3817
[2024/05/14 03:05:04] - 116 		 156.8 	 	 36.0 	 	 0.0100  		 0.2429 	 0.9431 	 	 0.6233  	 0.7475  	 	 1.2370 	 0.5397  	 	 0.4408 	 0.8596  	 	 1.1335 	 0.5987  	 	 2.0768 	 0.3776
[2024/05/14 03:08:16] - 117 		 156.1 	 	 35.9 	 	 0.0100  		 0.2380 	 0.9452 	 	 0.6165  	 0.7497  	 	 1.2339 	 0.5413  	 	 0.4583 	 0.8483  	 	 1.1120 	 0.6078  	 	 1.9921 	 0.3903
[2024/05/14 03:11:28] - 118 		 156.6 	 	 35.8 	 	 0.0100  		 0.2339 	 0.9470 	 	 0.6133  	 0.7487  	 	 1.2321 	 0.5410  	 	 0.4517 	 0.8565  	 	 1.0899 	 0.6153  	 	 1.9297 	 0.3974
[2024/05/14 03:14:40] - 119 		 156.1 	 	 35.6 	 	 0.0100  		 0.2281 	 0.9506 	 	 0.6094  	 0.7526  	 	 1.2346 	 0.5411  	 	 0.4344 	 0.8568  	 	 1.2188 	 0.5999  	 	 2.3190 	 0.3648
[2024/05/14 03:17:52] - 120 		 156.5 	 	 35.7 	 	 0.0100  		 0.2238 	 0.9509 	 	 0.6016  	 0.7543  	 	 1.2289 	 0.5435  	 	 0.4269 	 0.8608  	 	 1.1260 	 0.6121  	 	 2.1269 	 0.3811
[2024/05/14 03:21:04] - 121 		 156.6 	 	 35.6 	 	 0.0100  		 0.2178 	 0.9534 	 	 0.5939  	 0.7566  	 	 1.2251 	 0.5448  	 	 0.4798 	 0.8397  	 	 1.1525 	 0.5981  	 	 2.0205 	 0.3869
[2024/05/14 03:24:16] - 122 		 156.2 	 	 35.7 	 	 0.0100  		 0.2158 	 0.9534 	 	 0.5923  	 0.7578  	 	 1.2197 	 0.5476  	 	 0.4911 	 0.8426  	 	 1.2254 	 0.5855  	 	 2.1675 	 0.3627
[2024/05/14 03:27:29] - 123 		 156.8 	 	 35.8 	 	 0.0100  		 0.2108 	 0.9552 	 	 0.5861  	 0.7600  	 	 1.2209 	 0.5467  	 	 0.4284 	 0.8617  	 	 1.1917 	 0.5961  	 	 2.2783 	 0.3660
[2024/05/14 03:30:41] - 124 		 156.6 	 	 35.7 	 	 0.0100  		 0.2100 	 0.9555 	 	 0.5866  	 0.7605  	 	 1.2240 	 0.5462  	 	 0.4368 	 0.8551  	 	 1.2425 	 0.5878  	 	 2.3675 	 0.3561
[2024/05/14 03:33:53] - 125 		 156.0 	 	 35.7 	 	 0.0100  		 0.2059 	 0.9564 	 	 0.5812  	 0.7616  	 	 1.2175 	 0.5491  	 	 0.4341 	 0.8549  	 	 1.2339 	 0.5932  	 	 2.3565 	 0.3659
[2024/05/14 03:37:05] - 126 		 156.6 	 	 35.8 	 	 0.0100  		 0.2038 	 0.9581 	 	 0.5799  	 0.7597  	 	 1.2237 	 0.5476  	 	 0.4633 	 0.8471  	 	 1.2226 	 0.5935  	 	 2.2448 	 0.3719
[2024/05/14 03:40:17] - 127 		 156.5 	 	 36.0 	 	 0.0100  		 0.1977 	 0.9586 	 	 0.5712  	 0.7660  	 	 1.2114 	 0.5500  	 	 0.4562 	 0.8507  	 	 1.2119 	 0.6062  	 	 2.2437 	 0.3778
[2024/05/14 03:43:30] - 128 		 156.5 	 	 36.0 	 	 0.0100  		 0.1947 	 0.9596 	 	 0.5682  	 0.7676  	 	 1.2144 	 0.5497  	 	 0.4516 	 0.8525  	 	 1.2251 	 0.5933  	 	 2.2835 	 0.3612
[2024/05/14 03:46:43] - 129 		 157.2 	 	 35.9 	 	 0.0100  		 0.1907 	 0.9621 	 	 0.5610  	 0.7692  	 	 1.2054 	 0.5533  	 	 0.4464 	 0.8554  	 	 1.2522 	 0.5937  	 	 2.3589 	 0.3662
[2024/05/14 03:49:56] - 130 		 156.6 	 	 35.9 	 	 0.0100  		 0.1931 	 0.9617 	 	 0.5671  	 0.7664  	 	 1.2147 	 0.5512  	 	 0.4459 	 0.8543  	 	 1.2245 	 0.5957  	 	 2.2793 	 0.3690
[2024/05/14 03:53:08] - 131 		 156.8 	 	 35.8 	 	 0.0100  		 0.1886 	 0.9620 	 	 0.5600  	 0.7692  	 	 1.2064 	 0.5535  	 	 0.4510 	 0.8507  	 	 1.2437 	 0.5854  	 	 2.3130 	 0.3612
[2024/05/14 03:56:21] - 132 		 157.0 	 	 35.8 	 	 0.0100  		 0.1861 	 0.9623 	 	 0.5600  	 0.7684  	 	 1.2143 	 0.5512  	 	 0.4668 	 0.8444  	 	 1.2593 	 0.5896  	 	 2.3187 	 0.3713
[2024/05/14 03:59:33] - 133 		 156.4 	 	 35.8 	 	 0.0100  		 0.1778 	 0.9646 	 	 0.5450  	 0.7764  	 	 1.1949 	 0.5574  	 	 0.4788 	 0.8436  	 	 1.2224 	 0.5961  	 	 2.2005 	 0.3775
[2024/05/14 04:02:46] - 134 		 156.9 	 	 35.9 	 	 0.0100  		 0.1762 	 0.9657 	 	 0.5445  	 0.7745  	 	 1.1968 	 0.5573  	 	 0.4820 	 0.8412  	 	 1.3270 	 0.5823  	 	 2.4798 	 0.3489
[2024/05/14 04:05:59] - 135 		 156.6 	 	 36.1 	 	 0.0100  		 0.1760 	 0.9662 	 	 0.5429  	 0.7752  	 	 1.1916 	 0.5574  	 	 0.4398 	 0.8548  	 	 1.2689 	 0.5854  	 	 2.4188 	 0.3444
[2024/05/14 04:09:11] - 136 		 156.7 	 	 35.9 	 	 0.0100  		 0.1751 	 0.9672 	 	 0.5456  	 0.7728  	 	 1.2017 	 0.5546  	 	 0.4384 	 0.8557  	 	 1.2690 	 0.5901  	 	 2.4177 	 0.3577
[2024/05/14 04:12:24] - 137 		 156.9 	 	 35.9 	 	 0.0100  		 0.1690 	 0.9684 	 	 0.5357  	 0.7774  	 	 1.1921 	 0.5610  	 	 0.4671 	 0.8436  	 	 1.2210 	 0.5968  	 	 2.2313 	 0.3742
[2024/05/14 04:15:36] - 138 		 156.5 	 	 35.8 	 	 0.0100  		 0.1680 	 0.9687 	 	 0.5341  	 0.7770  	 	 1.1893 	 0.5606  	 	 0.4451 	 0.8519  	 	 1.3500 	 0.5945  	 	 2.6205 	 0.3589
[2024/05/14 04:18:49] - 139 		 156.9 	 	 35.8 	 	 0.0100  		 0.1673 	 0.9681 	 	 0.5336  	 0.7783  	 	 1.1914 	 0.5606  	 	 0.4510 	 0.8499  	 	 1.3396 	 0.5920  	 	 2.5593 	 0.3623
[2024/05/14 04:22:02] - 140 		 156.9 	 	 35.7 	 	 0.0100  		 0.1629 	 0.9699 	 	 0.5249  	 0.7825  	 	 1.1805 	 0.5634  	 	 0.4424 	 0.8521  	 	 1.2788 	 0.5891  	 	 2.4046 	 0.3601
[2024/05/14 04:25:14] - 141 		 156.6 	 	 35.7 	 	 0.0100  		 0.1597 	 0.9713 	 	 0.5234  	 0.7804  	 	 1.1826 	 0.5628  	 	 0.4266 	 0.8604  	 	 1.2185 	 0.6010  	 	 2.3151 	 0.3678
[2024/05/14 04:28:26] - 142 		 156.8 	 	 35.7 	 	 0.0100  		 0.1585 	 0.9719 	 	 0.5218  	 0.7815  	 	 1.1805 	 0.5642  	 	 0.4405 	 0.8568  	 	 1.2530 	 0.5919  	 	 2.3553 	 0.3638
[2024/05/14 04:31:39] - 143 		 156.5 	 	 36.4 	 	 0.0100  		 0.1565 	 0.9724 	 	 0.5189  	 0.7857  	 	 1.1772 	 0.5655  	 	 0.4476 	 0.8541  	 	 1.3903 	 0.5781  	 	 2.7062 	 0.3553
[2024/05/14 04:34:51] - 144 		 156.5 	 	 35.7 	 	 0.0100  		 0.1509 	 0.9737 	 	 0.5118  	 0.7876  	 	 1.1754 	 0.5664  	 	 0.4356 	 0.8557  	 	 1.2965 	 0.5922  	 	 2.5059 	 0.3641
[2024/05/14 04:38:04] - 145 		 156.8 	 	 35.9 	 	 0.0100  		 0.1512 	 0.9732 	 	 0.5101  	 0.7873  	 	 1.1694 	 0.5685  	 	 0.4549 	 0.8480  	 	 1.3829 	 0.5747  	 	 2.6282 	 0.3481
[2024/05/14 04:41:17] - 146 		 156.6 	 	 36.2 	 	 0.0100  		 0.1479 	 0.9747 	 	 0.5062  	 0.7891  	 	 1.1695 	 0.5682  	 	 0.4592 	 0.8543  	 	 1.3685 	 0.5850  	 	 2.5980 	 0.3499
[2024/05/14 04:44:29] - 147 		 156.7 	 	 35.6 	 	 0.0100  		 0.1461 	 0.9755 	 	 0.5039  	 0.7888  	 	 1.1710 	 0.5697  	 	 0.4544 	 0.8541  	 	 1.3780 	 0.5803  	 	 2.6529 	 0.3528
[2024/05/14 04:47:42] - 148 		 157.0 	 	 35.7 	 	 0.0100  		 0.1436 	 0.9760 	 	 0.5002  	 0.7909  	 	 1.1649 	 0.5700  	 	 0.4597 	 0.8530  	 	 1.3816 	 0.5781  	 	 2.6205 	 0.3565
[2024/05/14 04:50:54] - 149 		 156.6 	 	 35.7 	 	 0.0010  		 0.1433 	 0.9761 	 	 0.5023  	 0.7885  	 	 1.1717 	 0.5669  	 	 0.4416 	 0.8584  	 	 1.3403 	 0.5871  	 	 2.5796 	 0.3468
[2024/05/14 04:54:07] - 150 		 157.0 	 	 35.8 	 	 0.0010  		 0.1067 	 0.9857 	 	 0.3773  	 0.8476  	 	 0.9316 	 0.6270  	 	 0.4025 	 0.8695  	 	 1.3430 	 0.6018  	 	 2.6529 	 0.3719
[2024/05/14 04:57:19] - 151 		 156.6 	 	 35.9 	 	 0.0010  		 0.0842 	 0.9892 	 	 0.3272  	 0.8673  	 	 0.8625 	 0.6564  	 	 0.4157 	 0.8658  	 	 1.3385 	 0.6000  	 	 2.5965 	 0.3757
[2024/05/14 05:00:32] - 152 		 156.5 	 	 35.6 	 	 0.0010  		 0.0750 	 0.9908 	 	 0.3074  	 0.8753  	 	 0.8354 	 0.6696  	 	 0.4145 	 0.8674  	 	 1.4678 	 0.5939  	 	 2.9368 	 0.3697
[2024/05/14 05:03:45] - 153 		 157.9 	 	 35.6 	 	 0.0010  		 0.0706 	 0.9913 	 	 0.2954  	 0.8799  	 	 0.8174 	 0.6818  	 	 0.4244 	 0.8598  	 	 1.3666 	 0.6000  	 	 2.6299 	 0.3815
[2024/05/14 05:06:58] - 154 		 156.6 	 	 36.0 	 	 0.0010  		 0.0662 	 0.9923 	 	 0.2830  	 0.8847  	 	 0.7949 	 0.6894  	 	 0.4175 	 0.8623  	 	 1.4295 	 0.5977  	 	 2.8068 	 0.3801
[2024/05/14 05:10:10] - 155 		 156.8 	 	 35.8 	 	 0.0010  		 0.0624 	 0.9923 	 	 0.2769  	 0.8867  	 	 0.7946 	 0.6934  	 	 0.4270 	 0.8616  	 	 1.4700 	 0.5921  	 	 2.9005 	 0.3664
[2024/05/14 05:13:23] - 156 		 157.0 	 	 35.9 	 	 0.0010  		 0.0595 	 0.9930 	 	 0.2687  	 0.8889  	 	 0.7776 	 0.6989  	 	 0.4294 	 0.8653  	 	 1.4360 	 0.5947  	 	 2.8140 	 0.3723
[2024/05/14 05:16:36] - 157 		 156.6 	 	 35.9 	 	 0.0010  		 0.0569 	 0.9930 	 	 0.2610  	 0.8922  	 	 0.7669 	 0.7049  	 	 0.4413 	 0.8625  	 	 1.4989 	 0.5934  	 	 2.9430 	 0.3753
[2024/05/14 05:19:49] - 158 		 157.1 	 	 35.8 	 	 0.0010  		 0.0549 	 0.9935 	 	 0.2572  	 0.8954  	 	 0.7616 	 0.7090  	 	 0.4473 	 0.8565  	 	 1.5216 	 0.6029  	 	 2.9694 	 0.3791
[2024/05/14 05:23:02] - 159 		 157.2 	 	 35.9 	 	 0.0010  		 0.0528 	 0.9941 	 	 0.2519  	 0.8953  	 	 0.7591 	 0.7115  	 	 0.4276 	 0.8631  	 	 1.5860 	 0.5867  	 	 3.1892 	 0.3559
[2024/05/14 05:26:14] - 160 		 156.6 	 	 35.8 	 	 0.0010  		 0.0509 	 0.9946 	 	 0.2487  	 0.8977  	 	 0.7532 	 0.7151  	 	 0.4702 	 0.8582  	 	 1.7859 	 0.5789  	 	 3.5722 	 0.3616
[2024/05/14 05:29:27] - 161 		 157.1 	 	 35.7 	 	 0.0010  		 0.0492 	 0.9948 	 	 0.2425  	 0.8975  	 	 0.7441 	 0.7164  	 	 0.4207 	 0.8698  	 	 1.5445 	 0.5881  	 	 3.1042 	 0.3673
[2024/05/14 05:32:40] - 162 		 156.7 	 	 36.5 	 	 0.0010  		 0.0469 	 0.9951 	 	 0.2367  	 0.9027  	 	 0.7356 	 0.7220  	 	 0.4266 	 0.8655  	 	 1.5659 	 0.5955  	 	 3.1555 	 0.3692
[2024/05/14 05:35:52] - 163 		 156.7 	 	 35.7 	 	 0.0010  		 0.0460 	 0.9952 	 	 0.2339  	 0.9022  	 	 0.7299 	 0.7253  	 	 0.4307 	 0.8602  	 	 1.5002 	 0.5970  	 	 2.9555 	 0.3739
[2024/05/14 05:39:05] - 164 		 157.1 	 	 35.9 	 	 0.0010  		 0.0441 	 0.9954 	 	 0.2279  	 0.9046  	 	 0.7228 	 0.7280  	 	 0.4629 	 0.8558  	 	 1.6038 	 0.5854  	 	 3.1288 	 0.3600
[2024/05/14 05:42:18] - 165 		 156.6 	 	 35.8 	 	 0.0010  		 0.0426 	 0.9960 	 	 0.2260  	 0.9073  	 	 0.7212 	 0.7296  	 	 0.4446 	 0.8611  	 	 1.5638 	 0.5928  	 	 3.0912 	 0.3701
[2024/05/14 05:45:31] - 166 		 157.3 	 	 35.7 	 	 0.0010  		 0.0415 	 0.9961 	 	 0.2237  	 0.9069  	 	 0.7200 	 0.7325  	 	 0.4295 	 0.8640  	 	 1.5011 	 0.5936  	 	 2.9627 	 0.3722
[2024/05/14 05:48:43] - 167 		 156.8 	 	 35.7 	 	 0.0010  		 0.0397 	 0.9962 	 	 0.2192  	 0.9097  	 	 0.7155 	 0.7306  	 	 0.4586 	 0.8594  	 	 1.6179 	 0.5886  	 	 3.1946 	 0.3697
[2024/05/14 05:51:56] - 168 		 156.9 	 	 35.8 	 	 0.0010  		 0.0388 	 0.9964 	 	 0.2157  	 0.9105  	 	 0.7129 	 0.7348  	 	 0.4410 	 0.8660  	 	 1.6252 	 0.5915  	 	 3.2502 	 0.3661
[2024/05/14 05:55:09] - 169 		 156.7 	 	 36.0 	 	 0.0010  		 0.0379 	 0.9965 	 	 0.2137  	 0.9118  	 	 0.7072 	 0.7364  	 	 0.4510 	 0.8582  	 	 1.6025 	 0.5889  	 	 3.1745 	 0.3608
[2024/05/14 05:58:22] - 170 		 156.9 	 	 35.8 	 	 0.0010  		 0.0361 	 0.9969 	 	 0.2069  	 0.9141  	 	 0.6966 	 0.7399  	 	 0.4445 	 0.8602  	 	 1.6897 	 0.5811  	 	 3.3511 	 0.3643
[2024/05/14 06:01:35] - 171 		 157.0 	 	 35.9 	 	 0.0010  		 0.0354 	 0.9965 	 	 0.2084  	 0.9147  	 	 0.6991 	 0.7413  	 	 0.4419 	 0.8637  	 	 1.6618 	 0.5924  	 	 3.3519 	 0.3657
[2024/05/14 06:04:47] - 172 		 156.7 	 	 35.7 	 	 0.0010  		 0.0340 	 0.9972 	 	 0.2050  	 0.9155  	 	 0.6998 	 0.7425  	 	 0.4487 	 0.8635  	 	 1.7233 	 0.5805  	 	 3.4765 	 0.3613
[2024/05/14 06:08:00] - 173 		 156.9 	 	 35.8 	 	 0.0010  		 0.0338 	 0.9967 	 	 0.2025  	 0.9170  	 	 0.6941 	 0.7452  	 	 0.4604 	 0.8529  	 	 1.6409 	 0.5849  	 	 3.2233 	 0.3613
[2024/05/14 06:11:13] - 174 		 157.0 	 	 35.8 	 	 0.0010  		 0.0326 	 0.9971 	 	 0.2006  	 0.9184  	 	 0.6952 	 0.7458  	 	 0.4552 	 0.8583  	 	 1.6380 	 0.5891  	 	 3.2297 	 0.3682
[2024/05/14 06:14:26] - 175 		 157.4 	 	 35.7 	 	 0.0010  		 0.0318 	 0.9971 	 	 0.1969  	 0.9189  	 	 0.6897 	 0.7478  	 	 0.4361 	 0.8598  	 	 1.6082 	 0.5936  	 	 3.2123 	 0.3664
[2024/05/14 06:17:38] - 176 		 157.0 	 	 35.8 	 	 0.0010  		 0.0304 	 0.9975 	 	 0.1938  	 0.9206  	 	 0.6852 	 0.7488  	 	 0.4339 	 0.8651  	 	 1.6821 	 0.5893  	 	 3.4052 	 0.3610
[2024/05/14 06:20:51] - 177 		 156.5 	 	 36.1 	 	 0.0010  		 0.0299 	 0.9976 	 	 0.1906  	 0.9216  	 	 0.6755 	 0.7524  	 	 0.4428 	 0.8611  	 	 1.6025 	 0.5944  	 	 3.1778 	 0.3718
[2024/05/14 06:24:03] - 178 		 156.8 	 	 35.6 	 	 0.0010  		 0.0291 	 0.9975 	 	 0.1900  	 0.9222  	 	 0.6758 	 0.7531  	 	 0.4488 	 0.8593  	 	 1.6321 	 0.5894  	 	 3.2321 	 0.3715
[2024/05/14 06:27:18] - 179 		 157.6 	 	 36.6 	 	 0.0010  		 0.0283 	 0.9976 	 	 0.1876  	 0.9225  	 	 0.6733 	 0.7543  	 	 0.4530 	 0.8604  	 	 1.6864 	 0.5834  	 	 3.3649 	 0.3603
[2024/05/14 06:30:33] - 180 		 158.1 	 	 37.6 	 	 0.0010  		 0.0269 	 0.9976 	 	 0.1822  	 0.9243  	 	 0.6689 	 0.7563  	 	 0.5235 	 0.8448  	 	 1.7957 	 0.5747  	 	 3.4767 	 0.3564
[2024/05/14 06:33:47] - 181 		 157.1 	 	 36.4 	 	 0.0010  		 0.0267 	 0.9979 	 	 0.1831  	 0.9249  	 	 0.6703 	 0.7580  	 	 0.4702 	 0.8597  	 	 1.8344 	 0.5722  	 	 3.6650 	 0.3578
[2024/05/14 06:37:00] - 182 		 156.5 	 	 36.5 	 	 0.0010  		 0.0256 	 0.9981 	 	 0.1805  	 0.9269  	 	 0.6685 	 0.7608  	 	 0.4500 	 0.8588  	 	 1.7264 	 0.5890  	 	 3.4676 	 0.3678
[2024/05/14 06:40:12] - 183 		 156.6 	 	 35.8 	 	 0.0010  		 0.0258 	 0.9981 	 	 0.1800  	 0.9258  	 	 0.6631 	 0.7608  	 	 0.4611 	 0.8582  	 	 1.8010 	 0.5834  	 	 3.6252 	 0.3646
[2024/05/14 06:43:26] - 184 		 157.2 	 	 37.0 	 	 0.0010  		 0.0245 	 0.9980 	 	 0.1759  	 0.9269  	 	 0.6623 	 0.7606  	 	 0.4721 	 0.8587  	 	 1.8284 	 0.5735  	 	 3.6371 	 0.3612
[2024/05/14 06:46:39] - 185 		 156.5 	 	 36.1 	 	 0.0010  		 0.0243 	 0.9980 	 	 0.1738  	 0.9290  	 	 0.6556 	 0.7652  	 	 0.4962 	 0.8529  	 	 1.8310 	 0.5760  	 	 3.6260 	 0.3531
[2024/05/14 06:49:52] - 186 		 156.9 	 	 36.4 	 	 0.0010  		 0.0242 	 0.9981 	 	 0.1749  	 0.9277  	 	 0.6585 	 0.7637  	 	 0.4551 	 0.8617  	 	 1.7532 	 0.5772  	 	 3.5098 	 0.3562
[2024/05/14 06:53:05] - 187 		 156.9 	 	 35.9 	 	 0.0010  		 0.0231 	 0.9983 	 	 0.1726  	 0.9294  	 	 0.6562 	 0.7663  	 	 0.5039 	 0.8475  	 	 1.8505 	 0.5733  	 	 3.6429 	 0.3595
[2024/05/14 06:56:18] - 188 		 156.6 	 	 36.0 	 	 0.0010  		 0.0223 	 0.9983 	 	 0.1683  	 0.9311  	 	 0.6516 	 0.7673  	 	 0.4655 	 0.8559  	 	 1.7592 	 0.5796  	 	 3.4944 	 0.3661
[2024/05/14 06:59:30] - 189 		 156.7 	 	 36.0 	 	 0.0010  		 0.0216 	 0.9984 	 	 0.1683  	 0.9324  	 	 0.6544 	 0.7680  	 	 0.4591 	 0.8602  	 	 1.7826 	 0.5843  	 	 3.5434 	 0.3653
[2024/05/14 07:02:43] - 190 		 156.1 	 	 36.2 	 	 0.0010  		 0.0211 	 0.9985 	 	 0.1658  	 0.9309  	 	 0.6511 	 0.7700  	 	 0.5075 	 0.8501  	 	 1.8819 	 0.5681  	 	 3.6905 	 0.3513
[2024/05/14 07:05:55] - 191 		 156.5 	 	 36.0 	 	 0.0010  		 0.0204 	 0.9986 	 	 0.1642  	 0.9327  	 	 0.6543 	 0.7674  	 	 0.4617 	 0.8619  	 	 1.7750 	 0.5924  	 	 3.5723 	 0.3712
[2024/05/14 07:09:10] - 192 		 158.0 	 	 37.1 	 	 0.0010  		 0.0206 	 0.9983 	 	 0.1627  	 0.9343  	 	 0.6479 	 0.7717  	 	 0.4825 	 0.8573  	 	 1.8360 	 0.5798  	 	 3.6521 	 0.3677
[2024/05/14 07:12:23] - 193 		 156.6 	 	 36.6 	 	 0.0010  		 0.0196 	 0.9987 	 	 0.1612  	 0.9339  	 	 0.6447 	 0.7721  	 	 0.4678 	 0.8576  	 	 1.7831 	 0.5776  	 	 3.5274 	 0.3571
[2024/05/14 07:15:36] - 194 		 156.6 	 	 36.2 	 	 0.0010  		 0.0192 	 0.9989 	 	 0.1595  	 0.9344  	 	 0.6403 	 0.7727  	 	 0.5072 	 0.8495  	 	 1.8398 	 0.5773  	 	 3.5823 	 0.3665
[2024/05/14 07:18:49] - 195 		 156.8 	 	 36.0 	 	 0.0010  		 0.0189 	 0.9985 	 	 0.1593  	 0.9345  	 	 0.6445 	 0.7742  	 	 0.4764 	 0.8556  	 	 1.7921 	 0.5849  	 	 3.5591 	 0.3643
[2024/05/14 07:22:02] - 196 		 156.6 	 	 36.1 	 	 0.0010  		 0.0185 	 0.9989 	 	 0.1589  	 0.9370  	 	 0.6438 	 0.7738  	 	 0.4797 	 0.8572  	 	 1.8109 	 0.5714  	 	 3.6126 	 0.3529
[2024/05/14 07:25:16] - 197 		 156.8 	 	 37.2 	 	 0.0010  		 0.0180 	 0.9988 	 	 0.1541  	 0.9383  	 	 0.6370 	 0.7745  	 	 0.4716 	 0.8608  	 	 1.8428 	 0.5812  	 	 3.6899 	 0.3590
[2024/05/14 07:28:31] - 198 		 158.2 	 	 37.6 	 	 0.0010  		 0.0172 	 0.9990 	 	 0.1524  	 0.9388  	 	 0.6331 	 0.7762  	 	 0.4930 	 0.8559  	 	 1.8888 	 0.5759  	 	 3.7158 	 0.3621
[2024/05/14 07:31:47] - 199 		 158.0 	 	 37.5 	 	 0.0010  		 0.0170 	 0.9989 	 	 0.1512  	 0.9392  	 	 0.6326 	 0.7773  	 	 0.5105 	 0.8522  	 	 1.9564 	 0.5641  	 	 3.9027 	 0.3449
[2024/05/14 07:35:03] - 200 		 158.4 	 	 37.7 	 	 0.0010  		 0.0171 	 0.9987 	 	 0.1520  	 0.9393  	 	 0.6366 	 0.7785  	 	 0.4871 	 0.8578  	 	 1.9032 	 0.5794  	 	 3.7926 	 0.3585
