[2024/03/31 14:41:46] - Namespace(att_method='tanh', attack_iters=10, batch_size=128, beta=100000.0, chkpt_iters=50, data_aug=True, data_dir='./cifar10', epochs=201, epsilon=0.03137254901960784, fname='cifar10_results', lr_chechpoint1=100, lr_chechpoint2=150, lr_max=0.1, lr_schedule='piecewise', model='PreRes18_standard', momentum=0.9, norm='l_inf', pgd_alpha=0.00784313725490196, random_init=1, resume=0, seed=1, train_mode='adv_train', weight_decay=0.0005, width_factor=10)
[2024/03/31 14:41:53] - Epoch 	 Train Time 	 Test Time 	 LR 	 	 Train Loss 	 Train Acc 	 Train Adv Loss 	 Train Adv Acc 	 Train Sgn-PGD Loss 	 Train Sgn-PGD Acc 	 Test Loss 	 Test Acc 	 Test Adv Loss 	 Test Adv Acc 	 Test Sgn-PGD Loss 	 Test Sgn-PGD Acc 
[2024/03/31 14:45:12] - 0 		 162.4 	 	 36.3 	 	 0.1000 	 	  1.9608 	 0.2762 	 	 2.1334  	 0.2044  	 	 2.1396 	 0.2023  	 	 1.7192 	 0.3767  	 	 1.9619 	 0.2715  	 	 1.9664 	 0.2696
[2024/03/31 14:48:26] - 1 		 157.8 	 	 35.9 	 	 0.1000 	 	  1.7277 	 0.3743 	 	 1.9740  	 0.2591  	 	 1.9798 	 0.2568  	 	 1.6084 	 0.4293  	 	 1.8968 	 0.2877  	 	 1.9011 	 0.2856
[2024/03/31 14:51:38] - 2 		 155.9 	 	 35.8 	 	 0.1000 	 	  1.6101 	 0.4240 	 	 1.8979  	 0.2857  	 	 1.9032 	 0.2840  	 	 1.5057 	 0.4576  	 	 1.8175 	 0.3178  	 	 1.8216 	 0.3153
[2024/03/31 14:54:50] - 3 		 156.0 	 	 36.5 	 	 0.1000 	 	  1.5099 	 0.4745 	 	 1.8339  	 0.3110  	 	 1.8389 	 0.3084  	 	 1.3819 	 0.5299  	 	 1.7529 	 0.3351  	 	 1.7568 	 0.3331
[2024/03/31 14:58:02] - 4 		 156.1 	 	 36.0 	 	 0.1000 	 	  1.4162 	 0.5154 	 	 1.7758  	 0.3322  	 	 1.7808 	 0.3305  	 	 1.3099 	 0.5342  	 	 1.7461 	 0.3377  	 	 1.7501 	 0.3356
[2024/03/31 15:01:16] - 5 		 157.6 	 	 36.5 	 	 0.1000 	 	  1.3403 	 0.5481 	 	 1.7240  	 0.3487  	 	 1.7290 	 0.3467  	 	 1.3052 	 0.5337  	 	 1.7295 	 0.3492  	 	 1.7335 	 0.3476
[2024/03/31 15:04:28] - 6 		 155.7 	 	 36.1 	 	 0.1000 	 	  1.2771 	 0.5795 	 	 1.6820  	 0.3681  	 	 1.6870 	 0.3660  	 	 1.2123 	 0.5959  	 	 1.6533 	 0.3737  	 	 1.6571 	 0.3722
[2024/03/31 15:07:42] - 7 		 157.7 	 	 35.8 	 	 0.1000 	 	  1.2283 	 0.6029 	 	 1.6496  	 0.3804  	 	 1.6547 	 0.3787  	 	 1.1719 	 0.5782  	 	 1.6534 	 0.3689  	 	 1.6575 	 0.3678
[2024/03/31 15:10:54] - 8 		 156.4 	 	 35.7 	 	 0.1000 	 	  1.1903 	 0.6187 	 	 1.6227  	 0.3875  	 	 1.6278 	 0.3856  	 	 1.1033 	 0.6303  	 	 1.5853 	 0.3951  	 	 1.5892 	 0.3937
[2024/03/31 15:14:07] - 9 		 156.7 	 	 36.1 	 	 0.1000 	 	  1.1596 	 0.6310 	 	 1.6008  	 0.3947  	 	 1.6060 	 0.3927  	 	 1.0725 	 0.6485  	 	 1.6051 	 0.3924  	 	 1.6093 	 0.3908
[2024/03/31 15:17:19] - 10 		 155.8 	 	 36.3 	 	 0.1000 	 	  1.1331 	 0.6423 	 	 1.5816  	 0.4034  	 	 1.5869 	 0.4015  	 	 1.0673 	 0.6600  	 	 1.5820 	 0.4065  	 	 1.5861 	 0.4055
[2024/03/31 15:20:31] - 11 		 156.3 	 	 36.2 	 	 0.1000 	 	  1.1111 	 0.6516 	 	 1.5659  	 0.4104  	 	 1.5713 	 0.4083  	 	 1.0345 	 0.6556  	 	 1.6109 	 0.3938  	 	 1.6149 	 0.3931
[2024/03/31 15:23:43] - 12 		 155.8 	 	 36.4 	 	 0.1000 	 	  1.0963 	 0.6564 	 	 1.5569  	 0.4133  	 	 1.5624 	 0.4113  	 	 1.0120 	 0.6639  	 	 1.5578 	 0.4180  	 	 1.5617 	 0.4171
[2024/03/31 15:26:55] - 13 		 155.9 	 	 35.8 	 	 0.1000 	 	  1.0733 	 0.6675 	 	 1.5393  	 0.4220  	 	 1.5447 	 0.4205  	 	 1.0171 	 0.6740  	 	 1.5491 	 0.4122  	 	 1.5531 	 0.4108
[2024/03/31 15:30:08] - 14 		 156.7 	 	 36.0 	 	 0.1000 	 	  1.0575 	 0.6755 	 	 1.5277  	 0.4219  	 	 1.5332 	 0.4196  	 	 1.0241 	 0.6731  	 	 1.5346 	 0.4206  	 	 1.5389 	 0.4183
[2024/03/31 15:33:20] - 15 		 155.8 	 	 36.2 	 	 0.1000 	 	  1.0532 	 0.6742 	 	 1.5228  	 0.4263  	 	 1.5284 	 0.4242  	 	 1.0090 	 0.6754  	 	 1.5269 	 0.4255  	 	 1.5310 	 0.4236
[2024/03/31 15:36:32] - 16 		 156.3 	 	 36.1 	 	 0.1000 	 	  1.0385 	 0.6816 	 	 1.5132  	 0.4297  	 	 1.5187 	 0.4279  	 	 0.9554 	 0.7001  	 	 1.5187 	 0.4275  	 	 1.5229 	 0.4259
[2024/03/31 15:39:44] - 17 		 155.9 	 	 35.7 	 	 0.1000 	 	  1.0213 	 0.6883 	 	 1.4999  	 0.4336  	 	 1.5055 	 0.4319  	 	 0.9855 	 0.6628  	 	 1.5168 	 0.4276  	 	 1.5208 	 0.4257
[2024/03/31 15:42:56] - 18 		 156.4 	 	 35.7 	 	 0.1000 	 	  1.0195 	 0.6901 	 	 1.4979  	 0.4361  	 	 1.5036 	 0.4341  	 	 0.9644 	 0.6905  	 	 1.5109 	 0.4272  	 	 1.5151 	 0.4266
[2024/03/31 15:46:09] - 19 		 156.4 	 	 36.1 	 	 0.1000 	 	  1.0061 	 0.6941 	 	 1.4868  	 0.4383  	 	 1.4926 	 0.4354  	 	 1.0780 	 0.6645  	 	 1.6632 	 0.3972  	 	 1.6669 	 0.3955
[2024/03/31 15:49:21] - 20 		 155.8 	 	 36.3 	 	 0.1000 	 	  1.0002 	 0.6954 	 	 1.4817  	 0.4402  	 	 1.4874 	 0.4380  	 	 1.0103 	 0.6785  	 	 1.5204 	 0.4299  	 	 1.5243 	 0.4291
[2024/03/31 15:52:33] - 21 		 156.4 	 	 36.0 	 	 0.1000 	 	  0.9933 	 0.6998 	 	 1.4771  	 0.4441  	 	 1.4829 	 0.4420  	 	 1.0254 	 0.6849  	 	 1.5476 	 0.4197  	 	 1.5517 	 0.4179
[2024/03/31 15:55:45] - 22 		 155.9 	 	 36.5 	 	 0.1000 	 	  0.9846 	 0.7035 	 	 1.4704  	 0.4455  	 	 1.4762 	 0.4436  	 	 0.9766 	 0.6913  	 	 1.5685 	 0.4139  	 	 1.5724 	 0.4115
[2024/03/31 15:58:57] - 23 		 156.0 	 	 35.6 	 	 0.1000 	 	  0.9811 	 0.7046 	 	 1.4686  	 0.4456  	 	 1.4744 	 0.4436  	 	 0.8990 	 0.7229  	 	 1.5100 	 0.4292  	 	 1.5143 	 0.4268
[2024/03/31 16:02:10] - 24 		 156.6 	 	 36.6 	 	 0.1000 	 	  0.9727 	 0.7070 	 	 1.4625  	 0.4480  	 	 1.4684 	 0.4456  	 	 0.9196 	 0.7102  	 	 1.4709 	 0.4373  	 	 1.4751 	 0.4360
[2024/03/31 16:05:22] - 25 		 155.9 	 	 36.3 	 	 0.1000 	 	  0.9694 	 0.7086 	 	 1.4581  	 0.4479  	 	 1.4639 	 0.4462  	 	 0.9290 	 0.7212  	 	 1.4754 	 0.4456  	 	 1.4797 	 0.4437
[2024/03/31 16:08:35] - 26 		 156.5 	 	 36.0 	 	 0.1000 	 	  0.9660 	 0.7102 	 	 1.4565  	 0.4500  	 	 1.4624 	 0.4482  	 	 0.9203 	 0.6979  	 	 1.4723 	 0.4476  	 	 1.4766 	 0.4472
[2024/03/31 16:11:46] - 27 		 155.8 	 	 35.6 	 	 0.1000 	 	  0.9585 	 0.7154 	 	 1.4505  	 0.4528  	 	 1.4564 	 0.4508  	 	 0.9000 	 0.7208  	 	 1.5413 	 0.4282  	 	 1.5456 	 0.4269
[2024/03/31 16:14:58] - 28 		 155.9 	 	 36.2 	 	 0.1000 	 	  0.9570 	 0.7161 	 	 1.4489  	 0.4509  	 	 1.4547 	 0.4487  	 	 0.8624 	 0.7253  	 	 1.5095 	 0.4235  	 	 1.5138 	 0.4225
[2024/03/31 16:18:10] - 29 		 155.9 	 	 35.6 	 	 0.1000 	 	  0.9522 	 0.7152 	 	 1.4460  	 0.4556  	 	 1.4520 	 0.4534  	 	 0.8754 	 0.7228  	 	 1.4809 	 0.4425  	 	 1.4853 	 0.4417
[2024/03/31 16:21:23] - 30 		 156.6 	 	 36.0 	 	 0.1000 	 	  0.9482 	 0.7166 	 	 1.4448  	 0.4530  	 	 1.4507 	 0.4507  	 	 0.9177 	 0.7077  	 	 1.5708 	 0.4228  	 	 1.5752 	 0.4219
[2024/03/31 16:24:36] - 31 		 157.9 	 	 35.9 	 	 0.1000 	 	  0.9436 	 0.7217 	 	 1.4388  	 0.4566  	 	 1.4447 	 0.4547  	 	 0.8733 	 0.7261  	 	 1.4705 	 0.4476  	 	 1.4749 	 0.4462
[2024/03/31 16:27:48] - 32 		 155.9 	 	 35.7 	 	 0.1000 	 	  0.9400 	 0.7207 	 	 1.4349  	 0.4579  	 	 1.4409 	 0.4558  	 	 0.9462 	 0.7059  	 	 1.4971 	 0.4426  	 	 1.5014 	 0.4408
[2024/03/31 16:31:01] - 33 		 156.9 	 	 35.6 	 	 0.1000 	 	  0.9371 	 0.7223 	 	 1.4348  	 0.4565  	 	 1.4407 	 0.4543  	 	 0.9039 	 0.6975  	 	 1.4827 	 0.4408  	 	 1.4871 	 0.4394
[2024/03/31 16:34:13] - 34 		 156.9 	 	 35.8 	 	 0.1000 	 	  0.9309 	 0.7266 	 	 1.4290  	 0.4606  	 	 1.4350 	 0.4580  	 	 0.8855 	 0.7234  	 	 1.4693 	 0.4429  	 	 1.4738 	 0.4421
[2024/03/31 16:37:25] - 35 		 155.8 	 	 36.1 	 	 0.1000 	 	  0.9293 	 0.7262 	 	 1.4274  	 0.4597  	 	 1.4334 	 0.4573  	 	 0.9041 	 0.7271  	 	 1.4651 	 0.4458  	 	 1.4696 	 0.4441
[2024/03/31 16:40:38] - 36 		 156.8 	 	 35.8 	 	 0.1000 	 	  0.9244 	 0.7294 	 	 1.4250  	 0.4597  	 	 1.4310 	 0.4581  	 	 0.9477 	 0.7054  	 	 1.4802 	 0.4478  	 	 1.4843 	 0.4465
[2024/03/31 16:43:50] - 37 		 155.9 	 	 36.1 	 	 0.1000 	 	  0.9278 	 0.7274 	 	 1.4266  	 0.4608  	 	 1.4326 	 0.4590  	 	 0.9008 	 0.7142  	 	 1.5429 	 0.4274  	 	 1.5473 	 0.4249
[2024/03/31 16:47:01] - 38 		 155.8 	 	 35.6 	 	 0.1000 	 	  0.9190 	 0.7290 	 	 1.4202  	 0.4625  	 	 1.4263 	 0.4603  	 	 0.8965 	 0.7080  	 	 1.4808 	 0.4468  	 	 1.4852 	 0.4439
[2024/03/31 16:50:13] - 39 		 156.5 	 	 35.6 	 	 0.1000 	 	  0.9212 	 0.7301 	 	 1.4215  	 0.4621  	 	 1.4276 	 0.4603  	 	 0.9073 	 0.7301  	 	 1.4448 	 0.4593  	 	 1.4491 	 0.4566
[2024/03/31 16:53:27] - 40 		 155.7 	 	 37.6 	 	 0.1000 	 	  0.9167 	 0.7315 	 	 1.4173  	 0.4646  	 	 1.4235 	 0.4620  	 	 0.8738 	 0.7320  	 	 1.4674 	 0.4456  	 	 1.4718 	 0.4443
[2024/03/31 16:56:38] - 41 		 155.9 	 	 35.9 	 	 0.1000 	 	  0.9195 	 0.7288 	 	 1.4193  	 0.4658  	 	 1.4253 	 0.4638  	 	 0.8807 	 0.7143  	 	 1.4790 	 0.4416  	 	 1.4835 	 0.4400
[2024/03/31 16:59:50] - 42 		 156.4 	 	 35.5 	 	 0.1000 	 	  0.9124 	 0.7348 	 	 1.4165  	 0.4638  	 	 1.4226 	 0.4619  	 	 0.9064 	 0.7103  	 	 1.4865 	 0.4379  	 	 1.4908 	 0.4358
[2024/03/31 17:03:02] - 43 		 155.7 	 	 35.7 	 	 0.1000 	 	  0.9098 	 0.7348 	 	 1.4134  	 0.4630  	 	 1.4194 	 0.4608  	 	 0.9036 	 0.7380  	 	 1.4232 	 0.4676  	 	 1.4275 	 0.4650
[2024/03/31 17:06:14] - 44 		 156.4 	 	 35.9 	 	 0.1000 	 	  0.9091 	 0.7361 	 	 1.4121  	 0.4637  	 	 1.4183 	 0.4617  	 	 0.8820 	 0.7141  	 	 1.4788 	 0.4443  	 	 1.4835 	 0.4432
[2024/03/31 17:09:27] - 45 		 156.3 	 	 36.2 	 	 0.1000 	 	  0.9043 	 0.7388 	 	 1.4087  	 0.4656  	 	 1.4148 	 0.4637  	 	 0.8797 	 0.7209  	 	 1.4961 	 0.4410  	 	 1.5005 	 0.4397
[2024/03/31 17:12:38] - 46 		 155.6 	 	 35.8 	 	 0.1000 	 	  0.9093 	 0.7334 	 	 1.4118  	 0.4641  	 	 1.4178 	 0.4620  	 	 0.8827 	 0.7251  	 	 1.4488 	 0.4540  	 	 1.4532 	 0.4519
[2024/03/31 17:15:50] - 47 		 156.4 	 	 35.7 	 	 0.1000 	 	  0.9047 	 0.7364 	 	 1.4065  	 0.4661  	 	 1.4126 	 0.4638  	 	 0.9210 	 0.7076  	 	 1.4820 	 0.4410  	 	 1.4865 	 0.4396
[2024/03/31 17:19:03] - 48 		 155.9 	 	 37.1 	 	 0.1000 	 	  0.9032 	 0.7354 	 	 1.4064  	 0.4656  	 	 1.4126 	 0.4634  	 	 0.9413 	 0.7159  	 	 1.4600 	 0.4572  	 	 1.4643 	 0.4551
[2024/03/31 17:22:15] - 49 		 155.9 	 	 35.9 	 	 0.1000 	 	  0.9038 	 0.7393 	 	 1.4079  	 0.4674  	 	 1.4140 	 0.4657  	 	 0.8630 	 0.7389  	 	 1.4575 	 0.4581  	 	 1.4621 	 0.4568
[2024/03/31 17:25:28] - 50 		 156.4 	 	 36.2 	 	 0.1000 	 	  0.8980 	 0.7399 	 	 1.4029  	 0.4678  	 	 1.4090 	 0.4657  	 	 0.8470 	 0.7294  	 	 1.4621 	 0.4435  	 	 1.4665 	 0.4415
[2024/03/31 17:28:40] - 51 		 155.6 	 	 36.2 	 	 0.1000 	 	  0.8954 	 0.7397 	 	 1.4011  	 0.4652  	 	 1.4073 	 0.4631  	 	 0.8422 	 0.7227  	 	 1.4695 	 0.4531  	 	 1.4741 	 0.4503
[2024/03/31 17:31:51] - 52 		 155.9 	 	 35.5 	 	 0.1000 	 	  0.8945 	 0.7415 	 	 1.4004  	 0.4686  	 	 1.4065 	 0.4666  	 	 0.8425 	 0.7350  	 	 1.4365 	 0.4533  	 	 1.4412 	 0.4527
[2024/03/31 17:35:03] - 53 		 156.4 	 	 35.3 	 	 0.1000 	 	  0.8929 	 0.7395 	 	 1.4000  	 0.4696  	 	 1.4063 	 0.4675  	 	 0.8823 	 0.7214  	 	 1.4777 	 0.4409  	 	 1.4820 	 0.4397
[2024/03/31 17:38:14] - 54 		 155.8 	 	 35.7 	 	 0.1000 	 	  0.8977 	 0.7386 	 	 1.4056  	 0.4664  	 	 1.4118 	 0.4642  	 	 0.8621 	 0.7397  	 	 1.4526 	 0.4609  	 	 1.4570 	 0.4596
[2024/03/31 17:41:27] - 55 		 156.5 	 	 35.9 	 	 0.1000 	 	  0.8879 	 0.7421 	 	 1.3959  	 0.4711  	 	 1.4021 	 0.4690  	 	 0.9038 	 0.7227  	 	 1.4589 	 0.4620  	 	 1.4632 	 0.4605
[2024/03/31 17:44:39] - 56 		 156.5 	 	 36.0 	 	 0.1000 	 	  0.8915 	 0.7435 	 	 1.3985  	 0.4698  	 	 1.4047 	 0.4673  	 	 0.8528 	 0.7236  	 	 1.4715 	 0.4513  	 	 1.4763 	 0.4492
[2024/03/31 17:47:51] - 57 		 155.8 	 	 35.5 	 	 0.1000 	 	  0.8901 	 0.7424 	 	 1.3985  	 0.4728  	 	 1.4046 	 0.4704  	 	 0.8125 	 0.7330  	 	 1.4740 	 0.4481  	 	 1.4788 	 0.4459
[2024/03/31 17:51:02] - 58 		 156.4 	 	 35.4 	 	 0.1000 	 	  0.8864 	 0.7433 	 	 1.3944  	 0.4732  	 	 1.4006 	 0.4713  	 	 0.8039 	 0.7336  	 	 1.4656 	 0.4507  	 	 1.4703 	 0.4494
[2024/03/31 17:54:15] - 59 		 155.8 	 	 36.4 	 	 0.1000 	 	  0.8851 	 0.7457 	 	 1.3940  	 0.4716  	 	 1.4001 	 0.4694  	 	 0.8616 	 0.7445  	 	 1.4572 	 0.4590  	 	 1.4614 	 0.4581
[2024/03/31 17:57:27] - 60 		 155.9 	 	 36.2 	 	 0.1000 	 	  0.8858 	 0.7431 	 	 1.3932  	 0.4732  	 	 1.3994 	 0.4704  	 	 0.8649 	 0.7355  	 	 1.4180 	 0.4703  	 	 1.4225 	 0.4690
[2024/03/31 18:00:39] - 61 		 156.2 	 	 35.9 	 	 0.1000 	 	  0.8767 	 0.7458 	 	 1.3866  	 0.4747  	 	 1.3928 	 0.4719  	 	 0.8876 	 0.7153  	 	 1.4762 	 0.4473  	 	 1.4806 	 0.4461
[2024/03/31 18:03:50] - 62 		 155.8 	 	 35.6 	 	 0.1000 	 	  0.8824 	 0.7462 	 	 1.3928  	 0.4733  	 	 1.3991 	 0.4714  	 	 0.8742 	 0.7259  	 	 1.4795 	 0.4450  	 	 1.4838 	 0.4425
[2024/03/31 18:07:02] - 63 		 156.8 	 	 35.6 	 	 0.1000 	 	  0.8843 	 0.7473 	 	 1.3948  	 0.4700  	 	 1.4010 	 0.4680  	 	 0.8722 	 0.7246  	 	 1.4932 	 0.4425  	 	 1.4975 	 0.4404
[2024/03/31 18:10:15] - 64 		 156.4 	 	 35.7 	 	 0.1000 	 	  0.8807 	 0.7460 	 	 1.3900  	 0.4729  	 	 1.3961 	 0.4709  	 	 0.8460 	 0.7429  	 	 1.4941 	 0.4414  	 	 1.4984 	 0.4394
[2024/03/31 18:13:26] - 65 		 155.7 	 	 36.1 	 	 0.1000 	 	  0.8787 	 0.7468 	 	 1.3889  	 0.4756  	 	 1.3950 	 0.4737  	 	 0.8787 	 0.7253  	 	 1.4172 	 0.4712  	 	 1.4216 	 0.4692
[2024/03/31 18:16:39] - 66 		 156.5 	 	 36.0 	 	 0.1000 	 	  0.8797 	 0.7440 	 	 1.3886  	 0.4756  	 	 1.3947 	 0.4734  	 	 0.8535 	 0.7347  	 	 1.4690 	 0.4540  	 	 1.4736 	 0.4526
[2024/03/31 18:19:51] - 67 		 157.0 	 	 35.6 	 	 0.1000 	 	  0.8822 	 0.7447 	 	 1.3912  	 0.4730  	 	 1.3974 	 0.4703  	 	 0.8802 	 0.7395  	 	 1.4408 	 0.4611  	 	 1.4452 	 0.4597
[2024/03/31 18:23:03] - 68 		 155.8 	 	 35.3 	 	 0.1000 	 	  0.8751 	 0.7492 	 	 1.3832  	 0.4732  	 	 1.3895 	 0.4713  	 	 0.8512 	 0.7344  	 	 1.4627 	 0.4470  	 	 1.4675 	 0.4450
[2024/03/31 18:26:15] - 69 		 156.5 	 	 35.7 	 	 0.1000 	 	  0.8784 	 0.7468 	 	 1.3893  	 0.4742  	 	 1.3955 	 0.4721  	 	 0.9381 	 0.6981  	 	 1.4710 	 0.4436  	 	 1.4752 	 0.4423
[2024/03/31 18:29:27] - 70 		 155.8 	 	 36.6 	 	 0.1000 	 	  0.8755 	 0.7467 	 	 1.3842  	 0.4747  	 	 1.3904 	 0.4723  	 	 0.8627 	 0.7524  	 	 1.4132 	 0.4689  	 	 1.4178 	 0.4666
[2024/03/31 18:32:39] - 71 		 155.8 	 	 35.8 	 	 0.1000 	 	  0.8707 	 0.7506 	 	 1.3847  	 0.4755  	 	 1.3908 	 0.4736  	 	 0.8154 	 0.7424  	 	 1.4506 	 0.4630  	 	 1.4553 	 0.4606
[2024/03/31 18:35:53] - 72 		 158.6 	 	 35.6 	 	 0.1000 	 	  0.8749 	 0.7471 	 	 1.3836  	 0.4766  	 	 1.3899 	 0.4744  	 	 0.8517 	 0.7408  	 	 1.4509 	 0.4588  	 	 1.4555 	 0.4572
[2024/03/31 18:39:04] - 73 		 155.8 	 	 35.5 	 	 0.1000 	 	  0.8744 	 0.7484 	 	 1.3844  	 0.4768  	 	 1.3906 	 0.4750  	 	 0.8998 	 0.7149  	 	 1.4876 	 0.4482  	 	 1.4920 	 0.4458
[2024/03/31 18:42:19] - 74 		 158.9 	 	 35.7 	 	 0.1000 	 	  0.8741 	 0.7491 	 	 1.3867  	 0.4738  	 	 1.3929 	 0.4711  	 	 0.9557 	 0.7084  	 	 1.4739 	 0.4536  	 	 1.4781 	 0.4512
[2024/03/31 18:45:33] - 75 		 157.6 	 	 36.9 	 	 0.1000 	 	  0.8788 	 0.7460 	 	 1.3879  	 0.4742  	 	 1.3942 	 0.4722  	 	 0.7818 	 0.7377  	 	 1.5456 	 0.4298  	 	 1.5505 	 0.4282
[2024/03/31 18:48:45] - 76 		 155.8 	 	 35.9 	 	 0.1000 	 	  0.8704 	 0.7503 	 	 1.3817  	 0.4766  	 	 1.3879 	 0.4746  	 	 0.8561 	 0.7422  	 	 1.4701 	 0.4616  	 	 1.4746 	 0.4598
[2024/03/31 18:52:00] - 77 		 157.9 	 	 37.1 	 	 0.1000 	 	  0.8746 	 0.7481 	 	 1.3845  	 0.4737  	 	 1.3908 	 0.4710  	 	 0.8540 	 0.7135  	 	 1.4897 	 0.4371  	 	 1.4943 	 0.4358
[2024/03/31 18:55:12] - 78 		 155.9 	 	 36.4 	 	 0.1000 	 	  0.8695 	 0.7494 	 	 1.3787  	 0.4782  	 	 1.3850 	 0.4754  	 	 0.8510 	 0.7520  	 	 1.4760 	 0.4454  	 	 1.4807 	 0.4436
[2024/03/31 18:58:26] - 79 		 157.3 	 	 35.9 	 	 0.1000 	 	  0.8660 	 0.7539 	 	 1.3780  	 0.4769  	 	 1.3842 	 0.4752  	 	 0.8599 	 0.7236  	 	 1.4398 	 0.4578  	 	 1.4443 	 0.4571
[2024/03/31 19:01:39] - 80 		 156.7 	 	 36.3 	 	 0.1000 	 	  0.8692 	 0.7520 	 	 1.3810  	 0.4751  	 	 1.3873 	 0.4729  	 	 0.8458 	 0.7213  	 	 1.4496 	 0.4609  	 	 1.4541 	 0.4594
[2024/03/31 19:04:53] - 81 		 155.7 	 	 38.7 	 	 0.1000 	 	  0.8686 	 0.7490 	 	 1.3789  	 0.4756  	 	 1.3852 	 0.4732  	 	 0.8558 	 0.7246  	 	 1.5365 	 0.4278  	 	 1.5412 	 0.4257
[2024/03/31 19:08:05] - 82 		 156.1 	 	 35.6 	 	 0.1000 	 	  0.8671 	 0.7540 	 	 1.3800  	 0.4799  	 	 1.3862 	 0.4779  	 	 0.8236 	 0.7189  	 	 1.4785 	 0.4460  	 	 1.4832 	 0.4446
[2024/03/31 19:11:17] - 83 		 156.5 	 	 35.7 	 	 0.1000 	 	  0.8677 	 0.7530 	 	 1.3800  	 0.4741  	 	 1.3862 	 0.4719  	 	 0.8988 	 0.7136  	 	 1.4918 	 0.4343  	 	 1.4965 	 0.4331
[2024/03/31 19:14:29] - 84 		 155.9 	 	 35.9 	 	 0.1000 	 	  0.8641 	 0.7542 	 	 1.3768  	 0.4777  	 	 1.3830 	 0.4753  	 	 0.8461 	 0.7425  	 	 1.4615 	 0.4524  	 	 1.4662 	 0.4503
[2024/03/31 19:17:41] - 85 		 156.4 	 	 36.3 	 	 0.1000 	 	  0.8642 	 0.7544 	 	 1.3782  	 0.4791  	 	 1.3845 	 0.4773  	 	 0.8446 	 0.7465  	 	 1.4460 	 0.4551  	 	 1.4506 	 0.4530
[2024/03/31 19:20:54] - 86 		 156.8 	 	 36.1 	 	 0.1000 	 	  0.8687 	 0.7522 	 	 1.3817  	 0.4752  	 	 1.3879 	 0.4730  	 	 0.8691 	 0.7294  	 	 1.4508 	 0.4590  	 	 1.4553 	 0.4569
[2024/03/31 19:24:06] - 87 		 155.9 	 	 35.5 	 	 0.1000 	 	  0.8609 	 0.7547 	 	 1.3725  	 0.4799  	 	 1.3788 	 0.4780  	 	 0.8435 	 0.7293  	 	 1.4150 	 0.4685  	 	 1.4197 	 0.4673
[2024/03/31 19:27:18] - 88 		 156.7 	 	 35.7 	 	 0.1000 	 	  0.8629 	 0.7527 	 	 1.3742  	 0.4770  	 	 1.3804 	 0.4748  	 	 0.8187 	 0.7509  	 	 1.4426 	 0.4569  	 	 1.4472 	 0.4551
[2024/03/31 19:30:31] - 89 		 156.0 	 	 37.1 	 	 0.1000 	 	  0.8641 	 0.7540 	 	 1.3761  	 0.4782  	 	 1.3824 	 0.4758  	 	 0.8563 	 0.7436  	 	 1.4134 	 0.4674  	 	 1.4180 	 0.4658
[2024/03/31 19:33:44] - 90 		 156.3 	 	 36.2 	 	 0.1000 	 	  0.8640 	 0.7526 	 	 1.3772  	 0.4794  	 	 1.3835 	 0.4770  	 	 0.8589 	 0.7187  	 	 1.4802 	 0.4502  	 	 1.4847 	 0.4489
[2024/03/31 19:36:56] - 91 		 156.6 	 	 35.6 	 	 0.1000 	 	  0.8617 	 0.7536 	 	 1.3750  	 0.4792  	 	 1.3812 	 0.4769  	 	 0.8949 	 0.7159  	 	 1.4659 	 0.4630  	 	 1.4704 	 0.4614
[2024/03/31 19:40:07] - 92 		 156.0 	 	 35.4 	 	 0.1000 	 	  0.8619 	 0.7529 	 	 1.3760  	 0.4783  	 	 1.3822 	 0.4760  	 	 0.8103 	 0.7489  	 	 1.4425 	 0.4570  	 	 1.4471 	 0.4552
[2024/03/31 19:43:20] - 93 		 156.6 	 	 35.7 	 	 0.1000 	 	  0.8640 	 0.7537 	 	 1.3756  	 0.4801  	 	 1.3819 	 0.4776  	 	 0.7723 	 0.7498  	 	 1.4394 	 0.4657  	 	 1.4442 	 0.4635
[2024/03/31 19:46:32] - 94 		 156.3 	 	 36.3 	 	 0.1000 	 	  0.8593 	 0.7559 	 	 1.3736  	 0.4787  	 	 1.3799 	 0.4764  	 	 0.8337 	 0.7254  	 	 1.4524 	 0.4475  	 	 1.4571 	 0.4466
[2024/03/31 19:49:44] - 95 		 155.7 	 	 36.3 	 	 0.1000 	 	  0.8579 	 0.7553 	 	 1.3696  	 0.4806  	 	 1.3759 	 0.4785  	 	 0.8747 	 0.7372  	 	 1.4489 	 0.4608  	 	 1.4532 	 0.4585
[2024/03/31 19:52:57] - 96 		 156.4 	 	 35.8 	 	 0.1000 	 	  0.8633 	 0.7523 	 	 1.3755  	 0.4784  	 	 1.3819 	 0.4763  	 	 0.8768 	 0.7341  	 	 1.4797 	 0.4559  	 	 1.4843 	 0.4541
[2024/03/31 19:56:09] - 97 		 155.9 	 	 36.6 	 	 0.1000 	 	  0.8646 	 0.7537 	 	 1.3769  	 0.4787  	 	 1.3831 	 0.4764  	 	 0.8591 	 0.7412  	 	 1.4169 	 0.4650  	 	 1.4215 	 0.4629
[2024/03/31 19:59:21] - 98 		 156.1 	 	 35.7 	 	 0.1000 	 	  0.8586 	 0.7546 	 	 1.3715  	 0.4816  	 	 1.3778 	 0.4792  	 	 0.7974 	 0.7432  	 	 1.4652 	 0.4478  	 	 1.4699 	 0.4473
[2024/03/31 20:02:34] - 99 		 156.9 	 	 36.1 	 	 0.0100 	 	  0.8590 	 0.7547 	 	 1.3731  	 0.4776  	 	 1.3794 	 0.4755  	 	 0.8250 	 0.7494  	 	 1.4317 	 0.4595  	 	 1.4363 	 0.4580
[2024/03/31 20:05:46] - 100 		 155.8 	 	 36.0 	 	 0.0100 	 	  0.7053 	 0.8151 	 	 1.1846  	 0.5475  	 	 1.1913 	 0.5449  	 	 0.6349 	 0.8198  	 	 1.2832 	 0.5146  	 	 1.2888 	 0.5135
[2024/03/31 20:08:59] - 101 		 156.7 	 	 35.7 	 	 0.0100 	 	  0.6260 	 0.8384 	 	 1.1187  	 0.5678  	 	 1.1258 	 0.5650  	 	 0.6420 	 0.8100  	 	 1.2520 	 0.5219  	 	 1.2574 	 0.5204
[2024/03/31 20:12:10] - 102 		 155.9 	 	 35.8 	 	 0.0100 	 	  0.5998 	 0.8453 	 	 1.0928  	 0.5768  	 	 1.1002 	 0.5749  	 	 0.6275 	 0.8039  	 	 1.3792 	 0.4956  	 	 1.3850 	 0.4946
[2024/03/31 20:15:22] - 103 		 155.9 	 	 36.1 	 	 0.0100 	 	  0.5767 	 0.8523 	 	 1.0704  	 0.5845  	 	 1.0777 	 0.5815  	 	 0.6730 	 0.7988  	 	 1.3000 	 0.5152  	 	 1.3050 	 0.5140
[2024/03/31 20:18:34] - 104 		 156.1 	 	 36.2 	 	 0.0100 	 	  0.5607 	 0.8568 	 	 1.0521  	 0.5885  	 	 1.0596 	 0.5852  	 	 0.6450 	 0.8069  	 	 1.2754 	 0.5215  	 	 1.2808 	 0.5189
[2024/03/31 20:21:47] - 105 		 156.7 	 	 36.0 	 	 0.0100 	 	  0.5475 	 0.8623 	 	 1.0399  	 0.5946  	 	 1.0474 	 0.5922  	 	 0.5998 	 0.8204  	 	 1.2659 	 0.5240  	 	 1.2715 	 0.5227
[2024/03/31 20:24:59] - 106 		 156.0 	 	 36.1 	 	 0.0100 	 	  0.5367 	 0.8645 	 	 1.0315  	 0.5960  	 	 1.0391 	 0.5937  	 	 0.5768 	 0.8350  	 	 1.2890 	 0.5155  	 	 1.2947 	 0.5136
[2024/03/31 20:28:11] - 107 		 156.0 	 	 35.6 	 	 0.0100 	 	  0.5255 	 0.8685 	 	 1.0167  	 0.6014  	 	 1.0243 	 0.5979  	 	 0.5744 	 0.8245  	 	 1.3098 	 0.5156  	 	 1.3158 	 0.5132
[2024/03/31 20:31:23] - 108 		 156.5 	 	 35.7 	 	 0.0100 	 	  0.5174 	 0.8721 	 	 1.0085  	 0.6016  	 	 1.0162 	 0.5986  	 	 0.5798 	 0.8247  	 	 1.2811 	 0.5194  	 	 1.2868 	 0.5185
[2024/03/31 20:34:35] - 109 		 156.0 	 	 36.1 	 	 0.0100 	 	  0.5087 	 0.8751 	 	 1.0000  	 0.6062  	 	 1.0078 	 0.6030  	 	 0.6063 	 0.8199  	 	 1.3473 	 0.5048  	 	 1.3531 	 0.5034
[2024/03/31 20:37:48] - 110 		 156.6 	 	 36.3 	 	 0.0100 	 	  0.4984 	 0.8770 	 	 0.9904  	 0.6094  	 	 0.9982 	 0.6063  	 	 0.5817 	 0.8283  	 	 1.2751 	 0.5248  	 	 1.2813 	 0.5221
[2024/03/31 20:41:00] - 111 		 156.4 	 	 35.9 	 	 0.0100 	 	  0.4898 	 0.8808 	 	 0.9817  	 0.6094  	 	 0.9895 	 0.6062  	 	 0.5739 	 0.8255  	 	 1.3318 	 0.5053  	 	 1.3376 	 0.5031
[2024/03/31 20:44:12] - 112 		 156.2 	 	 35.7 	 	 0.0100 	 	  0.4817 	 0.8834 	 	 0.9715  	 0.6125  	 	 0.9794 	 0.6096  	 	 0.5840 	 0.8266  	 	 1.3087 	 0.5131  	 	 1.3145 	 0.5116
[2024/03/31 20:47:25] - 113 		 156.6 	 	 35.8 	 	 0.0100 	 	  0.4750 	 0.8838 	 	 0.9667  	 0.6176  	 	 0.9746 	 0.6143  	 	 0.5440 	 0.8344  	 	 1.3750 	 0.5029  	 	 1.3817 	 0.5017
[2024/03/31 20:50:37] - 114 		 156.0 	 	 36.8 	 	 0.0100 	 	  0.4701 	 0.8878 	 	 0.9610  	 0.6154  	 	 0.9689 	 0.6128  	 	 0.5752 	 0.8225  	 	 1.3155 	 0.5141  	 	 1.3216 	 0.5129
[2024/03/31 20:53:49] - 115 		 155.9 	 	 36.1 	 	 0.0100 	 	  0.4661 	 0.8895 	 	 0.9598  	 0.6192  	 	 0.9677 	 0.6163  	 	 0.5729 	 0.8327  	 	 1.3302 	 0.5063  	 	 1.3362 	 0.5031
[2024/03/31 20:57:01] - 116 		 156.3 	 	 35.7 	 	 0.0100 	 	  0.4586 	 0.8929 	 	 0.9498  	 0.6215  	 	 0.9578 	 0.6178  	 	 0.5684 	 0.8283  	 	 1.3390 	 0.5113  	 	 1.3451 	 0.5087
[2024/03/31 21:00:13] - 117 		 156.0 	 	 35.4 	 	 0.0100 	 	  0.4529 	 0.8941 	 	 0.9460  	 0.6208  	 	 0.9541 	 0.6175  	 	 0.5907 	 0.8210  	 	 1.3532 	 0.5080  	 	 1.3592 	 0.5061
[2024/03/31 21:03:25] - 118 		 156.6 	 	 35.9 	 	 0.0100 	 	  0.4482 	 0.8951 	 	 0.9378  	 0.6246  	 	 0.9459 	 0.6214  	 	 0.6017 	 0.8172  	 	 1.3640 	 0.5027  	 	 1.3697 	 0.5015
[2024/03/31 21:06:38] - 119 		 156.4 	 	 36.1 	 	 0.0100 	 	  0.4459 	 0.8963 	 	 0.9373  	 0.6227  	 	 0.9454 	 0.6198  	 	 0.5836 	 0.8233  	 	 1.3381 	 0.5070  	 	 1.3441 	 0.5059
[2024/03/31 21:09:50] - 120 		 155.8 	 	 36.0 	 	 0.0100 	 	  0.4407 	 0.8973 	 	 0.9306  	 0.6257  	 	 0.9389 	 0.6229  	 	 0.5778 	 0.8213  	 	 1.3705 	 0.5009  	 	 1.3765 	 0.4980
[2024/03/31 21:13:03] - 121 		 157.2 	 	 35.9 	 	 0.0100 	 	  0.4358 	 0.8983 	 	 0.9269  	 0.6270  	 	 0.9351 	 0.6240  	 	 0.5880 	 0.8288  	 	 1.3545 	 0.5070  	 	 1.3605 	 0.5055
[2024/03/31 21:16:16] - 122 		 157.2 	 	 36.3 	 	 0.0100 	 	  0.4313 	 0.9000 	 	 0.9254  	 0.6273  	 	 0.9337 	 0.6239  	 	 0.5685 	 0.8339  	 	 1.3981 	 0.4914  	 	 1.4038 	 0.4907
[2024/03/31 21:19:28] - 123 		 156.0 	 	 35.6 	 	 0.0100 	 	  0.4282 	 0.9027 	 	 0.9213  	 0.6274  	 	 0.9294 	 0.6243  	 	 0.5910 	 0.8223  	 	 1.3507 	 0.5126  	 	 1.3566 	 0.5108
[2024/03/31 21:22:40] - 124 		 156.2 	 	 35.8 	 	 0.0100 	 	  0.4233 	 0.9030 	 	 0.9140  	 0.6299  	 	 0.9221 	 0.6271  	 	 0.6082 	 0.8175  	 	 1.3436 	 0.5141  	 	 1.3493 	 0.5130
[2024/03/31 21:25:51] - 125 		 156.1 	 	 35.5 	 	 0.0100 	 	  0.4180 	 0.9068 	 	 0.9101  	 0.6317  	 	 0.9184 	 0.6290  	 	 0.6417 	 0.8055  	 	 1.3521 	 0.5083  	 	 1.3577 	 0.5066
[2024/03/31 21:29:03] - 126 		 156.3 	 	 35.6 	 	 0.0100 	 	  0.4161 	 0.9060 	 	 0.9076  	 0.6315  	 	 0.9159 	 0.6284  	 	 0.5609 	 0.8238  	 	 1.4468 	 0.4875  	 	 1.4532 	 0.4852
[2024/03/31 21:32:15] - 127 		 155.6 	 	 35.7 	 	 0.0100 	 	  0.4146 	 0.9075 	 	 0.9072  	 0.6305  	 	 0.9155 	 0.6276  	 	 0.5886 	 0.8238  	 	 1.3643 	 0.5068  	 	 1.3699 	 0.5059
[2024/03/31 21:35:27] - 128 		 156.4 	 	 35.7 	 	 0.0100 	 	  0.4086 	 0.9096 	 	 0.9010  	 0.6325  	 	 0.9093 	 0.6295  	 	 0.5723 	 0.8283  	 	 1.4039 	 0.4976  	 	 1.4098 	 0.4956
[2024/03/31 21:38:38] - 129 		 156.1 	 	 35.6 	 	 0.0100 	 	  0.4040 	 0.9089 	 	 0.8965  	 0.6357  	 	 0.9046 	 0.6323  	 	 0.5699 	 0.8246  	 	 1.4421 	 0.4936  	 	 1.4484 	 0.4917
[2024/03/31 21:41:50] - 130 		 155.7 	 	 35.9 	 	 0.0100 	 	  0.4013 	 0.9113 	 	 0.8902  	 0.6371  	 	 0.8986 	 0.6340  	 	 0.5472 	 0.8372  	 	 1.3887 	 0.5014  	 	 1.3950 	 0.4996
[2024/03/31 21:45:01] - 131 		 155.7 	 	 35.6 	 	 0.0100 	 	  0.3976 	 0.9121 	 	 0.8885  	 0.6349  	 	 0.8969 	 0.6319  	 	 0.5574 	 0.8296  	 	 1.4130 	 0.4884  	 	 1.4192 	 0.4872
[2024/03/31 21:48:13] - 132 		 155.7 	 	 35.9 	 	 0.0100 	 	  0.3956 	 0.9131 	 	 0.8883  	 0.6353  	 	 0.8967 	 0.6328  	 	 0.5614 	 0.8265  	 	 1.4338 	 0.4948  	 	 1.4400 	 0.4946
[2024/03/31 21:51:24] - 133 		 155.6 	 	 35.6 	 	 0.0100 	 	  0.3926 	 0.9146 	 	 0.8844  	 0.6415  	 	 0.8926 	 0.6382  	 	 0.5283 	 0.8451  	 	 1.4308 	 0.4933  	 	 1.4377 	 0.4921
[2024/03/31 21:54:35] - 134 		 155.6 	 	 35.7 	 	 0.0100 	 	  0.3890 	 0.9158 	 	 0.8815  	 0.6390  	 	 0.8897 	 0.6363  	 	 0.5670 	 0.8232  	 	 1.4749 	 0.4880  	 	 1.4811 	 0.4867
[2024/03/31 21:57:47] - 135 		 155.7 	 	 36.1 	 	 0.0100 	 	  0.3860 	 0.9176 	 	 0.8767  	 0.6403  	 	 0.8850 	 0.6378  	 	 0.5382 	 0.8254  	 	 1.5072 	 0.4874  	 	 1.5145 	 0.4860
[2024/03/31 22:00:59] - 136 		 156.4 	 	 35.7 	 	 0.0100 	 	  0.3803 	 0.9175 	 	 0.8727  	 0.6428  	 	 0.8811 	 0.6386  	 	 0.5753 	 0.8332  	 	 1.4089 	 0.4921  	 	 1.4145 	 0.4915
[2024/03/31 22:04:11] - 137 		 156.3 	 	 35.6 	 	 0.0100 	 	  0.3796 	 0.9196 	 	 0.8702  	 0.6445  	 	 0.8785 	 0.6408  	 	 0.5506 	 0.8280  	 	 1.5036 	 0.4914  	 	 1.5101 	 0.4889
[2024/03/31 22:07:23] - 138 		 155.7 	 	 35.7 	 	 0.0100 	 	  0.3730 	 0.9194 	 	 0.8597  	 0.6475  	 	 0.8682 	 0.6435  	 	 0.5954 	 0.8219  	 	 1.4017 	 0.4951  	 	 1.4077 	 0.4917
[2024/03/31 22:10:35] - 139 		 156.5 	 	 35.9 	 	 0.0100 	 	  0.3712 	 0.9212 	 	 0.8602  	 0.6442  	 	 0.8687 	 0.6416  	 	 0.5808 	 0.8231  	 	 1.4581 	 0.4840  	 	 1.4641 	 0.4818
[2024/03/31 22:13:46] - 140 		 155.6 	 	 35.9 	 	 0.0100 	 	  0.3679 	 0.9231 	 	 0.8556  	 0.6490  	 	 0.8642 	 0.6456  	 	 0.5997 	 0.8137  	 	 1.4285 	 0.4979  	 	 1.4344 	 0.4966
[2024/03/31 22:16:58] - 141 		 156.2 	 	 35.8 	 	 0.0100 	 	  0.3674 	 0.9223 	 	 0.8562  	 0.6478  	 	 0.8647 	 0.6443  	 	 0.5679 	 0.8252  	 	 1.4878 	 0.4871  	 	 1.4941 	 0.4850
[2024/03/31 22:20:10] - 142 		 155.8 	 	 36.1 	 	 0.0100 	 	  0.3614 	 0.9236 	 	 0.8464  	 0.6513  	 	 0.8550 	 0.6474  	 	 0.5559 	 0.8201  	 	 1.5571 	 0.4812  	 	 1.5637 	 0.4804
[2024/03/31 22:23:22] - 143 		 155.9 	 	 35.8 	 	 0.0100 	 	  0.3571 	 0.9254 	 	 0.8419  	 0.6522  	 	 0.8504 	 0.6494  	 	 0.5543 	 0.8287  	 	 1.5685 	 0.4708  	 	 1.5752 	 0.4693
[2024/03/31 22:26:34] - 144 		 156.3 	 	 35.9 	 	 0.0100 	 	  0.3601 	 0.9249 	 	 0.8483  	 0.6500  	 	 0.8567 	 0.6475  	 	 0.5794 	 0.8241  	 	 1.4409 	 0.4988  	 	 1.4470 	 0.4969
[2024/03/31 22:29:46] - 145 		 155.7 	 	 35.7 	 	 0.0100 	 	  0.3541 	 0.9271 	 	 0.8385  	 0.6532  	 	 0.8471 	 0.6496  	 	 0.5697 	 0.8270  	 	 1.4844 	 0.4878  	 	 1.4907 	 0.4869
[2024/03/31 22:32:59] - 146 		 157.2 	 	 35.9 	 	 0.0100 	 	  0.3516 	 0.9271 	 	 0.8385  	 0.6546  	 	 0.8469 	 0.6506  	 	 0.5521 	 0.8367  	 	 1.4834 	 0.4853  	 	 1.4899 	 0.4831
[2024/03/31 22:36:11] - 147 		 155.8 	 	 36.7 	 	 0.0100 	 	  0.3485 	 0.9301 	 	 0.8357  	 0.6531  	 	 0.8442 	 0.6503  	 	 0.5660 	 0.8225  	 	 1.5036 	 0.4899  	 	 1.5099 	 0.4876
[2024/03/31 22:39:23] - 148 		 155.8 	 	 35.8 	 	 0.0100 	 	  0.3434 	 0.9309 	 	 0.8289  	 0.6558  	 	 0.8376 	 0.6523  	 	 0.5860 	 0.8074  	 	 1.5044 	 0.4859  	 	 1.5108 	 0.4835
[2024/03/31 22:42:37] - 149 		 157.7 	 	 36.6 	 	 0.0010 	 	  0.3419 	 0.9316 	 	 0.8255  	 0.6583  	 	 0.8343 	 0.6555  	 	 0.5535 	 0.8291  	 	 1.5119 	 0.4870  	 	 1.5184 	 0.4845
[2024/03/31 22:45:50] - 150 		 155.9 	 	 35.8 	 	 0.0010 	 	  0.2861 	 0.9490 	 	 0.6940  	 0.7135  	 	 0.7031 	 0.7099  	 	 0.5088 	 0.8441  	 	 1.5129 	 0.4965  	 	 1.5195 	 0.4962
[2024/03/31 22:49:02] - 151 		 155.8 	 	 35.6 	 	 0.0010 	 	  0.2531 	 0.9552 	 	 0.6418  	 0.7313  	 	 0.6518 	 0.7272  	 	 0.5042 	 0.8452  	 	 1.5268 	 0.4935  	 	 1.5332 	 0.4929
[2024/03/31 22:52:15] - 152 		 156.8 	 	 35.9 	 	 0.0010 	 	  0.2378 	 0.9589 	 	 0.6181  	 0.7402  	 	 0.6283 	 0.7362  	 	 0.5155 	 0.8349  	 	 1.5646 	 0.4925  	 	 1.5716 	 0.4909
[2024/03/31 22:55:27] - 153 		 156.2 	 	 35.9 	 	 0.0010 	 	  0.2282 	 0.9612 	 	 0.6045  	 0.7446  	 	 0.6149 	 0.7404  	 	 0.5027 	 0.8413  	 	 1.6575 	 0.4819  	 	 1.6652 	 0.4808
[2024/03/31 22:58:40] - 154 		 156.6 	 	 36.3 	 	 0.0010 	 	  0.2215 	 0.9630 	 	 0.5930  	 0.7472  	 	 0.6034 	 0.7437  	 	 0.4910 	 0.8405  	 	 1.6514 	 0.4864  	 	 1.6592 	 0.4844
[2024/03/31 23:01:53] - 155 		 156.0 	 	 37.7 	 	 0.0010 	 	  0.2156 	 0.9634 	 	 0.5820  	 0.7530  	 	 0.5927 	 0.7487  	 	 0.4885 	 0.8424  	 	 1.7256 	 0.4854  	 	 1.7343 	 0.4836
[2024/03/31 23:05:05] - 156 		 156.3 	 	 35.7 	 	 0.0010 	 	  0.2101 	 0.9643 	 	 0.5729  	 0.7544  	 	 0.5835 	 0.7497  	 	 0.4958 	 0.8481  	 	 1.7022 	 0.4749  	 	 1.7103 	 0.4734
[2024/03/31 23:08:18] - 157 		 156.4 	 	 35.7 	 	 0.0010 	 	  0.2048 	 0.9653 	 	 0.5650  	 0.7587  	 	 0.5762 	 0.7546  	 	 0.4737 	 0.8519  	 	 1.6554 	 0.4822  	 	 1.6643 	 0.4804
[2024/03/31 23:11:30] - 158 		 156.0 	 	 36.2 	 	 0.0010 	 	  0.2020 	 0.9658 	 	 0.5606  	 0.7613  	 	 0.5716 	 0.7573  	 	 0.4880 	 0.8497  	 	 1.6478 	 0.4861  	 	 1.6558 	 0.4837
[2024/03/31 23:14:43] - 159 		 156.5 	 	 36.4 	 	 0.0010 	 	  0.1970 	 0.9667 	 	 0.5514  	 0.7636  	 	 0.5625 	 0.7597  	 	 0.5058 	 0.8391  	 	 1.6982 	 0.4792  	 	 1.7065 	 0.4774
[2024/03/31 23:17:56] - 160 		 156.9 	 	 35.9 	 	 0.0010 	 	  0.1934 	 0.9680 	 	 0.5453  	 0.7670  	 	 0.5566 	 0.7623  	 	 0.5016 	 0.8440  	 	 1.6198 	 0.4927  	 	 1.6273 	 0.4914
[2024/03/31 23:21:07] - 161 		 156.1 	 	 35.8 	 	 0.0010 	 	  0.1908 	 0.9683 	 	 0.5408  	 0.7682  	 	 0.5521 	 0.7632  	 	 0.5067 	 0.8377  	 	 1.6276 	 0.4934  	 	 1.6355 	 0.4926
[2024/03/31 23:24:19] - 162 		 156.0 	 	 35.7 	 	 0.0010 	 	  0.1865 	 0.9702 	 	 0.5327  	 0.7705  	 	 0.5441 	 0.7659  	 	 0.4913 	 0.8430  	 	 1.7130 	 0.4851  	 	 1.7219 	 0.4832
[2024/03/31 23:27:32] - 163 		 156.8 	 	 36.1 	 	 0.0010 	 	  0.1836 	 0.9700 	 	 0.5283  	 0.7731  	 	 0.5397 	 0.7681  	 	 0.4844 	 0.8485  	 	 1.6637 	 0.4907  	 	 1.6723 	 0.4889
[2024/03/31 23:30:45] - 164 		 156.5 	 	 36.4 	 	 0.0010 	 	  0.1796 	 0.9719 	 	 0.5241  	 0.7720  	 	 0.5357 	 0.7675  	 	 0.4924 	 0.8440  	 	 1.7738 	 0.4762  	 	 1.7825 	 0.4740
[2024/03/31 23:33:57] - 165 		 155.9 	 	 35.8 	 	 0.0010 	 	  0.1771 	 0.9716 	 	 0.5180  	 0.7756  	 	 0.5297 	 0.7701  	 	 0.4923 	 0.8481  	 	 1.7584 	 0.4747  	 	 1.7676 	 0.4732
[2024/03/31 23:37:09] - 166 		 156.8 	 	 35.9 	 	 0.0010 	 	  0.1738 	 0.9721 	 	 0.5124  	 0.7791  	 	 0.5241 	 0.7745  	 	 0.5017 	 0.8386  	 	 1.6681 	 0.4848  	 	 1.6762 	 0.4828
[2024/03/31 23:40:22] - 167 		 156.1 	 	 36.9 	 	 0.0010 	 	  0.1717 	 0.9731 	 	 0.5085  	 0.7801  	 	 0.5204 	 0.7761  	 	 0.4947 	 0.8436  	 	 1.8566 	 0.4753  	 	 1.8661 	 0.4733
[2024/03/31 23:43:35] - 168 		 156.1 	 	 36.3 	 	 0.0010 	 	  0.1682 	 0.9736 	 	 0.5049  	 0.7818  	 	 0.5168 	 0.7765  	 	 0.4877 	 0.8439  	 	 1.7396 	 0.4843  	 	 1.7490 	 0.4816
[2024/03/31 23:46:48] - 169 		 157.3 	 	 36.2 	 	 0.0010 	 	  0.1661 	 0.9745 	 	 0.5002  	 0.7834  	 	 0.5126 	 0.7785  	 	 0.4937 	 0.8460  	 	 1.7733 	 0.4809  	 	 1.7822 	 0.4784
[2024/03/31 23:50:00] - 170 		 156.1 	 	 36.0 	 	 0.0010 	 	  0.1646 	 0.9747 	 	 0.5004  	 0.7809  	 	 0.5124 	 0.7762  	 	 0.5403 	 0.8323  	 	 1.8830 	 0.4618  	 	 1.8916 	 0.4609
[2024/03/31 23:53:13] - 171 		 156.9 	 	 36.0 	 	 0.0010 	 	  0.1615 	 0.9757 	 	 0.4933  	 0.7838  	 	 0.5057 	 0.7799  	 	 0.5003 	 0.8407  	 	 1.7376 	 0.4835  	 	 1.7465 	 0.4807
[2024/03/31 23:56:27] - 172 		 157.5 	 	 36.2 	 	 0.0010 	 	  0.1587 	 0.9755 	 	 0.4889  	 0.7866  	 	 0.5014 	 0.7811  	 	 0.4915 	 0.8488  	 	 1.8131 	 0.4700  	 	 1.8218 	 0.4675
[2024/03/31 23:59:40] - 173 		 156.0 	 	 36.6 	 	 0.0010 	 	  0.1572 	 0.9761 	 	 0.4845  	 0.7882  	 	 0.4968 	 0.7836  	 	 0.5325 	 0.8370  	 	 1.8493 	 0.4644  	 	 1.8571 	 0.4623
[2024/04/01 00:02:52] - 174 		 156.7 	 	 36.0 	 	 0.0010 	 	  0.1546 	 0.9767 	 	 0.4805  	 0.7908  	 	 0.4930 	 0.7859  	 	 0.4910 	 0.8435  	 	 1.8470 	 0.4735  	 	 1.8581 	 0.4705
[2024/04/01 00:06:05] - 175 		 156.2 	 	 36.6 	 	 0.0010 	 	  0.1531 	 0.9767 	 	 0.4809  	 0.7913  	 	 0.4934 	 0.7859  	 	 0.4977 	 0.8441  	 	 1.8704 	 0.4686  	 	 1.8804 	 0.4661
[2024/04/01 00:09:17] - 176 		 156.2 	 	 35.9 	 	 0.0010 	 	  0.1506 	 0.9784 	 	 0.4765  	 0.7915  	 	 0.4893 	 0.7865  	 	 0.5108 	 0.8409  	 	 2.1812 	 0.4438  	 	 2.1943 	 0.4415
[2024/04/01 00:12:30] - 177 		 156.9 	 	 36.4 	 	 0.0010 	 	  0.1475 	 0.9777 	 	 0.4678  	 0.7964  	 	 0.4807 	 0.7904  	 	 0.4995 	 0.8433  	 	 1.8819 	 0.4660  	 	 1.8924 	 0.4631
[2024/04/01 00:15:43] - 178 		 155.9 	 	 36.9 	 	 0.0010 	 	  0.1457 	 0.9784 	 	 0.4677  	 0.7956  	 	 0.4807 	 0.7892  	 	 0.4997 	 0.8371  	 	 1.8081 	 0.4813  	 	 1.8171 	 0.4800
[2024/04/01 00:18:55] - 179 		 156.3 	 	 35.9 	 	 0.0010 	 	  0.1435 	 0.9790 	 	 0.4652  	 0.7959  	 	 0.4784 	 0.7907  	 	 0.5003 	 0.8423  	 	 1.8225 	 0.4745  	 	 1.8329 	 0.4726
[2024/04/01 00:22:08] - 180 		 156.8 	 	 35.7 	 	 0.0010 	 	  0.1416 	 0.9793 	 	 0.4591  	 0.8002  	 	 0.4722 	 0.7946  	 	 0.4938 	 0.8448  	 	 1.9299 	 0.4597  	 	 1.9404 	 0.4572
[2024/04/01 00:25:20] - 181 		 156.0 	 	 36.0 	 	 0.0010 	 	  0.1392 	 0.9795 	 	 0.4542  	 0.8002  	 	 0.4673 	 0.7952  	 	 0.4958 	 0.8428  	 	 1.9190 	 0.4625  	 	 1.9301 	 0.4598
[2024/04/01 00:28:33] - 182 		 156.6 	 	 36.5 	 	 0.0010 	 	  0.1382 	 0.9808 	 	 0.4528  	 0.8032  	 	 0.4658 	 0.7978  	 	 0.4998 	 0.8424  	 	 1.9091 	 0.4658  	 	 1.9194 	 0.4628
[2024/04/01 00:31:47] - 183 		 157.4 	 	 36.5 	 	 0.0010 	 	  0.1363 	 0.9807 	 	 0.4530  	 0.8031  	 	 0.4664 	 0.7972  	 	 0.5101 	 0.8345  	 	 1.7996 	 0.4837  	 	 1.8100 	 0.4792
[2024/04/01 00:34:59] - 184 		 156.1 	 	 35.8 	 	 0.0010 	 	  0.1355 	 0.9812 	 	 0.4486  	 0.8028  	 	 0.4620 	 0.7977  	 	 0.4979 	 0.8412  	 	 1.8760 	 0.4705  	 	 1.8857 	 0.4685
[2024/04/01 00:38:12] - 185 		 157.3 	 	 36.1 	 	 0.0010 	 	  0.1331 	 0.9813 	 	 0.4470  	 0.8045  	 	 0.4604 	 0.7991  	 	 0.4997 	 0.8395  	 	 1.8662 	 0.4722  	 	 1.8756 	 0.4698
[2024/04/01 00:41:25] - 186 		 155.9 	 	 37.1 	 	 0.0010 	 	  0.1310 	 0.9817 	 	 0.4399  	 0.8077  	 	 0.4534 	 0.8022  	 	 0.4917 	 0.8445  	 	 1.9796 	 0.4632  	 	 1.9925 	 0.4612
[2024/04/01 00:44:38] - 187 		 156.1 	 	 36.3 	 	 0.0010 	 	  0.1291 	 0.9816 	 	 0.4375  	 0.8088  	 	 0.4513 	 0.8037  	 	 0.4938 	 0.8413  	 	 2.0294 	 0.4612  	 	 2.0424 	 0.4588
[2024/04/01 00:47:50] - 188 		 156.7 	 	 35.9 	 	 0.0010 	 	  0.1278 	 0.9817 	 	 0.4385  	 0.8080  	 	 0.4522 	 0.8025  	 	 0.5027 	 0.8423  	 	 2.1272 	 0.4503  	 	 2.1410 	 0.4468
[2024/04/01 00:51:02] - 189 		 156.2 	 	 35.8 	 	 0.0010 	 	  0.1262 	 0.9824 	 	 0.4319  	 0.8117  	 	 0.4459 	 0.8062  	 	 0.4861 	 0.8498  	 	 2.1138 	 0.4546  	 	 2.1281 	 0.4512
[2024/04/01 00:54:15] - 190 		 156.8 	 	 36.0 	 	 0.0010 	 	  0.1238 	 0.9822 	 	 0.4274  	 0.8134  	 	 0.4416 	 0.8069  	 	 0.4935 	 0.8424  	 	 1.9608 	 0.4704  	 	 1.9735 	 0.4683
[2024/04/01 00:57:29] - 191 		 157.9 	 	 36.4 	 	 0.0010 	 	  0.1226 	 0.9832 	 	 0.4276  	 0.8129  	 	 0.4420 	 0.8062  	 	 0.5123 	 0.8409  	 	 1.9759 	 0.4674  	 	 1.9882 	 0.4646
[2024/04/01 01:00:41] - 192 		 155.8 	 	 36.3 	 	 0.0010 	 	  0.1216 	 0.9835 	 	 0.4255  	 0.8138  	 	 0.4395 	 0.8078  	 	 0.5042 	 0.8383  	 	 2.0534 	 0.4564  	 	 2.0666 	 0.4546
[2024/04/01 01:03:55] - 193 		 157.6 	 	 36.1 	 	 0.0010 	 	  0.1197 	 0.9836 	 	 0.4212  	 0.8154  	 	 0.4355 	 0.8097  	 	 0.4881 	 0.8442  	 	 1.9866 	 0.4654  	 	 1.9990 	 0.4629
[2024/04/01 01:07:07] - 194 		 156.1 	 	 35.9 	 	 0.0010 	 	  0.1181 	 0.9837 	 	 0.4181  	 0.8153  	 	 0.4324 	 0.8091  	 	 0.5267 	 0.8330  	 	 2.1196 	 0.4473  	 	 2.1316 	 0.4448
[2024/04/01 01:10:20] - 195 		 157.0 	 	 36.2 	 	 0.0010 	 	  0.1160 	 0.9849 	 	 0.4173  	 0.8162  	 	 0.4319 	 0.8101  	 	 0.5126 	 0.8408  	 	 2.0942 	 0.4489  	 	 2.1066 	 0.4473
[2024/04/01 01:13:34] - 196 		 156.0 	 	 37.5 	 	 0.0010 	 	  0.1151 	 0.9847 	 	 0.4132  	 0.8186  	 	 0.4278 	 0.8133  	 	 0.5024 	 0.8425  	 	 1.9783 	 0.4556  	 	 1.9889 	 0.4538
[2024/04/01 01:16:46] - 197 		 156.0 	 	 36.1 	 	 0.0010 	 	  0.1132 	 0.9850 	 	 0.4116  	 0.8196  	 	 0.4265 	 0.8135  	 	 0.5118 	 0.8399  	 	 2.0186 	 0.4576  	 	 2.0297 	 0.4556
[2024/04/01 01:19:59] - 198 		 157.3 	 	 36.2 	 	 0.0010 	 	  0.1122 	 0.9859 	 	 0.4093  	 0.8194  	 	 0.4245 	 0.8124  	 	 0.5106 	 0.8406  	 	 2.2893 	 0.4447  	 	 2.3053 	 0.4404
[2024/04/01 01:23:13] - 199 		 156.2 	 	 37.2 	 	 0.0010 	 	  0.1109 	 0.9856 	 	 0.4067  	 0.8213  	 	 0.4211 	 0.8160  	 	 0.5172 	 0.8339  	 	 1.8627 	 0.4673  	 	 1.8717 	 0.4657
[2024/04/01 01:26:26] - 200 		 156.2 	 	 36.3 	 	 0.0010 	 	  0.1097 	 0.9854 	 	 0.4052  	 0.8225  	 	 0.4205 	 0.8161  	 	 0.5062 	 0.8423  	 	 2.0512 	 0.4635  	 	 2.0625 	 0.4602
