[2024/05/20 11:38:10] - Namespace(att_method='norm_steep', attack_iters=10, batch_size=128, beta=6.0, chkpt_iters=50, dataset='cifar10', epochs=201, epsilon=0.03137254901960784, eq_vol=1, eval_method='sign', lr_chechpoint1=100, lr_chechpoint2=150, lr_max=0.1, lr_schedule='piecewise', manual_step=0, model='PreRes18_standard', momentum=0.9, norm='l_inf', pgd_alpha=2.0, random_init=1, resume=0, seed=3, train_mode='adv_train', weight_decay=0.0005, width_factor=10)
[2024/05/20 11:38:16] - Epoch 	 Train Time 	 Test Time 	 LR 	 	 Train Loss 	 Train Acc 	 Train Adv Loss 	 Train Adv Acc 	 Train Surrogate Loss 	 Train Surrogate Acc 	 Test Loss 	 Test Acc 	 Test Adv Loss 	 Test Adv Acc 	 Test Surrogate Loss 	 Test Surrogate Acc 
[2024/05/20 11:42:30] - 0 		 208.2 	 	 45.8 	 	 0.1000  		 2.0046 	 0.2630 	 	 2.1528  	 0.1996  	 	 2.1573 	 0.1983  	 	 1.8026 	 0.3254  	 	 2.0132 	 0.2424  	 	 2.0209 	 0.2408
[2024/05/20 11:46:39] - 1 		 203.1 	 	 46.6 	 	 0.1000  		 1.7407 	 0.3647 	 	 1.9780  	 0.2569  	 	 1.9862 	 0.2544  	 	 1.6419 	 0.3990  	 	 1.9594 	 0.2620  	 	 1.9705 	 0.2591
[2024/05/20 11:50:55] - 2 		 207.5 	 	 47.7 	 	 0.1000  		 1.6097 	 0.4252 	 	 1.8955  	 0.2864  	 	 1.9058 	 0.2832  	 	 1.4859 	 0.4656  	 	 1.8270 	 0.2981  	 	 1.8402 	 0.2943
[2024/05/20 11:55:09] - 3 		 207.2 	 	 46.8 	 	 0.1000  		 1.5012 	 0.4751 	 	 1.8273  	 0.3126  	 	 1.8395 	 0.3086  	 	 1.4113 	 0.4937  	 	 1.7947 	 0.3241  	 	 1.8102 	 0.3186
[2024/05/20 11:59:25] - 4 		 208.9 	 	 47.2 	 	 0.1000  		 1.4040 	 0.5162 	 	 1.7630  	 0.3338  	 	 1.7774 	 0.3292  	 	 1.3024 	 0.5524  	 	 1.7429 	 0.3280  	 	 1.7628 	 0.3219
[2024/05/20 12:03:40] - 5 		 207.5 	 	 47.3 	 	 0.1000  		 1.3316 	 0.5514 	 	 1.7152  	 0.3507  	 	 1.7314 	 0.3455  	 	 1.2860 	 0.5584  	 	 1.7531 	 0.3394  	 	 1.7742 	 0.3318
[2024/05/20 12:07:54] - 6 		 208.1 	 	 46.7 	 	 0.1000  		 1.2717 	 0.5756 	 	 1.6733  	 0.3689  	 	 1.6910 	 0.3623  	 	 1.1844 	 0.6088  	 	 1.6330 	 0.3795  	 	 1.6538 	 0.3704
[2024/05/20 12:12:11] - 7 		 208.8 	 	 47.6 	 	 0.1000  		 1.2232 	 0.6017 	 	 1.6404  	 0.3807  	 	 1.6595 	 0.3746  	 	 1.1713 	 0.6188  	 	 1.6755 	 0.3773  	 	 1.7003 	 0.3671
[2024/05/20 12:16:28] - 8 		 209.8 	 	 47.4 	 	 0.1000  		 1.1812 	 0.6184 	 	 1.6118  	 0.3908  	 	 1.6322 	 0.3830  	 	 1.1172 	 0.6252  	 	 1.6242 	 0.3920  	 	 1.6492 	 0.3832
[2024/05/20 12:20:45] - 9 		 209.1 	 	 47.6 	 	 0.1000  		 1.1514 	 0.6332 	 	 1.5881  	 0.4027  	 	 1.6093 	 0.3958  	 	 1.0581 	 0.6519  	 	 1.5439 	 0.4199  	 	 1.5678 	 0.4106
[2024/05/20 12:25:02] - 10 		 209.5 	 	 47.7 	 	 0.1000  		 1.1243 	 0.6431 	 	 1.5708  	 0.4058  	 	 1.5929 	 0.3984  	 	 1.0597 	 0.6454  	 	 1.6505 	 0.3893  	 	 1.6821 	 0.3803
[2024/05/20 12:29:19] - 11 		 209.2 	 	 47.9 	 	 0.1000  		 1.0991 	 0.6547 	 	 1.5527  	 0.4128  	 	 1.5754 	 0.4043  	 	 1.0400 	 0.6486  	 	 1.5163 	 0.4260  	 	 1.5400 	 0.4195
[2024/05/20 12:33:35] - 12 		 208.5 	 	 47.4 	 	 0.1000  		 1.0788 	 0.6612 	 	 1.5374  	 0.4161  	 	 1.5609 	 0.4080  	 	 1.1183 	 0.6311  	 	 1.5839 	 0.4093  	 	 1.6058 	 0.3995
[2024/05/20 12:37:52] - 13 		 209.8 	 	 47.4 	 	 0.1000  		 1.0614 	 0.6703 	 	 1.5236  	 0.4243  	 	 1.5474 	 0.4154  	 	 0.9980 	 0.6828  	 	 1.5511 	 0.4224  	 	 1.5797 	 0.4117
[2024/05/20 12:42:09] - 14 		 209.6 	 	 47.3 	 	 0.1000  		 1.0440 	 0.6793 	 	 1.5112  	 0.4275  	 	 1.5356 	 0.4189  	 	 1.0140 	 0.6495  	 	 1.5282 	 0.4332  	 	 1.5534 	 0.4244
[2024/05/20 12:46:27] - 15 		 209.9 	 	 47.6 	 	 0.1000  		 1.0360 	 0.6788 	 	 1.5038  	 0.4335  	 	 1.5286 	 0.4245  	 	 1.0157 	 0.6753  	 	 1.4977 	 0.4397  	 	 1.5213 	 0.4296
[2024/05/20 12:50:44] - 16 		 209.5 	 	 47.5 	 	 0.1000  		 1.0219 	 0.6876 	 	 1.4956  	 0.4356  	 	 1.5208 	 0.4261  	 	 0.9962 	 0.6839  	 	 1.5078 	 0.4272  	 	 1.5340 	 0.4150
[2024/05/20 12:55:01] - 17 		 210.1 	 	 47.6 	 	 0.1000  		 1.0091 	 0.6899 	 	 1.4839  	 0.4378  	 	 1.5095 	 0.4286  	 	 0.9370 	 0.7041  	 	 1.5008 	 0.4316  	 	 1.5317 	 0.4182
[2024/05/20 12:59:18] - 18 		 209.2 	 	 47.2 	 	 0.1000  		 0.9969 	 0.6985 	 	 1.4742  	 0.4410  	 	 1.5003 	 0.4317  	 	 0.9881 	 0.6950  	 	 1.4806 	 0.4465  	 	 1.5051 	 0.4359
[2024/05/20 13:03:34] - 19 		 208.0 	 	 48.0 	 	 0.1000  		 0.9912 	 0.7005 	 	 1.4709  	 0.4412  	 	 1.4971 	 0.4315  	 	 0.9691 	 0.6681  	 	 1.5397 	 0.4241  	 	 1.5683 	 0.4135
[2024/05/20 13:07:51] - 20 		 209.7 	 	 47.5 	 	 0.1000  		 0.9887 	 0.6993 	 	 1.4680  	 0.4464  	 	 1.4942 	 0.4370  	 	 0.9794 	 0.7101  	 	 1.4768 	 0.4460  	 	 1.5011 	 0.4351
[2024/05/20 13:12:08] - 21 		 209.3 	 	 47.8 	 	 0.1000  		 0.9742 	 0.7071 	 	 1.4562  	 0.4475  	 	 1.4830 	 0.4379  	 	 0.9658 	 0.7036  	 	 1.4891 	 0.4506  	 	 1.5157 	 0.4388
[2024/05/20 13:16:25] - 22 		 209.3 	 	 47.6 	 	 0.1000  		 0.9719 	 0.7081 	 	 1.4547  	 0.4480  	 	 1.4816 	 0.4385  	 	 0.9065 	 0.6965  	 	 1.5007 	 0.4282  	 	 1.5335 	 0.4157
[2024/05/20 13:20:41] - 23 		 208.2 	 	 47.5 	 	 0.1000  		 0.9635 	 0.7113 	 	 1.4495  	 0.4507  	 	 1.4767 	 0.4408  	 	 0.8955 	 0.7114  	 	 1.4913 	 0.4384  	 	 1.5238 	 0.4248
[2024/05/20 13:24:57] - 24 		 209.6 	 	 46.5 	 	 0.1000  		 0.9598 	 0.7132 	 	 1.4466  	 0.4522  	 	 1.4739 	 0.4420  	 	 0.9129 	 0.7122  	 	 1.4664 	 0.4443  	 	 1.4947 	 0.4333
[2024/05/20 13:29:13] - 25 		 208.3 	 	 47.5 	 	 0.1000  		 0.9543 	 0.7150 	 	 1.4417  	 0.4536  	 	 1.4692 	 0.4442  	 	 0.9341 	 0.7168  	 	 1.4792 	 0.4477  	 	 1.5082 	 0.4375
[2024/05/20 13:33:30] - 26 		 209.3 	 	 47.8 	 	 0.1000  		 0.9498 	 0.7165 	 	 1.4359  	 0.4577  	 	 1.4633 	 0.4472  	 	 0.8947 	 0.7072  	 	 1.4529 	 0.4526  	 	 1.4829 	 0.4409
[2024/05/20 13:37:47] - 27 		 209.2 	 	 47.6 	 	 0.1000  		 0.9424 	 0.7174 	 	 1.4325  	 0.4557  	 	 1.4604 	 0.4451  	 	 0.8794 	 0.7128  	 	 1.4863 	 0.4475  	 	 1.5191 	 0.4376
[2024/05/20 13:42:02] - 28 		 208.2 	 	 46.9 	 	 0.1000  		 0.9349 	 0.7214 	 	 1.4247  	 0.4585  	 	 1.4527 	 0.4488  	 	 0.8982 	 0.7218  	 	 1.4643 	 0.4501  	 	 1.4953 	 0.4390
[2024/05/20 13:46:19] - 29 		 209.7 	 	 47.6 	 	 0.1000  		 0.9318 	 0.7228 	 	 1.4224  	 0.4618  	 	 1.4506 	 0.4510  	 	 0.9210 	 0.7110  	 	 1.4653 	 0.4481  	 	 1.4935 	 0.4376
[2024/05/20 13:50:35] - 30 		 208.4 	 	 47.5 	 	 0.1000  		 0.9283 	 0.7258 	 	 1.4208  	 0.4622  	 	 1.4491 	 0.4523  	 	 0.9591 	 0.7004  	 	 1.4752 	 0.4435  	 	 1.5008 	 0.4321
[2024/05/20 13:54:51] - 31 		 208.9 	 	 47.3 	 	 0.1000  		 0.9253 	 0.7267 	 	 1.4183  	 0.4614  	 	 1.4467 	 0.4514  	 	 0.9058 	 0.7295  	 	 1.4575 	 0.4510  	 	 1.4871 	 0.4362
[2024/05/20 13:59:08] - 32 		 209.6 	 	 47.5 	 	 0.1000  		 0.9207 	 0.7289 	 	 1.4137  	 0.4662  	 	 1.4420 	 0.4562  	 	 0.8903 	 0.7176  	 	 1.4376 	 0.4621  	 	 1.4668 	 0.4503
[2024/05/20 14:03:25] - 33 		 209.7 	 	 47.4 	 	 0.1000  		 0.9182 	 0.7286 	 	 1.4118  	 0.4654  	 	 1.4404 	 0.4540  	 	 0.9177 	 0.7275  	 	 1.4556 	 0.4568  	 	 1.4826 	 0.4460
[2024/05/20 14:07:42] - 34 		 209.6 	 	 47.3 	 	 0.1000  		 0.9134 	 0.7311 	 	 1.4097  	 0.4636  	 	 1.4385 	 0.4542  	 	 0.9417 	 0.7117  	 	 1.4930 	 0.4502  	 	 1.5202 	 0.4388
[2024/05/20 14:11:59] - 35 		 208.7 	 	 47.7 	 	 0.1000  		 0.9077 	 0.7331 	 	 1.4027  	 0.4683  	 	 1.4316 	 0.4583  	 	 0.8792 	 0.7305  	 	 1.5034 	 0.4410  	 	 1.5370 	 0.4276
[2024/05/20 14:16:15] - 36 		 209.4 	 	 46.8 	 	 0.1000  		 0.9112 	 0.7320 	 	 1.4059  	 0.4663  	 	 1.4347 	 0.4554  	 	 0.8799 	 0.7099  	 	 1.4962 	 0.4376  	 	 1.5308 	 0.4247
[2024/05/20 14:20:32] - 37 		 209.5 	 	 47.7 	 	 0.1000  		 0.9092 	 0.7308 	 	 1.4060  	 0.4659  	 	 1.4350 	 0.4560  	 	 0.9000 	 0.7441  	 	 1.4281 	 0.4660  	 	 1.4567 	 0.4538
[2024/05/20 14:24:50] - 38 		 210.1 	 	 47.5 	 	 0.1000  		 0.9044 	 0.7345 	 	 1.4021  	 0.4664  	 	 1.4312 	 0.4558  	 	 0.8546 	 0.7122  	 	 1.5249 	 0.4334  	 	 1.5637 	 0.4207
[2024/05/20 14:29:07] - 39 		 209.9 	 	 47.4 	 	 0.1000  		 0.9043 	 0.7339 	 	 1.4010  	 0.4682  	 	 1.4303 	 0.4576  	 	 0.9259 	 0.7003  	 	 1.4928 	 0.4462  	 	 1.5213 	 0.4354
[2024/05/20 14:33:24] - 40 		 209.0 	 	 47.7 	 	 0.1000  		 0.8997 	 0.7348 	 	 1.3980  	 0.4703  	 	 1.4274 	 0.4602  	 	 0.9050 	 0.7146  	 	 1.5723 	 0.4359  	 	 1.6122 	 0.4211
[2024/05/20 14:37:41] - 41 		 209.8 	 	 47.4 	 	 0.1000  		 0.8956 	 0.7383 	 	 1.3947  	 0.4700  	 	 1.4243 	 0.4589  	 	 0.8227 	 0.7496  	 	 1.4220 	 0.4680  	 	 1.4566 	 0.4531
[2024/05/20 14:41:58] - 42 		 209.8 	 	 47.3 	 	 0.1000  		 0.8965 	 0.7371 	 	 1.3950  	 0.4705  	 	 1.4247 	 0.4600  	 	 0.8293 	 0.7133  	 	 1.4602 	 0.4576  	 	 1.4975 	 0.4460
[2024/05/20 14:46:15] - 43 		 209.3 	 	 47.6 	 	 0.1000  		 0.8897 	 0.7386 	 	 1.3872  	 0.4744  	 	 1.4166 	 0.4637  	 	 0.8966 	 0.7112  	 	 1.4433 	 0.4614  	 	 1.4712 	 0.4503
[2024/05/20 14:50:32] - 44 		 209.2 	 	 47.6 	 	 0.1000  		 0.8958 	 0.7377 	 	 1.3951  	 0.4707  	 	 1.4246 	 0.4602  	 	 0.8568 	 0.7336  	 	 1.4512 	 0.4544  	 	 1.4844 	 0.4414
[2024/05/20 14:54:50] - 45 		 210.2 	 	 47.7 	 	 0.1000  		 0.8877 	 0.7387 	 	 1.3867  	 0.4715  	 	 1.4164 	 0.4615  	 	 0.8750 	 0.7337  	 	 1.4738 	 0.4536  	 	 1.5069 	 0.4402
[2024/05/20 14:59:05] - 46 		 207.5 	 	 47.6 	 	 0.1000  		 0.8874 	 0.7405 	 	 1.3873  	 0.4754  	 	 1.4171 	 0.4648  	 	 0.8451 	 0.7318  	 	 1.4184 	 0.4682  	 	 1.4499 	 0.4565
[2024/05/20 15:03:21] - 47 		 209.4 	 	 47.2 	 	 0.1000  		 0.8796 	 0.7433 	 	 1.3823  	 0.4746  	 	 1.4123 	 0.4642  	 	 0.8606 	 0.7111  	 	 1.6537 	 0.4126  	 	 1.7038 	 0.4007
[2024/05/20 15:07:38] - 48 		 209.6 	 	 47.3 	 	 0.1000  		 0.8867 	 0.7414 	 	 1.3896  	 0.4715  	 	 1.4195 	 0.4612  	 	 0.8729 	 0.7322  	 	 1.4691 	 0.4521  	 	 1.5028 	 0.4385
[2024/05/20 15:11:55] - 49 		 209.9 	 	 47.5 	 	 0.1000  		 0.8807 	 0.7450 	 	 1.3817  	 0.4752  	 	 1.4115 	 0.4641  	 	 0.8473 	 0.7281  	 	 1.4516 	 0.4539  	 	 1.4861 	 0.4413
[2024/05/20 15:16:14] - 50 		 209.7 	 	 48.3 	 	 0.1000  		 0.8762 	 0.7450 	 	 1.3798  	 0.4762  	 	 1.4099 	 0.4649  	 	 0.8684 	 0.7317  	 	 1.4790 	 0.4436  	 	 1.5134 	 0.4282
[2024/05/20 15:20:31] - 51 		 209.6 	 	 47.4 	 	 0.1000  		 0.8827 	 0.7427 	 	 1.3834  	 0.4726  	 	 1.4134 	 0.4624  	 	 0.8497 	 0.7366  	 	 1.4292 	 0.4697  	 	 1.4621 	 0.4545
[2024/05/20 15:24:48] - 52 		 209.5 	 	 47.5 	 	 0.1000  		 0.8769 	 0.7451 	 	 1.3790  	 0.4773  	 	 1.4093 	 0.4674  	 	 0.8615 	 0.7123  	 	 1.4303 	 0.4617  	 	 1.4617 	 0.4504
[2024/05/20 15:29:06] - 53 		 210.0 	 	 47.8 	 	 0.1000  		 0.8741 	 0.7457 	 	 1.3767  	 0.4767  	 	 1.4069 	 0.4660  	 	 0.8560 	 0.7207  	 	 1.4900 	 0.4341  	 	 1.5269 	 0.4216
[2024/05/20 15:33:24] - 54 		 210.7 	 	 47.7 	 	 0.1000  		 0.8729 	 0.7471 	 	 1.3766  	 0.4773  	 	 1.4070 	 0.4662  	 	 0.8780 	 0.7163  	 	 1.4072 	 0.4762  	 	 1.4352 	 0.4653
[2024/05/20 15:37:41] - 55 		 209.0 	 	 47.7 	 	 0.1000  		 0.8753 	 0.7451 	 	 1.3793  	 0.4769  	 	 1.4097 	 0.4663  	 	 0.8609 	 0.7351  	 	 1.4334 	 0.4685  	 	 1.4651 	 0.4549
[2024/05/20 15:41:58] - 56 		 209.1 	 	 48.0 	 	 0.1000  		 0.8748 	 0.7456 	 	 1.3771  	 0.4753  	 	 1.4074 	 0.4648  	 	 0.8751 	 0.7439  	 	 1.4281 	 0.4679  	 	 1.4582 	 0.4554
[2024/05/20 15:46:15] - 57 		 209.1 	 	 47.6 	 	 0.1000  		 0.8669 	 0.7502 	 	 1.3721  	 0.4794  	 	 1.4027 	 0.4679  	 	 0.8435 	 0.7323  	 	 1.4859 	 0.4477  	 	 1.5219 	 0.4351
[2024/05/20 15:50:31] - 58 		 208.9 	 	 47.2 	 	 0.1000  		 0.8717 	 0.7494 	 	 1.3761  	 0.4793  	 	 1.4066 	 0.4682  	 	 0.8141 	 0.7517  	 	 1.4178 	 0.4726  	 	 1.4523 	 0.4613
[2024/05/20 15:54:48] - 59 		 210.3 	 	 47.3 	 	 0.1000  		 0.8671 	 0.7502 	 	 1.3732  	 0.4774  	 	 1.4037 	 0.4672  	 	 0.8283 	 0.7381  	 	 1.4317 	 0.4660  	 	 1.4656 	 0.4537
[2024/05/20 15:59:06] - 60 		 210.1 	 	 48.0 	 	 0.1000  		 0.8731 	 0.7484 	 	 1.3777  	 0.4750  	 	 1.4081 	 0.4650  	 	 0.7666 	 0.7516  	 	 1.4255 	 0.4691  	 	 1.4653 	 0.4550
[2024/05/20 16:03:23] - 61 		 209.0 	 	 47.4 	 	 0.1000  		 0.8674 	 0.7504 	 	 1.3732  	 0.4799  	 	 1.4038 	 0.4686  	 	 0.8284 	 0.7397  	 	 1.4270 	 0.4659  	 	 1.4605 	 0.4522
[2024/05/20 16:07:40] - 62 		 209.9 	 	 47.5 	 	 0.1000  		 0.8658 	 0.7500 	 	 1.3709  	 0.4805  	 	 1.4015 	 0.4705  	 	 0.8179 	 0.7487  	 	 1.3991 	 0.4743  	 	 1.4324 	 0.4612
[2024/05/20 16:11:58] - 63 		 209.6 	 	 48.3 	 	 0.1000  		 0.8622 	 0.7514 	 	 1.3701  	 0.4792  	 	 1.4010 	 0.4689  	 	 0.8665 	 0.7439  	 	 1.4975 	 0.4478  	 	 1.5327 	 0.4348
[2024/05/20 16:16:15] - 64 		 209.8 	 	 47.4 	 	 0.1000  		 0.8632 	 0.7529 	 	 1.3677  	 0.4838  	 	 1.3983 	 0.4724  	 	 0.8716 	 0.7228  	 	 1.4351 	 0.4644  	 	 1.4644 	 0.4530
[2024/05/20 16:20:33] - 65 		 210.3 	 	 47.6 	 	 0.1000  		 0.8592 	 0.7527 	 	 1.3667  	 0.4814  	 	 1.3975 	 0.4704  	 	 0.8449 	 0.7366  	 	 1.4456 	 0.4592  	 	 1.4800 	 0.4459
[2024/05/20 16:24:49] - 66 		 209.3 	 	 46.9 	 	 0.1000  		 0.8597 	 0.7517 	 	 1.3672  	 0.4794  	 	 1.3981 	 0.4682  	 	 0.8962 	 0.7230  	 	 1.4461 	 0.4625  	 	 1.4758 	 0.4508
[2024/05/20 16:29:06] - 67 		 209.2 	 	 47.6 	 	 0.1000  		 0.8573 	 0.7527 	 	 1.3645  	 0.4790  	 	 1.3954 	 0.4680  	 	 0.8528 	 0.7185  	 	 1.4204 	 0.4718  	 	 1.4512 	 0.4589
[2024/05/20 16:33:23] - 68 		 209.8 	 	 47.3 	 	 0.1000  		 0.8604 	 0.7512 	 	 1.3650  	 0.4785  	 	 1.3957 	 0.4669  	 	 0.9174 	 0.7118  	 	 1.5289 	 0.4480  	 	 1.5626 	 0.4362
[2024/05/20 16:37:40] - 69 		 208.8 	 	 47.5 	 	 0.1000  		 0.8608 	 0.7523 	 	 1.3686  	 0.4785  	 	 1.3994 	 0.4671  	 	 0.8108 	 0.7458  	 	 1.4065 	 0.4700  	 	 1.4402 	 0.4573
[2024/05/20 16:41:56] - 70 		 209.2 	 	 47.5 	 	 0.1000  		 0.8601 	 0.7537 	 	 1.3668  	 0.4804  	 	 1.3977 	 0.4690  	 	 0.8645 	 0.7440  	 	 1.3985 	 0.4779  	 	 1.4268 	 0.4673
[2024/05/20 16:46:14] - 71 		 209.8 	 	 47.8 	 	 0.1000  		 0.8539 	 0.7553 	 	 1.3618  	 0.4818  	 	 1.3929 	 0.4705  	 	 0.8206 	 0.7495  	 	 1.4131 	 0.4680  	 	 1.4457 	 0.4549
[2024/05/20 16:50:29] - 72 		 208.1 	 	 47.4 	 	 0.1000  		 0.8513 	 0.7575 	 	 1.3614  	 0.4819  	 	 1.3925 	 0.4705  	 	 0.8166 	 0.7420  	 	 1.4188 	 0.4655  	 	 1.4534 	 0.4518
[2024/05/20 16:54:46] - 73 		 209.0 	 	 47.8 	 	 0.1000  		 0.8503 	 0.7578 	 	 1.3588  	 0.4848  	 	 1.3898 	 0.4729  	 	 0.8593 	 0.7384  	 	 1.4205 	 0.4724  	 	 1.4514 	 0.4604
[2024/05/20 16:59:02] - 74 		 208.1 	 	 47.5 	 	 0.1000  		 0.8555 	 0.7539 	 	 1.3634  	 0.4828  	 	 1.3945 	 0.4718  	 	 0.8568 	 0.7314  	 	 1.4431 	 0.4711  	 	 1.4746 	 0.4592
[2024/05/20 17:03:19] - 75 		 209.5 	 	 47.5 	 	 0.1000  		 0.8555 	 0.7553 	 	 1.3659  	 0.4808  	 	 1.3972 	 0.4685  	 	 0.8391 	 0.7353  	 	 1.4606 	 0.4621  	 	 1.4954 	 0.4486
[2024/05/20 17:07:36] - 76 		 209.7 	 	 47.7 	 	 0.1000  		 0.8503 	 0.7553 	 	 1.3594  	 0.4806  	 	 1.3906 	 0.4692  	 	 0.8171 	 0.7496  	 	 1.4106 	 0.4679  	 	 1.4437 	 0.4557
[2024/05/20 17:11:53] - 77 		 209.6 	 	 47.1 	 	 0.1000  		 0.8537 	 0.7549 	 	 1.3608  	 0.4813  	 	 1.3919 	 0.4710  	 	 0.8464 	 0.7429  	 	 1.4281 	 0.4539  	 	 1.4605 	 0.4406
[2024/05/20 17:16:07] - 78 		 208.5 	 	 46.2 	 	 0.1000  		 0.8530 	 0.7551 	 	 1.3598  	 0.4826  	 	 1.3909 	 0.4715  	 	 0.8227 	 0.7238  	 	 1.4358 	 0.4516  	 	 1.4707 	 0.4357
[2024/05/20 17:20:20] - 79 		 206.1 	 	 46.4 	 	 0.1000  		 0.8530 	 0.7552 	 	 1.3629  	 0.4817  	 	 1.3942 	 0.4707  	 	 0.8443 	 0.7336  	 	 1.4448 	 0.4608  	 	 1.4784 	 0.4473
[2024/05/20 17:24:31] - 80 		 204.8 	 	 46.8 	 	 0.1000  		 0.8527 	 0.7563 	 	 1.3628  	 0.4813  	 	 1.3941 	 0.4697  	 	 0.8818 	 0.7148  	 	 1.4495 	 0.4523  	 	 1.4795 	 0.4423
[2024/05/20 17:28:49] - 81 		 209.9 	 	 47.4 	 	 0.1000  		 0.8507 	 0.7552 	 	 1.3588  	 0.4822  	 	 1.3902 	 0.4704  	 	 0.7780 	 0.7592  	 	 1.4785 	 0.4501  	 	 1.5240 	 0.4339
[2024/05/20 17:33:06] - 82 		 210.0 	 	 47.5 	 	 0.1000  		 0.8494 	 0.7560 	 	 1.3551  	 0.4850  	 	 1.3862 	 0.4735  	 	 0.7757 	 0.7464  	 	 1.4113 	 0.4714  	 	 1.4479 	 0.4580
[2024/05/20 17:37:23] - 83 		 209.6 	 	 47.5 	 	 0.1000  		 0.8456 	 0.7590 	 	 1.3574  	 0.4828  	 	 1.3890 	 0.4716  	 	 0.7740 	 0.7626  	 	 1.4445 	 0.4521  	 	 1.4857 	 0.4390
[2024/05/20 17:41:41] - 84 		 210.1 	 	 47.6 	 	 0.1000  		 0.8499 	 0.7576 	 	 1.3597  	 0.4845  	 	 1.3911 	 0.4735  	 	 0.8406 	 0.7446  	 	 1.4091 	 0.4731  	 	 1.4404 	 0.4609
[2024/05/20 17:45:59] - 85 		 209.7 	 	 47.9 	 	 0.1000  		 0.8504 	 0.7550 	 	 1.3570  	 0.4851  	 	 1.3884 	 0.4729  	 	 0.8178 	 0.7749  	 	 1.4090 	 0.4780  	 	 1.4431 	 0.4616
[2024/05/20 17:50:16] - 86 		 209.2 	 	 47.5 	 	 0.1000  		 0.8461 	 0.7573 	 	 1.3551  	 0.4829  	 	 1.3866 	 0.4715  	 	 0.8607 	 0.7341  	 	 1.4253 	 0.4699  	 	 1.4569 	 0.4580
[2024/05/20 17:54:32] - 87 		 208.8 	 	 47.2 	 	 0.1000  		 0.8450 	 0.7575 	 	 1.3549  	 0.4833  	 	 1.3865 	 0.4725  	 	 0.8185 	 0.7513  	 	 1.4149 	 0.4658  	 	 1.4503 	 0.4522
[2024/05/20 17:58:50] - 88 		 210.6 	 	 48.1 	 	 0.1000  		 0.8476 	 0.7569 	 	 1.3588  	 0.4828  	 	 1.3904 	 0.4716  	 	 0.8351 	 0.7340  	 	 1.4344 	 0.4554  	 	 1.4696 	 0.4411
[2024/05/20 18:03:06] - 89 		 208.6 	 	 47.6 	 	 0.1000  		 0.8486 	 0.7568 	 	 1.3565  	 0.4844  	 	 1.3877 	 0.4728  	 	 0.8007 	 0.7526  	 	 1.4585 	 0.4517  	 	 1.4991 	 0.4347
[2024/05/20 18:07:24] - 90 		 209.6 	 	 47.6 	 	 0.1000  		 0.8473 	 0.7568 	 	 1.3549  	 0.4851  	 	 1.3863 	 0.4743  	 	 0.8674 	 0.7418  	 	 1.4340 	 0.4629  	 	 1.4640 	 0.4511
[2024/05/20 18:11:40] - 91 		 208.2 	 	 47.9 	 	 0.1000  		 0.8473 	 0.7579 	 	 1.3565  	 0.4833  	 	 1.3880 	 0.4719  	 	 0.8462 	 0.7335  	 	 1.4267 	 0.4707  	 	 1.4584 	 0.4558
[2024/05/20 18:15:56] - 92 		 209.0 	 	 47.3 	 	 0.1000  		 0.8503 	 0.7543 	 	 1.3583  	 0.4847  	 	 1.3897 	 0.4744  	 	 0.7880 	 0.7509  	 	 1.4370 	 0.4565  	 	 1.4765 	 0.4417
[2024/05/20 18:20:13] - 93 		 209.3 	 	 47.3 	 	 0.1000  		 0.8381 	 0.7603 	 	 1.3498  	 0.4849  	 	 1.3815 	 0.4737  	 	 0.8245 	 0.7302  	 	 1.4317 	 0.4559  	 	 1.4664 	 0.4453
[2024/05/20 18:24:29] - 94 		 208.7 	 	 47.9 	 	 0.1000  		 0.8410 	 0.7613 	 	 1.3514  	 0.4845  	 	 1.3832 	 0.4730  	 	 0.8546 	 0.7455  	 	 1.4560 	 0.4538  	 	 1.4897 	 0.4400
[2024/05/20 18:28:45] - 95 		 207.9 	 	 47.5 	 	 0.1000  		 0.8435 	 0.7617 	 	 1.3544  	 0.4840  	 	 1.3860 	 0.4735  	 	 0.8314 	 0.7326  	 	 1.5535 	 0.4375  	 	 1.5977 	 0.4243
[2024/05/20 18:33:03] - 96 		 210.6 	 	 47.9 	 	 0.1000  		 0.8446 	 0.7593 	 	 1.3545  	 0.4836  	 	 1.3860 	 0.4721  	 	 0.8197 	 0.7509  	 	 1.4239 	 0.4689  	 	 1.4588 	 0.4549
[2024/05/20 18:37:20] - 97 		 209.3 	 	 47.1 	 	 0.1000  		 0.8399 	 0.7607 	 	 1.3508  	 0.4863  	 	 1.3823 	 0.4751  	 	 0.8506 	 0.7337  	 	 1.4261 	 0.4607  	 	 1.4575 	 0.4486
[2024/05/20 18:41:38] - 98 		 210.6 	 	 47.5 	 	 0.1000  		 0.8408 	 0.7605 	 	 1.3515  	 0.4852  	 	 1.3833 	 0.4740  	 	 0.8530 	 0.7319  	 	 1.4334 	 0.4579  	 	 1.4665 	 0.4450
[2024/05/20 18:45:55] - 99 		 210.2 	 	 47.0 	 	 0.0100  		 0.8396 	 0.7615 	 	 1.3510  	 0.4858  	 	 1.3828 	 0.4740  	 	 0.8588 	 0.7469  	 	 1.4194 	 0.4762  	 	 1.4494 	 0.4614
[2024/05/20 18:50:14] - 100 		 209.7 	 	 47.4 	 	 0.0100  		 0.6791 	 0.8248 	 	 1.1534  	 0.5557  	 	 1.1845 	 0.5431  	 	 0.6971 	 0.7983  	 	 1.2751 	 0.5203  	 	 1.3108 	 0.5060
[2024/05/20 18:54:31] - 101 		 210.1 	 	 46.7 	 	 0.0100  		 0.6021 	 0.8425 	 	 1.0876  	 0.5750  	 	 1.1215 	 0.5603  	 	 0.6440 	 0.8115  	 	 1.2363 	 0.5368  	 	 1.2721 	 0.5225
[2024/05/20 18:58:47] - 102 		 208.6 	 	 47.6 	 	 0.0100  		 0.5743 	 0.8513 	 	 1.0589  	 0.5878  	 	 1.0934 	 0.5739  	 	 0.6174 	 0.8137  	 	 1.2327 	 0.5362  	 	 1.2717 	 0.5242
[2024/05/20 19:03:05] - 103 		 210.8 	 	 47.5 	 	 0.0100  		 0.5538 	 0.8583 	 	 1.0387  	 0.5939  	 	 1.0741 	 0.5791  	 	 0.6503 	 0.8138  	 	 1.2491 	 0.5331  	 	 1.2866 	 0.5174
[2024/05/20 19:07:22] - 104 		 209.1 	 	 47.7 	 	 0.0100  		 0.5389 	 0.8626 	 	 1.0228  	 0.5988  	 	 1.0588 	 0.5840  	 	 0.5796 	 0.8248  	 	 1.2631 	 0.5309  	 	 1.3085 	 0.5156
[2024/05/20 19:11:39] - 105 		 209.3 	 	 47.2 	 	 0.0100  		 0.5252 	 0.8676 	 	 1.0097  	 0.6027  	 	 1.0464 	 0.5887  	 	 0.6375 	 0.8195  	 	 1.2366 	 0.5438  	 	 1.2735 	 0.5292
[2024/05/20 19:15:56] - 106 		 209.8 	 	 47.6 	 	 0.0100  		 0.5137 	 0.8717 	 	 0.9953  	 0.6081  	 	 1.0324 	 0.5929  	 	 0.5868 	 0.8273  	 	 1.2475 	 0.5365  	 	 1.2925 	 0.5179
[2024/05/20 19:20:13] - 107 		 208.9 	 	 47.7 	 	 0.0100  		 0.4998 	 0.8752 	 	 0.9844  	 0.6110  	 	 1.0227 	 0.5957  	 	 0.6027 	 0.8231  	 	 1.2734 	 0.5329  	 	 1.3175 	 0.5157
[2024/05/20 19:24:22] - 108 		 203.4 	 	 45.7 	 	 0.0100  		 0.4944 	 0.8770 	 	 0.9779  	 0.6129  	 	 1.0162 	 0.5964  	 	 0.6043 	 0.8240  	 	 1.2518 	 0.5369  	 	 1.2939 	 0.5217
[2024/05/20 19:28:30] - 109 		 202.7 	 	 45.7 	 	 0.0100  		 0.4821 	 0.8814 	 	 0.9652  	 0.6166  	 	 1.0039 	 0.6004  	 	 0.5561 	 0.8331  	 	 1.2875 	 0.5262  	 	 1.3401 	 0.5113
[2024/05/20 19:32:39] - 110 		 202.7 	 	 45.8 	 	 0.0100  		 0.4742 	 0.8849 	 	 0.9563  	 0.6212  	 	 0.9955 	 0.6051  	 	 0.5737 	 0.8243  	 	 1.3327 	 0.5154  	 	 1.3854 	 0.4997
[2024/05/20 19:36:47] - 111 		 202.4 	 	 46.2 	 	 0.0100  		 0.4665 	 0.8857 	 	 0.9476  	 0.6231  	 	 0.9872 	 0.6066  	 	 0.5798 	 0.8181  	 	 1.2720 	 0.5314  	 	 1.3201 	 0.5137
[2024/05/20 19:40:59] - 112 		 204.9 	 	 46.5 	 	 0.0100  		 0.4604 	 0.8883 	 	 0.9402  	 0.6239  	 	 0.9803 	 0.6080  	 	 0.5779 	 0.8206  	 	 1.2788 	 0.5269  	 	 1.3284 	 0.5112
[2024/05/20 19:45:11] - 113 		 205.3 	 	 46.5 	 	 0.0100  		 0.4529 	 0.8905 	 	 0.9344  	 0.6274  	 	 0.9750 	 0.6094  	 	 0.5603 	 0.8264  	 	 1.2944 	 0.5290  	 	 1.3468 	 0.5120
[2024/05/20 19:49:23] - 114 		 205.9 	 	 46.5 	 	 0.0100  		 0.4460 	 0.8953 	 	 0.9270  	 0.6270  	 	 0.9678 	 0.6112  	 	 0.5736 	 0.8276  	 	 1.3074 	 0.5204  	 	 1.3591 	 0.5028
[2024/05/20 19:53:35] - 115 		 205.8 	 	 46.6 	 	 0.0100  		 0.4425 	 0.8940 	 	 0.9224  	 0.6282  	 	 0.9635 	 0.6117  	 	 0.5715 	 0.8264  	 	 1.3432 	 0.5173  	 	 1.3983 	 0.5003
[2024/05/20 19:57:47] - 116 		 205.8 	 	 46.5 	 	 0.0100  		 0.4356 	 0.8976 	 	 0.9161  	 0.6329  	 	 0.9578 	 0.6157  	 	 0.5624 	 0.8243  	 	 1.3054 	 0.5220  	 	 1.3592 	 0.5071
[2024/05/20 20:02:00] - 117 		 205.4 	 	 47.4 	 	 0.0100  		 0.4306 	 0.8976 	 	 0.9130  	 0.6342  	 	 0.9550 	 0.6154  	 	 0.5480 	 0.8307  	 	 1.3497 	 0.5146  	 	 1.4087 	 0.4953
[2024/05/20 20:06:10] - 118 		 204.2 	 	 45.8 	 	 0.0100  		 0.4228 	 0.9022 	 	 0.9019  	 0.6352  	 	 0.9442 	 0.6172  	 	 0.5403 	 0.8276  	 	 1.4180 	 0.5073  	 	 1.4846 	 0.4886
[2024/05/20 20:10:19] - 119 		 202.7 	 	 45.8 	 	 0.0100  		 0.4206 	 0.9014 	 	 0.9010  	 0.6367  	 	 0.9435 	 0.6188  	 	 0.5512 	 0.8313  	 	 1.3654 	 0.5117  	 	 1.4273 	 0.4958
[2024/05/20 20:14:27] - 120 		 202.0 	 	 46.2 	 	 0.0100  		 0.4162 	 0.9038 	 	 0.8945  	 0.6368  	 	 0.9372 	 0.6189  	 	 0.5565 	 0.8263  	 	 1.3917 	 0.5063  	 	 1.4553 	 0.4874
[2024/05/20 20:18:35] - 121 		 202.5 	 	 45.8 	 	 0.0100  		 0.4113 	 0.9038 	 	 0.8915  	 0.6387  	 	 0.9350 	 0.6201  	 	 0.5148 	 0.8378  	 	 1.4096 	 0.5092  	 	 1.4819 	 0.4905
[2024/05/20 20:22:46] - 122 		 204.7 	 	 46.5 	 	 0.0100  		 0.4088 	 0.9054 	 	 0.8907  	 0.6379  	 	 0.9342 	 0.6208  	 	 0.5289 	 0.8270  	 	 1.5702 	 0.4828  	 	 1.6561 	 0.4647
[2024/05/20 20:26:58] - 123 		 205.6 	 	 46.4 	 	 0.0100  		 0.4026 	 0.9110 	 	 0.8824  	 0.6408  	 	 0.9262 	 0.6233  	 	 0.5516 	 0.8266  	 	 1.3782 	 0.5146  	 	 1.4396 	 0.4971
[2024/05/20 20:31:11] - 124 		 205.7 	 	 46.6 	 	 0.0100  		 0.4002 	 0.9087 	 	 0.8781  	 0.6450  	 	 0.9217 	 0.6259  	 	 0.5169 	 0.8425  	 	 1.4107 	 0.5022  	 	 1.4836 	 0.4841
[2024/05/20 20:35:23] - 125 		 205.2 	 	 46.8 	 	 0.0100  		 0.3973 	 0.9088 	 	 0.8764  	 0.6417  	 	 0.9204 	 0.6229  	 	 0.5362 	 0.8319  	 	 1.4234 	 0.5045  	 	 1.4934 	 0.4876
[2024/05/20 20:39:35] - 126 		 205.5 	 	 46.5 	 	 0.0100  		 0.3924 	 0.9118 	 	 0.8704  	 0.6438  	 	 0.9147 	 0.6242  	 	 0.5573 	 0.8180  	 	 1.4603 	 0.4936  	 	 1.5319 	 0.4735
[2024/05/20 20:43:47] - 127 		 205.6 	 	 46.4 	 	 0.0100  		 0.3874 	 0.9135 	 	 0.8657  	 0.6450  	 	 0.9104 	 0.6250  	 	 0.5873 	 0.8210  	 	 1.3760 	 0.5128  	 	 1.4330 	 0.4943
[2024/05/20 20:47:58] - 128 		 205.1 	 	 45.6 	 	 0.0100  		 0.3839 	 0.9140 	 	 0.8619  	 0.6467  	 	 0.9067 	 0.6267  	 	 0.5518 	 0.8276  	 	 1.4375 	 0.5019  	 	 1.5056 	 0.4831
[2024/05/20 20:52:06] - 129 		 202.0 	 	 46.1 	 	 0.0100  		 0.3809 	 0.9155 	 	 0.8576  	 0.6510  	 	 0.9025 	 0.6310  	 	 0.5504 	 0.8253  	 	 1.4779 	 0.4979  	 	 1.5493 	 0.4794
[2024/05/20 20:56:14] - 130 		 202.1 	 	 45.8 	 	 0.0100  		 0.3773 	 0.9168 	 	 0.8578  	 0.6470  	 	 0.9034 	 0.6284  	 	 0.5314 	 0.8353  	 	 1.4639 	 0.4986  	 	 1.5372 	 0.4795
[2024/05/20 21:00:22] - 131 		 202.9 	 	 45.7 	 	 0.0100  		 0.3723 	 0.9189 	 	 0.8497  	 0.6496  	 	 0.8950 	 0.6312  	 	 0.5373 	 0.8363  	 	 1.4470 	 0.4958  	 	 1.5180 	 0.4769
[2024/05/20 21:04:30] - 132 		 202.5 	 	 45.7 	 	 0.0100  		 0.3689 	 0.9187 	 	 0.8451  	 0.6521  	 	 0.8907 	 0.6324  	 	 0.5235 	 0.8342  	 	 1.4142 	 0.5082  	 	 1.4855 	 0.4892
[2024/05/20 21:08:39] - 133 		 202.5 	 	 45.8 	 	 0.0100  		 0.3678 	 0.9194 	 	 0.8433  	 0.6535  	 	 0.8890 	 0.6333  	 	 0.5167 	 0.8371  	 	 1.4920 	 0.4959  	 	 1.5718 	 0.4774
[2024/05/20 21:12:49] - 134 		 204.3 	 	 46.2 	 	 0.0100  		 0.3646 	 0.9201 	 	 0.8442  	 0.6524  	 	 0.8906 	 0.6328  	 	 0.5244 	 0.8317  	 	 1.6153 	 0.4772  	 	 1.7057 	 0.4591
[2024/05/20 21:16:57] - 135 		 201.9 	 	 45.8 	 	 0.0100  		 0.3626 	 0.9219 	 	 0.8385  	 0.6539  	 	 0.8844 	 0.6346  	 	 0.5500 	 0.8313  	 	 1.5131 	 0.4879  	 	 1.5880 	 0.4690
[2024/05/20 21:21:05] - 136 		 202.6 	 	 45.8 	 	 0.0100  		 0.3574 	 0.9250 	 	 0.8305  	 0.6583  	 	 0.8766 	 0.6387  	 	 0.5343 	 0.8304  	 	 1.4662 	 0.5007  	 	 1.5384 	 0.4810
[2024/05/20 21:25:13] - 137 		 202.2 	 	 45.8 	 	 0.0100  		 0.3558 	 0.9241 	 	 0.8339  	 0.6552  	 	 0.8804 	 0.6358  	 	 0.5595 	 0.8285  	 	 1.4158 	 0.5048  	 	 1.4806 	 0.4854
[2024/05/20 21:29:21] - 138 		 202.2 	 	 45.7 	 	 0.0100  		 0.3523 	 0.9259 	 	 0.8287  	 0.6581  	 	 0.8754 	 0.6379  	 	 0.5306 	 0.8258  	 	 1.5587 	 0.4877  	 	 1.6433 	 0.4649
[2024/05/20 21:33:29] - 139 		 201.5 	 	 46.0 	 	 0.0100  		 0.3502 	 0.9264 	 	 0.8255  	 0.6584  	 	 0.8722 	 0.6386  	 	 0.5972 	 0.8091  	 	 1.4004 	 0.5017  	 	 1.4581 	 0.4839
[2024/05/20 21:37:36] - 140 		 201.5 	 	 45.6 	 	 0.0100  		 0.3455 	 0.9274 	 	 0.8192  	 0.6590  	 	 0.8661 	 0.6393  	 	 0.5518 	 0.8255  	 	 1.4489 	 0.5010  	 	 1.5170 	 0.4819
[2024/05/20 21:41:44] - 141 		 202.6 	 	 45.8 	 	 0.0100  		 0.3415 	 0.9288 	 	 0.8136  	 0.6631  	 	 0.8607 	 0.6435  	 	 0.5494 	 0.8236  	 	 1.4582 	 0.5007  	 	 1.5296 	 0.4800
[2024/05/20 21:45:52] - 142 		 202.1 	 	 45.7 	 	 0.0100  		 0.3392 	 0.9295 	 	 0.8133  	 0.6625  	 	 0.8606 	 0.6432  	 	 0.5540 	 0.8251  	 	 1.4259 	 0.5077  	 	 1.4937 	 0.4849
[2024/05/20 21:50:00] - 143 		 202.2 	 	 45.8 	 	 0.0100  		 0.3355 	 0.9285 	 	 0.8043  	 0.6651  	 	 0.8511 	 0.6446  	 	 0.5472 	 0.8350  	 	 1.4630 	 0.5012  	 	 1.5348 	 0.4810
[2024/05/20 21:54:08] - 144 		 202.2 	 	 45.7 	 	 0.0100  		 0.3335 	 0.9306 	 	 0.8072  	 0.6630  	 	 0.8547 	 0.6424  	 	 0.5636 	 0.8209  	 	 1.4637 	 0.5024  	 	 1.5327 	 0.4831
[2024/05/20 21:58:16] - 145 		 201.8 	 	 45.9 	 	 0.0100  		 0.3324 	 0.9306 	 	 0.8060  	 0.6663  	 	 0.8535 	 0.6458  	 	 0.5651 	 0.8271  	 	 1.4552 	 0.5020  	 	 1.5230 	 0.4819
[2024/05/20 22:02:23] - 146 		 202.1 	 	 45.6 	 	 0.0100  		 0.3286 	 0.9333 	 	 0.8001  	 0.6664  	 	 0.8482 	 0.6449  	 	 0.5673 	 0.8227  	 	 1.4753 	 0.4987  	 	 1.5450 	 0.4806
[2024/05/20 22:06:31] - 147 		 202.2 	 	 45.5 	 	 0.0100  		 0.3253 	 0.9333 	 	 0.7957  	 0.6648  	 	 0.8435 	 0.6438  	 	 0.5550 	 0.8292  	 	 1.4088 	 0.5091  	 	 1.4743 	 0.4898
[2024/05/20 22:10:39] - 148 		 202.3 	 	 45.7 	 	 0.0100  		 0.3240 	 0.9346 	 	 0.7938  	 0.6681  	 	 0.8416 	 0.6470  	 	 0.5240 	 0.8369  	 	 1.5233 	 0.4944  	 	 1.6045 	 0.4746
[2024/05/20 22:14:47] - 149 		 202.0 	 	 45.8 	 	 0.0010  		 0.3215 	 0.9357 	 	 0.7927  	 0.6679  	 	 0.8408 	 0.6469  	 	 0.5278 	 0.8339  	 	 1.5438 	 0.4866  	 	 1.6264 	 0.4679
[2024/05/20 22:18:59] - 150 		 201.7 	 	 45.8 	 	 0.0010  		 0.2659 	 0.9532 	 	 0.6571  	 0.7270  	 	 0.6983 	 0.7057  	 	 0.5048 	 0.8361  	 	 1.4941 	 0.5087  	 	 1.5735 	 0.4892
[2024/05/20 22:23:06] - 151 		 201.7 	 	 45.8 	 	 0.0010  		 0.2310 	 0.9594 	 	 0.6000  	 0.7475  	 	 0.6410 	 0.7274  	 	 0.4688 	 0.8521  	 	 1.5594 	 0.4986  	 	 1.6533 	 0.4745
[2024/05/20 22:27:14] - 152 		 202.2 	 	 45.6 	 	 0.0010  		 0.2190 	 0.9618 	 	 0.5820  	 0.7520  	 	 0.6234 	 0.7314  	 	 0.4725 	 0.8465  	 	 1.6612 	 0.4898  	 	 1.7626 	 0.4693
[2024/05/20 22:31:22] - 153 		 202.2 	 	 45.7 	 	 0.0010  		 0.2095 	 0.9631 	 	 0.5683  	 0.7596  	 	 0.6100 	 0.7387  	 	 0.4775 	 0.8500  	 	 1.7527 	 0.4790  	 	 1.8646 	 0.4584
[2024/05/20 22:35:29] - 154 		 201.9 	 	 45.8 	 	 0.0010  		 0.2038 	 0.9653 	 	 0.5574  	 0.7630  	 	 0.5995 	 0.7414  	 	 0.4907 	 0.8438  	 	 1.6144 	 0.5048  	 	 1.7085 	 0.4817
[2024/05/20 22:39:37] - 155 		 202.1 	 	 45.8 	 	 0.0010  		 0.1960 	 0.9661 	 	 0.5462  	 0.7649  	 	 0.5883 	 0.7447  	 	 0.4705 	 0.8456  	 	 1.8217 	 0.4859  	 	 1.9416 	 0.4666
[2024/05/20 22:43:45] - 156 		 201.7 	 	 45.6 	 	 0.0010  		 0.1919 	 0.9673 	 	 0.5363  	 0.7709  	 	 0.5782 	 0.7507  	 	 0.4986 	 0.8404  	 	 1.5940 	 0.5040  	 	 1.6835 	 0.4872
[2024/05/20 22:47:53] - 157 		 202.3 	 	 45.7 	 	 0.0010  		 0.1879 	 0.9686 	 	 0.5314  	 0.7708  	 	 0.5734 	 0.7501  	 	 0.5004 	 0.8407  	 	 1.8125 	 0.4786  	 	 1.9263 	 0.4565
[2024/05/20 22:52:01] - 158 		 202.1 	 	 45.8 	 	 0.0010  		 0.1826 	 0.9700 	 	 0.5234  	 0.7750  	 	 0.5659 	 0.7538  	 	 0.4775 	 0.8470  	 	 1.7007 	 0.4909  	 	 1.8052 	 0.4672
[2024/05/20 22:56:08] - 159 		 202.0 	 	 45.8 	 	 0.0010  		 0.1783 	 0.9694 	 	 0.5150  	 0.7769  	 	 0.5573 	 0.7561  	 	 0.4726 	 0.8465  	 	 1.7315 	 0.4935  	 	 1.8424 	 0.4697
[2024/05/20 23:00:16] - 160 		 202.2 	 	 45.7 	 	 0.0010  		 0.1759 	 0.9714 	 	 0.5097  	 0.7804  	 	 0.5518 	 0.7595  	 	 0.4738 	 0.8488  	 	 1.7381 	 0.4893  	 	 1.8510 	 0.4646
[2024/05/20 23:04:24] - 161 		 201.7 	 	 46.0 	 	 0.0010  		 0.1712 	 0.9718 	 	 0.5032  	 0.7840  	 	 0.5457 	 0.7623  	 	 0.4838 	 0.8424  	 	 1.6812 	 0.4936  	 	 1.7836 	 0.4708
[2024/05/20 23:08:32] - 162 		 202.0 	 	 45.8 	 	 0.0010  		 0.1690 	 0.9720 	 	 0.4994  	 0.7836  	 	 0.5419 	 0.7632  	 	 0.4755 	 0.8465  	 	 1.6755 	 0.4936  	 	 1.7786 	 0.4725
[2024/05/20 23:12:40] - 163 		 202.0 	 	 45.7 	 	 0.0010  		 0.1651 	 0.9736 	 	 0.4924  	 0.7861  	 	 0.5347 	 0.7652  	 	 0.4748 	 0.8474  	 	 1.7460 	 0.4924  	 	 1.8573 	 0.4718
[2024/05/20 23:16:47] - 164 		 201.9 	 	 45.8 	 	 0.0010  		 0.1613 	 0.9738 	 	 0.4867  	 0.7891  	 	 0.5296 	 0.7679  	 	 0.4790 	 0.8496  	 	 1.8319 	 0.4816  	 	 1.9513 	 0.4597
[2024/05/20 23:20:55] - 165 		 202.0 	 	 45.6 	 	 0.0010  		 0.1586 	 0.9745 	 	 0.4817  	 0.7907  	 	 0.5242 	 0.7691  	 	 0.4814 	 0.8477  	 	 1.7574 	 0.4837  	 	 1.8683 	 0.4635
[2024/05/20 23:25:03] - 166 		 201.9 	 	 46.1 	 	 0.0010  		 0.1569 	 0.9750 	 	 0.4775  	 0.7935  	 	 0.5206 	 0.7719  	 	 0.4703 	 0.8495  	 	 1.8125 	 0.4873  	 	 1.9308 	 0.4665
[2024/05/20 23:29:10] - 167 		 201.8 	 	 45.7 	 	 0.0010  		 0.1548 	 0.9753 	 	 0.4748  	 0.7931  	 	 0.5182 	 0.7715  	 	 0.4791 	 0.8449  	 	 1.7737 	 0.4940  	 	 1.8878 	 0.4712
[2024/05/20 23:33:18] - 168 		 202.2 	 	 45.7 	 	 0.0010  		 0.1525 	 0.9761 	 	 0.4720  	 0.7943  	 	 0.5148 	 0.7726  	 	 0.4898 	 0.8380  	 	 1.7916 	 0.4896  	 	 1.9044 	 0.4670
[2024/05/20 23:37:26] - 169 		 202.4 	 	 45.8 	 	 0.0010  		 0.1498 	 0.9767 	 	 0.4654  	 0.7986  	 	 0.5080 	 0.7776  	 	 0.4872 	 0.8440  	 	 1.8313 	 0.4812  	 	 1.9485 	 0.4587
[2024/05/20 23:41:34] - 170 		 201.8 	 	 45.9 	 	 0.0010  		 0.1470 	 0.9770 	 	 0.4613  	 0.8006  	 	 0.5040 	 0.7787  	 	 0.4979 	 0.8396  	 	 1.7414 	 0.4876  	 	 1.8470 	 0.4662
[2024/05/20 23:45:42] - 171 		 202.1 	 	 45.6 	 	 0.0010  		 0.1441 	 0.9780 	 	 0.4557  	 0.8016  	 	 0.4991 	 0.7785  	 	 0.4752 	 0.8506  	 	 1.8679 	 0.4790  	 	 1.9945 	 0.4563
[2024/05/20 23:49:49] - 172 		 202.0 	 	 45.7 	 	 0.0010  		 0.1407 	 0.9791 	 	 0.4504  	 0.8028  	 	 0.4936 	 0.7810  	 	 0.4790 	 0.8447  	 	 1.7899 	 0.4891  	 	 1.9042 	 0.4675
[2024/05/20 23:53:57] - 173 		 202.1 	 	 45.9 	 	 0.0010  		 0.1408 	 0.9780 	 	 0.4501  	 0.8037  	 	 0.4936 	 0.7807  	 	 0.5064 	 0.8403  	 	 1.8957 	 0.4756  	 	 2.0179 	 0.4542
[2024/05/20 23:58:05] - 174 		 202.4 	 	 45.7 	 	 0.0010  		 0.1385 	 0.9795 	 	 0.4491  	 0.8032  	 	 0.4927 	 0.7808  	 	 0.4823 	 0.8457  	 	 1.8832 	 0.4829  	 	 2.0059 	 0.4599
[2024/05/21 00:02:13] - 175 		 201.9 	 	 45.8 	 	 0.0010  		 0.1361 	 0.9799 	 	 0.4437  	 0.8076  	 	 0.4874 	 0.7844  	 	 0.4916 	 0.8417  	 	 1.8493 	 0.4827  	 	 1.9657 	 0.4609
[2024/05/21 00:06:21] - 176 		 202.2 	 	 45.7 	 	 0.0010  		 0.1341 	 0.9800 	 	 0.4420  	 0.8065  	 	 0.4861 	 0.7836  	 	 0.5090 	 0.8401  	 	 1.8837 	 0.4718  	 	 2.0032 	 0.4501
[2024/05/21 00:10:30] - 177 		 201.8 	 	 46.6 	 	 0.0010  		 0.1323 	 0.9815 	 	 0.4347  	 0.8096  	 	 0.4782 	 0.7872  	 	 0.4805 	 0.8478  	 	 1.9829 	 0.4733  	 	 2.1170 	 0.4501
[2024/05/21 00:14:37] - 178 		 202.1 	 	 45.7 	 	 0.0010  		 0.1293 	 0.9817 	 	 0.4307  	 0.8131  	 	 0.4744 	 0.7897  	 	 0.4863 	 0.8445  	 	 1.8605 	 0.4902  	 	 1.9828 	 0.4649
[2024/05/21 00:18:46] - 179 		 202.3 	 	 45.9 	 	 0.0010  		 0.1276 	 0.9816 	 	 0.4274  	 0.8120  	 	 0.4712 	 0.7896  	 	 0.4891 	 0.8453  	 	 1.8408 	 0.4825  	 	 1.9595 	 0.4578
[2024/05/21 00:22:54] - 180 		 202.3 	 	 46.0 	 	 0.0010  		 0.1273 	 0.9811 	 	 0.4279  	 0.8118  	 	 0.4720 	 0.7888  	 	 0.4888 	 0.8461  	 	 2.0620 	 0.4685  	 	 2.2045 	 0.4428
[2024/05/21 00:27:02] - 181 		 202.2 	 	 45.8 	 	 0.0010  		 0.1244 	 0.9819 	 	 0.4219  	 0.8152  	 	 0.4654 	 0.7928  	 	 0.4939 	 0.8453  	 	 1.9471 	 0.4784  	 	 2.0749 	 0.4586
[2024/05/21 00:31:10] - 182 		 201.9 	 	 46.0 	 	 0.0010  		 0.1230 	 0.9824 	 	 0.4198  	 0.8170  	 	 0.4637 	 0.7945  	 	 0.4927 	 0.8407  	 	 1.9893 	 0.4765  	 	 2.1231 	 0.4539
[2024/05/21 00:35:18] - 183 		 201.9 	 	 45.7 	 	 0.0010  		 0.1202 	 0.9833 	 	 0.4145  	 0.8184  	 	 0.4584 	 0.7952  	 	 0.4909 	 0.8469  	 	 1.9783 	 0.4745  	 	 2.1104 	 0.4490
[2024/05/21 00:39:26] - 184 		 202.4 	 	 45.8 	 	 0.0010  		 0.1201 	 0.9830 	 	 0.4156  	 0.8180  	 	 0.4599 	 0.7960  	 	 0.5040 	 0.8401  	 	 1.9707 	 0.4744  	 	 2.0985 	 0.4543
[2024/05/21 00:43:34] - 185 		 201.9 	 	 46.0 	 	 0.0010  		 0.1177 	 0.9839 	 	 0.4100  	 0.8201  	 	 0.4537 	 0.7982  	 	 0.5063 	 0.8416  	 	 1.9694 	 0.4701  	 	 2.0955 	 0.4484
[2024/05/21 00:47:41] - 186 		 202.0 	 	 45.7 	 	 0.0010  		 0.1157 	 0.9839 	 	 0.4058  	 0.8206  	 	 0.4496 	 0.7995  	 	 0.4868 	 0.8451  	 	 1.9446 	 0.4749  	 	 2.0738 	 0.4508
[2024/05/21 00:51:49] - 187 		 202.2 	 	 45.7 	 	 0.0010  		 0.1154 	 0.9835 	 	 0.4054  	 0.8229  	 	 0.4494 	 0.7996  	 	 0.5140 	 0.8400  	 	 2.0381 	 0.4674  	 	 2.1708 	 0.4437
[2024/05/21 00:55:57] - 188 		 201.9 	 	 45.6 	 	 0.0010  		 0.1139 	 0.9838 	 	 0.4056  	 0.8212  	 	 0.4500 	 0.7990  	 	 0.5054 	 0.8381  	 	 1.9497 	 0.4730  	 	 2.0756 	 0.4517
[2024/05/21 01:00:05] - 189 		 202.4 	 	 45.8 	 	 0.0010  		 0.1115 	 0.9846 	 	 0.3985  	 0.8243  	 	 0.4421 	 0.8016  	 	 0.4892 	 0.8466  	 	 2.1281 	 0.4672  	 	 2.2756 	 0.4465
[2024/05/21 01:04:13] - 190 		 202.1 	 	 45.9 	 	 0.0010  		 0.1098 	 0.9851 	 	 0.3968  	 0.8265  	 	 0.4414 	 0.8031  	 	 0.5044 	 0.8394  	 	 1.8957 	 0.4838  	 	 2.0167 	 0.4642
[2024/05/21 01:08:21] - 191 		 202.0 	 	 45.8 	 	 0.0010  		 0.1081 	 0.9857 	 	 0.3930  	 0.8284  	 	 0.4375 	 0.8045  	 	 0.5132 	 0.8421  	 	 2.0826 	 0.4736  	 	 2.2192 	 0.4547
[2024/05/21 01:12:29] - 192 		 202.2 	 	 45.7 	 	 0.0010  		 0.1075 	 0.9856 	 	 0.3919  	 0.8279  	 	 0.4361 	 0.8058  	 	 0.5043 	 0.8402  	 	 2.0311 	 0.4693  	 	 2.1633 	 0.4463
[2024/05/21 01:16:36] - 193 		 201.8 	 	 45.9 	 	 0.0010  		 0.1045 	 0.9857 	 	 0.3863  	 0.8297  	 	 0.4306 	 0.8068  	 	 0.4998 	 0.8413  	 	 2.0229 	 0.4751  	 	 2.1558 	 0.4539
[2024/05/21 01:20:44] - 194 		 201.7 	 	 45.7 	 	 0.0010  		 0.1041 	 0.9861 	 	 0.3863  	 0.8302  	 	 0.4309 	 0.8067  	 	 0.4952 	 0.8444  	 	 1.9934 	 0.4774  	 	 2.1264 	 0.4579
[2024/05/21 01:24:52] - 195 		 202.5 	 	 45.7 	 	 0.0010  		 0.1023 	 0.9872 	 	 0.3823  	 0.8322  	 	 0.4267 	 0.8091  	 	 0.5112 	 0.8400  	 	 2.0596 	 0.4661  	 	 2.1959 	 0.4442
[2024/05/21 01:29:01] - 196 		 202.7 	 	 45.9 	 	 0.0010  		 0.1014 	 0.9866 	 	 0.3826  	 0.8323  	 	 0.4271 	 0.8099  	 	 0.4896 	 0.8464  	 	 2.1140 	 0.4717  	 	 2.2624 	 0.4494
[2024/05/21 01:33:09] - 197 		 202.2 	 	 45.7 	 	 0.0010  		 0.1006 	 0.9866 	 	 0.3806  	 0.8342  	 	 0.4254 	 0.8102  	 	 0.5243 	 0.8363  	 	 2.0631 	 0.4619  	 	 2.1974 	 0.4413
[2024/05/21 01:37:16] - 198 		 201.7 	 	 46.2 	 	 0.0010  		 0.0980 	 0.9876 	 	 0.3764  	 0.8347  	 	 0.4214 	 0.8112  	 	 0.5152 	 0.8379  	 	 2.0667 	 0.4668  	 	 2.2038 	 0.4442
[2024/05/21 01:41:24] - 199 		 201.8 	 	 45.8 	 	 0.0010  		 0.0985 	 0.9877 	 	 0.3784  	 0.8332  	 	 0.4236 	 0.8098  	 	 0.4934 	 0.8456  	 	 2.0175 	 0.4796  	 	 2.1525 	 0.4550
[2024/05/21 01:45:33] - 200 		 202.5 	 	 46.1 	 	 0.0010  		 0.0972 	 0.9873 	 	 0.3744  	 0.8354  	 	 0.4194 	 0.8116  	 	 0.4954 	 0.8473  	 	 2.1239 	 0.4740  	 	 2.2701 	 0.4522
