[2024/03/31 14:27:57] - Namespace(att_method='tanh', attack_iters=10, batch_size=128, beta=1.0, chkpt_iters=50, data_aug=True, data_dir='./cifar10', epochs=201, epsilon=0.03137254901960784, fname='cifar10_results', lr_chechpoint1=100, lr_chechpoint2=150, lr_max=0.1, lr_schedule='piecewise', model='PreRes18_standard', momentum=0.9, norm='l_inf', pgd_alpha=0.00784313725490196, random_init=1, resume=0, seed=1, train_mode='adv_train', weight_decay=0.0005, width_factor=10)
[2024/03/31 14:28:17] - Epoch 	 Train Time 	 Test Time 	 LR 	 	 Train Loss 	 Train Acc 	 Train Adv Loss 	 Train Adv Acc 	 Train Sgn-PGD Loss 	 Train Sgn-PGD Acc 	 Test Loss 	 Test Acc 	 Test Adv Loss 	 Test Adv Acc 	 Test Sgn-PGD Loss 	 Test Sgn-PGD Acc 
[2024/03/31 14:31:34] - 0 		 161.7 	 	 35.7 	 	 0.1000 	 	  1.5999 	 0.4143 	 	 1.6036  	 0.4133  	 	 3.7180 	 0.0807  	 	 1.1517 	 0.5813  	 	 1.1767 	 0.5716  	 	 7.0619 	 0.0056
[2024/03/31 14:34:47] - 1 		 157.0 	 	 35.2 	 	 0.1000 	 	  1.0685 	 0.6188 	 	 1.0897  	 0.6104  	 	 6.6054 	 0.0163  	 	 0.8624 	 0.6931  	 	 0.8936 	 0.6844  	 	 9.9046 	 0.0017
[2024/03/31 14:37:57] - 2 		 155.2 	 	 34.9 	 	 0.1000 	 	  0.8056 	 0.7172 	 	 0.8343  	 0.7072  	 	 7.9517 	 0.0074  	 	 0.7396 	 0.7418  	 	 0.7643 	 0.7357  	 	 12.4015 	 0.0007
[2024/03/31 14:41:08] - 3 		 155.9 	 	 35.2 	 	 0.1000 	 	  0.6799 	 0.7659 	 	 0.7132  	 0.7530  	 	 8.5544 	 0.0055  	 	 0.6796 	 0.7651  	 	 0.7069 	 0.7546  	 	 13.2216 	 0.0002
[2024/03/31 14:44:19] - 4 		 156.2 	 	 35.5 	 	 0.1000 	 	  0.6088 	 0.7921 	 	 0.6449  	 0.7785  	 	 8.7935 	 0.0041  	 	 0.5376 	 0.8131  	 	 0.5827 	 0.7971  	 	 14.1540 	 0.0003
[2024/03/31 14:47:30] - 5 		 155.5 	 	 35.2 	 	 0.1000 	 	  0.5575 	 0.8078 	 	 0.5942  	 0.7955  	 	 8.9994 	 0.0040  	 	 0.5530 	 0.8091  	 	 0.6015 	 0.7915  	 	 13.4381 	 0.0009
[2024/03/31 14:50:42] - 6 		 156.3 	 	 35.4 	 	 0.1000 	 	  0.5250 	 0.8205 	 	 0.5625  	 0.8062  	 	 9.1476 	 0.0037  	 	 0.5636 	 0.8016  	 	 0.6019 	 0.7906  	 	 14.4625 	 0.0000
[2024/03/31 14:53:54] - 7 		 155.5 	 	 36.2 	 	 0.1000 	 	  0.5036 	 0.8265 	 	 0.5433  	 0.8122  	 	 9.3270 	 0.0030  	 	 0.4759 	 0.8349  	 	 0.5199 	 0.8205  	 	 15.0456 	 0.0001
[2024/03/31 14:57:04] - 8 		 155.6 	 	 35.0 	 	 0.1000 	 	  0.4773 	 0.8375 	 	 0.5173  	 0.8228  	 	 9.3878 	 0.0033  	 	 0.5307 	 0.8181  	 	 0.5826 	 0.8050  	 	 16.9730 	 0.0005
[2024/03/31 15:00:17] - 9 		 156.2 	 	 36.4 	 	 0.1000 	 	  0.4641 	 0.8414 	 	 0.5038  	 0.8275  	 	 9.4590 	 0.0032  	 	 0.4937 	 0.8301  	 	 0.5260 	 0.8182  	 	 16.1209 	 0.0003
[2024/03/31 15:03:28] - 10 		 155.4 	 	 35.4 	 	 0.1000 	 	  0.4484 	 0.8468 	 	 0.4885  	 0.8323  	 	 9.6021 	 0.0039  	 	 0.4267 	 0.8509  	 	 0.4823 	 0.8357  	 	 16.1676 	 0.0002
[2024/03/31 15:06:39] - 11 		 155.6 	 	 35.5 	 	 0.1000 	 	  0.4313 	 0.8547 	 	 0.4700  	 0.8401  	 	 9.6789 	 0.0035  	 	 0.5306 	 0.8246  	 	 0.6114 	 0.8031  	 	 19.2030 	 0.0003
[2024/03/31 15:09:50] - 12 		 155.6 	 	 35.5 	 	 0.1000 	 	  0.4251 	 0.8563 	 	 0.4644  	 0.8412  	 	 9.6925 	 0.0042  	 	 0.4389 	 0.8500  	 	 0.4856 	 0.8350  	 	 16.6688 	 0.0004
[2024/03/31 15:13:01] - 13 		 155.5 	 	 35.6 	 	 0.1000 	 	  0.4100 	 0.8595 	 	 0.4499  	 0.8446  	 	 9.8129 	 0.0037  	 	 0.4368 	 0.8493  	 	 0.4889 	 0.8346  	 	 16.9077 	 0.0002
[2024/03/31 15:16:12] - 14 		 155.7 	 	 35.3 	 	 0.1000 	 	  0.3992 	 0.8639 	 	 0.4388  	 0.8489  	 	 9.8965 	 0.0041  	 	 0.4780 	 0.8355  	 	 0.5295 	 0.8178  	 	 16.6905 	 0.0002
[2024/03/31 15:19:23] - 15 		 155.9 	 	 35.4 	 	 0.1000 	 	  0.3971 	 0.8632 	 	 0.4377  	 0.8481  	 	 9.9368 	 0.0034  	 	 0.3918 	 0.8663  	 	 0.4485 	 0.8488  	 	 17.0532 	 0.0009
[2024/03/31 15:22:34] - 16 		 155.4 	 	 35.2 	 	 0.1000 	 	  0.3894 	 0.8657 	 	 0.4297  	 0.8515  	 	 10.0251 	 0.0039  	 	 0.4016 	 0.8613  	 	 0.4483 	 0.8490  	 	 16.7261 	 0.0001
[2024/03/31 15:25:46] - 17 		 156.3 	 	 36.0 	 	 0.1000 	 	  0.3798 	 0.8719 	 	 0.4194  	 0.8569  	 	 10.0084 	 0.0039  	 	 0.4339 	 0.8531  	 	 0.4890 	 0.8371  	 	 16.2875 	 0.0002
[2024/03/31 15:28:58] - 18 		 156.1 	 	 36.1 	 	 0.1000 	 	  0.3743 	 0.8733 	 	 0.4139  	 0.8573  	 	 10.0274 	 0.0056  	 	 0.4288 	 0.8554  	 	 0.4954 	 0.8345  	 	 17.8908 	 0.0003
[2024/03/31 15:32:09] - 19 		 155.8 	 	 35.3 	 	 0.1000 	 	  0.3726 	 0.8711 	 	 0.4123  	 0.8570  	 	 10.1812 	 0.0047  	 	 0.4946 	 0.8354  	 	 0.5620 	 0.8138  	 	 20.1403 	 0.0000
[2024/03/31 15:35:20] - 20 		 155.4 	 	 35.5 	 	 0.1000 	 	  0.3683 	 0.8751 	 	 0.4078  	 0.8618  	 	 10.1801 	 0.0052  	 	 0.3692 	 0.8694  	 	 0.4396 	 0.8488  	 	 18.1969 	 0.0003
[2024/03/31 15:38:32] - 21 		 156.0 	 	 35.9 	 	 0.1000 	 	  0.3574 	 0.8782 	 	 0.3964  	 0.8639  	 	 10.1635 	 0.0047  	 	 0.5381 	 0.8221  	 	 0.6050 	 0.8076  	 	 19.5609 	 0.0004
[2024/03/31 15:41:43] - 22 		 155.6 	 	 35.5 	 	 0.1000 	 	  0.3607 	 0.8774 	 	 0.4013  	 0.8631  	 	 10.2587 	 0.0048  	 	 0.3946 	 0.8681  	 	 0.4856 	 0.8452  	 	 18.9137 	 0.0003
[2024/03/31 15:44:55] - 23 		 155.5 	 	 35.6 	 	 0.1000 	 	  0.3548 	 0.8810 	 	 0.3957  	 0.8658  	 	 10.1567 	 0.0045  	 	 0.4660 	 0.8439  	 	 0.5545 	 0.8221  	 	 19.7708 	 0.0001
[2024/03/31 15:48:06] - 24 		 155.5 	 	 35.7 	 	 0.1000 	 	  0.3500 	 0.8803 	 	 0.3907  	 0.8659  	 	 10.2124 	 0.0042  	 	 0.4870 	 0.8416  	 	 0.5437 	 0.8234  	 	 19.9617 	 0.0001
[2024/03/31 15:51:18] - 25 		 155.6 	 	 36.3 	 	 0.1000 	 	  0.3527 	 0.8802 	 	 0.3934  	 0.8652  	 	 10.1991 	 0.0043  	 	 0.4167 	 0.8612  	 	 0.4820 	 0.8422  	 	 18.7537 	 0.0006
[2024/03/31 15:54:29] - 26 		 155.6 	 	 35.8 	 	 0.1000 	 	  0.3521 	 0.8805 	 	 0.3927  	 0.8667  	 	 10.2679 	 0.0049  	 	 0.4303 	 0.8557  	 	 0.4891 	 0.8378  	 	 17.6318 	 0.0003
[2024/03/31 15:57:41] - 27 		 156.0 	 	 35.5 	 	 0.1000 	 	  0.3443 	 0.8818 	 	 0.3844  	 0.8677  	 	 10.2795 	 0.0049  	 	 0.4102 	 0.8593  	 	 0.4787 	 0.8408  	 	 19.3952 	 0.0001
[2024/03/31 16:00:52] - 28 		 155.5 	 	 36.0 	 	 0.1000 	 	  0.3435 	 0.8831 	 	 0.3842  	 0.8685  	 	 10.2647 	 0.0048  	 	 0.3890 	 0.8698  	 	 0.4611 	 0.8533  	 	 20.3031 	 0.0001
[2024/03/31 16:04:03] - 29 		 155.7 	 	 35.2 	 	 0.1000 	 	  0.3424 	 0.8842 	 	 0.3829  	 0.8694  	 	 10.3028 	 0.0042  	 	 0.4019 	 0.8639  	 	 0.4668 	 0.8463  	 	 18.6584 	 0.0006
[2024/03/31 16:07:15] - 30 		 157.0 	 	 35.4 	 	 0.1000 	 	  0.3451 	 0.8829 	 	 0.3845  	 0.8692  	 	 10.2162 	 0.0046  	 	 0.4294 	 0.8595  	 	 0.4878 	 0.8416  	 	 19.0433 	 0.0004
[2024/03/31 16:10:26] - 31 		 155.5 	 	 35.5 	 	 0.1000 	 	  0.3380 	 0.8851 	 	 0.3791  	 0.8709  	 	 10.2458 	 0.0036  	 	 0.3682 	 0.8751  	 	 0.4224 	 0.8624  	 	 18.9118 	 0.0009
[2024/03/31 16:13:37] - 32 		 155.4 	 	 35.4 	 	 0.1000 	 	  0.3369 	 0.8862 	 	 0.3789  	 0.8707  	 	 10.3571 	 0.0042  	 	 0.3874 	 0.8693  	 	 0.4797 	 0.8404  	 	 18.8145 	 0.0001
[2024/03/31 16:16:50] - 33 		 157.3 	 	 35.3 	 	 0.1000 	 	  0.3410 	 0.8836 	 	 0.3818  	 0.8687  	 	 10.2671 	 0.0040  	 	 0.4230 	 0.8585  	 	 0.5440 	 0.8313  	 	 19.2556 	 0.0002
[2024/03/31 16:20:01] - 34 		 155.5 	 	 35.5 	 	 0.1000 	 	  0.3285 	 0.8872 	 	 0.3687  	 0.8724  	 	 10.2563 	 0.0037  	 	 0.4267 	 0.8532  	 	 0.4860 	 0.8386  	 	 19.4851 	 0.0003
[2024/03/31 16:23:12] - 35 		 155.5 	 	 35.6 	 	 0.1000 	 	  0.3307 	 0.8889 	 	 0.3706  	 0.8744  	 	 10.3327 	 0.0045  	 	 0.4421 	 0.8542  	 	 0.5186 	 0.8328  	 	 17.9691 	 0.0005
[2024/03/31 16:26:23] - 36 		 155.3 	 	 36.2 	 	 0.1000 	 	  0.3351 	 0.8870 	 	 0.3755  	 0.8710  	 	 10.3028 	 0.0046  	 	 0.3739 	 0.8727  	 	 0.4394 	 0.8524  	 	 18.3828 	 0.0004
[2024/03/31 16:29:34] - 37 		 155.4 	 	 35.8 	 	 0.1000 	 	  0.3336 	 0.8876 	 	 0.3742  	 0.8721  	 	 10.2689 	 0.0050  	 	 0.3841 	 0.8749  	 	 0.4453 	 0.8558  	 	 17.9282 	 0.0005
[2024/03/31 16:32:46] - 38 		 156.5 	 	 35.4 	 	 0.1000 	 	  0.3300 	 0.8881 	 	 0.3702  	 0.8736  	 	 10.2169 	 0.0048  	 	 0.3744 	 0.8752  	 	 0.4459 	 0.8561  	 	 19.3772 	 0.0002
[2024/03/31 16:35:57] - 39 		 155.3 	 	 35.3 	 	 0.1000 	 	  0.3296 	 0.8876 	 	 0.3702  	 0.8732  	 	 10.2687 	 0.0039  	 	 0.4128 	 0.8609  	 	 0.4534 	 0.8542  	 	 18.6182 	 0.0005
[2024/03/31 16:39:08] - 40 		 156.1 	 	 35.4 	 	 0.1000 	 	  0.3262 	 0.8901 	 	 0.3669  	 0.8750  	 	 10.2336 	 0.0050  	 	 0.3692 	 0.8758  	 	 0.4214 	 0.8598  	 	 17.2901 	 0.0011
[2024/03/31 16:42:20] - 41 		 155.4 	 	 36.1 	 	 0.1000 	 	  0.3292 	 0.8882 	 	 0.3702  	 0.8729  	 	 10.2820 	 0.0054  	 	 0.3843 	 0.8671  	 	 0.4523 	 0.8485  	 	 17.0719 	 0.0009
[2024/03/31 16:45:35] - 42 		 159.7 	 	 35.2 	 	 0.1000 	 	  0.3274 	 0.8877 	 	 0.3695  	 0.8731  	 	 10.3216 	 0.0045  	 	 0.3552 	 0.8758  	 	 0.4133 	 0.8602  	 	 18.3178 	 0.0005
[2024/03/31 16:48:46] - 43 		 155.9 	 	 35.4 	 	 0.1000 	 	  0.3209 	 0.8916 	 	 0.3615  	 0.8772  	 	 10.2989 	 0.0052  	 	 0.3595 	 0.8804  	 	 0.4218 	 0.8624  	 	 17.8136 	 0.0004
[2024/03/31 16:51:57] - 44 		 155.3 	 	 35.3 	 	 0.1000 	 	  0.3237 	 0.8907 	 	 0.3647  	 0.8755  	 	 10.3067 	 0.0046  	 	 0.3628 	 0.8771  	 	 0.4316 	 0.8585  	 	 18.8499 	 0.0005
[2024/03/31 16:55:08] - 45 		 156.0 	 	 35.3 	 	 0.1000 	 	  0.3184 	 0.8920 	 	 0.3606  	 0.8779  	 	 10.3710 	 0.0044  	 	 0.3991 	 0.8656  	 	 0.4387 	 0.8530  	 	 17.4147 	 0.0006
[2024/03/31 16:58:19] - 46 		 156.0 	 	 35.5 	 	 0.1000 	 	  0.3221 	 0.8899 	 	 0.3640  	 0.8744  	 	 10.3402 	 0.0051  	 	 0.3709 	 0.8742  	 	 0.4276 	 0.8533  	 	 18.1922 	 0.0003
[2024/03/31 17:01:30] - 47 		 155.3 	 	 35.4 	 	 0.1000 	 	  0.3214 	 0.8913 	 	 0.3625  	 0.8768  	 	 10.4503 	 0.0048  	 	 0.4292 	 0.8558  	 	 0.4889 	 0.8415  	 	 19.0179 	 0.0002
[2024/03/31 17:04:43] - 48 		 157.9 	 	 35.3 	 	 0.1000 	 	  0.3246 	 0.8905 	 	 0.3651  	 0.8757  	 	 10.3209 	 0.0050  	 	 0.4591 	 0.8445  	 	 0.4857 	 0.8365  	 	 17.6644 	 0.0006
[2024/03/31 17:07:54] - 49 		 155.4 	 	 35.4 	 	 0.1000 	 	  0.3189 	 0.8919 	 	 0.3607  	 0.8767  	 	 10.3654 	 0.0043  	 	 0.3960 	 0.8681  	 	 0.4386 	 0.8542  	 	 18.7213 	 0.0001
[2024/03/31 17:11:06] - 50 		 155.7 	 	 36.0 	 	 0.1000 	 	  0.3196 	 0.8921 	 	 0.3606  	 0.8769  	 	 10.3723 	 0.0041  	 	 0.3351 	 0.8880  	 	 0.3948 	 0.8696  	 	 17.0788 	 0.0008
[2024/03/31 17:14:20] - 51 		 156.9 	 	 36.9 	 	 0.1000 	 	  0.3204 	 0.8909 	 	 0.3610  	 0.8766  	 	 10.3377 	 0.0046  	 	 0.3706 	 0.8708  	 	 0.4230 	 0.8556  	 	 18.4346 	 0.0005
[2024/03/31 17:17:34] - 52 		 156.0 	 	 37.6 	 	 0.1000 	 	  0.3190 	 0.8915 	 	 0.3598  	 0.8760  	 	 10.2876 	 0.0046  	 	 0.3914 	 0.8711  	 	 0.4379 	 0.8554  	 	 18.9640 	 0.0005
[2024/03/31 17:20:45] - 53 		 155.6 	 	 35.4 	 	 0.1000 	 	  0.3212 	 0.8922 	 	 0.3622  	 0.8769  	 	 10.2879 	 0.0046  	 	 0.3651 	 0.8793  	 	 0.4261 	 0.8656  	 	 19.2282 	 0.0002
[2024/03/31 17:23:56] - 54 		 155.9 	 	 35.4 	 	 0.1000 	 	  0.3193 	 0.8910 	 	 0.3611  	 0.8760  	 	 10.2748 	 0.0048  	 	 0.3950 	 0.8699  	 	 0.4617 	 0.8529  	 	 19.5984 	 0.0003
[2024/03/31 17:27:07] - 55 		 155.3 	 	 35.5 	 	 0.1000 	 	  0.3161 	 0.8929 	 	 0.3580  	 0.8787  	 	 10.2598 	 0.0051  	 	 0.3801 	 0.8709  	 	 0.4305 	 0.8576  	 	 17.1531 	 0.0007
[2024/03/31 17:30:18] - 56 		 155.8 	 	 35.6 	 	 0.1000 	 	  0.3161 	 0.8934 	 	 0.3566  	 0.8784  	 	 10.2760 	 0.0051  	 	 0.3684 	 0.8775  	 	 0.4191 	 0.8611  	 	 18.3457 	 0.0006
[2024/03/31 17:33:30] - 57 		 155.9 	 	 35.4 	 	 0.1000 	 	  0.3099 	 0.8963 	 	 0.3515  	 0.8815  	 	 10.3443 	 0.0048  	 	 0.4633 	 0.8435  	 	 0.5465 	 0.8233  	 	 19.4156 	 0.0005
[2024/03/31 17:36:40] - 58 		 155.3 	 	 35.5 	 	 0.1000 	 	  0.3166 	 0.8928 	 	 0.3588  	 0.8775  	 	 10.2996 	 0.0038  	 	 0.3522 	 0.8824  	 	 0.4155 	 0.8631  	 	 18.6703 	 0.0004
[2024/03/31 17:39:51] - 59 		 155.8 	 	 35.3 	 	 0.1000 	 	  0.3138 	 0.8920 	 	 0.3543  	 0.8775  	 	 10.4114 	 0.0040  	 	 0.3642 	 0.8779  	 	 0.4320 	 0.8563  	 	 19.8090 	 0.0003
[2024/03/31 17:43:03] - 60 		 155.3 	 	 35.9 	 	 0.1000 	 	  0.3164 	 0.8926 	 	 0.3577  	 0.8776  	 	 10.4148 	 0.0046  	 	 0.3367 	 0.8840  	 	 0.3809 	 0.8708  	 	 16.0019 	 0.0007
[2024/03/31 17:46:13] - 61 		 155.4 	 	 35.4 	 	 0.1000 	 	  0.3121 	 0.8941 	 	 0.3536  	 0.8788  	 	 10.3962 	 0.0042  	 	 0.3914 	 0.8695  	 	 0.4451 	 0.8524  	 	 16.8702 	 0.0003
[2024/03/31 17:49:25] - 62 		 155.9 	 	 35.5 	 	 0.1000 	 	  0.3114 	 0.8949 	 	 0.3520  	 0.8797  	 	 10.4313 	 0.0042  	 	 0.3454 	 0.8825  	 	 0.4112 	 0.8656  	 	 19.2679 	 0.0007
[2024/03/31 17:52:36] - 63 		 155.3 	 	 35.4 	 	 0.1000 	 	  0.3183 	 0.8920 	 	 0.3600  	 0.8775  	 	 10.4111 	 0.0042  	 	 0.4595 	 0.8509  	 	 0.5269 	 0.8342  	 	 19.2913 	 0.0011
[2024/03/31 17:55:47] - 64 		 156.1 	 	 35.5 	 	 0.1000 	 	  0.3095 	 0.8943 	 	 0.3513  	 0.8792  	 	 10.3495 	 0.0047  	 	 0.3506 	 0.8817  	 	 0.4223 	 0.8618  	 	 19.7123 	 0.0005
[2024/03/31 17:58:58] - 65 		 155.8 	 	 35.4 	 	 0.1000 	 	  0.3144 	 0.8945 	 	 0.3560  	 0.8783  	 	 10.3665 	 0.0040  	 	 0.4149 	 0.8590  	 	 0.4619 	 0.8493  	 	 17.0905 	 0.0005
[2024/03/31 18:02:09] - 66 		 155.4 	 	 35.4 	 	 0.1000 	 	  0.3117 	 0.8942 	 	 0.3529  	 0.8798  	 	 10.3461 	 0.0045  	 	 0.3697 	 0.8758  	 	 0.4245 	 0.8600  	 	 18.1834 	 0.0008
[2024/03/31 18:05:20] - 67 		 155.9 	 	 35.4 	 	 0.1000 	 	  0.3125 	 0.8953 	 	 0.3536  	 0.8799  	 	 10.3481 	 0.0049  	 	 0.3907 	 0.8652  	 	 0.4231 	 0.8580  	 	 17.3542 	 0.0004
[2024/03/31 18:08:33] - 68 		 155.8 	 	 36.6 	 	 0.1000 	 	  0.3081 	 0.8959 	 	 0.3472  	 0.8821  	 	 10.3763 	 0.0054  	 	 0.3799 	 0.8740  	 	 0.4472 	 0.8536  	 	 19.2862 	 0.0007
[2024/03/31 18:11:46] - 69 		 156.3 	 	 37.1 	 	 0.1000 	 	  0.3097 	 0.8949 	 	 0.3503  	 0.8805  	 	 10.3844 	 0.0047  	 	 0.3603 	 0.8747  	 	 0.4358 	 0.8507  	 	 17.9694 	 0.0002
[2024/03/31 18:15:02] - 70 		 157.7 	 	 38.2 	 	 0.1000 	 	  0.3096 	 0.8943 	 	 0.3501  	 0.8800  	 	 10.4374 	 0.0046  	 	 0.3469 	 0.8855  	 	 0.4431 	 0.8618  	 	 20.8512 	 0.0003
[2024/03/31 18:18:23] - 71 		 162.4 	 	 39.0 	 	 0.1000 	 	  0.3128 	 0.8946 	 	 0.3549  	 0.8792  	 	 10.3053 	 0.0043  	 	 0.3684 	 0.8734  	 	 0.4257 	 0.8566  	 	 18.6037 	 0.0001
[2024/03/31 18:21:37] - 72 		 157.4 	 	 36.3 	 	 0.1000 	 	  0.3040 	 0.8970 	 	 0.3445  	 0.8824  	 	 10.2794 	 0.0047  	 	 0.3763 	 0.8748  	 	 0.4657 	 0.8523  	 	 20.1944 	 0.0003
[2024/03/31 18:24:48] - 73 		 155.5 	 	 35.5 	 	 0.1000 	 	  0.3153 	 0.8921 	 	 0.3575  	 0.8765  	 	 10.3121 	 0.0045  	 	 0.3700 	 0.8758  	 	 0.4461 	 0.8559  	 	 20.3006 	 0.0004
[2024/03/31 18:27:59] - 74 		 155.7 	 	 35.4 	 	 0.1000 	 	  0.3051 	 0.8954 	 	 0.3471  	 0.8812  	 	 10.3228 	 0.0050  	 	 0.3701 	 0.8741  	 	 0.4152 	 0.8630  	 	 17.7668 	 0.0008
[2024/03/31 18:31:11] - 75 		 156.0 	 	 36.0 	 	 0.1000 	 	  0.3133 	 0.8943 	 	 0.3541  	 0.8797  	 	 10.3442 	 0.0051  	 	 0.4124 	 0.8654  	 	 0.4487 	 0.8561  	 	 18.7635 	 0.0014
[2024/03/31 18:34:22] - 76 		 155.6 	 	 35.3 	 	 0.1000 	 	  0.3109 	 0.8949 	 	 0.3509  	 0.8807  	 	 10.2807 	 0.0054  	 	 0.3558 	 0.8798  	 	 0.4153 	 0.8588  	 	 17.4526 	 0.0009
[2024/03/31 18:37:36] - 77 		 157.7 	 	 36.2 	 	 0.1000 	 	  0.3159 	 0.8929 	 	 0.3572  	 0.8777  	 	 10.2388 	 0.0040  	 	 0.3565 	 0.8809  	 	 0.4220 	 0.8622  	 	 17.9660 	 0.0008
[2024/03/31 18:40:48] - 78 		 155.9 	 	 36.3 	 	 0.1000 	 	  0.3076 	 0.8964 	 	 0.3496  	 0.8810  	 	 10.3180 	 0.0040  	 	 0.3588 	 0.8785  	 	 0.3967 	 0.8681  	 	 17.3868 	 0.0015
[2024/03/31 18:44:00] - 79 		 155.9 	 	 35.6 	 	 0.1000 	 	  0.3035 	 0.8976 	 	 0.3439  	 0.8826  	 	 10.2968 	 0.0043  	 	 0.3689 	 0.8717  	 	 0.4511 	 0.8507  	 	 19.2531 	 0.0001
[2024/03/31 18:47:13] - 80 		 156.7 	 	 36.4 	 	 0.1000 	 	  0.3110 	 0.8946 	 	 0.3525  	 0.8797  	 	 10.3469 	 0.0042  	 	 0.3694 	 0.8728  	 	 0.4476 	 0.8515  	 	 19.4335 	 0.0001
[2024/03/31 18:50:24] - 81 		 155.8 	 	 35.4 	 	 0.1000 	 	  0.3099 	 0.8939 	 	 0.3517  	 0.8797  	 	 10.3599 	 0.0044  	 	 0.3513 	 0.8822  	 	 0.4075 	 0.8691  	 	 17.7509 	 0.0009
[2024/03/31 18:53:42] - 82 		 162.3 	 	 35.9 	 	 0.1000 	 	  0.3014 	 0.8978 	 	 0.3424  	 0.8819  	 	 10.3614 	 0.0044  	 	 0.3438 	 0.8829  	 	 0.3994 	 0.8670  	 	 18.5633 	 0.0002
[2024/03/31 18:56:53] - 83 		 155.3 	 	 35.3 	 	 0.1000 	 	  0.3132 	 0.8954 	 	 0.3549  	 0.8795  	 	 10.3042 	 0.0047  	 	 0.4096 	 0.8641  	 	 0.4664 	 0.8507  	 	 18.6551 	 0.0008
[2024/03/31 19:00:06] - 84 		 157.5 	 	 36.0 	 	 0.1000 	 	  0.3043 	 0.8971 	 	 0.3459  	 0.8816  	 	 10.4242 	 0.0042  	 	 0.3702 	 0.8756  	 	 0.4093 	 0.8662  	 	 17.8097 	 0.0014
[2024/03/31 19:03:20] - 85 		 156.5 	 	 36.9 	 	 0.1000 	 	  0.3106 	 0.8951 	 	 0.3516  	 0.8810  	 	 10.3135 	 0.0049  	 	 0.3616 	 0.8804  	 	 0.4254 	 0.8600  	 	 18.4596 	 0.0002
[2024/03/31 19:06:33] - 86 		 157.3 	 	 35.5 	 	 0.1000 	 	  0.3058 	 0.8963 	 	 0.3473  	 0.8806  	 	 10.3565 	 0.0046  	 	 0.3516 	 0.8826  	 	 0.4204 	 0.8628  	 	 19.5326 	 0.0004
[2024/03/31 19:09:44] - 87 		 155.5 	 	 35.6 	 	 0.1000 	 	  0.3091 	 0.8957 	 	 0.3512  	 0.8801  	 	 10.4007 	 0.0048  	 	 0.3287 	 0.8912  	 	 0.4168 	 0.8645  	 	 20.0429 	 0.0003
[2024/03/31 19:12:55] - 88 		 155.9 	 	 35.6 	 	 0.1000 	 	  0.3045 	 0.8965 	 	 0.3462  	 0.8810  	 	 10.3160 	 0.0046  	 	 0.3434 	 0.8835  	 	 0.3999 	 0.8650  	 	 16.9804 	 0.0003
[2024/03/31 19:16:07] - 89 		 155.9 	 	 36.1 	 	 0.1000 	 	  0.3058 	 0.8970 	 	 0.3479  	 0.8807  	 	 10.3523 	 0.0047  	 	 0.3611 	 0.8760  	 	 0.4162 	 0.8590  	 	 16.7723 	 0.0004
[2024/03/31 19:19:18] - 90 		 155.5 	 	 35.7 	 	 0.1000 	 	  0.3069 	 0.8951 	 	 0.3486  	 0.8805  	 	 10.3236 	 0.0044  	 	 0.3983 	 0.8634  	 	 0.4585 	 0.8492  	 	 18.5160 	 0.0004
[2024/03/31 19:22:30] - 91 		 155.9 	 	 35.9 	 	 0.1000 	 	  0.3006 	 0.8996 	 	 0.3410  	 0.8846  	 	 10.2943 	 0.0040  	 	 0.3293 	 0.8887  	 	 0.4242 	 0.8644  	 	 19.1716 	 0.0002
[2024/03/31 19:25:42] - 92 		 155.6 	 	 36.1 	 	 0.1000 	 	  0.3035 	 0.8973 	 	 0.3458  	 0.8826  	 	 10.3410 	 0.0041  	 	 0.3532 	 0.8822  	 	 0.3957 	 0.8743  	 	 19.4911 	 0.0003
[2024/03/31 19:28:53] - 93 		 155.6 	 	 35.6 	 	 0.1000 	 	  0.3060 	 0.8955 	 	 0.3479  	 0.8813  	 	 10.3119 	 0.0046  	 	 0.3577 	 0.8781  	 	 0.4176 	 0.8639  	 	 19.1783 	 0.0002
[2024/03/31 19:32:05] - 94 		 156.0 	 	 35.7 	 	 0.1000 	 	  0.3057 	 0.8970 	 	 0.3469  	 0.8807  	 	 10.3826 	 0.0048  	 	 0.3614 	 0.8777  	 	 0.4091 	 0.8633  	 	 16.9876 	 0.0006
[2024/03/31 19:35:16] - 95 		 155.4 	 	 35.5 	 	 0.1000 	 	  0.3019 	 0.8991 	 	 0.3441  	 0.8830  	 	 10.4045 	 0.0042  	 	 0.3873 	 0.8669  	 	 0.4628 	 0.8466  	 	 18.0512 	 0.0004
[2024/03/31 19:38:27] - 96 		 156.0 	 	 35.6 	 	 0.1000 	 	  0.3056 	 0.8962 	 	 0.3467  	 0.8826  	 	 10.2762 	 0.0045  	 	 0.3622 	 0.8788  	 	 0.4268 	 0.8591  	 	 19.2125 	 0.0001
[2024/03/31 19:41:40] - 97 		 155.9 	 	 36.8 	 	 0.1000 	 	  0.3058 	 0.8965 	 	 0.3467  	 0.8823  	 	 10.2703 	 0.0052  	 	 0.3448 	 0.8793  	 	 0.3993 	 0.8641  	 	 17.4603 	 0.0005
[2024/03/31 19:44:51] - 98 		 155.5 	 	 35.5 	 	 0.1000 	 	  0.3001 	 0.8981 	 	 0.3415  	 0.8832  	 	 10.3470 	 0.0045  	 	 0.4467 	 0.8547  	 	 0.5092 	 0.8395  	 	 18.1740 	 0.0013
[2024/03/31 19:48:03] - 99 		 156.0 	 	 35.6 	 	 0.0100 	 	  0.3049 	 0.8973 	 	 0.3467  	 0.8826  	 	 10.3149 	 0.0044  	 	 0.3655 	 0.8774  	 	 0.4510 	 0.8546  	 	 19.5477 	 0.0003
[2024/03/31 19:51:15] - 100 		 155.5 	 	 36.5 	 	 0.0100 	 	  0.1690 	 0.9453 	 	 0.1946  	 0.9353  	 	 10.5071 	 0.0038  	 	 0.2292 	 0.9240  	 	 0.2832 	 0.9114  	 	 18.3907 	 0.0007
[2024/03/31 19:54:27] - 101 		 155.5 	 	 35.7 	 	 0.0100 	 	  0.1192 	 0.9618 	 	 0.1430  	 0.9523  	 	 10.9565 	 0.0060  	 	 0.1981 	 0.9336  	 	 0.2499 	 0.9202  	 	 16.7497 	 0.0009
[2024/03/31 19:57:39] - 102 		 156.5 	 	 36.0 	 	 0.0100 	 	  0.1011 	 0.9667 	 	 0.1234  	 0.9580  	 	 11.1428 	 0.0092  	 	 0.2462 	 0.9213  	 	 0.3222 	 0.9043  	 	 18.5701 	 0.0018
[2024/03/31 20:00:50] - 103 		 155.5 	 	 35.8 	 	 0.0100 	 	  0.0890 	 0.9714 	 	 0.1109  	 0.9638  	 	 11.2603 	 0.0123  	 	 0.2071 	 0.9322  	 	 0.2829 	 0.9153  	 	 17.1754 	 0.0011
[2024/03/31 20:04:02] - 104 		 156.4 	 	 35.6 	 	 0.0100 	 	  0.0797 	 0.9754 	 	 0.1009  	 0.9671  	 	 11.3607 	 0.0148  	 	 0.2250 	 0.9266  	 	 0.2869 	 0.9120  	 	 16.8921 	 0.0022
[2024/03/31 20:07:14] - 105 		 156.1 	 	 35.8 	 	 0.0100 	 	  0.0723 	 0.9768 	 	 0.0947  	 0.9682  	 	 11.3710 	 0.0191  	 	 0.2197 	 0.9298  	 	 0.2975 	 0.9137  	 	 16.8013 	 0.0025
[2024/03/31 20:10:25] - 106 		 155.6 	 	 35.6 	 	 0.0100 	 	  0.0678 	 0.9786 	 	 0.0896  	 0.9698  	 	 11.4179 	 0.0210  	 	 0.2111 	 0.9329  	 	 0.2769 	 0.9169  	 	 17.3997 	 0.0022
[2024/03/31 20:13:37] - 107 		 156.0 	 	 35.7 	 	 0.0100 	 	  0.0605 	 0.9812 	 	 0.0809  	 0.9733  	 	 11.4065 	 0.0280  	 	 0.2385 	 0.9252  	 	 0.3120 	 0.9100  	 	 16.9969 	 0.0022
[2024/03/31 20:16:49] - 108 		 155.6 	 	 36.1 	 	 0.0100 	 	  0.0549 	 0.9828 	 	 0.0750  	 0.9744  	 	 11.4168 	 0.0316  	 	 0.2235 	 0.9283  	 	 0.2952 	 0.9123  	 	 15.9448 	 0.0035
[2024/03/31 20:20:01] - 109 		 155.7 	 	 36.3 	 	 0.0100 	 	  0.0515 	 0.9844 	 	 0.0720  	 0.9766  	 	 11.4167 	 0.0345  	 	 0.2608 	 0.9201  	 	 0.3375 	 0.9082  	 	 17.0380 	 0.0017
[2024/03/31 20:23:12] - 110 		 155.5 	 	 35.7 	 	 0.0100 	 	  0.0488 	 0.9855 	 	 0.0690  	 0.9776  	 	 11.4013 	 0.0389  	 	 0.2101 	 0.9331  	 	 0.2960 	 0.9182  	 	 16.0356 	 0.0038
[2024/03/31 20:26:24] - 111 		 156.0 	 	 35.7 	 	 0.0100 	 	  0.0432 	 0.9877 	 	 0.0617  	 0.9805  	 	 11.3428 	 0.0483  	 	 0.2314 	 0.9319  	 	 0.3281 	 0.9139  	 	 16.8485 	 0.0043
[2024/03/31 20:29:35] - 112 		 155.4 	 	 35.7 	 	 0.0100 	 	  0.0433 	 0.9867 	 	 0.0620  	 0.9797  	 	 11.3193 	 0.0489  	 	 0.2125 	 0.9322  	 	 0.3053 	 0.9165  	 	 16.0660 	 0.0029
[2024/03/31 20:32:48] - 113 		 156.8 	 	 35.8 	 	 0.0100 	 	  0.0398 	 0.9885 	 	 0.0594  	 0.9800  	 	 11.2918 	 0.0536  	 	 0.2185 	 0.9347  	 	 0.3252 	 0.9170  	 	 17.3040 	 0.0028
[2024/03/31 20:35:59] - 114 		 156.2 	 	 35.7 	 	 0.0100 	 	  0.0385 	 0.9892 	 	 0.0569  	 0.9817  	 	 11.2329 	 0.0561  	 	 0.2492 	 0.9271  	 	 0.3324 	 0.9134  	 	 16.0848 	 0.0062
[2024/03/31 20:39:10] - 115 		 155.4 	 	 35.6 	 	 0.0100 	 	  0.0374 	 0.9892 	 	 0.0558  	 0.9818  	 	 11.1873 	 0.0595  	 	 0.2154 	 0.9329  	 	 0.3042 	 0.9197  	 	 16.7841 	 0.0027
[2024/03/31 20:42:22] - 116 		 155.8 	 	 35.6 	 	 0.0100 	 	  0.0359 	 0.9898 	 	 0.0545  	 0.9825  	 	 11.1392 	 0.0610  	 	 0.2441 	 0.9259  	 	 0.3475 	 0.9077  	 	 16.7644 	 0.0045
[2024/03/31 20:45:34] - 117 		 155.6 	 	 36.1 	 	 0.0100 	 	  0.0361 	 0.9897 	 	 0.0544  	 0.9823  	 	 11.1533 	 0.0622  	 	 0.2293 	 0.9336  	 	 0.3311 	 0.9153  	 	 16.5432 	 0.0043
[2024/03/31 20:48:45] - 118 		 155.5 	 	 35.8 	 	 0.0100 	 	  0.0349 	 0.9899 	 	 0.0529  	 0.9826  	 	 11.1722 	 0.0589  	 	 0.2218 	 0.9332  	 	 0.3151 	 0.9157  	 	 15.8963 	 0.0050
[2024/03/31 20:51:57] - 119 		 156.0 	 	 35.8 	 	 0.0100 	 	  0.0353 	 0.9895 	 	 0.0536  	 0.9825  	 	 10.9954 	 0.0693  	 	 0.2279 	 0.9323  	 	 0.3165 	 0.9168  	 	 16.2238 	 0.0032
[2024/03/31 20:55:08] - 120 		 155.4 	 	 35.8 	 	 0.0100 	 	  0.0356 	 0.9897 	 	 0.0544  	 0.9824  	 	 10.9223 	 0.0702  	 	 0.2584 	 0.9247  	 	 0.3647 	 0.9071  	 	 16.8153 	 0.0014
[2024/03/31 20:58:20] - 121 		 156.1 	 	 35.8 	 	 0.0100 	 	  0.0338 	 0.9906 	 	 0.0516  	 0.9833  	 	 10.8283 	 0.0755  	 	 0.2368 	 0.9295  	 	 0.3440 	 0.9170  	 	 16.4752 	 0.0029
[2024/03/31 21:01:32] - 122 		 156.1 	 	 35.7 	 	 0.0100 	 	  0.0344 	 0.9901 	 	 0.0524  	 0.9829  	 	 10.8096 	 0.0756  	 	 0.2491 	 0.9281  	 	 0.3554 	 0.9109  	 	 16.8635 	 0.0019
[2024/03/31 21:04:43] - 123 		 155.5 	 	 35.7 	 	 0.0100 	 	  0.0322 	 0.9911 	 	 0.0497  	 0.9837  	 	 10.7530 	 0.0818  	 	 0.2457 	 0.9258  	 	 0.3434 	 0.9066  	 	 16.0486 	 0.0029
[2024/03/31 21:07:55] - 124 		 156.1 	 	 35.6 	 	 0.0100 	 	  0.0321 	 0.9909 	 	 0.0489  	 0.9843  	 	 10.7145 	 0.0834  	 	 0.2487 	 0.9281  	 	 0.3452 	 0.9138  	 	 16.1951 	 0.0040
[2024/03/31 21:11:06] - 125 		 155.5 	 	 36.1 	 	 0.0100 	 	  0.0352 	 0.9896 	 	 0.0530  	 0.9832  	 	 10.6956 	 0.0782  	 	 0.2202 	 0.9353  	 	 0.3082 	 0.9178  	 	 15.4604 	 0.0064
[2024/03/31 21:14:17] - 126 		 155.5 	 	 35.6 	 	 0.0100 	 	  0.0364 	 0.9891 	 	 0.0561  	 0.9819  	 	 10.7156 	 0.0749  	 	 0.2579 	 0.9237  	 	 0.3709 	 0.9079  	 	 16.0534 	 0.0056
[2024/03/31 21:17:30] - 127 		 156.7 	 	 35.6 	 	 0.0100 	 	  0.0339 	 0.9905 	 	 0.0516  	 0.9837  	 	 10.6068 	 0.0754  	 	 0.2457 	 0.9303  	 	 0.3493 	 0.9138  	 	 15.8010 	 0.0029
[2024/03/31 21:20:41] - 128 		 155.5 	 	 35.7 	 	 0.0100 	 	  0.0353 	 0.9897 	 	 0.0551  	 0.9827  	 	 10.5435 	 0.0813  	 	 0.2342 	 0.9327  	 	 0.3565 	 0.9139  	 	 16.1160 	 0.0025
[2024/03/31 21:23:53] - 129 		 156.0 	 	 35.6 	 	 0.0100 	 	  0.0369 	 0.9889 	 	 0.0554  	 0.9824  	 	 10.6253 	 0.0696  	 	 0.2740 	 0.9211  	 	 0.3805 	 0.9047  	 	 15.6195 	 0.0042
[2024/03/31 21:27:05] - 130 		 156.2 	 	 35.8 	 	 0.0100 	 	  0.0380 	 0.9882 	 	 0.0589  	 0.9812  	 	 10.5876 	 0.0683  	 	 0.2252 	 0.9313  	 	 0.3301 	 0.9143  	 	 15.9954 	 0.0052
[2024/03/31 21:30:16] - 131 		 155.5 	 	 35.6 	 	 0.0100 	 	  0.0381 	 0.9888 	 	 0.0577  	 0.9813  	 	 10.4751 	 0.0748  	 	 0.2412 	 0.9289  	 	 0.3244 	 0.9153  	 	 15.9219 	 0.0032
[2024/03/31 21:33:27] - 132 		 156.1 	 	 35.7 	 	 0.0100 	 	  0.0395 	 0.9882 	 	 0.0591  	 0.9808  	 	 10.5598 	 0.0669  	 	 0.2636 	 0.9253  	 	 0.3801 	 0.9038  	 	 15.4050 	 0.0036
[2024/03/31 21:36:39] - 133 		 155.5 	 	 36.1 	 	 0.0100 	 	  0.0396 	 0.9879 	 	 0.0608  	 0.9799  	 	 10.5764 	 0.0587  	 	 0.2431 	 0.9282  	 	 0.3506 	 0.9118  	 	 16.0048 	 0.0043
[2024/03/31 21:39:51] - 134 		 155.6 	 	 35.9 	 	 0.0100 	 	  0.0404 	 0.9880 	 	 0.0615  	 0.9800  	 	 10.4239 	 0.0690  	 	 0.2762 	 0.9191  	 	 0.3679 	 0.9027  	 	 15.4805 	 0.0040
[2024/03/31 21:43:02] - 135 		 155.9 	 	 35.7 	 	 0.0100 	 	  0.0417 	 0.9871 	 	 0.0631  	 0.9791  	 	 10.4026 	 0.0659  	 	 0.2697 	 0.9249  	 	 0.3844 	 0.9036  	 	 16.3534 	 0.0031
[2024/03/31 21:46:14] - 136 		 155.5 	 	 36.2 	 	 0.0100 	 	  0.0414 	 0.9873 	 	 0.0622  	 0.9801  	 	 10.4608 	 0.0611  	 	 0.2481 	 0.9282  	 	 0.3585 	 0.9073  	 	 15.4508 	 0.0035
[2024/03/31 21:49:25] - 137 		 155.6 	 	 35.5 	 	 0.0100 	 	  0.0400 	 0.9878 	 	 0.0602  	 0.9805  	 	 10.4378 	 0.0622  	 	 0.2603 	 0.9229  	 	 0.3440 	 0.9094  	 	 14.9658 	 0.0089
[2024/03/31 21:52:37] - 138 		 156.1 	 	 35.7 	 	 0.0100 	 	  0.0390 	 0.9888 	 	 0.0595  	 0.9813  	 	 10.2618 	 0.0751  	 	 0.2358 	 0.9341  	 	 0.3391 	 0.9152  	 	 15.3010 	 0.0055
[2024/03/31 21:55:48] - 139 		 155.5 	 	 35.6 	 	 0.0100 	 	  0.0395 	 0.9886 	 	 0.0600  	 0.9809  	 	 10.3605 	 0.0656  	 	 0.2953 	 0.9160  	 	 0.3945 	 0.8984  	 	 15.6357 	 0.0052
[2024/03/31 21:59:00] - 140 		 157.0 	 	 35.6 	 	 0.0100 	 	  0.0433 	 0.9872 	 	 0.0653  	 0.9790  	 	 10.3012 	 0.0687  	 	 0.2307 	 0.9280  	 	 0.3108 	 0.9132  	 	 14.6010 	 0.0075
[2024/03/31 22:02:12] - 141 		 155.5 	 	 35.7 	 	 0.0100 	 	  0.0420 	 0.9876 	 	 0.0625  	 0.9800  	 	 10.2830 	 0.0639  	 	 0.2601 	 0.9219  	 	 0.3627 	 0.9026  	 	 15.6569 	 0.0040
[2024/03/31 22:05:23] - 142 		 156.0 	 	 35.7 	 	 0.0100 	 	  0.0435 	 0.9874 	 	 0.0648  	 0.9789  	 	 10.3068 	 0.0655  	 	 0.2452 	 0.9271  	 	 0.3400 	 0.9125  	 	 15.2178 	 0.0029
[2024/03/31 22:08:34] - 143 		 155.6 	 	 35.5 	 	 0.0100 	 	  0.0437 	 0.9863 	 	 0.0643  	 0.9786  	 	 10.2470 	 0.0667  	 	 0.2739 	 0.9178  	 	 0.3497 	 0.9024  	 	 14.3676 	 0.0048
[2024/03/31 22:11:46] - 144 		 156.4 	 	 35.7 	 	 0.0100 	 	  0.0460 	 0.9860 	 	 0.0677  	 0.9781  	 	 10.2848 	 0.0614  	 	 0.2555 	 0.9252  	 	 0.3484 	 0.9096  	 	 14.4653 	 0.0092
[2024/03/31 22:14:58] - 145 		 156.2 	 	 35.7 	 	 0.0100 	 	  0.0436 	 0.9866 	 	 0.0651  	 0.9788  	 	 10.3828 	 0.0554  	 	 0.2365 	 0.9290  	 	 0.3193 	 0.9137  	 	 14.8597 	 0.0049
[2024/03/31 22:18:10] - 146 		 155.6 	 	 35.6 	 	 0.0100 	 	  0.0447 	 0.9863 	 	 0.0667  	 0.9787  	 	 10.2326 	 0.0667  	 	 0.2372 	 0.9298  	 	 0.3537 	 0.9088  	 	 15.5044 	 0.0054
[2024/03/31 22:21:21] - 147 		 156.1 	 	 35.7 	 	 0.0100 	 	  0.0427 	 0.9871 	 	 0.0638  	 0.9792  	 	 10.2894 	 0.0653  	 	 0.2805 	 0.9194  	 	 0.3668 	 0.9048  	 	 14.8697 	 0.0045
[2024/03/31 22:24:33] - 148 		 156.2 	 	 35.6 	 	 0.0100 	 	  0.0435 	 0.9866 	 	 0.0659  	 0.9783  	 	 10.1672 	 0.0742  	 	 0.2391 	 0.9286  	 	 0.3510 	 0.9062  	 	 14.9226 	 0.0038
[2024/03/31 22:27:44] - 149 		 155.5 	 	 35.6 	 	 0.0010 	 	  0.0436 	 0.9868 	 	 0.0653  	 0.9790  	 	 10.2104 	 0.0610  	 	 0.2708 	 0.9173  	 	 0.3629 	 0.9013  	 	 14.7207 	 0.0062
[2024/03/31 22:30:58] - 150 		 156.9 	 	 36.0 	 	 0.0010 	 	  0.0230 	 0.9943 	 	 0.0351  	 0.9893  	 	 10.1115 	 0.0727  	 	 0.2247 	 0.9353  	 	 0.3136 	 0.9174  	 	 14.2709 	 0.0099
[2024/03/31 22:34:09] - 151 		 155.6 	 	 35.6 	 	 0.0010 	 	  0.0128 	 0.9977 	 	 0.0204  	 0.9947  	 	 9.8918 	 0.0949  	 	 0.2084 	 0.9408  	 	 0.3077 	 0.9219  	 	 14.0177 	 0.0138
[2024/03/31 22:37:21] - 152 		 156.2 	 	 35.5 	 	 0.0010 	 	  0.0095 	 0.9985 	 	 0.0142  	 0.9968  	 	 9.7769 	 0.1084  	 	 0.2172 	 0.9388  	 	 0.3256 	 0.9226  	 	 13.9623 	 0.0174
[2024/03/31 22:40:33] - 153 		 156.2 	 	 35.7 	 	 0.0010 	 	  0.0083 	 0.9988 	 	 0.0133  	 0.9967  	 	 9.6969 	 0.1172  	 	 0.2120 	 0.9404  	 	 0.3403 	 0.9231  	 	 14.6735 	 0.0105
[2024/03/31 22:43:44] - 154 		 155.5 	 	 35.6 	 	 0.0010 	 	  0.0078 	 0.9988 	 	 0.0130  	 0.9970  	 	 9.6655 	 0.1224  	 	 0.2300 	 0.9364  	 	 0.3418 	 0.9181  	 	 14.3584 	 0.0164
[2024/03/31 22:46:56] - 155 		 156.3 	 	 35.8 	 	 0.0010 	 	  0.0070 	 0.9990 	 	 0.0112  	 0.9975  	 	 9.5976 	 0.1295  	 	 0.2233 	 0.9398  	 	 0.3273 	 0.9214  	 	 13.4087 	 0.0156
[2024/03/31 22:50:08] - 156 		 155.7 	 	 36.3 	 	 0.0010 	 	  0.0065 	 0.9991 	 	 0.0107  	 0.9974  	 	 9.5578 	 0.1338  	 	 0.2222 	 0.9376  	 	 0.3440 	 0.9217  	 	 14.1608 	 0.0137
[2024/03/31 22:53:19] - 157 		 155.6 	 	 35.7 	 	 0.0010 	 	  0.0060 	 0.9993 	 	 0.0100  	 0.9978  	 	 9.5653 	 0.1347  	 	 0.2084 	 0.9435  	 	 0.3249 	 0.9273  	 	 14.2696 	 0.0182
[2024/03/31 22:56:31] - 158 		 156.2 	 	 35.7 	 	 0.0010 	 	  0.0056 	 0.9996 	 	 0.0093  	 0.9980  	 	 9.5559 	 0.1346  	 	 0.2275 	 0.9372  	 	 0.3276 	 0.9247  	 	 13.6311 	 0.0149
[2024/03/31 22:59:43] - 159 		 155.5 	 	 36.5 	 	 0.0010 	 	  0.0054 	 0.9993 	 	 0.0088  	 0.9981  	 	 9.5050 	 0.1400  	 	 0.2187 	 0.9435  	 	 0.3301 	 0.9276  	 	 13.5136 	 0.0226
[2024/03/31 23:02:54] - 160 		 155.6 	 	 35.6 	 	 0.0010 	 	  0.0048 	 0.9996 	 	 0.0077  	 0.9984  	 	 9.5249 	 0.1380  	 	 0.2128 	 0.9425  	 	 0.3219 	 0.9267  	 	 13.4341 	 0.0204
[2024/03/31 23:06:07] - 161 		 157.0 	 	 35.7 	 	 0.0010 	 	  0.0049 	 0.9994 	 	 0.0083  	 0.9983  	 	 9.4754 	 0.1427  	 	 0.2099 	 0.9439  	 	 0.3186 	 0.9279  	 	 13.2662 	 0.0257
[2024/03/31 23:09:18] - 162 		 155.6 	 	 35.6 	 	 0.0010 	 	  0.0046 	 0.9995 	 	 0.0083  	 0.9982  	 	 9.4691 	 0.1414  	 	 0.2138 	 0.9414  	 	 0.3160 	 0.9261  	 	 13.3680 	 0.0196
[2024/03/31 23:12:30] - 163 		 156.4 	 	 35.6 	 	 0.0010 	 	  0.0045 	 0.9995 	 	 0.0078  	 0.9984  	 	 9.4227 	 0.1446  	 	 0.2196 	 0.9433  	 	 0.3347 	 0.9249  	 	 13.4846 	 0.0223
[2024/03/31 23:15:42] - 164 		 156.2 	 	 35.8 	 	 0.0010 	 	  0.0040 	 0.9997 	 	 0.0069  	 0.9987  	 	 9.4485 	 0.1425  	 	 0.2052 	 0.9433  	 	 0.3330 	 0.9258  	 	 13.4709 	 0.0087
[2024/03/31 23:18:53] - 165 		 155.4 	 	 35.7 	 	 0.0010 	 	  0.0040 	 0.9997 	 	 0.0068  	 0.9988  	 	 9.3935 	 0.1474  	 	 0.2142 	 0.9434  	 	 0.3232 	 0.9289  	 	 13.4221 	 0.0216
[2024/03/31 23:22:06] - 166 		 156.5 	 	 36.2 	 	 0.0010 	 	  0.0037 	 0.9997 	 	 0.0061  	 0.9990  	 	 9.4083 	 0.1472  	 	 0.2082 	 0.9435  	 	 0.3212 	 0.9284  	 	 13.5652 	 0.0231
[2024/03/31 23:25:18] - 167 		 155.6 	 	 36.4 	 	 0.0010 	 	  0.0038 	 0.9997 	 	 0.0069  	 0.9988  	 	 9.3470 	 0.1500  	 	 0.2140 	 0.9452  	 	 0.3417 	 0.9258  	 	 13.2767 	 0.0129
[2024/03/31 23:28:29] - 168 		 155.5 	 	 35.6 	 	 0.0010 	 	  0.0035 	 0.9998 	 	 0.0061  	 0.9988  	 	 9.3348 	 0.1509  	 	 0.2011 	 0.9453  	 	 0.3252 	 0.9279  	 	 13.1363 	 0.0227
[2024/03/31 23:31:41] - 169 		 156.3 	 	 35.9 	 	 0.0010 	 	  0.0034 	 0.9997 	 	 0.0056  	 0.9991  	 	 9.3347 	 0.1498  	 	 0.2133 	 0.9441  	 	 0.3382 	 0.9292  	 	 13.7715 	 0.0170
[2024/03/31 23:34:52] - 170 		 155.6 	 	 35.6 	 	 0.0010 	 	  0.0032 	 0.9998 	 	 0.0054  	 0.9991  	 	 9.3426 	 0.1494  	 	 0.2215 	 0.9406  	 	 0.3507 	 0.9240  	 	 13.4011 	 0.0121
[2024/03/31 23:38:04] - 171 		 156.1 	 	 35.7 	 	 0.0010 	 	  0.0033 	 0.9997 	 	 0.0058  	 0.9990  	 	 9.3002 	 0.1527  	 	 0.2151 	 0.9420  	 	 0.3369 	 0.9235  	 	 12.9050 	 0.0225
[2024/03/31 23:41:16] - 172 		 156.2 	 	 35.7 	 	 0.0010 	 	  0.0031 	 0.9998 	 	 0.0053  	 0.9990  	 	 9.3183 	 0.1499  	 	 0.2092 	 0.9454  	 	 0.3319 	 0.9285  	 	 13.0533 	 0.0184
[2024/03/31 23:44:27] - 173 		 155.4 	 	 35.7 	 	 0.0010 	 	  0.0030 	 0.9999 	 	 0.0046  	 0.9992  	 	 9.2565 	 0.1543  	 	 0.2269 	 0.9377  	 	 0.3609 	 0.9213  	 	 13.4277 	 0.0169
[2024/03/31 23:47:39] - 174 		 156.3 	 	 35.7 	 	 0.0010 	 	  0.0028 	 0.9999 	 	 0.0051  	 0.9992  	 	 9.2459 	 0.1572  	 	 0.2266 	 0.9372  	 	 0.3535 	 0.9195  	 	 13.2605 	 0.0228
[2024/03/31 23:50:51] - 175 		 155.6 	 	 36.0 	 	 0.0010 	 	  0.0030 	 0.9997 	 	 0.0047  	 0.9993  	 	 9.2548 	 0.1534  	 	 0.2125 	 0.9442  	 	 0.3226 	 0.9282  	 	 12.8784 	 0.0247
[2024/03/31 23:54:02] - 176 		 155.6 	 	 35.7 	 	 0.0010 	 	  0.0029 	 0.9997 	 	 0.0049  	 0.9991  	 	 9.2164 	 0.1572  	 	 0.2558 	 0.9341  	 	 0.3821 	 0.9196  	 	 13.4395 	 0.0172
[2024/03/31 23:57:14] - 177 		 156.1 	 	 36.0 	 	 0.0010 	 	  0.0027 	 0.9999 	 	 0.0043  	 0.9995  	 	 9.2053 	 0.1571  	 	 0.2146 	 0.9440  	 	 0.3468 	 0.9271  	 	 13.3992 	 0.0221
[2024/04/01 00:00:25] - 178 		 155.5 	 	 35.7 	 	 0.0010 	 	  0.0026 	 0.9999 	 	 0.0048  	 0.9992  	 	 9.2191 	 0.1546  	 	 0.2199 	 0.9432  	 	 0.3462 	 0.9266  	 	 12.7310 	 0.0247
[2024/04/01 00:03:38] - 179 		 156.5 	 	 35.8 	 	 0.0010 	 	  0.0028 	 0.9998 	 	 0.0049  	 0.9991  	 	 9.2174 	 0.1513  	 	 0.2104 	 0.9456  	 	 0.3373 	 0.9281  	 	 12.7720 	 0.0360
[2024/04/01 00:06:49] - 180 		 155.6 	 	 35.7 	 	 0.0010 	 	  0.0026 	 0.9999 	 	 0.0043  	 0.9994  	 	 9.2045 	 0.1535  	 	 0.2251 	 0.9422  	 	 0.3408 	 0.9279  	 	 13.2459 	 0.0237
[2024/04/01 00:10:01] - 181 		 156.3 	 	 35.7 	 	 0.0010 	 	  0.0026 	 0.9999 	 	 0.0043  	 0.9994  	 	 9.2032 	 0.1524  	 	 0.2183 	 0.9410  	 	 0.3528 	 0.9245  	 	 13.1638 	 0.0342
[2024/04/01 00:13:13] - 182 		 157.0 	 	 35.6 	 	 0.0010 	 	  0.0027 	 0.9999 	 	 0.0047  	 0.9992  	 	 9.1868 	 0.1523  	 	 0.2129 	 0.9450  	 	 0.3344 	 0.9288  	 	 12.9728 	 0.0227
[2024/04/01 00:16:25] - 183 		 155.6 	 	 35.7 	 	 0.0010 	 	  0.0027 	 0.9998 	 	 0.0045  	 0.9991  	 	 9.2012 	 0.1504  	 	 0.2221 	 0.9397  	 	 0.3614 	 0.9226  	 	 12.8744 	 0.0260
[2024/04/01 00:19:37] - 184 		 156.8 	 	 35.8 	 	 0.0010 	 	  0.0026 	 0.9999 	 	 0.0045  	 0.9991  	 	 9.1848 	 0.1516  	 	 0.2075 	 0.9440  	 	 0.3381 	 0.9256  	 	 12.9619 	 0.0260
[2024/04/01 00:22:49] - 185 		 155.6 	 	 36.3 	 	 0.0010 	 	  0.0027 	 0.9999 	 	 0.0040  	 0.9995  	 	 9.1509 	 0.1520  	 	 0.2084 	 0.9452  	 	 0.3270 	 0.9290  	 	 12.5924 	 0.0393
[2024/04/01 00:26:00] - 186 		 155.6 	 	 35.5 	 	 0.0010 	 	  0.0025 	 0.9999 	 	 0.0038  	 0.9994  	 	 9.1187 	 0.1550  	 	 0.2199 	 0.9416  	 	 0.3461 	 0.9242  	 	 12.8293 	 0.0324
[2024/04/01 00:29:13] - 187 		 156.5 	 	 35.7 	 	 0.0010 	 	  0.0025 	 0.9999 	 	 0.0038  	 0.9995  	 	 9.1176 	 0.1547  	 	 0.2122 	 0.9427  	 	 0.3477 	 0.9254  	 	 13.0362 	 0.0238
[2024/04/01 00:32:24] - 188 		 155.7 	 	 35.5 	 	 0.0010 	 	  0.0025 	 0.9999 	 	 0.0039  	 0.9995  	 	 9.1018 	 0.1542  	 	 0.2383 	 0.9387  	 	 0.3578 	 0.9261  	 	 12.7693 	 0.0207
[2024/04/01 00:35:36] - 189 		 156.3 	 	 35.8 	 	 0.0010 	 	  0.0025 	 0.9998 	 	 0.0039  	 0.9993  	 	 9.1115 	 0.1518  	 	 0.2195 	 0.9428  	 	 0.3559 	 0.9261  	 	 12.5498 	 0.0364
[2024/04/01 00:38:48] - 190 		 156.7 	 	 35.6 	 	 0.0010 	 	  0.0023 	 0.9999 	 	 0.0040  	 0.9995  	 	 9.1221 	 0.1501  	 	 0.2189 	 0.9444  	 	 0.3489 	 0.9283  	 	 12.9447 	 0.0267
[2024/04/01 00:41:59] - 191 		 155.5 	 	 35.8 	 	 0.0010 	 	  0.0023 	 0.9999 	 	 0.0036  	 0.9995  	 	 9.0868 	 0.1518  	 	 0.2150 	 0.9458  	 	 0.3558 	 0.9274  	 	 12.6027 	 0.0290
[2024/04/01 00:45:11] - 192 		 156.0 	 	 35.7 	 	 0.0010 	 	  0.0023 	 0.9999 	 	 0.0037  	 0.9995  	 	 9.0482 	 0.1543  	 	 0.2140 	 0.9452  	 	 0.3410 	 0.9294  	 	 12.8000 	 0.0390
[2024/04/01 00:48:24] - 193 		 155.7 	 	 36.8 	 	 0.0010 	 	  0.0024 	 0.9999 	 	 0.0038  	 0.9994  	 	 9.0333 	 0.1552  	 	 0.2060 	 0.9450  	 	 0.3607 	 0.9265  	 	 13.3820 	 0.0245
[2024/04/01 00:51:35] - 194 		 155.6 	 	 35.6 	 	 0.0010 	 	  0.0023 	 0.9999 	 	 0.0037  	 0.9995  	 	 9.0514 	 0.1536  	 	 0.2479 	 0.9376  	 	 0.3738 	 0.9217  	 	 12.9098 	 0.0256
[2024/04/01 00:54:47] - 195 		 156.4 	 	 35.7 	 	 0.0010 	 	  0.0023 	 0.9999 	 	 0.0037  	 0.9995  	 	 9.0093 	 0.1541  	 	 0.2243 	 0.9430  	 	 0.3642 	 0.9254  	 	 13.0583 	 0.0235
[2024/04/01 00:57:58] - 196 		 155.6 	 	 35.7 	 	 0.0010 	 	  0.0024 	 0.9998 	 	 0.0041  	 0.9994  	 	 9.0303 	 0.1513  	 	 0.2133 	 0.9432  	 	 0.3488 	 0.9276  	 	 12.8834 	 0.0197
[2024/04/01 01:01:10] - 197 		 156.4 	 	 35.7 	 	 0.0010 	 	  0.0022 	 0.9999 	 	 0.0035  	 0.9996  	 	 9.0242 	 0.1494  	 	 0.2319 	 0.9399  	 	 0.3667 	 0.9233  	 	 12.9563 	 0.0264
[2024/04/01 01:04:22] - 198 		 156.3 	 	 35.7 	 	 0.0010 	 	  0.0023 	 0.9998 	 	 0.0037  	 0.9995  	 	 8.9770 	 0.1532  	 	 0.2219 	 0.9415  	 	 0.3483 	 0.9248  	 	 12.2784 	 0.0315
[2024/04/01 01:07:33] - 199 		 155.6 	 	 35.6 	 	 0.0010 	 	  0.0021 	 0.9999 	 	 0.0032  	 0.9996  	 	 9.0113 	 0.1486  	 	 0.2043 	 0.9464  	 	 0.3231 	 0.9294  	 	 12.2058 	 0.0344
[2024/04/01 01:10:46] - 200 		 156.2 	 	 35.8 	 	 0.0010 	 	  0.0023 	 0.9999 	 	 0.0038  	 0.9994  	 	 8.9665 	 0.1517  	 	 0.2174 	 0.9463  	 	 0.3415 	 0.9299  	 	 12.2703 	 0.0337
