[2024/05/20 10:09:59] - Namespace(att_method='norm_steep', attack_iters=10, batch_size=128, beta=2.0, chkpt_iters=50, dataset='cifar10', epochs=201, epsilon=0.03137254901960784, eq_vol=1, eval_method='sign', lr_chechpoint1=100, lr_chechpoint2=150, lr_max=0.1, lr_schedule='piecewise', manual_step=0, model='PreRes18_standard', momentum=0.9, norm='l_inf', pgd_alpha=2.0, random_init=1, resume=0, seed=3, train_mode='adv_train', weight_decay=0.0005, width_factor=10)
[2024/05/20 10:10:05] - Epoch 	 Train Time 	 Test Time 	 LR 	 	 Train Loss 	 Train Acc 	 Train Adv Loss 	 Train Adv Acc 	 Train Surrogate Loss 	 Train Surrogate Acc 	 Test Loss 	 Test Acc 	 Test Adv Loss 	 Test Adv Acc 	 Test Surrogate Loss 	 Test Surrogate Acc 
[2024/05/20 10:14:19] - 0 		 207.6 	 	 46.6 	 	 0.1000  		 1.9390 	 0.2829 	 	 2.1071  	 0.2129  	 	 2.1575 	 0.1970  	 	 1.7549 	 0.3434  	 	 1.9863 	 0.2482  	 	 2.0674 	 0.2278
[2024/05/20 10:18:28] - 1 		 202.4 	 	 46.3 	 	 0.1000  		 1.6639 	 0.3941 	 	 1.9163  	 0.2766  	 	 1.9947 	 0.2486  	 	 1.5496 	 0.4364  	 	 1.8872 	 0.2879  	 	 1.9924 	 0.2524
[2024/05/20 10:22:36] - 2 		 201.8 	 	 46.3 	 	 0.1000  		 1.5155 	 0.4617 	 	 1.8178  	 0.3123  	 	 1.9125 	 0.2778  	 	 1.3805 	 0.5177  	 	 1.7382 	 0.3312  	 	 1.8583 	 0.2810
[2024/05/20 10:26:45] - 3 		 202.3 	 	 46.7 	 	 0.1000  		 1.3957 	 0.5142 	 	 1.7374  	 0.3436  	 	 1.8463 	 0.3047  	 	 1.3070 	 0.5410  	 	 1.6839 	 0.3638  	 	 1.8156 	 0.3159
[2024/05/20 10:30:54] - 4 		 201.3 	 	 47.6 	 	 0.1000  		 1.2946 	 0.5591 	 	 1.6664  	 0.3680  	 	 1.7878 	 0.3221  	 	 1.2114 	 0.5926  	 	 1.6365 	 0.3682  	 	 1.7921 	 0.3108
[2024/05/20 10:35:02] - 5 		 201.4 	 	 46.7 	 	 0.1000  		 1.2231 	 0.5942 	 	 1.6158  	 0.3883  	 	 1.7468 	 0.3363  	 	 1.1663 	 0.5993  	 	 1.6323 	 0.3836  	 	 1.8064 	 0.3151
[2024/05/20 10:39:10] - 6 		 202.0 	 	 46.2 	 	 0.1000  		 1.1632 	 0.6171 	 	 1.5719  	 0.4033  	 	 1.7115 	 0.3498  	 	 1.0883 	 0.6349  	 	 1.5273 	 0.4172  	 	 1.6933 	 0.3521
[2024/05/20 10:43:18] - 7 		 201.9 	 	 46.4 	 	 0.1000  		 1.1185 	 0.6399 	 	 1.5397  	 0.4187  	 	 1.6862 	 0.3590  	 	 1.0816 	 0.6367  	 	 1.5783 	 0.4094  	 	 1.7671 	 0.3427
[2024/05/20 10:47:27] - 8 		 202.0 	 	 46.5 	 	 0.1000  		 1.0791 	 0.6537 	 	 1.5109  	 0.4260  	 	 1.6633 	 0.3657  	 	 1.0196 	 0.6596  	 	 1.5160 	 0.4354  	 	 1.7088 	 0.3626
[2024/05/20 10:51:35] - 9 		 201.5 	 	 46.4 	 	 0.1000  		 1.0490 	 0.6673 	 	 1.4861  	 0.4405  	 	 1.6431 	 0.3776  	 	 0.9685 	 0.6822  	 	 1.4442 	 0.4491  	 	 1.6309 	 0.3797
[2024/05/20 10:55:43] - 10 		 202.0 	 	 46.5 	 	 0.1000  		 1.0235 	 0.6771 	 	 1.4688  	 0.4440  	 	 1.6306 	 0.3820  	 	 0.9698 	 0.6797  	 	 1.5118 	 0.4385  	 	 1.7334 	 0.3648
[2024/05/20 10:59:51] - 11 		 201.7 	 	 46.5 	 	 0.1000  		 0.9975 	 0.6887 	 	 1.4472  	 0.4525  	 	 1.6123 	 0.3874  	 	 0.9556 	 0.6766  	 	 1.4201 	 0.4687  	 	 1.6026 	 0.3996
[2024/05/20 11:04:01] - 12 		 203.3 	 	 46.5 	 	 0.1000  		 0.9783 	 0.6943 	 	 1.4325  	 0.4558  	 	 1.6014 	 0.3892  	 	 1.0006 	 0.6668  	 	 1.4598 	 0.4505  	 	 1.6345 	 0.3799
[2024/05/20 11:08:09] - 13 		 201.5 	 	 46.6 	 	 0.1000  		 0.9630 	 0.7015 	 	 1.4203  	 0.4668  	 	 1.5914 	 0.3979  	 	 0.9276 	 0.7029  	 	 1.4229 	 0.4700  	 	 1.6192 	 0.3904
[2024/05/20 11:12:17] - 14 		 201.0 	 	 46.8 	 	 0.1000  		 0.9453 	 0.7103 	 	 1.4059  	 0.4658  	 	 1.5801 	 0.3989  	 	 0.9292 	 0.6801  	 	 1.4235 	 0.4669  	 	 1.6186 	 0.3962
[2024/05/20 11:16:24] - 15 		 201.1 	 	 46.4 	 	 0.1000  		 0.9401 	 0.7096 	 	 1.4005  	 0.4713  	 	 1.5757 	 0.4043  	 	 0.9229 	 0.6978  	 	 1.4073 	 0.4695  	 	 1.5961 	 0.3954
[2024/05/20 11:20:33] - 16 		 201.8 	 	 46.7 	 	 0.1000  		 0.9241 	 0.7185 	 	 1.3902  	 0.4736  	 	 1.5686 	 0.4043  	 	 0.9138 	 0.6989  	 	 1.4055 	 0.4623  	 	 1.5994 	 0.3846
[2024/05/20 11:24:40] - 17 		 201.3 	 	 46.3 	 	 0.1000  		 0.9113 	 0.7210 	 	 1.3777  	 0.4758  	 	 1.5581 	 0.4054  	 	 0.8668 	 0.7205  	 	 1.4035 	 0.4706  	 	 1.6286 	 0.3884
[2024/05/20 11:28:48] - 18 		 201.5 	 	 46.5 	 	 0.1000  		 0.9000 	 0.7289 	 	 1.3684  	 0.4807  	 	 1.5507 	 0.4118  	 	 0.8884 	 0.7211  	 	 1.3708 	 0.4870  	 	 1.5630 	 0.4090
[2024/05/20 11:32:57] - 19 		 201.9 	 	 46.6 	 	 0.1000  		 0.8923 	 0.7295 	 	 1.3636  	 0.4804  	 	 1.5472 	 0.4101  	 	 0.8987 	 0.6931  	 	 1.4460 	 0.4613  	 	 1.6645 	 0.3880
[2024/05/20 11:37:06] - 20 		 202.2 	 	 46.5 	 	 0.1000  		 0.8918 	 0.7285 	 	 1.3614  	 0.4842  	 	 1.5455 	 0.4145  	 	 0.8946 	 0.7200  	 	 1.3853 	 0.4738  	 	 1.5819 	 0.3903
[2024/05/20 11:41:14] - 21 		 201.7 	 	 46.4 	 	 0.1000  		 0.8745 	 0.7379 	 	 1.3484  	 0.4872  	 	 1.5359 	 0.4153  	 	 0.8688 	 0.7292  	 	 1.3784 	 0.4836  	 	 1.5866 	 0.4050
[2024/05/20 11:45:21] - 22 		 201.3 	 	 46.3 	 	 0.1000  		 0.8718 	 0.7389 	 	 1.3450  	 0.4912  	 	 1.5327 	 0.4176  	 	 0.8354 	 0.7211  	 	 1.3990 	 0.4658  	 	 1.6367 	 0.3848
[2024/05/20 11:49:30] - 23 		 201.9 	 	 46.4 	 	 0.1000  		 0.8664 	 0.7391 	 	 1.3415  	 0.4891  	 	 1.5304 	 0.4168  	 	 0.8170 	 0.7402  	 	 1.3837 	 0.4776  	 	 1.6260 	 0.3912
[2024/05/20 11:53:38] - 24 		 201.7 	 	 46.4 	 	 0.1000  		 0.8607 	 0.7435 	 	 1.3370  	 0.4929  	 	 1.5278 	 0.4198  	 	 0.8300 	 0.7344  	 	 1.3579 	 0.4850  	 	 1.5746 	 0.4006
[2024/05/20 11:57:46] - 25 		 202.0 	 	 46.5 	 	 0.1000  		 0.8574 	 0.7429 	 	 1.3328  	 0.4953  	 	 1.5231 	 0.4220  	 	 0.8511 	 0.7370  	 	 1.3885 	 0.4831  	 	 1.6109 	 0.3954
[2024/05/20 12:01:54] - 26 		 201.9 	 	 46.3 	 	 0.1000  		 0.8503 	 0.7462 	 	 1.3269  	 0.4966  	 	 1.5186 	 0.4212  	 	 0.8077 	 0.7310  	 	 1.3441 	 0.4984  	 	 1.5725 	 0.4139
[2024/05/20 12:06:03] - 27 		 201.2 	 	 46.9 	 	 0.1000  		 0.8459 	 0.7453 	 	 1.3242  	 0.4961  	 	 1.5175 	 0.4209  	 	 0.8051 	 0.7320  	 	 1.3778 	 0.4824  	 	 1.6219 	 0.4032
[2024/05/20 12:10:10] - 28 		 201.6 	 	 46.4 	 	 0.1000  		 0.8399 	 0.7476 	 	 1.3177  	 0.4988  	 	 1.5113 	 0.4225  	 	 0.8405 	 0.7346  	 	 1.3551 	 0.4908  	 	 1.5731 	 0.4056
[2024/05/20 12:14:19] - 29 		 202.0 	 	 46.4 	 	 0.1000  		 0.8348 	 0.7521 	 	 1.3140  	 0.5024  	 	 1.5088 	 0.4271  	 	 0.8500 	 0.7378  	 	 1.3639 	 0.4860  	 	 1.5722 	 0.4028
[2024/05/20 12:18:27] - 30 		 201.8 	 	 46.4 	 	 0.1000  		 0.8313 	 0.7555 	 	 1.3126  	 0.5000  	 	 1.5093 	 0.4245  	 	 0.8454 	 0.7282  	 	 1.3490 	 0.4859  	 	 1.5558 	 0.4048
[2024/05/20 12:22:35] - 31 		 201.8 	 	 46.5 	 	 0.1000  		 0.8322 	 0.7520 	 	 1.3119  	 0.5020  	 	 1.5079 	 0.4265  	 	 0.8173 	 0.7470  	 	 1.3484 	 0.4922  	 	 1.5761 	 0.4081
[2024/05/20 12:26:44] - 32 		 201.3 	 	 46.9 	 	 0.1000  		 0.8239 	 0.7588 	 	 1.3060  	 0.5056  	 	 1.5033 	 0.4293  	 	 0.8101 	 0.7421  	 	 1.3239 	 0.5083  	 	 1.5400 	 0.4287
[2024/05/20 12:30:52] - 33 		 201.5 	 	 46.3 	 	 0.1000  		 0.8187 	 0.7585 	 	 1.3004  	 0.5056  	 	 1.4990 	 0.4281  	 	 0.8190 	 0.7531  	 	 1.3482 	 0.4901  	 	 1.5714 	 0.4064
[2024/05/20 12:35:00] - 34 		 202.0 	 	 46.4 	 	 0.1000  		 0.8170 	 0.7591 	 	 1.3006  	 0.5043  	 	 1.5002 	 0.4278  	 	 0.8309 	 0.7386  	 	 1.3574 	 0.4952  	 	 1.5740 	 0.4156
[2024/05/20 12:39:08] - 35 		 202.0 	 	 46.4 	 	 0.1000  		 0.8101 	 0.7612 	 	 1.2922  	 0.5099  	 	 1.4916 	 0.4332  	 	 0.7901 	 0.7563  	 	 1.3473 	 0.5000  	 	 1.5901 	 0.4125
[2024/05/20 12:43:17] - 36 		 201.9 	 	 46.6 	 	 0.1000  		 0.8134 	 0.7593 	 	 1.2969  	 0.5055  	 	 1.4969 	 0.4304  	 	 0.7830 	 0.7489  	 	 1.3877 	 0.4751  	 	 1.6628 	 0.3848
[2024/05/20 12:47:25] - 37 		 201.5 	 	 47.0 	 	 0.1000  		 0.8106 	 0.7606 	 	 1.2952  	 0.5078  	 	 1.4966 	 0.4311  	 	 0.7882 	 0.7668  	 	 1.3142 	 0.5099  	 	 1.5395 	 0.4171
[2024/05/20 12:51:34] - 38 		 201.8 	 	 46.4 	 	 0.1000  		 0.8056 	 0.7625 	 	 1.2915  	 0.5088  	 	 1.4934 	 0.4315  	 	 0.8001 	 0.7275  	 	 1.4328 	 0.4700  	 	 1.7108 	 0.3781
[2024/05/20 12:55:42] - 39 		 202.0 	 	 46.5 	 	 0.1000  		 0.8069 	 0.7624 	 	 1.2915  	 0.5079  	 	 1.4927 	 0.4317  	 	 0.8535 	 0.7174  	 	 1.3967 	 0.4829  	 	 1.6232 	 0.4030
[2024/05/20 12:59:50] - 40 		 201.8 	 	 46.4 	 	 0.1000  		 0.8036 	 0.7620 	 	 1.2889  	 0.5117  	 	 1.4908 	 0.4341  	 	 0.8375 	 0.7329  	 	 1.4782 	 0.4712  	 	 1.7697 	 0.3791
[2024/05/20 13:03:58] - 41 		 201.5 	 	 46.5 	 	 0.1000  		 0.7982 	 0.7667 	 	 1.2831  	 0.5122  	 	 1.4856 	 0.4329  	 	 0.7527 	 0.7722  	 	 1.3006 	 0.5129  	 	 1.5425 	 0.4192
[2024/05/20 13:08:06] - 42 		 201.8 	 	 46.3 	 	 0.1000  		 0.8010 	 0.7644 	 	 1.2871  	 0.5117  	 	 1.4909 	 0.4349  	 	 0.7667 	 0.7359  	 	 1.3386 	 0.4990  	 	 1.5985 	 0.4113
[2024/05/20 13:12:15] - 43 		 201.9 	 	 46.6 	 	 0.1000  		 0.7944 	 0.7672 	 	 1.2789  	 0.5143  	 	 1.4809 	 0.4353  	 	 0.7853 	 0.7441  	 	 1.3233 	 0.5058  	 	 1.5536 	 0.4226
[2024/05/20 13:16:23] - 44 		 201.3 	 	 46.5 	 	 0.1000  		 0.7978 	 0.7664 	 	 1.2844  	 0.5110  	 	 1.4879 	 0.4333  	 	 0.7850 	 0.7493  	 	 1.3495 	 0.4992  	 	 1.5981 	 0.4137
[2024/05/20 13:20:31] - 45 		 202.2 	 	 46.4 	 	 0.1000  		 0.7928 	 0.7667 	 	 1.2773  	 0.5122  	 	 1.4807 	 0.4342  	 	 0.7934 	 0.7545  	 	 1.3631 	 0.4932  	 	 1.6119 	 0.3986
[2024/05/20 13:24:39] - 46 		 201.6 	 	 46.6 	 	 0.1000  		 0.7902 	 0.7679 	 	 1.2780  	 0.5142  	 	 1.4831 	 0.4356  	 	 0.7554 	 0.7606  	 	 1.3067 	 0.5059  	 	 1.5503 	 0.4165
[2024/05/20 13:28:47] - 47 		 201.2 	 	 46.3 	 	 0.1000  		 0.7856 	 0.7693 	 	 1.2724  	 0.5147  	 	 1.4773 	 0.4388  	 	 0.7720 	 0.7391  	 	 1.4824 	 0.4736  	 	 1.8255 	 0.3822
[2024/05/20 13:32:55] - 48 		 201.7 	 	 46.4 	 	 0.1000  		 0.7893 	 0.7697 	 	 1.2774  	 0.5143  	 	 1.4826 	 0.4359  	 	 0.7827 	 0.7523  	 	 1.3441 	 0.4989  	 	 1.5937 	 0.4030
[2024/05/20 13:37:04] - 49 		 202.4 	 	 46.6 	 	 0.1000  		 0.7830 	 0.7723 	 	 1.2704  	 0.5139  	 	 1.4754 	 0.4355  	 	 0.7657 	 0.7518  	 	 1.3486 	 0.4940  	 	 1.6091 	 0.4040
[2024/05/20 13:41:14] - 50 		 202.6 	 	 46.5 	 	 0.1000  		 0.7811 	 0.7722 	 	 1.2707  	 0.5155  	 	 1.4780 	 0.4363  	 	 0.7833 	 0.7651  	 	 1.3242 	 0.5045  	 	 1.5628 	 0.4154
[2024/05/20 13:45:22] - 51 		 202.1 	 	 46.5 	 	 0.1000  		 0.7838 	 0.7693 	 	 1.2716  	 0.5167  	 	 1.4769 	 0.4397  	 	 0.7355 	 0.7666  	 	 1.3372 	 0.5033  	 	 1.6097 	 0.4097
[2024/05/20 13:49:31] - 52 		 201.8 	 	 47.1 	 	 0.1000  		 0.7815 	 0.7717 	 	 1.2699  	 0.5165  	 	 1.4764 	 0.4375  	 	 0.7767 	 0.7413  	 	 1.3177 	 0.5006  	 	 1.5546 	 0.4161
[2024/05/20 13:53:39] - 53 		 201.6 	 	 46.4 	 	 0.1000  		 0.7811 	 0.7728 	 	 1.2693  	 0.5173  	 	 1.4758 	 0.4397  	 	 0.7919 	 0.7479  	 	 1.3917 	 0.4737  	 	 1.6651 	 0.3788
[2024/05/20 13:57:48] - 54 		 202.5 	 	 46.5 	 	 0.1000  		 0.7789 	 0.7737 	 	 1.2680  	 0.5155  	 	 1.4753 	 0.4378  	 	 0.7842 	 0.7491  	 	 1.3014 	 0.5079  	 	 1.5214 	 0.4244
[2024/05/20 14:01:56] - 55 		 201.6 	 	 46.5 	 	 0.1000  		 0.7789 	 0.7722 	 	 1.2687  	 0.5173  	 	 1.4762 	 0.4393  	 	 0.7821 	 0.7534  	 	 1.3340 	 0.5066  	 	 1.5812 	 0.4181
[2024/05/20 14:06:05] - 56 		 202.1 	 	 46.6 	 	 0.1000  		 0.7808 	 0.7737 	 	 1.2682  	 0.5166  	 	 1.4751 	 0.4380  	 	 0.7970 	 0.7679  	 	 1.3288 	 0.5043  	 	 1.5540 	 0.4177
[2024/05/20 14:10:13] - 57 		 202.1 	 	 46.5 	 	 0.1000  		 0.7697 	 0.7782 	 	 1.2615  	 0.5202  	 	 1.4702 	 0.4405  	 	 0.7828 	 0.7434  	 	 1.4194 	 0.4772  	 	 1.7069 	 0.3854
[2024/05/20 14:14:22] - 58 		 202.0 	 	 46.5 	 	 0.1000  		 0.7772 	 0.7748 	 	 1.2663  	 0.5178  	 	 1.4733 	 0.4403  	 	 0.7517 	 0.7667  	 	 1.3096 	 0.5191  	 	 1.5541 	 0.4260
[2024/05/20 14:18:31] - 59 		 202.5 	 	 46.7 	 	 0.1000  		 0.7722 	 0.7765 	 	 1.2635  	 0.5182  	 	 1.4719 	 0.4384  	 	 0.7485 	 0.7607  	 	 1.3380 	 0.5021  	 	 1.6007 	 0.4125
[2024/05/20 14:22:39] - 60 		 201.5 	 	 46.8 	 	 0.1000  		 0.7772 	 0.7736 	 	 1.2658  	 0.5173  	 	 1.4730 	 0.4398  	 	 0.6867 	 0.7744  	 	 1.3114 	 0.5100  	 	 1.6092 	 0.4127
[2024/05/20 14:26:48] - 61 		 201.9 	 	 46.4 	 	 0.1000  		 0.7700 	 0.7769 	 	 1.2616  	 0.5216  	 	 1.4712 	 0.4412  	 	 0.7555 	 0.7581  	 	 1.3236 	 0.5048  	 	 1.5771 	 0.4177
[2024/05/20 14:30:57] - 62 		 202.5 	 	 46.5 	 	 0.1000  		 0.7708 	 0.7772 	 	 1.2607  	 0.5211  	 	 1.4694 	 0.4411  	 	 0.7357 	 0.7658  	 	 1.3089 	 0.5046  	 	 1.5735 	 0.4120
[2024/05/20 14:35:06] - 63 		 202.4 	 	 46.4 	 	 0.1000  		 0.7687 	 0.7785 	 	 1.2608  	 0.5195  	 	 1.4700 	 0.4402  	 	 0.7862 	 0.7594  	 	 1.3882 	 0.4865  	 	 1.6485 	 0.3955
[2024/05/20 14:39:15] - 64 		 203.2 	 	 46.6 	 	 0.1000  		 0.7673 	 0.7795 	 	 1.2578  	 0.5221  	 	 1.4667 	 0.4434  	 	 0.7974 	 0.7480  	 	 1.3241 	 0.5019  	 	 1.5480 	 0.4154
[2024/05/20 14:43:24] - 65 		 201.7 	 	 47.0 	 	 0.1000  		 0.7653 	 0.7771 	 	 1.2554  	 0.5211  	 	 1.4651 	 0.4411  	 	 0.7707 	 0.7567  	 	 1.3208 	 0.5036  	 	 1.5637 	 0.4193
[2024/05/20 14:47:32] - 66 		 201.6 	 	 46.4 	 	 0.1000  		 0.7634 	 0.7781 	 	 1.2551  	 0.5198  	 	 1.4651 	 0.4395  	 	 0.8066 	 0.7472  	 	 1.3200 	 0.5109  	 	 1.5354 	 0.4271
[2024/05/20 14:51:40] - 67 		 201.7 	 	 46.3 	 	 0.1000  		 0.7622 	 0.7811 	 	 1.2545  	 0.5222  	 	 1.4651 	 0.4419  	 	 0.7533 	 0.7511  	 	 1.3199 	 0.5049  	 	 1.5750 	 0.4155
[2024/05/20 14:55:49] - 68 		 202.6 	 	 46.5 	 	 0.1000  		 0.7667 	 0.7778 	 	 1.2567  	 0.5203  	 	 1.4660 	 0.4380  	 	 0.8132 	 0.7372  	 	 1.4064 	 0.4863  	 	 1.6679 	 0.3977
[2024/05/20 14:59:57] - 69 		 202.0 	 	 46.5 	 	 0.1000  		 0.7649 	 0.7780 	 	 1.2566  	 0.5202  	 	 1.4671 	 0.4394  	 	 0.7350 	 0.7641  	 	 1.3204 	 0.5041  	 	 1.5833 	 0.4098
[2024/05/20 15:04:06] - 70 		 202.3 	 	 46.6 	 	 0.1000  		 0.7633 	 0.7808 	 	 1.2538  	 0.5215  	 	 1.4645 	 0.4415  	 	 0.7746 	 0.7730  	 	 1.2836 	 0.5188  	 	 1.4998 	 0.4350
[2024/05/20 15:08:16] - 71 		 201.8 	 	 47.3 	 	 0.1000  		 0.7613 	 0.7817 	 	 1.2538  	 0.5227  	 	 1.4651 	 0.4404  	 	 0.7489 	 0.7709  	 	 1.3045 	 0.5150  	 	 1.5482 	 0.4226
[2024/05/20 15:12:24] - 72 		 202.3 	 	 46.4 	 	 0.1000  		 0.7569 	 0.7839 	 	 1.2499  	 0.5256  	 	 1.4610 	 0.4449  	 	 0.7511 	 0.7558  	 	 1.3081 	 0.5078  	 	 1.5541 	 0.4250
[2024/05/20 15:16:33] - 73 		 202.4 	 	 46.5 	 	 0.1000  		 0.7551 	 0.7838 	 	 1.2463  	 0.5255  	 	 1.4573 	 0.4461  	 	 0.7725 	 0.7606  	 	 1.3134 	 0.5121  	 	 1.5507 	 0.4190
[2024/05/20 15:20:42] - 74 		 202.6 	 	 46.4 	 	 0.1000  		 0.7631 	 0.7815 	 	 1.2548  	 0.5226  	 	 1.4657 	 0.4426  	 	 0.7881 	 0.7415  	 	 1.3461 	 0.5067  	 	 1.5840 	 0.4238
[2024/05/20 15:24:51] - 75 		 202.1 	 	 46.5 	 	 0.1000  		 0.7598 	 0.7836 	 	 1.2533  	 0.5212  	 	 1.4652 	 0.4387  	 	 0.7855 	 0.7446  	 	 1.3658 	 0.4935  	 	 1.6196 	 0.4088
[2024/05/20 15:29:00] - 76 		 201.8 	 	 47.1 	 	 0.1000  		 0.7549 	 0.7826 	 	 1.2474  	 0.5235  	 	 1.4598 	 0.4422  	 	 0.7620 	 0.7617  	 	 1.3006 	 0.5090  	 	 1.5357 	 0.4190
[2024/05/20 15:33:08] - 77 		 201.7 	 	 46.4 	 	 0.1000  		 0.7553 	 0.7817 	 	 1.2463  	 0.5240  	 	 1.4575 	 0.4428  	 	 0.7654 	 0.7649  	 	 1.3255 	 0.4935  	 	 1.5683 	 0.4014
[2024/05/20 15:37:16] - 78 		 202.0 	 	 46.4 	 	 0.1000  		 0.7604 	 0.7798 	 	 1.2498  	 0.5242  	 	 1.4602 	 0.4443  	 	 0.7420 	 0.7431  	 	 1.3389 	 0.4888  	 	 1.6092 	 0.4016
[2024/05/20 15:41:25] - 79 		 202.5 	 	 46.8 	 	 0.1000  		 0.7600 	 0.7797 	 	 1.2539  	 0.5241  	 	 1.4660 	 0.4428  	 	 0.7609 	 0.7667  	 	 1.3051 	 0.5131  	 	 1.5471 	 0.4222
[2024/05/20 15:45:34] - 80 		 202.0 	 	 46.6 	 	 0.1000  		 0.7576 	 0.7824 	 	 1.2504  	 0.5230  	 	 1.4621 	 0.4398  	 	 0.7892 	 0.7454  	 	 1.3396 	 0.4943  	 	 1.5811 	 0.4085
[2024/05/20 15:49:43] - 81 		 201.6 	 	 47.4 	 	 0.1000  		 0.7599 	 0.7795 	 	 1.2507  	 0.5228  	 	 1.4624 	 0.4427  	 	 0.7029 	 0.7791  	 	 1.3019 	 0.5070  	 	 1.5886 	 0.4112
[2024/05/20 15:53:51] - 82 		 201.6 	 	 46.7 	 	 0.1000  		 0.7539 	 0.7821 	 	 1.2436  	 0.5242  	 	 1.4548 	 0.4452  	 	 0.7122 	 0.7656  	 	 1.3096 	 0.5113  	 	 1.5792 	 0.4189
[2024/05/20 15:58:00] - 83 		 202.2 	 	 46.5 	 	 0.1000  		 0.7518 	 0.7843 	 	 1.2459  	 0.5241  	 	 1.4590 	 0.4394  	 	 0.7017 	 0.7755  	 	 1.3259 	 0.5029  	 	 1.6182 	 0.4040
[2024/05/20 16:02:09] - 84 		 202.4 	 	 46.6 	 	 0.1000  		 0.7565 	 0.7827 	 	 1.2501  	 0.5231  	 	 1.4624 	 0.4445  	 	 0.7375 	 0.7726  	 	 1.2800 	 0.5191  	 	 1.5203 	 0.4266
[2024/05/20 16:06:18] - 85 		 202.7 	 	 46.5 	 	 0.1000  		 0.7510 	 0.7835 	 	 1.2421  	 0.5262  	 	 1.4549 	 0.4440  	 	 0.7338 	 0.7876  	 	 1.2856 	 0.5237  	 	 1.5331 	 0.4302
[2024/05/20 16:10:27] - 86 		 202.3 	 	 46.5 	 	 0.1000  		 0.7497 	 0.7837 	 	 1.2439  	 0.5241  	 	 1.4580 	 0.4433  	 	 0.7806 	 0.7569  	 	 1.3232 	 0.5057  	 	 1.5642 	 0.4147
[2024/05/20 16:14:36] - 87 		 201.8 	 	 46.8 	 	 0.1000  		 0.7523 	 0.7822 	 	 1.2445  	 0.5254  	 	 1.4570 	 0.4462  	 	 0.7263 	 0.7744  	 	 1.2950 	 0.5120  	 	 1.5589 	 0.4225
[2024/05/20 16:18:44] - 88 		 201.7 	 	 46.7 	 	 0.1000  		 0.7521 	 0.7844 	 	 1.2453  	 0.5266  	 	 1.4586 	 0.4443  	 	 0.7467 	 0.7523  	 	 1.3222 	 0.5068  	 	 1.5841 	 0.4153
[2024/05/20 16:22:53] - 89 		 202.8 	 	 46.6 	 	 0.1000  		 0.7536 	 0.7816 	 	 1.2455  	 0.5250  	 	 1.4576 	 0.4432  	 	 0.7210 	 0.7735  	 	 1.3418 	 0.5031  	 	 1.6338 	 0.4049
[2024/05/20 16:27:02] - 90 		 202.3 	 	 46.7 	 	 0.1000  		 0.7500 	 0.7858 	 	 1.2409  	 0.5262  	 	 1.4529 	 0.4446  	 	 0.7943 	 0.7526  	 	 1.3562 	 0.4898  	 	 1.5947 	 0.4086
[2024/05/20 16:31:11] - 91 		 201.9 	 	 46.6 	 	 0.1000  		 0.7509 	 0.7840 	 	 1.2446  	 0.5251  	 	 1.4576 	 0.4452  	 	 0.7811 	 0.7417  	 	 1.3332 	 0.5081  	 	 1.5738 	 0.4216
[2024/05/20 16:35:20] - 92 		 202.5 	 	 46.6 	 	 0.1000  		 0.7553 	 0.7804 	 	 1.2456  	 0.5258  	 	 1.4573 	 0.4453  	 	 0.7163 	 0.7635  	 	 1.3216 	 0.5046  	 	 1.6034 	 0.4122
[2024/05/20 16:39:28] - 93 		 202.1 	 	 46.4 	 	 0.1000  		 0.7427 	 0.7868 	 	 1.2371  	 0.5268  	 	 1.4518 	 0.4454  	 	 0.7286 	 0.7607  	 	 1.3133 	 0.5060  	 	 1.5760 	 0.4172
[2024/05/20 16:43:37] - 94 		 202.1 	 	 46.6 	 	 0.1000  		 0.7440 	 0.7887 	 	 1.2373  	 0.5292  	 	 1.4522 	 0.4460  	 	 0.7720 	 0.7672  	 	 1.3444 	 0.4998  	 	 1.5932 	 0.4069
[2024/05/20 16:47:46] - 95 		 202.2 	 	 46.6 	 	 0.1000  		 0.7463 	 0.7869 	 	 1.2406  	 0.5266  	 	 1.4541 	 0.4463  	 	 0.7352 	 0.7594  	 	 1.4043 	 0.4852  	 	 1.7196 	 0.3922
[2024/05/20 16:51:55] - 96 		 202.0 	 	 47.3 	 	 0.1000  		 0.7476 	 0.7864 	 	 1.2407  	 0.5262  	 	 1.4542 	 0.4447  	 	 0.7533 	 0.7695  	 	 1.3310 	 0.5037  	 	 1.5872 	 0.4111
[2024/05/20 16:56:04] - 97 		 202.0 	 	 46.6 	 	 0.1000  		 0.7438 	 0.7879 	 	 1.2370  	 0.5294  	 	 1.4511 	 0.4488  	 	 0.7700 	 0.7544  	 	 1.3055 	 0.5056  	 	 1.5364 	 0.4242
[2024/05/20 17:00:13] - 98 		 202.4 	 	 46.6 	 	 0.1000  		 0.7451 	 0.7854 	 	 1.2383  	 0.5277  	 	 1.4517 	 0.4454  	 	 0.7599 	 0.7590  	 	 1.3151 	 0.5081  	 	 1.5624 	 0.4157
[2024/05/20 17:04:22] - 99 		 202.1 	 	 46.7 	 	 0.0100  		 0.7433 	 0.7876 	 	 1.2392  	 0.5264  	 	 1.4539 	 0.4430  	 	 0.7818 	 0.7602  	 	 1.3075 	 0.5131  	 	 1.5345 	 0.4231
[2024/05/20 17:08:31] - 100 		 202.3 	 	 46.6 	 	 0.0100  		 0.5844 	 0.8474 	 	 1.0308  	 0.6013  	 	 1.2367 	 0.5131  	 	 0.6060 	 0.8182  	 	 1.1550 	 0.5651  	 	 1.4202 	 0.4681
[2024/05/20 17:12:40] - 101 		 201.7 	 	 47.2 	 	 0.0100  		 0.5049 	 0.8665 	 	 0.9590  	 0.6252  	 	 1.1800 	 0.5336  	 	 0.5574 	 0.8333  	 	 1.1160 	 0.5781  	 	 1.3860 	 0.4785
[2024/05/20 17:16:49] - 102 		 202.1 	 	 46.7 	 	 0.0100  		 0.4782 	 0.8757 	 	 0.9289  	 0.6353  	 	 1.1534 	 0.5455  	 	 0.5338 	 0.8354  	 	 1.1150 	 0.5804  	 	 1.4059 	 0.4773
[2024/05/20 17:20:58] - 103 		 202.9 	 	 46.7 	 	 0.0100  		 0.4563 	 0.8816 	 	 0.9051  	 0.6443  	 	 1.1342 	 0.5495  	 	 0.5614 	 0.8314  	 	 1.1336 	 0.5762  	 	 1.4176 	 0.4729
[2024/05/20 17:25:09] - 104 		 203.3 	 	 47.4 	 	 0.0100  		 0.4415 	 0.8866 	 	 0.8887  	 0.6490  	 	 1.1201 	 0.5532  	 	 0.5062 	 0.8408  	 	 1.1476 	 0.5757  	 	 1.4794 	 0.4675
[2024/05/20 17:29:22] - 105 		 205.2 	 	 47.3 	 	 0.0100  		 0.4270 	 0.8917 	 	 0.8735  	 0.6560  	 	 1.1087 	 0.5578  	 	 0.5531 	 0.8393  	 	 1.1229 	 0.5826  	 	 1.4030 	 0.4825
[2024/05/20 17:33:35] - 106 		 205.6 	 	 47.6 	 	 0.0100  		 0.4147 	 0.8953 	 	 0.8573  	 0.6605  	 	 1.0951 	 0.5618  	 	 0.5054 	 0.8473  	 	 1.1397 	 0.5732  	 	 1.4730 	 0.4658
[2024/05/20 17:37:48] - 107 		 205.3 	 	 47.4 	 	 0.0100  		 0.4010 	 0.8995 	 	 0.8453  	 0.6646  	 	 1.0868 	 0.5655  	 	 0.5299 	 0.8392  	 	 1.1644 	 0.5677  	 	 1.4902 	 0.4666
[2024/05/20 17:42:00] - 108 		 205.1 	 	 47.3 	 	 0.0100  		 0.3938 	 0.9036 	 	 0.8362  	 0.6674  	 	 1.0787 	 0.5675  	 	 0.5135 	 0.8462  	 	 1.1403 	 0.5802  	 	 1.4652 	 0.4741
[2024/05/20 17:46:13] - 109 		 205.6 	 	 47.2 	 	 0.0100  		 0.3809 	 0.9070 	 	 0.8232  	 0.6700  	 	 1.0704 	 0.5693  	 	 0.4828 	 0.8503  	 	 1.1649 	 0.5747  	 	 1.5356 	 0.4620
[2024/05/20 17:50:23] - 110 		 203.6 	 	 46.4 	 	 0.0100  		 0.3742 	 0.9104 	 	 0.8140  	 0.6743  	 	 1.0613 	 0.5738  	 	 0.5062 	 0.8399  	 	 1.2302 	 0.5552  	 	 1.6164 	 0.4484
[2024/05/20 17:54:32] - 111 		 202.3 	 	 46.7 	 	 0.0100  		 0.3655 	 0.9113 	 	 0.8023  	 0.6777  	 	 1.0513 	 0.5736  	 	 0.5069 	 0.8432  	 	 1.1664 	 0.5770  	 	 1.5182 	 0.4675
[2024/05/20 17:58:40] - 112 		 201.7 	 	 46.5 	 	 0.0100  		 0.3589 	 0.9132 	 	 0.7976  	 0.6791  	 	 1.0499 	 0.5741  	 	 0.5027 	 0.8411  	 	 1.1816 	 0.5699  	 	 1.5458 	 0.4636
[2024/05/20 18:02:48] - 113 		 201.6 	 	 46.6 	 	 0.0100  		 0.3527 	 0.9150 	 	 0.7900  	 0.6815  	 	 1.0442 	 0.5767  	 	 0.4944 	 0.8417  	 	 1.1854 	 0.5718  	 	 1.5567 	 0.4633
[2024/05/20 18:06:57] - 114 		 202.2 	 	 46.5 	 	 0.0100  		 0.3448 	 0.9196 	 	 0.7814  	 0.6851  	 	 1.0377 	 0.5777  	 	 0.5061 	 0.8420  	 	 1.2042 	 0.5670  	 	 1.5750 	 0.4539
[2024/05/20 18:11:06] - 115 		 202.3 	 	 46.6 	 	 0.0100  		 0.3408 	 0.9198 	 	 0.7764  	 0.6850  	 	 1.0340 	 0.5771  	 	 0.5036 	 0.8427  	 	 1.2159 	 0.5585  	 	 1.5927 	 0.4535
[2024/05/20 18:15:15] - 116 		 202.3 	 	 46.6 	 	 0.0100  		 0.3352 	 0.9213 	 	 0.7704  	 0.6858  	 	 1.0296 	 0.5814  	 	 0.4932 	 0.8401  	 	 1.2130 	 0.5648  	 	 1.6005 	 0.4501
[2024/05/20 18:19:24] - 117 		 202.1 	 	 46.9 	 	 0.0100  		 0.3303 	 0.9230 	 	 0.7676  	 0.6876  	 	 1.0296 	 0.5808  	 	 0.4880 	 0.8449  	 	 1.2494 	 0.5563  	 	 1.6669 	 0.4397
[2024/05/20 18:23:32] - 118 		 201.8 	 	 46.4 	 	 0.0100  		 0.3250 	 0.9249 	 	 0.7587  	 0.6905  	 	 1.0189 	 0.5834  	 	 0.4856 	 0.8439  	 	 1.3029 	 0.5479  	 	 1.7528 	 0.4413
[2024/05/20 18:27:41] - 119 		 202.3 	 	 46.4 	 	 0.0100  		 0.3192 	 0.9274 	 	 0.7527  	 0.6925  	 	 1.0147 	 0.5851  	 	 0.5046 	 0.8387  	 	 1.2574 	 0.5601  	 	 1.6691 	 0.4464
[2024/05/20 18:31:50] - 120 		 202.5 	 	 46.5 	 	 0.0100  		 0.3164 	 0.9282 	 	 0.7502  	 0.6937  	 	 1.0135 	 0.5835  	 	 0.4919 	 0.8397  	 	 1.3026 	 0.5504  	 	 1.7533 	 0.4366
[2024/05/20 18:35:59] - 121 		 202.3 	 	 46.6 	 	 0.0100  		 0.3113 	 0.9302 	 	 0.7456  	 0.6950  	 	 1.0115 	 0.5856  	 	 0.4667 	 0.8505  	 	 1.3261 	 0.5507  	 	 1.8254 	 0.4374
[2024/05/20 18:40:07] - 122 		 202.2 	 	 46.5 	 	 0.0100  		 0.3075 	 0.9314 	 	 0.7418  	 0.6951  	 	 1.0101 	 0.5824  	 	 0.4844 	 0.8388  	 	 1.4449 	 0.5380  	 	 2.0013 	 0.4223
[2024/05/20 18:44:16] - 123 		 201.6 	 	 47.4 	 	 0.0100  		 0.3030 	 0.9340 	 	 0.7349  	 0.6984  	 	 1.0034 	 0.5856  	 	 0.4839 	 0.8441  	 	 1.2710 	 0.5585  	 	 1.7030 	 0.4477
[2024/05/20 18:48:25] - 124 		 202.0 	 	 46.5 	 	 0.0100  		 0.3012 	 0.9330 	 	 0.7334  	 0.7001  	 	 1.0024 	 0.5870  	 	 0.4725 	 0.8479  	 	 1.3648 	 0.5394  	 	 1.8900 	 0.4220
[2024/05/20 18:52:34] - 125 		 202.5 	 	 46.6 	 	 0.0100  		 0.2992 	 0.9351 	 	 0.7341  	 0.6992  	 	 1.0058 	 0.5858  	 	 0.4838 	 0.8457  	 	 1.3294 	 0.5514  	 	 1.8054 	 0.4369
[2024/05/20 18:56:43] - 126 		 202.2 	 	 46.6 	 	 0.0100  		 0.2925 	 0.9367 	 	 0.7232  	 0.7006  	 	 0.9932 	 0.5926  	 	 0.5136 	 0.8324  	 	 1.3796 	 0.5402  	 	 1.8691 	 0.4249
[2024/05/20 19:00:52] - 127 		 202.3 	 	 46.6 	 	 0.0100  		 0.2902 	 0.9376 	 	 0.7231  	 0.7000  	 	 0.9947 	 0.5894  	 	 0.5042 	 0.8443  	 	 1.2889 	 0.5527  	 	 1.7137 	 0.4380
[2024/05/20 19:05:00] - 128 		 202.5 	 	 46.4 	 	 0.0100  		 0.2838 	 0.9392 	 	 0.7142  	 0.7049  	 	 0.9881 	 0.5920  	 	 0.4984 	 0.8379  	 	 1.3582 	 0.5445  	 	 1.8348 	 0.4284
[2024/05/20 19:09:09] - 129 		 202.0 	 	 46.9 	 	 0.0100  		 0.2809 	 0.9409 	 	 0.7112  	 0.7052  	 	 0.9843 	 0.5929  	 	 0.5117 	 0.8387  	 	 1.4052 	 0.5325  	 	 1.8887 	 0.4205
[2024/05/20 19:13:18] - 130 		 201.9 	 	 46.5 	 	 0.0100  		 0.2791 	 0.9414 	 	 0.7096  	 0.7052  	 	 0.9837 	 0.5925  	 	 0.4761 	 0.8463  	 	 1.3911 	 0.5412  	 	 1.9098 	 0.4256
[2024/05/20 19:17:27] - 131 		 202.4 	 	 46.7 	 	 0.0100  		 0.2750 	 0.9429 	 	 0.7063  	 0.7072  	 	 0.9828 	 0.5915  	 	 0.5049 	 0.8405  	 	 1.3495 	 0.5411  	 	 1.8156 	 0.4244
[2024/05/20 19:21:35] - 132 		 202.0 	 	 46.6 	 	 0.0100  		 0.2717 	 0.9433 	 	 0.7021  	 0.7083  	 	 0.9790 	 0.5945  	 	 0.4700 	 0.8455  	 	 1.3477 	 0.5501  	 	 1.8496 	 0.4331
[2024/05/20 19:25:44] - 133 		 202.1 	 	 46.6 	 	 0.0100  		 0.2693 	 0.9437 	 	 0.6964  	 0.7097  	 	 0.9721 	 0.5952  	 	 0.4733 	 0.8482  	 	 1.4152 	 0.5377  	 	 1.9506 	 0.4164
[2024/05/20 19:29:53] - 134 		 201.9 	 	 47.0 	 	 0.0100  		 0.2667 	 0.9451 	 	 0.6946  	 0.7110  	 	 0.9730 	 0.5971  	 	 0.4861 	 0.8420  	 	 1.5254 	 0.5242  	 	 2.1277 	 0.4096
[2024/05/20 19:34:02] - 135 		 202.1 	 	 46.5 	 	 0.0100  		 0.2643 	 0.9470 	 	 0.6918  	 0.7112  	 	 0.9686 	 0.5958  	 	 0.5010 	 0.8403  	 	 1.4369 	 0.5323  	 	 1.9539 	 0.4206
[2024/05/20 19:38:11] - 136 		 202.4 	 	 46.5 	 	 0.0100  		 0.2598 	 0.9472 	 	 0.6849  	 0.7140  	 	 0.9626 	 0.5980  	 	 0.4901 	 0.8397  	 	 1.4096 	 0.5435  	 	 1.9177 	 0.4222
[2024/05/20 19:42:19] - 137 		 201.9 	 	 46.6 	 	 0.0100  		 0.2582 	 0.9478 	 	 0.6861  	 0.7139  	 	 0.9659 	 0.5978  	 	 0.4923 	 0.8370  	 	 1.3379 	 0.5494  	 	 1.7977 	 0.4361
[2024/05/20 19:46:28] - 138 		 202.3 	 	 46.7 	 	 0.0100  		 0.2557 	 0.9488 	 	 0.6816  	 0.7140  	 	 0.9604 	 0.5971  	 	 0.4909 	 0.8399  	 	 1.4750 	 0.5357  	 	 2.0377 	 0.4212
[2024/05/20 19:50:37] - 139 		 202.1 	 	 46.6 	 	 0.0100  		 0.2530 	 0.9493 	 	 0.6813  	 0.7166  	 	 0.9629 	 0.5996  	 	 0.5263 	 0.8260  	 	 1.3280 	 0.5420  	 	 1.7480 	 0.4381
[2024/05/20 19:54:45] - 140 		 201.7 	 	 46.5 	 	 0.0100  		 0.2494 	 0.9505 	 	 0.6718  	 0.7196  	 	 0.9515 	 0.6025  	 	 0.5004 	 0.8369  	 	 1.4184 	 0.5356  	 	 1.9169 	 0.4166
[2024/05/20 19:58:54] - 141 		 202.3 	 	 46.5 	 	 0.0100  		 0.2462 	 0.9515 	 	 0.6687  	 0.7191  	 	 0.9496 	 0.6027  	 	 0.4995 	 0.8341  	 	 1.3781 	 0.5382  	 	 1.8663 	 0.4219
[2024/05/20 20:03:02] - 142 		 202.1 	 	 46.5 	 	 0.0100  		 0.2459 	 0.9517 	 	 0.6712  	 0.7167  	 	 0.9528 	 0.6010  	 	 0.4950 	 0.8391  	 	 1.3677 	 0.5394  	 	 1.8480 	 0.4211
[2024/05/20 20:07:11] - 143 		 202.1 	 	 46.7 	 	 0.0100  		 0.2414 	 0.9523 	 	 0.6608  	 0.7240  	 	 0.9412 	 0.6049  	 	 0.5105 	 0.8394  	 	 1.3898 	 0.5418  	 	 1.8682 	 0.4219
[2024/05/20 20:11:20] - 144 		 202.2 	 	 46.6 	 	 0.0100  		 0.2375 	 0.9553 	 	 0.6608  	 0.7224  	 	 0.9431 	 0.6042  	 	 0.5005 	 0.8354  	 	 1.3540 	 0.5474  	 	 1.8264 	 0.4321
[2024/05/20 20:15:28] - 145 		 201.7 	 	 46.8 	 	 0.0100  		 0.2367 	 0.9544 	 	 0.6595  	 0.7222  	 	 0.9431 	 0.6040  	 	 0.5120 	 0.8363  	 	 1.3878 	 0.5358  	 	 1.8641 	 0.4194
[2024/05/20 20:19:37] - 146 		 201.8 	 	 46.5 	 	 0.0100  		 0.2333 	 0.9554 	 	 0.6523  	 0.7266  	 	 0.9354 	 0.6072  	 	 0.5040 	 0.8398  	 	 1.4022 	 0.5435  	 	 1.8905 	 0.4226
[2024/05/20 20:23:46] - 147 		 202.4 	 	 46.5 	 	 0.0100  		 0.2298 	 0.9559 	 	 0.6468  	 0.7263  	 	 0.9309 	 0.6075  	 	 0.4872 	 0.8445  	 	 1.3622 	 0.5492  	 	 1.8498 	 0.4294
[2024/05/20 20:27:54] - 148 		 202.0 	 	 46.6 	 	 0.0100  		 0.2285 	 0.9571 	 	 0.6458  	 0.7288  	 	 0.9298 	 0.6072  	 	 0.4745 	 0.8458  	 	 1.4567 	 0.5367  	 	 2.0195 	 0.4171
[2024/05/20 20:32:03] - 149 		 202.0 	 	 46.6 	 	 0.0010  		 0.2254 	 0.9583 	 	 0.6450  	 0.7246  	 	 0.9312 	 0.6086  	 	 0.4791 	 0.8408  	 	 1.5100 	 0.5291  	 	 2.0992 	 0.4160
[2024/05/20 20:36:15] - 150 		 201.9 	 	 47.2 	 	 0.0010  		 0.1790 	 0.9718 	 	 0.5106  	 0.7890  	 	 0.7468 	 0.6715  	 	 0.4660 	 0.8486  	 	 1.4573 	 0.5513  	 	 2.0116 	 0.4393
[2024/05/20 20:40:23] - 151 		 201.9 	 	 46.5 	 	 0.0010  		 0.1503 	 0.9767 	 	 0.4557  	 0.8082  	 	 0.6856 	 0.6957  	 	 0.4358 	 0.8604  	 	 1.5273 	 0.5367  	 	 2.1586 	 0.4191
[2024/05/20 20:44:32] - 152 		 202.1 	 	 46.5 	 	 0.0010  		 0.1401 	 0.9784 	 	 0.4397  	 0.8139  	 	 0.6694 	 0.7045  	 	 0.4473 	 0.8558  	 	 1.5974 	 0.5341  	 	 2.2622 	 0.4154
[2024/05/20 20:48:40] - 153 		 202.1 	 	 46.6 	 	 0.0010  		 0.1322 	 0.9798 	 	 0.4242  	 0.8209  	 	 0.6516 	 0.7130  	 	 0.4524 	 0.8580  	 	 1.6397 	 0.5336  	 	 2.3328 	 0.4124
[2024/05/20 20:52:50] - 154 		 202.5 	 	 46.7 	 	 0.0010  		 0.1277 	 0.9805 	 	 0.4151  	 0.8234  	 	 0.6432 	 0.7140  	 	 0.4574 	 0.8540  	 	 1.5441 	 0.5471  	 	 2.1638 	 0.4290
[2024/05/20 20:56:58] - 155 		 202.2 	 	 46.5 	 	 0.0010  		 0.1207 	 0.9824 	 	 0.4032  	 0.8271  	 	 0.6315 	 0.7209  	 	 0.4534 	 0.8567  	 	 1.7302 	 0.5297  	 	 2.4643 	 0.4108
[2024/05/20 21:01:07] - 156 		 201.6 	 	 46.9 	 	 0.0010  		 0.1173 	 0.9831 	 	 0.3949  	 0.8322  	 	 0.6200 	 0.7241  	 	 0.4648 	 0.8483  	 	 1.5405 	 0.5434  	 	 2.1413 	 0.4305
[2024/05/20 21:05:15] - 157 		 201.9 	 	 46.6 	 	 0.0010  		 0.1145 	 0.9829 	 	 0.3905  	 0.8342  	 	 0.6154 	 0.7273  	 	 0.4703 	 0.8506  	 	 1.7134 	 0.5282  	 	 2.4321 	 0.4047
[2024/05/20 21:09:24] - 158 		 202.3 	 	 46.5 	 	 0.0010  		 0.1100 	 0.9842 	 	 0.3808  	 0.8362  	 	 0.6053 	 0.7304  	 	 0.4677 	 0.8510  	 	 1.6717 	 0.5294  	 	 2.3588 	 0.4125
[2024/05/20 21:13:33] - 159 		 202.2 	 	 46.6 	 	 0.0010  		 0.1073 	 0.9848 	 	 0.3759  	 0.8385  	 	 0.6009 	 0.7325  	 	 0.4551 	 0.8521  	 	 1.6487 	 0.5376  	 	 2.3368 	 0.4239
[2024/05/20 21:17:42] - 160 		 202.6 	 	 46.7 	 	 0.0010  		 0.1059 	 0.9851 	 	 0.3708  	 0.8397  	 	 0.5928 	 0.7349  	 	 0.4542 	 0.8552  	 	 1.7114 	 0.5304  	 	 2.4523 	 0.4129
[2024/05/20 21:21:51] - 161 		 201.7 	 	 47.4 	 	 0.0010  		 0.1011 	 0.9859 	 	 0.3625  	 0.8440  	 	 0.5845 	 0.7408  	 	 0.4601 	 0.8521  	 	 1.6173 	 0.5415  	 	 2.2848 	 0.4179
[2024/05/20 21:26:00] - 162 		 202.0 	 	 46.4 	 	 0.0010  		 0.0998 	 0.9857 	 	 0.3599  	 0.8452  	 	 0.5828 	 0.7424  	 	 0.4485 	 0.8579  	 	 1.6752 	 0.5359  	 	 2.3840 	 0.4162
[2024/05/20 21:30:08] - 163 		 202.2 	 	 46.6 	 	 0.0010  		 0.0975 	 0.9862 	 	 0.3544  	 0.8478  	 	 0.5758 	 0.7415  	 	 0.4592 	 0.8537  	 	 1.6962 	 0.5327  	 	 2.4079 	 0.4210
[2024/05/20 21:34:17] - 164 		 202.1 	 	 46.7 	 	 0.0010  		 0.0945 	 0.9867 	 	 0.3479  	 0.8500  	 	 0.5686 	 0.7455  	 	 0.4548 	 0.8546  	 	 1.7054 	 0.5329  	 	 2.4325 	 0.4148
[2024/05/20 21:38:26] - 165 		 202.5 	 	 46.6 	 	 0.0010  		 0.0925 	 0.9876 	 	 0.3452  	 0.8518  	 	 0.5654 	 0.7471  	 	 0.4582 	 0.8539  	 	 1.6821 	 0.5343  	 	 2.3863 	 0.4166
[2024/05/20 21:42:35] - 166 		 202.3 	 	 46.6 	 	 0.0010  		 0.0898 	 0.9880 	 	 0.3401  	 0.8527  	 	 0.5616 	 0.7494  	 	 0.4580 	 0.8543  	 	 1.7628 	 0.5355  	 	 2.5228 	 0.4197
[2024/05/20 21:46:44] - 167 		 201.8 	 	 46.9 	 	 0.0010  		 0.0891 	 0.9881 	 	 0.3383  	 0.8528  	 	 0.5600 	 0.7494  	 	 0.4585 	 0.8517  	 	 1.7394 	 0.5345  	 	 2.4755 	 0.4162
[2024/05/20 21:50:52] - 168 		 202.0 	 	 46.5 	 	 0.0010  		 0.0866 	 0.9885 	 	 0.3344  	 0.8546  	 	 0.5548 	 0.7525  	 	 0.4682 	 0.8520  	 	 1.7604 	 0.5311  	 	 2.4971 	 0.4199
[2024/05/20 21:55:00] - 169 		 201.6 	 	 46.5 	 	 0.0010  		 0.0853 	 0.9891 	 	 0.3295  	 0.8588  	 	 0.5485 	 0.7548  	 	 0.4674 	 0.8542  	 	 1.7628 	 0.5331  	 	 2.4997 	 0.4189
[2024/05/20 21:59:09] - 170 		 202.2 	 	 46.7 	 	 0.0010  		 0.0826 	 0.9888 	 	 0.3241  	 0.8598  	 	 0.5427 	 0.7559  	 	 0.4713 	 0.8493  	 	 1.6859 	 0.5293  	 	 2.3716 	 0.4144
[2024/05/20 22:03:18] - 171 		 202.3 	 	 46.6 	 	 0.0010  		 0.0813 	 0.9898 	 	 0.3221  	 0.8604  	 	 0.5413 	 0.7584  	 	 0.4640 	 0.8532  	 	 1.8167 	 0.5210  	 	 2.6012 	 0.4050
[2024/05/20 22:07:27] - 172 		 201.8 	 	 47.1 	 	 0.0010  		 0.0781 	 0.9900 	 	 0.3158  	 0.8625  	 	 0.5354 	 0.7594  	 	 0.4472 	 0.8541  	 	 1.7076 	 0.5358  	 	 2.4400 	 0.4203
[2024/05/20 22:11:35] - 173 		 201.6 	 	 46.6 	 	 0.0010  		 0.0779 	 0.9904 	 	 0.3143  	 0.8643  	 	 0.5331 	 0.7628  	 	 0.4922 	 0.8471  	 	 1.8475 	 0.5239  	 	 2.6243 	 0.4030
[2024/05/20 22:15:44] - 174 		 202.4 	 	 46.5 	 	 0.0010  		 0.0758 	 0.9903 	 	 0.3128  	 0.8635  	 	 0.5343 	 0.7606  	 	 0.4771 	 0.8524  	 	 1.8375 	 0.5315  	 	 2.6141 	 0.4131
[2024/05/20 22:19:53] - 175 		 202.1 	 	 46.6 	 	 0.0010  		 0.0755 	 0.9905 	 	 0.3101  	 0.8651  	 	 0.5313 	 0.7613  	 	 0.4736 	 0.8497  	 	 1.7622 	 0.5297  	 	 2.4894 	 0.4134
[2024/05/20 22:24:02] - 176 		 202.3 	 	 46.5 	 	 0.0010  		 0.0733 	 0.9910 	 	 0.3065  	 0.8665  	 	 0.5268 	 0.7637  	 	 0.4884 	 0.8480  	 	 1.7934 	 0.5238  	 	 2.5372 	 0.4069
[2024/05/20 22:28:11] - 177 		 202.3 	 	 46.6 	 	 0.0010  		 0.0718 	 0.9912 	 	 0.3019  	 0.8704  	 	 0.5184 	 0.7682  	 	 0.4627 	 0.8555  	 	 1.9007 	 0.5217  	 	 2.7274 	 0.4037
[2024/05/20 22:32:19] - 178 		 201.8 	 	 46.8 	 	 0.0010  		 0.0700 	 0.9914 	 	 0.2987  	 0.8710  	 	 0.5185 	 0.7677  	 	 0.4704 	 0.8511  	 	 1.8224 	 0.5246  	 	 2.5942 	 0.4114
[2024/05/20 22:36:28] - 179 		 201.9 	 	 46.6 	 	 0.0010  		 0.0690 	 0.9916 	 	 0.2964  	 0.8716  	 	 0.5155 	 0.7685  	 	 0.4875 	 0.8461  	 	 1.8424 	 0.5226  	 	 2.6136 	 0.4052
[2024/05/20 22:40:37] - 180 		 202.6 	 	 46.5 	 	 0.0010  		 0.0686 	 0.9917 	 	 0.2976  	 0.8703  	 	 0.5182 	 0.7680  	 	 0.4756 	 0.8528  	 	 1.9479 	 0.5156  	 	 2.7902 	 0.3958
[2024/05/20 22:44:45] - 181 		 201.9 	 	 46.6 	 	 0.0010  		 0.0663 	 0.9919 	 	 0.2910  	 0.8736  	 	 0.5081 	 0.7712  	 	 0.4805 	 0.8500  	 	 1.8827 	 0.5229  	 	 2.6853 	 0.4066
[2024/05/20 22:48:55] - 182 		 202.8 	 	 46.5 	 	 0.0010  		 0.0655 	 0.9924 	 	 0.2897  	 0.8742  	 	 0.5084 	 0.7721  	 	 0.4683 	 0.8508  	 	 1.8707 	 0.5226  	 	 2.6724 	 0.4043
[2024/05/20 22:53:03] - 183 		 201.5 	 	 47.3 	 	 0.0010  		 0.0637 	 0.9923 	 	 0.2854  	 0.8756  	 	 0.5041 	 0.7739  	 	 0.4775 	 0.8516  	 	 1.9049 	 0.5190  	 	 2.7231 	 0.4059
[2024/05/20 22:57:12] - 184 		 201.9 	 	 46.7 	 	 0.0010  		 0.0630 	 0.9928 	 	 0.2840  	 0.8755  	 	 0.5030 	 0.7752  	 	 0.4984 	 0.8488  	 	 1.9308 	 0.5176  	 	 2.7385 	 0.4058
[2024/05/20 23:01:21] - 185 		 202.2 	 	 46.5 	 	 0.0010  		 0.0610 	 0.9934 	 	 0.2806  	 0.8784  	 	 0.4979 	 0.7780  	 	 0.4902 	 0.8450  	 	 1.8845 	 0.5140  	 	 2.6719 	 0.4006
[2024/05/20 23:05:29] - 186 		 202.0 	 	 46.5 	 	 0.0010  		 0.0606 	 0.9933 	 	 0.2773  	 0.8789  	 	 0.4950 	 0.7780  	 	 0.4794 	 0.8511  	 	 1.9567 	 0.5154  	 	 2.8056 	 0.3999
[2024/05/20 23:09:38] - 187 		 201.5 	 	 47.1 	 	 0.0010  		 0.0599 	 0.9936 	 	 0.2777  	 0.8786  	 	 0.4962 	 0.7783  	 	 0.5093 	 0.8437  	 	 1.9485 	 0.5155  	 	 2.7602 	 0.3992
[2024/05/20 23:13:46] - 188 		 201.7 	 	 46.4 	 	 0.0010  		 0.0583 	 0.9938 	 	 0.2750  	 0.8800  	 	 0.4935 	 0.7795  	 	 0.4876 	 0.8455  	 	 1.8811 	 0.5230  	 	 2.6652 	 0.4076
[2024/05/20 23:17:55] - 189 		 202.5 	 	 46.6 	 	 0.0010  		 0.0574 	 0.9937 	 	 0.2708  	 0.8831  	 	 0.4887 	 0.7807  	 	 0.4825 	 0.8514  	 	 2.0351 	 0.5147  	 	 2.9188 	 0.3973
[2024/05/20 23:22:04] - 190 		 202.1 	 	 46.6 	 	 0.0010  		 0.0567 	 0.9939 	 	 0.2713  	 0.8828  	 	 0.4902 	 0.7822  	 	 0.4864 	 0.8492  	 	 1.8761 	 0.5330  	 	 2.6676 	 0.4120
[2024/05/20 23:26:12] - 191 		 202.1 	 	 46.6 	 	 0.0010  		 0.0556 	 0.9941 	 	 0.2676  	 0.8844  	 	 0.4846 	 0.7826  	 	 0.4981 	 0.8470  	 	 1.9319 	 0.5235  	 	 2.7362 	 0.4071
[2024/05/20 23:30:21] - 192 		 201.9 	 	 46.5 	 	 0.0010  		 0.0547 	 0.9942 	 	 0.2665  	 0.8834  	 	 0.4854 	 0.7825  	 	 0.5065 	 0.8440  	 	 2.0016 	 0.5068  	 	 2.8427 	 0.3933
[2024/05/20 23:34:29] - 193 		 201.6 	 	 46.9 	 	 0.0010  		 0.0525 	 0.9945 	 	 0.2611  	 0.8863  	 	 0.4783 	 0.7872  	 	 0.5021 	 0.8491  	 	 1.9846 	 0.5221  	 	 2.8335 	 0.4072
[2024/05/20 23:38:37] - 194 		 201.7 	 	 46.4 	 	 0.0010  		 0.0525 	 0.9948 	 	 0.2627  	 0.8863  	 	 0.4806 	 0.7862  	 	 0.4949 	 0.8468  	 	 1.9629 	 0.5209  	 	 2.7947 	 0.4034
[2024/05/20 23:42:46] - 195 		 202.0 	 	 46.6 	 	 0.0010  		 0.0516 	 0.9944 	 	 0.2585  	 0.8876  	 	 0.4764 	 0.7888  	 	 0.5033 	 0.8464  	 	 2.0017 	 0.5223  	 	 2.8502 	 0.4059
[2024/05/20 23:46:55] - 196 		 202.3 	 	 46.6 	 	 0.0010  		 0.0505 	 0.9952 	 	 0.2567  	 0.8881  	 	 0.4742 	 0.7878  	 	 0.4860 	 0.8525  	 	 2.0474 	 0.5220  	 	 2.9430 	 0.4021
[2024/05/20 23:51:04] - 197 		 202.0 	 	 46.7 	 	 0.0010  		 0.0502 	 0.9948 	 	 0.2562  	 0.8891  	 	 0.4727 	 0.7895  	 	 0.5108 	 0.8459  	 	 2.0218 	 0.5096  	 	 2.8769 	 0.3898
[2024/05/20 23:55:12] - 198 		 201.9 	 	 46.5 	 	 0.0010  		 0.0478 	 0.9950 	 	 0.2501  	 0.8913  	 	 0.4667 	 0.7920  	 	 0.5112 	 0.8458  	 	 2.0944 	 0.5111  	 	 2.9853 	 0.3928
[2024/05/20 23:59:21] - 199 		 202.1 	 	 46.5 	 	 0.0010  		 0.0484 	 0.9954 	 	 0.2553  	 0.8894  	 	 0.4745 	 0.7894  	 	 0.4762 	 0.8542  	 	 1.9664 	 0.5202  	 	 2.8196 	 0.4013
[2024/05/21 00:03:32] - 200 		 202.5 	 	 46.5 	 	 0.0010  		 0.0481 	 0.9958 	 	 0.2510  	 0.8923  	 	 0.4689 	 0.7913  	 	 0.4803 	 0.8565  	 	 2.0626 	 0.5210  	 	 2.9726 	 0.4019
