[2024/05/13 20:36:53] - Namespace(att_method='norm_steep', attack_iters=10, batch_size=128, beta=1.0, chkpt_iters=50, dataset='cifar10', epochs=201, epsilon=0.03137254901960784, eq_vol=1, eval_method='sign', lr_chechpoint1=100, lr_chechpoint2=150, lr_max=0.1, lr_schedule='piecewise', manual_step=0, model='PreRes18_standard', momentum=0.9, norm='l_inf', pgd_alpha=2.0, random_init=1, resume=0, seed=2, train_mode='adv_train', weight_decay=0.0005, width_factor=10)
[2024/05/13 20:36:58] - Epoch 	 Train Time 	 Test Time 	 LR 	 	 Train Loss 	 Train Acc 	 Train Adv Loss 	 Train Adv Acc 	 Train Surrogate Loss 	 Train Surrogate Acc 	 Test Loss 	 Test Acc 	 Test Adv Loss 	 Test Adv Acc 	 Test Surrogate Loss 	 Test Surrogate Acc 
[2024/05/13 20:40:29] - 0 		 171.0 	 	 39.6 	 	 0.1000  		 1.6416 	 0.3858 	 	 1.6479  	 0.3832  	 	 3.4012 	 0.0891  	 	 1.3504 	 0.5116  	 	 1.3581 	 0.5079  	 	 4.7211 	 0.0452
[2024/05/13 20:43:54] - 1 		 165.7 	 	 39.1 	 	 0.1000  		 1.1606 	 0.5822 	 	 1.1781  	 0.5762  	 	 5.7357 	 0.0380  	 	 1.0592 	 0.6289  	 	 1.0789 	 0.6191  	 	 7.7088 	 0.0032
[2024/05/13 20:47:18] - 2 		 164.5 	 	 39.6 	 	 0.1000  		 0.9249 	 0.6724 	 	 0.9494  	 0.6626  	 	 7.1109 	 0.0145  	 	 0.8801 	 0.6884  	 	 0.8940 	 0.6833  	 	 9.9121 	 0.0008
[2024/05/13 20:50:42] - 3 		 164.4 	 	 39.3 	 	 0.1000  		 0.7666 	 0.7309 	 	 0.7944  	 0.7196  	 	 7.8807 	 0.0092  	 	 0.7664 	 0.7392  	 	 0.7634 	 0.7392  	 	 12.1306 	 0.0015
[2024/05/13 20:54:06] - 4 		 164.7 	 	 39.5 	 	 0.1000  		 0.6559 	 0.7724 	 	 0.6872  	 0.7599  	 	 8.4984 	 0.0060  	 	 0.6617 	 0.7783  	 	 0.6881 	 0.7651  	 	 13.5549 	 0.0003
[2024/05/13 20:57:30] - 5 		 165.2 	 	 38.8 	 	 0.1000  		 0.5941 	 0.7952 	 	 0.6279  	 0.7828  	 	 8.8411 	 0.0036  	 	 0.5958 	 0.7954  	 	 0.6200 	 0.7853  	 	 14.3969 	 0.0007
[2024/05/13 21:00:59] - 6 		 169.3 	 	 40.4 	 	 0.1000  		 0.5471 	 0.8125 	 	 0.5830  	 0.7984  	 	 9.1069 	 0.0034  	 	 0.5757 	 0.8074  	 	 0.5903 	 0.8024  	 	 15.6258 	 0.0004
[2024/05/13 21:04:27] - 7 		 167.8 	 	 40.1 	 	 0.1000  		 0.5145 	 0.8248 	 	 0.5495  	 0.8097  	 	 9.3510 	 0.0038  	 	 0.4972 	 0.8290  	 	 0.5312 	 0.8184  	 	 14.4184 	 0.0008
[2024/05/13 21:07:56] - 8 		 168.4 	 	 40.4 	 	 0.1000  		 0.4902 	 0.8301 	 	 0.5260  	 0.8168  	 	 9.4785 	 0.0039  	 	 0.4919 	 0.8327  	 	 0.5092 	 0.8255  	 	 15.2438 	 0.0003
[2024/05/13 21:11:26] - 9 		 169.5 	 	 40.7 	 	 0.1000  		 0.4729 	 0.8394 	 	 0.5096  	 0.8255  	 	 9.5443 	 0.0030  	 	 0.5337 	 0.8185  	 	 0.5719 	 0.8066  	 	 15.9270 	 0.0003
[2024/05/13 21:14:57] - 10 		 170.8 	 	 40.2 	 	 0.1000  		 0.4572 	 0.8453 	 	 0.4928  	 0.8307  	 	 9.6881 	 0.0030  	 	 0.4394 	 0.8529  	 	 0.4773 	 0.8407  	 	 18.7007 	 0.0005
[2024/05/13 21:18:26] - 11 		 168.3 	 	 40.5 	 	 0.1000  		 0.4381 	 0.8493 	 	 0.4746  	 0.8361  	 	 9.8153 	 0.0037  	 	 0.5375 	 0.8178  	 	 0.5626 	 0.8104  	 	 16.4983 	 0.0005
[2024/05/13 21:21:56] - 12 		 169.8 	 	 40.4 	 	 0.1000  		 0.4284 	 0.8556 	 	 0.4650  	 0.8400  	 	 9.9138 	 0.0034  	 	 0.4714 	 0.8406  	 	 0.4962 	 0.8291  	 	 17.1528 	 0.0003
[2024/05/13 21:25:27] - 13 		 169.7 	 	 40.7 	 	 0.1000  		 0.4206 	 0.8571 	 	 0.4582  	 0.8423  	 	 9.9336 	 0.0033  	 	 0.4707 	 0.8435  	 	 0.5035 	 0.8332  	 	 17.4661 	 0.0002
[2024/05/13 21:28:58] - 14 		 170.5 	 	 41.1 	 	 0.1000  		 0.4052 	 0.8629 	 	 0.4428  	 0.8470  	 	 10.0803 	 0.0035  	 	 0.4943 	 0.8372  	 	 0.5186 	 0.8276  	 	 17.8449 	 0.0002
[2024/05/13 21:32:32] - 15 		 171.7 	 	 41.4 	 	 0.1000  		 0.4017 	 0.8628 	 	 0.4385  	 0.8488  	 	 10.1997 	 0.0040  	 	 0.4314 	 0.8557  	 	 0.4622 	 0.8436  	 	 18.0415 	 0.0002
[2024/05/13 21:36:02] - 16 		 169.6 	 	 41.3 	 	 0.1000  		 0.3957 	 0.8650 	 	 0.4328  	 0.8497  	 	 10.2369 	 0.0035  	 	 0.4475 	 0.8449  	 	 0.4793 	 0.8326  	 	 17.4348 	 0.0003
[2024/05/13 21:39:27] - 17 		 165.0 	 	 39.3 	 	 0.1000  		 0.3841 	 0.8693 	 	 0.4210  	 0.8551  	 	 10.3920 	 0.0036  	 	 0.4198 	 0.8553  	 	 0.4565 	 0.8430  	 	 16.8995 	 0.0003
[2024/05/13 21:42:52] - 18 		 165.7 	 	 39.3 	 	 0.1000  		 0.3742 	 0.8727 	 	 0.4116  	 0.8594  	 	 10.4243 	 0.0030  	 	 0.4246 	 0.8553  	 	 0.4679 	 0.8411  	 	 18.8109 	 0.0002
[2024/05/13 21:46:11] - 19 		 163.6 	 	 36.2 	 	 0.1000  		 0.3738 	 0.8721 	 	 0.4118  	 0.8573  	 	 10.3959 	 0.0038  	 	 0.3891 	 0.8632  	 	 0.4236 	 0.8515  	 	 18.8496 	 0.0001
[2024/05/13 21:49:28] - 20 		 159.3 	 	 37.3 	 	 0.1000  		 0.3673 	 0.8748 	 	 0.4046  	 0.8593  	 	 10.4452 	 0.0033  	 	 0.4277 	 0.8628  	 	 0.4871 	 0.8442  	 	 20.2464 	 0.0005
[2024/05/13 21:52:46] - 21 		 159.1 	 	 39.4 	 	 0.1000  		 0.3656 	 0.8753 	 	 0.4031  	 0.8619  	 	 10.5257 	 0.0032  	 	 0.4242 	 0.8601  	 	 0.4786 	 0.8447  	 	 19.9798 	 0.0001
[2024/05/13 21:56:14] - 22 		 167.7 	 	 40.1 	 	 0.1000  		 0.3548 	 0.8796 	 	 0.3921  	 0.8660  	 	 10.4788 	 0.0033  	 	 0.3918 	 0.8656  	 	 0.4086 	 0.8612  	 	 19.0245 	 0.0004
[2024/05/13 21:59:42] - 23 		 167.7 	 	 40.3 	 	 0.1000  		 0.3579 	 0.8772 	 	 0.3947  	 0.8640  	 	 10.5230 	 0.0037  	 	 0.4051 	 0.8685  	 	 0.4297 	 0.8593  	 	 19.2763 	 0.0002
[2024/05/13 22:03:06] - 24 		 164.7 	 	 39.6 	 	 0.1000  		 0.3541 	 0.8797 	 	 0.3921  	 0.8649  	 	 10.4373 	 0.0029  	 	 0.3960 	 0.8668  	 	 0.4228 	 0.8573  	 	 19.9404 	 0.0003
[2024/05/13 22:06:32] - 25 		 165.4 	 	 40.3 	 	 0.1000  		 0.3514 	 0.8798 	 	 0.3900  	 0.8653  	 	 10.4902 	 0.0032  	 	 0.4228 	 0.8589  	 	 0.4667 	 0.8463  	 	 20.4223 	 0.0003
[2024/05/13 22:10:01] - 26 		 168.5 	 	 40.3 	 	 0.1000  		 0.3481 	 0.8817 	 	 0.3856  	 0.8677  	 	 10.5473 	 0.0026  	 	 0.3813 	 0.8701  	 	 0.4115 	 0.8609  	 	 18.0918 	 0.0003
[2024/05/13 22:13:30] - 27 		 168.5 	 	 40.1 	 	 0.1000  		 0.3445 	 0.8830 	 	 0.3820  	 0.8686  	 	 10.5706 	 0.0033  	 	 0.4164 	 0.8608  	 	 0.4514 	 0.8486  	 	 20.1871 	 0.0005
[2024/05/13 22:16:55] - 28 		 166.2 	 	 39.3 	 	 0.1000  		 0.3422 	 0.8845 	 	 0.3796  	 0.8691  	 	 10.5797 	 0.0039  	 	 0.4422 	 0.8552  	 	 0.4792 	 0.8437  	 	 21.6560 	 0.0002
[2024/05/13 22:20:20] - 29 		 165.1 	 	 39.4 	 	 0.1000  		 0.3438 	 0.8828 	 	 0.3820  	 0.8686  	 	 10.6606 	 0.0033  	 	 0.4338 	 0.8500  	 	 0.4587 	 0.8411  	 	 21.2175 	 0.0002
[2024/05/13 22:23:45] - 30 		 165.8 	 	 39.5 	 	 0.1000  		 0.3409 	 0.8837 	 	 0.3779  	 0.8711  	 	 10.5039 	 0.0035  	 	 0.3735 	 0.8738  	 	 0.3930 	 0.8656  	 	 18.1350 	 0.0004
[2024/05/13 22:27:10] - 31 		 165.8 	 	 39.3 	 	 0.1000  		 0.3389 	 0.8848 	 	 0.3760  	 0.8704  	 	 10.5802 	 0.0030  	 	 0.3591 	 0.8811  	 	 0.3992 	 0.8713  	 	 21.6551 	 0.0001
[2024/05/13 22:30:34] - 32 		 164.8 	 	 39.4 	 	 0.1000  		 0.3319 	 0.8869 	 	 0.3701  	 0.8727  	 	 10.5811 	 0.0031  	 	 0.5008 	 0.8332  	 	 0.5130 	 0.8300  	 	 20.0549 	 0.0002
[2024/05/13 22:33:59] - 33 		 165.3 	 	 39.5 	 	 0.1000  		 0.3375 	 0.8850 	 	 0.3750  	 0.8713  	 	 10.4868 	 0.0030  	 	 0.4275 	 0.8594  	 	 0.4638 	 0.8461  	 	 19.3118 	 0.0004
[2024/05/13 22:37:24] - 34 		 165.3 	 	 39.3 	 	 0.1000  		 0.3374 	 0.8854 	 	 0.3750  	 0.8720  	 	 10.5352 	 0.0036  	 	 0.4422 	 0.8541  	 	 0.4636 	 0.8482  	 	 19.0544 	 0.0006
[2024/05/13 22:40:47] - 35 		 164.2 	 	 39.3 	 	 0.1000  		 0.3338 	 0.8855 	 	 0.3703  	 0.8713  	 	 10.5130 	 0.0036  	 	 0.3805 	 0.8626  	 	 0.4137 	 0.8510  	 	 17.6345 	 0.0001
[2024/05/13 22:44:12] - 36 		 165.2 	 	 39.5 	 	 0.1000  		 0.3311 	 0.8876 	 	 0.3679  	 0.8747  	 	 10.5876 	 0.0034  	 	 0.4071 	 0.8652  	 	 0.4206 	 0.8582  	 	 19.7619 	 0.0002
[2024/05/13 22:47:37] - 37 		 165.4 	 	 39.4 	 	 0.1000  		 0.3320 	 0.8874 	 	 0.3700  	 0.8729  	 	 10.5816 	 0.0039  	 	 0.4045 	 0.8610  	 	 0.4407 	 0.8493  	 	 19.8456 	 0.0004
[2024/05/13 22:51:01] - 38 		 164.7 	 	 39.4 	 	 0.1000  		 0.3271 	 0.8898 	 	 0.3644  	 0.8758  	 	 10.6508 	 0.0031  	 	 0.3821 	 0.8729  	 	 0.4242 	 0.8572  	 	 19.2781 	 0.0002
[2024/05/13 22:54:25] - 39 		 165.3 	 	 39.4 	 	 0.1000  		 0.3282 	 0.8889 	 	 0.3662  	 0.8736  	 	 10.6452 	 0.0027  	 	 0.3931 	 0.8653  	 	 0.4154 	 0.8587  	 	 18.2039 	 0.0003
[2024/05/13 22:57:50] - 40 		 165.2 	 	 39.3 	 	 0.1000  		 0.3275 	 0.8891 	 	 0.3631  	 0.8749  	 	 10.5441 	 0.0032  	 	 0.3957 	 0.8668  	 	 0.4235 	 0.8553  	 	 19.0154 	 0.0001
[2024/05/13 23:01:15] - 41 		 165.5 	 	 40.0 	 	 0.1000  		 0.3250 	 0.8894 	 	 0.3621  	 0.8763  	 	 10.5594 	 0.0031  	 	 0.4123 	 0.8585  	 	 0.4491 	 0.8470  	 	 19.0320 	 0.0001
[2024/05/13 23:04:42] - 42 		 166.3 	 	 39.9 	 	 0.1000  		 0.3294 	 0.8888 	 	 0.3669  	 0.8740  	 	 10.5574 	 0.0029  	 	 0.3743 	 0.8718  	 	 0.4126 	 0.8566  	 	 19.2399 	 0.0002
[2024/05/13 23:08:03] - 43 		 165.6 	 	 36.0 	 	 0.1000  		 0.3226 	 0.8908 	 	 0.3601  	 0.8765  	 	 10.6011 	 0.0028  	 	 0.4165 	 0.8639  	 	 0.4555 	 0.8512  	 	 18.6726 	 0.0002
[2024/05/13 23:11:16] - 44 		 156.6 	 	 36.0 	 	 0.1000  		 0.3256 	 0.8899 	 	 0.3631  	 0.8759  	 	 10.6089 	 0.0035  	 	 0.3896 	 0.8678  	 	 0.4143 	 0.8582  	 	 17.9598 	 0.0002
[2024/05/13 23:14:36] - 45 		 160.2 	 	 40.1 	 	 0.1000  		 0.3213 	 0.8907 	 	 0.3583  	 0.8767  	 	 10.6197 	 0.0036  	 	 0.4016 	 0.8662  	 	 0.4334 	 0.8551  	 	 20.6636 	 0.0001
[2024/05/13 23:18:03] - 46 		 167.2 	 	 39.5 	 	 0.1000  		 0.3271 	 0.8906 	 	 0.3654  	 0.8748  	 	 10.6488 	 0.0034  	 	 0.3990 	 0.8679  	 	 0.4188 	 0.8606  	 	 19.7641 	 0.0006
[2024/05/13 23:21:27] - 47 		 165.3 	 	 39.5 	 	 0.1000  		 0.3148 	 0.8929 	 	 0.3516  	 0.8791  	 	 10.7262 	 0.0030  	 	 0.3537 	 0.8814  	 	 0.3943 	 0.8692  	 	 19.6601 	 0.0002
[2024/05/13 23:24:54] - 48 		 166.7 	 	 39.4 	 	 0.1000  		 0.3234 	 0.8907 	 	 0.3613  	 0.8767  	 	 10.5652 	 0.0032  	 	 0.3768 	 0.8758  	 	 0.4125 	 0.8628  	 	 19.3763 	 0.0003
[2024/05/13 23:28:22] - 49 		 167.7 	 	 40.3 	 	 0.1000  		 0.3202 	 0.8904 	 	 0.3579  	 0.8755  	 	 10.6472 	 0.0029  	 	 0.3744 	 0.8735  	 	 0.3930 	 0.8675  	 	 19.3902 	 0.0003
[2024/05/13 23:31:46] - 50 		 165.5 	 	 39.4 	 	 0.1000  		 0.3182 	 0.8914 	 	 0.3555  	 0.8780  	 	 10.6096 	 0.0038  	 	 0.4402 	 0.8497  	 	 0.4597 	 0.8426  	 	 20.2494 	 0.0001
[2024/05/13 23:35:11] - 51 		 164.9 	 	 39.7 	 	 0.1000  		 0.3173 	 0.8926 	 	 0.3548  	 0.8786  	 	 10.5393 	 0.0040  	 	 0.4019 	 0.8633  	 	 0.4334 	 0.8545  	 	 20.1665 	 0.0010
[2024/05/13 23:38:37] - 52 		 166.5 	 	 39.7 	 	 0.1000  		 0.3199 	 0.8905 	 	 0.3576  	 0.8770  	 	 10.5998 	 0.0029  	 	 0.3903 	 0.8649  	 	 0.4200 	 0.8556  	 	 17.3146 	 0.0001
[2024/05/13 23:42:03] - 53 		 165.9 	 	 39.8 	 	 0.1000  		 0.3152 	 0.8930 	 	 0.3520  	 0.8793  	 	 10.6156 	 0.0033  	 	 0.3685 	 0.8729  	 	 0.4081 	 0.8610  	 	 19.6452 	 0.0003
[2024/05/13 23:45:27] - 54 		 165.1 	 	 39.4 	 	 0.1000  		 0.3118 	 0.8940 	 	 0.3489  	 0.8798  	 	 10.6993 	 0.0033  	 	 0.4017 	 0.8674  	 	 0.4207 	 0.8599  	 	 19.8099 	 0.0003
[2024/05/13 23:48:52] - 55 		 165.6 	 	 39.1 	 	 0.1000  		 0.3192 	 0.8911 	 	 0.3571  	 0.8772  	 	 10.6056 	 0.0034  	 	 0.3456 	 0.8806  	 	 0.3907 	 0.8680  	 	 19.9379 	 0.0003
[2024/05/13 23:52:16] - 56 		 163.9 	 	 40.1 	 	 0.1000  		 0.3133 	 0.8935 	 	 0.3507  	 0.8801  	 	 10.6448 	 0.0032  	 	 0.3831 	 0.8697  	 	 0.4108 	 0.8601  	 	 18.3819 	 0.0002
[2024/05/13 23:55:40] - 57 		 164.6 	 	 39.6 	 	 0.1000  		 0.3142 	 0.8926 	 	 0.3524  	 0.8794  	 	 10.6169 	 0.0036  	 	 0.3841 	 0.8686  	 	 0.4059 	 0.8613  	 	 18.2846 	 0.0003
[2024/05/13 23:59:06] - 58 		 166.1 	 	 39.5 	 	 0.1000  		 0.3157 	 0.8937 	 	 0.3539  	 0.8780  	 	 10.6294 	 0.0032  	 	 0.3283 	 0.8861  	 	 0.3678 	 0.8738  	 	 19.4691 	 0.0001
[2024/05/14 00:02:31] - 59 		 165.2 	 	 40.3 	 	 0.1000  		 0.3133 	 0.8941 	 	 0.3500  	 0.8804  	 	 10.6707 	 0.0037  	 	 0.4152 	 0.8601  	 	 0.4384 	 0.8506  	 	 19.0482 	 0.0003
[2024/05/14 00:05:56] - 60 		 165.4 	 	 39.0 	 	 0.1000  		 0.3127 	 0.8938 	 	 0.3511  	 0.8794  	 	 10.5993 	 0.0033  	 	 0.3639 	 0.8806  	 	 0.4112 	 0.8640  	 	 20.6564 	 0.0003
[2024/05/14 00:09:21] - 61 		 165.4 	 	 39.6 	 	 0.1000  		 0.3144 	 0.8930 	 	 0.3525  	 0.8787  	 	 10.6029 	 0.0033  	 	 0.3858 	 0.8759  	 	 0.4245 	 0.8622  	 	 18.9396 	 0.0003
[2024/05/14 00:12:46] - 62 		 165.0 	 	 39.7 	 	 0.1000  		 0.3085 	 0.8953 	 	 0.3475  	 0.8805  	 	 10.5900 	 0.0028  	 	 0.3903 	 0.8699  	 	 0.4071 	 0.8639  	 	 19.6562 	 0.0004
[2024/05/14 00:16:12] - 63 		 166.2 	 	 40.2 	 	 0.1000  		 0.3154 	 0.8937 	 	 0.3529  	 0.8794  	 	 10.6067 	 0.0034  	 	 0.3876 	 0.8700  	 	 0.4485 	 0.8527  	 	 19.4461 	 0.0002
[2024/05/14 00:19:40] - 64 		 168.1 	 	 39.8 	 	 0.1000  		 0.3157 	 0.8928 	 	 0.3533  	 0.8793  	 	 10.6238 	 0.0034  	 	 0.3474 	 0.8803  	 	 0.3766 	 0.8711  	 	 18.6333 	 0.0004
[2024/05/14 00:23:08] - 65 		 168.2 	 	 40.4 	 	 0.1000  		 0.3116 	 0.8955 	 	 0.3492  	 0.8809  	 	 10.5695 	 0.0030  	 	 0.4000 	 0.8660  	 	 0.4128 	 0.8618  	 	 19.2078 	 0.0001
[2024/05/14 00:26:39] - 66 		 169.8 	 	 40.7 	 	 0.1000  		 0.3111 	 0.8942 	 	 0.3484  	 0.8809  	 	 10.6741 	 0.0027  	 	 0.4051 	 0.8641  	 	 0.4258 	 0.8584  	 	 20.2488 	 0.0003
[2024/05/14 00:30:11] - 67 		 171.6 	 	 40.7 	 	 0.1000  		 0.3066 	 0.8954 	 	 0.3430  	 0.8818  	 	 10.6500 	 0.0036  	 	 0.3875 	 0.8703  	 	 0.4058 	 0.8642  	 	 20.0079 	 0.0005
[2024/05/14 00:33:41] - 68 		 169.5 	 	 40.4 	 	 0.1000  		 0.3123 	 0.8946 	 	 0.3493  	 0.8817  	 	 10.5612 	 0.0036  	 	 0.3616 	 0.8775  	 	 0.3879 	 0.8698  	 	 20.3458 	 0.0005
[2024/05/14 00:37:11] - 69 		 169.2 	 	 40.6 	 	 0.1000  		 0.3117 	 0.8947 	 	 0.3497  	 0.8801  	 	 10.5703 	 0.0029  	 	 0.4214 	 0.8587  	 	 0.4492 	 0.8476  	 	 18.8949 	 0.0003
[2024/05/14 00:40:42] - 70 		 170.3 	 	 40.5 	 	 0.1000  		 0.3149 	 0.8929 	 	 0.3524  	 0.8784  	 	 10.5348 	 0.0037  	 	 0.4752 	 0.8411  	 	 0.5027 	 0.8302  	 	 18.4412 	 0.0004
[2024/05/14 00:44:17] - 71 		 174.5 	 	 41.3 	 	 0.1000  		 0.3098 	 0.8947 	 	 0.3465  	 0.8814  	 	 10.6227 	 0.0036  	 	 0.4208 	 0.8564  	 	 0.4420 	 0.8476  	 	 19.4172 	 0.0003
[2024/05/14 00:47:39] - 72 		 163.2 	 	 38.8 	 	 0.1000  		 0.3101 	 0.8946 	 	 0.3480  	 0.8808  	 	 10.5610 	 0.0034  	 	 0.3440 	 0.8836  	 	 0.3721 	 0.8726  	 	 19.4847 	 0.0004
[2024/05/14 00:51:00] - 73 		 161.6 	 	 38.5 	 	 0.1000  		 0.3143 	 0.8944 	 	 0.3517  	 0.8796  	 	 10.6101 	 0.0027  	 	 0.3570 	 0.8829  	 	 0.3938 	 0.8708  	 	 19.6709 	 0.0004
[2024/05/14 00:54:14] - 74 		 158.2 	 	 36.7 	 	 0.1000  		 0.3106 	 0.8935 	 	 0.3485  	 0.8803  	 	 10.6033 	 0.0030  	 	 0.3740 	 0.8753  	 	 0.3977 	 0.8672  	 	 19.4802 	 0.0003
[2024/05/14 00:57:28] - 75 		 157.0 	 	 36.8 	 	 0.1000  		 0.3110 	 0.8941 	 	 0.3494  	 0.8802  	 	 10.5916 	 0.0032  	 	 0.4094 	 0.8602  	 	 0.4464 	 0.8475  	 	 19.7252 	 0.0002
[2024/05/14 01:00:43] - 76 		 157.7 	 	 37.3 	 	 0.1000  		 0.3071 	 0.8959 	 	 0.3443  	 0.8808  	 	 10.6604 	 0.0036  	 	 0.3719 	 0.8763  	 	 0.3938 	 0.8684  	 	 19.1639 	 0.0004
[2024/05/14 01:03:59] - 77 		 158.3 	 	 37.2 	 	 0.1000  		 0.3078 	 0.8956 	 	 0.3449  	 0.8812  	 	 10.6593 	 0.0034  	 	 0.4644 	 0.8500  	 	 0.4846 	 0.8403  	 	 20.0910 	 0.0001
[2024/05/14 01:07:14] - 78 		 157.8 	 	 37.1 	 	 0.1000  		 0.3116 	 0.8943 	 	 0.3486  	 0.8804  	 	 10.5978 	 0.0039  	 	 0.3834 	 0.8728  	 	 0.4195 	 0.8619  	 	 19.4852 	 0.0002
[2024/05/14 01:10:29] - 79 		 157.8 	 	 37.2 	 	 0.1000  		 0.3113 	 0.8948 	 	 0.3490  	 0.8799  	 	 10.5529 	 0.0031  	 	 0.3196 	 0.8903  	 	 0.3523 	 0.8805  	 	 18.4759 	 0.0003
[2024/05/14 01:13:43] - 80 		 157.1 	 	 37.2 	 	 0.1000  		 0.3019 	 0.8981 	 	 0.3400  	 0.8830  	 	 10.7382 	 0.0030  	 	 0.4860 	 0.8354  	 	 0.5085 	 0.8260  	 	 17.5318 	 0.0007
[2024/05/14 01:16:57] - 81 		 157.3 	 	 36.7 	 	 0.1000  		 0.3094 	 0.8941 	 	 0.3469  	 0.8798  	 	 10.6609 	 0.0031  	 	 0.3562 	 0.8790  	 	 0.3896 	 0.8657  	 	 19.7854 	 0.0001
[2024/05/14 01:20:13] - 82 		 158.3 	 	 37.6 	 	 0.1000  		 0.3063 	 0.8946 	 	 0.3447  	 0.8811  	 	 10.6349 	 0.0031  	 	 0.3828 	 0.8672  	 	 0.4369 	 0.8512  	 	 19.1933 	 0.0003
[2024/05/14 01:23:30] - 83 		 158.6 	 	 37.8 	 	 0.1000  		 0.3066 	 0.8958 	 	 0.3445  	 0.8804  	 	 10.7121 	 0.0030  	 	 0.4018 	 0.8598  	 	 0.4327 	 0.8489  	 	 18.9197 	 0.0001
[2024/05/14 01:26:44] - 84 		 158.0 	 	 37.0 	 	 0.1000  		 0.3016 	 0.8976 	 	 0.3391  	 0.8833  	 	 10.6753 	 0.0028  	 	 0.4283 	 0.8564  	 	 0.4467 	 0.8480  	 	 20.0054 	 0.0005
[2024/05/14 01:29:59] - 85 		 157.6 	 	 37.1 	 	 0.1000  		 0.3088 	 0.8955 	 	 0.3460  	 0.8827  	 	 10.6090 	 0.0032  	 	 0.4103 	 0.8632  	 	 0.4398 	 0.8544  	 	 20.6966 	 0.0003
[2024/05/14 01:33:13] - 86 		 157.1 	 	 37.0 	 	 0.1000  		 0.3072 	 0.8960 	 	 0.3447  	 0.8813  	 	 10.6276 	 0.0028  	 	 0.3432 	 0.8829  	 	 0.3652 	 0.8761  	 	 17.3216 	 0.0005
[2024/05/14 01:36:29] - 87 		 158.0 	 	 37.6 	 	 0.1000  		 0.3049 	 0.8955 	 	 0.3410  	 0.8824  	 	 10.6382 	 0.0034  	 	 0.3581 	 0.8799  	 	 0.3982 	 0.8661  	 	 19.6654 	 0.0002
[2024/05/14 01:39:45] - 88 		 159.4 	 	 36.9 	 	 0.1000  		 0.3054 	 0.8973 	 	 0.3427  	 0.8840  	 	 10.6046 	 0.0033  	 	 0.4082 	 0.8670  	 	 0.4394 	 0.8563  	 	 19.2283 	 0.0003
[2024/05/14 01:42:59] - 89 		 156.9 	 	 36.6 	 	 0.1000  		 0.3061 	 0.8963 	 	 0.3436  	 0.8824  	 	 10.6164 	 0.0029  	 	 0.3948 	 0.8656  	 	 0.4212 	 0.8583  	 	 19.0838 	 0.0001
[2024/05/14 01:46:12] - 90 		 157.3 	 	 36.4 	 	 0.1000  		 0.3065 	 0.8967 	 	 0.3442  	 0.8816  	 	 10.5970 	 0.0027  	 	 0.4085 	 0.8624  	 	 0.4431 	 0.8533  	 	 19.4420 	 0.0004
[2024/05/14 01:49:27] - 91 		 157.2 	 	 37.2 	 	 0.1000  		 0.3046 	 0.8964 	 	 0.3430  	 0.8820  	 	 10.6894 	 0.0025  	 	 0.3370 	 0.8825  	 	 0.3926 	 0.8675  	 	 19.4828 	 0.0005
[2024/05/14 01:52:40] - 92 		 156.9 	 	 36.3 	 	 0.1000  		 0.3069 	 0.8967 	 	 0.3441  	 0.8829  	 	 10.6459 	 0.0031  	 	 0.4608 	 0.8454  	 	 0.5147 	 0.8324  	 	 19.3717 	 0.0001
[2024/05/14 01:55:54] - 93 		 157.3 	 	 36.5 	 	 0.1000  		 0.3009 	 0.8973 	 	 0.3387  	 0.8830  	 	 10.6859 	 0.0028  	 	 0.3482 	 0.8804  	 	 0.3779 	 0.8723  	 	 19.8471 	 0.0001
[2024/05/14 01:59:08] - 94 		 156.9 	 	 37.3 	 	 0.1000  		 0.3085 	 0.8952 	 	 0.3464  	 0.8797  	 	 10.6777 	 0.0030  	 	 0.4446 	 0.8588  	 	 0.4416 	 0.8578  	 	 20.1183 	 0.0008
[2024/05/14 02:02:22] - 95 		 157.1 	 	 36.6 	 	 0.1000  		 0.3022 	 0.8965 	 	 0.3400  	 0.8825  	 	 10.6993 	 0.0024  	 	 0.3827 	 0.8725  	 	 0.4003 	 0.8670  	 	 20.8486 	 0.0002
[2024/05/14 02:05:36] - 96 		 157.5 	 	 36.6 	 	 0.1000  		 0.3040 	 0.8958 	 	 0.3410  	 0.8826  	 	 10.6699 	 0.0035  	 	 0.3668 	 0.8775  	 	 0.3979 	 0.8671  	 	 17.8404 	 0.0007
[2024/05/14 02:08:49] - 97 		 156.9 	 	 36.5 	 	 0.1000  		 0.3028 	 0.8973 	 	 0.3401  	 0.8845  	 	 10.6406 	 0.0028  	 	 0.4215 	 0.8620  	 	 0.4539 	 0.8528  	 	 20.1116 	 0.0004
[2024/05/14 02:12:03] - 98 		 157.2 	 	 36.3 	 	 0.1000  		 0.3024 	 0.8966 	 	 0.3394  	 0.8819  	 	 10.5170 	 0.0029  	 	 0.3847 	 0.8742  	 	 0.4287 	 0.8586  	 	 20.0413 	 0.0002
[2024/05/14 02:15:17] - 99 		 157.8 	 	 36.7 	 	 0.0100  		 0.3047 	 0.8963 	 	 0.3411  	 0.8834  	 	 10.7090 	 0.0034  	 	 0.4082 	 0.8640  	 	 0.4446 	 0.8529  	 	 19.0838 	 0.0003
[2024/05/14 02:18:32] - 100 		 156.9 	 	 37.3 	 	 0.0100  		 0.1647 	 0.9454 	 	 0.1901  	 0.9354  	 	 10.8375 	 0.0038  	 	 0.2095 	 0.9305  	 	 0.2472 	 0.9172  	 	 18.7959 	 0.0003
[2024/05/14 02:21:48] - 101 		 158.8 	 	 37.5 	 	 0.0100  		 0.1181 	 0.9614 	 	 0.1393  	 0.9533  	 	 11.2699 	 0.0045  	 	 0.2067 	 0.9318  	 	 0.2351 	 0.9256  	 	 17.6574 	 0.0012
[2024/05/14 02:25:04] - 102 		 158.4 	 	 37.9 	 	 0.0100  		 0.0995 	 0.9678 	 	 0.1194  	 0.9596  	 	 11.4874 	 0.0076  	 	 0.2219 	 0.9274  	 	 0.2439 	 0.9207  	 	 18.3516 	 0.0009
[2024/05/14 02:28:20] - 103 		 158.4 	 	 37.7 	 	 0.0100  		 0.0902 	 0.9701 	 	 0.1101  	 0.9620  	 	 11.5915 	 0.0106  	 	 0.2121 	 0.9333  	 	 0.2274 	 0.9273  	 	 17.4198 	 0.0021
[2024/05/14 02:31:34] - 104 		 157.1 	 	 36.2 	 	 0.0100  		 0.0770 	 0.9749 	 	 0.0962  	 0.9670  	 	 11.6079 	 0.0151  	 	 0.2004 	 0.9361  	 	 0.2200 	 0.9263  	 	 17.6373 	 0.0018
[2024/05/14 02:34:47] - 105 		 156.6 	 	 36.7 	 	 0.0100  		 0.0705 	 0.9776 	 	 0.0880  	 0.9705  	 	 11.6577 	 0.0206  	 	 0.2174 	 0.9322  	 	 0.2473 	 0.9204  	 	 17.9550 	 0.0016
[2024/05/14 02:38:00] - 106 		 156.8 	 	 36.1 	 	 0.0100  		 0.0626 	 0.9801 	 	 0.0799  	 0.9730  	 	 11.7153 	 0.0255  	 	 0.2178 	 0.9309  	 	 0.2530 	 0.9192  	 	 17.6913 	 0.0017
[2024/05/14 02:41:13] - 107 		 157.3 	 	 36.1 	 	 0.0100  		 0.0589 	 0.9806 	 	 0.0760  	 0.9740  	 	 11.6841 	 0.0306  	 	 0.2590 	 0.9203  	 	 0.2735 	 0.9168  	 	 17.0911 	 0.0027
[2024/05/14 02:44:30] - 108 		 158.7 	 	 37.5 	 	 0.0100  		 0.0528 	 0.9833 	 	 0.0703  	 0.9764  	 	 11.6867 	 0.0326  	 	 0.2345 	 0.9315  	 	 0.2455 	 0.9269  	 	 17.5659 	 0.0019
[2024/05/14 02:47:46] - 109 		 158.9 	 	 37.8 	 	 0.0100  		 0.0509 	 0.9832 	 	 0.0674  	 0.9764  	 	 11.6466 	 0.0359  	 	 0.2198 	 0.9337  	 	 0.2488 	 0.9263  	 	 18.0083 	 0.0022
[2024/05/14 02:51:02] - 110 		 158.9 	 	 36.9 	 	 0.0100  		 0.0444 	 0.9862 	 	 0.0605  	 0.9794  	 	 11.6208 	 0.0434  	 	 0.2088 	 0.9364  	 	 0.2363 	 0.9269  	 	 17.2434 	 0.0026
[2024/05/14 02:54:18] - 111 		 158.3 	 	 37.6 	 	 0.0100  		 0.0436 	 0.9860 	 	 0.0593  	 0.9806  	 	 11.5616 	 0.0486  	 	 0.2292 	 0.9301  	 	 0.2514 	 0.9235  	 	 17.5346 	 0.0025
[2024/05/14 02:57:36] - 112 		 160.1 	 	 37.7 	 	 0.0100  		 0.0426 	 0.9860 	 	 0.0586  	 0.9799  	 	 11.5924 	 0.0485  	 	 0.2052 	 0.9384  	 	 0.2371 	 0.9290  	 	 17.2042 	 0.0020
[2024/05/14 03:00:53] - 113 		 158.8 	 	 37.9 	 	 0.0100  		 0.0391 	 0.9875 	 	 0.0551  	 0.9805  	 	 11.5978 	 0.0478  	 	 0.2320 	 0.9341  	 	 0.2652 	 0.9248  	 	 17.5277 	 0.0012
[2024/05/14 03:04:08] - 114 		 158.3 	 	 37.5 	 	 0.0100  		 0.0386 	 0.9878 	 	 0.0535  	 0.9817  	 	 11.5206 	 0.0549  	 	 0.2177 	 0.9350  	 	 0.2582 	 0.9240  	 	 17.5348 	 0.0026
[2024/05/14 03:07:23] - 115 		 157.9 	 	 36.4 	 	 0.0100  		 0.0335 	 0.9896 	 	 0.0483  	 0.9838  	 	 11.4496 	 0.0608  	 	 0.2267 	 0.9327  	 	 0.2470 	 0.9269  	 	 17.3880 	 0.0019
[2024/05/14 03:10:36] - 116 		 156.8 	 	 36.9 	 	 0.0100  		 0.0365 	 0.9886 	 	 0.0517  	 0.9828  	 	 11.4645 	 0.0567  	 	 0.2520 	 0.9233  	 	 0.2852 	 0.9175  	 	 17.1753 	 0.0029
[2024/05/14 03:13:49] - 117 		 156.9 	 	 36.2 	 	 0.0100  		 0.0342 	 0.9897 	 	 0.0486  	 0.9841  	 	 11.3873 	 0.0597  	 	 0.2440 	 0.9296  	 	 0.2754 	 0.9219  	 	 16.7441 	 0.0037
[2024/05/14 03:17:03] - 118 		 157.5 	 	 36.5 	 	 0.0100  		 0.0346 	 0.9891 	 	 0.0493  	 0.9829  	 	 11.2799 	 0.0672  	 	 0.2300 	 0.9320  	 	 0.2728 	 0.9231  	 	 17.1271 	 0.0024
[2024/05/14 03:20:17] - 119 		 156.8 	 	 36.3 	 	 0.0100  		 0.0335 	 0.9896 	 	 0.0486  	 0.9837  	 	 11.2494 	 0.0693  	 	 0.2465 	 0.9325  	 	 0.2859 	 0.9228  	 	 17.3791 	 0.0034
[2024/05/14 03:23:30] - 120 		 157.5 	 	 36.3 	 	 0.0100  		 0.0347 	 0.9893 	 	 0.0498  	 0.9836  	 	 11.2346 	 0.0656  	 	 0.2406 	 0.9313  	 	 0.2634 	 0.9259  	 	 17.5917 	 0.0021
[2024/05/14 03:26:44] - 121 		 157.4 	 	 36.3 	 	 0.0100  		 0.0344 	 0.9893 	 	 0.0499  	 0.9833  	 	 11.2564 	 0.0642  	 	 0.2314 	 0.9331  	 	 0.2688 	 0.9224  	 	 16.3883 	 0.0039
[2024/05/14 03:29:57] - 122 		 156.8 	 	 36.3 	 	 0.0100  		 0.0352 	 0.9892 	 	 0.0515  	 0.9824  	 	 11.1904 	 0.0627  	 	 0.2657 	 0.9271  	 	 0.2951 	 0.9201  	 	 17.2911 	 0.0021
[2024/05/14 03:33:11] - 123 		 157.5 	 	 36.4 	 	 0.0100  		 0.0329 	 0.9901 	 	 0.0486  	 0.9836  	 	 11.0451 	 0.0717  	 	 0.2552 	 0.9280  	 	 0.2845 	 0.9168  	 	 17.0071 	 0.0030
[2024/05/14 03:36:25] - 124 		 156.8 	 	 36.7 	 	 0.0100  		 0.0372 	 0.9881 	 	 0.0535  	 0.9819  	 	 11.1134 	 0.0659  	 	 0.2317 	 0.9315  	 	 0.2610 	 0.9232  	 	 16.3029 	 0.0045
[2024/05/14 03:39:38] - 125 		 156.9 	 	 36.3 	 	 0.0100  		 0.0343 	 0.9895 	 	 0.0494  	 0.9832  	 	 11.0185 	 0.0718  	 	 0.2487 	 0.9298  	 	 0.2757 	 0.9215  	 	 17.0221 	 0.0034
[2024/05/14 03:42:52] - 126 		 157.4 	 	 36.3 	 	 0.0100  		 0.0340 	 0.9897 	 	 0.0490  	 0.9839  	 	 10.9656 	 0.0747  	 	 0.2541 	 0.9295  	 	 0.2960 	 0.9185  	 	 16.6065 	 0.0038
[2024/05/14 03:46:05] - 127 		 156.8 	 	 36.4 	 	 0.0100  		 0.0370 	 0.9879 	 	 0.0542  	 0.9812  	 	 10.9358 	 0.0740  	 	 0.2601 	 0.9261  	 	 0.2929 	 0.9168  	 	 16.4869 	 0.0050
[2024/05/14 03:49:19] - 128 		 158.0 	 	 36.3 	 	 0.0100  		 0.0361 	 0.9888 	 	 0.0515  	 0.9833  	 	 10.9448 	 0.0649  	 	 0.2453 	 0.9274  	 	 0.2778 	 0.9200  	 	 16.6031 	 0.0034
[2024/05/14 03:52:33] - 129 		 157.3 	 	 36.5 	 	 0.0100  		 0.0368 	 0.9886 	 	 0.0531  	 0.9820  	 	 10.8671 	 0.0712  	 	 0.2790 	 0.9228  	 	 0.3131 	 0.9145  	 	 17.1657 	 0.0028
[2024/05/14 03:55:46] - 130 		 156.7 	 	 36.5 	 	 0.0100  		 0.0382 	 0.9879 	 	 0.0543  	 0.9819  	 	 10.8798 	 0.0649  	 	 0.2479 	 0.9293  	 	 0.2780 	 0.9200  	 	 16.4212 	 0.0025
[2024/05/14 03:59:00] - 131 		 157.2 	 	 36.4 	 	 0.0100  		 0.0412 	 0.9871 	 	 0.0574  	 0.9807  	 	 10.8351 	 0.0633  	 	 0.2560 	 0.9239  	 	 0.2938 	 0.9152  	 	 16.7920 	 0.0020
[2024/05/14 04:02:13] - 132 		 156.8 	 	 36.6 	 	 0.0100  		 0.0399 	 0.9872 	 	 0.0571  	 0.9807  	 	 10.7776 	 0.0675  	 	 0.2398 	 0.9299  	 	 0.2781 	 0.9207  	 	 16.7218 	 0.0026
[2024/05/14 04:05:26] - 133 		 156.9 	 	 36.3 	 	 0.0100  		 0.0403 	 0.9869 	 	 0.0569  	 0.9808  	 	 10.6130 	 0.0820  	 	 0.2611 	 0.9254  	 	 0.2936 	 0.9162  	 	 15.6607 	 0.0080
[2024/05/14 04:08:40] - 134 		 157.3 	 	 36.2 	 	 0.0100  		 0.0386 	 0.9880 	 	 0.0540  	 0.9816  	 	 10.6257 	 0.0811  	 	 0.2871 	 0.9206  	 	 0.3271 	 0.9118  	 	 16.8460 	 0.0020
[2024/05/14 04:11:53] - 135 		 157.0 	 	 36.2 	 	 0.0100  		 0.0419 	 0.9870 	 	 0.0595  	 0.9798  	 	 10.5944 	 0.0822  	 	 0.2537 	 0.9274  	 	 0.2769 	 0.9200  	 	 16.3781 	 0.0017
[2024/05/14 04:15:07] - 136 		 157.4 	 	 36.4 	 	 0.0100  		 0.0396 	 0.9872 	 	 0.0553  	 0.9815  	 	 10.5602 	 0.0861  	 	 0.2615 	 0.9266  	 	 0.2956 	 0.9173  	 	 15.9302 	 0.0040
[2024/05/14 04:18:21] - 137 		 157.4 	 	 36.4 	 	 0.0100  		 0.0417 	 0.9870 	 	 0.0590  	 0.9803  	 	 10.7039 	 0.0680  	 	 0.2867 	 0.9218  	 	 0.3302 	 0.9100  	 	 16.5768 	 0.0030
[2024/05/14 04:21:34] - 138 		 157.0 	 	 36.4 	 	 0.0100  		 0.0424 	 0.9867 	 	 0.0599  	 0.9802  	 	 10.6015 	 0.0779  	 	 0.2723 	 0.9234  	 	 0.3000 	 0.9162  	 	 16.9695 	 0.0030
[2024/05/14 04:24:48] - 139 		 157.5 	 	 36.3 	 	 0.0100  		 0.0442 	 0.9858 	 	 0.0625  	 0.9789  	 	 10.5930 	 0.0713  	 	 0.2695 	 0.9248  	 	 0.3172 	 0.9155  	 	 15.8432 	 0.0043
[2024/05/14 04:28:02] - 140 		 157.4 	 	 36.3 	 	 0.0100  		 0.0418 	 0.9870 	 	 0.0580  	 0.9800  	 	 10.5953 	 0.0683  	 	 0.2586 	 0.9269  	 	 0.2841 	 0.9201  	 	 15.8700 	 0.0041
[2024/05/14 04:31:15] - 141 		 156.9 	 	 36.2 	 	 0.0100  		 0.0422 	 0.9864 	 	 0.0603  	 0.9798  	 	 10.5293 	 0.0752  	 	 0.2996 	 0.9176  	 	 0.3234 	 0.9103  	 	 15.9770 	 0.0038
[2024/05/14 04:34:28] - 142 		 157.2 	 	 36.5 	 	 0.0100  		 0.0440 	 0.9853 	 	 0.0612  	 0.9794  	 	 10.5754 	 0.0660  	 	 0.2644 	 0.9263  	 	 0.2908 	 0.9166  	 	 16.2059 	 0.0011
[2024/05/14 04:37:42] - 143 		 157.0 	 	 36.6 	 	 0.0100  		 0.0437 	 0.9858 	 	 0.0615  	 0.9788  	 	 10.5477 	 0.0685  	 	 0.2731 	 0.9214  	 	 0.3039 	 0.9127  	 	 16.6414 	 0.0018
[2024/05/14 04:40:55] - 144 		 157.0 	 	 36.3 	 	 0.0100  		 0.0414 	 0.9865 	 	 0.0590  	 0.9800  	 	 10.5091 	 0.0667  	 	 0.2649 	 0.9219  	 	 0.2815 	 0.9171  	 	 15.9452 	 0.0026
[2024/05/14 04:44:10] - 145 		 157.8 	 	 36.4 	 	 0.0100  		 0.0430 	 0.9865 	 	 0.0599  	 0.9806  	 	 10.5665 	 0.0629  	 	 0.2913 	 0.9185  	 	 0.3116 	 0.9134  	 	 16.3629 	 0.0050
[2024/05/14 04:47:23] - 146 		 156.9 	 	 36.3 	 	 0.0100  		 0.0428 	 0.9858 	 	 0.0601  	 0.9802  	 	 10.4296 	 0.0779  	 	 0.2731 	 0.9233  	 	 0.2997 	 0.9166  	 	 16.1773 	 0.0039
[2024/05/14 04:50:37] - 147 		 157.3 	 	 36.6 	 	 0.0100  		 0.0427 	 0.9869 	 	 0.0587  	 0.9809  	 	 10.4734 	 0.0735  	 	 0.2782 	 0.9226  	 	 0.2961 	 0.9164  	 	 16.0503 	 0.0022
[2024/05/14 04:53:50] - 148 		 156.9 	 	 36.4 	 	 0.0100  		 0.0427 	 0.9868 	 	 0.0594  	 0.9804  	 	 10.4454 	 0.0740  	 	 0.2450 	 0.9303  	 	 0.2644 	 0.9223  	 	 15.3656 	 0.0028
[2024/05/14 04:57:04] - 149 		 157.3 	 	 36.3 	 	 0.0010  		 0.0434 	 0.9863 	 	 0.0610  	 0.9804  	 	 10.5073 	 0.0634  	 	 0.2709 	 0.9252  	 	 0.2926 	 0.9183  	 	 15.7678 	 0.0043
[2024/05/14 05:00:17] - 150 		 156.9 	 	 37.1 	 	 0.0010  		 0.0225 	 0.9944 	 	 0.0326  	 0.9906  	 	 10.3309 	 0.0777  	 	 0.2299 	 0.9342  	 	 0.2480 	 0.9324  	 	 15.3606 	 0.0063
[2024/05/14 05:03:31] - 151 		 156.9 	 	 36.2 	 	 0.0010  		 0.0122 	 0.9975 	 	 0.0189  	 0.9949  	 	 10.0647 	 0.1049  	 	 0.2236 	 0.9395  	 	 0.2512 	 0.9312  	 	 15.2127 	 0.0065
[2024/05/14 05:06:44] - 152 		 157.3 	 	 36.2 	 	 0.0010  		 0.0102 	 0.9980 	 	 0.0159  	 0.9959  	 	 9.9462 	 0.1166  	 	 0.2257 	 0.9381  	 	 0.2498 	 0.9306  	 	 14.8746 	 0.0106
[2024/05/14 05:09:57] - 153 		 156.8 	 	 36.3 	 	 0.0010  		 0.0081 	 0.9986 	 	 0.0132  	 0.9968  	 	 9.8776 	 0.1230  	 	 0.2227 	 0.9396  	 	 0.2478 	 0.9327  	 	 14.5672 	 0.0149
[2024/05/14 05:13:11] - 154 		 157.2 	 	 36.3 	 	 0.0010  		 0.0065 	 0.9991 	 	 0.0108  	 0.9977  	 	 9.8342 	 0.1292  	 	 0.2319 	 0.9393  	 	 0.2626 	 0.9321  	 	 14.6569 	 0.0109
[2024/05/14 05:16:24] - 155 		 157.4 	 	 36.3 	 	 0.0010  		 0.0067 	 0.9990 	 	 0.0110  	 0.9976  	 	 9.8104 	 0.1321  	 	 0.2416 	 0.9382  	 	 0.2639 	 0.9325  	 	 14.9961 	 0.0098
[2024/05/14 05:19:38] - 156 		 156.9 	 	 36.3 	 	 0.0010  		 0.0055 	 0.9993 	 	 0.0096  	 0.9980  	 	 9.8079 	 0.1328  	 	 0.2366 	 0.9398  	 	 0.2585 	 0.9338  	 	 14.4433 	 0.0150
[2024/05/14 05:22:52] - 157 		 157.5 	 	 36.5 	 	 0.0010  		 0.0055 	 0.9991 	 	 0.0094  	 0.9980  	 	 9.7907 	 0.1353  	 	 0.2354 	 0.9373  	 	 0.2544 	 0.9349  	 	 14.8033 	 0.0148
[2024/05/14 05:26:06] - 158 		 156.9 	 	 37.5 	 	 0.0010  		 0.0051 	 0.9994 	 	 0.0085  	 0.9981  	 	 9.7614 	 0.1373  	 	 0.2574 	 0.9362  	 	 0.2916 	 0.9279  	 	 13.4838 	 0.0139
[2024/05/14 05:29:19] - 159 		 156.9 	 	 36.4 	 	 0.0010  		 0.0048 	 0.9995 	 	 0.0081  	 0.9985  	 	 9.7519 	 0.1391  	 	 0.2321 	 0.9405  	 	 0.2445 	 0.9367  	 	 14.6950 	 0.0156
[2024/05/14 05:32:33] - 160 		 157.5 	 	 36.5 	 	 0.0010  		 0.0041 	 0.9996 	 	 0.0072  	 0.9985  	 	 9.7412 	 0.1405  	 	 0.2455 	 0.9364  	 	 0.2600 	 0.9325  	 	 14.5239 	 0.0194
[2024/05/14 05:35:47] - 161 		 156.9 	 	 36.3 	 	 0.0010  		 0.0038 	 0.9997 	 	 0.0065  	 0.9989  	 	 9.7455 	 0.1405  	 	 0.2465 	 0.9391  	 	 0.2542 	 0.9365  	 	 14.2616 	 0.0193
[2024/05/14 05:39:00] - 162 		 157.3 	 	 36.6 	 	 0.0010  		 0.0041 	 0.9995 	 	 0.0075  	 0.9984  	 	 9.7282 	 0.1396  	 	 0.2229 	 0.9451  	 	 0.2514 	 0.9377  	 	 14.4601 	 0.0201
[2024/05/14 05:42:18] - 163 		 160.0 	 	 37.5 	 	 0.0010  		 0.0038 	 0.9996 	 	 0.0065  	 0.9988  	 	 9.7143 	 0.1414  	 	 0.2225 	 0.9429  	 	 0.2525 	 0.9361  	 	 13.6975 	 0.0289
[2024/05/14 05:45:32] - 164 		 157.2 	 	 36.5 	 	 0.0010  		 0.0038 	 0.9996 	 	 0.0063  	 0.9989  	 	 9.7123 	 0.1414  	 	 0.2338 	 0.9406  	 	 0.2557 	 0.9341  	 	 14.3115 	 0.0216
[2024/05/14 05:48:45] - 165 		 157.2 	 	 36.5 	 	 0.0010  		 0.0036 	 0.9995 	 	 0.0061  	 0.9989  	 	 9.6796 	 0.1424  	 	 0.2154 	 0.9454  	 	 0.2399 	 0.9394  	 	 13.4691 	 0.0297
[2024/05/14 05:51:59] - 166 		 157.6 	 	 36.4 	 	 0.0010  		 0.0033 	 0.9996 	 	 0.0059  	 0.9988  	 	 9.6617 	 0.1441  	 	 0.2246 	 0.9427  	 	 0.2492 	 0.9360  	 	 13.9463 	 0.0192
[2024/05/14 05:55:12] - 167 		 156.9 	 	 36.4 	 	 0.0010  		 0.0033 	 0.9997 	 	 0.0057  	 0.9989  	 	 9.6446 	 0.1444  	 	 0.2145 	 0.9462  	 	 0.2496 	 0.9384  	 	 14.1941 	 0.0148
[2024/05/14 05:58:26] - 168 		 157.5 	 	 36.5 	 	 0.0010  		 0.0030 	 0.9998 	 	 0.0054  	 0.9992  	 	 9.6497 	 0.1467  	 	 0.2336 	 0.9408  	 	 0.2476 	 0.9362  	 	 14.1428 	 0.0171
[2024/05/14 06:01:40] - 169 		 156.8 	 	 36.8 	 	 0.0010  		 0.0029 	 0.9997 	 	 0.0052  	 0.9990  	 	 9.6272 	 0.1434  	 	 0.2433 	 0.9415  	 	 0.2621 	 0.9355  	 	 14.0706 	 0.0204
[2024/05/14 06:04:53] - 170 		 156.9 	 	 36.4 	 	 0.0010  		 0.0030 	 0.9997 	 	 0.0051  	 0.9991  	 	 9.6191 	 0.1447  	 	 0.2500 	 0.9401  	 	 0.2664 	 0.9347  	 	 13.2673 	 0.0264
[2024/05/14 06:08:07] - 171 		 157.2 	 	 36.4 	 	 0.0010  		 0.0030 	 0.9996 	 	 0.0053  	 0.9989  	 	 9.6162 	 0.1434  	 	 0.2210 	 0.9449  	 	 0.2459 	 0.9384  	 	 13.8106 	 0.0181
[2024/05/14 06:11:20] - 172 		 156.8 	 	 36.4 	 	 0.0010  		 0.0031 	 0.9997 	 	 0.0055  	 0.9990  	 	 9.5990 	 0.1437  	 	 0.2377 	 0.9414  	 	 0.2534 	 0.9376  	 	 14.0262 	 0.0270
[2024/05/14 06:14:34] - 173 		 157.2 	 	 36.2 	 	 0.0010  		 0.0026 	 0.9998 	 	 0.0045  	 0.9993  	 	 9.5599 	 0.1464  	 	 0.2135 	 0.9460  	 	 0.2494 	 0.9383  	 	 13.5585 	 0.0169
[2024/05/14 06:17:47] - 174 		 157.5 	 	 36.3 	 	 0.0010  		 0.0025 	 0.9999 	 	 0.0042  	 0.9993  	 	 9.5721 	 0.1453  	 	 0.2286 	 0.9431  	 	 0.2529 	 0.9385  	 	 13.3961 	 0.0294
[2024/05/14 06:21:01] - 175 		 156.8 	 	 36.4 	 	 0.0010  		 0.0026 	 0.9998 	 	 0.0047  	 0.9993  	 	 9.5458 	 0.1473  	 	 0.2264 	 0.9429  	 	 0.2486 	 0.9387  	 	 13.9786 	 0.0259
[2024/05/14 06:24:14] - 176 		 157.6 	 	 36.2 	 	 0.0010  		 0.0025 	 0.9999 	 	 0.0045  	 0.9994  	 	 9.5788 	 0.1435  	 	 0.2263 	 0.9439  	 	 0.2536 	 0.9387  	 	 14.8658 	 0.0094
[2024/05/14 06:27:29] - 177 		 156.9 	 	 37.3 	 	 0.0010  		 0.0023 	 0.9998 	 	 0.0041  	 0.9994  	 	 9.5483 	 0.1450  	 	 0.2138 	 0.9469  	 	 0.2467 	 0.9367  	 	 13.7656 	 0.0181
[2024/05/14 06:30:42] - 178 		 156.9 	 	 36.3 	 	 0.0010  		 0.0023 	 0.9999 	 	 0.0040  	 0.9994  	 	 9.5386 	 0.1430  	 	 0.2257 	 0.9422  	 	 0.2495 	 0.9380  	 	 13.4871 	 0.0295
[2024/05/14 06:33:55] - 179 		 157.2 	 	 36.2 	 	 0.0010  		 0.0024 	 0.9998 	 	 0.0043  	 0.9994  	 	 9.5369 	 0.1418  	 	 0.2235 	 0.9415  	 	 0.2458 	 0.9370  	 	 13.6939 	 0.0144
[2024/05/14 06:37:10] - 180 		 157.0 	 	 37.5 	 	 0.0010  		 0.0022 	 0.9999 	 	 0.0040  	 0.9994  	 	 9.4916 	 0.1471  	 	 0.2386 	 0.9413  	 	 0.2700 	 0.9345  	 	 14.0245 	 0.0173
[2024/05/14 06:40:23] - 181 		 156.9 	 	 36.4 	 	 0.0010  		 0.0022 	 0.9999 	 	 0.0039  	 0.9994  	 	 9.4494 	 0.1489  	 	 0.2541 	 0.9383  	 	 0.2733 	 0.9330  	 	 14.2000 	 0.0147
[2024/05/14 06:43:36] - 182 		 157.1 	 	 36.3 	 	 0.0010  		 0.0022 	 0.9998 	 	 0.0037  	 0.9995  	 	 9.4619 	 0.1439  	 	 0.2413 	 0.9421  	 	 0.2704 	 0.9327  	 	 13.3541 	 0.0211
[2024/05/14 06:46:50] - 183 		 156.7 	 	 36.5 	 	 0.0010  		 0.0022 	 0.9999 	 	 0.0040  	 0.9994  	 	 9.4793 	 0.1418  	 	 0.2325 	 0.9420  	 	 0.2578 	 0.9368  	 	 13.4789 	 0.0244
[2024/05/14 06:50:03] - 184 		 157.1 	 	 36.3 	 	 0.0010  		 0.0021 	 0.9999 	 	 0.0036  	 0.9995  	 	 9.4693 	 0.1418  	 	 0.2231 	 0.9443  	 	 0.2508 	 0.9370  	 	 12.8306 	 0.0294
[2024/05/14 06:53:16] - 185 		 157.0 	 	 36.3 	 	 0.0010  		 0.0022 	 0.9998 	 	 0.0037  	 0.9994  	 	 9.4489 	 0.1439  	 	 0.2285 	 0.9441  	 	 0.2606 	 0.9374  	 	 13.7155 	 0.0134
[2024/05/14 06:56:29] - 186 		 156.7 	 	 36.5 	 	 0.0010  		 0.0022 	 0.9999 	 	 0.0038  	 0.9995  	 	 9.4235 	 0.1441  	 	 0.2355 	 0.9425  	 	 0.2567 	 0.9370  	 	 13.7170 	 0.0266
[2024/05/14 06:59:43] - 187 		 157.0 	 	 36.3 	 	 0.0010  		 0.0021 	 0.9999 	 	 0.0038  	 0.9995  	 	 9.4212 	 0.1418  	 	 0.2803 	 0.9345  	 	 0.2915 	 0.9318  	 	 13.8184 	 0.0292
[2024/05/14 07:02:56] - 188 		 156.8 	 	 36.7 	 	 0.0010  		 0.0022 	 0.9998 	 	 0.0038  	 0.9994  	 	 9.4240 	 0.1402  	 	 0.2348 	 0.9424  	 	 0.2597 	 0.9352  	 	 13.5378 	 0.0323
[2024/05/14 07:06:09] - 189 		 156.7 	 	 36.3 	 	 0.0010  		 0.0021 	 0.9999 	 	 0.0038  	 0.9994  	 	 9.4165 	 0.1401  	 	 0.2254 	 0.9449  	 	 0.2493 	 0.9384  	 	 12.8183 	 0.0258
[2024/05/14 07:09:23] - 190 		 157.1 	 	 36.3 	 	 0.0010  		 0.0020 	 0.9999 	 	 0.0035  	 0.9996  	 	 9.4335 	 0.1387  	 	 0.2654 	 0.9367  	 	 0.2893 	 0.9315  	 	 13.9040 	 0.0178
[2024/05/14 07:12:36] - 191 		 156.6 	 	 36.7 	 	 0.0010  		 0.0020 	 0.9999 	 	 0.0036  	 0.9995  	 	 9.3949 	 0.1403  	 	 0.2284 	 0.9435  	 	 0.2574 	 0.9362  	 	 12.6820 	 0.0329
[2024/05/14 07:15:50] - 192 		 156.9 	 	 36.8 	 	 0.0010  		 0.0020 	 0.9999 	 	 0.0036  	 0.9994  	 	 9.3932 	 0.1384  	 	 0.2635 	 0.9374  	 	 0.2864 	 0.9315  	 	 13.8605 	 0.0202
[2024/05/14 07:19:04] - 193 		 157.7 	 	 36.9 	 	 0.0010  		 0.0020 	 1.0000 	 	 0.0035  	 0.9996  	 	 9.3612 	 0.1412  	 	 0.2331 	 0.9421  	 	 0.2560 	 0.9363  	 	 13.6628 	 0.0150
[2024/05/14 07:22:19] - 194 		 157.6 	 	 37.1 	 	 0.0010  		 0.0020 	 0.9999 	 	 0.0033  	 0.9996  	 	 9.3478 	 0.1402  	 	 0.2477 	 0.9405  	 	 0.2844 	 0.9322  	 	 12.8243 	 0.0298
[2024/05/14 07:25:34] - 195 		 157.7 	 	 37.0 	 	 0.0010  		 0.0019 	 0.9999 	 	 0.0033  	 0.9996  	 	 9.3179 	 0.1419  	 	 0.2308 	 0.9455  	 	 0.2541 	 0.9404  	 	 13.3196 	 0.0259
[2024/05/14 07:28:48] - 196 		 157.9 	 	 36.7 	 	 0.0010  		 0.0019 	 0.9999 	 	 0.0031  	 0.9996  	 	 9.3318 	 0.1389  	 	 0.2397 	 0.9410  	 	 0.2642 	 0.9361  	 	 13.7958 	 0.0165
[2024/05/14 07:32:02] - 197 		 157.0 	 	 37.2 	 	 0.0010  		 0.0018 	 0.9999 	 	 0.0030  	 0.9996  	 	 9.3324 	 0.1375  	 	 0.2434 	 0.9411  	 	 0.2601 	 0.9379  	 	 13.3170 	 0.0314
[2024/05/14 07:35:16] - 198 		 157.7 	 	 36.3 	 	 0.0010  		 0.0020 	 0.9999 	 	 0.0033  	 0.9996  	 	 9.3324 	 0.1362  	 	 0.2267 	 0.9444  	 	 0.2505 	 0.9395  	 	 13.1254 	 0.0325
[2024/05/14 07:38:31] - 199 		 157.2 	 	 37.2 	 	 0.0010  		 0.0018 	 0.9999 	 	 0.0031  	 0.9997  	 	 9.3426 	 0.1325  	 	 0.2525 	 0.9363  	 	 0.2890 	 0.9279  	 	 13.3608 	 0.0066
[2024/05/14 07:41:45] - 200 		 157.2 	 	 37.2 	 	 0.0010  		 0.0020 	 0.9999 	 	 0.0031  	 0.9997  	 	 9.3078 	 0.1364  	 	 0.2318 	 0.9426  	 	 0.2519 	 0.9379  	 	 13.0920 	 0.0236
