[2024/05/17 21:25:10] - Namespace(att_method='norm_steep', attack_iters=10, batch_size=128, beta=8.0, chkpt_iters=50, dataset='cifar10', epochs=201, epsilon=0.03137254901960784, eq_vol=1, eval_method='sign', lr_chechpoint1=100, lr_chechpoint2=150, lr_max=0.1, lr_schedule='piecewise', manual_step=0, model='PreRes18_standard', momentum=0.9, norm='l_inf', pgd_alpha=2.0, random_init=1, resume=0, seed=1, train_mode='adv_train', weight_decay=0.0005, width_factor=10)
[2024/05/17 21:25:14] - Epoch 	 Train Time 	 Test Time 	 LR 	 	 Train Loss 	 Train Acc 	 Train Adv Loss 	 Train Adv Acc 	 Train Surrogate Loss 	 Train Surrogate Acc 	 Test Loss 	 Test Acc 	 Test Adv Loss 	 Test Adv Acc 	 Test Surrogate Loss 	 Test Surrogate Acc 
[2024/05/17 21:29:26] - 0 		 206.4 	 	 45.2 	 	 0.1000  		 2.0035 	 0.2584 	 	 2.1544  	 0.1967  	 	 2.1569 	 0.1962  	 	 1.7463 	 0.3694  	 	 1.9753 	 0.2661  	 	 1.9795 	 0.2648
[2024/05/17 21:33:32] - 1 		 200.9 	 	 45.2 	 	 0.1000  		 1.7473 	 0.3674 	 	 1.9854  	 0.2544  	 	 1.9902 	 0.2535  	 	 1.6233 	 0.4258  	 	 1.9137 	 0.2801  	 	 1.9200 	 0.2776
[2024/05/17 21:37:37] - 2 		 200.6 	 	 45.1 	 	 0.1000  		 1.6222 	 0.4172 	 	 1.9043  	 0.2830  	 	 1.9103 	 0.2810  	 	 1.5187 	 0.4487  	 	 1.8219 	 0.3162  	 	 1.8283 	 0.3151
[2024/05/17 21:41:43] - 3 		 200.6 	 	 45.1 	 	 0.1000  		 1.5207 	 0.4686 	 	 1.8385  	 0.3079  	 	 1.8456 	 0.3055  	 	 1.3870 	 0.5253  	 	 1.7433 	 0.3388  	 	 1.7516 	 0.3357
[2024/05/17 21:45:49] - 4 		 200.2 	 	 45.6 	 	 0.1000  		 1.4231 	 0.5098 	 	 1.7778  	 0.3297  	 	 1.7863 	 0.3274  	 	 1.3126 	 0.5354  	 	 1.7470 	 0.3415  	 	 1.7585 	 0.3370
[2024/05/17 21:49:55] - 5 		 200.5 	 	 45.3 	 	 0.1000  		 1.3454 	 0.5454 	 	 1.7252  	 0.3489  	 	 1.7350 	 0.3460  	 	 1.3066 	 0.5340  	 	 1.7332 	 0.3495  	 	 1.7442 	 0.3463
[2024/05/17 21:54:01] - 6 		 200.9 	 	 45.2 	 	 0.1000  		 1.2810 	 0.5764 	 	 1.6813  	 0.3669  	 	 1.6922 	 0.3636  	 	 1.2174 	 0.5861  	 	 1.6538 	 0.3755  	 	 1.6658 	 0.3709
[2024/05/17 21:58:07] - 7 		 201.1 	 	 45.4 	 	 0.1000  		 1.2294 	 0.6003 	 	 1.6465  	 0.3804  	 	 1.6584 	 0.3761  	 	 1.1712 	 0.5760  	 	 1.6439 	 0.3760  	 	 1.6573 	 0.3705
[2024/05/17 22:02:14] - 8 		 201.5 	 	 45.3 	 	 0.1000  		 1.1911 	 0.6175 	 	 1.6200  	 0.3884  	 	 1.6328 	 0.3840  	 	 1.0977 	 0.6359  	 	 1.5770 	 0.4003  	 	 1.5910 	 0.3935
[2024/05/17 22:06:20] - 9 		 200.7 	 	 45.7 	 	 0.1000  		 1.1592 	 0.6292 	 	 1.5978  	 0.3950  	 	 1.6112 	 0.3904  	 	 1.0704 	 0.6476  	 	 1.5997 	 0.3926  	 	 1.6166 	 0.3855
[2024/05/17 22:10:26] - 10 		 200.6 	 	 45.1 	 	 0.1000  		 1.1327 	 0.6415 	 	 1.5775  	 0.4035  	 	 1.5915 	 0.3983  	 	 1.0735 	 0.6617  	 	 1.5890 	 0.4088  	 	 1.6045 	 0.4015
[2024/05/17 22:14:32] - 11 		 200.8 	 	 45.3 	 	 0.1000  		 1.1095 	 0.6505 	 	 1.5606  	 0.4103  	 	 1.5750 	 0.4049  	 	 1.0227 	 0.6534  	 	 1.6164 	 0.3875  	 	 1.6366 	 0.3794
[2024/05/17 22:18:38] - 12 		 200.9 	 	 45.2 	 	 0.1000  		 1.0952 	 0.6562 	 	 1.5520  	 0.4149  	 	 1.5670 	 0.4099  	 	 1.0220 	 0.6633  	 	 1.5490 	 0.4196  	 	 1.5641 	 0.4139
[2024/05/17 22:22:44] - 13 		 200.8 	 	 45.2 	 	 0.1000  		 1.0711 	 0.6665 	 	 1.5336  	 0.4228  	 	 1.5489 	 0.4173  	 	 1.0188 	 0.6742  	 	 1.5470 	 0.4120  	 	 1.5632 	 0.4063
[2024/05/17 22:26:50] - 14 		 200.2 	 	 45.7 	 	 0.1000  		 1.0549 	 0.6743 	 	 1.5217  	 0.4238  	 	 1.5375 	 0.4180  	 	 1.0216 	 0.6724  	 	 1.5279 	 0.4253  	 	 1.5434 	 0.4198
[2024/05/17 22:30:56] - 15 		 200.2 	 	 45.1 	 	 0.1000  		 1.0495 	 0.6742 	 	 1.5161  	 0.4267  	 	 1.5321 	 0.4212  	 	 1.0278 	 0.6665  	 	 1.5329 	 0.4289  	 	 1.5485 	 0.4234
[2024/05/17 22:35:02] - 16 		 201.1 	 	 45.1 	 	 0.1000  		 1.0340 	 0.6816 	 	 1.5052  	 0.4308  	 	 1.5215 	 0.4253  	 	 0.9541 	 0.7001  	 	 1.5176 	 0.4285  	 	 1.5355 	 0.4214
[2024/05/17 22:39:08] - 17 		 200.9 	 	 45.1 	 	 0.1000  		 1.0155 	 0.6895 	 	 1.4907  	 0.4363  	 	 1.5074 	 0.4304  	 	 0.9777 	 0.6691  	 	 1.5026 	 0.4347  	 	 1.5177 	 0.4286
[2024/05/17 22:43:13] - 18 		 200.0 	 	 45.1 	 	 0.1000  		 1.0130 	 0.6914 	 	 1.4890  	 0.4381  	 	 1.5058 	 0.4325  	 	 0.9568 	 0.6890  	 	 1.4898 	 0.4329  	 	 1.5061 	 0.4254
[2024/05/17 22:47:19] - 19 		 200.6 	 	 45.1 	 	 0.1000  		 1.0010 	 0.6950 	 	 1.4795  	 0.4403  	 	 1.4966 	 0.4337  	 	 1.0527 	 0.6765  	 	 1.6531 	 0.4051  	 	 1.6714 	 0.3986
[2024/05/17 22:51:25] - 20 		 200.9 	 	 45.3 	 	 0.1000  		 0.9950 	 0.6972 	 	 1.4744  	 0.4410  	 	 1.4916 	 0.4358  	 	 0.9966 	 0.6855  	 	 1.5074 	 0.4372  	 	 1.5223 	 0.4314
[2024/05/17 22:55:31] - 21 		 201.0 	 	 45.2 	 	 0.1000  		 0.9880 	 0.7000 	 	 1.4686  	 0.4475  	 	 1.4859 	 0.4419  	 	 1.0470 	 0.6759  	 	 1.5725 	 0.4167  	 	 1.5886 	 0.4097
[2024/05/17 22:59:37] - 22 		 200.3 	 	 45.9 	 	 0.1000  		 0.9775 	 0.7062 	 	 1.4610  	 0.4487  	 	 1.4786 	 0.4421  	 	 0.9756 	 0.6894  	 	 1.5578 	 0.4225  	 	 1.5755 	 0.4148
[2024/05/17 23:03:42] - 23 		 200.1 	 	 45.0 	 	 0.1000  		 0.9719 	 0.7085 	 	 1.4582  	 0.4489  	 	 1.4760 	 0.4429  	 	 0.8849 	 0.7268  	 	 1.4982 	 0.4363  	 	 1.5196 	 0.4263
[2024/05/17 23:07:48] - 24 		 200.8 	 	 45.3 	 	 0.1000  		 0.9655 	 0.7085 	 	 1.4531  	 0.4498  	 	 1.4712 	 0.4433  	 	 0.9142 	 0.7133  	 	 1.4591 	 0.4485  	 	 1.4769 	 0.4410
[2024/05/17 23:11:55] - 25 		 200.8 	 	 45.4 	 	 0.1000  		 0.9617 	 0.7113 	 	 1.4484  	 0.4506  	 	 1.4666 	 0.4443  	 	 0.9286 	 0.7182  	 	 1.4548 	 0.4550  	 	 1.4714 	 0.4458
[2024/05/17 23:16:01] - 26 		 200.9 	 	 45.3 	 	 0.1000  		 0.9588 	 0.7117 	 	 1.4468  	 0.4528  	 	 1.4651 	 0.4475  	 	 0.9171 	 0.7011  	 	 1.4719 	 0.4469  	 	 1.4910 	 0.4397
[2024/05/17 23:20:07] - 27 		 200.7 	 	 45.2 	 	 0.1000  		 0.9514 	 0.7189 	 	 1.4412  	 0.4566  	 	 1.4596 	 0.4502  	 	 0.8742 	 0.7259  	 	 1.5144 	 0.4309  	 	 1.5376 	 0.4228
[2024/05/17 23:24:12] - 28 		 199.9 	 	 45.1 	 	 0.1000  		 0.9484 	 0.7171 	 	 1.4390  	 0.4544  	 	 1.4574 	 0.4476  	 	 0.8518 	 0.7271  	 	 1.5142 	 0.4242  	 	 1.5384 	 0.4176
[2024/05/17 23:28:18] - 29 		 201.0 	 	 45.1 	 	 0.1000  		 0.9466 	 0.7160 	 	 1.4375  	 0.4578  	 	 1.4562 	 0.4513  	 	 0.8699 	 0.7267  	 	 1.4625 	 0.4492  	 	 1.4835 	 0.4408
[2024/05/17 23:32:24] - 30 		 200.6 	 	 45.1 	 	 0.1000  		 0.9409 	 0.7208 	 	 1.4342  	 0.4556  	 	 1.4529 	 0.4490  	 	 0.8917 	 0.7130  	 	 1.5215 	 0.4405  	 	 1.5435 	 0.4319
[2024/05/17 23:36:29] - 31 		 200.3 	 	 45.1 	 	 0.1000  		 0.9356 	 0.7232 	 	 1.4287  	 0.4616  	 	 1.4474 	 0.4550  	 	 0.8683 	 0.7281  	 	 1.4635 	 0.4485  	 	 1.4832 	 0.4411
[2024/05/17 23:40:35] - 32 		 200.8 	 	 45.1 	 	 0.1000  		 0.9333 	 0.7221 	 	 1.4254  	 0.4615  	 	 1.4443 	 0.4551  	 	 0.9531 	 0.7046  	 	 1.4776 	 0.4545  	 	 1.4940 	 0.4481
[2024/05/17 23:44:41] - 33 		 200.5 	 	 45.2 	 	 0.1000  		 0.9305 	 0.7229 	 	 1.4248  	 0.4598  	 	 1.4436 	 0.4538  	 	 0.8929 	 0.7001  	 	 1.4531 	 0.4518  	 	 1.4707 	 0.4453
[2024/05/17 23:48:47] - 34 		 201.1 	 	 45.3 	 	 0.1000  		 0.9207 	 0.7294 	 	 1.4170  	 0.4650  	 	 1.4360 	 0.4579  	 	 0.8935 	 0.7265  	 	 1.4684 	 0.4432  	 	 1.4891 	 0.4344
[2024/05/17 23:52:52] - 35 		 200.1 	 	 45.0 	 	 0.1000  		 0.9186 	 0.7300 	 	 1.4154  	 0.4628  	 	 1.4345 	 0.4562  	 	 0.9057 	 0.7255  	 	 1.4707 	 0.4478  	 	 1.4886 	 0.4409
[2024/05/17 23:56:58] - 36 		 200.7 	 	 45.2 	 	 0.1000  		 0.9149 	 0.7312 	 	 1.4141  	 0.4651  	 	 1.4334 	 0.4581  	 	 0.9465 	 0.7042  	 	 1.4694 	 0.4491  	 	 1.4857 	 0.4441
[2024/05/18 00:01:04] - 37 		 200.6 	 	 45.3 	 	 0.1000  		 0.9172 	 0.7303 	 	 1.4144  	 0.4641  	 	 1.4336 	 0.4576  	 	 0.8879 	 0.7130  	 	 1.5188 	 0.4392  	 	 1.5408 	 0.4308
[2024/05/18 00:05:09] - 38 		 200.6 	 	 45.2 	 	 0.1000  		 0.9111 	 0.7333 	 	 1.4105  	 0.4639  	 	 1.4299 	 0.4576  	 	 0.8997 	 0.7002  	 	 1.4766 	 0.4450  	 	 1.4959 	 0.4366
[2024/05/18 00:09:15] - 39 		 200.2 	 	 45.5 	 	 0.1000  		 0.9137 	 0.7322 	 	 1.4117  	 0.4663  	 	 1.4310 	 0.4594  	 	 0.8967 	 0.7297  	 	 1.4326 	 0.4584  	 	 1.4499 	 0.4515
[2024/05/18 00:13:21] - 40 		 200.4 	 	 45.1 	 	 0.1000  		 0.9063 	 0.7330 	 	 1.4039  	 0.4683  	 	 1.4234 	 0.4618  	 	 0.8679 	 0.7360  	 	 1.4364 	 0.4588  	 	 1.4555 	 0.4515
[2024/05/18 00:17:27] - 41 		 200.7 	 	 45.1 	 	 0.1000  		 0.9101 	 0.7325 	 	 1.4081  	 0.4665  	 	 1.4276 	 0.4600  	 	 0.9031 	 0.7017  	 	 1.4784 	 0.4485  	 	 1.4969 	 0.4401
[2024/05/18 00:21:33] - 42 		 200.9 	 	 45.1 	 	 0.1000  		 0.9027 	 0.7353 	 	 1.4038  	 0.4677  	 	 1.4235 	 0.4613  	 	 0.9010 	 0.7040  	 	 1.5010 	 0.4385  	 	 1.5207 	 0.4304
[2024/05/18 00:25:38] - 43 		 200.7 	 	 45.0 	 	 0.1000  		 0.9010 	 0.7365 	 	 1.4019  	 0.4661  	 	 1.4216 	 0.4602  	 	 0.9060 	 0.7360  	 	 1.4221 	 0.4664  	 	 1.4382 	 0.4589
[2024/05/18 00:29:44] - 44 		 200.7 	 	 45.2 	 	 0.1000  		 0.8989 	 0.7375 	 	 1.3999  	 0.4668  	 	 1.4195 	 0.4603  	 	 0.8704 	 0.7165  	 	 1.4690 	 0.4480  	 	 1.4920 	 0.4408
[2024/05/18 00:33:50] - 45 		 200.3 	 	 45.0 	 	 0.1000  		 0.8938 	 0.7398 	 	 1.3962  	 0.4687  	 	 1.4162 	 0.4614  	 	 0.8945 	 0.7140  	 	 1.4792 	 0.4477  	 	 1.4985 	 0.4402
[2024/05/18 00:37:55] - 46 		 200.5 	 	 45.1 	 	 0.1000  		 0.8979 	 0.7365 	 	 1.3982  	 0.4688  	 	 1.4180 	 0.4628  	 	 0.8672 	 0.7308  	 	 1.4243 	 0.4630  	 	 1.4426 	 0.4543
[2024/05/18 00:42:01] - 47 		 200.7 	 	 45.2 	 	 0.1000  		 0.8941 	 0.7411 	 	 1.3948  	 0.4705  	 	 1.4148 	 0.4633  	 	 0.9088 	 0.7063  	 	 1.4908 	 0.4397  	 	 1.5108 	 0.4304
[2024/05/18 00:46:07] - 48 		 200.8 	 	 45.3 	 	 0.1000  		 0.8949 	 0.7373 	 	 1.3954  	 0.4693  	 	 1.4153 	 0.4624  	 	 0.9381 	 0.7171  	 	 1.4621 	 0.4571  	 	 1.4786 	 0.4499
[2024/05/18 00:50:13] - 49 		 200.8 	 	 45.3 	 	 0.1000  		 0.8915 	 0.7420 	 	 1.3934  	 0.4721  	 	 1.4133 	 0.4655  	 	 0.8612 	 0.7447  	 	 1.4497 	 0.4619  	 	 1.4702 	 0.4531
[2024/05/18 00:54:18] - 50 		 200.0 	 	 45.3 	 	 0.1000  		 0.8874 	 0.7419 	 	 1.3895  	 0.4741  	 	 1.4095 	 0.4670  	 	 0.8345 	 0.7355  	 	 1.4502 	 0.4523  	 	 1.4720 	 0.4431
[2024/05/18 00:58:24] - 51 		 200.1 	 	 45.1 	 	 0.1000  		 0.8873 	 0.7400 	 	 1.3897  	 0.4719  	 	 1.4099 	 0.4649  	 	 0.8206 	 0.7314  	 	 1.4497 	 0.4564  	 	 1.4725 	 0.4485
[2024/05/18 01:02:30] - 52 		 200.7 	 	 45.2 	 	 0.1000  		 0.8856 	 0.7415 	 	 1.3890  	 0.4750  	 	 1.4090 	 0.4678  	 	 0.8332 	 0.7401  	 	 1.4382 	 0.4585  	 	 1.4609 	 0.4514
[2024/05/18 01:06:35] - 53 		 200.6 	 	 45.1 	 	 0.1000  		 0.8833 	 0.7424 	 	 1.3864  	 0.4729  	 	 1.4067 	 0.4664  	 	 0.8757 	 0.7214  	 	 1.4652 	 0.4425  	 	 1.4854 	 0.4342
[2024/05/18 01:10:42] - 54 		 201.2 	 	 45.1 	 	 0.1000  		 0.8869 	 0.7410 	 	 1.3929  	 0.4708  	 	 1.4132 	 0.4638  	 	 0.8221 	 0.7474  	 	 1.4289 	 0.4655  	 	 1.4517 	 0.4563
[2024/05/18 01:14:48] - 55 		 200.4 	 	 45.5 	 	 0.1000  		 0.8794 	 0.7441 	 	 1.3833  	 0.4750  	 	 1.4037 	 0.4678  	 	 0.8918 	 0.7178  	 	 1.4537 	 0.4604  	 	 1.4725 	 0.4550
[2024/05/18 01:18:53] - 56 		 200.4 	 	 45.0 	 	 0.1000  		 0.8807 	 0.7441 	 	 1.3867  	 0.4748  	 	 1.4070 	 0.4675  	 	 0.8578 	 0.7205  	 	 1.4533 	 0.4485  	 	 1.4747 	 0.4399
[2024/05/18 01:22:59] - 57 		 200.9 	 	 45.3 	 	 0.1000  		 0.8788 	 0.7458 	 	 1.3854  	 0.4758  	 	 1.4056 	 0.4683  	 	 0.8121 	 0.7347  	 	 1.4660 	 0.4549  	 	 1.4914 	 0.4422
[2024/05/18 01:27:05] - 58 		 200.8 	 	 45.3 	 	 0.1000  		 0.8757 	 0.7471 	 	 1.3818  	 0.4784  	 	 1.4022 	 0.4716  	 	 0.7875 	 0.7432  	 	 1.4286 	 0.4637  	 	 1.4528 	 0.4548
[2024/05/18 01:31:11] - 59 		 200.8 	 	 45.1 	 	 0.1000  		 0.8747 	 0.7479 	 	 1.3806  	 0.4773  	 	 1.4010 	 0.4702  	 	 0.8463 	 0.7427  	 	 1.4568 	 0.4532  	 	 1.4788 	 0.4425
[2024/05/18 01:35:17] - 60 		 200.1 	 	 45.8 	 	 0.1000  		 0.8743 	 0.7458 	 	 1.3802  	 0.4777  	 	 1.4005 	 0.4707  	 	 0.8596 	 0.7404  	 	 1.4125 	 0.4723  	 	 1.4304 	 0.4641
[2024/05/18 01:39:22] - 61 		 200.2 	 	 45.0 	 	 0.1000  		 0.8662 	 0.7487 	 	 1.3735  	 0.4799  	 	 1.3938 	 0.4726  	 	 0.8782 	 0.7185  	 	 1.4609 	 0.4482  	 	 1.4800 	 0.4402
[2024/05/18 01:43:28] - 62 		 200.5 	 	 45.0 	 	 0.1000  		 0.8730 	 0.7475 	 	 1.3800  	 0.4757  	 	 1.4005 	 0.4689  	 	 0.8670 	 0.7383  	 	 1.4573 	 0.4565  	 	 1.4772 	 0.4480
[2024/05/18 01:47:34] - 63 		 200.5 	 	 45.2 	 	 0.1000  		 0.8741 	 0.7472 	 	 1.3810  	 0.4743  	 	 1.4014 	 0.4667  	 	 0.8756 	 0.7194  	 	 1.4901 	 0.4471  	 	 1.5110 	 0.4408
[2024/05/18 01:51:40] - 64 		 201.0 	 	 45.1 	 	 0.1000  		 0.8700 	 0.7503 	 	 1.3775  	 0.4762  	 	 1.3981 	 0.4696  	 	 0.8367 	 0.7395  	 	 1.4791 	 0.4461  	 	 1.5025 	 0.4388
[2024/05/18 01:55:46] - 65 		 200.0 	 	 45.7 	 	 0.1000  		 0.8670 	 0.7488 	 	 1.3747  	 0.4773  	 	 1.3953 	 0.4702  	 	 0.8665 	 0.7312  	 	 1.4040 	 0.4758  	 	 1.4216 	 0.4681
[2024/05/18 01:59:51] - 66 		 200.5 	 	 45.1 	 	 0.1000  		 0.8701 	 0.7458 	 	 1.3766  	 0.4765  	 	 1.3971 	 0.4695  	 	 0.8359 	 0.7444  	 	 1.4581 	 0.4576  	 	 1.4802 	 0.4492
[2024/05/18 02:03:57] - 67 		 200.7 	 	 45.1 	 	 0.1000  		 0.8707 	 0.7479 	 	 1.3780  	 0.4761  	 	 1.3985 	 0.4693  	 	 0.8665 	 0.7394  	 	 1.4254 	 0.4699  	 	 1.4435 	 0.4618
[2024/05/18 02:08:03] - 68 		 200.9 	 	 45.2 	 	 0.1000  		 0.8634 	 0.7521 	 	 1.3696  	 0.4795  	 	 1.3902 	 0.4722  	 	 0.8268 	 0.7387  	 	 1.4473 	 0.4540  	 	 1.4710 	 0.4440
[2024/05/18 02:12:09] - 69 		 200.7 	 	 45.2 	 	 0.1000  		 0.8671 	 0.7502 	 	 1.3763  	 0.4767  	 	 1.3971 	 0.4691  	 	 0.9172 	 0.7034  	 	 1.4683 	 0.4514  	 	 1.4851 	 0.4449
[2024/05/18 02:16:15] - 70 		 200.7 	 	 45.0 	 	 0.1000  		 0.8648 	 0.7504 	 	 1.3715  	 0.4777  	 	 1.3921 	 0.4702  	 	 0.8334 	 0.7578  	 	 1.4024 	 0.4773  	 	 1.4223 	 0.4679
[2024/05/18 02:20:20] - 71 		 200.1 	 	 45.1 	 	 0.1000  		 0.8618 	 0.7520 	 	 1.3734  	 0.4799  	 	 1.3941 	 0.4724  	 	 0.8158 	 0.7421  	 	 1.4273 	 0.4736  	 	 1.4500 	 0.4658
[2024/05/18 02:24:26] - 72 		 200.6 	 	 45.2 	 	 0.1000  		 0.8640 	 0.7488 	 	 1.3708  	 0.4797  	 	 1.3914 	 0.4727  	 	 0.8504 	 0.7460  	 	 1.4417 	 0.4646  	 	 1.4618 	 0.4562
[2024/05/18 02:28:31] - 73 		 200.0 	 	 45.1 	 	 0.1000  		 0.8618 	 0.7523 	 	 1.3710  	 0.4804  	 	 1.3916 	 0.4735  	 	 0.8860 	 0.7147  	 	 1.4550 	 0.4607  	 	 1.4745 	 0.4525
[2024/05/18 02:32:37] - 74 		 200.6 	 	 45.1 	 	 0.1000  		 0.8650 	 0.7513 	 	 1.3738  	 0.4768  	 	 1.3945 	 0.4696  	 	 0.9296 	 0.7196  	 	 1.4410 	 0.4679  	 	 1.4562 	 0.4604
[2024/05/18 02:36:42] - 75 		 200.6 	 	 45.1 	 	 0.1000  		 0.8680 	 0.7498 	 	 1.3743  	 0.4766  	 	 1.3950 	 0.4700  	 	 0.7654 	 0.7417  	 	 1.5158 	 0.4435  	 	 1.5456 	 0.4332
[2024/05/18 02:40:48] - 76 		 200.1 	 	 45.2 	 	 0.1000  		 0.8609 	 0.7526 	 	 1.3694  	 0.4766  	 	 1.3901 	 0.4701  	 	 0.8531 	 0.7378  	 	 1.4505 	 0.4642  	 	 1.4702 	 0.4551
[2024/05/18 02:44:53] - 77 		 200.5 	 	 45.2 	 	 0.1000  		 0.8608 	 0.7517 	 	 1.3687  	 0.4797  	 	 1.3894 	 0.4722  	 	 0.8400 	 0.7204  	 	 1.4588 	 0.4504  	 	 1.4811 	 0.4413
[2024/05/18 02:48:59] - 78 		 200.0 	 	 45.1 	 	 0.1000  		 0.8611 	 0.7526 	 	 1.3673  	 0.4807  	 	 1.3879 	 0.4733  	 	 0.8302 	 0.7605  	 	 1.4507 	 0.4542  	 	 1.4750 	 0.4447
[2024/05/18 02:53:04] - 79 		 200.5 	 	 45.3 	 	 0.1000  		 0.8566 	 0.7554 	 	 1.3658  	 0.4799  	 	 1.3867 	 0.4729  	 	 0.8570 	 0.7299  	 	 1.4186 	 0.4696  	 	 1.4377 	 0.4607
[2024/05/18 02:57:10] - 80 		 200.6 	 	 45.1 	 	 0.1000  		 0.8568 	 0.7540 	 	 1.3664  	 0.4791  	 	 1.3874 	 0.4725  	 	 0.8444 	 0.7307  	 	 1.4250 	 0.4668  	 	 1.4460 	 0.4581
[2024/05/18 03:01:16] - 81 		 200.6 	 	 45.3 	 	 0.1000  		 0.8615 	 0.7507 	 	 1.3692  	 0.4811  	 	 1.3900 	 0.4737  	 	 0.8377 	 0.7275  	 	 1.4957 	 0.4442  	 	 1.5209 	 0.4361
[2024/05/18 03:05:22] - 82 		 200.8 	 	 45.2 	 	 0.1000  		 0.8576 	 0.7556 	 	 1.3679  	 0.4833  	 	 1.3888 	 0.4760  	 	 0.8292 	 0.7211  	 	 1.4541 	 0.4575  	 	 1.4759 	 0.4487
[2024/05/18 03:09:27] - 83 		 200.1 	 	 45.1 	 	 0.1000  		 0.8569 	 0.7551 	 	 1.3674  	 0.4784  	 	 1.3884 	 0.4718  	 	 0.8967 	 0.7062  	 	 1.4746 	 0.4361  	 	 1.4949 	 0.4291
[2024/05/18 03:13:33] - 84 		 200.0 	 	 46.3 	 	 0.1000  		 0.8548 	 0.7558 	 	 1.3653  	 0.4806  	 	 1.3863 	 0.4735  	 	 0.8456 	 0.7409  	 	 1.4296 	 0.4609  	 	 1.4502 	 0.4517
[2024/05/18 03:17:38] - 85 		 200.1 	 	 45.0 	 	 0.1000  		 0.8552 	 0.7562 	 	 1.3657  	 0.4823  	 	 1.3868 	 0.4747  	 	 0.8332 	 0.7522  	 	 1.4199 	 0.4636  	 	 1.4410 	 0.4567
[2024/05/18 03:21:44] - 86 		 200.2 	 	 45.4 	 	 0.1000  		 0.8578 	 0.7537 	 	 1.3687  	 0.4802  	 	 1.3896 	 0.4732  	 	 0.8659 	 0.7275  	 	 1.4435 	 0.4572  	 	 1.4651 	 0.4483
[2024/05/18 03:25:49] - 87 		 200.2 	 	 45.0 	 	 0.1000  		 0.8520 	 0.7545 	 	 1.3606  	 0.4841  	 	 1.3817 	 0.4766  	 	 0.8337 	 0.7377  	 	 1.4088 	 0.4747  	 	 1.4285 	 0.4667
[2024/05/18 03:29:55] - 88 		 200.4 	 	 45.2 	 	 0.1000  		 0.8527 	 0.7553 	 	 1.3626  	 0.4829  	 	 1.3836 	 0.4753  	 	 0.8113 	 0.7496  	 	 1.4494 	 0.4607  	 	 1.4732 	 0.4491
[2024/05/18 03:34:01] - 89 		 200.3 	 	 45.4 	 	 0.1000  		 0.8541 	 0.7564 	 	 1.3630  	 0.4805  	 	 1.3839 	 0.4740  	 	 0.8657 	 0.7409  	 	 1.4191 	 0.4717  	 	 1.4370 	 0.4617
[2024/05/18 03:38:06] - 90 		 200.1 	 	 45.1 	 	 0.1000  		 0.8549 	 0.7565 	 	 1.3647  	 0.4810  	 	 1.3856 	 0.4740  	 	 0.8366 	 0.7243  	 	 1.4430 	 0.4658  	 	 1.4641 	 0.4557
[2024/05/18 03:42:11] - 91 		 200.2 	 	 45.1 	 	 0.1000  		 0.8494 	 0.7586 	 	 1.3617  	 0.4816  	 	 1.3828 	 0.4751  	 	 0.8822 	 0.7154  	 	 1.4597 	 0.4682  	 	 1.4790 	 0.4606
[2024/05/18 03:46:18] - 92 		 201.7 	 	 45.2 	 	 0.1000  		 0.8524 	 0.7547 	 	 1.3634  	 0.4805  	 	 1.3844 	 0.4735  	 	 0.8237 	 0.7447  	 	 1.4342 	 0.4593  	 	 1.4561 	 0.4520
[2024/05/18 03:50:24] - 93 		 201.2 	 	 45.2 	 	 0.1000  		 0.8538 	 0.7561 	 	 1.3627  	 0.4818  	 	 1.3837 	 0.4743  	 	 0.7718 	 0.7534  	 	 1.4347 	 0.4671  	 	 1.4610 	 0.4579
[2024/05/18 03:54:30] - 94 		 200.4 	 	 45.2 	 	 0.1000  		 0.8505 	 0.7578 	 	 1.3622  	 0.4837  	 	 1.3834 	 0.4769  	 	 0.8115 	 0.7374  	 	 1.4321 	 0.4629  	 	 1.4553 	 0.4521
[2024/05/18 03:58:35] - 95 		 200.4 	 	 45.0 	 	 0.1000  		 0.8492 	 0.7565 	 	 1.3572  	 0.4837  	 	 1.3782 	 0.4770  	 	 0.8632 	 0.7406  	 	 1.4292 	 0.4677  	 	 1.4478 	 0.4596
[2024/05/18 04:02:41] - 96 		 200.5 	 	 45.2 	 	 0.1000  		 0.8535 	 0.7529 	 	 1.3624  	 0.4820  	 	 1.3835 	 0.4754  	 	 0.8743 	 0.7268  	 	 1.4850 	 0.4580  	 	 1.5081 	 0.4480
[2024/05/18 04:06:46] - 97 		 200.3 	 	 45.0 	 	 0.1000  		 0.8521 	 0.7566 	 	 1.3629  	 0.4820  	 	 1.3840 	 0.4742  	 	 0.8535 	 0.7431  	 	 1.4065 	 0.4668  	 	 1.4248 	 0.4610
[2024/05/18 04:10:52] - 98 		 200.2 	 	 45.1 	 	 0.1000  		 0.8470 	 0.7587 	 	 1.3585  	 0.4834  	 	 1.3798 	 0.4761  	 	 0.7996 	 0.7498  	 	 1.4389 	 0.4597  	 	 1.4627 	 0.4523
[2024/05/18 04:14:58] - 99 		 201.0 	 	 45.3 	 	 0.0100  		 0.8474 	 0.7562 	 	 1.3586  	 0.4828  	 	 1.3798 	 0.4755  	 	 0.8066 	 0.7507  	 	 1.4157 	 0.4672  	 	 1.4374 	 0.4588
[2024/05/18 04:19:03] - 100 		 200.2 	 	 45.1 	 	 0.0100  		 0.6941 	 0.8183 	 	 1.1697  	 0.5531  	 	 1.1904 	 0.5458  	 	 0.6344 	 0.8148  	 	 1.2757 	 0.5166  	 	 1.3020 	 0.5063
[2024/05/18 04:23:11] - 101 		 202.6 	 	 45.3 	 	 0.0100  		 0.6126 	 0.8402 	 	 1.1010  	 0.5727  	 	 1.1237 	 0.5639  	 	 0.6452 	 0.8062  	 	 1.2460 	 0.5291  	 	 1.2704 	 0.5205
[2024/05/18 04:27:17] - 102 		 200.8 	 	 45.2 	 	 0.0100  		 0.5872 	 0.8483 	 	 1.0759  	 0.5810  	 	 1.0994 	 0.5722  	 	 0.6203 	 0.8004  	 	 1.3696 	 0.5051  	 	 1.4035 	 0.4949
[2024/05/18 04:31:23] - 103 		 200.3 	 	 45.7 	 	 0.0100  		 0.5635 	 0.8559 	 	 1.0525  	 0.5887  	 	 1.0766 	 0.5794  	 	 0.6661 	 0.7961  	 	 1.2914 	 0.5185  	 	 1.3157 	 0.5092
[2024/05/18 04:35:29] - 104 		 200.2 	 	 45.1 	 	 0.0100  		 0.5481 	 0.8591 	 	 1.0333  	 0.5945  	 	 1.0578 	 0.5856  	 	 0.6431 	 0.8058  	 	 1.2713 	 0.5292  	 	 1.2958 	 0.5197
[2024/05/18 04:39:34] - 105 		 200.4 	 	 45.1 	 	 0.0100  		 0.5343 	 0.8642 	 	 1.0210  	 0.6006  	 	 1.0459 	 0.5914  	 	 0.5980 	 0.8226  	 	 1.2587 	 0.5315  	 	 1.2865 	 0.5210
[2024/05/18 04:43:40] - 106 		 200.9 	 	 45.1 	 	 0.0100  		 0.5248 	 0.8667 	 	 1.0132  	 0.6025  	 	 1.0387 	 0.5928  	 	 0.5720 	 0.8312  	 	 1.2829 	 0.5226  	 	 1.3149 	 0.5106
[2024/05/18 04:47:47] - 107 		 201.0 	 	 46.0 	 	 0.0100  		 0.5114 	 0.8723 	 	 0.9967  	 0.6079  	 	 1.0228 	 0.5981  	 	 0.5679 	 0.8284  	 	 1.3016 	 0.5190  	 	 1.3351 	 0.5091
[2024/05/18 04:51:53] - 108 		 200.3 	 	 45.7 	 	 0.0100  		 0.5032 	 0.8755 	 	 0.9873  	 0.6079  	 	 1.0136 	 0.5970  	 	 0.5792 	 0.8285  	 	 1.2714 	 0.5255  	 	 1.3020 	 0.5154
[2024/05/18 04:55:59] - 109 		 200.5 	 	 45.1 	 	 0.0100  		 0.4934 	 0.8771 	 	 0.9777  	 0.6130  	 	 1.0043 	 0.6021  	 	 0.5987 	 0.8229  	 	 1.3234 	 0.5142  	 	 1.3551 	 0.5040
[2024/05/18 05:00:05] - 110 		 201.1 	 	 45.2 	 	 0.0100  		 0.4848 	 0.8806 	 	 0.9694  	 0.6158  	 	 0.9963 	 0.6050  	 	 0.5744 	 0.8259  	 	 1.2664 	 0.5303  	 	 1.2983 	 0.5197
[2024/05/18 05:04:12] - 111 		 201.8 	 	 45.3 	 	 0.0100  		 0.4759 	 0.8831 	 	 0.9614  	 0.6161  	 	 0.9888 	 0.6059  	 	 0.5770 	 0.8242  	 	 1.3228 	 0.5181  	 	 1.3568 	 0.5064
[2024/05/18 05:08:20] - 112 		 200.6 	 	 47.5 	 	 0.0100  		 0.4682 	 0.8851 	 	 0.9504  	 0.6211  	 	 0.9781 	 0.6107  	 	 0.5815 	 0.8249  	 	 1.3061 	 0.5198  	 	 1.3384 	 0.5089
[2024/05/18 05:12:26] - 113 		 201.0 	 	 45.2 	 	 0.0100  		 0.4604 	 0.8885 	 	 0.9456  	 0.6224  	 	 0.9738 	 0.6108  	 	 0.5450 	 0.8322  	 	 1.3616 	 0.5103  	 	 1.4040 	 0.4963
[2024/05/18 05:16:33] - 114 		 201.0 	 	 45.2 	 	 0.0100  		 0.4568 	 0.8891 	 	 0.9407  	 0.6241  	 	 0.9689 	 0.6125  	 	 0.5651 	 0.8290  	 	 1.3138 	 0.5186  	 	 1.3494 	 0.5074
[2024/05/18 05:20:38] - 115 		 200.2 	 	 45.5 	 	 0.0100  		 0.4519 	 0.8917 	 	 0.9355  	 0.6247  	 	 0.9640 	 0.6139  	 	 0.5699 	 0.8350  	 	 1.3314 	 0.5129  	 	 1.3671 	 0.5010
[2024/05/18 05:24:44] - 116 		 200.2 	 	 45.2 	 	 0.0100  		 0.4447 	 0.8942 	 	 0.9288  	 0.6265  	 	 0.9575 	 0.6148  	 	 0.5564 	 0.8336  	 	 1.3366 	 0.5155  	 	 1.3754 	 0.5038
[2024/05/18 05:28:50] - 117 		 201.0 	 	 45.4 	 	 0.0100  		 0.4383 	 0.8967 	 	 0.9217  	 0.6279  	 	 0.9508 	 0.6172  	 	 0.5793 	 0.8226  	 	 1.3432 	 0.5153  	 	 1.3792 	 0.5010
[2024/05/18 05:32:56] - 118 		 200.8 	 	 45.2 	 	 0.0100  		 0.4325 	 0.8983 	 	 0.9145  	 0.6303  	 	 0.9439 	 0.6192  	 	 0.5945 	 0.8162  	 	 1.3629 	 0.5087  	 	 1.3982 	 0.4960
[2024/05/18 05:37:03] - 119 		 201.1 	 	 45.4 	 	 0.0100  		 0.4307 	 0.8982 	 	 0.9130  	 0.6337  	 	 0.9422 	 0.6222  	 	 0.5745 	 0.8261  	 	 1.3386 	 0.5167  	 	 1.3758 	 0.5038
[2024/05/18 05:41:09] - 120 		 200.0 	 	 45.9 	 	 0.0100  		 0.4252 	 0.9009 	 	 0.9055  	 0.6351  	 	 0.9354 	 0.6233  	 	 0.5645 	 0.8221  	 	 1.3625 	 0.5064  	 	 1.4011 	 0.4953
[2024/05/18 05:45:14] - 121 		 200.6 	 	 45.1 	 	 0.0100  		 0.4208 	 0.9009 	 	 0.9037  	 0.6353  	 	 0.9338 	 0.6236  	 	 0.5797 	 0.8265  	 	 1.3876 	 0.4983  	 	 1.4274 	 0.4860
[2024/05/18 05:49:20] - 122 		 200.8 	 	 45.2 	 	 0.0100  		 0.4170 	 0.9022 	 	 0.9025  	 0.6345  	 	 0.9329 	 0.6223  	 	 0.5732 	 0.8264  	 	 1.3789 	 0.5063  	 	 1.4184 	 0.4921
[2024/05/18 05:53:26] - 123 		 200.7 	 	 45.1 	 	 0.0100  		 0.4148 	 0.9053 	 	 0.8990  	 0.6334  	 	 0.9293 	 0.6223  	 	 0.5986 	 0.8169  	 	 1.3501 	 0.5168  	 	 1.3842 	 0.5064
[2024/05/18 05:57:32] - 124 		 200.9 	 	 45.2 	 	 0.0100  		 0.4087 	 0.9056 	 	 0.8921  	 0.6367  	 	 0.9227 	 0.6244  	 	 0.6020 	 0.8194  	 	 1.3547 	 0.5138  	 	 1.3889 	 0.5041
[2024/05/18 06:01:38] - 125 		 200.1 	 	 46.0 	 	 0.0100  		 0.4030 	 0.9087 	 	 0.8873  	 0.6404  	 	 0.9184 	 0.6281  	 	 0.6312 	 0.8099  	 	 1.3458 	 0.5150  	 	 1.3775 	 0.5042
[2024/05/18 06:05:44] - 126 		 200.4 	 	 45.2 	 	 0.0100  		 0.4005 	 0.9095 	 	 0.8834  	 0.6403  	 	 0.9144 	 0.6267  	 	 0.5726 	 0.8171  	 	 1.4478 	 0.4961  	 	 1.4911 	 0.4841
[2024/05/18 06:09:50] - 127 		 201.1 	 	 45.2 	 	 0.0100  		 0.4000 	 0.9109 	 	 0.8832  	 0.6390  	 	 0.9142 	 0.6267  	 	 0.5786 	 0.8269  	 	 1.3575 	 0.5141  	 	 1.3944 	 0.5019
[2024/05/18 06:13:56] - 128 		 200.9 	 	 45.2 	 	 0.0100  		 0.3922 	 0.9129 	 	 0.8740  	 0.6431  	 	 0.9053 	 0.6300  	 	 0.5678 	 0.8303  	 	 1.3737 	 0.5060  	 	 1.4135 	 0.4958
[2024/05/18 06:18:02] - 129 		 200.8 	 	 45.2 	 	 0.0100  		 0.3884 	 0.9127 	 	 0.8695  	 0.6431  	 	 0.9010 	 0.6299  	 	 0.5677 	 0.8211  	 	 1.4664 	 0.4906  	 	 1.5126 	 0.4757
[2024/05/18 06:22:08] - 130 		 200.3 	 	 45.7 	 	 0.0100  		 0.3873 	 0.9146 	 	 0.8680  	 0.6453  	 	 0.8995 	 0.6327  	 	 0.5418 	 0.8375  	 	 1.4035 	 0.5040  	 	 1.4492 	 0.4921
[2024/05/18 06:26:14] - 131 		 200.1 	 	 45.2 	 	 0.0100  		 0.3806 	 0.9168 	 	 0.8624  	 0.6468  	 	 0.8942 	 0.6334  	 	 0.5614 	 0.8292  	 	 1.4170 	 0.5005  	 	 1.4596 	 0.4885
[2024/05/18 06:30:20] - 132 		 201.3 	 	 45.2 	 	 0.0100  		 0.3800 	 0.9163 	 	 0.8649  	 0.6456  	 	 0.8969 	 0.6325  	 	 0.5626 	 0.8276  	 	 1.4253 	 0.5086  	 	 1.4685 	 0.4955
[2024/05/18 06:34:26] - 133 		 200.3 	 	 45.1 	 	 0.0100  		 0.3773 	 0.9172 	 	 0.8604  	 0.6461  	 	 0.8924 	 0.6334  	 	 0.5292 	 0.8420  	 	 1.4128 	 0.5012  	 	 1.4586 	 0.4866
[2024/05/18 06:38:32] - 134 		 201.2 	 	 45.4 	 	 0.0100  		 0.3726 	 0.9196 	 	 0.8541  	 0.6498  	 	 0.8865 	 0.6370  	 	 0.5618 	 0.8255  	 	 1.4870 	 0.4898  	 	 1.5341 	 0.4789
[2024/05/18 06:42:38] - 135 		 200.8 	 	 45.2 	 	 0.0100  		 0.3727 	 0.9192 	 	 0.8534  	 0.6487  	 	 0.8855 	 0.6348  	 	 0.5373 	 0.8267  	 	 1.5116 	 0.4929  	 	 1.5633 	 0.4795
[2024/05/18 06:46:45] - 136 		 201.8 	 	 45.2 	 	 0.0100  		 0.3637 	 0.9208 	 	 0.8447  	 0.6521  	 	 0.8771 	 0.6386  	 	 0.5743 	 0.8248  	 	 1.4210 	 0.5004  	 	 1.4634 	 0.4873
[2024/05/18 06:50:52] - 137 		 200.9 	 	 46.4 	 	 0.0100  		 0.3632 	 0.9225 	 	 0.8425  	 0.6529  	 	 0.8751 	 0.6392  	 	 0.5450 	 0.8320  	 	 1.4754 	 0.5025  	 	 1.5245 	 0.4892
[2024/05/18 06:54:59] - 138 		 201.4 	 	 45.3 	 	 0.0100  		 0.3594 	 0.9231 	 	 0.8355  	 0.6552  	 	 0.8683 	 0.6418  	 	 0.5856 	 0.8214  	 	 1.3945 	 0.5079  	 	 1.4343 	 0.4961
[2024/05/18 06:59:05] - 139 		 200.8 	 	 45.3 	 	 0.0100  		 0.3556 	 0.9243 	 	 0.8341  	 0.6555  	 	 0.8670 	 0.6420  	 	 0.5828 	 0.8247  	 	 1.4769 	 0.4858  	 	 1.5208 	 0.4733
[2024/05/18 07:03:11] - 140 		 200.4 	 	 45.6 	 	 0.0100  		 0.3535 	 0.9244 	 	 0.8316  	 0.6573  	 	 0.8646 	 0.6437  	 	 0.5968 	 0.8122  	 	 1.4485 	 0.4999  	 	 1.4895 	 0.4872
[2024/05/18 07:07:18] - 141 		 201.4 	 	 45.2 	 	 0.0100  		 0.3516 	 0.9262 	 	 0.8308  	 0.6580  	 	 0.8638 	 0.6439  	 	 0.5707 	 0.8211  	 	 1.4695 	 0.4940  	 	 1.5156 	 0.4802
[2024/05/18 07:11:25] - 142 		 201.6 	 	 45.3 	 	 0.0100  		 0.3483 	 0.9267 	 	 0.8237  	 0.6621  	 	 0.8565 	 0.6480  	 	 0.5506 	 0.8208  	 	 1.5728 	 0.4842  	 	 1.6269 	 0.4717
[2024/05/18 07:15:31] - 143 		 200.8 	 	 46.0 	 	 0.0100  		 0.3412 	 0.9276 	 	 0.8151  	 0.6627  	 	 0.8482 	 0.6489  	 	 0.5500 	 0.8311  	 	 1.6007 	 0.4720  	 	 1.6561 	 0.4578
[2024/05/18 07:19:37] - 144 		 201.0 	 	 45.2 	 	 0.0100  		 0.3438 	 0.9285 	 	 0.8216  	 0.6593  	 	 0.8550 	 0.6455  	 	 0.5670 	 0.8242  	 	 1.4810 	 0.4946  	 	 1.5270 	 0.4801
[2024/05/18 07:23:44] - 145 		 201.5 	 	 45.2 	 	 0.0100  		 0.3423 	 0.9289 	 	 0.8183  	 0.6610  	 	 0.8516 	 0.6470  	 	 0.5700 	 0.8221  	 	 1.4869 	 0.4918  	 	 1.5327 	 0.4786
[2024/05/18 07:27:50] - 146 		 200.9 	 	 45.1 	 	 0.0100  		 0.3356 	 0.9311 	 	 0.8093  	 0.6609  	 	 0.8426 	 0.6479  	 	 0.5507 	 0.8349  	 	 1.4668 	 0.4998  	 	 1.5151 	 0.4880
[2024/05/18 07:31:56] - 147 		 200.8 	 	 45.1 	 	 0.0100  		 0.3331 	 0.9325 	 	 0.8070  	 0.6649  	 	 0.8404 	 0.6508  	 	 0.5708 	 0.8213  	 	 1.5544 	 0.4817  	 	 1.6052 	 0.4695
[2024/05/18 07:36:02] - 148 		 200.8 	 	 45.2 	 	 0.0100  		 0.3281 	 0.9332 	 	 0.8022  	 0.6638  	 	 0.8359 	 0.6500  	 	 0.5822 	 0.8096  	 	 1.5287 	 0.4888  	 	 1.5766 	 0.4772
[2024/05/18 07:40:08] - 149 		 201.2 	 	 45.3 	 	 0.0010  		 0.3260 	 0.9342 	 	 0.7970  	 0.6670  	 	 0.8306 	 0.6535  	 	 0.5543 	 0.8273  	 	 1.5360 	 0.4854  	 	 1.5866 	 0.4740
[2024/05/18 07:44:14] - 150 		 200.6 	 	 45.5 	 	 0.0010  		 0.2708 	 0.9514 	 	 0.6678  	 0.7239  	 	 0.6969 	 0.7093  	 	 0.5069 	 0.8413  	 	 1.5133 	 0.5025  	 	 1.5673 	 0.4878
[2024/05/18 07:48:20] - 151 		 200.7 	 	 45.2 	 	 0.0010  		 0.2385 	 0.9574 	 	 0.6140  	 0.7427  	 	 0.6433 	 0.7287  	 	 0.4984 	 0.8445  	 	 1.5467 	 0.4999  	 	 1.6033 	 0.4853
[2024/05/18 07:52:28] - 152 		 201.3 	 	 46.5 	 	 0.0010  		 0.2238 	 0.9604 	 	 0.5917  	 0.7498  	 	 0.6215 	 0.7345  	 	 0.5091 	 0.8361  	 	 1.5699 	 0.4989  	 	 1.6280 	 0.4840
[2024/05/18 07:56:37] - 153 		 203.6 	 	 45.4 	 	 0.0010  		 0.2143 	 0.9633 	 	 0.5765  	 0.7545  	 	 0.6064 	 0.7402  	 	 0.4994 	 0.8419  	 	 1.6838 	 0.4878  	 	 1.7526 	 0.4728
[2024/05/18 08:00:43] - 154 		 201.0 	 	 45.3 	 	 0.0010  		 0.2081 	 0.9642 	 	 0.5649  	 0.7608  	 	 0.5949 	 0.7451  	 	 0.4897 	 0.8428  	 	 1.6887 	 0.4918  	 	 1.7568 	 0.4766
[2024/05/18 08:04:49] - 155 		 200.4 	 	 45.1 	 	 0.0010  		 0.2017 	 0.9652 	 	 0.5541  	 0.7613  	 	 0.5842 	 0.7460  	 	 0.4901 	 0.8429  	 	 1.7193 	 0.4957  	 	 1.7899 	 0.4816
[2024/05/18 08:08:55] - 156 		 200.9 	 	 45.2 	 	 0.0010  		 0.1972 	 0.9661 	 	 0.5452  	 0.7659  	 	 0.5753 	 0.7507  	 	 0.4924 	 0.8486  	 	 1.7075 	 0.4833  	 	 1.7779 	 0.4673
[2024/05/18 08:13:01] - 157 		 201.0 	 	 45.3 	 	 0.0010  		 0.1920 	 0.9660 	 	 0.5375  	 0.7693  	 	 0.5681 	 0.7537  	 	 0.4778 	 0.8504  	 	 1.7264 	 0.4853  	 	 1.8003 	 0.4707
[2024/05/18 08:17:07] - 158 		 200.8 	 	 45.3 	 	 0.0010  		 0.1895 	 0.9685 	 	 0.5327  	 0.7718  	 	 0.5631 	 0.7569  	 	 0.4942 	 0.8456  	 	 1.6541 	 0.4900  	 	 1.7202 	 0.4755
[2024/05/18 08:21:13] - 159 		 200.8 	 	 45.1 	 	 0.0010  		 0.1849 	 0.9687 	 	 0.5255  	 0.7730  	 	 0.5561 	 0.7577  	 	 0.5119 	 0.8361  	 	 1.7153 	 0.4868  	 	 1.7825 	 0.4729
[2024/05/18 08:25:19] - 160 		 200.1 	 	 45.8 	 	 0.0010  		 0.1815 	 0.9697 	 	 0.5208  	 0.7774  	 	 0.5515 	 0.7616  	 	 0.5014 	 0.8414  	 	 1.6413 	 0.4982  	 	 1.7052 	 0.4844
[2024/05/18 08:29:25] - 161 		 200.4 	 	 45.2 	 	 0.0010  		 0.1784 	 0.9701 	 	 0.5145  	 0.7782  	 	 0.5452 	 0.7629  	 	 0.5118 	 0.8344  	 	 1.6795 	 0.5002  	 	 1.7441 	 0.4837
[2024/05/18 08:33:31] - 162 		 200.9 	 	 45.2 	 	 0.0010  		 0.1740 	 0.9725 	 	 0.5078  	 0.7784  	 	 0.5383 	 0.7637  	 	 0.4981 	 0.8417  	 	 1.7215 	 0.4917  	 	 1.7927 	 0.4761
[2024/05/18 08:37:37] - 163 		 200.9 	 	 45.3 	 	 0.0010  		 0.1720 	 0.9722 	 	 0.5020  	 0.7838  	 	 0.5325 	 0.7686  	 	 0.4823 	 0.8478  	 	 1.6874 	 0.4919  	 	 1.7582 	 0.4747
[2024/05/18 08:41:43] - 164 		 200.6 	 	 45.3 	 	 0.0010  		 0.1679 	 0.9726 	 	 0.4990  	 0.7818  	 	 0.5300 	 0.7663  	 	 0.4999 	 0.8424  	 	 1.8081 	 0.4801  	 	 1.8847 	 0.4658
[2024/05/18 08:45:49] - 165 		 200.1 	 	 45.7 	 	 0.0010  		 0.1647 	 0.9735 	 	 0.4919  	 0.7856  	 	 0.5229 	 0.7702  	 	 0.4969 	 0.8422  	 	 1.7450 	 0.4847  	 	 1.8172 	 0.4691
[2024/05/18 08:49:54] - 166 		 200.4 	 	 45.1 	 	 0.0010  		 0.1616 	 0.9751 	 	 0.4856  	 0.7895  	 	 0.5164 	 0.7747  	 	 0.5034 	 0.8376  	 	 1.6747 	 0.4957  	 	 1.7417 	 0.4806
[2024/05/18 08:54:01] - 167 		 201.2 	 	 45.2 	 	 0.0010  		 0.1602 	 0.9741 	 	 0.4840  	 0.7877  	 	 0.5148 	 0.7739  	 	 0.4970 	 0.8439  	 	 1.8557 	 0.4765  	 	 1.9364 	 0.4609
[2024/05/18 08:58:07] - 168 		 201.3 	 	 45.2 	 	 0.0010  		 0.1568 	 0.9758 	 	 0.4791  	 0.7923  	 	 0.5103 	 0.7765  	 	 0.4945 	 0.8447  	 	 1.7545 	 0.4864  	 	 1.8279 	 0.4715
[2024/05/18 09:02:13] - 169 		 200.9 	 	 45.2 	 	 0.0010  		 0.1544 	 0.9758 	 	 0.4738  	 0.7933  	 	 0.5049 	 0.7776  	 	 0.4985 	 0.8445  	 	 1.7931 	 0.4886  	 	 1.8683 	 0.4730
[2024/05/18 09:06:20] - 170 		 200.2 	 	 46.0 	 	 0.0010  		 0.1528 	 0.9760 	 	 0.4747  	 0.7935  	 	 0.5065 	 0.7769  	 	 0.5283 	 0.8353  	 	 1.8617 	 0.4668  	 	 1.9378 	 0.4526
[2024/05/18 09:10:25] - 171 		 200.2 	 	 45.2 	 	 0.0010  		 0.1493 	 0.9773 	 	 0.4672  	 0.7962  	 	 0.4987 	 0.7808  	 	 0.4975 	 0.8414  	 	 1.7644 	 0.4916  	 	 1.8394 	 0.4763
[2024/05/18 09:14:32] - 172 		 201.5 	 	 45.2 	 	 0.0010  		 0.1473 	 0.9783 	 	 0.4632  	 0.7973  	 	 0.4949 	 0.7814  	 	 0.4914 	 0.8479  	 	 1.8633 	 0.4741  	 	 1.9450 	 0.4572
[2024/05/18 09:18:38] - 173 		 201.0 	 	 45.1 	 	 0.0010  		 0.1458 	 0.9784 	 	 0.4596  	 0.7994  	 	 0.4909 	 0.7820  	 	 0.5273 	 0.8378  	 	 1.8379 	 0.4699  	 	 1.9140 	 0.4551
[2024/05/18 09:22:44] - 174 		 200.9 	 	 45.1 	 	 0.0010  		 0.1435 	 0.9783 	 	 0.4564  	 0.8023  	 	 0.4878 	 0.7861  	 	 0.5030 	 0.8409  	 	 1.8553 	 0.4816  	 	 1.9358 	 0.4667
[2024/05/18 09:26:50] - 175 		 200.3 	 	 45.9 	 	 0.0010  		 0.1419 	 0.9782 	 	 0.4550  	 0.8030  	 	 0.4867 	 0.7868  	 	 0.5022 	 0.8447  	 	 1.9263 	 0.4702  	 	 2.0102 	 0.4556
[2024/05/18 09:30:56] - 176 		 201.0 	 	 45.2 	 	 0.0010  		 0.1389 	 0.9793 	 	 0.4497  	 0.8037  	 	 0.4814 	 0.7877  	 	 0.5214 	 0.8392  	 	 2.1725 	 0.4519  	 	 2.2714 	 0.4363
[2024/05/18 09:35:03] - 177 		 201.7 	 	 45.5 	 	 0.0010  		 0.1369 	 0.9798 	 	 0.4433  	 0.8061  	 	 0.4746 	 0.7898  	 	 0.4953 	 0.8458  	 	 1.9074 	 0.4719  	 	 1.9917 	 0.4557
[2024/05/18 09:39:10] - 178 		 201.4 	 	 45.4 	 	 0.0010  		 0.1351 	 0.9798 	 	 0.4419  	 0.8088  	 	 0.4738 	 0.7922  	 	 0.5093 	 0.8355  	 	 1.8894 	 0.4805  	 	 1.9683 	 0.4665
[2024/05/18 09:43:17] - 179 		 201.8 	 	 45.3 	 	 0.0010  		 0.1338 	 0.9803 	 	 0.4401  	 0.8074  	 	 0.4720 	 0.7913  	 	 0.5087 	 0.8386  	 	 1.8178 	 0.4853  	 	 1.8953 	 0.4681
[2024/05/18 09:47:24] - 180 		 201.5 	 	 45.4 	 	 0.0010  		 0.1316 	 0.9807 	 	 0.4352  	 0.8101  	 	 0.4672 	 0.7939  	 	 0.5096 	 0.8421  	 	 1.9599 	 0.4693  	 	 2.0469 	 0.4555
[2024/05/18 09:51:30] - 181 		 200.7 	 	 45.4 	 	 0.0010  		 0.1292 	 0.9812 	 	 0.4302  	 0.8114  	 	 0.4619 	 0.7951  	 	 0.4995 	 0.8427  	 	 1.9980 	 0.4679  	 	 2.0883 	 0.4537
[2024/05/18 09:55:37] - 182 		 201.4 	 	 45.4 	 	 0.0010  		 0.1276 	 0.9813 	 	 0.4283  	 0.8133  	 	 0.4599 	 0.7971  	 	 0.4947 	 0.8456  	 	 1.9183 	 0.4700  	 	 2.0031 	 0.4521
[2024/05/18 09:59:44] - 183 		 201.7 	 	 45.4 	 	 0.0010  		 0.1256 	 0.9824 	 	 0.4272  	 0.8139  	 	 0.4594 	 0.7979  	 	 0.5124 	 0.8345  	 	 1.8545 	 0.4823  	 	 1.9335 	 0.4686
[2024/05/18 10:03:51] - 184 		 201.8 	 	 45.4 	 	 0.0010  		 0.1241 	 0.9824 	 	 0.4240  	 0.8145  	 	 0.4566 	 0.7977  	 	 0.5000 	 0.8419  	 	 1.9122 	 0.4757  	 	 1.9963 	 0.4619
[2024/05/18 10:07:58] - 185 		 201.3 	 	 45.5 	 	 0.0010  		 0.1227 	 0.9823 	 	 0.4224  	 0.8155  	 	 0.4547 	 0.7994  	 	 0.5132 	 0.8347  	 	 1.8916 	 0.4746  	 	 1.9711 	 0.4592
[2024/05/18 10:12:05] - 186 		 200.9 	 	 45.9 	 	 0.0010  		 0.1195 	 0.9830 	 	 0.4145  	 0.8184  	 	 0.4461 	 0.8021  	 	 0.5077 	 0.8424  	 	 2.0163 	 0.4732  	 	 2.1074 	 0.4539
